[2024-09-22T23:26:24.167+0000] {processor.py:186} INFO - Started process (PID=100) to work on /home/airflow/.local/lib/python3.12/site-packages/airflow/example_dags/example_external_task_marker_dag.py
[2024-09-22T23:26:24.168+0000] {processor.py:914} INFO - Processing file /home/airflow/.local/lib/python3.12/site-packages/airflow/example_dags/example_external_task_marker_dag.py for tasks to queue
[2024-09-22T23:26:24.174+0000] {logging_mixin.py:190} INFO - [2024-09-22T23:26:24.173+0000] {dagbag.py:587} INFO - Filling up the DagBag from /home/airflow/.local/lib/python3.12/site-packages/airflow/example_dags/example_external_task_marker_dag.py
[2024-09-22T23:26:24.197+0000] {processor.py:925} INFO - DAG(s) 'example_external_task_marker_child', 'example_external_task_marker_parent' retrieved from /home/airflow/.local/lib/python3.12/site-packages/airflow/example_dags/example_external_task_marker_dag.py
[2024-09-22T23:26:24.452+0000] {logging_mixin.py:190} INFO - [2024-09-22T23:26:24.451+0000] {override.py:1900} INFO - Created Permission View: can edit on DAG:example_external_task_marker_child
[2024-09-22T23:26:24.490+0000] {logging_mixin.py:190} INFO - [2024-09-22T23:26:24.489+0000] {override.py:1900} INFO - Created Permission View: can read on DAG:example_external_task_marker_child
[2024-09-22T23:26:24.514+0000] {logging_mixin.py:190} INFO - [2024-09-22T23:26:24.513+0000] {override.py:1900} INFO - Created Permission View: can delete on DAG:example_external_task_marker_child
[2024-09-22T23:26:24.526+0000] {logging_mixin.py:190} INFO - [2024-09-22T23:26:24.525+0000] {override.py:1900} INFO - Created Permission View: can create on DAG Run:example_external_task_marker_child
[2024-09-22T23:26:24.542+0000] {logging_mixin.py:190} INFO - [2024-09-22T23:26:24.542+0000] {override.py:1900} INFO - Created Permission View: menu access on DAG Run:example_external_task_marker_child
[2024-09-22T23:26:24.552+0000] {logging_mixin.py:190} INFO - [2024-09-22T23:26:24.551+0000] {override.py:1900} INFO - Created Permission View: can read on DAG Run:example_external_task_marker_child
[2024-09-22T23:26:24.561+0000] {logging_mixin.py:190} INFO - [2024-09-22T23:26:24.560+0000] {override.py:1900} INFO - Created Permission View: can delete on DAG Run:example_external_task_marker_child
[2024-09-22T23:26:24.579+0000] {logging_mixin.py:190} INFO - [2024-09-22T23:26:24.578+0000] {override.py:1900} INFO - Created Permission View: can edit on DAG:example_external_task_marker_parent
[2024-09-22T23:26:24.588+0000] {logging_mixin.py:190} INFO - [2024-09-22T23:26:24.588+0000] {override.py:1900} INFO - Created Permission View: can read on DAG:example_external_task_marker_parent
[2024-09-22T23:26:24.597+0000] {logging_mixin.py:190} INFO - [2024-09-22T23:26:24.597+0000] {override.py:1900} INFO - Created Permission View: can delete on DAG:example_external_task_marker_parent
[2024-09-22T23:26:24.608+0000] {logging_mixin.py:190} INFO - [2024-09-22T23:26:24.607+0000] {override.py:1900} INFO - Created Permission View: can create on DAG Run:example_external_task_marker_parent
[2024-09-22T23:26:24.617+0000] {logging_mixin.py:190} INFO - [2024-09-22T23:26:24.617+0000] {override.py:1900} INFO - Created Permission View: menu access on DAG Run:example_external_task_marker_parent
[2024-09-22T23:26:24.627+0000] {logging_mixin.py:190} INFO - [2024-09-22T23:26:24.626+0000] {override.py:1900} INFO - Created Permission View: can read on DAG Run:example_external_task_marker_parent
[2024-09-22T23:26:24.641+0000] {logging_mixin.py:190} INFO - [2024-09-22T23:26:24.641+0000] {override.py:1900} INFO - Created Permission View: can delete on DAG Run:example_external_task_marker_parent
[2024-09-22T23:26:24.642+0000] {logging_mixin.py:190} INFO - [2024-09-22T23:26:24.642+0000] {dag.py:3229} INFO - Sync 2 DAGs
[2024-09-22T23:26:24.671+0000] {logging_mixin.py:190} INFO - [2024-09-22T23:26:24.670+0000] {dag.py:3252} INFO - Creating ORM DAG for example_external_task_marker_parent
[2024-09-22T23:26:24.672+0000] {logging_mixin.py:190} INFO - [2024-09-22T23:26:24.672+0000] {dag.py:3252} INFO - Creating ORM DAG for example_external_task_marker_child
[2024-09-22T23:26:24.673+0000] {logging_mixin.py:190} INFO - [2024-09-22T23:26:24.673+0000] {dag.py:4156} INFO - Setting next_dagrun for example_external_task_marker_child to None, run_after=None
[2024-09-22T23:26:24.675+0000] {logging_mixin.py:190} INFO - [2024-09-22T23:26:24.674+0000] {dag.py:4156} INFO - Setting next_dagrun for example_external_task_marker_parent to None, run_after=None
[2024-09-22T23:26:24.705+0000] {processor.py:208} INFO - Processing /home/airflow/.local/lib/python3.12/site-packages/airflow/example_dags/example_external_task_marker_dag.py took 0.552 seconds
[2024-09-22T23:26:54.812+0000] {processor.py:186} INFO - Started process (PID=162) to work on /home/airflow/.local/lib/python3.12/site-packages/airflow/example_dags/example_external_task_marker_dag.py
[2024-09-22T23:26:54.813+0000] {processor.py:914} INFO - Processing file /home/airflow/.local/lib/python3.12/site-packages/airflow/example_dags/example_external_task_marker_dag.py for tasks to queue
[2024-09-22T23:26:54.817+0000] {logging_mixin.py:190} INFO - [2024-09-22T23:26:54.816+0000] {dagbag.py:587} INFO - Filling up the DagBag from /home/airflow/.local/lib/python3.12/site-packages/airflow/example_dags/example_external_task_marker_dag.py
[2024-09-22T23:26:54.834+0000] {processor.py:925} INFO - DAG(s) 'example_external_task_marker_parent', 'example_external_task_marker_child' retrieved from /home/airflow/.local/lib/python3.12/site-packages/airflow/example_dags/example_external_task_marker_dag.py
[2024-09-22T23:26:54.869+0000] {logging_mixin.py:190} INFO - [2024-09-22T23:26:54.869+0000] {dag.py:3229} INFO - Sync 2 DAGs
[2024-09-22T23:26:54.890+0000] {logging_mixin.py:190} INFO - [2024-09-22T23:26:54.890+0000] {dag.py:4156} INFO - Setting next_dagrun for example_external_task_marker_child to None, run_after=None
[2024-09-22T23:26:54.895+0000] {logging_mixin.py:190} INFO - [2024-09-22T23:26:54.894+0000] {dag.py:4156} INFO - Setting next_dagrun for example_external_task_marker_parent to None, run_after=None
[2024-09-22T23:26:54.916+0000] {processor.py:208} INFO - Processing /home/airflow/.local/lib/python3.12/site-packages/airflow/example_dags/example_external_task_marker_dag.py took 0.114 seconds
[2024-09-22T23:27:25.985+0000] {processor.py:186} INFO - Started process (PID=224) to work on /home/airflow/.local/lib/python3.12/site-packages/airflow/example_dags/example_external_task_marker_dag.py
[2024-09-22T23:27:25.987+0000] {processor.py:914} INFO - Processing file /home/airflow/.local/lib/python3.12/site-packages/airflow/example_dags/example_external_task_marker_dag.py for tasks to queue
[2024-09-22T23:27:25.991+0000] {logging_mixin.py:190} INFO - [2024-09-22T23:27:25.991+0000] {dagbag.py:587} INFO - Filling up the DagBag from /home/airflow/.local/lib/python3.12/site-packages/airflow/example_dags/example_external_task_marker_dag.py
[2024-09-22T23:27:26.008+0000] {processor.py:925} INFO - DAG(s) 'example_external_task_marker_parent', 'example_external_task_marker_child' retrieved from /home/airflow/.local/lib/python3.12/site-packages/airflow/example_dags/example_external_task_marker_dag.py
[2024-09-22T23:27:26.042+0000] {logging_mixin.py:190} INFO - [2024-09-22T23:27:26.041+0000] {dag.py:3229} INFO - Sync 2 DAGs
[2024-09-22T23:27:26.062+0000] {logging_mixin.py:190} INFO - [2024-09-22T23:27:26.061+0000] {dag.py:4156} INFO - Setting next_dagrun for example_external_task_marker_child to None, run_after=None
[2024-09-22T23:27:26.067+0000] {logging_mixin.py:190} INFO - [2024-09-22T23:27:26.066+0000] {dag.py:4156} INFO - Setting next_dagrun for example_external_task_marker_parent to None, run_after=None
[2024-09-22T23:27:26.090+0000] {processor.py:208} INFO - Processing /home/airflow/.local/lib/python3.12/site-packages/airflow/example_dags/example_external_task_marker_dag.py took 0.114 seconds
[2024-09-22T23:27:56.440+0000] {processor.py:186} INFO - Started process (PID=286) to work on /home/airflow/.local/lib/python3.12/site-packages/airflow/example_dags/example_external_task_marker_dag.py
[2024-09-22T23:27:56.441+0000] {processor.py:914} INFO - Processing file /home/airflow/.local/lib/python3.12/site-packages/airflow/example_dags/example_external_task_marker_dag.py for tasks to queue
[2024-09-22T23:27:56.444+0000] {logging_mixin.py:190} INFO - [2024-09-22T23:27:56.444+0000] {dagbag.py:587} INFO - Filling up the DagBag from /home/airflow/.local/lib/python3.12/site-packages/airflow/example_dags/example_external_task_marker_dag.py
[2024-09-22T23:27:56.460+0000] {processor.py:925} INFO - DAG(s) 'example_external_task_marker_parent', 'example_external_task_marker_child' retrieved from /home/airflow/.local/lib/python3.12/site-packages/airflow/example_dags/example_external_task_marker_dag.py
[2024-09-22T23:27:56.494+0000] {logging_mixin.py:190} INFO - [2024-09-22T23:27:56.493+0000] {dag.py:3229} INFO - Sync 2 DAGs
[2024-09-22T23:27:56.515+0000] {logging_mixin.py:190} INFO - [2024-09-22T23:27:56.515+0000] {dag.py:4156} INFO - Setting next_dagrun for example_external_task_marker_child to None, run_after=None
[2024-09-22T23:27:56.520+0000] {logging_mixin.py:190} INFO - [2024-09-22T23:27:56.520+0000] {dag.py:4156} INFO - Setting next_dagrun for example_external_task_marker_parent to None, run_after=None
[2024-09-22T23:27:56.542+0000] {processor.py:208} INFO - Processing /home/airflow/.local/lib/python3.12/site-packages/airflow/example_dags/example_external_task_marker_dag.py took 0.112 seconds
[2024-09-22T23:28:27.729+0000] {processor.py:186} INFO - Started process (PID=348) to work on /home/airflow/.local/lib/python3.12/site-packages/airflow/example_dags/example_external_task_marker_dag.py
[2024-09-22T23:28:27.731+0000] {processor.py:914} INFO - Processing file /home/airflow/.local/lib/python3.12/site-packages/airflow/example_dags/example_external_task_marker_dag.py for tasks to queue
[2024-09-22T23:28:27.735+0000] {logging_mixin.py:190} INFO - [2024-09-22T23:28:27.734+0000] {dagbag.py:587} INFO - Filling up the DagBag from /home/airflow/.local/lib/python3.12/site-packages/airflow/example_dags/example_external_task_marker_dag.py
[2024-09-22T23:28:27.753+0000] {processor.py:925} INFO - DAG(s) 'example_external_task_marker_child', 'example_external_task_marker_parent' retrieved from /home/airflow/.local/lib/python3.12/site-packages/airflow/example_dags/example_external_task_marker_dag.py
[2024-09-22T23:28:27.791+0000] {logging_mixin.py:190} INFO - [2024-09-22T23:28:27.791+0000] {dag.py:3229} INFO - Sync 2 DAGs
[2024-09-22T23:28:27.812+0000] {logging_mixin.py:190} INFO - [2024-09-22T23:28:27.812+0000] {dag.py:4156} INFO - Setting next_dagrun for example_external_task_marker_child to None, run_after=None
[2024-09-22T23:28:27.817+0000] {logging_mixin.py:190} INFO - [2024-09-22T23:28:27.817+0000] {dag.py:4156} INFO - Setting next_dagrun for example_external_task_marker_parent to None, run_after=None
[2024-09-22T23:28:27.839+0000] {processor.py:208} INFO - Processing /home/airflow/.local/lib/python3.12/site-packages/airflow/example_dags/example_external_task_marker_dag.py took 0.119 seconds
[2024-09-22T23:28:58.322+0000] {processor.py:186} INFO - Started process (PID=410) to work on /home/airflow/.local/lib/python3.12/site-packages/airflow/example_dags/example_external_task_marker_dag.py
[2024-09-22T23:28:58.323+0000] {processor.py:914} INFO - Processing file /home/airflow/.local/lib/python3.12/site-packages/airflow/example_dags/example_external_task_marker_dag.py for tasks to queue
[2024-09-22T23:28:58.326+0000] {logging_mixin.py:190} INFO - [2024-09-22T23:28:58.326+0000] {dagbag.py:587} INFO - Filling up the DagBag from /home/airflow/.local/lib/python3.12/site-packages/airflow/example_dags/example_external_task_marker_dag.py
[2024-09-22T23:28:58.342+0000] {processor.py:925} INFO - DAG(s) 'example_external_task_marker_child', 'example_external_task_marker_parent' retrieved from /home/airflow/.local/lib/python3.12/site-packages/airflow/example_dags/example_external_task_marker_dag.py
[2024-09-22T23:28:58.374+0000] {logging_mixin.py:190} INFO - [2024-09-22T23:28:58.374+0000] {dag.py:3229} INFO - Sync 2 DAGs
[2024-09-22T23:28:58.394+0000] {logging_mixin.py:190} INFO - [2024-09-22T23:28:58.394+0000] {dag.py:4156} INFO - Setting next_dagrun for example_external_task_marker_child to None, run_after=None
[2024-09-22T23:28:58.399+0000] {logging_mixin.py:190} INFO - [2024-09-22T23:28:58.399+0000] {dag.py:4156} INFO - Setting next_dagrun for example_external_task_marker_parent to None, run_after=None
[2024-09-22T23:28:58.420+0000] {processor.py:208} INFO - Processing /home/airflow/.local/lib/python3.12/site-packages/airflow/example_dags/example_external_task_marker_dag.py took 0.107 seconds
[2024-09-22T23:29:28.911+0000] {processor.py:186} INFO - Started process (PID=472) to work on /home/airflow/.local/lib/python3.12/site-packages/airflow/example_dags/example_external_task_marker_dag.py
[2024-09-22T23:29:28.914+0000] {processor.py:914} INFO - Processing file /home/airflow/.local/lib/python3.12/site-packages/airflow/example_dags/example_external_task_marker_dag.py for tasks to queue
[2024-09-22T23:29:28.919+0000] {logging_mixin.py:190} INFO - [2024-09-22T23:29:28.917+0000] {dagbag.py:587} INFO - Filling up the DagBag from /home/airflow/.local/lib/python3.12/site-packages/airflow/example_dags/example_external_task_marker_dag.py
[2024-09-22T23:29:28.936+0000] {processor.py:925} INFO - DAG(s) 'example_external_task_marker_child', 'example_external_task_marker_parent' retrieved from /home/airflow/.local/lib/python3.12/site-packages/airflow/example_dags/example_external_task_marker_dag.py
[2024-09-22T23:29:28.974+0000] {logging_mixin.py:190} INFO - [2024-09-22T23:29:28.974+0000] {dag.py:3229} INFO - Sync 2 DAGs
[2024-09-22T23:29:28.995+0000] {logging_mixin.py:190} INFO - [2024-09-22T23:29:28.995+0000] {dag.py:4156} INFO - Setting next_dagrun for example_external_task_marker_child to None, run_after=None
[2024-09-22T23:29:29.001+0000] {logging_mixin.py:190} INFO - [2024-09-22T23:29:29.000+0000] {dag.py:4156} INFO - Setting next_dagrun for example_external_task_marker_parent to None, run_after=None
[2024-09-22T23:29:29.023+0000] {processor.py:208} INFO - Processing /home/airflow/.local/lib/python3.12/site-packages/airflow/example_dags/example_external_task_marker_dag.py took 0.123 seconds
[2024-09-22T23:30:00.523+0000] {processor.py:186} INFO - Started process (PID=534) to work on /home/airflow/.local/lib/python3.12/site-packages/airflow/example_dags/example_external_task_marker_dag.py
[2024-09-22T23:30:00.528+0000] {processor.py:914} INFO - Processing file /home/airflow/.local/lib/python3.12/site-packages/airflow/example_dags/example_external_task_marker_dag.py for tasks to queue
[2024-09-22T23:30:00.537+0000] {logging_mixin.py:190} INFO - [2024-09-22T23:30:00.536+0000] {dagbag.py:587} INFO - Filling up the DagBag from /home/airflow/.local/lib/python3.12/site-packages/airflow/example_dags/example_external_task_marker_dag.py
[2024-09-22T23:30:00.571+0000] {processor.py:925} INFO - DAG(s) 'example_external_task_marker_parent', 'example_external_task_marker_child' retrieved from /home/airflow/.local/lib/python3.12/site-packages/airflow/example_dags/example_external_task_marker_dag.py
[2024-09-22T23:30:00.637+0000] {logging_mixin.py:190} INFO - [2024-09-22T23:30:00.637+0000] {dag.py:3229} INFO - Sync 2 DAGs
[2024-09-22T23:30:00.672+0000] {logging_mixin.py:190} INFO - [2024-09-22T23:30:00.672+0000] {dag.py:4156} INFO - Setting next_dagrun for example_external_task_marker_child to None, run_after=None
[2024-09-22T23:30:00.680+0000] {logging_mixin.py:190} INFO - [2024-09-22T23:30:00.680+0000] {dag.py:4156} INFO - Setting next_dagrun for example_external_task_marker_parent to None, run_after=None
[2024-09-22T23:30:00.710+0000] {processor.py:208} INFO - Processing /home/airflow/.local/lib/python3.12/site-packages/airflow/example_dags/example_external_task_marker_dag.py took 0.203 seconds
[2024-09-22T23:30:31.675+0000] {processor.py:186} INFO - Started process (PID=602) to work on /home/airflow/.local/lib/python3.12/site-packages/airflow/example_dags/example_external_task_marker_dag.py
[2024-09-22T23:30:31.677+0000] {processor.py:914} INFO - Processing file /home/airflow/.local/lib/python3.12/site-packages/airflow/example_dags/example_external_task_marker_dag.py for tasks to queue
[2024-09-22T23:30:31.681+0000] {logging_mixin.py:190} INFO - [2024-09-22T23:30:31.681+0000] {dagbag.py:587} INFO - Filling up the DagBag from /home/airflow/.local/lib/python3.12/site-packages/airflow/example_dags/example_external_task_marker_dag.py
[2024-09-22T23:30:31.697+0000] {processor.py:925} INFO - DAG(s) 'example_external_task_marker_child', 'example_external_task_marker_parent' retrieved from /home/airflow/.local/lib/python3.12/site-packages/airflow/example_dags/example_external_task_marker_dag.py
[2024-09-22T23:30:31.730+0000] {logging_mixin.py:190} INFO - [2024-09-22T23:30:31.730+0000] {dag.py:3229} INFO - Sync 2 DAGs
[2024-09-22T23:30:31.760+0000] {logging_mixin.py:190} INFO - [2024-09-22T23:30:31.759+0000] {dag.py:4156} INFO - Setting next_dagrun for example_external_task_marker_child to None, run_after=None
[2024-09-22T23:30:31.768+0000] {logging_mixin.py:190} INFO - [2024-09-22T23:30:31.767+0000] {dag.py:4156} INFO - Setting next_dagrun for example_external_task_marker_parent to None, run_after=None
[2024-09-22T23:30:31.796+0000] {processor.py:208} INFO - Processing /home/airflow/.local/lib/python3.12/site-packages/airflow/example_dags/example_external_task_marker_dag.py took 0.130 seconds
[2024-09-22T23:31:02.565+0000] {processor.py:186} INFO - Started process (PID=664) to work on /home/airflow/.local/lib/python3.12/site-packages/airflow/example_dags/example_external_task_marker_dag.py
[2024-09-22T23:31:02.567+0000] {processor.py:914} INFO - Processing file /home/airflow/.local/lib/python3.12/site-packages/airflow/example_dags/example_external_task_marker_dag.py for tasks to queue
[2024-09-22T23:31:02.574+0000] {logging_mixin.py:190} INFO - [2024-09-22T23:31:02.573+0000] {dagbag.py:587} INFO - Filling up the DagBag from /home/airflow/.local/lib/python3.12/site-packages/airflow/example_dags/example_external_task_marker_dag.py
[2024-09-22T23:31:02.596+0000] {processor.py:925} INFO - DAG(s) 'example_external_task_marker_parent', 'example_external_task_marker_child' retrieved from /home/airflow/.local/lib/python3.12/site-packages/airflow/example_dags/example_external_task_marker_dag.py
[2024-09-22T23:31:02.642+0000] {logging_mixin.py:190} INFO - [2024-09-22T23:31:02.642+0000] {dag.py:3229} INFO - Sync 2 DAGs
[2024-09-22T23:31:02.676+0000] {logging_mixin.py:190} INFO - [2024-09-22T23:31:02.676+0000] {dag.py:4156} INFO - Setting next_dagrun for example_external_task_marker_child to None, run_after=None
[2024-09-22T23:31:02.683+0000] {logging_mixin.py:190} INFO - [2024-09-22T23:31:02.682+0000] {dag.py:4156} INFO - Setting next_dagrun for example_external_task_marker_parent to None, run_after=None
[2024-09-22T23:31:02.715+0000] {processor.py:208} INFO - Processing /home/airflow/.local/lib/python3.12/site-packages/airflow/example_dags/example_external_task_marker_dag.py took 0.163 seconds
[2024-09-22T23:31:33.714+0000] {processor.py:186} INFO - Started process (PID=726) to work on /home/airflow/.local/lib/python3.12/site-packages/airflow/example_dags/example_external_task_marker_dag.py
[2024-09-22T23:31:33.717+0000] {processor.py:914} INFO - Processing file /home/airflow/.local/lib/python3.12/site-packages/airflow/example_dags/example_external_task_marker_dag.py for tasks to queue
[2024-09-22T23:31:33.721+0000] {logging_mixin.py:190} INFO - [2024-09-22T23:31:33.720+0000] {dagbag.py:587} INFO - Filling up the DagBag from /home/airflow/.local/lib/python3.12/site-packages/airflow/example_dags/example_external_task_marker_dag.py
[2024-09-22T23:31:33.737+0000] {processor.py:925} INFO - DAG(s) 'example_external_task_marker_child', 'example_external_task_marker_parent' retrieved from /home/airflow/.local/lib/python3.12/site-packages/airflow/example_dags/example_external_task_marker_dag.py
[2024-09-22T23:31:33.770+0000] {logging_mixin.py:190} INFO - [2024-09-22T23:31:33.769+0000] {dag.py:3229} INFO - Sync 2 DAGs
[2024-09-22T23:31:33.791+0000] {logging_mixin.py:190} INFO - [2024-09-22T23:31:33.790+0000] {dag.py:4156} INFO - Setting next_dagrun for example_external_task_marker_child to None, run_after=None
[2024-09-22T23:31:33.795+0000] {logging_mixin.py:190} INFO - [2024-09-22T23:31:33.795+0000] {dag.py:4156} INFO - Setting next_dagrun for example_external_task_marker_parent to None, run_after=None
[2024-09-22T23:31:33.817+0000] {processor.py:208} INFO - Processing /home/airflow/.local/lib/python3.12/site-packages/airflow/example_dags/example_external_task_marker_dag.py took 0.112 seconds
[2024-09-22T23:32:04.408+0000] {processor.py:186} INFO - Started process (PID=789) to work on /home/airflow/.local/lib/python3.12/site-packages/airflow/example_dags/example_external_task_marker_dag.py
[2024-09-22T23:32:04.409+0000] {processor.py:914} INFO - Processing file /home/airflow/.local/lib/python3.12/site-packages/airflow/example_dags/example_external_task_marker_dag.py for tasks to queue
[2024-09-22T23:32:04.413+0000] {logging_mixin.py:190} INFO - [2024-09-22T23:32:04.413+0000] {dagbag.py:587} INFO - Filling up the DagBag from /home/airflow/.local/lib/python3.12/site-packages/airflow/example_dags/example_external_task_marker_dag.py
[2024-09-22T23:32:04.429+0000] {processor.py:925} INFO - DAG(s) 'example_external_task_marker_child', 'example_external_task_marker_parent' retrieved from /home/airflow/.local/lib/python3.12/site-packages/airflow/example_dags/example_external_task_marker_dag.py
[2024-09-22T23:32:04.461+0000] {logging_mixin.py:190} INFO - [2024-09-22T23:32:04.461+0000] {dag.py:3229} INFO - Sync 2 DAGs
[2024-09-22T23:32:04.481+0000] {logging_mixin.py:190} INFO - [2024-09-22T23:32:04.481+0000] {dag.py:4156} INFO - Setting next_dagrun for example_external_task_marker_child to None, run_after=None
[2024-09-22T23:32:04.486+0000] {logging_mixin.py:190} INFO - [2024-09-22T23:32:04.486+0000] {dag.py:4156} INFO - Setting next_dagrun for example_external_task_marker_parent to None, run_after=None
[2024-09-22T23:32:04.510+0000] {processor.py:208} INFO - Processing /home/airflow/.local/lib/python3.12/site-packages/airflow/example_dags/example_external_task_marker_dag.py took 0.111 seconds
[2024-09-22T23:32:35.341+0000] {processor.py:186} INFO - Started process (PID=852) to work on /home/airflow/.local/lib/python3.12/site-packages/airflow/example_dags/example_external_task_marker_dag.py
[2024-09-22T23:32:35.343+0000] {processor.py:914} INFO - Processing file /home/airflow/.local/lib/python3.12/site-packages/airflow/example_dags/example_external_task_marker_dag.py for tasks to queue
[2024-09-22T23:32:35.347+0000] {logging_mixin.py:190} INFO - [2024-09-22T23:32:35.346+0000] {dagbag.py:587} INFO - Filling up the DagBag from /home/airflow/.local/lib/python3.12/site-packages/airflow/example_dags/example_external_task_marker_dag.py
[2024-09-22T23:32:35.363+0000] {processor.py:925} INFO - DAG(s) 'example_external_task_marker_child', 'example_external_task_marker_parent' retrieved from /home/airflow/.local/lib/python3.12/site-packages/airflow/example_dags/example_external_task_marker_dag.py
[2024-09-22T23:32:35.394+0000] {logging_mixin.py:190} INFO - [2024-09-22T23:32:35.394+0000] {dag.py:3229} INFO - Sync 2 DAGs
[2024-09-22T23:32:35.414+0000] {logging_mixin.py:190} INFO - [2024-09-22T23:32:35.413+0000] {dag.py:4156} INFO - Setting next_dagrun for example_external_task_marker_child to None, run_after=None
[2024-09-22T23:32:35.419+0000] {logging_mixin.py:190} INFO - [2024-09-22T23:32:35.418+0000] {dag.py:4156} INFO - Setting next_dagrun for example_external_task_marker_parent to None, run_after=None
[2024-09-22T23:32:35.440+0000] {processor.py:208} INFO - Processing /home/airflow/.local/lib/python3.12/site-packages/airflow/example_dags/example_external_task_marker_dag.py took 0.109 seconds
[2024-09-22T23:33:06.186+0000] {processor.py:186} INFO - Started process (PID=915) to work on /home/airflow/.local/lib/python3.12/site-packages/airflow/example_dags/example_external_task_marker_dag.py
[2024-09-22T23:33:06.188+0000] {processor.py:914} INFO - Processing file /home/airflow/.local/lib/python3.12/site-packages/airflow/example_dags/example_external_task_marker_dag.py for tasks to queue
[2024-09-22T23:33:06.192+0000] {logging_mixin.py:190} INFO - [2024-09-22T23:33:06.192+0000] {dagbag.py:587} INFO - Filling up the DagBag from /home/airflow/.local/lib/python3.12/site-packages/airflow/example_dags/example_external_task_marker_dag.py
[2024-09-22T23:33:06.208+0000] {processor.py:925} INFO - DAG(s) 'example_external_task_marker_parent', 'example_external_task_marker_child' retrieved from /home/airflow/.local/lib/python3.12/site-packages/airflow/example_dags/example_external_task_marker_dag.py
[2024-09-22T23:33:06.241+0000] {logging_mixin.py:190} INFO - [2024-09-22T23:33:06.241+0000] {dag.py:3229} INFO - Sync 2 DAGs
[2024-09-22T23:33:06.261+0000] {logging_mixin.py:190} INFO - [2024-09-22T23:33:06.261+0000] {dag.py:4156} INFO - Setting next_dagrun for example_external_task_marker_child to None, run_after=None
[2024-09-22T23:33:06.266+0000] {logging_mixin.py:190} INFO - [2024-09-22T23:33:06.266+0000] {dag.py:4156} INFO - Setting next_dagrun for example_external_task_marker_parent to None, run_after=None
[2024-09-22T23:33:06.286+0000] {processor.py:208} INFO - Processing /home/airflow/.local/lib/python3.12/site-packages/airflow/example_dags/example_external_task_marker_dag.py took 0.109 seconds
[2024-09-22T23:33:37.549+0000] {processor.py:186} INFO - Started process (PID=978) to work on /home/airflow/.local/lib/python3.12/site-packages/airflow/example_dags/example_external_task_marker_dag.py
[2024-09-22T23:33:37.551+0000] {processor.py:914} INFO - Processing file /home/airflow/.local/lib/python3.12/site-packages/airflow/example_dags/example_external_task_marker_dag.py for tasks to queue
[2024-09-22T23:33:37.555+0000] {logging_mixin.py:190} INFO - [2024-09-22T23:33:37.554+0000] {dagbag.py:587} INFO - Filling up the DagBag from /home/airflow/.local/lib/python3.12/site-packages/airflow/example_dags/example_external_task_marker_dag.py
[2024-09-22T23:33:37.571+0000] {processor.py:925} INFO - DAG(s) 'example_external_task_marker_child', 'example_external_task_marker_parent' retrieved from /home/airflow/.local/lib/python3.12/site-packages/airflow/example_dags/example_external_task_marker_dag.py
[2024-09-22T23:33:37.603+0000] {logging_mixin.py:190} INFO - [2024-09-22T23:33:37.602+0000] {dag.py:3229} INFO - Sync 2 DAGs
[2024-09-22T23:33:37.622+0000] {logging_mixin.py:190} INFO - [2024-09-22T23:33:37.622+0000] {dag.py:4156} INFO - Setting next_dagrun for example_external_task_marker_child to None, run_after=None
[2024-09-22T23:33:37.627+0000] {logging_mixin.py:190} INFO - [2024-09-22T23:33:37.627+0000] {dag.py:4156} INFO - Setting next_dagrun for example_external_task_marker_parent to None, run_after=None
[2024-09-22T23:33:37.649+0000] {processor.py:208} INFO - Processing /home/airflow/.local/lib/python3.12/site-packages/airflow/example_dags/example_external_task_marker_dag.py took 0.110 seconds
[2024-09-22T23:34:08.790+0000] {processor.py:186} INFO - Started process (PID=1041) to work on /home/airflow/.local/lib/python3.12/site-packages/airflow/example_dags/example_external_task_marker_dag.py
[2024-09-22T23:34:08.792+0000] {processor.py:914} INFO - Processing file /home/airflow/.local/lib/python3.12/site-packages/airflow/example_dags/example_external_task_marker_dag.py for tasks to queue
[2024-09-22T23:34:08.796+0000] {logging_mixin.py:190} INFO - [2024-09-22T23:34:08.796+0000] {dagbag.py:587} INFO - Filling up the DagBag from /home/airflow/.local/lib/python3.12/site-packages/airflow/example_dags/example_external_task_marker_dag.py
[2024-09-22T23:34:08.812+0000] {processor.py:925} INFO - DAG(s) 'example_external_task_marker_child', 'example_external_task_marker_parent' retrieved from /home/airflow/.local/lib/python3.12/site-packages/airflow/example_dags/example_external_task_marker_dag.py
[2024-09-22T23:34:08.844+0000] {logging_mixin.py:190} INFO - [2024-09-22T23:34:08.844+0000] {dag.py:3229} INFO - Sync 2 DAGs
[2024-09-22T23:34:08.863+0000] {logging_mixin.py:190} INFO - [2024-09-22T23:34:08.863+0000] {dag.py:4156} INFO - Setting next_dagrun for example_external_task_marker_child to None, run_after=None
[2024-09-22T23:34:08.868+0000] {logging_mixin.py:190} INFO - [2024-09-22T23:34:08.868+0000] {dag.py:4156} INFO - Setting next_dagrun for example_external_task_marker_parent to None, run_after=None
[2024-09-22T23:34:08.887+0000] {processor.py:208} INFO - Processing /home/airflow/.local/lib/python3.12/site-packages/airflow/example_dags/example_external_task_marker_dag.py took 0.106 seconds
[2024-09-22T23:34:40.037+0000] {processor.py:186} INFO - Started process (PID=1104) to work on /home/airflow/.local/lib/python3.12/site-packages/airflow/example_dags/example_external_task_marker_dag.py
[2024-09-22T23:34:40.039+0000] {processor.py:914} INFO - Processing file /home/airflow/.local/lib/python3.12/site-packages/airflow/example_dags/example_external_task_marker_dag.py for tasks to queue
[2024-09-22T23:34:40.042+0000] {logging_mixin.py:190} INFO - [2024-09-22T23:34:40.041+0000] {dagbag.py:587} INFO - Filling up the DagBag from /home/airflow/.local/lib/python3.12/site-packages/airflow/example_dags/example_external_task_marker_dag.py
[2024-09-22T23:34:40.064+0000] {processor.py:925} INFO - DAG(s) 'example_external_task_marker_child', 'example_external_task_marker_parent' retrieved from /home/airflow/.local/lib/python3.12/site-packages/airflow/example_dags/example_external_task_marker_dag.py
[2024-09-22T23:34:40.102+0000] {logging_mixin.py:190} INFO - [2024-09-22T23:34:40.102+0000] {dag.py:3229} INFO - Sync 2 DAGs
[2024-09-22T23:34:40.132+0000] {logging_mixin.py:190} INFO - [2024-09-22T23:34:40.131+0000] {dag.py:4156} INFO - Setting next_dagrun for example_external_task_marker_child to None, run_after=None
[2024-09-22T23:34:40.139+0000] {logging_mixin.py:190} INFO - [2024-09-22T23:34:40.138+0000] {dag.py:4156} INFO - Setting next_dagrun for example_external_task_marker_parent to None, run_after=None
[2024-09-22T23:34:40.166+0000] {processor.py:208} INFO - Processing /home/airflow/.local/lib/python3.12/site-packages/airflow/example_dags/example_external_task_marker_dag.py took 0.139 seconds
[2024-09-22T23:35:11.304+0000] {processor.py:186} INFO - Started process (PID=1167) to work on /home/airflow/.local/lib/python3.12/site-packages/airflow/example_dags/example_external_task_marker_dag.py
[2024-09-22T23:35:11.306+0000] {processor.py:914} INFO - Processing file /home/airflow/.local/lib/python3.12/site-packages/airflow/example_dags/example_external_task_marker_dag.py for tasks to queue
[2024-09-22T23:35:11.311+0000] {logging_mixin.py:190} INFO - [2024-09-22T23:35:11.310+0000] {dagbag.py:587} INFO - Filling up the DagBag from /home/airflow/.local/lib/python3.12/site-packages/airflow/example_dags/example_external_task_marker_dag.py
[2024-09-22T23:35:11.328+0000] {processor.py:925} INFO - DAG(s) 'example_external_task_marker_parent', 'example_external_task_marker_child' retrieved from /home/airflow/.local/lib/python3.12/site-packages/airflow/example_dags/example_external_task_marker_dag.py
[2024-09-22T23:35:11.361+0000] {logging_mixin.py:190} INFO - [2024-09-22T23:35:11.361+0000] {dag.py:3229} INFO - Sync 2 DAGs
[2024-09-22T23:35:11.384+0000] {logging_mixin.py:190} INFO - [2024-09-22T23:35:11.383+0000] {dag.py:4156} INFO - Setting next_dagrun for example_external_task_marker_child to None, run_after=None
[2024-09-22T23:35:11.391+0000] {logging_mixin.py:190} INFO - [2024-09-22T23:35:11.390+0000] {dag.py:4156} INFO - Setting next_dagrun for example_external_task_marker_parent to None, run_after=None
[2024-09-22T23:35:11.416+0000] {processor.py:208} INFO - Processing /home/airflow/.local/lib/python3.12/site-packages/airflow/example_dags/example_external_task_marker_dag.py took 0.125 seconds
[2024-09-22T23:35:42.591+0000] {processor.py:186} INFO - Started process (PID=1230) to work on /home/airflow/.local/lib/python3.12/site-packages/airflow/example_dags/example_external_task_marker_dag.py
[2024-09-22T23:35:42.593+0000] {processor.py:914} INFO - Processing file /home/airflow/.local/lib/python3.12/site-packages/airflow/example_dags/example_external_task_marker_dag.py for tasks to queue
[2024-09-22T23:35:42.596+0000] {logging_mixin.py:190} INFO - [2024-09-22T23:35:42.595+0000] {dagbag.py:587} INFO - Filling up the DagBag from /home/airflow/.local/lib/python3.12/site-packages/airflow/example_dags/example_external_task_marker_dag.py
[2024-09-22T23:35:42.612+0000] {processor.py:925} INFO - DAG(s) 'example_external_task_marker_child', 'example_external_task_marker_parent' retrieved from /home/airflow/.local/lib/python3.12/site-packages/airflow/example_dags/example_external_task_marker_dag.py
[2024-09-22T23:35:42.644+0000] {logging_mixin.py:190} INFO - [2024-09-22T23:35:42.644+0000] {dag.py:3229} INFO - Sync 2 DAGs
[2024-09-22T23:35:42.663+0000] {logging_mixin.py:190} INFO - [2024-09-22T23:35:42.663+0000] {dag.py:4156} INFO - Setting next_dagrun for example_external_task_marker_child to None, run_after=None
[2024-09-22T23:35:42.668+0000] {logging_mixin.py:190} INFO - [2024-09-22T23:35:42.668+0000] {dag.py:4156} INFO - Setting next_dagrun for example_external_task_marker_parent to None, run_after=None
[2024-09-22T23:35:42.688+0000] {processor.py:208} INFO - Processing /home/airflow/.local/lib/python3.12/site-packages/airflow/example_dags/example_external_task_marker_dag.py took 0.106 seconds
[2024-09-22T23:36:13.943+0000] {processor.py:186} INFO - Started process (PID=1293) to work on /home/airflow/.local/lib/python3.12/site-packages/airflow/example_dags/example_external_task_marker_dag.py
[2024-09-22T23:36:13.945+0000] {processor.py:914} INFO - Processing file /home/airflow/.local/lib/python3.12/site-packages/airflow/example_dags/example_external_task_marker_dag.py for tasks to queue
[2024-09-22T23:36:13.948+0000] {logging_mixin.py:190} INFO - [2024-09-22T23:36:13.948+0000] {dagbag.py:587} INFO - Filling up the DagBag from /home/airflow/.local/lib/python3.12/site-packages/airflow/example_dags/example_external_task_marker_dag.py
[2024-09-22T23:36:13.965+0000] {processor.py:925} INFO - DAG(s) 'example_external_task_marker_child', 'example_external_task_marker_parent' retrieved from /home/airflow/.local/lib/python3.12/site-packages/airflow/example_dags/example_external_task_marker_dag.py
[2024-09-22T23:36:13.996+0000] {logging_mixin.py:190} INFO - [2024-09-22T23:36:13.996+0000] {dag.py:3229} INFO - Sync 2 DAGs
[2024-09-22T23:36:14.016+0000] {logging_mixin.py:190} INFO - [2024-09-22T23:36:14.016+0000] {dag.py:4156} INFO - Setting next_dagrun for example_external_task_marker_child to None, run_after=None
[2024-09-22T23:36:14.022+0000] {logging_mixin.py:190} INFO - [2024-09-22T23:36:14.021+0000] {dag.py:4156} INFO - Setting next_dagrun for example_external_task_marker_parent to None, run_after=None
[2024-09-22T23:36:14.044+0000] {processor.py:208} INFO - Processing /home/airflow/.local/lib/python3.12/site-packages/airflow/example_dags/example_external_task_marker_dag.py took 0.111 seconds
[2024-09-22T23:36:44.926+0000] {processor.py:186} INFO - Started process (PID=1356) to work on /home/airflow/.local/lib/python3.12/site-packages/airflow/example_dags/example_external_task_marker_dag.py
[2024-09-22T23:36:44.927+0000] {processor.py:914} INFO - Processing file /home/airflow/.local/lib/python3.12/site-packages/airflow/example_dags/example_external_task_marker_dag.py for tasks to queue
[2024-09-22T23:36:44.931+0000] {logging_mixin.py:190} INFO - [2024-09-22T23:36:44.930+0000] {dagbag.py:587} INFO - Filling up the DagBag from /home/airflow/.local/lib/python3.12/site-packages/airflow/example_dags/example_external_task_marker_dag.py
[2024-09-22T23:36:44.946+0000] {processor.py:925} INFO - DAG(s) 'example_external_task_marker_child', 'example_external_task_marker_parent' retrieved from /home/airflow/.local/lib/python3.12/site-packages/airflow/example_dags/example_external_task_marker_dag.py
[2024-09-22T23:36:44.987+0000] {logging_mixin.py:190} INFO - [2024-09-22T23:36:44.986+0000] {dag.py:3229} INFO - Sync 2 DAGs
[2024-09-22T23:36:45.015+0000] {logging_mixin.py:190} INFO - [2024-09-22T23:36:45.015+0000] {dag.py:4156} INFO - Setting next_dagrun for example_external_task_marker_child to None, run_after=None
[2024-09-22T23:36:45.022+0000] {logging_mixin.py:190} INFO - [2024-09-22T23:36:45.022+0000] {dag.py:4156} INFO - Setting next_dagrun for example_external_task_marker_parent to None, run_after=None
[2024-09-22T23:36:45.050+0000] {processor.py:208} INFO - Processing /home/airflow/.local/lib/python3.12/site-packages/airflow/example_dags/example_external_task_marker_dag.py took 0.133 seconds
[2024-09-22T23:37:16.428+0000] {processor.py:186} INFO - Started process (PID=1419) to work on /home/airflow/.local/lib/python3.12/site-packages/airflow/example_dags/example_external_task_marker_dag.py
[2024-09-22T23:37:16.430+0000] {processor.py:914} INFO - Processing file /home/airflow/.local/lib/python3.12/site-packages/airflow/example_dags/example_external_task_marker_dag.py for tasks to queue
[2024-09-22T23:37:16.434+0000] {logging_mixin.py:190} INFO - [2024-09-22T23:37:16.433+0000] {dagbag.py:587} INFO - Filling up the DagBag from /home/airflow/.local/lib/python3.12/site-packages/airflow/example_dags/example_external_task_marker_dag.py
[2024-09-22T23:37:16.450+0000] {processor.py:925} INFO - DAG(s) 'example_external_task_marker_parent', 'example_external_task_marker_child' retrieved from /home/airflow/.local/lib/python3.12/site-packages/airflow/example_dags/example_external_task_marker_dag.py
[2024-09-22T23:37:16.482+0000] {logging_mixin.py:190} INFO - [2024-09-22T23:37:16.481+0000] {dag.py:3229} INFO - Sync 2 DAGs
[2024-09-22T23:37:16.501+0000] {logging_mixin.py:190} INFO - [2024-09-22T23:37:16.501+0000] {dag.py:4156} INFO - Setting next_dagrun for example_external_task_marker_child to None, run_after=None
[2024-09-22T23:37:16.506+0000] {logging_mixin.py:190} INFO - [2024-09-22T23:37:16.506+0000] {dag.py:4156} INFO - Setting next_dagrun for example_external_task_marker_parent to None, run_after=None
[2024-09-22T23:37:16.526+0000] {processor.py:208} INFO - Processing /home/airflow/.local/lib/python3.12/site-packages/airflow/example_dags/example_external_task_marker_dag.py took 0.107 seconds
[2024-09-22T23:37:47.842+0000] {processor.py:186} INFO - Started process (PID=1482) to work on /home/airflow/.local/lib/python3.12/site-packages/airflow/example_dags/example_external_task_marker_dag.py
[2024-09-22T23:37:47.843+0000] {processor.py:914} INFO - Processing file /home/airflow/.local/lib/python3.12/site-packages/airflow/example_dags/example_external_task_marker_dag.py for tasks to queue
[2024-09-22T23:37:47.847+0000] {logging_mixin.py:190} INFO - [2024-09-22T23:37:47.847+0000] {dagbag.py:587} INFO - Filling up the DagBag from /home/airflow/.local/lib/python3.12/site-packages/airflow/example_dags/example_external_task_marker_dag.py
[2024-09-22T23:37:47.864+0000] {processor.py:925} INFO - DAG(s) 'example_external_task_marker_parent', 'example_external_task_marker_child' retrieved from /home/airflow/.local/lib/python3.12/site-packages/airflow/example_dags/example_external_task_marker_dag.py
[2024-09-22T23:37:47.897+0000] {logging_mixin.py:190} INFO - [2024-09-22T23:37:47.896+0000] {dag.py:3229} INFO - Sync 2 DAGs
[2024-09-22T23:37:47.917+0000] {logging_mixin.py:190} INFO - [2024-09-22T23:37:47.916+0000] {dag.py:4156} INFO - Setting next_dagrun for example_external_task_marker_child to None, run_after=None
[2024-09-22T23:37:47.922+0000] {logging_mixin.py:190} INFO - [2024-09-22T23:37:47.921+0000] {dag.py:4156} INFO - Setting next_dagrun for example_external_task_marker_parent to None, run_after=None
[2024-09-22T23:37:47.943+0000] {processor.py:208} INFO - Processing /home/airflow/.local/lib/python3.12/site-packages/airflow/example_dags/example_external_task_marker_dag.py took 0.110 seconds
[2024-09-22T23:38:19.098+0000] {processor.py:186} INFO - Started process (PID=1545) to work on /home/airflow/.local/lib/python3.12/site-packages/airflow/example_dags/example_external_task_marker_dag.py
[2024-09-22T23:38:19.100+0000] {processor.py:914} INFO - Processing file /home/airflow/.local/lib/python3.12/site-packages/airflow/example_dags/example_external_task_marker_dag.py for tasks to queue
[2024-09-22T23:38:19.104+0000] {logging_mixin.py:190} INFO - [2024-09-22T23:38:19.103+0000] {dagbag.py:587} INFO - Filling up the DagBag from /home/airflow/.local/lib/python3.12/site-packages/airflow/example_dags/example_external_task_marker_dag.py
[2024-09-22T23:38:19.120+0000] {processor.py:925} INFO - DAG(s) 'example_external_task_marker_child', 'example_external_task_marker_parent' retrieved from /home/airflow/.local/lib/python3.12/site-packages/airflow/example_dags/example_external_task_marker_dag.py
[2024-09-22T23:38:19.155+0000] {logging_mixin.py:190} INFO - [2024-09-22T23:38:19.154+0000] {dag.py:3229} INFO - Sync 2 DAGs
[2024-09-22T23:38:19.178+0000] {logging_mixin.py:190} INFO - [2024-09-22T23:38:19.177+0000] {dag.py:4156} INFO - Setting next_dagrun for example_external_task_marker_child to None, run_after=None
[2024-09-22T23:38:19.184+0000] {logging_mixin.py:190} INFO - [2024-09-22T23:38:19.184+0000] {dag.py:4156} INFO - Setting next_dagrun for example_external_task_marker_parent to None, run_after=None
[2024-09-22T23:38:19.205+0000] {processor.py:208} INFO - Processing /home/airflow/.local/lib/python3.12/site-packages/airflow/example_dags/example_external_task_marker_dag.py took 0.117 seconds
[2024-09-22T23:38:49.853+0000] {processor.py:186} INFO - Started process (PID=1608) to work on /home/airflow/.local/lib/python3.12/site-packages/airflow/example_dags/example_external_task_marker_dag.py
[2024-09-22T23:38:49.854+0000] {processor.py:914} INFO - Processing file /home/airflow/.local/lib/python3.12/site-packages/airflow/example_dags/example_external_task_marker_dag.py for tasks to queue
[2024-09-22T23:38:49.857+0000] {logging_mixin.py:190} INFO - [2024-09-22T23:38:49.857+0000] {dagbag.py:587} INFO - Filling up the DagBag from /home/airflow/.local/lib/python3.12/site-packages/airflow/example_dags/example_external_task_marker_dag.py
[2024-09-22T23:38:49.873+0000] {processor.py:925} INFO - DAG(s) 'example_external_task_marker_parent', 'example_external_task_marker_child' retrieved from /home/airflow/.local/lib/python3.12/site-packages/airflow/example_dags/example_external_task_marker_dag.py
[2024-09-22T23:38:49.905+0000] {logging_mixin.py:190} INFO - [2024-09-22T23:38:49.905+0000] {dag.py:3229} INFO - Sync 2 DAGs
[2024-09-22T23:38:49.925+0000] {logging_mixin.py:190} INFO - [2024-09-22T23:38:49.925+0000] {dag.py:4156} INFO - Setting next_dagrun for example_external_task_marker_child to None, run_after=None
[2024-09-22T23:38:49.930+0000] {logging_mixin.py:190} INFO - [2024-09-22T23:38:49.930+0000] {dag.py:4156} INFO - Setting next_dagrun for example_external_task_marker_parent to None, run_after=None
[2024-09-22T23:38:49.952+0000] {processor.py:208} INFO - Processing /home/airflow/.local/lib/python3.12/site-packages/airflow/example_dags/example_external_task_marker_dag.py took 0.108 seconds
[2024-09-22T23:39:20.661+0000] {processor.py:186} INFO - Started process (PID=1671) to work on /home/airflow/.local/lib/python3.12/site-packages/airflow/example_dags/example_external_task_marker_dag.py
[2024-09-22T23:39:20.663+0000] {processor.py:914} INFO - Processing file /home/airflow/.local/lib/python3.12/site-packages/airflow/example_dags/example_external_task_marker_dag.py for tasks to queue
[2024-09-22T23:39:20.667+0000] {logging_mixin.py:190} INFO - [2024-09-22T23:39:20.666+0000] {dagbag.py:587} INFO - Filling up the DagBag from /home/airflow/.local/lib/python3.12/site-packages/airflow/example_dags/example_external_task_marker_dag.py
[2024-09-22T23:39:20.683+0000] {processor.py:925} INFO - DAG(s) 'example_external_task_marker_parent', 'example_external_task_marker_child' retrieved from /home/airflow/.local/lib/python3.12/site-packages/airflow/example_dags/example_external_task_marker_dag.py
[2024-09-22T23:39:20.721+0000] {logging_mixin.py:190} INFO - [2024-09-22T23:39:20.720+0000] {dag.py:3229} INFO - Sync 2 DAGs
[2024-09-22T23:39:20.741+0000] {logging_mixin.py:190} INFO - [2024-09-22T23:39:20.741+0000] {dag.py:4156} INFO - Setting next_dagrun for example_external_task_marker_child to None, run_after=None
[2024-09-22T23:39:20.746+0000] {logging_mixin.py:190} INFO - [2024-09-22T23:39:20.746+0000] {dag.py:4156} INFO - Setting next_dagrun for example_external_task_marker_parent to None, run_after=None
[2024-09-22T23:39:20.767+0000] {processor.py:208} INFO - Processing /home/airflow/.local/lib/python3.12/site-packages/airflow/example_dags/example_external_task_marker_dag.py took 0.115 seconds
[2024-09-22T23:39:51.794+0000] {processor.py:186} INFO - Started process (PID=1734) to work on /home/airflow/.local/lib/python3.12/site-packages/airflow/example_dags/example_external_task_marker_dag.py
[2024-09-22T23:39:51.795+0000] {processor.py:914} INFO - Processing file /home/airflow/.local/lib/python3.12/site-packages/airflow/example_dags/example_external_task_marker_dag.py for tasks to queue
[2024-09-22T23:39:51.798+0000] {logging_mixin.py:190} INFO - [2024-09-22T23:39:51.798+0000] {dagbag.py:587} INFO - Filling up the DagBag from /home/airflow/.local/lib/python3.12/site-packages/airflow/example_dags/example_external_task_marker_dag.py
[2024-09-22T23:39:51.817+0000] {processor.py:925} INFO - DAG(s) 'example_external_task_marker_parent', 'example_external_task_marker_child' retrieved from /home/airflow/.local/lib/python3.12/site-packages/airflow/example_dags/example_external_task_marker_dag.py
[2024-09-22T23:39:51.853+0000] {logging_mixin.py:190} INFO - [2024-09-22T23:39:51.853+0000] {dag.py:3229} INFO - Sync 2 DAGs
[2024-09-22T23:39:51.876+0000] {logging_mixin.py:190} INFO - [2024-09-22T23:39:51.875+0000] {dag.py:4156} INFO - Setting next_dagrun for example_external_task_marker_child to None, run_after=None
[2024-09-22T23:39:51.881+0000] {logging_mixin.py:190} INFO - [2024-09-22T23:39:51.881+0000] {dag.py:4156} INFO - Setting next_dagrun for example_external_task_marker_parent to None, run_after=None
[2024-09-22T23:39:51.902+0000] {processor.py:208} INFO - Processing /home/airflow/.local/lib/python3.12/site-packages/airflow/example_dags/example_external_task_marker_dag.py took 0.118 seconds
[2024-09-22T23:40:23.233+0000] {processor.py:186} INFO - Started process (PID=1798) to work on /home/airflow/.local/lib/python3.12/site-packages/airflow/example_dags/example_external_task_marker_dag.py
[2024-09-22T23:40:23.235+0000] {processor.py:914} INFO - Processing file /home/airflow/.local/lib/python3.12/site-packages/airflow/example_dags/example_external_task_marker_dag.py for tasks to queue
[2024-09-22T23:40:23.239+0000] {logging_mixin.py:190} INFO - [2024-09-22T23:40:23.238+0000] {dagbag.py:587} INFO - Filling up the DagBag from /home/airflow/.local/lib/python3.12/site-packages/airflow/example_dags/example_external_task_marker_dag.py
[2024-09-22T23:40:23.255+0000] {processor.py:925} INFO - DAG(s) 'example_external_task_marker_child', 'example_external_task_marker_parent' retrieved from /home/airflow/.local/lib/python3.12/site-packages/airflow/example_dags/example_external_task_marker_dag.py
[2024-09-22T23:40:23.288+0000] {logging_mixin.py:190} INFO - [2024-09-22T23:40:23.287+0000] {dag.py:3229} INFO - Sync 2 DAGs
[2024-09-22T23:40:23.319+0000] {logging_mixin.py:190} INFO - [2024-09-22T23:40:23.319+0000] {dag.py:4156} INFO - Setting next_dagrun for example_external_task_marker_child to None, run_after=None
[2024-09-22T23:40:23.324+0000] {logging_mixin.py:190} INFO - [2024-09-22T23:40:23.323+0000] {dag.py:4156} INFO - Setting next_dagrun for example_external_task_marker_parent to None, run_after=None
[2024-09-22T23:40:23.346+0000] {processor.py:208} INFO - Processing /home/airflow/.local/lib/python3.12/site-packages/airflow/example_dags/example_external_task_marker_dag.py took 0.122 seconds
[2024-09-22T23:40:54.548+0000] {processor.py:186} INFO - Started process (PID=1861) to work on /home/airflow/.local/lib/python3.12/site-packages/airflow/example_dags/example_external_task_marker_dag.py
[2024-09-22T23:40:54.550+0000] {processor.py:914} INFO - Processing file /home/airflow/.local/lib/python3.12/site-packages/airflow/example_dags/example_external_task_marker_dag.py for tasks to queue
[2024-09-22T23:40:54.554+0000] {logging_mixin.py:190} INFO - [2024-09-22T23:40:54.553+0000] {dagbag.py:587} INFO - Filling up the DagBag from /home/airflow/.local/lib/python3.12/site-packages/airflow/example_dags/example_external_task_marker_dag.py
[2024-09-22T23:40:54.571+0000] {processor.py:925} INFO - DAG(s) 'example_external_task_marker_parent', 'example_external_task_marker_child' retrieved from /home/airflow/.local/lib/python3.12/site-packages/airflow/example_dags/example_external_task_marker_dag.py
[2024-09-22T23:40:54.608+0000] {logging_mixin.py:190} INFO - [2024-09-22T23:40:54.607+0000] {dag.py:3229} INFO - Sync 2 DAGs
[2024-09-22T23:40:54.627+0000] {logging_mixin.py:190} INFO - [2024-09-22T23:40:54.627+0000] {dag.py:4156} INFO - Setting next_dagrun for example_external_task_marker_child to None, run_after=None
[2024-09-22T23:40:54.632+0000] {logging_mixin.py:190} INFO - [2024-09-22T23:40:54.632+0000] {dag.py:4156} INFO - Setting next_dagrun for example_external_task_marker_parent to None, run_after=None
[2024-09-22T23:40:54.652+0000] {processor.py:208} INFO - Processing /home/airflow/.local/lib/python3.12/site-packages/airflow/example_dags/example_external_task_marker_dag.py took 0.112 seconds
[2024-09-22T23:41:25.347+0000] {processor.py:186} INFO - Started process (PID=1924) to work on /home/airflow/.local/lib/python3.12/site-packages/airflow/example_dags/example_external_task_marker_dag.py
[2024-09-22T23:41:25.348+0000] {processor.py:914} INFO - Processing file /home/airflow/.local/lib/python3.12/site-packages/airflow/example_dags/example_external_task_marker_dag.py for tasks to queue
[2024-09-22T23:41:25.351+0000] {logging_mixin.py:190} INFO - [2024-09-22T23:41:25.351+0000] {dagbag.py:587} INFO - Filling up the DagBag from /home/airflow/.local/lib/python3.12/site-packages/airflow/example_dags/example_external_task_marker_dag.py
[2024-09-22T23:41:25.367+0000] {processor.py:925} INFO - DAG(s) 'example_external_task_marker_child', 'example_external_task_marker_parent' retrieved from /home/airflow/.local/lib/python3.12/site-packages/airflow/example_dags/example_external_task_marker_dag.py
[2024-09-22T23:41:25.400+0000] {logging_mixin.py:190} INFO - [2024-09-22T23:41:25.399+0000] {dag.py:3229} INFO - Sync 2 DAGs
[2024-09-22T23:41:25.703+0000] {logging_mixin.py:190} INFO - [2024-09-22T23:41:25.703+0000] {dag.py:4156} INFO - Setting next_dagrun for example_external_task_marker_child to None, run_after=None
[2024-09-22T23:41:25.708+0000] {logging_mixin.py:190} INFO - [2024-09-22T23:41:25.708+0000] {dag.py:4156} INFO - Setting next_dagrun for example_external_task_marker_parent to None, run_after=None
[2024-09-22T23:41:25.729+0000] {processor.py:208} INFO - Processing /home/airflow/.local/lib/python3.12/site-packages/airflow/example_dags/example_external_task_marker_dag.py took 0.392 seconds
[2024-09-22T23:41:56.471+0000] {processor.py:186} INFO - Started process (PID=1987) to work on /home/airflow/.local/lib/python3.12/site-packages/airflow/example_dags/example_external_task_marker_dag.py
[2024-09-22T23:41:56.473+0000] {processor.py:914} INFO - Processing file /home/airflow/.local/lib/python3.12/site-packages/airflow/example_dags/example_external_task_marker_dag.py for tasks to queue
[2024-09-22T23:41:56.478+0000] {logging_mixin.py:190} INFO - [2024-09-22T23:41:56.477+0000] {dagbag.py:587} INFO - Filling up the DagBag from /home/airflow/.local/lib/python3.12/site-packages/airflow/example_dags/example_external_task_marker_dag.py
[2024-09-22T23:41:56.494+0000] {processor.py:925} INFO - DAG(s) 'example_external_task_marker_parent', 'example_external_task_marker_child' retrieved from /home/airflow/.local/lib/python3.12/site-packages/airflow/example_dags/example_external_task_marker_dag.py
[2024-09-22T23:41:56.526+0000] {logging_mixin.py:190} INFO - [2024-09-22T23:41:56.526+0000] {dag.py:3229} INFO - Sync 2 DAGs
[2024-09-22T23:41:56.547+0000] {logging_mixin.py:190} INFO - [2024-09-22T23:41:56.547+0000] {dag.py:4156} INFO - Setting next_dagrun for example_external_task_marker_child to None, run_after=None
[2024-09-22T23:41:56.552+0000] {logging_mixin.py:190} INFO - [2024-09-22T23:41:56.552+0000] {dag.py:4156} INFO - Setting next_dagrun for example_external_task_marker_parent to None, run_after=None
[2024-09-22T23:41:56.843+0000] {processor.py:208} INFO - Processing /home/airflow/.local/lib/python3.12/site-packages/airflow/example_dags/example_external_task_marker_dag.py took 0.381 seconds
[2024-09-22T23:42:27.248+0000] {processor.py:186} INFO - Started process (PID=2050) to work on /home/airflow/.local/lib/python3.12/site-packages/airflow/example_dags/example_external_task_marker_dag.py
[2024-09-22T23:42:27.249+0000] {processor.py:914} INFO - Processing file /home/airflow/.local/lib/python3.12/site-packages/airflow/example_dags/example_external_task_marker_dag.py for tasks to queue
[2024-09-22T23:42:27.254+0000] {logging_mixin.py:190} INFO - [2024-09-22T23:42:27.253+0000] {dagbag.py:587} INFO - Filling up the DagBag from /home/airflow/.local/lib/python3.12/site-packages/airflow/example_dags/example_external_task_marker_dag.py
[2024-09-22T23:42:27.270+0000] {processor.py:925} INFO - DAG(s) 'example_external_task_marker_child', 'example_external_task_marker_parent' retrieved from /home/airflow/.local/lib/python3.12/site-packages/airflow/example_dags/example_external_task_marker_dag.py
[2024-09-22T23:42:27.302+0000] {logging_mixin.py:190} INFO - [2024-09-22T23:42:27.301+0000] {dag.py:3229} INFO - Sync 2 DAGs
[2024-09-22T23:42:27.322+0000] {logging_mixin.py:190} INFO - [2024-09-22T23:42:27.321+0000] {dag.py:4156} INFO - Setting next_dagrun for example_external_task_marker_child to None, run_after=None
[2024-09-22T23:42:27.327+0000] {logging_mixin.py:190} INFO - [2024-09-22T23:42:27.326+0000] {dag.py:4156} INFO - Setting next_dagrun for example_external_task_marker_parent to None, run_after=None
[2024-09-22T23:42:27.351+0000] {processor.py:208} INFO - Processing /home/airflow/.local/lib/python3.12/site-packages/airflow/example_dags/example_external_task_marker_dag.py took 0.113 seconds
[2024-09-22T23:42:58.526+0000] {processor.py:186} INFO - Started process (PID=2114) to work on /home/airflow/.local/lib/python3.12/site-packages/airflow/example_dags/example_external_task_marker_dag.py
[2024-09-22T23:42:58.532+0000] {processor.py:914} INFO - Processing file /home/airflow/.local/lib/python3.12/site-packages/airflow/example_dags/example_external_task_marker_dag.py for tasks to queue
[2024-09-22T23:42:58.543+0000] {logging_mixin.py:190} INFO - [2024-09-22T23:42:58.542+0000] {dagbag.py:587} INFO - Filling up the DagBag from /home/airflow/.local/lib/python3.12/site-packages/airflow/example_dags/example_external_task_marker_dag.py
[2024-09-22T23:42:58.598+0000] {processor.py:925} INFO - DAG(s) 'example_external_task_marker_parent', 'example_external_task_marker_child' retrieved from /home/airflow/.local/lib/python3.12/site-packages/airflow/example_dags/example_external_task_marker_dag.py
[2024-09-22T23:42:58.670+0000] {logging_mixin.py:190} INFO - [2024-09-22T23:42:58.670+0000] {dag.py:3229} INFO - Sync 2 DAGs
[2024-09-22T23:42:58.734+0000] {logging_mixin.py:190} INFO - [2024-09-22T23:42:58.733+0000] {dag.py:4156} INFO - Setting next_dagrun for example_external_task_marker_child to None, run_after=None
[2024-09-22T23:42:58.746+0000] {logging_mixin.py:190} INFO - [2024-09-22T23:42:58.745+0000] {dag.py:4156} INFO - Setting next_dagrun for example_external_task_marker_parent to None, run_after=None
[2024-09-22T23:42:58.806+0000] {processor.py:208} INFO - Processing /home/airflow/.local/lib/python3.12/site-packages/airflow/example_dags/example_external_task_marker_dag.py took 0.308 seconds
[2024-09-22T23:43:29.914+0000] {processor.py:186} INFO - Started process (PID=2181) to work on /home/airflow/.local/lib/python3.12/site-packages/airflow/example_dags/example_external_task_marker_dag.py
[2024-09-22T23:43:29.916+0000] {processor.py:914} INFO - Processing file /home/airflow/.local/lib/python3.12/site-packages/airflow/example_dags/example_external_task_marker_dag.py for tasks to queue
[2024-09-22T23:43:29.919+0000] {logging_mixin.py:190} INFO - [2024-09-22T23:43:29.919+0000] {dagbag.py:587} INFO - Filling up the DagBag from /home/airflow/.local/lib/python3.12/site-packages/airflow/example_dags/example_external_task_marker_dag.py
[2024-09-22T23:43:29.937+0000] {processor.py:925} INFO - DAG(s) 'example_external_task_marker_child', 'example_external_task_marker_parent' retrieved from /home/airflow/.local/lib/python3.12/site-packages/airflow/example_dags/example_external_task_marker_dag.py
[2024-09-22T23:43:29.977+0000] {logging_mixin.py:190} INFO - [2024-09-22T23:43:29.976+0000] {dag.py:3229} INFO - Sync 2 DAGs
[2024-09-22T23:43:29.999+0000] {logging_mixin.py:190} INFO - [2024-09-22T23:43:29.999+0000] {dag.py:4156} INFO - Setting next_dagrun for example_external_task_marker_child to None, run_after=None
[2024-09-22T23:43:30.004+0000] {logging_mixin.py:190} INFO - [2024-09-22T23:43:30.004+0000] {dag.py:4156} INFO - Setting next_dagrun for example_external_task_marker_parent to None, run_after=None
[2024-09-22T23:43:30.027+0000] {processor.py:208} INFO - Processing /home/airflow/.local/lib/python3.12/site-packages/airflow/example_dags/example_external_task_marker_dag.py took 0.123 seconds
[2024-09-22T23:44:00.544+0000] {processor.py:186} INFO - Started process (PID=2244) to work on /home/airflow/.local/lib/python3.12/site-packages/airflow/example_dags/example_external_task_marker_dag.py
[2024-09-22T23:44:00.545+0000] {processor.py:914} INFO - Processing file /home/airflow/.local/lib/python3.12/site-packages/airflow/example_dags/example_external_task_marker_dag.py for tasks to queue
[2024-09-22T23:44:00.549+0000] {logging_mixin.py:190} INFO - [2024-09-22T23:44:00.548+0000] {dagbag.py:587} INFO - Filling up the DagBag from /home/airflow/.local/lib/python3.12/site-packages/airflow/example_dags/example_external_task_marker_dag.py
[2024-09-22T23:44:00.568+0000] {processor.py:925} INFO - DAG(s) 'example_external_task_marker_parent', 'example_external_task_marker_child' retrieved from /home/airflow/.local/lib/python3.12/site-packages/airflow/example_dags/example_external_task_marker_dag.py
[2024-09-22T23:44:00.603+0000] {logging_mixin.py:190} INFO - [2024-09-22T23:44:00.603+0000] {dag.py:3229} INFO - Sync 2 DAGs
[2024-09-22T23:44:00.626+0000] {logging_mixin.py:190} INFO - [2024-09-22T23:44:00.625+0000] {dag.py:4156} INFO - Setting next_dagrun for example_external_task_marker_child to None, run_after=None
[2024-09-22T23:44:00.631+0000] {logging_mixin.py:190} INFO - [2024-09-22T23:44:00.631+0000] {dag.py:4156} INFO - Setting next_dagrun for example_external_task_marker_parent to None, run_after=None
[2024-09-22T23:44:00.658+0000] {processor.py:208} INFO - Processing /home/airflow/.local/lib/python3.12/site-packages/airflow/example_dags/example_external_task_marker_dag.py took 0.124 seconds
[2024-09-22T23:46:57.570+0000] {processor.py:186} INFO - Started process (PID=102) to work on /home/airflow/.local/lib/python3.12/site-packages/airflow/example_dags/example_external_task_marker_dag.py
[2024-09-22T23:46:57.574+0000] {processor.py:914} INFO - Processing file /home/airflow/.local/lib/python3.12/site-packages/airflow/example_dags/example_external_task_marker_dag.py for tasks to queue
[2024-09-22T23:46:57.582+0000] {logging_mixin.py:190} INFO - [2024-09-22T23:46:57.580+0000] {dagbag.py:587} INFO - Filling up the DagBag from /home/airflow/.local/lib/python3.12/site-packages/airflow/example_dags/example_external_task_marker_dag.py
[2024-09-22T23:46:57.623+0000] {processor.py:925} INFO - DAG(s) 'example_external_task_marker_parent', 'example_external_task_marker_child' retrieved from /home/airflow/.local/lib/python3.12/site-packages/airflow/example_dags/example_external_task_marker_dag.py
[2024-09-22T23:46:57.687+0000] {logging_mixin.py:190} INFO - [2024-09-22T23:46:57.687+0000] {dag.py:3229} INFO - Sync 2 DAGs
[2024-09-22T23:46:57.725+0000] {logging_mixin.py:190} INFO - [2024-09-22T23:46:57.725+0000] {dag.py:4156} INFO - Setting next_dagrun for example_external_task_marker_child to None, run_after=None
[2024-09-22T23:46:57.734+0000] {logging_mixin.py:190} INFO - [2024-09-22T23:46:57.733+0000] {dag.py:4156} INFO - Setting next_dagrun for example_external_task_marker_parent to None, run_after=None
[2024-09-22T23:46:57.771+0000] {processor.py:208} INFO - Processing /home/airflow/.local/lib/python3.12/site-packages/airflow/example_dags/example_external_task_marker_dag.py took 0.221 seconds
[2024-09-22T23:47:28.070+0000] {processor.py:186} INFO - Started process (PID=164) to work on /home/airflow/.local/lib/python3.12/site-packages/airflow/example_dags/example_external_task_marker_dag.py
[2024-09-22T23:47:28.072+0000] {processor.py:914} INFO - Processing file /home/airflow/.local/lib/python3.12/site-packages/airflow/example_dags/example_external_task_marker_dag.py for tasks to queue
[2024-09-22T23:47:28.076+0000] {logging_mixin.py:190} INFO - [2024-09-22T23:47:28.075+0000] {dagbag.py:587} INFO - Filling up the DagBag from /home/airflow/.local/lib/python3.12/site-packages/airflow/example_dags/example_external_task_marker_dag.py
[2024-09-22T23:47:28.093+0000] {processor.py:925} INFO - DAG(s) 'example_external_task_marker_child', 'example_external_task_marker_parent' retrieved from /home/airflow/.local/lib/python3.12/site-packages/airflow/example_dags/example_external_task_marker_dag.py
[2024-09-22T23:47:28.128+0000] {logging_mixin.py:190} INFO - [2024-09-22T23:47:28.128+0000] {dag.py:3229} INFO - Sync 2 DAGs
[2024-09-22T23:47:28.148+0000] {logging_mixin.py:190} INFO - [2024-09-22T23:47:28.148+0000] {dag.py:4156} INFO - Setting next_dagrun for example_external_task_marker_child to None, run_after=None
[2024-09-22T23:47:28.153+0000] {logging_mixin.py:190} INFO - [2024-09-22T23:47:28.153+0000] {dag.py:4156} INFO - Setting next_dagrun for example_external_task_marker_parent to None, run_after=None
[2024-09-22T23:47:28.177+0000] {processor.py:208} INFO - Processing /home/airflow/.local/lib/python3.12/site-packages/airflow/example_dags/example_external_task_marker_dag.py took 0.117 seconds
[2024-09-22T23:47:58.562+0000] {processor.py:186} INFO - Started process (PID=227) to work on /home/airflow/.local/lib/python3.12/site-packages/airflow/example_dags/example_external_task_marker_dag.py
[2024-09-22T23:47:58.564+0000] {processor.py:914} INFO - Processing file /home/airflow/.local/lib/python3.12/site-packages/airflow/example_dags/example_external_task_marker_dag.py for tasks to queue
[2024-09-22T23:47:58.567+0000] {logging_mixin.py:190} INFO - [2024-09-22T23:47:58.566+0000] {dagbag.py:587} INFO - Filling up the DagBag from /home/airflow/.local/lib/python3.12/site-packages/airflow/example_dags/example_external_task_marker_dag.py
[2024-09-22T23:47:58.584+0000] {processor.py:925} INFO - DAG(s) 'example_external_task_marker_parent', 'example_external_task_marker_child' retrieved from /home/airflow/.local/lib/python3.12/site-packages/airflow/example_dags/example_external_task_marker_dag.py
[2024-09-22T23:47:58.616+0000] {logging_mixin.py:190} INFO - [2024-09-22T23:47:58.616+0000] {dag.py:3229} INFO - Sync 2 DAGs
[2024-09-22T23:47:58.636+0000] {logging_mixin.py:190} INFO - [2024-09-22T23:47:58.636+0000] {dag.py:4156} INFO - Setting next_dagrun for example_external_task_marker_child to None, run_after=None
[2024-09-22T23:47:58.641+0000] {logging_mixin.py:190} INFO - [2024-09-22T23:47:58.641+0000] {dag.py:4156} INFO - Setting next_dagrun for example_external_task_marker_parent to None, run_after=None
[2024-09-22T23:47:58.662+0000] {processor.py:208} INFO - Processing /home/airflow/.local/lib/python3.12/site-packages/airflow/example_dags/example_external_task_marker_dag.py took 0.109 seconds
[2024-09-22T23:48:29.190+0000] {processor.py:186} INFO - Started process (PID=290) to work on /home/airflow/.local/lib/python3.12/site-packages/airflow/example_dags/example_external_task_marker_dag.py
[2024-09-22T23:48:29.192+0000] {processor.py:914} INFO - Processing file /home/airflow/.local/lib/python3.12/site-packages/airflow/example_dags/example_external_task_marker_dag.py for tasks to queue
[2024-09-22T23:48:29.195+0000] {logging_mixin.py:190} INFO - [2024-09-22T23:48:29.195+0000] {dagbag.py:587} INFO - Filling up the DagBag from /home/airflow/.local/lib/python3.12/site-packages/airflow/example_dags/example_external_task_marker_dag.py
[2024-09-22T23:48:29.211+0000] {processor.py:925} INFO - DAG(s) 'example_external_task_marker_parent', 'example_external_task_marker_child' retrieved from /home/airflow/.local/lib/python3.12/site-packages/airflow/example_dags/example_external_task_marker_dag.py
[2024-09-22T23:48:29.245+0000] {logging_mixin.py:190} INFO - [2024-09-22T23:48:29.244+0000] {dag.py:3229} INFO - Sync 2 DAGs
[2024-09-22T23:48:29.266+0000] {logging_mixin.py:190} INFO - [2024-09-22T23:48:29.266+0000] {dag.py:4156} INFO - Setting next_dagrun for example_external_task_marker_child to None, run_after=None
[2024-09-22T23:48:29.271+0000] {logging_mixin.py:190} INFO - [2024-09-22T23:48:29.271+0000] {dag.py:4156} INFO - Setting next_dagrun for example_external_task_marker_parent to None, run_after=None
[2024-09-22T23:48:29.291+0000] {processor.py:208} INFO - Processing /home/airflow/.local/lib/python3.12/site-packages/airflow/example_dags/example_external_task_marker_dag.py took 0.111 seconds
[2024-09-22T23:48:59.822+0000] {processor.py:186} INFO - Started process (PID=353) to work on /home/airflow/.local/lib/python3.12/site-packages/airflow/example_dags/example_external_task_marker_dag.py
[2024-09-22T23:48:59.824+0000] {processor.py:914} INFO - Processing file /home/airflow/.local/lib/python3.12/site-packages/airflow/example_dags/example_external_task_marker_dag.py for tasks to queue
[2024-09-22T23:48:59.828+0000] {logging_mixin.py:190} INFO - [2024-09-22T23:48:59.827+0000] {dagbag.py:587} INFO - Filling up the DagBag from /home/airflow/.local/lib/python3.12/site-packages/airflow/example_dags/example_external_task_marker_dag.py
[2024-09-22T23:48:59.845+0000] {processor.py:925} INFO - DAG(s) 'example_external_task_marker_child', 'example_external_task_marker_parent' retrieved from /home/airflow/.local/lib/python3.12/site-packages/airflow/example_dags/example_external_task_marker_dag.py
[2024-09-22T23:48:59.880+0000] {logging_mixin.py:190} INFO - [2024-09-22T23:48:59.880+0000] {dag.py:3229} INFO - Sync 2 DAGs
[2024-09-22T23:48:59.900+0000] {logging_mixin.py:190} INFO - [2024-09-22T23:48:59.900+0000] {dag.py:4156} INFO - Setting next_dagrun for example_external_task_marker_child to None, run_after=None
[2024-09-22T23:48:59.905+0000] {logging_mixin.py:190} INFO - [2024-09-22T23:48:59.905+0000] {dag.py:4156} INFO - Setting next_dagrun for example_external_task_marker_parent to None, run_after=None
[2024-09-22T23:48:59.927+0000] {processor.py:208} INFO - Processing /home/airflow/.local/lib/python3.12/site-packages/airflow/example_dags/example_external_task_marker_dag.py took 0.115 seconds
[2024-09-22T23:49:30.888+0000] {processor.py:186} INFO - Started process (PID=416) to work on /home/airflow/.local/lib/python3.12/site-packages/airflow/example_dags/example_external_task_marker_dag.py
[2024-09-22T23:49:30.890+0000] {processor.py:914} INFO - Processing file /home/airflow/.local/lib/python3.12/site-packages/airflow/example_dags/example_external_task_marker_dag.py for tasks to queue
[2024-09-22T23:49:30.893+0000] {logging_mixin.py:190} INFO - [2024-09-22T23:49:30.892+0000] {dagbag.py:587} INFO - Filling up the DagBag from /home/airflow/.local/lib/python3.12/site-packages/airflow/example_dags/example_external_task_marker_dag.py
[2024-09-22T23:49:30.909+0000] {processor.py:925} INFO - DAG(s) 'example_external_task_marker_parent', 'example_external_task_marker_child' retrieved from /home/airflow/.local/lib/python3.12/site-packages/airflow/example_dags/example_external_task_marker_dag.py
[2024-09-22T23:49:30.942+0000] {logging_mixin.py:190} INFO - [2024-09-22T23:49:30.941+0000] {dag.py:3229} INFO - Sync 2 DAGs
[2024-09-22T23:49:30.967+0000] {logging_mixin.py:190} INFO - [2024-09-22T23:49:30.967+0000] {dag.py:4156} INFO - Setting next_dagrun for example_external_task_marker_child to None, run_after=None
[2024-09-22T23:49:30.974+0000] {logging_mixin.py:190} INFO - [2024-09-22T23:49:30.974+0000] {dag.py:4156} INFO - Setting next_dagrun for example_external_task_marker_parent to None, run_after=None
[2024-09-22T23:49:31.000+0000] {processor.py:208} INFO - Processing /home/airflow/.local/lib/python3.12/site-packages/airflow/example_dags/example_external_task_marker_dag.py took 0.121 seconds
[2024-09-22T23:50:01.452+0000] {processor.py:186} INFO - Started process (PID=479) to work on /home/airflow/.local/lib/python3.12/site-packages/airflow/example_dags/example_external_task_marker_dag.py
[2024-09-22T23:50:01.455+0000] {processor.py:914} INFO - Processing file /home/airflow/.local/lib/python3.12/site-packages/airflow/example_dags/example_external_task_marker_dag.py for tasks to queue
[2024-09-22T23:50:01.458+0000] {logging_mixin.py:190} INFO - [2024-09-22T23:50:01.458+0000] {dagbag.py:587} INFO - Filling up the DagBag from /home/airflow/.local/lib/python3.12/site-packages/airflow/example_dags/example_external_task_marker_dag.py
[2024-09-22T23:50:01.480+0000] {processor.py:925} INFO - DAG(s) 'example_external_task_marker_child', 'example_external_task_marker_parent' retrieved from /home/airflow/.local/lib/python3.12/site-packages/airflow/example_dags/example_external_task_marker_dag.py
[2024-09-22T23:50:01.518+0000] {logging_mixin.py:190} INFO - [2024-09-22T23:50:01.517+0000] {dag.py:3229} INFO - Sync 2 DAGs
[2024-09-22T23:50:01.553+0000] {logging_mixin.py:190} INFO - [2024-09-22T23:50:01.552+0000] {dag.py:4156} INFO - Setting next_dagrun for example_external_task_marker_child to None, run_after=None
[2024-09-22T23:50:01.560+0000] {logging_mixin.py:190} INFO - [2024-09-22T23:50:01.560+0000] {dag.py:4156} INFO - Setting next_dagrun for example_external_task_marker_parent to None, run_after=None
[2024-09-22T23:50:01.591+0000] {processor.py:208} INFO - Processing /home/airflow/.local/lib/python3.12/site-packages/airflow/example_dags/example_external_task_marker_dag.py took 0.152 seconds
[2024-09-22T23:50:32.750+0000] {processor.py:186} INFO - Started process (PID=542) to work on /home/airflow/.local/lib/python3.12/site-packages/airflow/example_dags/example_external_task_marker_dag.py
[2024-09-22T23:50:32.752+0000] {processor.py:914} INFO - Processing file /home/airflow/.local/lib/python3.12/site-packages/airflow/example_dags/example_external_task_marker_dag.py for tasks to queue
[2024-09-22T23:50:32.757+0000] {logging_mixin.py:190} INFO - [2024-09-22T23:50:32.757+0000] {dagbag.py:587} INFO - Filling up the DagBag from /home/airflow/.local/lib/python3.12/site-packages/airflow/example_dags/example_external_task_marker_dag.py
[2024-09-22T23:50:32.781+0000] {processor.py:925} INFO - DAG(s) 'example_external_task_marker_child', 'example_external_task_marker_parent' retrieved from /home/airflow/.local/lib/python3.12/site-packages/airflow/example_dags/example_external_task_marker_dag.py
[2024-09-22T23:50:32.815+0000] {logging_mixin.py:190} INFO - [2024-09-22T23:50:32.815+0000] {dag.py:3229} INFO - Sync 2 DAGs
[2024-09-22T23:50:32.836+0000] {logging_mixin.py:190} INFO - [2024-09-22T23:50:32.836+0000] {dag.py:4156} INFO - Setting next_dagrun for example_external_task_marker_child to None, run_after=None
[2024-09-22T23:50:32.842+0000] {logging_mixin.py:190} INFO - [2024-09-22T23:50:32.842+0000] {dag.py:4156} INFO - Setting next_dagrun for example_external_task_marker_parent to None, run_after=None
[2024-09-22T23:50:32.864+0000] {processor.py:208} INFO - Processing /home/airflow/.local/lib/python3.12/site-packages/airflow/example_dags/example_external_task_marker_dag.py took 0.128 seconds
[2024-09-22T23:51:03.183+0000] {processor.py:186} INFO - Started process (PID=605) to work on /home/airflow/.local/lib/python3.12/site-packages/airflow/example_dags/example_external_task_marker_dag.py
[2024-09-22T23:51:03.184+0000] {processor.py:914} INFO - Processing file /home/airflow/.local/lib/python3.12/site-packages/airflow/example_dags/example_external_task_marker_dag.py for tasks to queue
[2024-09-22T23:51:03.187+0000] {logging_mixin.py:190} INFO - [2024-09-22T23:51:03.187+0000] {dagbag.py:587} INFO - Filling up the DagBag from /home/airflow/.local/lib/python3.12/site-packages/airflow/example_dags/example_external_task_marker_dag.py
[2024-09-22T23:51:03.205+0000] {processor.py:925} INFO - DAG(s) 'example_external_task_marker_parent', 'example_external_task_marker_child' retrieved from /home/airflow/.local/lib/python3.12/site-packages/airflow/example_dags/example_external_task_marker_dag.py
[2024-09-22T23:51:03.241+0000] {logging_mixin.py:190} INFO - [2024-09-22T23:51:03.240+0000] {dag.py:3229} INFO - Sync 2 DAGs
[2024-09-22T23:51:03.263+0000] {logging_mixin.py:190} INFO - [2024-09-22T23:51:03.263+0000] {dag.py:4156} INFO - Setting next_dagrun for example_external_task_marker_child to None, run_after=None
[2024-09-22T23:51:03.270+0000] {logging_mixin.py:190} INFO - [2024-09-22T23:51:03.270+0000] {dag.py:4156} INFO - Setting next_dagrun for example_external_task_marker_parent to None, run_after=None
[2024-09-22T23:51:03.295+0000] {processor.py:208} INFO - Processing /home/airflow/.local/lib/python3.12/site-packages/airflow/example_dags/example_external_task_marker_dag.py took 0.123 seconds
[2024-09-22T23:51:33.467+0000] {processor.py:186} INFO - Started process (PID=668) to work on /home/airflow/.local/lib/python3.12/site-packages/airflow/example_dags/example_external_task_marker_dag.py
[2024-09-22T23:51:33.469+0000] {processor.py:914} INFO - Processing file /home/airflow/.local/lib/python3.12/site-packages/airflow/example_dags/example_external_task_marker_dag.py for tasks to queue
[2024-09-22T23:51:33.473+0000] {logging_mixin.py:190} INFO - [2024-09-22T23:51:33.472+0000] {dagbag.py:587} INFO - Filling up the DagBag from /home/airflow/.local/lib/python3.12/site-packages/airflow/example_dags/example_external_task_marker_dag.py
[2024-09-22T23:51:33.490+0000] {processor.py:925} INFO - DAG(s) 'example_external_task_marker_child', 'example_external_task_marker_parent' retrieved from /home/airflow/.local/lib/python3.12/site-packages/airflow/example_dags/example_external_task_marker_dag.py
[2024-09-22T23:51:33.524+0000] {logging_mixin.py:190} INFO - [2024-09-22T23:51:33.524+0000] {dag.py:3229} INFO - Sync 2 DAGs
[2024-09-22T23:51:33.552+0000] {logging_mixin.py:190} INFO - [2024-09-22T23:51:33.552+0000] {dag.py:4156} INFO - Setting next_dagrun for example_external_task_marker_child to None, run_after=None
[2024-09-22T23:51:33.561+0000] {logging_mixin.py:190} INFO - [2024-09-22T23:51:33.560+0000] {dag.py:4156} INFO - Setting next_dagrun for example_external_task_marker_parent to None, run_after=None
[2024-09-22T23:51:33.591+0000] {processor.py:208} INFO - Processing /home/airflow/.local/lib/python3.12/site-packages/airflow/example_dags/example_external_task_marker_dag.py took 0.137 seconds
[2024-09-22T23:52:03.930+0000] {processor.py:186} INFO - Started process (PID=731) to work on /home/airflow/.local/lib/python3.12/site-packages/airflow/example_dags/example_external_task_marker_dag.py
[2024-09-22T23:52:03.933+0000] {processor.py:914} INFO - Processing file /home/airflow/.local/lib/python3.12/site-packages/airflow/example_dags/example_external_task_marker_dag.py for tasks to queue
[2024-09-22T23:52:03.936+0000] {logging_mixin.py:190} INFO - [2024-09-22T23:52:03.936+0000] {dagbag.py:587} INFO - Filling up the DagBag from /home/airflow/.local/lib/python3.12/site-packages/airflow/example_dags/example_external_task_marker_dag.py
[2024-09-22T23:52:03.953+0000] {processor.py:925} INFO - DAG(s) 'example_external_task_marker_parent', 'example_external_task_marker_child' retrieved from /home/airflow/.local/lib/python3.12/site-packages/airflow/example_dags/example_external_task_marker_dag.py
[2024-09-22T23:52:03.984+0000] {logging_mixin.py:190} INFO - [2024-09-22T23:52:03.984+0000] {dag.py:3229} INFO - Sync 2 DAGs
[2024-09-22T23:52:04.005+0000] {logging_mixin.py:190} INFO - [2024-09-22T23:52:04.004+0000] {dag.py:4156} INFO - Setting next_dagrun for example_external_task_marker_child to None, run_after=None
[2024-09-22T23:52:04.010+0000] {logging_mixin.py:190} INFO - [2024-09-22T23:52:04.009+0000] {dag.py:4156} INFO - Setting next_dagrun for example_external_task_marker_parent to None, run_after=None
[2024-09-22T23:52:04.031+0000] {processor.py:208} INFO - Processing /home/airflow/.local/lib/python3.12/site-packages/airflow/example_dags/example_external_task_marker_dag.py took 0.110 seconds
[2024-09-22T23:52:34.291+0000] {processor.py:186} INFO - Started process (PID=794) to work on /home/airflow/.local/lib/python3.12/site-packages/airflow/example_dags/example_external_task_marker_dag.py
[2024-09-22T23:52:34.293+0000] {processor.py:914} INFO - Processing file /home/airflow/.local/lib/python3.12/site-packages/airflow/example_dags/example_external_task_marker_dag.py for tasks to queue
[2024-09-22T23:52:34.297+0000] {logging_mixin.py:190} INFO - [2024-09-22T23:52:34.296+0000] {dagbag.py:587} INFO - Filling up the DagBag from /home/airflow/.local/lib/python3.12/site-packages/airflow/example_dags/example_external_task_marker_dag.py
[2024-09-22T23:52:34.317+0000] {processor.py:925} INFO - DAG(s) 'example_external_task_marker_parent', 'example_external_task_marker_child' retrieved from /home/airflow/.local/lib/python3.12/site-packages/airflow/example_dags/example_external_task_marker_dag.py
[2024-09-22T23:52:34.351+0000] {logging_mixin.py:190} INFO - [2024-09-22T23:52:34.350+0000] {dag.py:3229} INFO - Sync 2 DAGs
[2024-09-22T23:52:34.371+0000] {logging_mixin.py:190} INFO - [2024-09-22T23:52:34.371+0000] {dag.py:4156} INFO - Setting next_dagrun for example_external_task_marker_child to None, run_after=None
[2024-09-22T23:52:34.376+0000] {logging_mixin.py:190} INFO - [2024-09-22T23:52:34.376+0000] {dag.py:4156} INFO - Setting next_dagrun for example_external_task_marker_parent to None, run_after=None
[2024-09-22T23:52:34.396+0000] {processor.py:208} INFO - Processing /home/airflow/.local/lib/python3.12/site-packages/airflow/example_dags/example_external_task_marker_dag.py took 0.114 seconds
[2024-09-22T23:53:04.658+0000] {processor.py:186} INFO - Started process (PID=857) to work on /home/airflow/.local/lib/python3.12/site-packages/airflow/example_dags/example_external_task_marker_dag.py
[2024-09-22T23:53:04.659+0000] {processor.py:914} INFO - Processing file /home/airflow/.local/lib/python3.12/site-packages/airflow/example_dags/example_external_task_marker_dag.py for tasks to queue
[2024-09-22T23:53:04.662+0000] {logging_mixin.py:190} INFO - [2024-09-22T23:53:04.662+0000] {dagbag.py:587} INFO - Filling up the DagBag from /home/airflow/.local/lib/python3.12/site-packages/airflow/example_dags/example_external_task_marker_dag.py
[2024-09-22T23:53:04.679+0000] {processor.py:925} INFO - DAG(s) 'example_external_task_marker_child', 'example_external_task_marker_parent' retrieved from /home/airflow/.local/lib/python3.12/site-packages/airflow/example_dags/example_external_task_marker_dag.py
[2024-09-22T23:53:04.714+0000] {logging_mixin.py:190} INFO - [2024-09-22T23:53:04.713+0000] {dag.py:3229} INFO - Sync 2 DAGs
[2024-09-22T23:53:04.734+0000] {logging_mixin.py:190} INFO - [2024-09-22T23:53:04.734+0000] {dag.py:4156} INFO - Setting next_dagrun for example_external_task_marker_child to None, run_after=None
[2024-09-22T23:53:04.740+0000] {logging_mixin.py:190} INFO - [2024-09-22T23:53:04.739+0000] {dag.py:4156} INFO - Setting next_dagrun for example_external_task_marker_parent to None, run_after=None
[2024-09-22T23:53:04.764+0000] {processor.py:208} INFO - Processing /home/airflow/.local/lib/python3.12/site-packages/airflow/example_dags/example_external_task_marker_dag.py took 0.116 seconds
[2024-09-22T23:53:36.069+0000] {processor.py:186} INFO - Started process (PID=919) to work on /home/airflow/.local/lib/python3.12/site-packages/airflow/example_dags/example_external_task_marker_dag.py
[2024-09-22T23:53:36.072+0000] {processor.py:914} INFO - Processing file /home/airflow/.local/lib/python3.12/site-packages/airflow/example_dags/example_external_task_marker_dag.py for tasks to queue
[2024-09-22T23:53:36.081+0000] {logging_mixin.py:190} INFO - [2024-09-22T23:53:36.078+0000] {dagbag.py:587} INFO - Filling up the DagBag from /home/airflow/.local/lib/python3.12/site-packages/airflow/example_dags/example_external_task_marker_dag.py
[2024-09-22T23:53:36.126+0000] {processor.py:925} INFO - DAG(s) 'example_external_task_marker_child', 'example_external_task_marker_parent' retrieved from /home/airflow/.local/lib/python3.12/site-packages/airflow/example_dags/example_external_task_marker_dag.py
[2024-09-22T23:53:36.203+0000] {logging_mixin.py:190} INFO - [2024-09-22T23:53:36.203+0000] {dag.py:3229} INFO - Sync 2 DAGs
[2024-09-22T23:53:36.259+0000] {logging_mixin.py:190} INFO - [2024-09-22T23:53:36.259+0000] {dag.py:4156} INFO - Setting next_dagrun for example_external_task_marker_child to None, run_after=None
[2024-09-22T23:53:36.271+0000] {logging_mixin.py:190} INFO - [2024-09-22T23:53:36.271+0000] {dag.py:4156} INFO - Setting next_dagrun for example_external_task_marker_parent to None, run_after=None
[2024-09-22T23:53:36.320+0000] {processor.py:208} INFO - Processing /home/airflow/.local/lib/python3.12/site-packages/airflow/example_dags/example_external_task_marker_dag.py took 0.278 seconds
[2024-09-22T23:54:06.701+0000] {processor.py:186} INFO - Started process (PID=982) to work on /home/airflow/.local/lib/python3.12/site-packages/airflow/example_dags/example_external_task_marker_dag.py
[2024-09-22T23:54:06.702+0000] {processor.py:914} INFO - Processing file /home/airflow/.local/lib/python3.12/site-packages/airflow/example_dags/example_external_task_marker_dag.py for tasks to queue
[2024-09-22T23:54:06.706+0000] {logging_mixin.py:190} INFO - [2024-09-22T23:54:06.705+0000] {dagbag.py:587} INFO - Filling up the DagBag from /home/airflow/.local/lib/python3.12/site-packages/airflow/example_dags/example_external_task_marker_dag.py
[2024-09-22T23:54:06.724+0000] {processor.py:925} INFO - DAG(s) 'example_external_task_marker_parent', 'example_external_task_marker_child' retrieved from /home/airflow/.local/lib/python3.12/site-packages/airflow/example_dags/example_external_task_marker_dag.py
[2024-09-22T23:54:06.757+0000] {logging_mixin.py:190} INFO - [2024-09-22T23:54:06.756+0000] {dag.py:3229} INFO - Sync 2 DAGs
[2024-09-22T23:54:06.778+0000] {logging_mixin.py:190} INFO - [2024-09-22T23:54:06.777+0000] {dag.py:4156} INFO - Setting next_dagrun for example_external_task_marker_child to None, run_after=None
[2024-09-22T23:54:06.783+0000] {logging_mixin.py:190} INFO - [2024-09-22T23:54:06.782+0000] {dag.py:4156} INFO - Setting next_dagrun for example_external_task_marker_parent to None, run_after=None
[2024-09-22T23:54:06.805+0000] {processor.py:208} INFO - Processing /home/airflow/.local/lib/python3.12/site-packages/airflow/example_dags/example_external_task_marker_dag.py took 0.114 seconds
[2024-09-22T23:54:37.366+0000] {processor.py:186} INFO - Started process (PID=1045) to work on /home/airflow/.local/lib/python3.12/site-packages/airflow/example_dags/example_external_task_marker_dag.py
[2024-09-22T23:54:37.369+0000] {processor.py:914} INFO - Processing file /home/airflow/.local/lib/python3.12/site-packages/airflow/example_dags/example_external_task_marker_dag.py for tasks to queue
[2024-09-22T23:54:37.373+0000] {logging_mixin.py:190} INFO - [2024-09-22T23:54:37.372+0000] {dagbag.py:587} INFO - Filling up the DagBag from /home/airflow/.local/lib/python3.12/site-packages/airflow/example_dags/example_external_task_marker_dag.py
[2024-09-22T23:54:37.390+0000] {processor.py:925} INFO - DAG(s) 'example_external_task_marker_child', 'example_external_task_marker_parent' retrieved from /home/airflow/.local/lib/python3.12/site-packages/airflow/example_dags/example_external_task_marker_dag.py
[2024-09-22T23:54:37.431+0000] {logging_mixin.py:190} INFO - [2024-09-22T23:54:37.431+0000] {dag.py:3229} INFO - Sync 2 DAGs
[2024-09-22T23:54:37.453+0000] {logging_mixin.py:190} INFO - [2024-09-22T23:54:37.452+0000] {dag.py:4156} INFO - Setting next_dagrun for example_external_task_marker_child to None, run_after=None
[2024-09-22T23:54:37.458+0000] {logging_mixin.py:190} INFO - [2024-09-22T23:54:37.458+0000] {dag.py:4156} INFO - Setting next_dagrun for example_external_task_marker_parent to None, run_after=None
[2024-09-22T23:54:37.479+0000] {processor.py:208} INFO - Processing /home/airflow/.local/lib/python3.12/site-packages/airflow/example_dags/example_external_task_marker_dag.py took 0.123 seconds
[2024-09-22T23:55:08.092+0000] {processor.py:186} INFO - Started process (PID=1108) to work on /home/airflow/.local/lib/python3.12/site-packages/airflow/example_dags/example_external_task_marker_dag.py
[2024-09-22T23:55:08.094+0000] {processor.py:914} INFO - Processing file /home/airflow/.local/lib/python3.12/site-packages/airflow/example_dags/example_external_task_marker_dag.py for tasks to queue
[2024-09-22T23:55:08.098+0000] {logging_mixin.py:190} INFO - [2024-09-22T23:55:08.098+0000] {dagbag.py:587} INFO - Filling up the DagBag from /home/airflow/.local/lib/python3.12/site-packages/airflow/example_dags/example_external_task_marker_dag.py
[2024-09-22T23:55:08.119+0000] {processor.py:925} INFO - DAG(s) 'example_external_task_marker_child', 'example_external_task_marker_parent' retrieved from /home/airflow/.local/lib/python3.12/site-packages/airflow/example_dags/example_external_task_marker_dag.py
[2024-09-22T23:55:08.158+0000] {logging_mixin.py:190} INFO - [2024-09-22T23:55:08.157+0000] {dag.py:3229} INFO - Sync 2 DAGs
[2024-09-22T23:55:08.181+0000] {logging_mixin.py:190} INFO - [2024-09-22T23:55:08.180+0000] {dag.py:4156} INFO - Setting next_dagrun for example_external_task_marker_child to None, run_after=None
[2024-09-22T23:55:08.187+0000] {logging_mixin.py:190} INFO - [2024-09-22T23:55:08.187+0000] {dag.py:4156} INFO - Setting next_dagrun for example_external_task_marker_parent to None, run_after=None
[2024-09-22T23:55:08.215+0000] {processor.py:208} INFO - Processing /home/airflow/.local/lib/python3.12/site-packages/airflow/example_dags/example_external_task_marker_dag.py took 0.134 seconds
[2024-09-22T23:55:38.420+0000] {processor.py:186} INFO - Started process (PID=1170) to work on /home/airflow/.local/lib/python3.12/site-packages/airflow/example_dags/example_external_task_marker_dag.py
[2024-09-22T23:55:38.422+0000] {processor.py:914} INFO - Processing file /home/airflow/.local/lib/python3.12/site-packages/airflow/example_dags/example_external_task_marker_dag.py for tasks to queue
[2024-09-22T23:55:38.425+0000] {logging_mixin.py:190} INFO - [2024-09-22T23:55:38.425+0000] {dagbag.py:587} INFO - Filling up the DagBag from /home/airflow/.local/lib/python3.12/site-packages/airflow/example_dags/example_external_task_marker_dag.py
[2024-09-22T23:55:38.443+0000] {processor.py:925} INFO - DAG(s) 'example_external_task_marker_parent', 'example_external_task_marker_child' retrieved from /home/airflow/.local/lib/python3.12/site-packages/airflow/example_dags/example_external_task_marker_dag.py
[2024-09-22T23:55:38.477+0000] {logging_mixin.py:190} INFO - [2024-09-22T23:55:38.476+0000] {dag.py:3229} INFO - Sync 2 DAGs
[2024-09-22T23:55:38.498+0000] {logging_mixin.py:190} INFO - [2024-09-22T23:55:38.498+0000] {dag.py:4156} INFO - Setting next_dagrun for example_external_task_marker_child to None, run_after=None
[2024-09-22T23:55:38.503+0000] {logging_mixin.py:190} INFO - [2024-09-22T23:55:38.502+0000] {dag.py:4156} INFO - Setting next_dagrun for example_external_task_marker_parent to None, run_after=None
[2024-09-22T23:55:38.538+0000] {processor.py:208} INFO - Processing /home/airflow/.local/lib/python3.12/site-packages/airflow/example_dags/example_external_task_marker_dag.py took 0.129 seconds
[2024-09-22T23:58:05.652+0000] {processor.py:186} INFO - Started process (PID=100) to work on /home/airflow/.local/lib/python3.12/site-packages/airflow/example_dags/example_external_task_marker_dag.py
[2024-09-22T23:58:05.654+0000] {processor.py:914} INFO - Processing file /home/airflow/.local/lib/python3.12/site-packages/airflow/example_dags/example_external_task_marker_dag.py for tasks to queue
[2024-09-22T23:58:05.659+0000] {logging_mixin.py:190} INFO - [2024-09-22T23:58:05.658+0000] {dagbag.py:587} INFO - Filling up the DagBag from /home/airflow/.local/lib/python3.12/site-packages/airflow/example_dags/example_external_task_marker_dag.py
[2024-09-22T23:58:05.682+0000] {processor.py:925} INFO - DAG(s) 'example_external_task_marker_parent', 'example_external_task_marker_child' retrieved from /home/airflow/.local/lib/python3.12/site-packages/airflow/example_dags/example_external_task_marker_dag.py
[2024-09-22T23:58:05.731+0000] {logging_mixin.py:190} INFO - [2024-09-22T23:58:05.731+0000] {dag.py:3229} INFO - Sync 2 DAGs
[2024-09-22T23:58:05.775+0000] {logging_mixin.py:190} INFO - [2024-09-22T23:58:05.774+0000] {dag.py:4156} INFO - Setting next_dagrun for example_external_task_marker_child to None, run_after=None
[2024-09-22T23:58:05.786+0000] {logging_mixin.py:190} INFO - [2024-09-22T23:58:05.786+0000] {dag.py:4156} INFO - Setting next_dagrun for example_external_task_marker_parent to None, run_after=None
[2024-09-22T23:58:05.833+0000] {processor.py:208} INFO - Processing /home/airflow/.local/lib/python3.12/site-packages/airflow/example_dags/example_external_task_marker_dag.py took 0.196 seconds
[2024-09-22T23:58:36.349+0000] {processor.py:186} INFO - Started process (PID=163) to work on /home/airflow/.local/lib/python3.12/site-packages/airflow/example_dags/example_external_task_marker_dag.py
[2024-09-22T23:58:36.350+0000] {processor.py:914} INFO - Processing file /home/airflow/.local/lib/python3.12/site-packages/airflow/example_dags/example_external_task_marker_dag.py for tasks to queue
[2024-09-22T23:58:36.354+0000] {logging_mixin.py:190} INFO - [2024-09-22T23:58:36.353+0000] {dagbag.py:587} INFO - Filling up the DagBag from /home/airflow/.local/lib/python3.12/site-packages/airflow/example_dags/example_external_task_marker_dag.py
[2024-09-22T23:58:36.371+0000] {processor.py:925} INFO - DAG(s) 'example_external_task_marker_child', 'example_external_task_marker_parent' retrieved from /home/airflow/.local/lib/python3.12/site-packages/airflow/example_dags/example_external_task_marker_dag.py
[2024-09-22T23:58:36.404+0000] {logging_mixin.py:190} INFO - [2024-09-22T23:58:36.404+0000] {dag.py:3229} INFO - Sync 2 DAGs
[2024-09-22T23:58:36.427+0000] {logging_mixin.py:190} INFO - [2024-09-22T23:58:36.427+0000] {dag.py:4156} INFO - Setting next_dagrun for example_external_task_marker_child to None, run_after=None
[2024-09-22T23:58:36.433+0000] {logging_mixin.py:190} INFO - [2024-09-22T23:58:36.432+0000] {dag.py:4156} INFO - Setting next_dagrun for example_external_task_marker_parent to None, run_after=None
[2024-09-22T23:58:36.454+0000] {processor.py:208} INFO - Processing /home/airflow/.local/lib/python3.12/site-packages/airflow/example_dags/example_external_task_marker_dag.py took 0.115 seconds
[2024-09-22T23:59:07.220+0000] {processor.py:186} INFO - Started process (PID=226) to work on /home/airflow/.local/lib/python3.12/site-packages/airflow/example_dags/example_external_task_marker_dag.py
[2024-09-22T23:59:07.222+0000] {processor.py:914} INFO - Processing file /home/airflow/.local/lib/python3.12/site-packages/airflow/example_dags/example_external_task_marker_dag.py for tasks to queue
[2024-09-22T23:59:07.225+0000] {logging_mixin.py:190} INFO - [2024-09-22T23:59:07.225+0000] {dagbag.py:587} INFO - Filling up the DagBag from /home/airflow/.local/lib/python3.12/site-packages/airflow/example_dags/example_external_task_marker_dag.py
[2024-09-22T23:59:07.242+0000] {processor.py:925} INFO - DAG(s) 'example_external_task_marker_child', 'example_external_task_marker_parent' retrieved from /home/airflow/.local/lib/python3.12/site-packages/airflow/example_dags/example_external_task_marker_dag.py
[2024-09-22T23:59:07.275+0000] {logging_mixin.py:190} INFO - [2024-09-22T23:59:07.274+0000] {dag.py:3229} INFO - Sync 2 DAGs
[2024-09-22T23:59:07.295+0000] {logging_mixin.py:190} INFO - [2024-09-22T23:59:07.295+0000] {dag.py:4156} INFO - Setting next_dagrun for example_external_task_marker_child to None, run_after=None
[2024-09-22T23:59:07.300+0000] {logging_mixin.py:190} INFO - [2024-09-22T23:59:07.300+0000] {dag.py:4156} INFO - Setting next_dagrun for example_external_task_marker_parent to None, run_after=None
[2024-09-22T23:59:07.321+0000] {processor.py:208} INFO - Processing /home/airflow/.local/lib/python3.12/site-packages/airflow/example_dags/example_external_task_marker_dag.py took 0.111 seconds
[2024-09-22T23:59:37.828+0000] {processor.py:186} INFO - Started process (PID=289) to work on /home/airflow/.local/lib/python3.12/site-packages/airflow/example_dags/example_external_task_marker_dag.py
[2024-09-22T23:59:37.830+0000] {processor.py:914} INFO - Processing file /home/airflow/.local/lib/python3.12/site-packages/airflow/example_dags/example_external_task_marker_dag.py for tasks to queue
[2024-09-22T23:59:37.833+0000] {logging_mixin.py:190} INFO - [2024-09-22T23:59:37.833+0000] {dagbag.py:587} INFO - Filling up the DagBag from /home/airflow/.local/lib/python3.12/site-packages/airflow/example_dags/example_external_task_marker_dag.py
[2024-09-22T23:59:37.851+0000] {processor.py:925} INFO - DAG(s) 'example_external_task_marker_parent', 'example_external_task_marker_child' retrieved from /home/airflow/.local/lib/python3.12/site-packages/airflow/example_dags/example_external_task_marker_dag.py
[2024-09-22T23:59:37.885+0000] {logging_mixin.py:190} INFO - [2024-09-22T23:59:37.885+0000] {dag.py:3229} INFO - Sync 2 DAGs
[2024-09-22T23:59:37.905+0000] {logging_mixin.py:190} INFO - [2024-09-22T23:59:37.905+0000] {dag.py:4156} INFO - Setting next_dagrun for example_external_task_marker_child to None, run_after=None
[2024-09-22T23:59:37.910+0000] {logging_mixin.py:190} INFO - [2024-09-22T23:59:37.910+0000] {dag.py:4156} INFO - Setting next_dagrun for example_external_task_marker_parent to None, run_after=None
[2024-09-22T23:59:37.931+0000] {processor.py:208} INFO - Processing /home/airflow/.local/lib/python3.12/site-packages/airflow/example_dags/example_external_task_marker_dag.py took 0.113 seconds
