[2024-09-22T23:26:27.266+0000] {processor.py:186} INFO - Started process (PID=108) to work on /home/airflow/.local/lib/python3.12/site-packages/airflow/example_dags/example_complex.py
[2024-09-22T23:26:27.268+0000] {processor.py:914} INFO - Processing file /home/airflow/.local/lib/python3.12/site-packages/airflow/example_dags/example_complex.py for tasks to queue
[2024-09-22T23:26:27.271+0000] {logging_mixin.py:190} INFO - [2024-09-22T23:26:27.270+0000] {dagbag.py:587} INFO - Filling up the DagBag from /home/airflow/.local/lib/python3.12/site-packages/airflow/example_dags/example_complex.py
[2024-09-22T23:26:27.294+0000] {processor.py:925} INFO - DAG(s) 'example_complex' retrieved from /home/airflow/.local/lib/python3.12/site-packages/airflow/example_dags/example_complex.py
[2024-09-22T23:26:27.485+0000] {logging_mixin.py:190} INFO - [2024-09-22T23:26:27.485+0000] {override.py:1900} INFO - Created Permission View: can edit on DAG:example_complex
[2024-09-22T23:26:27.499+0000] {logging_mixin.py:190} INFO - [2024-09-22T23:26:27.499+0000] {override.py:1900} INFO - Created Permission View: can read on DAG:example_complex
[2024-09-22T23:26:27.507+0000] {logging_mixin.py:190} INFO - [2024-09-22T23:26:27.506+0000] {override.py:1900} INFO - Created Permission View: can delete on DAG:example_complex
[2024-09-22T23:26:27.515+0000] {logging_mixin.py:190} INFO - [2024-09-22T23:26:27.515+0000] {override.py:1900} INFO - Created Permission View: can create on DAG Run:example_complex
[2024-09-22T23:26:27.524+0000] {logging_mixin.py:190} INFO - [2024-09-22T23:26:27.523+0000] {override.py:1900} INFO - Created Permission View: menu access on DAG Run:example_complex
[2024-09-22T23:26:27.532+0000] {logging_mixin.py:190} INFO - [2024-09-22T23:26:27.532+0000] {override.py:1900} INFO - Created Permission View: can read on DAG Run:example_complex
[2024-09-22T23:26:27.541+0000] {logging_mixin.py:190} INFO - [2024-09-22T23:26:27.540+0000] {override.py:1900} INFO - Created Permission View: can delete on DAG Run:example_complex
[2024-09-22T23:26:27.541+0000] {logging_mixin.py:190} INFO - [2024-09-22T23:26:27.541+0000] {dag.py:3229} INFO - Sync 1 DAGs
[2024-09-22T23:26:27.557+0000] {logging_mixin.py:190} INFO - [2024-09-22T23:26:27.557+0000] {dag.py:3252} INFO - Creating ORM DAG for example_complex
[2024-09-22T23:26:27.558+0000] {logging_mixin.py:190} INFO - [2024-09-22T23:26:27.558+0000] {dag.py:4156} INFO - Setting next_dagrun for example_complex to None, run_after=None
[2024-09-22T23:26:27.579+0000] {processor.py:208} INFO - Processing /home/airflow/.local/lib/python3.12/site-packages/airflow/example_dags/example_complex.py took 0.322 seconds
[2024-09-22T23:26:57.820+0000] {processor.py:186} INFO - Started process (PID=170) to work on /home/airflow/.local/lib/python3.12/site-packages/airflow/example_dags/example_complex.py
[2024-09-22T23:26:57.821+0000] {processor.py:914} INFO - Processing file /home/airflow/.local/lib/python3.12/site-packages/airflow/example_dags/example_complex.py for tasks to queue
[2024-09-22T23:26:57.824+0000] {logging_mixin.py:190} INFO - [2024-09-22T23:26:57.824+0000] {dagbag.py:587} INFO - Filling up the DagBag from /home/airflow/.local/lib/python3.12/site-packages/airflow/example_dags/example_complex.py
[2024-09-22T23:26:57.847+0000] {processor.py:925} INFO - DAG(s) 'example_complex' retrieved from /home/airflow/.local/lib/python3.12/site-packages/airflow/example_dags/example_complex.py
[2024-09-22T23:26:57.900+0000] {logging_mixin.py:190} INFO - [2024-09-22T23:26:57.900+0000] {dag.py:3229} INFO - Sync 1 DAGs
[2024-09-22T23:26:57.922+0000] {logging_mixin.py:190} INFO - [2024-09-22T23:26:57.921+0000] {dag.py:4156} INFO - Setting next_dagrun for example_complex to None, run_after=None
[2024-09-22T23:26:57.948+0000] {processor.py:208} INFO - Processing /home/airflow/.local/lib/python3.12/site-packages/airflow/example_dags/example_complex.py took 0.139 seconds
[2024-09-22T23:27:28.977+0000] {processor.py:186} INFO - Started process (PID=232) to work on /home/airflow/.local/lib/python3.12/site-packages/airflow/example_dags/example_complex.py
[2024-09-22T23:27:28.979+0000] {processor.py:914} INFO - Processing file /home/airflow/.local/lib/python3.12/site-packages/airflow/example_dags/example_complex.py for tasks to queue
[2024-09-22T23:27:28.983+0000] {logging_mixin.py:190} INFO - [2024-09-22T23:27:28.982+0000] {dagbag.py:587} INFO - Filling up the DagBag from /home/airflow/.local/lib/python3.12/site-packages/airflow/example_dags/example_complex.py
[2024-09-22T23:27:29.009+0000] {processor.py:925} INFO - DAG(s) 'example_complex' retrieved from /home/airflow/.local/lib/python3.12/site-packages/airflow/example_dags/example_complex.py
[2024-09-22T23:27:29.052+0000] {logging_mixin.py:190} INFO - [2024-09-22T23:27:29.052+0000] {dag.py:3229} INFO - Sync 1 DAGs
[2024-09-22T23:27:29.074+0000] {logging_mixin.py:190} INFO - [2024-09-22T23:27:29.073+0000] {dag.py:4156} INFO - Setting next_dagrun for example_complex to None, run_after=None
[2024-09-22T23:27:29.099+0000] {processor.py:208} INFO - Processing /home/airflow/.local/lib/python3.12/site-packages/airflow/example_dags/example_complex.py took 0.131 seconds
[2024-09-22T23:27:59.478+0000] {processor.py:186} INFO - Started process (PID=294) to work on /home/airflow/.local/lib/python3.12/site-packages/airflow/example_dags/example_complex.py
[2024-09-22T23:27:59.479+0000] {processor.py:914} INFO - Processing file /home/airflow/.local/lib/python3.12/site-packages/airflow/example_dags/example_complex.py for tasks to queue
[2024-09-22T23:27:59.482+0000] {logging_mixin.py:190} INFO - [2024-09-22T23:27:59.481+0000] {dagbag.py:587} INFO - Filling up the DagBag from /home/airflow/.local/lib/python3.12/site-packages/airflow/example_dags/example_complex.py
[2024-09-22T23:27:59.506+0000] {processor.py:925} INFO - DAG(s) 'example_complex' retrieved from /home/airflow/.local/lib/python3.12/site-packages/airflow/example_dags/example_complex.py
[2024-09-22T23:27:59.547+0000] {logging_mixin.py:190} INFO - [2024-09-22T23:27:59.547+0000] {dag.py:3229} INFO - Sync 1 DAGs
[2024-09-22T23:27:59.568+0000] {logging_mixin.py:190} INFO - [2024-09-22T23:27:59.567+0000] {dag.py:4156} INFO - Setting next_dagrun for example_complex to None, run_after=None
[2024-09-22T23:27:59.593+0000] {processor.py:208} INFO - Processing /home/airflow/.local/lib/python3.12/site-packages/airflow/example_dags/example_complex.py took 0.125 seconds
[2024-09-22T23:28:30.769+0000] {processor.py:186} INFO - Started process (PID=362) to work on /home/airflow/.local/lib/python3.12/site-packages/airflow/example_dags/example_complex.py
[2024-09-22T23:28:30.771+0000] {processor.py:914} INFO - Processing file /home/airflow/.local/lib/python3.12/site-packages/airflow/example_dags/example_complex.py for tasks to queue
[2024-09-22T23:28:30.775+0000] {logging_mixin.py:190} INFO - [2024-09-22T23:28:30.774+0000] {dagbag.py:587} INFO - Filling up the DagBag from /home/airflow/.local/lib/python3.12/site-packages/airflow/example_dags/example_complex.py
[2024-09-22T23:28:30.814+0000] {processor.py:925} INFO - DAG(s) 'example_complex' retrieved from /home/airflow/.local/lib/python3.12/site-packages/airflow/example_dags/example_complex.py
[2024-09-22T23:28:30.881+0000] {logging_mixin.py:190} INFO - [2024-09-22T23:28:30.881+0000] {dag.py:3229} INFO - Sync 1 DAGs
[2024-09-22T23:28:30.907+0000] {logging_mixin.py:190} INFO - [2024-09-22T23:28:30.906+0000] {dag.py:4156} INFO - Setting next_dagrun for example_complex to None, run_after=None
[2024-09-22T23:28:30.932+0000] {processor.py:208} INFO - Processing /home/airflow/.local/lib/python3.12/site-packages/airflow/example_dags/example_complex.py took 0.172 seconds
[2024-09-22T23:29:01.341+0000] {processor.py:186} INFO - Started process (PID=424) to work on /home/airflow/.local/lib/python3.12/site-packages/airflow/example_dags/example_complex.py
[2024-09-22T23:29:01.343+0000] {processor.py:914} INFO - Processing file /home/airflow/.local/lib/python3.12/site-packages/airflow/example_dags/example_complex.py for tasks to queue
[2024-09-22T23:29:01.347+0000] {logging_mixin.py:190} INFO - [2024-09-22T23:29:01.346+0000] {dagbag.py:587} INFO - Filling up the DagBag from /home/airflow/.local/lib/python3.12/site-packages/airflow/example_dags/example_complex.py
[2024-09-22T23:29:01.377+0000] {processor.py:925} INFO - DAG(s) 'example_complex' retrieved from /home/airflow/.local/lib/python3.12/site-packages/airflow/example_dags/example_complex.py
[2024-09-22T23:29:01.427+0000] {logging_mixin.py:190} INFO - [2024-09-22T23:29:01.426+0000] {dag.py:3229} INFO - Sync 1 DAGs
[2024-09-22T23:29:01.455+0000] {logging_mixin.py:190} INFO - [2024-09-22T23:29:01.454+0000] {dag.py:4156} INFO - Setting next_dagrun for example_complex to None, run_after=None
[2024-09-22T23:29:01.481+0000] {processor.py:208} INFO - Processing /home/airflow/.local/lib/python3.12/site-packages/airflow/example_dags/example_complex.py took 0.152 seconds
[2024-09-22T23:29:31.798+0000] {processor.py:186} INFO - Started process (PID=486) to work on /home/airflow/.local/lib/python3.12/site-packages/airflow/example_dags/example_complex.py
[2024-09-22T23:29:31.801+0000] {processor.py:914} INFO - Processing file /home/airflow/.local/lib/python3.12/site-packages/airflow/example_dags/example_complex.py for tasks to queue
[2024-09-22T23:29:31.804+0000] {logging_mixin.py:190} INFO - [2024-09-22T23:29:31.804+0000] {dagbag.py:587} INFO - Filling up the DagBag from /home/airflow/.local/lib/python3.12/site-packages/airflow/example_dags/example_complex.py
[2024-09-22T23:29:31.828+0000] {processor.py:925} INFO - DAG(s) 'example_complex' retrieved from /home/airflow/.local/lib/python3.12/site-packages/airflow/example_dags/example_complex.py
[2024-09-22T23:29:31.876+0000] {logging_mixin.py:190} INFO - [2024-09-22T23:29:31.875+0000] {dag.py:3229} INFO - Sync 1 DAGs
[2024-09-22T23:29:31.903+0000] {logging_mixin.py:190} INFO - [2024-09-22T23:29:31.903+0000] {dag.py:4156} INFO - Setting next_dagrun for example_complex to None, run_after=None
[2024-09-22T23:29:31.931+0000] {processor.py:208} INFO - Processing /home/airflow/.local/lib/python3.12/site-packages/airflow/example_dags/example_complex.py took 0.142 seconds
[2024-09-22T23:30:02.761+0000] {processor.py:186} INFO - Started process (PID=548) to work on /home/airflow/.local/lib/python3.12/site-packages/airflow/example_dags/example_complex.py
[2024-09-22T23:30:02.762+0000] {processor.py:914} INFO - Processing file /home/airflow/.local/lib/python3.12/site-packages/airflow/example_dags/example_complex.py for tasks to queue
[2024-09-22T23:30:02.766+0000] {logging_mixin.py:190} INFO - [2024-09-22T23:30:02.766+0000] {dagbag.py:587} INFO - Filling up the DagBag from /home/airflow/.local/lib/python3.12/site-packages/airflow/example_dags/example_complex.py
[2024-09-22T23:30:02.791+0000] {processor.py:925} INFO - DAG(s) 'example_complex' retrieved from /home/airflow/.local/lib/python3.12/site-packages/airflow/example_dags/example_complex.py
[2024-09-22T23:30:02.848+0000] {logging_mixin.py:190} INFO - [2024-09-22T23:30:02.847+0000] {dag.py:3229} INFO - Sync 1 DAGs
[2024-09-22T23:30:02.868+0000] {logging_mixin.py:190} INFO - [2024-09-22T23:30:02.868+0000] {dag.py:4156} INFO - Setting next_dagrun for example_complex to None, run_after=None
[2024-09-22T23:30:02.894+0000] {processor.py:208} INFO - Processing /home/airflow/.local/lib/python3.12/site-packages/airflow/example_dags/example_complex.py took 0.143 seconds
[2024-09-22T23:30:33.889+0000] {processor.py:186} INFO - Started process (PID=610) to work on /home/airflow/.local/lib/python3.12/site-packages/airflow/example_dags/example_complex.py
[2024-09-22T23:30:33.891+0000] {processor.py:914} INFO - Processing file /home/airflow/.local/lib/python3.12/site-packages/airflow/example_dags/example_complex.py for tasks to queue
[2024-09-22T23:30:33.897+0000] {logging_mixin.py:190} INFO - [2024-09-22T23:30:33.896+0000] {dagbag.py:587} INFO - Filling up the DagBag from /home/airflow/.local/lib/python3.12/site-packages/airflow/example_dags/example_complex.py
[2024-09-22T23:30:33.924+0000] {processor.py:925} INFO - DAG(s) 'example_complex' retrieved from /home/airflow/.local/lib/python3.12/site-packages/airflow/example_dags/example_complex.py
[2024-09-22T23:30:33.976+0000] {logging_mixin.py:190} INFO - [2024-09-22T23:30:33.975+0000] {dag.py:3229} INFO - Sync 1 DAGs
[2024-09-22T23:30:33.996+0000] {logging_mixin.py:190} INFO - [2024-09-22T23:30:33.996+0000] {dag.py:4156} INFO - Setting next_dagrun for example_complex to None, run_after=None
[2024-09-22T23:30:34.024+0000] {processor.py:208} INFO - Processing /home/airflow/.local/lib/python3.12/site-packages/airflow/example_dags/example_complex.py took 0.144 seconds
[2024-09-22T23:31:04.963+0000] {processor.py:186} INFO - Started process (PID=672) to work on /home/airflow/.local/lib/python3.12/site-packages/airflow/example_dags/example_complex.py
[2024-09-22T23:31:04.964+0000] {processor.py:914} INFO - Processing file /home/airflow/.local/lib/python3.12/site-packages/airflow/example_dags/example_complex.py for tasks to queue
[2024-09-22T23:31:04.969+0000] {logging_mixin.py:190} INFO - [2024-09-22T23:31:04.968+0000] {dagbag.py:587} INFO - Filling up the DagBag from /home/airflow/.local/lib/python3.12/site-packages/airflow/example_dags/example_complex.py
[2024-09-22T23:31:05.003+0000] {processor.py:925} INFO - DAG(s) 'example_complex' retrieved from /home/airflow/.local/lib/python3.12/site-packages/airflow/example_dags/example_complex.py
[2024-09-22T23:31:05.069+0000] {logging_mixin.py:190} INFO - [2024-09-22T23:31:05.069+0000] {dag.py:3229} INFO - Sync 1 DAGs
[2024-09-22T23:31:05.098+0000] {logging_mixin.py:190} INFO - [2024-09-22T23:31:05.098+0000] {dag.py:4156} INFO - Setting next_dagrun for example_complex to None, run_after=None
[2024-09-22T23:31:05.133+0000] {processor.py:208} INFO - Processing /home/airflow/.local/lib/python3.12/site-packages/airflow/example_dags/example_complex.py took 0.182 seconds
[2024-09-22T23:31:36.035+0000] {processor.py:186} INFO - Started process (PID=734) to work on /home/airflow/.local/lib/python3.12/site-packages/airflow/example_dags/example_complex.py
[2024-09-22T23:31:36.037+0000] {processor.py:914} INFO - Processing file /home/airflow/.local/lib/python3.12/site-packages/airflow/example_dags/example_complex.py for tasks to queue
[2024-09-22T23:31:36.040+0000] {logging_mixin.py:190} INFO - [2024-09-22T23:31:36.040+0000] {dagbag.py:587} INFO - Filling up the DagBag from /home/airflow/.local/lib/python3.12/site-packages/airflow/example_dags/example_complex.py
[2024-09-22T23:31:36.065+0000] {processor.py:925} INFO - DAG(s) 'example_complex' retrieved from /home/airflow/.local/lib/python3.12/site-packages/airflow/example_dags/example_complex.py
[2024-09-22T23:31:36.114+0000] {logging_mixin.py:190} INFO - [2024-09-22T23:31:36.113+0000] {dag.py:3229} INFO - Sync 1 DAGs
[2024-09-22T23:31:36.134+0000] {logging_mixin.py:190} INFO - [2024-09-22T23:31:36.134+0000] {dag.py:4156} INFO - Setting next_dagrun for example_complex to None, run_after=None
[2024-09-22T23:31:36.162+0000] {processor.py:208} INFO - Processing /home/airflow/.local/lib/python3.12/site-packages/airflow/example_dags/example_complex.py took 0.136 seconds
[2024-09-22T23:32:07.445+0000] {processor.py:186} INFO - Started process (PID=797) to work on /home/airflow/.local/lib/python3.12/site-packages/airflow/example_dags/example_complex.py
[2024-09-22T23:32:07.446+0000] {processor.py:914} INFO - Processing file /home/airflow/.local/lib/python3.12/site-packages/airflow/example_dags/example_complex.py for tasks to queue
[2024-09-22T23:32:07.450+0000] {logging_mixin.py:190} INFO - [2024-09-22T23:32:07.449+0000] {dagbag.py:587} INFO - Filling up the DagBag from /home/airflow/.local/lib/python3.12/site-packages/airflow/example_dags/example_complex.py
[2024-09-22T23:32:07.472+0000] {processor.py:925} INFO - DAG(s) 'example_complex' retrieved from /home/airflow/.local/lib/python3.12/site-packages/airflow/example_dags/example_complex.py
[2024-09-22T23:32:07.515+0000] {logging_mixin.py:190} INFO - [2024-09-22T23:32:07.515+0000] {dag.py:3229} INFO - Sync 1 DAGs
[2024-09-22T23:32:07.535+0000] {logging_mixin.py:190} INFO - [2024-09-22T23:32:07.535+0000] {dag.py:4156} INFO - Setting next_dagrun for example_complex to None, run_after=None
[2024-09-22T23:32:07.560+0000] {processor.py:208} INFO - Processing /home/airflow/.local/lib/python3.12/site-packages/airflow/example_dags/example_complex.py took 0.124 seconds
[2024-09-22T23:32:38.355+0000] {processor.py:186} INFO - Started process (PID=860) to work on /home/airflow/.local/lib/python3.12/site-packages/airflow/example_dags/example_complex.py
[2024-09-22T23:32:38.357+0000] {processor.py:914} INFO - Processing file /home/airflow/.local/lib/python3.12/site-packages/airflow/example_dags/example_complex.py for tasks to queue
[2024-09-22T23:32:38.362+0000] {logging_mixin.py:190} INFO - [2024-09-22T23:32:38.361+0000] {dagbag.py:587} INFO - Filling up the DagBag from /home/airflow/.local/lib/python3.12/site-packages/airflow/example_dags/example_complex.py
[2024-09-22T23:32:38.387+0000] {processor.py:925} INFO - DAG(s) 'example_complex' retrieved from /home/airflow/.local/lib/python3.12/site-packages/airflow/example_dags/example_complex.py
[2024-09-22T23:32:38.429+0000] {logging_mixin.py:190} INFO - [2024-09-22T23:32:38.428+0000] {dag.py:3229} INFO - Sync 1 DAGs
[2024-09-22T23:32:38.449+0000] {logging_mixin.py:190} INFO - [2024-09-22T23:32:38.449+0000] {dag.py:4156} INFO - Setting next_dagrun for example_complex to None, run_after=None
[2024-09-22T23:32:38.473+0000] {processor.py:208} INFO - Processing /home/airflow/.local/lib/python3.12/site-packages/airflow/example_dags/example_complex.py took 0.130 seconds
[2024-09-22T23:33:09.514+0000] {processor.py:186} INFO - Started process (PID=923) to work on /home/airflow/.local/lib/python3.12/site-packages/airflow/example_dags/example_complex.py
[2024-09-22T23:33:09.517+0000] {processor.py:914} INFO - Processing file /home/airflow/.local/lib/python3.12/site-packages/airflow/example_dags/example_complex.py for tasks to queue
[2024-09-22T23:33:09.521+0000] {logging_mixin.py:190} INFO - [2024-09-22T23:33:09.521+0000] {dagbag.py:587} INFO - Filling up the DagBag from /home/airflow/.local/lib/python3.12/site-packages/airflow/example_dags/example_complex.py
[2024-09-22T23:33:09.560+0000] {processor.py:925} INFO - DAG(s) 'example_complex' retrieved from /home/airflow/.local/lib/python3.12/site-packages/airflow/example_dags/example_complex.py
[2024-09-22T23:33:09.604+0000] {logging_mixin.py:190} INFO - [2024-09-22T23:33:09.604+0000] {dag.py:3229} INFO - Sync 1 DAGs
[2024-09-22T23:33:09.626+0000] {logging_mixin.py:190} INFO - [2024-09-22T23:33:09.626+0000] {dag.py:4156} INFO - Setting next_dagrun for example_complex to None, run_after=None
[2024-09-22T23:33:09.659+0000] {processor.py:208} INFO - Processing /home/airflow/.local/lib/python3.12/site-packages/airflow/example_dags/example_complex.py took 0.156 seconds
[2024-09-22T23:33:40.752+0000] {processor.py:186} INFO - Started process (PID=986) to work on /home/airflow/.local/lib/python3.12/site-packages/airflow/example_dags/example_complex.py
[2024-09-22T23:33:40.754+0000] {processor.py:914} INFO - Processing file /home/airflow/.local/lib/python3.12/site-packages/airflow/example_dags/example_complex.py for tasks to queue
[2024-09-22T23:33:40.757+0000] {logging_mixin.py:190} INFO - [2024-09-22T23:33:40.757+0000] {dagbag.py:587} INFO - Filling up the DagBag from /home/airflow/.local/lib/python3.12/site-packages/airflow/example_dags/example_complex.py
[2024-09-22T23:33:40.780+0000] {processor.py:925} INFO - DAG(s) 'example_complex' retrieved from /home/airflow/.local/lib/python3.12/site-packages/airflow/example_dags/example_complex.py
[2024-09-22T23:33:40.823+0000] {logging_mixin.py:190} INFO - [2024-09-22T23:33:40.823+0000] {dag.py:3229} INFO - Sync 1 DAGs
[2024-09-22T23:33:40.844+0000] {logging_mixin.py:190} INFO - [2024-09-22T23:33:40.843+0000] {dag.py:4156} INFO - Setting next_dagrun for example_complex to None, run_after=None
[2024-09-22T23:33:40.871+0000] {processor.py:208} INFO - Processing /home/airflow/.local/lib/python3.12/site-packages/airflow/example_dags/example_complex.py took 0.128 seconds
[2024-09-22T23:34:12.073+0000] {processor.py:186} INFO - Started process (PID=1049) to work on /home/airflow/.local/lib/python3.12/site-packages/airflow/example_dags/example_complex.py
[2024-09-22T23:34:12.074+0000] {processor.py:914} INFO - Processing file /home/airflow/.local/lib/python3.12/site-packages/airflow/example_dags/example_complex.py for tasks to queue
[2024-09-22T23:34:12.079+0000] {logging_mixin.py:190} INFO - [2024-09-22T23:34:12.078+0000] {dagbag.py:587} INFO - Filling up the DagBag from /home/airflow/.local/lib/python3.12/site-packages/airflow/example_dags/example_complex.py
[2024-09-22T23:34:12.114+0000] {processor.py:925} INFO - DAG(s) 'example_complex' retrieved from /home/airflow/.local/lib/python3.12/site-packages/airflow/example_dags/example_complex.py
[2024-09-22T23:34:12.157+0000] {logging_mixin.py:190} INFO - [2024-09-22T23:34:12.157+0000] {dag.py:3229} INFO - Sync 1 DAGs
[2024-09-22T23:34:12.177+0000] {logging_mixin.py:190} INFO - [2024-09-22T23:34:12.177+0000] {dag.py:4156} INFO - Setting next_dagrun for example_complex to None, run_after=None
[2024-09-22T23:34:12.200+0000] {processor.py:208} INFO - Processing /home/airflow/.local/lib/python3.12/site-packages/airflow/example_dags/example_complex.py took 0.137 seconds
[2024-09-22T23:34:43.410+0000] {processor.py:186} INFO - Started process (PID=1112) to work on /home/airflow/.local/lib/python3.12/site-packages/airflow/example_dags/example_complex.py
[2024-09-22T23:34:43.412+0000] {processor.py:914} INFO - Processing file /home/airflow/.local/lib/python3.12/site-packages/airflow/example_dags/example_complex.py for tasks to queue
[2024-09-22T23:34:43.416+0000] {logging_mixin.py:190} INFO - [2024-09-22T23:34:43.416+0000] {dagbag.py:587} INFO - Filling up the DagBag from /home/airflow/.local/lib/python3.12/site-packages/airflow/example_dags/example_complex.py
[2024-09-22T23:34:43.452+0000] {processor.py:925} INFO - DAG(s) 'example_complex' retrieved from /home/airflow/.local/lib/python3.12/site-packages/airflow/example_dags/example_complex.py
[2024-09-22T23:34:43.500+0000] {logging_mixin.py:190} INFO - [2024-09-22T23:34:43.499+0000] {dag.py:3229} INFO - Sync 1 DAGs
[2024-09-22T23:34:43.520+0000] {logging_mixin.py:190} INFO - [2024-09-22T23:34:43.520+0000] {dag.py:4156} INFO - Setting next_dagrun for example_complex to None, run_after=None
[2024-09-22T23:34:43.549+0000] {processor.py:208} INFO - Processing /home/airflow/.local/lib/python3.12/site-packages/airflow/example_dags/example_complex.py took 0.151 seconds
[2024-09-22T23:35:14.543+0000] {processor.py:186} INFO - Started process (PID=1175) to work on /home/airflow/.local/lib/python3.12/site-packages/airflow/example_dags/example_complex.py
[2024-09-22T23:35:14.544+0000] {processor.py:914} INFO - Processing file /home/airflow/.local/lib/python3.12/site-packages/airflow/example_dags/example_complex.py for tasks to queue
[2024-09-22T23:35:14.549+0000] {logging_mixin.py:190} INFO - [2024-09-22T23:35:14.548+0000] {dagbag.py:587} INFO - Filling up the DagBag from /home/airflow/.local/lib/python3.12/site-packages/airflow/example_dags/example_complex.py
[2024-09-22T23:35:14.584+0000] {processor.py:925} INFO - DAG(s) 'example_complex' retrieved from /home/airflow/.local/lib/python3.12/site-packages/airflow/example_dags/example_complex.py
[2024-09-22T23:35:14.662+0000] {logging_mixin.py:190} INFO - [2024-09-22T23:35:14.661+0000] {dag.py:3229} INFO - Sync 1 DAGs
[2024-09-22T23:35:14.709+0000] {logging_mixin.py:190} INFO - [2024-09-22T23:35:14.709+0000] {dag.py:4156} INFO - Setting next_dagrun for example_complex to None, run_after=None
[2024-09-22T23:35:14.734+0000] {processor.py:208} INFO - Processing /home/airflow/.local/lib/python3.12/site-packages/airflow/example_dags/example_complex.py took 0.203 seconds
[2024-09-22T23:35:45.870+0000] {processor.py:186} INFO - Started process (PID=1238) to work on /home/airflow/.local/lib/python3.12/site-packages/airflow/example_dags/example_complex.py
[2024-09-22T23:35:45.872+0000] {processor.py:914} INFO - Processing file /home/airflow/.local/lib/python3.12/site-packages/airflow/example_dags/example_complex.py for tasks to queue
[2024-09-22T23:35:45.876+0000] {logging_mixin.py:190} INFO - [2024-09-22T23:35:45.876+0000] {dagbag.py:587} INFO - Filling up the DagBag from /home/airflow/.local/lib/python3.12/site-packages/airflow/example_dags/example_complex.py
[2024-09-22T23:35:45.903+0000] {processor.py:925} INFO - DAG(s) 'example_complex' retrieved from /home/airflow/.local/lib/python3.12/site-packages/airflow/example_dags/example_complex.py
[2024-09-22T23:35:45.944+0000] {logging_mixin.py:190} INFO - [2024-09-22T23:35:45.944+0000] {dag.py:3229} INFO - Sync 1 DAGs
[2024-09-22T23:35:45.965+0000] {logging_mixin.py:190} INFO - [2024-09-22T23:35:45.964+0000] {dag.py:4156} INFO - Setting next_dagrun for example_complex to None, run_after=None
[2024-09-22T23:35:45.998+0000] {processor.py:208} INFO - Processing /home/airflow/.local/lib/python3.12/site-packages/airflow/example_dags/example_complex.py took 0.139 seconds
[2024-09-22T23:36:17.200+0000] {processor.py:186} INFO - Started process (PID=1301) to work on /home/airflow/.local/lib/python3.12/site-packages/airflow/example_dags/example_complex.py
[2024-09-22T23:36:17.202+0000] {processor.py:914} INFO - Processing file /home/airflow/.local/lib/python3.12/site-packages/airflow/example_dags/example_complex.py for tasks to queue
[2024-09-22T23:36:17.205+0000] {logging_mixin.py:190} INFO - [2024-09-22T23:36:17.205+0000] {dagbag.py:587} INFO - Filling up the DagBag from /home/airflow/.local/lib/python3.12/site-packages/airflow/example_dags/example_complex.py
[2024-09-22T23:36:17.229+0000] {processor.py:925} INFO - DAG(s) 'example_complex' retrieved from /home/airflow/.local/lib/python3.12/site-packages/airflow/example_dags/example_complex.py
[2024-09-22T23:36:17.273+0000] {logging_mixin.py:190} INFO - [2024-09-22T23:36:17.273+0000] {dag.py:3229} INFO - Sync 1 DAGs
[2024-09-22T23:36:17.295+0000] {logging_mixin.py:190} INFO - [2024-09-22T23:36:17.295+0000] {dag.py:4156} INFO - Setting next_dagrun for example_complex to None, run_after=None
[2024-09-22T23:36:17.323+0000] {processor.py:208} INFO - Processing /home/airflow/.local/lib/python3.12/site-packages/airflow/example_dags/example_complex.py took 0.132 seconds
[2024-09-22T23:36:48.215+0000] {processor.py:186} INFO - Started process (PID=1364) to work on /home/airflow/.local/lib/python3.12/site-packages/airflow/example_dags/example_complex.py
[2024-09-22T23:36:48.217+0000] {processor.py:914} INFO - Processing file /home/airflow/.local/lib/python3.12/site-packages/airflow/example_dags/example_complex.py for tasks to queue
[2024-09-22T23:36:48.221+0000] {logging_mixin.py:190} INFO - [2024-09-22T23:36:48.221+0000] {dagbag.py:587} INFO - Filling up the DagBag from /home/airflow/.local/lib/python3.12/site-packages/airflow/example_dags/example_complex.py
[2024-09-22T23:36:48.247+0000] {processor.py:925} INFO - DAG(s) 'example_complex' retrieved from /home/airflow/.local/lib/python3.12/site-packages/airflow/example_dags/example_complex.py
[2024-09-22T23:36:48.300+0000] {logging_mixin.py:190} INFO - [2024-09-22T23:36:48.300+0000] {dag.py:3229} INFO - Sync 1 DAGs
[2024-09-22T23:36:48.320+0000] {logging_mixin.py:190} INFO - [2024-09-22T23:36:48.320+0000] {dag.py:4156} INFO - Setting next_dagrun for example_complex to None, run_after=None
[2024-09-22T23:36:48.344+0000] {processor.py:208} INFO - Processing /home/airflow/.local/lib/python3.12/site-packages/airflow/example_dags/example_complex.py took 0.139 seconds
[2024-09-22T23:37:19.745+0000] {processor.py:186} INFO - Started process (PID=1427) to work on /home/airflow/.local/lib/python3.12/site-packages/airflow/example_dags/example_complex.py
[2024-09-22T23:37:19.747+0000] {processor.py:914} INFO - Processing file /home/airflow/.local/lib/python3.12/site-packages/airflow/example_dags/example_complex.py for tasks to queue
[2024-09-22T23:37:19.751+0000] {logging_mixin.py:190} INFO - [2024-09-22T23:37:19.750+0000] {dagbag.py:587} INFO - Filling up the DagBag from /home/airflow/.local/lib/python3.12/site-packages/airflow/example_dags/example_complex.py
[2024-09-22T23:37:19.775+0000] {processor.py:925} INFO - DAG(s) 'example_complex' retrieved from /home/airflow/.local/lib/python3.12/site-packages/airflow/example_dags/example_complex.py
[2024-09-22T23:37:19.831+0000] {logging_mixin.py:190} INFO - [2024-09-22T23:37:19.831+0000] {dag.py:3229} INFO - Sync 1 DAGs
[2024-09-22T23:37:19.851+0000] {logging_mixin.py:190} INFO - [2024-09-22T23:37:19.851+0000] {dag.py:4156} INFO - Setting next_dagrun for example_complex to None, run_after=None
[2024-09-22T23:37:19.877+0000] {processor.py:208} INFO - Processing /home/airflow/.local/lib/python3.12/site-packages/airflow/example_dags/example_complex.py took 0.141 seconds
[2024-09-22T23:37:51.117+0000] {processor.py:186} INFO - Started process (PID=1491) to work on /home/airflow/.local/lib/python3.12/site-packages/airflow/example_dags/example_complex.py
[2024-09-22T23:37:51.118+0000] {processor.py:914} INFO - Processing file /home/airflow/.local/lib/python3.12/site-packages/airflow/example_dags/example_complex.py for tasks to queue
[2024-09-22T23:37:51.123+0000] {logging_mixin.py:190} INFO - [2024-09-22T23:37:51.122+0000] {dagbag.py:587} INFO - Filling up the DagBag from /home/airflow/.local/lib/python3.12/site-packages/airflow/example_dags/example_complex.py
[2024-09-22T23:37:51.147+0000] {processor.py:925} INFO - DAG(s) 'example_complex' retrieved from /home/airflow/.local/lib/python3.12/site-packages/airflow/example_dags/example_complex.py
[2024-09-22T23:37:51.206+0000] {logging_mixin.py:190} INFO - [2024-09-22T23:37:51.206+0000] {dag.py:3229} INFO - Sync 1 DAGs
[2024-09-22T23:37:51.235+0000] {logging_mixin.py:190} INFO - [2024-09-22T23:37:51.235+0000] {dag.py:4156} INFO - Setting next_dagrun for example_complex to None, run_after=None
[2024-09-22T23:37:51.267+0000] {processor.py:208} INFO - Processing /home/airflow/.local/lib/python3.12/site-packages/airflow/example_dags/example_complex.py took 0.163 seconds
[2024-09-22T23:38:22.386+0000] {processor.py:186} INFO - Started process (PID=1554) to work on /home/airflow/.local/lib/python3.12/site-packages/airflow/example_dags/example_complex.py
[2024-09-22T23:38:22.388+0000] {processor.py:914} INFO - Processing file /home/airflow/.local/lib/python3.12/site-packages/airflow/example_dags/example_complex.py for tasks to queue
[2024-09-22T23:38:22.392+0000] {logging_mixin.py:190} INFO - [2024-09-22T23:38:22.392+0000] {dagbag.py:587} INFO - Filling up the DagBag from /home/airflow/.local/lib/python3.12/site-packages/airflow/example_dags/example_complex.py
[2024-09-22T23:38:22.419+0000] {processor.py:925} INFO - DAG(s) 'example_complex' retrieved from /home/airflow/.local/lib/python3.12/site-packages/airflow/example_dags/example_complex.py
[2024-09-22T23:38:22.460+0000] {logging_mixin.py:190} INFO - [2024-09-22T23:38:22.460+0000] {dag.py:3229} INFO - Sync 1 DAGs
[2024-09-22T23:38:22.479+0000] {logging_mixin.py:190} INFO - [2024-09-22T23:38:22.479+0000] {dag.py:4156} INFO - Setting next_dagrun for example_complex to None, run_after=None
[2024-09-22T23:38:22.503+0000] {processor.py:208} INFO - Processing /home/airflow/.local/lib/python3.12/site-packages/airflow/example_dags/example_complex.py took 0.125 seconds
[2024-09-22T23:38:53.150+0000] {processor.py:186} INFO - Started process (PID=1617) to work on /home/airflow/.local/lib/python3.12/site-packages/airflow/example_dags/example_complex.py
[2024-09-22T23:38:53.152+0000] {processor.py:914} INFO - Processing file /home/airflow/.local/lib/python3.12/site-packages/airflow/example_dags/example_complex.py for tasks to queue
[2024-09-22T23:38:53.156+0000] {logging_mixin.py:190} INFO - [2024-09-22T23:38:53.156+0000] {dagbag.py:587} INFO - Filling up the DagBag from /home/airflow/.local/lib/python3.12/site-packages/airflow/example_dags/example_complex.py
[2024-09-22T23:38:53.187+0000] {processor.py:925} INFO - DAG(s) 'example_complex' retrieved from /home/airflow/.local/lib/python3.12/site-packages/airflow/example_dags/example_complex.py
[2024-09-22T23:38:53.241+0000] {logging_mixin.py:190} INFO - [2024-09-22T23:38:53.241+0000] {dag.py:3229} INFO - Sync 1 DAGs
[2024-09-22T23:38:53.260+0000] {logging_mixin.py:190} INFO - [2024-09-22T23:38:53.260+0000] {dag.py:4156} INFO - Setting next_dagrun for example_complex to None, run_after=None
[2024-09-22T23:38:53.284+0000] {processor.py:208} INFO - Processing /home/airflow/.local/lib/python3.12/site-packages/airflow/example_dags/example_complex.py took 0.145 seconds
[2024-09-22T23:39:23.964+0000] {processor.py:186} INFO - Started process (PID=1680) to work on /home/airflow/.local/lib/python3.12/site-packages/airflow/example_dags/example_complex.py
[2024-09-22T23:39:23.966+0000] {processor.py:914} INFO - Processing file /home/airflow/.local/lib/python3.12/site-packages/airflow/example_dags/example_complex.py for tasks to queue
[2024-09-22T23:39:23.970+0000] {logging_mixin.py:190} INFO - [2024-09-22T23:39:23.969+0000] {dagbag.py:587} INFO - Filling up the DagBag from /home/airflow/.local/lib/python3.12/site-packages/airflow/example_dags/example_complex.py
[2024-09-22T23:39:23.997+0000] {processor.py:925} INFO - DAG(s) 'example_complex' retrieved from /home/airflow/.local/lib/python3.12/site-packages/airflow/example_dags/example_complex.py
[2024-09-22T23:39:24.049+0000] {logging_mixin.py:190} INFO - [2024-09-22T23:39:24.048+0000] {dag.py:3229} INFO - Sync 1 DAGs
[2024-09-22T23:39:24.071+0000] {logging_mixin.py:190} INFO - [2024-09-22T23:39:24.071+0000] {dag.py:4156} INFO - Setting next_dagrun for example_complex to None, run_after=None
[2024-09-22T23:39:24.098+0000] {processor.py:208} INFO - Processing /home/airflow/.local/lib/python3.12/site-packages/airflow/example_dags/example_complex.py took 0.144 seconds
[2024-09-22T23:39:55.269+0000] {processor.py:186} INFO - Started process (PID=1745) to work on /home/airflow/.local/lib/python3.12/site-packages/airflow/example_dags/example_complex.py
[2024-09-22T23:39:55.270+0000] {processor.py:914} INFO - Processing file /home/airflow/.local/lib/python3.12/site-packages/airflow/example_dags/example_complex.py for tasks to queue
[2024-09-22T23:39:55.273+0000] {logging_mixin.py:190} INFO - [2024-09-22T23:39:55.273+0000] {dagbag.py:587} INFO - Filling up the DagBag from /home/airflow/.local/lib/python3.12/site-packages/airflow/example_dags/example_complex.py
[2024-09-22T23:39:55.295+0000] {processor.py:925} INFO - DAG(s) 'example_complex' retrieved from /home/airflow/.local/lib/python3.12/site-packages/airflow/example_dags/example_complex.py
[2024-09-22T23:39:55.337+0000] {logging_mixin.py:190} INFO - [2024-09-22T23:39:55.336+0000] {dag.py:3229} INFO - Sync 1 DAGs
[2024-09-22T23:39:55.357+0000] {logging_mixin.py:190} INFO - [2024-09-22T23:39:55.357+0000] {dag.py:4156} INFO - Setting next_dagrun for example_complex to None, run_after=None
[2024-09-22T23:39:55.384+0000] {processor.py:208} INFO - Processing /home/airflow/.local/lib/python3.12/site-packages/airflow/example_dags/example_complex.py took 0.124 seconds
[2024-09-22T23:40:25.922+0000] {processor.py:186} INFO - Started process (PID=1809) to work on /home/airflow/.local/lib/python3.12/site-packages/airflow/example_dags/example_complex.py
[2024-09-22T23:40:25.924+0000] {processor.py:914} INFO - Processing file /home/airflow/.local/lib/python3.12/site-packages/airflow/example_dags/example_complex.py for tasks to queue
[2024-09-22T23:40:25.927+0000] {logging_mixin.py:190} INFO - [2024-09-22T23:40:25.927+0000] {dagbag.py:587} INFO - Filling up the DagBag from /home/airflow/.local/lib/python3.12/site-packages/airflow/example_dags/example_complex.py
[2024-09-22T23:40:25.949+0000] {processor.py:925} INFO - DAG(s) 'example_complex' retrieved from /home/airflow/.local/lib/python3.12/site-packages/airflow/example_dags/example_complex.py
[2024-09-22T23:40:25.991+0000] {logging_mixin.py:190} INFO - [2024-09-22T23:40:25.990+0000] {dag.py:3229} INFO - Sync 1 DAGs
[2024-09-22T23:40:26.011+0000] {logging_mixin.py:190} INFO - [2024-09-22T23:40:26.010+0000] {dag.py:4156} INFO - Setting next_dagrun for example_complex to None, run_after=None
[2024-09-22T23:40:26.362+0000] {processor.py:208} INFO - Processing /home/airflow/.local/lib/python3.12/site-packages/airflow/example_dags/example_complex.py took 0.449 seconds
[2024-09-22T23:40:57.329+0000] {processor.py:186} INFO - Started process (PID=1872) to work on /home/airflow/.local/lib/python3.12/site-packages/airflow/example_dags/example_complex.py
[2024-09-22T23:40:57.330+0000] {processor.py:914} INFO - Processing file /home/airflow/.local/lib/python3.12/site-packages/airflow/example_dags/example_complex.py for tasks to queue
[2024-09-22T23:40:57.333+0000] {logging_mixin.py:190} INFO - [2024-09-22T23:40:57.333+0000] {dagbag.py:587} INFO - Filling up the DagBag from /home/airflow/.local/lib/python3.12/site-packages/airflow/example_dags/example_complex.py
[2024-09-22T23:40:57.356+0000] {processor.py:925} INFO - DAG(s) 'example_complex' retrieved from /home/airflow/.local/lib/python3.12/site-packages/airflow/example_dags/example_complex.py
[2024-09-22T23:40:57.399+0000] {logging_mixin.py:190} INFO - [2024-09-22T23:40:57.398+0000] {dag.py:3229} INFO - Sync 1 DAGs
[2024-09-22T23:40:57.419+0000] {logging_mixin.py:190} INFO - [2024-09-22T23:40:57.418+0000] {dag.py:4156} INFO - Setting next_dagrun for example_complex to None, run_after=None
[2024-09-22T23:40:57.444+0000] {processor.py:208} INFO - Processing /home/airflow/.local/lib/python3.12/site-packages/airflow/example_dags/example_complex.py took 0.127 seconds
[2024-09-22T23:41:27.495+0000] {processor.py:186} INFO - Started process (PID=1934) to work on /home/airflow/.local/lib/python3.12/site-packages/airflow/example_dags/example_complex.py
[2024-09-22T23:41:27.497+0000] {processor.py:914} INFO - Processing file /home/airflow/.local/lib/python3.12/site-packages/airflow/example_dags/example_complex.py for tasks to queue
[2024-09-22T23:41:27.500+0000] {logging_mixin.py:190} INFO - [2024-09-22T23:41:27.500+0000] {dagbag.py:587} INFO - Filling up the DagBag from /home/airflow/.local/lib/python3.12/site-packages/airflow/example_dags/example_complex.py
[2024-09-22T23:41:27.521+0000] {processor.py:925} INFO - DAG(s) 'example_complex' retrieved from /home/airflow/.local/lib/python3.12/site-packages/airflow/example_dags/example_complex.py
[2024-09-22T23:41:27.560+0000] {logging_mixin.py:190} INFO - [2024-09-22T23:41:27.560+0000] {dag.py:3229} INFO - Sync 1 DAGs
[2024-09-22T23:41:27.579+0000] {logging_mixin.py:190} INFO - [2024-09-22T23:41:27.579+0000] {dag.py:4156} INFO - Setting next_dagrun for example_complex to None, run_after=None
[2024-09-22T23:41:27.604+0000] {processor.py:208} INFO - Processing /home/airflow/.local/lib/python3.12/site-packages/airflow/example_dags/example_complex.py took 0.117 seconds
[2024-09-22T23:41:57.991+0000] {processor.py:186} INFO - Started process (PID=1997) to work on /home/airflow/.local/lib/python3.12/site-packages/airflow/example_dags/example_complex.py
[2024-09-22T23:41:57.992+0000] {processor.py:914} INFO - Processing file /home/airflow/.local/lib/python3.12/site-packages/airflow/example_dags/example_complex.py for tasks to queue
[2024-09-22T23:41:57.996+0000] {logging_mixin.py:190} INFO - [2024-09-22T23:41:57.996+0000] {dagbag.py:587} INFO - Filling up the DagBag from /home/airflow/.local/lib/python3.12/site-packages/airflow/example_dags/example_complex.py
[2024-09-22T23:41:58.023+0000] {processor.py:925} INFO - DAG(s) 'example_complex' retrieved from /home/airflow/.local/lib/python3.12/site-packages/airflow/example_dags/example_complex.py
[2024-09-22T23:41:58.361+0000] {logging_mixin.py:190} INFO - [2024-09-22T23:41:58.361+0000] {dag.py:3229} INFO - Sync 1 DAGs
[2024-09-22T23:41:58.380+0000] {logging_mixin.py:190} INFO - [2024-09-22T23:41:58.380+0000] {dag.py:4156} INFO - Setting next_dagrun for example_complex to None, run_after=None
[2024-09-22T23:41:58.401+0000] {processor.py:208} INFO - Processing /home/airflow/.local/lib/python3.12/site-packages/airflow/example_dags/example_complex.py took 0.421 seconds
[2024-09-22T23:42:29.063+0000] {processor.py:186} INFO - Started process (PID=2060) to work on /home/airflow/.local/lib/python3.12/site-packages/airflow/example_dags/example_complex.py
[2024-09-22T23:42:29.065+0000] {processor.py:914} INFO - Processing file /home/airflow/.local/lib/python3.12/site-packages/airflow/example_dags/example_complex.py for tasks to queue
[2024-09-22T23:42:29.069+0000] {logging_mixin.py:190} INFO - [2024-09-22T23:42:29.068+0000] {dagbag.py:587} INFO - Filling up the DagBag from /home/airflow/.local/lib/python3.12/site-packages/airflow/example_dags/example_complex.py
[2024-09-22T23:42:29.092+0000] {processor.py:925} INFO - DAG(s) 'example_complex' retrieved from /home/airflow/.local/lib/python3.12/site-packages/airflow/example_dags/example_complex.py
[2024-09-22T23:42:29.137+0000] {logging_mixin.py:190} INFO - [2024-09-22T23:42:29.136+0000] {dag.py:3229} INFO - Sync 1 DAGs
[2024-09-22T23:42:29.156+0000] {logging_mixin.py:190} INFO - [2024-09-22T23:42:29.156+0000] {dag.py:4156} INFO - Setting next_dagrun for example_complex to None, run_after=None
[2024-09-22T23:42:29.181+0000] {processor.py:208} INFO - Processing /home/airflow/.local/lib/python3.12/site-packages/airflow/example_dags/example_complex.py took 0.127 seconds
[2024-09-22T23:42:59.892+0000] {processor.py:186} INFO - Started process (PID=2123) to work on /home/airflow/.local/lib/python3.12/site-packages/airflow/example_dags/example_complex.py
[2024-09-22T23:42:59.895+0000] {processor.py:914} INFO - Processing file /home/airflow/.local/lib/python3.12/site-packages/airflow/example_dags/example_complex.py for tasks to queue
[2024-09-22T23:42:59.904+0000] {logging_mixin.py:190} INFO - [2024-09-22T23:42:59.903+0000] {dagbag.py:587} INFO - Filling up the DagBag from /home/airflow/.local/lib/python3.12/site-packages/airflow/example_dags/example_complex.py
[2024-09-22T23:42:59.972+0000] {processor.py:925} INFO - DAG(s) 'example_complex' retrieved from /home/airflow/.local/lib/python3.12/site-packages/airflow/example_dags/example_complex.py
[2024-09-22T23:43:00.074+0000] {logging_mixin.py:190} INFO - [2024-09-22T23:43:00.073+0000] {dag.py:3229} INFO - Sync 1 DAGs
[2024-09-22T23:43:00.123+0000] {logging_mixin.py:190} INFO - [2024-09-22T23:43:00.122+0000] {dag.py:4156} INFO - Setting next_dagrun for example_complex to None, run_after=None
[2024-09-22T23:43:00.199+0000] {processor.py:208} INFO - Processing /home/airflow/.local/lib/python3.12/site-packages/airflow/example_dags/example_complex.py took 0.331 seconds
[2024-09-22T23:43:30.564+0000] {processor.py:186} INFO - Started process (PID=2188) to work on /home/airflow/.local/lib/python3.12/site-packages/airflow/example_dags/example_complex.py
[2024-09-22T23:43:30.566+0000] {processor.py:914} INFO - Processing file /home/airflow/.local/lib/python3.12/site-packages/airflow/example_dags/example_complex.py for tasks to queue
[2024-09-22T23:43:30.570+0000] {logging_mixin.py:190} INFO - [2024-09-22T23:43:30.570+0000] {dagbag.py:587} INFO - Filling up the DagBag from /home/airflow/.local/lib/python3.12/site-packages/airflow/example_dags/example_complex.py
[2024-09-22T23:43:30.601+0000] {processor.py:925} INFO - DAG(s) 'example_complex' retrieved from /home/airflow/.local/lib/python3.12/site-packages/airflow/example_dags/example_complex.py
[2024-09-22T23:43:30.650+0000] {logging_mixin.py:190} INFO - [2024-09-22T23:43:30.650+0000] {dag.py:3229} INFO - Sync 1 DAGs
[2024-09-22T23:43:30.672+0000] {logging_mixin.py:190} INFO - [2024-09-22T23:43:30.671+0000] {dag.py:4156} INFO - Setting next_dagrun for example_complex to None, run_after=None
[2024-09-22T23:43:30.702+0000] {processor.py:208} INFO - Processing /home/airflow/.local/lib/python3.12/site-packages/airflow/example_dags/example_complex.py took 0.148 seconds
[2024-09-22T23:44:01.191+0000] {processor.py:186} INFO - Started process (PID=2252) to work on /home/airflow/.local/lib/python3.12/site-packages/airflow/example_dags/example_complex.py
[2024-09-22T23:44:01.192+0000] {processor.py:914} INFO - Processing file /home/airflow/.local/lib/python3.12/site-packages/airflow/example_dags/example_complex.py for tasks to queue
[2024-09-22T23:44:01.196+0000] {logging_mixin.py:190} INFO - [2024-09-22T23:44:01.195+0000] {dagbag.py:587} INFO - Filling up the DagBag from /home/airflow/.local/lib/python3.12/site-packages/airflow/example_dags/example_complex.py
[2024-09-22T23:44:01.227+0000] {processor.py:925} INFO - DAG(s) 'example_complex' retrieved from /home/airflow/.local/lib/python3.12/site-packages/airflow/example_dags/example_complex.py
[2024-09-22T23:44:01.279+0000] {logging_mixin.py:190} INFO - [2024-09-22T23:44:01.279+0000] {dag.py:3229} INFO - Sync 1 DAGs
[2024-09-22T23:44:01.304+0000] {logging_mixin.py:190} INFO - [2024-09-22T23:44:01.304+0000] {dag.py:4156} INFO - Setting next_dagrun for example_complex to None, run_after=None
[2024-09-22T23:44:01.335+0000] {processor.py:208} INFO - Processing /home/airflow/.local/lib/python3.12/site-packages/airflow/example_dags/example_complex.py took 0.154 seconds
[2024-09-22T23:46:58.992+0000] {processor.py:186} INFO - Started process (PID=110) to work on /home/airflow/.local/lib/python3.12/site-packages/airflow/example_dags/example_complex.py
[2024-09-22T23:46:58.994+0000] {processor.py:914} INFO - Processing file /home/airflow/.local/lib/python3.12/site-packages/airflow/example_dags/example_complex.py for tasks to queue
[2024-09-22T23:46:59.004+0000] {logging_mixin.py:190} INFO - [2024-09-22T23:46:59.003+0000] {dagbag.py:587} INFO - Filling up the DagBag from /home/airflow/.local/lib/python3.12/site-packages/airflow/example_dags/example_complex.py
[2024-09-22T23:46:59.096+0000] {processor.py:925} INFO - DAG(s) 'example_complex' retrieved from /home/airflow/.local/lib/python3.12/site-packages/airflow/example_dags/example_complex.py
[2024-09-22T23:46:59.200+0000] {logging_mixin.py:190} INFO - [2024-09-22T23:46:59.199+0000] {dag.py:3229} INFO - Sync 1 DAGs
[2024-09-22T23:46:59.276+0000] {logging_mixin.py:190} INFO - [2024-09-22T23:46:59.275+0000] {dag.py:4156} INFO - Setting next_dagrun for example_complex to None, run_after=None
[2024-09-22T23:46:59.365+0000] {processor.py:208} INFO - Processing /home/airflow/.local/lib/python3.12/site-packages/airflow/example_dags/example_complex.py took 0.387 seconds
[2024-09-22T23:47:29.697+0000] {processor.py:186} INFO - Started process (PID=171) to work on /home/airflow/.local/lib/python3.12/site-packages/airflow/example_dags/example_complex.py
[2024-09-22T23:47:29.698+0000] {processor.py:914} INFO - Processing file /home/airflow/.local/lib/python3.12/site-packages/airflow/example_dags/example_complex.py for tasks to queue
[2024-09-22T23:47:29.702+0000] {logging_mixin.py:190} INFO - [2024-09-22T23:47:29.701+0000] {dagbag.py:587} INFO - Filling up the DagBag from /home/airflow/.local/lib/python3.12/site-packages/airflow/example_dags/example_complex.py
[2024-09-22T23:47:29.724+0000] {processor.py:925} INFO - DAG(s) 'example_complex' retrieved from /home/airflow/.local/lib/python3.12/site-packages/airflow/example_dags/example_complex.py
[2024-09-22T23:47:29.769+0000] {logging_mixin.py:190} INFO - [2024-09-22T23:47:29.768+0000] {dag.py:3229} INFO - Sync 1 DAGs
[2024-09-22T23:47:29.789+0000] {logging_mixin.py:190} INFO - [2024-09-22T23:47:29.789+0000] {dag.py:4156} INFO - Setting next_dagrun for example_complex to None, run_after=None
[2024-09-22T23:47:29.821+0000] {processor.py:208} INFO - Processing /home/airflow/.local/lib/python3.12/site-packages/airflow/example_dags/example_complex.py took 0.133 seconds
[2024-09-22T23:48:00.041+0000] {processor.py:186} INFO - Started process (PID=233) to work on /home/airflow/.local/lib/python3.12/site-packages/airflow/example_dags/example_complex.py
[2024-09-22T23:48:00.043+0000] {processor.py:914} INFO - Processing file /home/airflow/.local/lib/python3.12/site-packages/airflow/example_dags/example_complex.py for tasks to queue
[2024-09-22T23:48:00.047+0000] {logging_mixin.py:190} INFO - [2024-09-22T23:48:00.046+0000] {dagbag.py:587} INFO - Filling up the DagBag from /home/airflow/.local/lib/python3.12/site-packages/airflow/example_dags/example_complex.py
[2024-09-22T23:48:00.081+0000] {processor.py:925} INFO - DAG(s) 'example_complex' retrieved from /home/airflow/.local/lib/python3.12/site-packages/airflow/example_dags/example_complex.py
[2024-09-22T23:48:00.142+0000] {logging_mixin.py:190} INFO - [2024-09-22T23:48:00.141+0000] {dag.py:3229} INFO - Sync 1 DAGs
[2024-09-22T23:48:00.169+0000] {logging_mixin.py:190} INFO - [2024-09-22T23:48:00.168+0000] {dag.py:4156} INFO - Setting next_dagrun for example_complex to None, run_after=None
[2024-09-22T23:48:00.193+0000] {processor.py:208} INFO - Processing /home/airflow/.local/lib/python3.12/site-packages/airflow/example_dags/example_complex.py took 0.167 seconds
[2024-09-22T23:48:30.554+0000] {processor.py:186} INFO - Started process (PID=296) to work on /home/airflow/.local/lib/python3.12/site-packages/airflow/example_dags/example_complex.py
[2024-09-22T23:48:30.555+0000] {processor.py:914} INFO - Processing file /home/airflow/.local/lib/python3.12/site-packages/airflow/example_dags/example_complex.py for tasks to queue
[2024-09-22T23:48:30.558+0000] {logging_mixin.py:190} INFO - [2024-09-22T23:48:30.558+0000] {dagbag.py:587} INFO - Filling up the DagBag from /home/airflow/.local/lib/python3.12/site-packages/airflow/example_dags/example_complex.py
[2024-09-22T23:48:30.586+0000] {processor.py:925} INFO - DAG(s) 'example_complex' retrieved from /home/airflow/.local/lib/python3.12/site-packages/airflow/example_dags/example_complex.py
[2024-09-22T23:48:30.641+0000] {logging_mixin.py:190} INFO - [2024-09-22T23:48:30.640+0000] {dag.py:3229} INFO - Sync 1 DAGs
[2024-09-22T23:48:30.670+0000] {logging_mixin.py:190} INFO - [2024-09-22T23:48:30.669+0000] {dag.py:4156} INFO - Setting next_dagrun for example_complex to None, run_after=None
[2024-09-22T23:48:30.698+0000] {processor.py:208} INFO - Processing /home/airflow/.local/lib/python3.12/site-packages/airflow/example_dags/example_complex.py took 0.154 seconds
[2024-09-22T23:49:01.476+0000] {processor.py:186} INFO - Started process (PID=360) to work on /home/airflow/.local/lib/python3.12/site-packages/airflow/example_dags/example_complex.py
[2024-09-22T23:49:01.478+0000] {processor.py:914} INFO - Processing file /home/airflow/.local/lib/python3.12/site-packages/airflow/example_dags/example_complex.py for tasks to queue
[2024-09-22T23:49:01.482+0000] {logging_mixin.py:190} INFO - [2024-09-22T23:49:01.481+0000] {dagbag.py:587} INFO - Filling up the DagBag from /home/airflow/.local/lib/python3.12/site-packages/airflow/example_dags/example_complex.py
[2024-09-22T23:49:01.510+0000] {processor.py:925} INFO - DAG(s) 'example_complex' retrieved from /home/airflow/.local/lib/python3.12/site-packages/airflow/example_dags/example_complex.py
[2024-09-22T23:49:01.579+0000] {logging_mixin.py:190} INFO - [2024-09-22T23:49:01.578+0000] {dag.py:3229} INFO - Sync 1 DAGs
[2024-09-22T23:49:01.599+0000] {logging_mixin.py:190} INFO - [2024-09-22T23:49:01.599+0000] {dag.py:4156} INFO - Setting next_dagrun for example_complex to None, run_after=None
[2024-09-22T23:49:01.629+0000] {processor.py:208} INFO - Processing /home/airflow/.local/lib/python3.12/site-packages/airflow/example_dags/example_complex.py took 0.162 seconds
[2024-09-22T23:49:33.151+0000] {processor.py:186} INFO - Started process (PID=424) to work on /home/airflow/.local/lib/python3.12/site-packages/airflow/example_dags/example_complex.py
[2024-09-22T23:49:33.152+0000] {processor.py:914} INFO - Processing file /home/airflow/.local/lib/python3.12/site-packages/airflow/example_dags/example_complex.py for tasks to queue
[2024-09-22T23:49:33.156+0000] {logging_mixin.py:190} INFO - [2024-09-22T23:49:33.156+0000] {dagbag.py:587} INFO - Filling up the DagBag from /home/airflow/.local/lib/python3.12/site-packages/airflow/example_dags/example_complex.py
[2024-09-22T23:49:33.180+0000] {processor.py:925} INFO - DAG(s) 'example_complex' retrieved from /home/airflow/.local/lib/python3.12/site-packages/airflow/example_dags/example_complex.py
[2024-09-22T23:49:33.228+0000] {logging_mixin.py:190} INFO - [2024-09-22T23:49:33.228+0000] {dag.py:3229} INFO - Sync 1 DAGs
[2024-09-22T23:49:33.248+0000] {logging_mixin.py:190} INFO - [2024-09-22T23:49:33.248+0000] {dag.py:4156} INFO - Setting next_dagrun for example_complex to None, run_after=None
[2024-09-22T23:49:33.274+0000] {processor.py:208} INFO - Processing /home/airflow/.local/lib/python3.12/site-packages/airflow/example_dags/example_complex.py took 0.133 seconds
[2024-09-22T23:50:03.960+0000] {processor.py:186} INFO - Started process (PID=487) to work on /home/airflow/.local/lib/python3.12/site-packages/airflow/example_dags/example_complex.py
[2024-09-22T23:50:03.962+0000] {processor.py:914} INFO - Processing file /home/airflow/.local/lib/python3.12/site-packages/airflow/example_dags/example_complex.py for tasks to queue
[2024-09-22T23:50:03.966+0000] {logging_mixin.py:190} INFO - [2024-09-22T23:50:03.965+0000] {dagbag.py:587} INFO - Filling up the DagBag from /home/airflow/.local/lib/python3.12/site-packages/airflow/example_dags/example_complex.py
[2024-09-22T23:50:03.990+0000] {processor.py:925} INFO - DAG(s) 'example_complex' retrieved from /home/airflow/.local/lib/python3.12/site-packages/airflow/example_dags/example_complex.py
[2024-09-22T23:50:04.060+0000] {logging_mixin.py:190} INFO - [2024-09-22T23:50:04.059+0000] {dag.py:3229} INFO - Sync 1 DAGs
[2024-09-22T23:50:04.091+0000] {logging_mixin.py:190} INFO - [2024-09-22T23:50:04.091+0000] {dag.py:4156} INFO - Setting next_dagrun for example_complex to None, run_after=None
[2024-09-22T23:50:04.128+0000] {processor.py:208} INFO - Processing /home/airflow/.local/lib/python3.12/site-packages/airflow/example_dags/example_complex.py took 0.178 seconds
[2024-09-22T23:50:34.326+0000] {processor.py:186} INFO - Started process (PID=549) to work on /home/airflow/.local/lib/python3.12/site-packages/airflow/example_dags/example_complex.py
[2024-09-22T23:50:34.328+0000] {processor.py:914} INFO - Processing file /home/airflow/.local/lib/python3.12/site-packages/airflow/example_dags/example_complex.py for tasks to queue
[2024-09-22T23:50:34.333+0000] {logging_mixin.py:190} INFO - [2024-09-22T23:50:34.333+0000] {dagbag.py:587} INFO - Filling up the DagBag from /home/airflow/.local/lib/python3.12/site-packages/airflow/example_dags/example_complex.py
[2024-09-22T23:50:34.369+0000] {processor.py:925} INFO - DAG(s) 'example_complex' retrieved from /home/airflow/.local/lib/python3.12/site-packages/airflow/example_dags/example_complex.py
[2024-09-22T23:50:34.437+0000] {logging_mixin.py:190} INFO - [2024-09-22T23:50:34.436+0000] {dag.py:3229} INFO - Sync 1 DAGs
[2024-09-22T23:50:34.468+0000] {logging_mixin.py:190} INFO - [2024-09-22T23:50:34.468+0000] {dag.py:4156} INFO - Setting next_dagrun for example_complex to None, run_after=None
[2024-09-22T23:50:34.503+0000] {processor.py:208} INFO - Processing /home/airflow/.local/lib/python3.12/site-packages/airflow/example_dags/example_complex.py took 0.191 seconds
[2024-09-22T23:51:04.867+0000] {processor.py:186} INFO - Started process (PID=612) to work on /home/airflow/.local/lib/python3.12/site-packages/airflow/example_dags/example_complex.py
[2024-09-22T23:51:04.869+0000] {processor.py:914} INFO - Processing file /home/airflow/.local/lib/python3.12/site-packages/airflow/example_dags/example_complex.py for tasks to queue
[2024-09-22T23:51:04.873+0000] {logging_mixin.py:190} INFO - [2024-09-22T23:51:04.873+0000] {dagbag.py:587} INFO - Filling up the DagBag from /home/airflow/.local/lib/python3.12/site-packages/airflow/example_dags/example_complex.py
[2024-09-22T23:51:04.898+0000] {processor.py:925} INFO - DAG(s) 'example_complex' retrieved from /home/airflow/.local/lib/python3.12/site-packages/airflow/example_dags/example_complex.py
[2024-09-22T23:51:04.950+0000] {logging_mixin.py:190} INFO - [2024-09-22T23:51:04.949+0000] {dag.py:3229} INFO - Sync 1 DAGs
[2024-09-22T23:51:04.971+0000] {logging_mixin.py:190} INFO - [2024-09-22T23:51:04.970+0000] {dag.py:4156} INFO - Setting next_dagrun for example_complex to None, run_after=None
[2024-09-22T23:51:05.001+0000] {processor.py:208} INFO - Processing /home/airflow/.local/lib/python3.12/site-packages/airflow/example_dags/example_complex.py took 0.147 seconds
[2024-09-22T23:51:35.688+0000] {processor.py:186} INFO - Started process (PID=677) to work on /home/airflow/.local/lib/python3.12/site-packages/airflow/example_dags/example_complex.py
[2024-09-22T23:51:35.690+0000] {processor.py:914} INFO - Processing file /home/airflow/.local/lib/python3.12/site-packages/airflow/example_dags/example_complex.py for tasks to queue
[2024-09-22T23:51:35.694+0000] {logging_mixin.py:190} INFO - [2024-09-22T23:51:35.693+0000] {dagbag.py:587} INFO - Filling up the DagBag from /home/airflow/.local/lib/python3.12/site-packages/airflow/example_dags/example_complex.py
[2024-09-22T23:51:35.716+0000] {processor.py:925} INFO - DAG(s) 'example_complex' retrieved from /home/airflow/.local/lib/python3.12/site-packages/airflow/example_dags/example_complex.py
[2024-09-22T23:51:35.762+0000] {logging_mixin.py:190} INFO - [2024-09-22T23:51:35.761+0000] {dag.py:3229} INFO - Sync 1 DAGs
[2024-09-22T23:51:35.784+0000] {logging_mixin.py:190} INFO - [2024-09-22T23:51:35.783+0000] {dag.py:4156} INFO - Setting next_dagrun for example_complex to None, run_after=None
[2024-09-22T23:51:35.810+0000] {processor.py:208} INFO - Processing /home/airflow/.local/lib/python3.12/site-packages/airflow/example_dags/example_complex.py took 0.131 seconds
[2024-09-22T23:52:07.147+0000] {processor.py:186} INFO - Started process (PID=741) to work on /home/airflow/.local/lib/python3.12/site-packages/airflow/example_dags/example_complex.py
[2024-09-22T23:52:07.149+0000] {processor.py:914} INFO - Processing file /home/airflow/.local/lib/python3.12/site-packages/airflow/example_dags/example_complex.py for tasks to queue
[2024-09-22T23:52:07.153+0000] {logging_mixin.py:190} INFO - [2024-09-22T23:52:07.152+0000] {dagbag.py:587} INFO - Filling up the DagBag from /home/airflow/.local/lib/python3.12/site-packages/airflow/example_dags/example_complex.py
[2024-09-22T23:52:07.179+0000] {processor.py:925} INFO - DAG(s) 'example_complex' retrieved from /home/airflow/.local/lib/python3.12/site-packages/airflow/example_dags/example_complex.py
[2024-09-22T23:52:07.225+0000] {logging_mixin.py:190} INFO - [2024-09-22T23:52:07.225+0000] {dag.py:3229} INFO - Sync 1 DAGs
[2024-09-22T23:52:07.246+0000] {logging_mixin.py:190} INFO - [2024-09-22T23:52:07.246+0000] {dag.py:4156} INFO - Setting next_dagrun for example_complex to None, run_after=None
[2024-09-22T23:52:07.271+0000] {processor.py:208} INFO - Processing /home/airflow/.local/lib/python3.12/site-packages/airflow/example_dags/example_complex.py took 0.135 seconds
[2024-09-22T23:52:38.108+0000] {processor.py:186} INFO - Started process (PID=810) to work on /home/airflow/.local/lib/python3.12/site-packages/airflow/example_dags/example_complex.py
[2024-09-22T23:52:38.110+0000] {processor.py:914} INFO - Processing file /home/airflow/.local/lib/python3.12/site-packages/airflow/example_dags/example_complex.py for tasks to queue
[2024-09-22T23:52:38.114+0000] {logging_mixin.py:190} INFO - [2024-09-22T23:52:38.113+0000] {dagbag.py:587} INFO - Filling up the DagBag from /home/airflow/.local/lib/python3.12/site-packages/airflow/example_dags/example_complex.py
[2024-09-22T23:52:38.142+0000] {processor.py:925} INFO - DAG(s) 'example_complex' retrieved from /home/airflow/.local/lib/python3.12/site-packages/airflow/example_dags/example_complex.py
[2024-09-22T23:52:38.208+0000] {logging_mixin.py:190} INFO - [2024-09-22T23:52:38.208+0000] {dag.py:3229} INFO - Sync 1 DAGs
[2024-09-22T23:52:38.239+0000] {logging_mixin.py:190} INFO - [2024-09-22T23:52:38.238+0000] {dag.py:4156} INFO - Setting next_dagrun for example_complex to None, run_after=None
[2024-09-22T23:52:38.273+0000] {processor.py:208} INFO - Processing /home/airflow/.local/lib/python3.12/site-packages/airflow/example_dags/example_complex.py took 0.175 seconds
[2024-09-22T23:53:08.816+0000] {processor.py:186} INFO - Started process (PID=872) to work on /home/airflow/.local/lib/python3.12/site-packages/airflow/example_dags/example_complex.py
[2024-09-22T23:53:08.818+0000] {processor.py:914} INFO - Processing file /home/airflow/.local/lib/python3.12/site-packages/airflow/example_dags/example_complex.py for tasks to queue
[2024-09-22T23:53:08.822+0000] {logging_mixin.py:190} INFO - [2024-09-22T23:53:08.821+0000] {dagbag.py:587} INFO - Filling up the DagBag from /home/airflow/.local/lib/python3.12/site-packages/airflow/example_dags/example_complex.py
[2024-09-22T23:53:08.850+0000] {processor.py:925} INFO - DAG(s) 'example_complex' retrieved from /home/airflow/.local/lib/python3.12/site-packages/airflow/example_dags/example_complex.py
[2024-09-22T23:53:08.900+0000] {logging_mixin.py:190} INFO - [2024-09-22T23:53:08.900+0000] {dag.py:3229} INFO - Sync 1 DAGs
[2024-09-22T23:53:08.924+0000] {logging_mixin.py:190} INFO - [2024-09-22T23:53:08.924+0000] {dag.py:4156} INFO - Setting next_dagrun for example_complex to None, run_after=None
[2024-09-22T23:53:08.951+0000] {processor.py:208} INFO - Processing /home/airflow/.local/lib/python3.12/site-packages/airflow/example_dags/example_complex.py took 0.146 seconds
[2024-09-22T23:53:41.853+0000] {processor.py:186} INFO - Started process (PID=936) to work on /home/airflow/.local/lib/python3.12/site-packages/airflow/example_dags/example_complex.py
[2024-09-22T23:53:41.858+0000] {processor.py:914} INFO - Processing file /home/airflow/.local/lib/python3.12/site-packages/airflow/example_dags/example_complex.py for tasks to queue
[2024-09-22T23:53:41.866+0000] {logging_mixin.py:190} INFO - [2024-09-22T23:53:41.864+0000] {dagbag.py:587} INFO - Filling up the DagBag from /home/airflow/.local/lib/python3.12/site-packages/airflow/example_dags/example_complex.py
[2024-09-22T23:53:41.919+0000] {processor.py:925} INFO - DAG(s) 'example_complex' retrieved from /home/airflow/.local/lib/python3.12/site-packages/airflow/example_dags/example_complex.py
[2024-09-22T23:53:42.039+0000] {logging_mixin.py:190} INFO - [2024-09-22T23:53:42.038+0000] {dag.py:3229} INFO - Sync 1 DAGs
[2024-09-22T23:53:42.117+0000] {logging_mixin.py:190} INFO - [2024-09-22T23:53:42.114+0000] {dag.py:4156} INFO - Setting next_dagrun for example_complex to None, run_after=None
[2024-09-22T23:53:42.186+0000] {processor.py:208} INFO - Processing /home/airflow/.local/lib/python3.12/site-packages/airflow/example_dags/example_complex.py took 0.359 seconds
[2024-09-22T23:54:13.128+0000] {processor.py:186} INFO - Started process (PID=999) to work on /home/airflow/.local/lib/python3.12/site-packages/airflow/example_dags/example_complex.py
[2024-09-22T23:54:13.129+0000] {processor.py:914} INFO - Processing file /home/airflow/.local/lib/python3.12/site-packages/airflow/example_dags/example_complex.py for tasks to queue
[2024-09-22T23:54:13.134+0000] {logging_mixin.py:190} INFO - [2024-09-22T23:54:13.134+0000] {dagbag.py:587} INFO - Filling up the DagBag from /home/airflow/.local/lib/python3.12/site-packages/airflow/example_dags/example_complex.py
[2024-09-22T23:54:13.160+0000] {processor.py:925} INFO - DAG(s) 'example_complex' retrieved from /home/airflow/.local/lib/python3.12/site-packages/airflow/example_dags/example_complex.py
[2024-09-22T23:54:13.204+0000] {logging_mixin.py:190} INFO - [2024-09-22T23:54:13.203+0000] {dag.py:3229} INFO - Sync 1 DAGs
[2024-09-22T23:54:13.228+0000] {logging_mixin.py:190} INFO - [2024-09-22T23:54:13.228+0000] {dag.py:4156} INFO - Setting next_dagrun for example_complex to None, run_after=None
[2024-09-22T23:54:13.254+0000] {processor.py:208} INFO - Processing /home/airflow/.local/lib/python3.12/site-packages/airflow/example_dags/example_complex.py took 0.139 seconds
[2024-09-22T23:54:44.229+0000] {processor.py:186} INFO - Started process (PID=1062) to work on /home/airflow/.local/lib/python3.12/site-packages/airflow/example_dags/example_complex.py
[2024-09-22T23:54:44.232+0000] {processor.py:914} INFO - Processing file /home/airflow/.local/lib/python3.12/site-packages/airflow/example_dags/example_complex.py for tasks to queue
[2024-09-22T23:54:44.236+0000] {logging_mixin.py:190} INFO - [2024-09-22T23:54:44.235+0000] {dagbag.py:587} INFO - Filling up the DagBag from /home/airflow/.local/lib/python3.12/site-packages/airflow/example_dags/example_complex.py
[2024-09-22T23:54:44.260+0000] {processor.py:925} INFO - DAG(s) 'example_complex' retrieved from /home/airflow/.local/lib/python3.12/site-packages/airflow/example_dags/example_complex.py
[2024-09-22T23:54:44.303+0000] {logging_mixin.py:190} INFO - [2024-09-22T23:54:44.303+0000] {dag.py:3229} INFO - Sync 1 DAGs
[2024-09-22T23:54:44.325+0000] {logging_mixin.py:190} INFO - [2024-09-22T23:54:44.325+0000] {dag.py:4156} INFO - Setting next_dagrun for example_complex to None, run_after=None
[2024-09-22T23:54:44.351+0000] {processor.py:208} INFO - Processing /home/airflow/.local/lib/python3.12/site-packages/airflow/example_dags/example_complex.py took 0.133 seconds
[2024-09-22T23:55:14.936+0000] {processor.py:186} INFO - Started process (PID=1124) to work on /home/airflow/.local/lib/python3.12/site-packages/airflow/example_dags/example_complex.py
[2024-09-22T23:55:14.938+0000] {processor.py:914} INFO - Processing file /home/airflow/.local/lib/python3.12/site-packages/airflow/example_dags/example_complex.py for tasks to queue
[2024-09-22T23:55:14.942+0000] {logging_mixin.py:190} INFO - [2024-09-22T23:55:14.941+0000] {dagbag.py:587} INFO - Filling up the DagBag from /home/airflow/.local/lib/python3.12/site-packages/airflow/example_dags/example_complex.py
[2024-09-22T23:55:14.965+0000] {processor.py:925} INFO - DAG(s) 'example_complex' retrieved from /home/airflow/.local/lib/python3.12/site-packages/airflow/example_dags/example_complex.py
[2024-09-22T23:55:15.010+0000] {logging_mixin.py:190} INFO - [2024-09-22T23:55:15.010+0000] {dag.py:3229} INFO - Sync 1 DAGs
[2024-09-22T23:55:15.034+0000] {logging_mixin.py:190} INFO - [2024-09-22T23:55:15.034+0000] {dag.py:4156} INFO - Setting next_dagrun for example_complex to None, run_after=None
[2024-09-22T23:55:15.063+0000] {processor.py:208} INFO - Processing /home/airflow/.local/lib/python3.12/site-packages/airflow/example_dags/example_complex.py took 0.136 seconds
[2024-09-22T23:55:46.549+0000] {processor.py:186} INFO - Started process (PID=1187) to work on /home/airflow/.local/lib/python3.12/site-packages/airflow/example_dags/example_complex.py
[2024-09-22T23:55:46.552+0000] {processor.py:914} INFO - Processing file /home/airflow/.local/lib/python3.12/site-packages/airflow/example_dags/example_complex.py for tasks to queue
[2024-09-22T23:55:46.556+0000] {logging_mixin.py:190} INFO - [2024-09-22T23:55:46.556+0000] {dagbag.py:587} INFO - Filling up the DagBag from /home/airflow/.local/lib/python3.12/site-packages/airflow/example_dags/example_complex.py
[2024-09-22T23:55:46.589+0000] {processor.py:925} INFO - DAG(s) 'example_complex' retrieved from /home/airflow/.local/lib/python3.12/site-packages/airflow/example_dags/example_complex.py
[2024-09-22T23:55:46.662+0000] {logging_mixin.py:190} INFO - [2024-09-22T23:55:46.661+0000] {dag.py:3229} INFO - Sync 1 DAGs
[2024-09-22T23:55:46.690+0000] {logging_mixin.py:190} INFO - [2024-09-22T23:55:46.689+0000] {dag.py:4156} INFO - Setting next_dagrun for example_complex to None, run_after=None
[2024-09-22T23:55:46.723+0000] {processor.py:208} INFO - Processing /home/airflow/.local/lib/python3.12/site-packages/airflow/example_dags/example_complex.py took 0.186 seconds
[2024-09-22T23:58:07.017+0000] {processor.py:186} INFO - Started process (PID=108) to work on /home/airflow/.local/lib/python3.12/site-packages/airflow/example_dags/example_complex.py
[2024-09-22T23:58:07.019+0000] {processor.py:914} INFO - Processing file /home/airflow/.local/lib/python3.12/site-packages/airflow/example_dags/example_complex.py for tasks to queue
[2024-09-22T23:58:07.024+0000] {logging_mixin.py:190} INFO - [2024-09-22T23:58:07.023+0000] {dagbag.py:587} INFO - Filling up the DagBag from /home/airflow/.local/lib/python3.12/site-packages/airflow/example_dags/example_complex.py
[2024-09-22T23:58:07.058+0000] {processor.py:925} INFO - DAG(s) 'example_complex' retrieved from /home/airflow/.local/lib/python3.12/site-packages/airflow/example_dags/example_complex.py
[2024-09-22T23:58:07.135+0000] {logging_mixin.py:190} INFO - [2024-09-22T23:58:07.134+0000] {dag.py:3229} INFO - Sync 1 DAGs
[2024-09-22T23:58:07.186+0000] {logging_mixin.py:190} INFO - [2024-09-22T23:58:07.185+0000] {dag.py:4156} INFO - Setting next_dagrun for example_complex to None, run_after=None
[2024-09-22T23:58:07.242+0000] {processor.py:208} INFO - Processing /home/airflow/.local/lib/python3.12/site-packages/airflow/example_dags/example_complex.py took 0.239 seconds
[2024-09-22T23:58:37.565+0000] {processor.py:186} INFO - Started process (PID=171) to work on /home/airflow/.local/lib/python3.12/site-packages/airflow/example_dags/example_complex.py
[2024-09-22T23:58:37.567+0000] {processor.py:914} INFO - Processing file /home/airflow/.local/lib/python3.12/site-packages/airflow/example_dags/example_complex.py for tasks to queue
[2024-09-22T23:58:37.571+0000] {logging_mixin.py:190} INFO - [2024-09-22T23:58:37.571+0000] {dagbag.py:587} INFO - Filling up the DagBag from /home/airflow/.local/lib/python3.12/site-packages/airflow/example_dags/example_complex.py
[2024-09-22T23:58:37.601+0000] {processor.py:925} INFO - DAG(s) 'example_complex' retrieved from /home/airflow/.local/lib/python3.12/site-packages/airflow/example_dags/example_complex.py
[2024-09-22T23:58:37.653+0000] {logging_mixin.py:190} INFO - [2024-09-22T23:58:37.652+0000] {dag.py:3229} INFO - Sync 1 DAGs
[2024-09-22T23:58:37.677+0000] {logging_mixin.py:190} INFO - [2024-09-22T23:58:37.676+0000] {dag.py:4156} INFO - Setting next_dagrun for example_complex to None, run_after=None
[2024-09-22T23:58:37.703+0000] {processor.py:208} INFO - Processing /home/airflow/.local/lib/python3.12/site-packages/airflow/example_dags/example_complex.py took 0.151 seconds
[2024-09-22T23:59:08.176+0000] {processor.py:186} INFO - Started process (PID=234) to work on /home/airflow/.local/lib/python3.12/site-packages/airflow/example_dags/example_complex.py
[2024-09-22T23:59:08.178+0000] {processor.py:914} INFO - Processing file /home/airflow/.local/lib/python3.12/site-packages/airflow/example_dags/example_complex.py for tasks to queue
[2024-09-22T23:59:08.182+0000] {logging_mixin.py:190} INFO - [2024-09-22T23:59:08.181+0000] {dagbag.py:587} INFO - Filling up the DagBag from /home/airflow/.local/lib/python3.12/site-packages/airflow/example_dags/example_complex.py
[2024-09-22T23:59:08.209+0000] {processor.py:925} INFO - DAG(s) 'example_complex' retrieved from /home/airflow/.local/lib/python3.12/site-packages/airflow/example_dags/example_complex.py
[2024-09-22T23:59:08.256+0000] {logging_mixin.py:190} INFO - [2024-09-22T23:59:08.256+0000] {dag.py:3229} INFO - Sync 1 DAGs
[2024-09-22T23:59:08.276+0000] {logging_mixin.py:190} INFO - [2024-09-22T23:59:08.276+0000] {dag.py:4156} INFO - Setting next_dagrun for example_complex to None, run_after=None
[2024-09-22T23:59:08.299+0000] {processor.py:208} INFO - Processing /home/airflow/.local/lib/python3.12/site-packages/airflow/example_dags/example_complex.py took 0.133 seconds
[2024-09-22T23:59:38.490+0000] {processor.py:186} INFO - Started process (PID=296) to work on /home/airflow/.local/lib/python3.12/site-packages/airflow/example_dags/example_complex.py
[2024-09-22T23:59:38.492+0000] {processor.py:914} INFO - Processing file /home/airflow/.local/lib/python3.12/site-packages/airflow/example_dags/example_complex.py for tasks to queue
[2024-09-22T23:59:38.496+0000] {logging_mixin.py:190} INFO - [2024-09-22T23:59:38.495+0000] {dagbag.py:587} INFO - Filling up the DagBag from /home/airflow/.local/lib/python3.12/site-packages/airflow/example_dags/example_complex.py
[2024-09-22T23:59:38.519+0000] {processor.py:925} INFO - DAG(s) 'example_complex' retrieved from /home/airflow/.local/lib/python3.12/site-packages/airflow/example_dags/example_complex.py
[2024-09-22T23:59:38.565+0000] {logging_mixin.py:190} INFO - [2024-09-22T23:59:38.564+0000] {dag.py:3229} INFO - Sync 1 DAGs
[2024-09-22T23:59:38.585+0000] {logging_mixin.py:190} INFO - [2024-09-22T23:59:38.584+0000] {dag.py:4156} INFO - Setting next_dagrun for example_complex to None, run_after=None
[2024-09-22T23:59:38.611+0000] {processor.py:208} INFO - Processing /home/airflow/.local/lib/python3.12/site-packages/airflow/example_dags/example_complex.py took 0.130 seconds
