[2024-09-22T23:26:20.760+0000] {processor.py:186} INFO - Started process (PID=92) to work on /home/airflow/.local/lib/python3.12/site-packages/airflow/example_dags/example_params_trigger_ui.py
[2024-09-22T23:26:20.762+0000] {processor.py:914} INFO - Processing file /home/airflow/.local/lib/python3.12/site-packages/airflow/example_dags/example_params_trigger_ui.py for tasks to queue
[2024-09-22T23:26:20.766+0000] {logging_mixin.py:190} INFO - [2024-09-22T23:26:20.766+0000] {dagbag.py:587} INFO - Filling up the DagBag from /home/airflow/.local/lib/python3.12/site-packages/airflow/example_dags/example_params_trigger_ui.py
[2024-09-22T23:26:20.797+0000] {processor.py:925} INFO - DAG(s) 'example_params_trigger_ui' retrieved from /home/airflow/.local/lib/python3.12/site-packages/airflow/example_dags/example_params_trigger_ui.py
[2024-09-22T23:26:21.202+0000] {logging_mixin.py:190} INFO - [2024-09-22T23:26:21.201+0000] {override.py:1900} INFO - Created Permission View: can edit on DAG:example_params_trigger_ui
[2024-09-22T23:26:21.240+0000] {logging_mixin.py:190} INFO - [2024-09-22T23:26:21.240+0000] {override.py:1900} INFO - Created Permission View: can read on DAG:example_params_trigger_ui
[2024-09-22T23:26:21.262+0000] {logging_mixin.py:190} INFO - [2024-09-22T23:26:21.262+0000] {override.py:1900} INFO - Created Permission View: can delete on DAG:example_params_trigger_ui
[2024-09-22T23:26:21.278+0000] {logging_mixin.py:190} INFO - [2024-09-22T23:26:21.277+0000] {override.py:1900} INFO - Created Permission View: can create on DAG Run:example_params_trigger_ui
[2024-09-22T23:26:21.287+0000] {logging_mixin.py:190} INFO - [2024-09-22T23:26:21.287+0000] {override.py:1900} INFO - Created Permission View: menu access on DAG Run:example_params_trigger_ui
[2024-09-22T23:26:21.297+0000] {logging_mixin.py:190} INFO - [2024-09-22T23:26:21.297+0000] {override.py:1900} INFO - Created Permission View: can read on DAG Run:example_params_trigger_ui
[2024-09-22T23:26:21.307+0000] {logging_mixin.py:190} INFO - [2024-09-22T23:26:21.306+0000] {override.py:1900} INFO - Created Permission View: can delete on DAG Run:example_params_trigger_ui
[2024-09-22T23:26:21.307+0000] {logging_mixin.py:190} INFO - [2024-09-22T23:26:21.307+0000] {dag.py:3229} INFO - Sync 1 DAGs
[2024-09-22T23:26:21.333+0000] {logging_mixin.py:190} INFO - [2024-09-22T23:26:21.332+0000] {dag.py:3252} INFO - Creating ORM DAG for example_params_trigger_ui
[2024-09-22T23:26:21.334+0000] {logging_mixin.py:190} INFO - [2024-09-22T23:26:21.334+0000] {dag.py:4156} INFO - Setting next_dagrun for example_params_trigger_ui to None, run_after=None
[2024-09-22T23:26:21.364+0000] {processor.py:208} INFO - Processing /home/airflow/.local/lib/python3.12/site-packages/airflow/example_dags/example_params_trigger_ui.py took 0.616 seconds
[2024-09-22T23:26:51.800+0000] {processor.py:186} INFO - Started process (PID=154) to work on /home/airflow/.local/lib/python3.12/site-packages/airflow/example_dags/example_params_trigger_ui.py
[2024-09-22T23:26:51.802+0000] {processor.py:914} INFO - Processing file /home/airflow/.local/lib/python3.12/site-packages/airflow/example_dags/example_params_trigger_ui.py for tasks to queue
[2024-09-22T23:26:51.805+0000] {logging_mixin.py:190} INFO - [2024-09-22T23:26:51.804+0000] {dagbag.py:587} INFO - Filling up the DagBag from /home/airflow/.local/lib/python3.12/site-packages/airflow/example_dags/example_params_trigger_ui.py
[2024-09-22T23:26:51.833+0000] {processor.py:925} INFO - DAG(s) 'example_params_trigger_ui' retrieved from /home/airflow/.local/lib/python3.12/site-packages/airflow/example_dags/example_params_trigger_ui.py
[2024-09-22T23:26:51.896+0000] {logging_mixin.py:190} INFO - [2024-09-22T23:26:51.896+0000] {dag.py:3229} INFO - Sync 1 DAGs
[2024-09-22T23:26:51.921+0000] {logging_mixin.py:190} INFO - [2024-09-22T23:26:51.921+0000] {dag.py:4156} INFO - Setting next_dagrun for example_params_trigger_ui to None, run_after=None
[2024-09-22T23:26:51.951+0000] {processor.py:208} INFO - Processing /home/airflow/.local/lib/python3.12/site-packages/airflow/example_dags/example_params_trigger_ui.py took 0.159 seconds
[2024-09-22T23:27:22.070+0000] {processor.py:186} INFO - Started process (PID=216) to work on /home/airflow/.local/lib/python3.12/site-packages/airflow/example_dags/example_params_trigger_ui.py
[2024-09-22T23:27:22.072+0000] {processor.py:914} INFO - Processing file /home/airflow/.local/lib/python3.12/site-packages/airflow/example_dags/example_params_trigger_ui.py for tasks to queue
[2024-09-22T23:27:22.076+0000] {logging_mixin.py:190} INFO - [2024-09-22T23:27:22.075+0000] {dagbag.py:587} INFO - Filling up the DagBag from /home/airflow/.local/lib/python3.12/site-packages/airflow/example_dags/example_params_trigger_ui.py
[2024-09-22T23:27:22.101+0000] {processor.py:925} INFO - DAG(s) 'example_params_trigger_ui' retrieved from /home/airflow/.local/lib/python3.12/site-packages/airflow/example_dags/example_params_trigger_ui.py
[2024-09-22T23:27:22.160+0000] {logging_mixin.py:190} INFO - [2024-09-22T23:27:22.159+0000] {dag.py:3229} INFO - Sync 1 DAGs
[2024-09-22T23:27:22.180+0000] {logging_mixin.py:190} INFO - [2024-09-22T23:27:22.180+0000] {dag.py:4156} INFO - Setting next_dagrun for example_params_trigger_ui to None, run_after=None
[2024-09-22T23:27:22.210+0000] {processor.py:208} INFO - Processing /home/airflow/.local/lib/python3.12/site-packages/airflow/example_dags/example_params_trigger_ui.py took 0.149 seconds
[2024-09-22T23:27:52.536+0000] {processor.py:186} INFO - Started process (PID=278) to work on /home/airflow/.local/lib/python3.12/site-packages/airflow/example_dags/example_params_trigger_ui.py
[2024-09-22T23:27:52.537+0000] {processor.py:914} INFO - Processing file /home/airflow/.local/lib/python3.12/site-packages/airflow/example_dags/example_params_trigger_ui.py for tasks to queue
[2024-09-22T23:27:52.541+0000] {logging_mixin.py:190} INFO - [2024-09-22T23:27:52.540+0000] {dagbag.py:587} INFO - Filling up the DagBag from /home/airflow/.local/lib/python3.12/site-packages/airflow/example_dags/example_params_trigger_ui.py
[2024-09-22T23:27:52.561+0000] {processor.py:925} INFO - DAG(s) 'example_params_trigger_ui' retrieved from /home/airflow/.local/lib/python3.12/site-packages/airflow/example_dags/example_params_trigger_ui.py
[2024-09-22T23:27:52.621+0000] {logging_mixin.py:190} INFO - [2024-09-22T23:27:52.621+0000] {dag.py:3229} INFO - Sync 1 DAGs
[2024-09-22T23:27:52.644+0000] {logging_mixin.py:190} INFO - [2024-09-22T23:27:52.643+0000] {dag.py:4156} INFO - Setting next_dagrun for example_params_trigger_ui to None, run_after=None
[2024-09-22T23:27:52.667+0000] {processor.py:208} INFO - Processing /home/airflow/.local/lib/python3.12/site-packages/airflow/example_dags/example_params_trigger_ui.py took 0.140 seconds
[2024-09-22T23:28:22.791+0000] {processor.py:186} INFO - Started process (PID=340) to work on /home/airflow/.local/lib/python3.12/site-packages/airflow/example_dags/example_params_trigger_ui.py
[2024-09-22T23:28:22.793+0000] {processor.py:914} INFO - Processing file /home/airflow/.local/lib/python3.12/site-packages/airflow/example_dags/example_params_trigger_ui.py for tasks to queue
[2024-09-22T23:28:22.797+0000] {logging_mixin.py:190} INFO - [2024-09-22T23:28:22.796+0000] {dagbag.py:587} INFO - Filling up the DagBag from /home/airflow/.local/lib/python3.12/site-packages/airflow/example_dags/example_params_trigger_ui.py
[2024-09-22T23:28:22.818+0000] {processor.py:925} INFO - DAG(s) 'example_params_trigger_ui' retrieved from /home/airflow/.local/lib/python3.12/site-packages/airflow/example_dags/example_params_trigger_ui.py
[2024-09-22T23:28:22.886+0000] {logging_mixin.py:190} INFO - [2024-09-22T23:28:22.886+0000] {dag.py:3229} INFO - Sync 1 DAGs
[2024-09-22T23:28:22.906+0000] {logging_mixin.py:190} INFO - [2024-09-22T23:28:22.906+0000] {dag.py:4156} INFO - Setting next_dagrun for example_params_trigger_ui to None, run_after=None
[2024-09-22T23:28:22.937+0000] {processor.py:208} INFO - Processing /home/airflow/.local/lib/python3.12/site-packages/airflow/example_dags/example_params_trigger_ui.py took 0.155 seconds
[2024-09-22T23:28:53.298+0000] {processor.py:186} INFO - Started process (PID=402) to work on /home/airflow/.local/lib/python3.12/site-packages/airflow/example_dags/example_params_trigger_ui.py
[2024-09-22T23:28:53.300+0000] {processor.py:914} INFO - Processing file /home/airflow/.local/lib/python3.12/site-packages/airflow/example_dags/example_params_trigger_ui.py for tasks to queue
[2024-09-22T23:28:53.304+0000] {logging_mixin.py:190} INFO - [2024-09-22T23:28:53.304+0000] {dagbag.py:587} INFO - Filling up the DagBag from /home/airflow/.local/lib/python3.12/site-packages/airflow/example_dags/example_params_trigger_ui.py
[2024-09-22T23:28:53.335+0000] {processor.py:925} INFO - DAG(s) 'example_params_trigger_ui' retrieved from /home/airflow/.local/lib/python3.12/site-packages/airflow/example_dags/example_params_trigger_ui.py
[2024-09-22T23:28:53.414+0000] {logging_mixin.py:190} INFO - [2024-09-22T23:28:53.413+0000] {dag.py:3229} INFO - Sync 1 DAGs
[2024-09-22T23:28:53.441+0000] {logging_mixin.py:190} INFO - [2024-09-22T23:28:53.440+0000] {dag.py:4156} INFO - Setting next_dagrun for example_params_trigger_ui to None, run_after=None
[2024-09-22T23:28:53.471+0000] {processor.py:208} INFO - Processing /home/airflow/.local/lib/python3.12/site-packages/airflow/example_dags/example_params_trigger_ui.py took 0.185 seconds
[2024-09-22T23:29:23.762+0000] {processor.py:186} INFO - Started process (PID=464) to work on /home/airflow/.local/lib/python3.12/site-packages/airflow/example_dags/example_params_trigger_ui.py
[2024-09-22T23:29:23.763+0000] {processor.py:914} INFO - Processing file /home/airflow/.local/lib/python3.12/site-packages/airflow/example_dags/example_params_trigger_ui.py for tasks to queue
[2024-09-22T23:29:23.767+0000] {logging_mixin.py:190} INFO - [2024-09-22T23:29:23.767+0000] {dagbag.py:587} INFO - Filling up the DagBag from /home/airflow/.local/lib/python3.12/site-packages/airflow/example_dags/example_params_trigger_ui.py
[2024-09-22T23:29:23.795+0000] {processor.py:925} INFO - DAG(s) 'example_params_trigger_ui' retrieved from /home/airflow/.local/lib/python3.12/site-packages/airflow/example_dags/example_params_trigger_ui.py
[2024-09-22T23:29:23.869+0000] {logging_mixin.py:190} INFO - [2024-09-22T23:29:23.869+0000] {dag.py:3229} INFO - Sync 1 DAGs
[2024-09-22T23:29:23.892+0000] {logging_mixin.py:190} INFO - [2024-09-22T23:29:23.892+0000] {dag.py:4156} INFO - Setting next_dagrun for example_params_trigger_ui to None, run_after=None
[2024-09-22T23:29:23.956+0000] {processor.py:208} INFO - Processing /home/airflow/.local/lib/python3.12/site-packages/airflow/example_dags/example_params_trigger_ui.py took 0.205 seconds
[2024-09-22T23:29:54.099+0000] {processor.py:186} INFO - Started process (PID=526) to work on /home/airflow/.local/lib/python3.12/site-packages/airflow/example_dags/example_params_trigger_ui.py
[2024-09-22T23:29:54.102+0000] {processor.py:914} INFO - Processing file /home/airflow/.local/lib/python3.12/site-packages/airflow/example_dags/example_params_trigger_ui.py for tasks to queue
[2024-09-22T23:29:54.106+0000] {logging_mixin.py:190} INFO - [2024-09-22T23:29:54.105+0000] {dagbag.py:587} INFO - Filling up the DagBag from /home/airflow/.local/lib/python3.12/site-packages/airflow/example_dags/example_params_trigger_ui.py
[2024-09-22T23:29:54.132+0000] {processor.py:925} INFO - DAG(s) 'example_params_trigger_ui' retrieved from /home/airflow/.local/lib/python3.12/site-packages/airflow/example_dags/example_params_trigger_ui.py
[2024-09-22T23:29:54.197+0000] {logging_mixin.py:190} INFO - [2024-09-22T23:29:54.196+0000] {dag.py:3229} INFO - Sync 1 DAGs
[2024-09-22T23:29:54.224+0000] {logging_mixin.py:190} INFO - [2024-09-22T23:29:54.223+0000] {dag.py:4156} INFO - Setting next_dagrun for example_params_trigger_ui to None, run_after=None
[2024-09-22T23:29:54.252+0000] {processor.py:208} INFO - Processing /home/airflow/.local/lib/python3.12/site-packages/airflow/example_dags/example_params_trigger_ui.py took 0.163 seconds
[2024-09-22T23:30:24.328+0000] {processor.py:186} INFO - Started process (PID=588) to work on /home/airflow/.local/lib/python3.12/site-packages/airflow/example_dags/example_params_trigger_ui.py
[2024-09-22T23:30:24.330+0000] {processor.py:914} INFO - Processing file /home/airflow/.local/lib/python3.12/site-packages/airflow/example_dags/example_params_trigger_ui.py for tasks to queue
[2024-09-22T23:30:24.334+0000] {logging_mixin.py:190} INFO - [2024-09-22T23:30:24.333+0000] {dagbag.py:587} INFO - Filling up the DagBag from /home/airflow/.local/lib/python3.12/site-packages/airflow/example_dags/example_params_trigger_ui.py
[2024-09-22T23:30:24.358+0000] {processor.py:925} INFO - DAG(s) 'example_params_trigger_ui' retrieved from /home/airflow/.local/lib/python3.12/site-packages/airflow/example_dags/example_params_trigger_ui.py
[2024-09-22T23:30:24.418+0000] {logging_mixin.py:190} INFO - [2024-09-22T23:30:24.418+0000] {dag.py:3229} INFO - Sync 1 DAGs
[2024-09-22T23:30:24.438+0000] {logging_mixin.py:190} INFO - [2024-09-22T23:30:24.438+0000] {dag.py:4156} INFO - Setting next_dagrun for example_params_trigger_ui to None, run_after=None
[2024-09-22T23:30:24.463+0000] {processor.py:208} INFO - Processing /home/airflow/.local/lib/python3.12/site-packages/airflow/example_dags/example_params_trigger_ui.py took 0.146 seconds
[2024-09-22T23:30:54.549+0000] {processor.py:186} INFO - Started process (PID=650) to work on /home/airflow/.local/lib/python3.12/site-packages/airflow/example_dags/example_params_trigger_ui.py
[2024-09-22T23:30:54.551+0000] {processor.py:914} INFO - Processing file /home/airflow/.local/lib/python3.12/site-packages/airflow/example_dags/example_params_trigger_ui.py for tasks to queue
[2024-09-22T23:30:54.555+0000] {logging_mixin.py:190} INFO - [2024-09-22T23:30:54.554+0000] {dagbag.py:587} INFO - Filling up the DagBag from /home/airflow/.local/lib/python3.12/site-packages/airflow/example_dags/example_params_trigger_ui.py
[2024-09-22T23:30:54.582+0000] {processor.py:925} INFO - DAG(s) 'example_params_trigger_ui' retrieved from /home/airflow/.local/lib/python3.12/site-packages/airflow/example_dags/example_params_trigger_ui.py
[2024-09-22T23:30:54.637+0000] {logging_mixin.py:190} INFO - [2024-09-22T23:30:54.637+0000] {dag.py:3229} INFO - Sync 1 DAGs
[2024-09-22T23:30:54.658+0000] {logging_mixin.py:190} INFO - [2024-09-22T23:30:54.658+0000] {dag.py:4156} INFO - Setting next_dagrun for example_params_trigger_ui to None, run_after=None
[2024-09-22T23:30:54.684+0000] {processor.py:208} INFO - Processing /home/airflow/.local/lib/python3.12/site-packages/airflow/example_dags/example_params_trigger_ui.py took 0.146 seconds
[2024-09-22T23:31:24.777+0000] {processor.py:186} INFO - Started process (PID=713) to work on /home/airflow/.local/lib/python3.12/site-packages/airflow/example_dags/example_params_trigger_ui.py
[2024-09-22T23:31:24.778+0000] {processor.py:914} INFO - Processing file /home/airflow/.local/lib/python3.12/site-packages/airflow/example_dags/example_params_trigger_ui.py for tasks to queue
[2024-09-22T23:31:24.781+0000] {logging_mixin.py:190} INFO - [2024-09-22T23:31:24.781+0000] {dagbag.py:587} INFO - Filling up the DagBag from /home/airflow/.local/lib/python3.12/site-packages/airflow/example_dags/example_params_trigger_ui.py
[2024-09-22T23:31:24.803+0000] {processor.py:925} INFO - DAG(s) 'example_params_trigger_ui' retrieved from /home/airflow/.local/lib/python3.12/site-packages/airflow/example_dags/example_params_trigger_ui.py
[2024-09-22T23:31:24.871+0000] {logging_mixin.py:190} INFO - [2024-09-22T23:31:24.871+0000] {dag.py:3229} INFO - Sync 1 DAGs
[2024-09-22T23:31:24.890+0000] {logging_mixin.py:190} INFO - [2024-09-22T23:31:24.890+0000] {dag.py:4156} INFO - Setting next_dagrun for example_params_trigger_ui to None, run_after=None
[2024-09-22T23:31:24.920+0000] {processor.py:208} INFO - Processing /home/airflow/.local/lib/python3.12/site-packages/airflow/example_dags/example_params_trigger_ui.py took 0.152 seconds
[2024-09-22T23:31:55.456+0000] {processor.py:186} INFO - Started process (PID=775) to work on /home/airflow/.local/lib/python3.12/site-packages/airflow/example_dags/example_params_trigger_ui.py
[2024-09-22T23:31:55.458+0000] {processor.py:914} INFO - Processing file /home/airflow/.local/lib/python3.12/site-packages/airflow/example_dags/example_params_trigger_ui.py for tasks to queue
[2024-09-22T23:31:55.462+0000] {logging_mixin.py:190} INFO - [2024-09-22T23:31:55.461+0000] {dagbag.py:587} INFO - Filling up the DagBag from /home/airflow/.local/lib/python3.12/site-packages/airflow/example_dags/example_params_trigger_ui.py
[2024-09-22T23:31:55.486+0000] {processor.py:925} INFO - DAG(s) 'example_params_trigger_ui' retrieved from /home/airflow/.local/lib/python3.12/site-packages/airflow/example_dags/example_params_trigger_ui.py
[2024-09-22T23:31:55.552+0000] {logging_mixin.py:190} INFO - [2024-09-22T23:31:55.551+0000] {dag.py:3229} INFO - Sync 1 DAGs
[2024-09-22T23:31:55.574+0000] {logging_mixin.py:190} INFO - [2024-09-22T23:31:55.574+0000] {dag.py:4156} INFO - Setting next_dagrun for example_params_trigger_ui to None, run_after=None
[2024-09-22T23:31:55.601+0000] {processor.py:208} INFO - Processing /home/airflow/.local/lib/python3.12/site-packages/airflow/example_dags/example_params_trigger_ui.py took 0.154 seconds
[2024-09-22T23:32:26.052+0000] {processor.py:186} INFO - Started process (PID=838) to work on /home/airflow/.local/lib/python3.12/site-packages/airflow/example_dags/example_params_trigger_ui.py
[2024-09-22T23:32:26.054+0000] {processor.py:914} INFO - Processing file /home/airflow/.local/lib/python3.12/site-packages/airflow/example_dags/example_params_trigger_ui.py for tasks to queue
[2024-09-22T23:32:26.057+0000] {logging_mixin.py:190} INFO - [2024-09-22T23:32:26.057+0000] {dagbag.py:587} INFO - Filling up the DagBag from /home/airflow/.local/lib/python3.12/site-packages/airflow/example_dags/example_params_trigger_ui.py
[2024-09-22T23:32:26.080+0000] {processor.py:925} INFO - DAG(s) 'example_params_trigger_ui' retrieved from /home/airflow/.local/lib/python3.12/site-packages/airflow/example_dags/example_params_trigger_ui.py
[2024-09-22T23:32:26.163+0000] {logging_mixin.py:190} INFO - [2024-09-22T23:32:26.162+0000] {dag.py:3229} INFO - Sync 1 DAGs
[2024-09-22T23:32:26.194+0000] {logging_mixin.py:190} INFO - [2024-09-22T23:32:26.193+0000] {dag.py:4156} INFO - Setting next_dagrun for example_params_trigger_ui to None, run_after=None
[2024-09-22T23:32:26.230+0000] {processor.py:208} INFO - Processing /home/airflow/.local/lib/python3.12/site-packages/airflow/example_dags/example_params_trigger_ui.py took 0.188 seconds
[2024-09-22T23:32:56.899+0000] {processor.py:186} INFO - Started process (PID=901) to work on /home/airflow/.local/lib/python3.12/site-packages/airflow/example_dags/example_params_trigger_ui.py
[2024-09-22T23:32:56.901+0000] {processor.py:914} INFO - Processing file /home/airflow/.local/lib/python3.12/site-packages/airflow/example_dags/example_params_trigger_ui.py for tasks to queue
[2024-09-22T23:32:56.906+0000] {logging_mixin.py:190} INFO - [2024-09-22T23:32:56.905+0000] {dagbag.py:587} INFO - Filling up the DagBag from /home/airflow/.local/lib/python3.12/site-packages/airflow/example_dags/example_params_trigger_ui.py
[2024-09-22T23:32:56.936+0000] {processor.py:925} INFO - DAG(s) 'example_params_trigger_ui' retrieved from /home/airflow/.local/lib/python3.12/site-packages/airflow/example_dags/example_params_trigger_ui.py
[2024-09-22T23:32:57.022+0000] {logging_mixin.py:190} INFO - [2024-09-22T23:32:57.022+0000] {dag.py:3229} INFO - Sync 1 DAGs
[2024-09-22T23:32:57.041+0000] {logging_mixin.py:190} INFO - [2024-09-22T23:32:57.041+0000] {dag.py:4156} INFO - Setting next_dagrun for example_params_trigger_ui to None, run_after=None
[2024-09-22T23:32:57.076+0000] {processor.py:208} INFO - Processing /home/airflow/.local/lib/python3.12/site-packages/airflow/example_dags/example_params_trigger_ui.py took 0.190 seconds
[2024-09-22T23:33:27.205+0000] {processor.py:186} INFO - Started process (PID=964) to work on /home/airflow/.local/lib/python3.12/site-packages/airflow/example_dags/example_params_trigger_ui.py
[2024-09-22T23:33:27.207+0000] {processor.py:914} INFO - Processing file /home/airflow/.local/lib/python3.12/site-packages/airflow/example_dags/example_params_trigger_ui.py for tasks to queue
[2024-09-22T23:33:27.211+0000] {logging_mixin.py:190} INFO - [2024-09-22T23:33:27.210+0000] {dagbag.py:587} INFO - Filling up the DagBag from /home/airflow/.local/lib/python3.12/site-packages/airflow/example_dags/example_params_trigger_ui.py
[2024-09-22T23:33:27.234+0000] {processor.py:925} INFO - DAG(s) 'example_params_trigger_ui' retrieved from /home/airflow/.local/lib/python3.12/site-packages/airflow/example_dags/example_params_trigger_ui.py
[2024-09-22T23:33:27.296+0000] {logging_mixin.py:190} INFO - [2024-09-22T23:33:27.296+0000] {dag.py:3229} INFO - Sync 1 DAGs
[2024-09-22T23:33:27.317+0000] {logging_mixin.py:190} INFO - [2024-09-22T23:33:27.317+0000] {dag.py:4156} INFO - Setting next_dagrun for example_params_trigger_ui to None, run_after=None
[2024-09-22T23:33:27.341+0000] {processor.py:208} INFO - Processing /home/airflow/.local/lib/python3.12/site-packages/airflow/example_dags/example_params_trigger_ui.py took 0.145 seconds
[2024-09-22T23:33:57.546+0000] {processor.py:186} INFO - Started process (PID=1027) to work on /home/airflow/.local/lib/python3.12/site-packages/airflow/example_dags/example_params_trigger_ui.py
[2024-09-22T23:33:57.548+0000] {processor.py:914} INFO - Processing file /home/airflow/.local/lib/python3.12/site-packages/airflow/example_dags/example_params_trigger_ui.py for tasks to queue
[2024-09-22T23:33:57.551+0000] {logging_mixin.py:190} INFO - [2024-09-22T23:33:57.550+0000] {dagbag.py:587} INFO - Filling up the DagBag from /home/airflow/.local/lib/python3.12/site-packages/airflow/example_dags/example_params_trigger_ui.py
[2024-09-22T23:33:57.574+0000] {processor.py:925} INFO - DAG(s) 'example_params_trigger_ui' retrieved from /home/airflow/.local/lib/python3.12/site-packages/airflow/example_dags/example_params_trigger_ui.py
[2024-09-22T23:33:57.645+0000] {logging_mixin.py:190} INFO - [2024-09-22T23:33:57.645+0000] {dag.py:3229} INFO - Sync 1 DAGs
[2024-09-22T23:33:57.665+0000] {logging_mixin.py:190} INFO - [2024-09-22T23:33:57.665+0000] {dag.py:4156} INFO - Setting next_dagrun for example_params_trigger_ui to None, run_after=None
[2024-09-22T23:33:57.698+0000] {processor.py:208} INFO - Processing /home/airflow/.local/lib/python3.12/site-packages/airflow/example_dags/example_params_trigger_ui.py took 0.160 seconds
[2024-09-22T23:34:27.765+0000] {processor.py:186} INFO - Started process (PID=1090) to work on /home/airflow/.local/lib/python3.12/site-packages/airflow/example_dags/example_params_trigger_ui.py
[2024-09-22T23:34:27.768+0000] {processor.py:914} INFO - Processing file /home/airflow/.local/lib/python3.12/site-packages/airflow/example_dags/example_params_trigger_ui.py for tasks to queue
[2024-09-22T23:34:27.773+0000] {logging_mixin.py:190} INFO - [2024-09-22T23:34:27.772+0000] {dagbag.py:587} INFO - Filling up the DagBag from /home/airflow/.local/lib/python3.12/site-packages/airflow/example_dags/example_params_trigger_ui.py
[2024-09-22T23:34:27.805+0000] {processor.py:925} INFO - DAG(s) 'example_params_trigger_ui' retrieved from /home/airflow/.local/lib/python3.12/site-packages/airflow/example_dags/example_params_trigger_ui.py
[2024-09-22T23:34:27.866+0000] {logging_mixin.py:190} INFO - [2024-09-22T23:34:27.866+0000] {dag.py:3229} INFO - Sync 1 DAGs
[2024-09-22T23:34:27.887+0000] {logging_mixin.py:190} INFO - [2024-09-22T23:34:27.887+0000] {dag.py:4156} INFO - Setting next_dagrun for example_params_trigger_ui to None, run_after=None
[2024-09-22T23:34:27.920+0000] {processor.py:208} INFO - Processing /home/airflow/.local/lib/python3.12/site-packages/airflow/example_dags/example_params_trigger_ui.py took 0.168 seconds
[2024-09-22T23:34:58.024+0000] {processor.py:186} INFO - Started process (PID=1153) to work on /home/airflow/.local/lib/python3.12/site-packages/airflow/example_dags/example_params_trigger_ui.py
[2024-09-22T23:34:58.026+0000] {processor.py:914} INFO - Processing file /home/airflow/.local/lib/python3.12/site-packages/airflow/example_dags/example_params_trigger_ui.py for tasks to queue
[2024-09-22T23:34:58.030+0000] {logging_mixin.py:190} INFO - [2024-09-22T23:34:58.029+0000] {dagbag.py:587} INFO - Filling up the DagBag from /home/airflow/.local/lib/python3.12/site-packages/airflow/example_dags/example_params_trigger_ui.py
[2024-09-22T23:34:58.053+0000] {processor.py:925} INFO - DAG(s) 'example_params_trigger_ui' retrieved from /home/airflow/.local/lib/python3.12/site-packages/airflow/example_dags/example_params_trigger_ui.py
[2024-09-22T23:34:58.133+0000] {logging_mixin.py:190} INFO - [2024-09-22T23:34:58.133+0000] {dag.py:3229} INFO - Sync 1 DAGs
[2024-09-22T23:34:58.153+0000] {logging_mixin.py:190} INFO - [2024-09-22T23:34:58.153+0000] {dag.py:4156} INFO - Setting next_dagrun for example_params_trigger_ui to None, run_after=None
[2024-09-22T23:34:58.177+0000] {processor.py:208} INFO - Processing /home/airflow/.local/lib/python3.12/site-packages/airflow/example_dags/example_params_trigger_ui.py took 0.163 seconds
[2024-09-22T23:35:28.316+0000] {processor.py:186} INFO - Started process (PID=1216) to work on /home/airflow/.local/lib/python3.12/site-packages/airflow/example_dags/example_params_trigger_ui.py
[2024-09-22T23:35:28.318+0000] {processor.py:914} INFO - Processing file /home/airflow/.local/lib/python3.12/site-packages/airflow/example_dags/example_params_trigger_ui.py for tasks to queue
[2024-09-22T23:35:28.321+0000] {logging_mixin.py:190} INFO - [2024-09-22T23:35:28.321+0000] {dagbag.py:587} INFO - Filling up the DagBag from /home/airflow/.local/lib/python3.12/site-packages/airflow/example_dags/example_params_trigger_ui.py
[2024-09-22T23:35:28.349+0000] {processor.py:925} INFO - DAG(s) 'example_params_trigger_ui' retrieved from /home/airflow/.local/lib/python3.12/site-packages/airflow/example_dags/example_params_trigger_ui.py
[2024-09-22T23:35:28.410+0000] {logging_mixin.py:190} INFO - [2024-09-22T23:35:28.410+0000] {dag.py:3229} INFO - Sync 1 DAGs
[2024-09-22T23:35:28.436+0000] {logging_mixin.py:190} INFO - [2024-09-22T23:35:28.436+0000] {dag.py:4156} INFO - Setting next_dagrun for example_params_trigger_ui to None, run_after=None
[2024-09-22T23:35:28.467+0000] {processor.py:208} INFO - Processing /home/airflow/.local/lib/python3.12/site-packages/airflow/example_dags/example_params_trigger_ui.py took 0.161 seconds
[2024-09-22T23:35:58.626+0000] {processor.py:186} INFO - Started process (PID=1279) to work on /home/airflow/.local/lib/python3.12/site-packages/airflow/example_dags/example_params_trigger_ui.py
[2024-09-22T23:35:58.628+0000] {processor.py:914} INFO - Processing file /home/airflow/.local/lib/python3.12/site-packages/airflow/example_dags/example_params_trigger_ui.py for tasks to queue
[2024-09-22T23:35:58.631+0000] {logging_mixin.py:190} INFO - [2024-09-22T23:35:58.631+0000] {dagbag.py:587} INFO - Filling up the DagBag from /home/airflow/.local/lib/python3.12/site-packages/airflow/example_dags/example_params_trigger_ui.py
[2024-09-22T23:35:58.654+0000] {processor.py:925} INFO - DAG(s) 'example_params_trigger_ui' retrieved from /home/airflow/.local/lib/python3.12/site-packages/airflow/example_dags/example_params_trigger_ui.py
[2024-09-22T23:35:58.717+0000] {logging_mixin.py:190} INFO - [2024-09-22T23:35:58.717+0000] {dag.py:3229} INFO - Sync 1 DAGs
[2024-09-22T23:35:58.739+0000] {logging_mixin.py:190} INFO - [2024-09-22T23:35:58.739+0000] {dag.py:4156} INFO - Setting next_dagrun for example_params_trigger_ui to None, run_after=None
[2024-09-22T23:35:58.772+0000] {processor.py:208} INFO - Processing /home/airflow/.local/lib/python3.12/site-packages/airflow/example_dags/example_params_trigger_ui.py took 0.155 seconds
[2024-09-22T23:36:29.649+0000] {processor.py:186} INFO - Started process (PID=1342) to work on /home/airflow/.local/lib/python3.12/site-packages/airflow/example_dags/example_params_trigger_ui.py
[2024-09-22T23:36:29.650+0000] {processor.py:914} INFO - Processing file /home/airflow/.local/lib/python3.12/site-packages/airflow/example_dags/example_params_trigger_ui.py for tasks to queue
[2024-09-22T23:36:29.654+0000] {logging_mixin.py:190} INFO - [2024-09-22T23:36:29.653+0000] {dagbag.py:587} INFO - Filling up the DagBag from /home/airflow/.local/lib/python3.12/site-packages/airflow/example_dags/example_params_trigger_ui.py
[2024-09-22T23:36:29.676+0000] {processor.py:925} INFO - DAG(s) 'example_params_trigger_ui' retrieved from /home/airflow/.local/lib/python3.12/site-packages/airflow/example_dags/example_params_trigger_ui.py
[2024-09-22T23:36:29.742+0000] {logging_mixin.py:190} INFO - [2024-09-22T23:36:29.742+0000] {dag.py:3229} INFO - Sync 1 DAGs
[2024-09-22T23:36:29.764+0000] {logging_mixin.py:190} INFO - [2024-09-22T23:36:29.764+0000] {dag.py:4156} INFO - Setting next_dagrun for example_params_trigger_ui to None, run_after=None
[2024-09-22T23:36:29.792+0000] {processor.py:208} INFO - Processing /home/airflow/.local/lib/python3.12/site-packages/airflow/example_dags/example_params_trigger_ui.py took 0.152 seconds
[2024-09-22T23:37:00.123+0000] {processor.py:186} INFO - Started process (PID=1405) to work on /home/airflow/.local/lib/python3.12/site-packages/airflow/example_dags/example_params_trigger_ui.py
[2024-09-22T23:37:00.125+0000] {processor.py:914} INFO - Processing file /home/airflow/.local/lib/python3.12/site-packages/airflow/example_dags/example_params_trigger_ui.py for tasks to queue
[2024-09-22T23:37:00.129+0000] {logging_mixin.py:190} INFO - [2024-09-22T23:37:00.128+0000] {dagbag.py:587} INFO - Filling up the DagBag from /home/airflow/.local/lib/python3.12/site-packages/airflow/example_dags/example_params_trigger_ui.py
[2024-09-22T23:37:00.152+0000] {processor.py:925} INFO - DAG(s) 'example_params_trigger_ui' retrieved from /home/airflow/.local/lib/python3.12/site-packages/airflow/example_dags/example_params_trigger_ui.py
[2024-09-22T23:37:00.235+0000] {logging_mixin.py:190} INFO - [2024-09-22T23:37:00.234+0000] {dag.py:3229} INFO - Sync 1 DAGs
[2024-09-22T23:37:00.263+0000] {logging_mixin.py:190} INFO - [2024-09-22T23:37:00.263+0000] {dag.py:4156} INFO - Setting next_dagrun for example_params_trigger_ui to None, run_after=None
[2024-09-22T23:37:00.295+0000] {processor.py:208} INFO - Processing /home/airflow/.local/lib/python3.12/site-packages/airflow/example_dags/example_params_trigger_ui.py took 0.183 seconds
[2024-09-22T23:37:30.479+0000] {processor.py:186} INFO - Started process (PID=1468) to work on /home/airflow/.local/lib/python3.12/site-packages/airflow/example_dags/example_params_trigger_ui.py
[2024-09-22T23:37:30.480+0000] {processor.py:914} INFO - Processing file /home/airflow/.local/lib/python3.12/site-packages/airflow/example_dags/example_params_trigger_ui.py for tasks to queue
[2024-09-22T23:37:30.484+0000] {logging_mixin.py:190} INFO - [2024-09-22T23:37:30.484+0000] {dagbag.py:587} INFO - Filling up the DagBag from /home/airflow/.local/lib/python3.12/site-packages/airflow/example_dags/example_params_trigger_ui.py
[2024-09-22T23:37:30.507+0000] {processor.py:925} INFO - DAG(s) 'example_params_trigger_ui' retrieved from /home/airflow/.local/lib/python3.12/site-packages/airflow/example_dags/example_params_trigger_ui.py
[2024-09-22T23:37:30.570+0000] {logging_mixin.py:190} INFO - [2024-09-22T23:37:30.569+0000] {dag.py:3229} INFO - Sync 1 DAGs
[2024-09-22T23:37:30.590+0000] {logging_mixin.py:190} INFO - [2024-09-22T23:37:30.590+0000] {dag.py:4156} INFO - Setting next_dagrun for example_params_trigger_ui to None, run_after=None
[2024-09-22T23:37:30.619+0000] {processor.py:208} INFO - Processing /home/airflow/.local/lib/python3.12/site-packages/airflow/example_dags/example_params_trigger_ui.py took 0.149 seconds
[2024-09-22T23:38:00.753+0000] {processor.py:186} INFO - Started process (PID=1531) to work on /home/airflow/.local/lib/python3.12/site-packages/airflow/example_dags/example_params_trigger_ui.py
[2024-09-22T23:38:00.755+0000] {processor.py:914} INFO - Processing file /home/airflow/.local/lib/python3.12/site-packages/airflow/example_dags/example_params_trigger_ui.py for tasks to queue
[2024-09-22T23:38:00.758+0000] {logging_mixin.py:190} INFO - [2024-09-22T23:38:00.758+0000] {dagbag.py:587} INFO - Filling up the DagBag from /home/airflow/.local/lib/python3.12/site-packages/airflow/example_dags/example_params_trigger_ui.py
[2024-09-22T23:38:00.780+0000] {processor.py:925} INFO - DAG(s) 'example_params_trigger_ui' retrieved from /home/airflow/.local/lib/python3.12/site-packages/airflow/example_dags/example_params_trigger_ui.py
[2024-09-22T23:38:00.856+0000] {logging_mixin.py:190} INFO - [2024-09-22T23:38:00.856+0000] {dag.py:3229} INFO - Sync 1 DAGs
[2024-09-22T23:38:00.877+0000] {logging_mixin.py:190} INFO - [2024-09-22T23:38:00.877+0000] {dag.py:4156} INFO - Setting next_dagrun for example_params_trigger_ui to None, run_after=None
[2024-09-22T23:38:00.906+0000] {processor.py:208} INFO - Processing /home/airflow/.local/lib/python3.12/site-packages/airflow/example_dags/example_params_trigger_ui.py took 0.164 seconds
[2024-09-22T23:38:31.437+0000] {processor.py:186} INFO - Started process (PID=1594) to work on /home/airflow/.local/lib/python3.12/site-packages/airflow/example_dags/example_params_trigger_ui.py
[2024-09-22T23:38:31.439+0000] {processor.py:914} INFO - Processing file /home/airflow/.local/lib/python3.12/site-packages/airflow/example_dags/example_params_trigger_ui.py for tasks to queue
[2024-09-22T23:38:31.442+0000] {logging_mixin.py:190} INFO - [2024-09-22T23:38:31.442+0000] {dagbag.py:587} INFO - Filling up the DagBag from /home/airflow/.local/lib/python3.12/site-packages/airflow/example_dags/example_params_trigger_ui.py
[2024-09-22T23:38:31.464+0000] {processor.py:925} INFO - DAG(s) 'example_params_trigger_ui' retrieved from /home/airflow/.local/lib/python3.12/site-packages/airflow/example_dags/example_params_trigger_ui.py
[2024-09-22T23:38:31.532+0000] {logging_mixin.py:190} INFO - [2024-09-22T23:38:31.531+0000] {dag.py:3229} INFO - Sync 1 DAGs
[2024-09-22T23:38:31.552+0000] {logging_mixin.py:190} INFO - [2024-09-22T23:38:31.551+0000] {dag.py:4156} INFO - Setting next_dagrun for example_params_trigger_ui to None, run_after=None
[2024-09-22T23:38:31.574+0000] {processor.py:208} INFO - Processing /home/airflow/.local/lib/python3.12/site-packages/airflow/example_dags/example_params_trigger_ui.py took 0.146 seconds
[2024-09-22T23:39:01.971+0000] {processor.py:186} INFO - Started process (PID=1657) to work on /home/airflow/.local/lib/python3.12/site-packages/airflow/example_dags/example_params_trigger_ui.py
[2024-09-22T23:39:01.973+0000] {processor.py:914} INFO - Processing file /home/airflow/.local/lib/python3.12/site-packages/airflow/example_dags/example_params_trigger_ui.py for tasks to queue
[2024-09-22T23:39:01.978+0000] {logging_mixin.py:190} INFO - [2024-09-22T23:39:01.977+0000] {dagbag.py:587} INFO - Filling up the DagBag from /home/airflow/.local/lib/python3.12/site-packages/airflow/example_dags/example_params_trigger_ui.py
[2024-09-22T23:39:02.008+0000] {processor.py:925} INFO - DAG(s) 'example_params_trigger_ui' retrieved from /home/airflow/.local/lib/python3.12/site-packages/airflow/example_dags/example_params_trigger_ui.py
[2024-09-22T23:39:02.093+0000] {logging_mixin.py:190} INFO - [2024-09-22T23:39:02.093+0000] {dag.py:3229} INFO - Sync 1 DAGs
[2024-09-22T23:39:02.114+0000] {logging_mixin.py:190} INFO - [2024-09-22T23:39:02.114+0000] {dag.py:4156} INFO - Setting next_dagrun for example_params_trigger_ui to None, run_after=None
[2024-09-22T23:39:02.139+0000] {processor.py:208} INFO - Processing /home/airflow/.local/lib/python3.12/site-packages/airflow/example_dags/example_params_trigger_ui.py took 0.180 seconds
[2024-09-22T23:39:32.377+0000] {processor.py:186} INFO - Started process (PID=1726) to work on /home/airflow/.local/lib/python3.12/site-packages/airflow/example_dags/example_params_trigger_ui.py
[2024-09-22T23:39:32.379+0000] {processor.py:914} INFO - Processing file /home/airflow/.local/lib/python3.12/site-packages/airflow/example_dags/example_params_trigger_ui.py for tasks to queue
[2024-09-22T23:39:32.383+0000] {logging_mixin.py:190} INFO - [2024-09-22T23:39:32.382+0000] {dagbag.py:587} INFO - Filling up the DagBag from /home/airflow/.local/lib/python3.12/site-packages/airflow/example_dags/example_params_trigger_ui.py
[2024-09-22T23:39:32.410+0000] {processor.py:925} INFO - DAG(s) 'example_params_trigger_ui' retrieved from /home/airflow/.local/lib/python3.12/site-packages/airflow/example_dags/example_params_trigger_ui.py
[2024-09-22T23:39:32.497+0000] {logging_mixin.py:190} INFO - [2024-09-22T23:39:32.497+0000] {dag.py:3229} INFO - Sync 1 DAGs
[2024-09-22T23:39:32.516+0000] {logging_mixin.py:190} INFO - [2024-09-22T23:39:32.516+0000] {dag.py:4156} INFO - Setting next_dagrun for example_params_trigger_ui to None, run_after=None
[2024-09-22T23:39:32.539+0000] {processor.py:208} INFO - Processing /home/airflow/.local/lib/python3.12/site-packages/airflow/example_dags/example_params_trigger_ui.py took 0.174 seconds
[2024-09-22T23:40:02.930+0000] {processor.py:186} INFO - Started process (PID=1789) to work on /home/airflow/.local/lib/python3.12/site-packages/airflow/example_dags/example_params_trigger_ui.py
[2024-09-22T23:40:02.932+0000] {processor.py:914} INFO - Processing file /home/airflow/.local/lib/python3.12/site-packages/airflow/example_dags/example_params_trigger_ui.py for tasks to queue
[2024-09-22T23:40:02.935+0000] {logging_mixin.py:190} INFO - [2024-09-22T23:40:02.935+0000] {dagbag.py:587} INFO - Filling up the DagBag from /home/airflow/.local/lib/python3.12/site-packages/airflow/example_dags/example_params_trigger_ui.py
[2024-09-22T23:40:02.957+0000] {processor.py:925} INFO - DAG(s) 'example_params_trigger_ui' retrieved from /home/airflow/.local/lib/python3.12/site-packages/airflow/example_dags/example_params_trigger_ui.py
[2024-09-22T23:40:03.019+0000] {logging_mixin.py:190} INFO - [2024-09-22T23:40:03.019+0000] {dag.py:3229} INFO - Sync 1 DAGs
[2024-09-22T23:40:03.042+0000] {logging_mixin.py:190} INFO - [2024-09-22T23:40:03.041+0000] {dag.py:4156} INFO - Setting next_dagrun for example_params_trigger_ui to None, run_after=None
[2024-09-22T23:40:03.068+0000] {processor.py:208} INFO - Processing /home/airflow/.local/lib/python3.12/site-packages/airflow/example_dags/example_params_trigger_ui.py took 0.147 seconds
[2024-09-22T23:40:34.011+0000] {processor.py:186} INFO - Started process (PID=1852) to work on /home/airflow/.local/lib/python3.12/site-packages/airflow/example_dags/example_params_trigger_ui.py
[2024-09-22T23:40:34.012+0000] {processor.py:914} INFO - Processing file /home/airflow/.local/lib/python3.12/site-packages/airflow/example_dags/example_params_trigger_ui.py for tasks to queue
[2024-09-22T23:40:34.015+0000] {logging_mixin.py:190} INFO - [2024-09-22T23:40:34.015+0000] {dagbag.py:587} INFO - Filling up the DagBag from /home/airflow/.local/lib/python3.12/site-packages/airflow/example_dags/example_params_trigger_ui.py
[2024-09-22T23:40:34.037+0000] {processor.py:925} INFO - DAG(s) 'example_params_trigger_ui' retrieved from /home/airflow/.local/lib/python3.12/site-packages/airflow/example_dags/example_params_trigger_ui.py
[2024-09-22T23:40:34.095+0000] {logging_mixin.py:190} INFO - [2024-09-22T23:40:34.094+0000] {dag.py:3229} INFO - Sync 1 DAGs
[2024-09-22T23:40:34.118+0000] {logging_mixin.py:190} INFO - [2024-09-22T23:40:34.118+0000] {dag.py:4156} INFO - Setting next_dagrun for example_params_trigger_ui to None, run_after=None
[2024-09-22T23:40:34.143+0000] {processor.py:208} INFO - Processing /home/airflow/.local/lib/python3.12/site-packages/airflow/example_dags/example_params_trigger_ui.py took 0.141 seconds
[2024-09-22T23:41:04.734+0000] {processor.py:186} INFO - Started process (PID=1915) to work on /home/airflow/.local/lib/python3.12/site-packages/airflow/example_dags/example_params_trigger_ui.py
[2024-09-22T23:41:04.736+0000] {processor.py:914} INFO - Processing file /home/airflow/.local/lib/python3.12/site-packages/airflow/example_dags/example_params_trigger_ui.py for tasks to queue
[2024-09-22T23:41:04.740+0000] {logging_mixin.py:190} INFO - [2024-09-22T23:41:04.739+0000] {dagbag.py:587} INFO - Filling up the DagBag from /home/airflow/.local/lib/python3.12/site-packages/airflow/example_dags/example_params_trigger_ui.py
[2024-09-22T23:41:04.763+0000] {processor.py:925} INFO - DAG(s) 'example_params_trigger_ui' retrieved from /home/airflow/.local/lib/python3.12/site-packages/airflow/example_dags/example_params_trigger_ui.py
[2024-09-22T23:41:04.818+0000] {logging_mixin.py:190} INFO - [2024-09-22T23:41:04.818+0000] {dag.py:3229} INFO - Sync 1 DAGs
[2024-09-22T23:41:04.838+0000] {logging_mixin.py:190} INFO - [2024-09-22T23:41:04.838+0000] {dag.py:4156} INFO - Setting next_dagrun for example_params_trigger_ui to None, run_after=None
[2024-09-22T23:41:05.133+0000] {processor.py:208} INFO - Processing /home/airflow/.local/lib/python3.12/site-packages/airflow/example_dags/example_params_trigger_ui.py took 0.410 seconds
[2024-09-22T23:41:35.961+0000] {processor.py:186} INFO - Started process (PID=1978) to work on /home/airflow/.local/lib/python3.12/site-packages/airflow/example_dags/example_params_trigger_ui.py
[2024-09-22T23:41:35.962+0000] {processor.py:914} INFO - Processing file /home/airflow/.local/lib/python3.12/site-packages/airflow/example_dags/example_params_trigger_ui.py for tasks to queue
[2024-09-22T23:41:35.966+0000] {logging_mixin.py:190} INFO - [2024-09-22T23:41:35.965+0000] {dagbag.py:587} INFO - Filling up the DagBag from /home/airflow/.local/lib/python3.12/site-packages/airflow/example_dags/example_params_trigger_ui.py
[2024-09-22T23:41:35.986+0000] {processor.py:925} INFO - DAG(s) 'example_params_trigger_ui' retrieved from /home/airflow/.local/lib/python3.12/site-packages/airflow/example_dags/example_params_trigger_ui.py
[2024-09-22T23:41:36.044+0000] {logging_mixin.py:190} INFO - [2024-09-22T23:41:36.043+0000] {dag.py:3229} INFO - Sync 1 DAGs
[2024-09-22T23:41:36.065+0000] {logging_mixin.py:190} INFO - [2024-09-22T23:41:36.064+0000] {dag.py:4156} INFO - Setting next_dagrun for example_params_trigger_ui to None, run_after=None
[2024-09-22T23:41:36.091+0000] {processor.py:208} INFO - Processing /home/airflow/.local/lib/python3.12/site-packages/airflow/example_dags/example_params_trigger_ui.py took 0.139 seconds
[2024-09-22T23:42:08.143+0000] {processor.py:186} INFO - Started process (PID=2041) to work on /home/airflow/.local/lib/python3.12/site-packages/airflow/example_dags/example_params_trigger_ui.py
[2024-09-22T23:42:08.145+0000] {processor.py:914} INFO - Processing file /home/airflow/.local/lib/python3.12/site-packages/airflow/example_dags/example_params_trigger_ui.py for tasks to queue
[2024-09-22T23:42:08.149+0000] {logging_mixin.py:190} INFO - [2024-09-22T23:42:08.148+0000] {dagbag.py:587} INFO - Filling up the DagBag from /home/airflow/.local/lib/python3.12/site-packages/airflow/example_dags/example_params_trigger_ui.py
[2024-09-22T23:42:08.173+0000] {processor.py:925} INFO - DAG(s) 'example_params_trigger_ui' retrieved from /home/airflow/.local/lib/python3.12/site-packages/airflow/example_dags/example_params_trigger_ui.py
[2024-09-22T23:42:08.248+0000] {logging_mixin.py:190} INFO - [2024-09-22T23:42:08.248+0000] {dag.py:3229} INFO - Sync 1 DAGs
[2024-09-22T23:42:08.268+0000] {logging_mixin.py:190} INFO - [2024-09-22T23:42:08.268+0000] {dag.py:4156} INFO - Setting next_dagrun for example_params_trigger_ui to None, run_after=None
[2024-09-22T23:42:08.294+0000] {processor.py:208} INFO - Processing /home/airflow/.local/lib/python3.12/site-packages/airflow/example_dags/example_params_trigger_ui.py took 0.161 seconds
[2024-09-22T23:42:38.409+0000] {processor.py:186} INFO - Started process (PID=2102) to work on /home/airflow/.local/lib/python3.12/site-packages/airflow/example_dags/example_params_trigger_ui.py
[2024-09-22T23:42:38.410+0000] {processor.py:914} INFO - Processing file /home/airflow/.local/lib/python3.12/site-packages/airflow/example_dags/example_params_trigger_ui.py for tasks to queue
[2024-09-22T23:42:38.414+0000] {logging_mixin.py:190} INFO - [2024-09-22T23:42:38.413+0000] {dagbag.py:587} INFO - Filling up the DagBag from /home/airflow/.local/lib/python3.12/site-packages/airflow/example_dags/example_params_trigger_ui.py
[2024-09-22T23:42:38.435+0000] {processor.py:925} INFO - DAG(s) 'example_params_trigger_ui' retrieved from /home/airflow/.local/lib/python3.12/site-packages/airflow/example_dags/example_params_trigger_ui.py
[2024-09-22T23:42:38.494+0000] {logging_mixin.py:190} INFO - [2024-09-22T23:42:38.493+0000] {dag.py:3229} INFO - Sync 1 DAGs
[2024-09-22T23:42:38.515+0000] {logging_mixin.py:190} INFO - [2024-09-22T23:42:38.515+0000] {dag.py:4156} INFO - Setting next_dagrun for example_params_trigger_ui to None, run_after=None
[2024-09-22T23:42:38.542+0000] {processor.py:208} INFO - Processing /home/airflow/.local/lib/python3.12/site-packages/airflow/example_dags/example_params_trigger_ui.py took 0.142 seconds
[2024-09-22T23:43:09.555+0000] {processor.py:186} INFO - Started process (PID=2166) to work on /home/airflow/.local/lib/python3.12/site-packages/airflow/example_dags/example_params_trigger_ui.py
[2024-09-22T23:43:09.559+0000] {processor.py:914} INFO - Processing file /home/airflow/.local/lib/python3.12/site-packages/airflow/example_dags/example_params_trigger_ui.py for tasks to queue
[2024-09-22T23:43:09.567+0000] {logging_mixin.py:190} INFO - [2024-09-22T23:43:09.565+0000] {dagbag.py:587} INFO - Filling up the DagBag from /home/airflow/.local/lib/python3.12/site-packages/airflow/example_dags/example_params_trigger_ui.py
[2024-09-22T23:43:09.614+0000] {processor.py:925} INFO - DAG(s) 'example_params_trigger_ui' retrieved from /home/airflow/.local/lib/python3.12/site-packages/airflow/example_dags/example_params_trigger_ui.py
[2024-09-22T23:43:09.764+0000] {logging_mixin.py:190} INFO - [2024-09-22T23:43:09.763+0000] {dag.py:3229} INFO - Sync 1 DAGs
[2024-09-22T23:43:09.812+0000] {logging_mixin.py:190} INFO - [2024-09-22T23:43:09.812+0000] {dag.py:4156} INFO - Setting next_dagrun for example_params_trigger_ui to None, run_after=None
[2024-09-22T23:43:09.859+0000] {processor.py:208} INFO - Processing /home/airflow/.local/lib/python3.12/site-packages/airflow/example_dags/example_params_trigger_ui.py took 0.332 seconds
[2024-09-22T23:43:39.990+0000] {processor.py:186} INFO - Started process (PID=2229) to work on /home/airflow/.local/lib/python3.12/site-packages/airflow/example_dags/example_params_trigger_ui.py
[2024-09-22T23:43:39.992+0000] {processor.py:914} INFO - Processing file /home/airflow/.local/lib/python3.12/site-packages/airflow/example_dags/example_params_trigger_ui.py for tasks to queue
[2024-09-22T23:43:39.996+0000] {logging_mixin.py:190} INFO - [2024-09-22T23:43:39.996+0000] {dagbag.py:587} INFO - Filling up the DagBag from /home/airflow/.local/lib/python3.12/site-packages/airflow/example_dags/example_params_trigger_ui.py
[2024-09-22T23:43:40.030+0000] {processor.py:925} INFO - DAG(s) 'example_params_trigger_ui' retrieved from /home/airflow/.local/lib/python3.12/site-packages/airflow/example_dags/example_params_trigger_ui.py
[2024-09-22T23:43:40.119+0000] {logging_mixin.py:190} INFO - [2024-09-22T23:43:40.119+0000] {dag.py:3229} INFO - Sync 1 DAGs
[2024-09-22T23:43:40.146+0000] {logging_mixin.py:190} INFO - [2024-09-22T23:43:40.145+0000] {dag.py:4156} INFO - Setting next_dagrun for example_params_trigger_ui to None, run_after=None
[2024-09-22T23:43:40.179+0000] {processor.py:208} INFO - Processing /home/airflow/.local/lib/python3.12/site-packages/airflow/example_dags/example_params_trigger_ui.py took 0.202 seconds
[2024-09-22T23:44:10.446+0000] {processor.py:186} INFO - Started process (PID=2292) to work on /home/airflow/.local/lib/python3.12/site-packages/airflow/example_dags/example_params_trigger_ui.py
[2024-09-22T23:44:10.448+0000] {processor.py:914} INFO - Processing file /home/airflow/.local/lib/python3.12/site-packages/airflow/example_dags/example_params_trigger_ui.py for tasks to queue
[2024-09-22T23:44:10.452+0000] {logging_mixin.py:190} INFO - [2024-09-22T23:44:10.451+0000] {dagbag.py:587} INFO - Filling up the DagBag from /home/airflow/.local/lib/python3.12/site-packages/airflow/example_dags/example_params_trigger_ui.py
[2024-09-22T23:44:10.475+0000] {processor.py:925} INFO - DAG(s) 'example_params_trigger_ui' retrieved from /home/airflow/.local/lib/python3.12/site-packages/airflow/example_dags/example_params_trigger_ui.py
[2024-09-22T23:44:10.530+0000] {logging_mixin.py:190} INFO - [2024-09-22T23:44:10.530+0000] {dag.py:3229} INFO - Sync 1 DAGs
[2024-09-22T23:44:10.552+0000] {logging_mixin.py:190} INFO - [2024-09-22T23:44:10.552+0000] {dag.py:4156} INFO - Setting next_dagrun for example_params_trigger_ui to None, run_after=None
[2024-09-22T23:44:10.578+0000] {processor.py:208} INFO - Processing /home/airflow/.local/lib/python3.12/site-packages/airflow/example_dags/example_params_trigger_ui.py took 0.142 seconds
[2024-09-22T23:46:55.315+0000] {processor.py:186} INFO - Started process (PID=94) to work on /home/airflow/.local/lib/python3.12/site-packages/airflow/example_dags/example_params_trigger_ui.py
[2024-09-22T23:46:55.318+0000] {processor.py:914} INFO - Processing file /home/airflow/.local/lib/python3.12/site-packages/airflow/example_dags/example_params_trigger_ui.py for tasks to queue
[2024-09-22T23:46:55.324+0000] {logging_mixin.py:190} INFO - [2024-09-22T23:46:55.323+0000] {dagbag.py:587} INFO - Filling up the DagBag from /home/airflow/.local/lib/python3.12/site-packages/airflow/example_dags/example_params_trigger_ui.py
[2024-09-22T23:46:55.358+0000] {processor.py:925} INFO - DAG(s) 'example_params_trigger_ui' retrieved from /home/airflow/.local/lib/python3.12/site-packages/airflow/example_dags/example_params_trigger_ui.py
[2024-09-22T23:46:55.437+0000] {logging_mixin.py:190} INFO - [2024-09-22T23:46:55.436+0000] {dag.py:3229} INFO - Sync 1 DAGs
[2024-09-22T23:46:55.460+0000] {logging_mixin.py:190} INFO - [2024-09-22T23:46:55.460+0000] {dag.py:4156} INFO - Setting next_dagrun for example_params_trigger_ui to None, run_after=None
[2024-09-22T23:46:55.488+0000] {processor.py:208} INFO - Processing /home/airflow/.local/lib/python3.12/site-packages/airflow/example_dags/example_params_trigger_ui.py took 0.185 seconds
[2024-09-22T23:47:26.161+0000] {processor.py:186} INFO - Started process (PID=156) to work on /home/airflow/.local/lib/python3.12/site-packages/airflow/example_dags/example_params_trigger_ui.py
[2024-09-22T23:47:26.162+0000] {processor.py:914} INFO - Processing file /home/airflow/.local/lib/python3.12/site-packages/airflow/example_dags/example_params_trigger_ui.py for tasks to queue
[2024-09-22T23:47:26.166+0000] {logging_mixin.py:190} INFO - [2024-09-22T23:47:26.165+0000] {dagbag.py:587} INFO - Filling up the DagBag from /home/airflow/.local/lib/python3.12/site-packages/airflow/example_dags/example_params_trigger_ui.py
[2024-09-22T23:47:26.187+0000] {processor.py:925} INFO - DAG(s) 'example_params_trigger_ui' retrieved from /home/airflow/.local/lib/python3.12/site-packages/airflow/example_dags/example_params_trigger_ui.py
[2024-09-22T23:47:26.248+0000] {logging_mixin.py:190} INFO - [2024-09-22T23:47:26.247+0000] {dag.py:3229} INFO - Sync 1 DAGs
[2024-09-22T23:47:26.266+0000] {logging_mixin.py:190} INFO - [2024-09-22T23:47:26.266+0000] {dag.py:4156} INFO - Setting next_dagrun for example_params_trigger_ui to None, run_after=None
[2024-09-22T23:47:26.289+0000] {processor.py:208} INFO - Processing /home/airflow/.local/lib/python3.12/site-packages/airflow/example_dags/example_params_trigger_ui.py took 0.137 seconds
[2024-09-22T23:47:56.640+0000] {processor.py:186} INFO - Started process (PID=219) to work on /home/airflow/.local/lib/python3.12/site-packages/airflow/example_dags/example_params_trigger_ui.py
[2024-09-22T23:47:56.642+0000] {processor.py:914} INFO - Processing file /home/airflow/.local/lib/python3.12/site-packages/airflow/example_dags/example_params_trigger_ui.py for tasks to queue
[2024-09-22T23:47:56.645+0000] {logging_mixin.py:190} INFO - [2024-09-22T23:47:56.645+0000] {dagbag.py:587} INFO - Filling up the DagBag from /home/airflow/.local/lib/python3.12/site-packages/airflow/example_dags/example_params_trigger_ui.py
[2024-09-22T23:47:56.667+0000] {processor.py:925} INFO - DAG(s) 'example_params_trigger_ui' retrieved from /home/airflow/.local/lib/python3.12/site-packages/airflow/example_dags/example_params_trigger_ui.py
[2024-09-22T23:47:56.722+0000] {logging_mixin.py:190} INFO - [2024-09-22T23:47:56.722+0000] {dag.py:3229} INFO - Sync 1 DAGs
[2024-09-22T23:47:56.743+0000] {logging_mixin.py:190} INFO - [2024-09-22T23:47:56.743+0000] {dag.py:4156} INFO - Setting next_dagrun for example_params_trigger_ui to None, run_after=None
[2024-09-22T23:47:56.769+0000] {processor.py:208} INFO - Processing /home/airflow/.local/lib/python3.12/site-packages/airflow/example_dags/example_params_trigger_ui.py took 0.139 seconds
[2024-09-22T23:48:27.149+0000] {processor.py:186} INFO - Started process (PID=282) to work on /home/airflow/.local/lib/python3.12/site-packages/airflow/example_dags/example_params_trigger_ui.py
[2024-09-22T23:48:27.150+0000] {processor.py:914} INFO - Processing file /home/airflow/.local/lib/python3.12/site-packages/airflow/example_dags/example_params_trigger_ui.py for tasks to queue
[2024-09-22T23:48:27.153+0000] {logging_mixin.py:190} INFO - [2024-09-22T23:48:27.153+0000] {dagbag.py:587} INFO - Filling up the DagBag from /home/airflow/.local/lib/python3.12/site-packages/airflow/example_dags/example_params_trigger_ui.py
[2024-09-22T23:48:27.176+0000] {processor.py:925} INFO - DAG(s) 'example_params_trigger_ui' retrieved from /home/airflow/.local/lib/python3.12/site-packages/airflow/example_dags/example_params_trigger_ui.py
[2024-09-22T23:48:27.232+0000] {logging_mixin.py:190} INFO - [2024-09-22T23:48:27.232+0000] {dag.py:3229} INFO - Sync 1 DAGs
[2024-09-22T23:48:27.252+0000] {logging_mixin.py:190} INFO - [2024-09-22T23:48:27.251+0000] {dag.py:4156} INFO - Setting next_dagrun for example_params_trigger_ui to None, run_after=None
[2024-09-22T23:48:27.276+0000] {processor.py:208} INFO - Processing /home/airflow/.local/lib/python3.12/site-packages/airflow/example_dags/example_params_trigger_ui.py took 0.136 seconds
[2024-09-22T23:48:57.898+0000] {processor.py:186} INFO - Started process (PID=345) to work on /home/airflow/.local/lib/python3.12/site-packages/airflow/example_dags/example_params_trigger_ui.py
[2024-09-22T23:48:57.900+0000] {processor.py:914} INFO - Processing file /home/airflow/.local/lib/python3.12/site-packages/airflow/example_dags/example_params_trigger_ui.py for tasks to queue
[2024-09-22T23:48:57.904+0000] {logging_mixin.py:190} INFO - [2024-09-22T23:48:57.903+0000] {dagbag.py:587} INFO - Filling up the DagBag from /home/airflow/.local/lib/python3.12/site-packages/airflow/example_dags/example_params_trigger_ui.py
[2024-09-22T23:48:57.925+0000] {processor.py:925} INFO - DAG(s) 'example_params_trigger_ui' retrieved from /home/airflow/.local/lib/python3.12/site-packages/airflow/example_dags/example_params_trigger_ui.py
[2024-09-22T23:48:57.983+0000] {logging_mixin.py:190} INFO - [2024-09-22T23:48:57.983+0000] {dag.py:3229} INFO - Sync 1 DAGs
[2024-09-22T23:48:58.003+0000] {logging_mixin.py:190} INFO - [2024-09-22T23:48:58.002+0000] {dag.py:4156} INFO - Setting next_dagrun for example_params_trigger_ui to None, run_after=None
[2024-09-22T23:48:58.027+0000] {processor.py:208} INFO - Processing /home/airflow/.local/lib/python3.12/site-packages/airflow/example_dags/example_params_trigger_ui.py took 0.139 seconds
[2024-09-22T23:49:28.762+0000] {processor.py:186} INFO - Started process (PID=408) to work on /home/airflow/.local/lib/python3.12/site-packages/airflow/example_dags/example_params_trigger_ui.py
[2024-09-22T23:49:28.764+0000] {processor.py:914} INFO - Processing file /home/airflow/.local/lib/python3.12/site-packages/airflow/example_dags/example_params_trigger_ui.py for tasks to queue
[2024-09-22T23:49:28.767+0000] {logging_mixin.py:190} INFO - [2024-09-22T23:49:28.767+0000] {dagbag.py:587} INFO - Filling up the DagBag from /home/airflow/.local/lib/python3.12/site-packages/airflow/example_dags/example_params_trigger_ui.py
[2024-09-22T23:49:28.795+0000] {processor.py:925} INFO - DAG(s) 'example_params_trigger_ui' retrieved from /home/airflow/.local/lib/python3.12/site-packages/airflow/example_dags/example_params_trigger_ui.py
[2024-09-22T23:49:28.855+0000] {logging_mixin.py:190} INFO - [2024-09-22T23:49:28.855+0000] {dag.py:3229} INFO - Sync 1 DAGs
[2024-09-22T23:49:28.878+0000] {logging_mixin.py:190} INFO - [2024-09-22T23:49:28.877+0000] {dag.py:4156} INFO - Setting next_dagrun for example_params_trigger_ui to None, run_after=None
[2024-09-22T23:49:28.912+0000] {processor.py:208} INFO - Processing /home/airflow/.local/lib/python3.12/site-packages/airflow/example_dags/example_params_trigger_ui.py took 0.160 seconds
[2024-09-22T23:49:59.309+0000] {processor.py:186} INFO - Started process (PID=471) to work on /home/airflow/.local/lib/python3.12/site-packages/airflow/example_dags/example_params_trigger_ui.py
[2024-09-22T23:49:59.312+0000] {processor.py:914} INFO - Processing file /home/airflow/.local/lib/python3.12/site-packages/airflow/example_dags/example_params_trigger_ui.py for tasks to queue
[2024-09-22T23:49:59.316+0000] {logging_mixin.py:190} INFO - [2024-09-22T23:49:59.315+0000] {dagbag.py:587} INFO - Filling up the DagBag from /home/airflow/.local/lib/python3.12/site-packages/airflow/example_dags/example_params_trigger_ui.py
[2024-09-22T23:49:59.339+0000] {processor.py:925} INFO - DAG(s) 'example_params_trigger_ui' retrieved from /home/airflow/.local/lib/python3.12/site-packages/airflow/example_dags/example_params_trigger_ui.py
[2024-09-22T23:49:59.396+0000] {logging_mixin.py:190} INFO - [2024-09-22T23:49:59.396+0000] {dag.py:3229} INFO - Sync 1 DAGs
[2024-09-22T23:49:59.416+0000] {logging_mixin.py:190} INFO - [2024-09-22T23:49:59.415+0000] {dag.py:4156} INFO - Setting next_dagrun for example_params_trigger_ui to None, run_after=None
[2024-09-22T23:49:59.439+0000] {processor.py:208} INFO - Processing /home/airflow/.local/lib/python3.12/site-packages/airflow/example_dags/example_params_trigger_ui.py took 0.139 seconds
[2024-09-22T23:50:29.559+0000] {processor.py:186} INFO - Started process (PID=534) to work on /home/airflow/.local/lib/python3.12/site-packages/airflow/example_dags/example_params_trigger_ui.py
[2024-09-22T23:50:29.561+0000] {processor.py:914} INFO - Processing file /home/airflow/.local/lib/python3.12/site-packages/airflow/example_dags/example_params_trigger_ui.py for tasks to queue
[2024-09-22T23:50:29.564+0000] {logging_mixin.py:190} INFO - [2024-09-22T23:50:29.564+0000] {dagbag.py:587} INFO - Filling up the DagBag from /home/airflow/.local/lib/python3.12/site-packages/airflow/example_dags/example_params_trigger_ui.py
[2024-09-22T23:50:29.586+0000] {processor.py:925} INFO - DAG(s) 'example_params_trigger_ui' retrieved from /home/airflow/.local/lib/python3.12/site-packages/airflow/example_dags/example_params_trigger_ui.py
[2024-09-22T23:50:29.647+0000] {logging_mixin.py:190} INFO - [2024-09-22T23:50:29.646+0000] {dag.py:3229} INFO - Sync 1 DAGs
[2024-09-22T23:50:29.666+0000] {logging_mixin.py:190} INFO - [2024-09-22T23:50:29.665+0000] {dag.py:4156} INFO - Setting next_dagrun for example_params_trigger_ui to None, run_after=None
[2024-09-22T23:50:29.690+0000] {processor.py:208} INFO - Processing /home/airflow/.local/lib/python3.12/site-packages/airflow/example_dags/example_params_trigger_ui.py took 0.141 seconds
[2024-09-22T23:51:00.068+0000] {processor.py:186} INFO - Started process (PID=597) to work on /home/airflow/.local/lib/python3.12/site-packages/airflow/example_dags/example_params_trigger_ui.py
[2024-09-22T23:51:00.071+0000] {processor.py:914} INFO - Processing file /home/airflow/.local/lib/python3.12/site-packages/airflow/example_dags/example_params_trigger_ui.py for tasks to queue
[2024-09-22T23:51:00.076+0000] {logging_mixin.py:190} INFO - [2024-09-22T23:51:00.076+0000] {dagbag.py:587} INFO - Filling up the DagBag from /home/airflow/.local/lib/python3.12/site-packages/airflow/example_dags/example_params_trigger_ui.py
[2024-09-22T23:51:00.099+0000] {processor.py:925} INFO - DAG(s) 'example_params_trigger_ui' retrieved from /home/airflow/.local/lib/python3.12/site-packages/airflow/example_dags/example_params_trigger_ui.py
[2024-09-22T23:51:00.160+0000] {logging_mixin.py:190} INFO - [2024-09-22T23:51:00.160+0000] {dag.py:3229} INFO - Sync 1 DAGs
[2024-09-22T23:51:00.181+0000] {logging_mixin.py:190} INFO - [2024-09-22T23:51:00.180+0000] {dag.py:4156} INFO - Setting next_dagrun for example_params_trigger_ui to None, run_after=None
[2024-09-22T23:51:00.205+0000] {processor.py:208} INFO - Processing /home/airflow/.local/lib/python3.12/site-packages/airflow/example_dags/example_params_trigger_ui.py took 0.150 seconds
[2024-09-22T23:51:30.540+0000] {processor.py:186} INFO - Started process (PID=661) to work on /home/airflow/.local/lib/python3.12/site-packages/airflow/example_dags/example_params_trigger_ui.py
[2024-09-22T23:51:30.542+0000] {processor.py:914} INFO - Processing file /home/airflow/.local/lib/python3.12/site-packages/airflow/example_dags/example_params_trigger_ui.py for tasks to queue
[2024-09-22T23:51:30.546+0000] {logging_mixin.py:190} INFO - [2024-09-22T23:51:30.545+0000] {dagbag.py:587} INFO - Filling up the DagBag from /home/airflow/.local/lib/python3.12/site-packages/airflow/example_dags/example_params_trigger_ui.py
[2024-09-22T23:51:30.569+0000] {processor.py:925} INFO - DAG(s) 'example_params_trigger_ui' retrieved from /home/airflow/.local/lib/python3.12/site-packages/airflow/example_dags/example_params_trigger_ui.py
[2024-09-22T23:51:30.625+0000] {logging_mixin.py:190} INFO - [2024-09-22T23:51:30.625+0000] {dag.py:3229} INFO - Sync 1 DAGs
[2024-09-22T23:51:30.645+0000] {logging_mixin.py:190} INFO - [2024-09-22T23:51:30.645+0000] {dag.py:4156} INFO - Setting next_dagrun for example_params_trigger_ui to None, run_after=None
[2024-09-22T23:51:30.669+0000] {processor.py:208} INFO - Processing /home/airflow/.local/lib/python3.12/site-packages/airflow/example_dags/example_params_trigger_ui.py took 0.139 seconds
[2024-09-22T23:52:01.350+0000] {processor.py:186} INFO - Started process (PID=725) to work on /home/airflow/.local/lib/python3.12/site-packages/airflow/example_dags/example_params_trigger_ui.py
[2024-09-22T23:52:01.352+0000] {processor.py:914} INFO - Processing file /home/airflow/.local/lib/python3.12/site-packages/airflow/example_dags/example_params_trigger_ui.py for tasks to queue
[2024-09-22T23:52:01.355+0000] {logging_mixin.py:190} INFO - [2024-09-22T23:52:01.355+0000] {dagbag.py:587} INFO - Filling up the DagBag from /home/airflow/.local/lib/python3.12/site-packages/airflow/example_dags/example_params_trigger_ui.py
[2024-09-22T23:52:01.377+0000] {processor.py:925} INFO - DAG(s) 'example_params_trigger_ui' retrieved from /home/airflow/.local/lib/python3.12/site-packages/airflow/example_dags/example_params_trigger_ui.py
[2024-09-22T23:52:01.443+0000] {logging_mixin.py:190} INFO - [2024-09-22T23:52:01.442+0000] {dag.py:3229} INFO - Sync 1 DAGs
[2024-09-22T23:52:01.464+0000] {logging_mixin.py:190} INFO - [2024-09-22T23:52:01.463+0000] {dag.py:4156} INFO - Setting next_dagrun for example_params_trigger_ui to None, run_after=None
[2024-09-22T23:52:01.492+0000] {processor.py:208} INFO - Processing /home/airflow/.local/lib/python3.12/site-packages/airflow/example_dags/example_params_trigger_ui.py took 0.156 seconds
[2024-09-22T23:52:31.586+0000] {processor.py:186} INFO - Started process (PID=788) to work on /home/airflow/.local/lib/python3.12/site-packages/airflow/example_dags/example_params_trigger_ui.py
[2024-09-22T23:52:31.588+0000] {processor.py:914} INFO - Processing file /home/airflow/.local/lib/python3.12/site-packages/airflow/example_dags/example_params_trigger_ui.py for tasks to queue
[2024-09-22T23:52:31.592+0000] {logging_mixin.py:190} INFO - [2024-09-22T23:52:31.591+0000] {dagbag.py:587} INFO - Filling up the DagBag from /home/airflow/.local/lib/python3.12/site-packages/airflow/example_dags/example_params_trigger_ui.py
[2024-09-22T23:52:31.613+0000] {processor.py:925} INFO - DAG(s) 'example_params_trigger_ui' retrieved from /home/airflow/.local/lib/python3.12/site-packages/airflow/example_dags/example_params_trigger_ui.py
[2024-09-22T23:52:31.667+0000] {logging_mixin.py:190} INFO - [2024-09-22T23:52:31.667+0000] {dag.py:3229} INFO - Sync 1 DAGs
[2024-09-22T23:52:31.689+0000] {logging_mixin.py:190} INFO - [2024-09-22T23:52:31.688+0000] {dag.py:4156} INFO - Setting next_dagrun for example_params_trigger_ui to None, run_after=None
[2024-09-22T23:52:31.713+0000] {processor.py:208} INFO - Processing /home/airflow/.local/lib/python3.12/site-packages/airflow/example_dags/example_params_trigger_ui.py took 0.137 seconds
[2024-09-22T23:53:01.844+0000] {processor.py:186} INFO - Started process (PID=851) to work on /home/airflow/.local/lib/python3.12/site-packages/airflow/example_dags/example_params_trigger_ui.py
[2024-09-22T23:53:01.846+0000] {processor.py:914} INFO - Processing file /home/airflow/.local/lib/python3.12/site-packages/airflow/example_dags/example_params_trigger_ui.py for tasks to queue
[2024-09-22T23:53:01.850+0000] {logging_mixin.py:190} INFO - [2024-09-22T23:53:01.850+0000] {dagbag.py:587} INFO - Filling up the DagBag from /home/airflow/.local/lib/python3.12/site-packages/airflow/example_dags/example_params_trigger_ui.py
[2024-09-22T23:53:01.873+0000] {processor.py:925} INFO - DAG(s) 'example_params_trigger_ui' retrieved from /home/airflow/.local/lib/python3.12/site-packages/airflow/example_dags/example_params_trigger_ui.py
[2024-09-22T23:53:01.927+0000] {logging_mixin.py:190} INFO - [2024-09-22T23:53:01.927+0000] {dag.py:3229} INFO - Sync 1 DAGs
[2024-09-22T23:53:01.946+0000] {logging_mixin.py:190} INFO - [2024-09-22T23:53:01.946+0000] {dag.py:4156} INFO - Setting next_dagrun for example_params_trigger_ui to None, run_after=None
[2024-09-22T23:53:01.971+0000] {processor.py:208} INFO - Processing /home/airflow/.local/lib/python3.12/site-packages/airflow/example_dags/example_params_trigger_ui.py took 0.138 seconds
[2024-09-22T23:53:34.379+0000] {processor.py:186} INFO - Started process (PID=913) to work on /home/airflow/.local/lib/python3.12/site-packages/airflow/example_dags/example_params_trigger_ui.py
[2024-09-22T23:53:34.386+0000] {processor.py:914} INFO - Processing file /home/airflow/.local/lib/python3.12/site-packages/airflow/example_dags/example_params_trigger_ui.py for tasks to queue
[2024-09-22T23:53:34.399+0000] {logging_mixin.py:190} INFO - [2024-09-22T23:53:34.397+0000] {dagbag.py:587} INFO - Filling up the DagBag from /home/airflow/.local/lib/python3.12/site-packages/airflow/example_dags/example_params_trigger_ui.py
[2024-09-22T23:53:34.459+0000] {processor.py:925} INFO - DAG(s) 'example_params_trigger_ui' retrieved from /home/airflow/.local/lib/python3.12/site-packages/airflow/example_dags/example_params_trigger_ui.py
[2024-09-22T23:53:34.635+0000] {logging_mixin.py:190} INFO - [2024-09-22T23:53:34.635+0000] {dag.py:3229} INFO - Sync 1 DAGs
[2024-09-22T23:53:34.684+0000] {logging_mixin.py:190} INFO - [2024-09-22T23:53:34.683+0000] {dag.py:4156} INFO - Setting next_dagrun for example_params_trigger_ui to None, run_after=None
[2024-09-22T23:53:34.749+0000] {processor.py:208} INFO - Processing /home/airflow/.local/lib/python3.12/site-packages/airflow/example_dags/example_params_trigger_ui.py took 0.399 seconds
[2024-09-22T23:54:05.018+0000] {processor.py:186} INFO - Started process (PID=976) to work on /home/airflow/.local/lib/python3.12/site-packages/airflow/example_dags/example_params_trigger_ui.py
[2024-09-22T23:54:05.019+0000] {processor.py:914} INFO - Processing file /home/airflow/.local/lib/python3.12/site-packages/airflow/example_dags/example_params_trigger_ui.py for tasks to queue
[2024-09-22T23:54:05.023+0000] {logging_mixin.py:190} INFO - [2024-09-22T23:54:05.023+0000] {dagbag.py:587} INFO - Filling up the DagBag from /home/airflow/.local/lib/python3.12/site-packages/airflow/example_dags/example_params_trigger_ui.py
[2024-09-22T23:54:05.046+0000] {processor.py:925} INFO - DAG(s) 'example_params_trigger_ui' retrieved from /home/airflow/.local/lib/python3.12/site-packages/airflow/example_dags/example_params_trigger_ui.py
[2024-09-22T23:54:05.106+0000] {logging_mixin.py:190} INFO - [2024-09-22T23:54:05.106+0000] {dag.py:3229} INFO - Sync 1 DAGs
[2024-09-22T23:54:05.126+0000] {logging_mixin.py:190} INFO - [2024-09-22T23:54:05.126+0000] {dag.py:4156} INFO - Setting next_dagrun for example_params_trigger_ui to None, run_after=None
[2024-09-22T23:54:05.151+0000] {processor.py:208} INFO - Processing /home/airflow/.local/lib/python3.12/site-packages/airflow/example_dags/example_params_trigger_ui.py took 0.144 seconds
[2024-09-22T23:54:35.592+0000] {processor.py:186} INFO - Started process (PID=1039) to work on /home/airflow/.local/lib/python3.12/site-packages/airflow/example_dags/example_params_trigger_ui.py
[2024-09-22T23:54:35.594+0000] {processor.py:914} INFO - Processing file /home/airflow/.local/lib/python3.12/site-packages/airflow/example_dags/example_params_trigger_ui.py for tasks to queue
[2024-09-22T23:54:35.598+0000] {logging_mixin.py:190} INFO - [2024-09-22T23:54:35.598+0000] {dagbag.py:587} INFO - Filling up the DagBag from /home/airflow/.local/lib/python3.12/site-packages/airflow/example_dags/example_params_trigger_ui.py
[2024-09-22T23:54:35.622+0000] {processor.py:925} INFO - DAG(s) 'example_params_trigger_ui' retrieved from /home/airflow/.local/lib/python3.12/site-packages/airflow/example_dags/example_params_trigger_ui.py
[2024-09-22T23:54:35.713+0000] {logging_mixin.py:190} INFO - [2024-09-22T23:54:35.712+0000] {dag.py:3229} INFO - Sync 1 DAGs
[2024-09-22T23:54:35.744+0000] {logging_mixin.py:190} INFO - [2024-09-22T23:54:35.743+0000] {dag.py:4156} INFO - Setting next_dagrun for example_params_trigger_ui to None, run_after=None
[2024-09-22T23:54:35.769+0000] {processor.py:208} INFO - Processing /home/airflow/.local/lib/python3.12/site-packages/airflow/example_dags/example_params_trigger_ui.py took 0.191 seconds
[2024-09-22T23:55:06.545+0000] {processor.py:186} INFO - Started process (PID=1102) to work on /home/airflow/.local/lib/python3.12/site-packages/airflow/example_dags/example_params_trigger_ui.py
[2024-09-22T23:55:06.547+0000] {processor.py:914} INFO - Processing file /home/airflow/.local/lib/python3.12/site-packages/airflow/example_dags/example_params_trigger_ui.py for tasks to queue
[2024-09-22T23:55:06.551+0000] {logging_mixin.py:190} INFO - [2024-09-22T23:55:06.551+0000] {dagbag.py:587} INFO - Filling up the DagBag from /home/airflow/.local/lib/python3.12/site-packages/airflow/example_dags/example_params_trigger_ui.py
[2024-09-22T23:55:06.574+0000] {processor.py:925} INFO - DAG(s) 'example_params_trigger_ui' retrieved from /home/airflow/.local/lib/python3.12/site-packages/airflow/example_dags/example_params_trigger_ui.py
[2024-09-22T23:55:06.636+0000] {logging_mixin.py:190} INFO - [2024-09-22T23:55:06.635+0000] {dag.py:3229} INFO - Sync 1 DAGs
[2024-09-22T23:55:06.657+0000] {logging_mixin.py:190} INFO - [2024-09-22T23:55:06.657+0000] {dag.py:4156} INFO - Setting next_dagrun for example_params_trigger_ui to None, run_after=None
[2024-09-22T23:55:06.683+0000] {processor.py:208} INFO - Processing /home/airflow/.local/lib/python3.12/site-packages/airflow/example_dags/example_params_trigger_ui.py took 0.148 seconds
[2024-09-22T23:55:36.882+0000] {processor.py:186} INFO - Started process (PID=1164) to work on /home/airflow/.local/lib/python3.12/site-packages/airflow/example_dags/example_params_trigger_ui.py
[2024-09-22T23:55:36.883+0000] {processor.py:914} INFO - Processing file /home/airflow/.local/lib/python3.12/site-packages/airflow/example_dags/example_params_trigger_ui.py for tasks to queue
[2024-09-22T23:55:36.887+0000] {logging_mixin.py:190} INFO - [2024-09-22T23:55:36.886+0000] {dagbag.py:587} INFO - Filling up the DagBag from /home/airflow/.local/lib/python3.12/site-packages/airflow/example_dags/example_params_trigger_ui.py
[2024-09-22T23:55:36.912+0000] {processor.py:925} INFO - DAG(s) 'example_params_trigger_ui' retrieved from /home/airflow/.local/lib/python3.12/site-packages/airflow/example_dags/example_params_trigger_ui.py
[2024-09-22T23:55:36.972+0000] {logging_mixin.py:190} INFO - [2024-09-22T23:55:36.972+0000] {dag.py:3229} INFO - Sync 1 DAGs
[2024-09-22T23:55:36.993+0000] {logging_mixin.py:190} INFO - [2024-09-22T23:55:36.993+0000] {dag.py:4156} INFO - Setting next_dagrun for example_params_trigger_ui to None, run_after=None
[2024-09-22T23:55:37.018+0000] {processor.py:208} INFO - Processing /home/airflow/.local/lib/python3.12/site-packages/airflow/example_dags/example_params_trigger_ui.py took 0.148 seconds
[2024-09-22T23:58:03.559+0000] {processor.py:186} INFO - Started process (PID=92) to work on /home/airflow/.local/lib/python3.12/site-packages/airflow/example_dags/example_params_trigger_ui.py
[2024-09-22T23:58:03.561+0000] {processor.py:914} INFO - Processing file /home/airflow/.local/lib/python3.12/site-packages/airflow/example_dags/example_params_trigger_ui.py for tasks to queue
[2024-09-22T23:58:03.566+0000] {logging_mixin.py:190} INFO - [2024-09-22T23:58:03.565+0000] {dagbag.py:587} INFO - Filling up the DagBag from /home/airflow/.local/lib/python3.12/site-packages/airflow/example_dags/example_params_trigger_ui.py
[2024-09-22T23:58:03.598+0000] {processor.py:925} INFO - DAG(s) 'example_params_trigger_ui' retrieved from /home/airflow/.local/lib/python3.12/site-packages/airflow/example_dags/example_params_trigger_ui.py
[2024-09-22T23:58:03.701+0000] {logging_mixin.py:190} INFO - [2024-09-22T23:58:03.700+0000] {dag.py:3229} INFO - Sync 1 DAGs
[2024-09-22T23:58:03.732+0000] {logging_mixin.py:190} INFO - [2024-09-22T23:58:03.731+0000] {dag.py:4156} INFO - Setting next_dagrun for example_params_trigger_ui to None, run_after=None
[2024-09-22T23:58:03.770+0000] {processor.py:208} INFO - Processing /home/airflow/.local/lib/python3.12/site-packages/airflow/example_dags/example_params_trigger_ui.py took 0.224 seconds
[2024-09-22T23:58:34.421+0000] {processor.py:186} INFO - Started process (PID=155) to work on /home/airflow/.local/lib/python3.12/site-packages/airflow/example_dags/example_params_trigger_ui.py
[2024-09-22T23:58:34.423+0000] {processor.py:914} INFO - Processing file /home/airflow/.local/lib/python3.12/site-packages/airflow/example_dags/example_params_trigger_ui.py for tasks to queue
[2024-09-22T23:58:34.426+0000] {logging_mixin.py:190} INFO - [2024-09-22T23:58:34.426+0000] {dagbag.py:587} INFO - Filling up the DagBag from /home/airflow/.local/lib/python3.12/site-packages/airflow/example_dags/example_params_trigger_ui.py
[2024-09-22T23:58:34.449+0000] {processor.py:925} INFO - DAG(s) 'example_params_trigger_ui' retrieved from /home/airflow/.local/lib/python3.12/site-packages/airflow/example_dags/example_params_trigger_ui.py
[2024-09-22T23:58:34.508+0000] {logging_mixin.py:190} INFO - [2024-09-22T23:58:34.507+0000] {dag.py:3229} INFO - Sync 1 DAGs
[2024-09-22T23:58:34.527+0000] {logging_mixin.py:190} INFO - [2024-09-22T23:58:34.527+0000] {dag.py:4156} INFO - Setting next_dagrun for example_params_trigger_ui to None, run_after=None
[2024-09-22T23:58:34.555+0000] {processor.py:208} INFO - Processing /home/airflow/.local/lib/python3.12/site-packages/airflow/example_dags/example_params_trigger_ui.py took 0.143 seconds
[2024-09-22T23:59:05.278+0000] {processor.py:186} INFO - Started process (PID=218) to work on /home/airflow/.local/lib/python3.12/site-packages/airflow/example_dags/example_params_trigger_ui.py
[2024-09-22T23:59:05.281+0000] {processor.py:914} INFO - Processing file /home/airflow/.local/lib/python3.12/site-packages/airflow/example_dags/example_params_trigger_ui.py for tasks to queue
[2024-09-22T23:59:05.284+0000] {logging_mixin.py:190} INFO - [2024-09-22T23:59:05.284+0000] {dagbag.py:587} INFO - Filling up the DagBag from /home/airflow/.local/lib/python3.12/site-packages/airflow/example_dags/example_params_trigger_ui.py
[2024-09-22T23:59:05.307+0000] {processor.py:925} INFO - DAG(s) 'example_params_trigger_ui' retrieved from /home/airflow/.local/lib/python3.12/site-packages/airflow/example_dags/example_params_trigger_ui.py
[2024-09-22T23:59:05.373+0000] {logging_mixin.py:190} INFO - [2024-09-22T23:59:05.373+0000] {dag.py:3229} INFO - Sync 1 DAGs
[2024-09-22T23:59:05.394+0000] {logging_mixin.py:190} INFO - [2024-09-22T23:59:05.394+0000] {dag.py:4156} INFO - Setting next_dagrun for example_params_trigger_ui to None, run_after=None
[2024-09-22T23:59:05.424+0000] {processor.py:208} INFO - Processing /home/airflow/.local/lib/python3.12/site-packages/airflow/example_dags/example_params_trigger_ui.py took 0.157 seconds
[2024-09-22T23:59:35.900+0000] {processor.py:186} INFO - Started process (PID=281) to work on /home/airflow/.local/lib/python3.12/site-packages/airflow/example_dags/example_params_trigger_ui.py
[2024-09-22T23:59:35.902+0000] {processor.py:914} INFO - Processing file /home/airflow/.local/lib/python3.12/site-packages/airflow/example_dags/example_params_trigger_ui.py for tasks to queue
[2024-09-22T23:59:35.906+0000] {logging_mixin.py:190} INFO - [2024-09-22T23:59:35.905+0000] {dagbag.py:587} INFO - Filling up the DagBag from /home/airflow/.local/lib/python3.12/site-packages/airflow/example_dags/example_params_trigger_ui.py
[2024-09-22T23:59:35.928+0000] {processor.py:925} INFO - DAG(s) 'example_params_trigger_ui' retrieved from /home/airflow/.local/lib/python3.12/site-packages/airflow/example_dags/example_params_trigger_ui.py
[2024-09-22T23:59:35.989+0000] {logging_mixin.py:190} INFO - [2024-09-22T23:59:35.989+0000] {dag.py:3229} INFO - Sync 1 DAGs
[2024-09-22T23:59:36.010+0000] {logging_mixin.py:190} INFO - [2024-09-22T23:59:36.010+0000] {dag.py:4156} INFO - Setting next_dagrun for example_params_trigger_ui to None, run_after=None
[2024-09-22T23:59:36.034+0000] {processor.py:208} INFO - Processing /home/airflow/.local/lib/python3.12/site-packages/airflow/example_dags/example_params_trigger_ui.py took 0.144 seconds
