[2024-09-22T23:26:18.231+0000] {processor.py:186} INFO - Started process (PID=83) to work on /home/airflow/.local/lib/python3.12/site-packages/airflow/example_dags/example_skip_dag.py
[2024-09-22T23:26:18.233+0000] {processor.py:914} INFO - Processing file /home/airflow/.local/lib/python3.12/site-packages/airflow/example_dags/example_skip_dag.py for tasks to queue
[2024-09-22T23:26:18.237+0000] {logging_mixin.py:190} INFO - [2024-09-22T23:26:18.236+0000] {dagbag.py:587} INFO - Filling up the DagBag from /home/airflow/.local/lib/python3.12/site-packages/airflow/example_dags/example_skip_dag.py
[2024-09-22T23:26:18.265+0000] {processor.py:925} INFO - DAG(s) 'example_skip_dag' retrieved from /home/airflow/.local/lib/python3.12/site-packages/airflow/example_dags/example_skip_dag.py
[2024-09-22T23:26:18.557+0000] {logging_mixin.py:190} INFO - [2024-09-22T23:26:18.556+0000] {override.py:1900} INFO - Created Permission View: can edit on DAG:example_skip_dag
[2024-09-22T23:26:18.574+0000] {logging_mixin.py:190} INFO - [2024-09-22T23:26:18.574+0000] {override.py:1900} INFO - Created Permission View: can read on DAG:example_skip_dag
[2024-09-22T23:26:18.586+0000] {logging_mixin.py:190} INFO - [2024-09-22T23:26:18.586+0000] {override.py:1900} INFO - Created Permission View: can delete on DAG:example_skip_dag
[2024-09-22T23:26:18.597+0000] {logging_mixin.py:190} INFO - [2024-09-22T23:26:18.597+0000] {override.py:1900} INFO - Created Permission View: can create on DAG Run:example_skip_dag
[2024-09-22T23:26:18.607+0000] {logging_mixin.py:190} INFO - [2024-09-22T23:26:18.606+0000] {override.py:1900} INFO - Created Permission View: menu access on DAG Run:example_skip_dag
[2024-09-22T23:26:18.617+0000] {logging_mixin.py:190} INFO - [2024-09-22T23:26:18.617+0000] {override.py:1900} INFO - Created Permission View: can read on DAG Run:example_skip_dag
[2024-09-22T23:26:18.628+0000] {logging_mixin.py:190} INFO - [2024-09-22T23:26:18.628+0000] {override.py:1900} INFO - Created Permission View: can delete on DAG Run:example_skip_dag
[2024-09-22T23:26:18.630+0000] {logging_mixin.py:190} INFO - [2024-09-22T23:26:18.629+0000] {dag.py:3229} INFO - Sync 1 DAGs
[2024-09-22T23:26:18.670+0000] {logging_mixin.py:190} INFO - [2024-09-22T23:26:18.670+0000] {dag.py:3252} INFO - Creating ORM DAG for example_skip_dag
[2024-09-22T23:26:18.689+0000] {logging_mixin.py:190} INFO - [2024-09-22T23:26:18.689+0000] {dag.py:4156} INFO - Setting next_dagrun for example_skip_dag to 2024-09-21 00:00:00+00:00, run_after=2024-09-22 00:00:00+00:00
[2024-09-22T23:26:18.721+0000] {processor.py:208} INFO - Processing /home/airflow/.local/lib/python3.12/site-packages/airflow/example_dags/example_skip_dag.py took 0.502 seconds
[2024-09-22T23:26:49.176+0000] {processor.py:186} INFO - Started process (PID=145) to work on /home/airflow/.local/lib/python3.12/site-packages/airflow/example_dags/example_skip_dag.py
[2024-09-22T23:26:49.177+0000] {processor.py:914} INFO - Processing file /home/airflow/.local/lib/python3.12/site-packages/airflow/example_dags/example_skip_dag.py for tasks to queue
[2024-09-22T23:26:49.181+0000] {logging_mixin.py:190} INFO - [2024-09-22T23:26:49.180+0000] {dagbag.py:587} INFO - Filling up the DagBag from /home/airflow/.local/lib/python3.12/site-packages/airflow/example_dags/example_skip_dag.py
[2024-09-22T23:26:49.196+0000] {processor.py:925} INFO - DAG(s) 'example_skip_dag' retrieved from /home/airflow/.local/lib/python3.12/site-packages/airflow/example_dags/example_skip_dag.py
[2024-09-22T23:26:49.226+0000] {logging_mixin.py:190} INFO - [2024-09-22T23:26:49.225+0000] {dag.py:3229} INFO - Sync 1 DAGs
[2024-09-22T23:26:49.273+0000] {logging_mixin.py:190} INFO - [2024-09-22T23:26:49.272+0000] {dag.py:4156} INFO - Setting next_dagrun for example_skip_dag to 2024-09-21 00:00:00+00:00, run_after=2024-09-22 00:00:00+00:00
[2024-09-22T23:26:49.304+0000] {processor.py:208} INFO - Processing /home/airflow/.local/lib/python3.12/site-packages/airflow/example_dags/example_skip_dag.py took 0.138 seconds
[2024-09-22T23:27:19.406+0000] {processor.py:186} INFO - Started process (PID=207) to work on /home/airflow/.local/lib/python3.12/site-packages/airflow/example_dags/example_skip_dag.py
[2024-09-22T23:27:19.409+0000] {processor.py:914} INFO - Processing file /home/airflow/.local/lib/python3.12/site-packages/airflow/example_dags/example_skip_dag.py for tasks to queue
[2024-09-22T23:27:19.412+0000] {logging_mixin.py:190} INFO - [2024-09-22T23:27:19.411+0000] {dagbag.py:587} INFO - Filling up the DagBag from /home/airflow/.local/lib/python3.12/site-packages/airflow/example_dags/example_skip_dag.py
[2024-09-22T23:27:19.429+0000] {processor.py:925} INFO - DAG(s) 'example_skip_dag' retrieved from /home/airflow/.local/lib/python3.12/site-packages/airflow/example_dags/example_skip_dag.py
[2024-09-22T23:27:19.461+0000] {logging_mixin.py:190} INFO - [2024-09-22T23:27:19.460+0000] {dag.py:3229} INFO - Sync 1 DAGs
[2024-09-22T23:27:19.492+0000] {logging_mixin.py:190} INFO - [2024-09-22T23:27:19.492+0000] {dag.py:4156} INFO - Setting next_dagrun for example_skip_dag to 2024-09-21 00:00:00+00:00, run_after=2024-09-22 00:00:00+00:00
[2024-09-22T23:27:19.516+0000] {processor.py:208} INFO - Processing /home/airflow/.local/lib/python3.12/site-packages/airflow/example_dags/example_skip_dag.py took 0.120 seconds
[2024-09-22T23:27:49.747+0000] {processor.py:186} INFO - Started process (PID=269) to work on /home/airflow/.local/lib/python3.12/site-packages/airflow/example_dags/example_skip_dag.py
[2024-09-22T23:27:49.752+0000] {processor.py:914} INFO - Processing file /home/airflow/.local/lib/python3.12/site-packages/airflow/example_dags/example_skip_dag.py for tasks to queue
[2024-09-22T23:27:49.767+0000] {logging_mixin.py:190} INFO - [2024-09-22T23:27:49.766+0000] {dagbag.py:587} INFO - Filling up the DagBag from /home/airflow/.local/lib/python3.12/site-packages/airflow/example_dags/example_skip_dag.py
[2024-09-22T23:27:49.799+0000] {processor.py:925} INFO - DAG(s) 'example_skip_dag' retrieved from /home/airflow/.local/lib/python3.12/site-packages/airflow/example_dags/example_skip_dag.py
[2024-09-22T23:27:49.855+0000] {logging_mixin.py:190} INFO - [2024-09-22T23:27:49.855+0000] {dag.py:3229} INFO - Sync 1 DAGs
[2024-09-22T23:27:49.915+0000] {logging_mixin.py:190} INFO - [2024-09-22T23:27:49.914+0000] {dag.py:4156} INFO - Setting next_dagrun for example_skip_dag to 2024-09-21 00:00:00+00:00, run_after=2024-09-22 00:00:00+00:00
[2024-09-22T23:27:49.953+0000] {processor.py:208} INFO - Processing /home/airflow/.local/lib/python3.12/site-packages/airflow/example_dags/example_skip_dag.py took 0.225 seconds
[2024-09-22T23:28:20.155+0000] {processor.py:186} INFO - Started process (PID=331) to work on /home/airflow/.local/lib/python3.12/site-packages/airflow/example_dags/example_skip_dag.py
[2024-09-22T23:28:20.157+0000] {processor.py:914} INFO - Processing file /home/airflow/.local/lib/python3.12/site-packages/airflow/example_dags/example_skip_dag.py for tasks to queue
[2024-09-22T23:28:20.161+0000] {logging_mixin.py:190} INFO - [2024-09-22T23:28:20.160+0000] {dagbag.py:587} INFO - Filling up the DagBag from /home/airflow/.local/lib/python3.12/site-packages/airflow/example_dags/example_skip_dag.py
[2024-09-22T23:28:20.177+0000] {processor.py:925} INFO - DAG(s) 'example_skip_dag' retrieved from /home/airflow/.local/lib/python3.12/site-packages/airflow/example_dags/example_skip_dag.py
[2024-09-22T23:28:20.210+0000] {logging_mixin.py:190} INFO - [2024-09-22T23:28:20.209+0000] {dag.py:3229} INFO - Sync 1 DAGs
[2024-09-22T23:28:20.249+0000] {logging_mixin.py:190} INFO - [2024-09-22T23:28:20.248+0000] {dag.py:4156} INFO - Setting next_dagrun for example_skip_dag to 2024-09-21 00:00:00+00:00, run_after=2024-09-22 00:00:00+00:00
[2024-09-22T23:28:20.271+0000] {processor.py:208} INFO - Processing /home/airflow/.local/lib/python3.12/site-packages/airflow/example_dags/example_skip_dag.py took 0.125 seconds
[2024-09-22T23:28:50.468+0000] {processor.py:186} INFO - Started process (PID=393) to work on /home/airflow/.local/lib/python3.12/site-packages/airflow/example_dags/example_skip_dag.py
[2024-09-22T23:28:50.469+0000] {processor.py:914} INFO - Processing file /home/airflow/.local/lib/python3.12/site-packages/airflow/example_dags/example_skip_dag.py for tasks to queue
[2024-09-22T23:28:50.474+0000] {logging_mixin.py:190} INFO - [2024-09-22T23:28:50.474+0000] {dagbag.py:587} INFO - Filling up the DagBag from /home/airflow/.local/lib/python3.12/site-packages/airflow/example_dags/example_skip_dag.py
[2024-09-22T23:28:50.497+0000] {processor.py:925} INFO - DAG(s) 'example_skip_dag' retrieved from /home/airflow/.local/lib/python3.12/site-packages/airflow/example_dags/example_skip_dag.py
[2024-09-22T23:28:50.538+0000] {logging_mixin.py:190} INFO - [2024-09-22T23:28:50.537+0000] {dag.py:3229} INFO - Sync 1 DAGs
[2024-09-22T23:28:50.583+0000] {logging_mixin.py:190} INFO - [2024-09-22T23:28:50.582+0000] {dag.py:4156} INFO - Setting next_dagrun for example_skip_dag to 2024-09-21 00:00:00+00:00, run_after=2024-09-22 00:00:00+00:00
[2024-09-22T23:28:50.614+0000] {processor.py:208} INFO - Processing /home/airflow/.local/lib/python3.12/site-packages/airflow/example_dags/example_skip_dag.py took 0.159 seconds
[2024-09-22T23:29:21.044+0000] {processor.py:186} INFO - Started process (PID=455) to work on /home/airflow/.local/lib/python3.12/site-packages/airflow/example_dags/example_skip_dag.py
[2024-09-22T23:29:21.046+0000] {processor.py:914} INFO - Processing file /home/airflow/.local/lib/python3.12/site-packages/airflow/example_dags/example_skip_dag.py for tasks to queue
[2024-09-22T23:29:21.050+0000] {logging_mixin.py:190} INFO - [2024-09-22T23:29:21.050+0000] {dagbag.py:587} INFO - Filling up the DagBag from /home/airflow/.local/lib/python3.12/site-packages/airflow/example_dags/example_skip_dag.py
[2024-09-22T23:29:21.071+0000] {processor.py:925} INFO - DAG(s) 'example_skip_dag' retrieved from /home/airflow/.local/lib/python3.12/site-packages/airflow/example_dags/example_skip_dag.py
[2024-09-22T23:29:21.115+0000] {logging_mixin.py:190} INFO - [2024-09-22T23:29:21.115+0000] {dag.py:3229} INFO - Sync 1 DAGs
[2024-09-22T23:29:21.165+0000] {logging_mixin.py:190} INFO - [2024-09-22T23:29:21.165+0000] {dag.py:4156} INFO - Setting next_dagrun for example_skip_dag to 2024-09-21 00:00:00+00:00, run_after=2024-09-22 00:00:00+00:00
[2024-09-22T23:29:21.197+0000] {processor.py:208} INFO - Processing /home/airflow/.local/lib/python3.12/site-packages/airflow/example_dags/example_skip_dag.py took 0.166 seconds
[2024-09-22T23:29:51.379+0000] {processor.py:186} INFO - Started process (PID=517) to work on /home/airflow/.local/lib/python3.12/site-packages/airflow/example_dags/example_skip_dag.py
[2024-09-22T23:29:51.381+0000] {processor.py:914} INFO - Processing file /home/airflow/.local/lib/python3.12/site-packages/airflow/example_dags/example_skip_dag.py for tasks to queue
[2024-09-22T23:29:51.386+0000] {logging_mixin.py:190} INFO - [2024-09-22T23:29:51.386+0000] {dagbag.py:587} INFO - Filling up the DagBag from /home/airflow/.local/lib/python3.12/site-packages/airflow/example_dags/example_skip_dag.py
[2024-09-22T23:29:51.406+0000] {processor.py:925} INFO - DAG(s) 'example_skip_dag' retrieved from /home/airflow/.local/lib/python3.12/site-packages/airflow/example_dags/example_skip_dag.py
[2024-09-22T23:29:51.437+0000] {logging_mixin.py:190} INFO - [2024-09-22T23:29:51.437+0000] {dag.py:3229} INFO - Sync 1 DAGs
[2024-09-22T23:29:51.475+0000] {logging_mixin.py:190} INFO - [2024-09-22T23:29:51.475+0000] {dag.py:4156} INFO - Setting next_dagrun for example_skip_dag to 2024-09-21 00:00:00+00:00, run_after=2024-09-22 00:00:00+00:00
[2024-09-22T23:29:51.500+0000] {processor.py:208} INFO - Processing /home/airflow/.local/lib/python3.12/site-packages/airflow/example_dags/example_skip_dag.py took 0.131 seconds
[2024-09-22T23:30:21.583+0000] {processor.py:186} INFO - Started process (PID=579) to work on /home/airflow/.local/lib/python3.12/site-packages/airflow/example_dags/example_skip_dag.py
[2024-09-22T23:30:21.585+0000] {processor.py:914} INFO - Processing file /home/airflow/.local/lib/python3.12/site-packages/airflow/example_dags/example_skip_dag.py for tasks to queue
[2024-09-22T23:30:21.588+0000] {logging_mixin.py:190} INFO - [2024-09-22T23:30:21.587+0000] {dagbag.py:587} INFO - Filling up the DagBag from /home/airflow/.local/lib/python3.12/site-packages/airflow/example_dags/example_skip_dag.py
[2024-09-22T23:30:21.604+0000] {processor.py:925} INFO - DAG(s) 'example_skip_dag' retrieved from /home/airflow/.local/lib/python3.12/site-packages/airflow/example_dags/example_skip_dag.py
[2024-09-22T23:30:21.635+0000] {logging_mixin.py:190} INFO - [2024-09-22T23:30:21.634+0000] {dag.py:3229} INFO - Sync 1 DAGs
[2024-09-22T23:30:21.673+0000] {logging_mixin.py:190} INFO - [2024-09-22T23:30:21.672+0000] {dag.py:4156} INFO - Setting next_dagrun for example_skip_dag to 2024-09-21 00:00:00+00:00, run_after=2024-09-22 00:00:00+00:00
[2024-09-22T23:30:21.702+0000] {processor.py:208} INFO - Processing /home/airflow/.local/lib/python3.12/site-packages/airflow/example_dags/example_skip_dag.py took 0.129 seconds
[2024-09-22T23:30:51.856+0000] {processor.py:186} INFO - Started process (PID=641) to work on /home/airflow/.local/lib/python3.12/site-packages/airflow/example_dags/example_skip_dag.py
[2024-09-22T23:30:51.857+0000] {processor.py:914} INFO - Processing file /home/airflow/.local/lib/python3.12/site-packages/airflow/example_dags/example_skip_dag.py for tasks to queue
[2024-09-22T23:30:51.861+0000] {logging_mixin.py:190} INFO - [2024-09-22T23:30:51.861+0000] {dagbag.py:587} INFO - Filling up the DagBag from /home/airflow/.local/lib/python3.12/site-packages/airflow/example_dags/example_skip_dag.py
[2024-09-22T23:30:51.878+0000] {processor.py:925} INFO - DAG(s) 'example_skip_dag' retrieved from /home/airflow/.local/lib/python3.12/site-packages/airflow/example_dags/example_skip_dag.py
[2024-09-22T23:30:51.909+0000] {logging_mixin.py:190} INFO - [2024-09-22T23:30:51.909+0000] {dag.py:3229} INFO - Sync 1 DAGs
[2024-09-22T23:30:51.942+0000] {logging_mixin.py:190} INFO - [2024-09-22T23:30:51.942+0000] {dag.py:4156} INFO - Setting next_dagrun for example_skip_dag to 2024-09-21 00:00:00+00:00, run_after=2024-09-22 00:00:00+00:00
[2024-09-22T23:30:51.966+0000] {processor.py:208} INFO - Processing /home/airflow/.local/lib/python3.12/site-packages/airflow/example_dags/example_skip_dag.py took 0.121 seconds
[2024-09-22T23:31:22.183+0000] {processor.py:186} INFO - Started process (PID=704) to work on /home/airflow/.local/lib/python3.12/site-packages/airflow/example_dags/example_skip_dag.py
[2024-09-22T23:31:22.185+0000] {processor.py:914} INFO - Processing file /home/airflow/.local/lib/python3.12/site-packages/airflow/example_dags/example_skip_dag.py for tasks to queue
[2024-09-22T23:31:22.188+0000] {logging_mixin.py:190} INFO - [2024-09-22T23:31:22.188+0000] {dagbag.py:587} INFO - Filling up the DagBag from /home/airflow/.local/lib/python3.12/site-packages/airflow/example_dags/example_skip_dag.py
[2024-09-22T23:31:22.206+0000] {processor.py:925} INFO - DAG(s) 'example_skip_dag' retrieved from /home/airflow/.local/lib/python3.12/site-packages/airflow/example_dags/example_skip_dag.py
[2024-09-22T23:31:22.238+0000] {logging_mixin.py:190} INFO - [2024-09-22T23:31:22.238+0000] {dag.py:3229} INFO - Sync 1 DAGs
[2024-09-22T23:31:22.277+0000] {logging_mixin.py:190} INFO - [2024-09-22T23:31:22.277+0000] {dag.py:4156} INFO - Setting next_dagrun for example_skip_dag to 2024-09-21 00:00:00+00:00, run_after=2024-09-22 00:00:00+00:00
[2024-09-22T23:31:22.301+0000] {processor.py:208} INFO - Processing /home/airflow/.local/lib/python3.12/site-packages/airflow/example_dags/example_skip_dag.py took 0.129 seconds
[2024-09-22T23:31:52.829+0000] {processor.py:186} INFO - Started process (PID=766) to work on /home/airflow/.local/lib/python3.12/site-packages/airflow/example_dags/example_skip_dag.py
[2024-09-22T23:31:52.831+0000] {processor.py:914} INFO - Processing file /home/airflow/.local/lib/python3.12/site-packages/airflow/example_dags/example_skip_dag.py for tasks to queue
[2024-09-22T23:31:52.835+0000] {logging_mixin.py:190} INFO - [2024-09-22T23:31:52.834+0000] {dagbag.py:587} INFO - Filling up the DagBag from /home/airflow/.local/lib/python3.12/site-packages/airflow/example_dags/example_skip_dag.py
[2024-09-22T23:31:52.851+0000] {processor.py:925} INFO - DAG(s) 'example_skip_dag' retrieved from /home/airflow/.local/lib/python3.12/site-packages/airflow/example_dags/example_skip_dag.py
[2024-09-22T23:31:52.885+0000] {logging_mixin.py:190} INFO - [2024-09-22T23:31:52.884+0000] {dag.py:3229} INFO - Sync 1 DAGs
[2024-09-22T23:31:52.924+0000] {logging_mixin.py:190} INFO - [2024-09-22T23:31:52.923+0000] {dag.py:4156} INFO - Setting next_dagrun for example_skip_dag to 2024-09-21 00:00:00+00:00, run_after=2024-09-22 00:00:00+00:00
[2024-09-22T23:31:52.950+0000] {processor.py:208} INFO - Processing /home/airflow/.local/lib/python3.12/site-packages/airflow/example_dags/example_skip_dag.py took 0.131 seconds
[2024-09-22T23:32:23.383+0000] {processor.py:186} INFO - Started process (PID=829) to work on /home/airflow/.local/lib/python3.12/site-packages/airflow/example_dags/example_skip_dag.py
[2024-09-22T23:32:23.385+0000] {processor.py:914} INFO - Processing file /home/airflow/.local/lib/python3.12/site-packages/airflow/example_dags/example_skip_dag.py for tasks to queue
[2024-09-22T23:32:23.388+0000] {logging_mixin.py:190} INFO - [2024-09-22T23:32:23.388+0000] {dagbag.py:587} INFO - Filling up the DagBag from /home/airflow/.local/lib/python3.12/site-packages/airflow/example_dags/example_skip_dag.py
[2024-09-22T23:32:23.405+0000] {processor.py:925} INFO - DAG(s) 'example_skip_dag' retrieved from /home/airflow/.local/lib/python3.12/site-packages/airflow/example_dags/example_skip_dag.py
[2024-09-22T23:32:23.436+0000] {logging_mixin.py:190} INFO - [2024-09-22T23:32:23.436+0000] {dag.py:3229} INFO - Sync 1 DAGs
[2024-09-22T23:32:23.477+0000] {logging_mixin.py:190} INFO - [2024-09-22T23:32:23.477+0000] {dag.py:4156} INFO - Setting next_dagrun for example_skip_dag to 2024-09-21 00:00:00+00:00, run_after=2024-09-22 00:00:00+00:00
[2024-09-22T23:32:23.502+0000] {processor.py:208} INFO - Processing /home/airflow/.local/lib/python3.12/site-packages/airflow/example_dags/example_skip_dag.py took 0.129 seconds
[2024-09-22T23:32:54.215+0000] {processor.py:186} INFO - Started process (PID=892) to work on /home/airflow/.local/lib/python3.12/site-packages/airflow/example_dags/example_skip_dag.py
[2024-09-22T23:32:54.218+0000] {processor.py:914} INFO - Processing file /home/airflow/.local/lib/python3.12/site-packages/airflow/example_dags/example_skip_dag.py for tasks to queue
[2024-09-22T23:32:54.223+0000] {logging_mixin.py:190} INFO - [2024-09-22T23:32:54.223+0000] {dagbag.py:587} INFO - Filling up the DagBag from /home/airflow/.local/lib/python3.12/site-packages/airflow/example_dags/example_skip_dag.py
[2024-09-22T23:32:54.241+0000] {processor.py:925} INFO - DAG(s) 'example_skip_dag' retrieved from /home/airflow/.local/lib/python3.12/site-packages/airflow/example_dags/example_skip_dag.py
[2024-09-22T23:32:54.281+0000] {logging_mixin.py:190} INFO - [2024-09-22T23:32:54.281+0000] {dag.py:3229} INFO - Sync 1 DAGs
[2024-09-22T23:32:54.314+0000] {logging_mixin.py:190} INFO - [2024-09-22T23:32:54.313+0000] {dag.py:4156} INFO - Setting next_dagrun for example_skip_dag to 2024-09-21 00:00:00+00:00, run_after=2024-09-22 00:00:00+00:00
[2024-09-22T23:32:54.340+0000] {processor.py:208} INFO - Processing /home/airflow/.local/lib/python3.12/site-packages/airflow/example_dags/example_skip_dag.py took 0.137 seconds
[2024-09-22T23:33:24.424+0000] {processor.py:186} INFO - Started process (PID=955) to work on /home/airflow/.local/lib/python3.12/site-packages/airflow/example_dags/example_skip_dag.py
[2024-09-22T23:33:24.426+0000] {processor.py:914} INFO - Processing file /home/airflow/.local/lib/python3.12/site-packages/airflow/example_dags/example_skip_dag.py for tasks to queue
[2024-09-22T23:33:24.429+0000] {logging_mixin.py:190} INFO - [2024-09-22T23:33:24.429+0000] {dagbag.py:587} INFO - Filling up the DagBag from /home/airflow/.local/lib/python3.12/site-packages/airflow/example_dags/example_skip_dag.py
[2024-09-22T23:33:24.445+0000] {processor.py:925} INFO - DAG(s) 'example_skip_dag' retrieved from /home/airflow/.local/lib/python3.12/site-packages/airflow/example_dags/example_skip_dag.py
[2024-09-22T23:33:24.478+0000] {logging_mixin.py:190} INFO - [2024-09-22T23:33:24.477+0000] {dag.py:3229} INFO - Sync 1 DAGs
[2024-09-22T23:33:24.511+0000] {logging_mixin.py:190} INFO - [2024-09-22T23:33:24.510+0000] {dag.py:4156} INFO - Setting next_dagrun for example_skip_dag to 2024-09-21 00:00:00+00:00, run_after=2024-09-22 00:00:00+00:00
[2024-09-22T23:33:24.534+0000] {processor.py:208} INFO - Processing /home/airflow/.local/lib/python3.12/site-packages/airflow/example_dags/example_skip_dag.py took 0.118 seconds
[2024-09-22T23:33:54.849+0000] {processor.py:186} INFO - Started process (PID=1018) to work on /home/airflow/.local/lib/python3.12/site-packages/airflow/example_dags/example_skip_dag.py
[2024-09-22T23:33:54.851+0000] {processor.py:914} INFO - Processing file /home/airflow/.local/lib/python3.12/site-packages/airflow/example_dags/example_skip_dag.py for tasks to queue
[2024-09-22T23:33:54.855+0000] {logging_mixin.py:190} INFO - [2024-09-22T23:33:54.855+0000] {dagbag.py:587} INFO - Filling up the DagBag from /home/airflow/.local/lib/python3.12/site-packages/airflow/example_dags/example_skip_dag.py
[2024-09-22T23:33:54.872+0000] {processor.py:925} INFO - DAG(s) 'example_skip_dag' retrieved from /home/airflow/.local/lib/python3.12/site-packages/airflow/example_dags/example_skip_dag.py
[2024-09-22T23:33:54.911+0000] {logging_mixin.py:190} INFO - [2024-09-22T23:33:54.911+0000] {dag.py:3229} INFO - Sync 1 DAGs
[2024-09-22T23:33:54.960+0000] {logging_mixin.py:190} INFO - [2024-09-22T23:33:54.960+0000] {dag.py:4156} INFO - Setting next_dagrun for example_skip_dag to 2024-09-21 00:00:00+00:00, run_after=2024-09-22 00:00:00+00:00
[2024-09-22T23:33:54.997+0000] {processor.py:208} INFO - Processing /home/airflow/.local/lib/python3.12/site-packages/airflow/example_dags/example_skip_dag.py took 0.162 seconds
[2024-09-22T23:34:25.177+0000] {processor.py:186} INFO - Started process (PID=1081) to work on /home/airflow/.local/lib/python3.12/site-packages/airflow/example_dags/example_skip_dag.py
[2024-09-22T23:34:25.179+0000] {processor.py:914} INFO - Processing file /home/airflow/.local/lib/python3.12/site-packages/airflow/example_dags/example_skip_dag.py for tasks to queue
[2024-09-22T23:34:25.183+0000] {logging_mixin.py:190} INFO - [2024-09-22T23:34:25.183+0000] {dagbag.py:587} INFO - Filling up the DagBag from /home/airflow/.local/lib/python3.12/site-packages/airflow/example_dags/example_skip_dag.py
[2024-09-22T23:34:25.203+0000] {processor.py:925} INFO - DAG(s) 'example_skip_dag' retrieved from /home/airflow/.local/lib/python3.12/site-packages/airflow/example_dags/example_skip_dag.py
[2024-09-22T23:34:25.238+0000] {logging_mixin.py:190} INFO - [2024-09-22T23:34:25.238+0000] {dag.py:3229} INFO - Sync 1 DAGs
[2024-09-22T23:34:25.281+0000] {logging_mixin.py:190} INFO - [2024-09-22T23:34:25.281+0000] {dag.py:4156} INFO - Setting next_dagrun for example_skip_dag to 2024-09-21 00:00:00+00:00, run_after=2024-09-22 00:00:00+00:00
[2024-09-22T23:34:25.312+0000] {processor.py:208} INFO - Processing /home/airflow/.local/lib/python3.12/site-packages/airflow/example_dags/example_skip_dag.py took 0.144 seconds
[2024-09-22T23:34:55.359+0000] {processor.py:186} INFO - Started process (PID=1144) to work on /home/airflow/.local/lib/python3.12/site-packages/airflow/example_dags/example_skip_dag.py
[2024-09-22T23:34:55.361+0000] {processor.py:914} INFO - Processing file /home/airflow/.local/lib/python3.12/site-packages/airflow/example_dags/example_skip_dag.py for tasks to queue
[2024-09-22T23:34:55.366+0000] {logging_mixin.py:190} INFO - [2024-09-22T23:34:55.365+0000] {dagbag.py:587} INFO - Filling up the DagBag from /home/airflow/.local/lib/python3.12/site-packages/airflow/example_dags/example_skip_dag.py
[2024-09-22T23:34:55.381+0000] {processor.py:925} INFO - DAG(s) 'example_skip_dag' retrieved from /home/airflow/.local/lib/python3.12/site-packages/airflow/example_dags/example_skip_dag.py
[2024-09-22T23:34:55.412+0000] {logging_mixin.py:190} INFO - [2024-09-22T23:34:55.411+0000] {dag.py:3229} INFO - Sync 1 DAGs
[2024-09-22T23:34:55.445+0000] {logging_mixin.py:190} INFO - [2024-09-22T23:34:55.444+0000] {dag.py:4156} INFO - Setting next_dagrun for example_skip_dag to 2024-09-21 00:00:00+00:00, run_after=2024-09-22 00:00:00+00:00
[2024-09-22T23:34:55.469+0000] {processor.py:208} INFO - Processing /home/airflow/.local/lib/python3.12/site-packages/airflow/example_dags/example_skip_dag.py took 0.118 seconds
[2024-09-22T23:35:25.529+0000] {processor.py:186} INFO - Started process (PID=1207) to work on /home/airflow/.local/lib/python3.12/site-packages/airflow/example_dags/example_skip_dag.py
[2024-09-22T23:35:25.530+0000] {processor.py:914} INFO - Processing file /home/airflow/.local/lib/python3.12/site-packages/airflow/example_dags/example_skip_dag.py for tasks to queue
[2024-09-22T23:35:25.534+0000] {logging_mixin.py:190} INFO - [2024-09-22T23:35:25.534+0000] {dagbag.py:587} INFO - Filling up the DagBag from /home/airflow/.local/lib/python3.12/site-packages/airflow/example_dags/example_skip_dag.py
[2024-09-22T23:35:25.552+0000] {processor.py:925} INFO - DAG(s) 'example_skip_dag' retrieved from /home/airflow/.local/lib/python3.12/site-packages/airflow/example_dags/example_skip_dag.py
[2024-09-22T23:35:25.590+0000] {logging_mixin.py:190} INFO - [2024-09-22T23:35:25.590+0000] {dag.py:3229} INFO - Sync 1 DAGs
[2024-09-22T23:35:25.629+0000] {logging_mixin.py:190} INFO - [2024-09-22T23:35:25.628+0000] {dag.py:4156} INFO - Setting next_dagrun for example_skip_dag to 2024-09-21 00:00:00+00:00, run_after=2024-09-22 00:00:00+00:00
[2024-09-22T23:35:25.653+0000] {processor.py:208} INFO - Processing /home/airflow/.local/lib/python3.12/site-packages/airflow/example_dags/example_skip_dag.py took 0.133 seconds
[2024-09-22T23:35:56.004+0000] {processor.py:186} INFO - Started process (PID=1270) to work on /home/airflow/.local/lib/python3.12/site-packages/airflow/example_dags/example_skip_dag.py
[2024-09-22T23:35:56.005+0000] {processor.py:914} INFO - Processing file /home/airflow/.local/lib/python3.12/site-packages/airflow/example_dags/example_skip_dag.py for tasks to queue
[2024-09-22T23:35:56.009+0000] {logging_mixin.py:190} INFO - [2024-09-22T23:35:56.008+0000] {dagbag.py:587} INFO - Filling up the DagBag from /home/airflow/.local/lib/python3.12/site-packages/airflow/example_dags/example_skip_dag.py
[2024-09-22T23:35:56.027+0000] {processor.py:925} INFO - DAG(s) 'example_skip_dag' retrieved from /home/airflow/.local/lib/python3.12/site-packages/airflow/example_dags/example_skip_dag.py
[2024-09-22T23:35:56.066+0000] {logging_mixin.py:190} INFO - [2024-09-22T23:35:56.066+0000] {dag.py:3229} INFO - Sync 1 DAGs
[2024-09-22T23:35:56.109+0000] {logging_mixin.py:190} INFO - [2024-09-22T23:35:56.109+0000] {dag.py:4156} INFO - Setting next_dagrun for example_skip_dag to 2024-09-21 00:00:00+00:00, run_after=2024-09-22 00:00:00+00:00
[2024-09-22T23:35:56.135+0000] {processor.py:208} INFO - Processing /home/airflow/.local/lib/python3.12/site-packages/airflow/example_dags/example_skip_dag.py took 0.141 seconds
[2024-09-22T23:36:27.039+0000] {processor.py:186} INFO - Started process (PID=1333) to work on /home/airflow/.local/lib/python3.12/site-packages/airflow/example_dags/example_skip_dag.py
[2024-09-22T23:36:27.041+0000] {processor.py:914} INFO - Processing file /home/airflow/.local/lib/python3.12/site-packages/airflow/example_dags/example_skip_dag.py for tasks to queue
[2024-09-22T23:36:27.044+0000] {logging_mixin.py:190} INFO - [2024-09-22T23:36:27.044+0000] {dagbag.py:587} INFO - Filling up the DagBag from /home/airflow/.local/lib/python3.12/site-packages/airflow/example_dags/example_skip_dag.py
[2024-09-22T23:36:27.061+0000] {processor.py:925} INFO - DAG(s) 'example_skip_dag' retrieved from /home/airflow/.local/lib/python3.12/site-packages/airflow/example_dags/example_skip_dag.py
[2024-09-22T23:36:27.091+0000] {logging_mixin.py:190} INFO - [2024-09-22T23:36:27.091+0000] {dag.py:3229} INFO - Sync 1 DAGs
[2024-09-22T23:36:27.126+0000] {logging_mixin.py:190} INFO - [2024-09-22T23:36:27.125+0000] {dag.py:4156} INFO - Setting next_dagrun for example_skip_dag to 2024-09-21 00:00:00+00:00, run_after=2024-09-22 00:00:00+00:00
[2024-09-22T23:36:27.152+0000] {processor.py:208} INFO - Processing /home/airflow/.local/lib/python3.12/site-packages/airflow/example_dags/example_skip_dag.py took 0.123 seconds
[2024-09-22T23:36:57.389+0000] {processor.py:186} INFO - Started process (PID=1396) to work on /home/airflow/.local/lib/python3.12/site-packages/airflow/example_dags/example_skip_dag.py
[2024-09-22T23:36:57.390+0000] {processor.py:914} INFO - Processing file /home/airflow/.local/lib/python3.12/site-packages/airflow/example_dags/example_skip_dag.py for tasks to queue
[2024-09-22T23:36:57.394+0000] {logging_mixin.py:190} INFO - [2024-09-22T23:36:57.394+0000] {dagbag.py:587} INFO - Filling up the DagBag from /home/airflow/.local/lib/python3.12/site-packages/airflow/example_dags/example_skip_dag.py
[2024-09-22T23:36:57.412+0000] {processor.py:925} INFO - DAG(s) 'example_skip_dag' retrieved from /home/airflow/.local/lib/python3.12/site-packages/airflow/example_dags/example_skip_dag.py
[2024-09-22T23:36:57.445+0000] {logging_mixin.py:190} INFO - [2024-09-22T23:36:57.444+0000] {dag.py:3229} INFO - Sync 1 DAGs
[2024-09-22T23:36:57.478+0000] {logging_mixin.py:190} INFO - [2024-09-22T23:36:57.478+0000] {dag.py:4156} INFO - Setting next_dagrun for example_skip_dag to 2024-09-21 00:00:00+00:00, run_after=2024-09-22 00:00:00+00:00
[2024-09-22T23:36:57.507+0000] {processor.py:208} INFO - Processing /home/airflow/.local/lib/python3.12/site-packages/airflow/example_dags/example_skip_dag.py took 0.127 seconds
[2024-09-22T23:37:27.862+0000] {processor.py:186} INFO - Started process (PID=1459) to work on /home/airflow/.local/lib/python3.12/site-packages/airflow/example_dags/example_skip_dag.py
[2024-09-22T23:37:27.864+0000] {processor.py:914} INFO - Processing file /home/airflow/.local/lib/python3.12/site-packages/airflow/example_dags/example_skip_dag.py for tasks to queue
[2024-09-22T23:37:27.868+0000] {logging_mixin.py:190} INFO - [2024-09-22T23:37:27.867+0000] {dagbag.py:587} INFO - Filling up the DagBag from /home/airflow/.local/lib/python3.12/site-packages/airflow/example_dags/example_skip_dag.py
[2024-09-22T23:37:27.886+0000] {processor.py:925} INFO - DAG(s) 'example_skip_dag' retrieved from /home/airflow/.local/lib/python3.12/site-packages/airflow/example_dags/example_skip_dag.py
[2024-09-22T23:37:27.921+0000] {logging_mixin.py:190} INFO - [2024-09-22T23:37:27.920+0000] {dag.py:3229} INFO - Sync 1 DAGs
[2024-09-22T23:37:27.963+0000] {logging_mixin.py:190} INFO - [2024-09-22T23:37:27.963+0000] {dag.py:4156} INFO - Setting next_dagrun for example_skip_dag to 2024-09-21 00:00:00+00:00, run_after=2024-09-22 00:00:00+00:00
[2024-09-22T23:37:27.988+0000] {processor.py:208} INFO - Processing /home/airflow/.local/lib/python3.12/site-packages/airflow/example_dags/example_skip_dag.py took 0.136 seconds
[2024-09-22T23:37:58.137+0000] {processor.py:186} INFO - Started process (PID=1522) to work on /home/airflow/.local/lib/python3.12/site-packages/airflow/example_dags/example_skip_dag.py
[2024-09-22T23:37:58.139+0000] {processor.py:914} INFO - Processing file /home/airflow/.local/lib/python3.12/site-packages/airflow/example_dags/example_skip_dag.py for tasks to queue
[2024-09-22T23:37:58.142+0000] {logging_mixin.py:190} INFO - [2024-09-22T23:37:58.141+0000] {dagbag.py:587} INFO - Filling up the DagBag from /home/airflow/.local/lib/python3.12/site-packages/airflow/example_dags/example_skip_dag.py
[2024-09-22T23:37:58.159+0000] {processor.py:925} INFO - DAG(s) 'example_skip_dag' retrieved from /home/airflow/.local/lib/python3.12/site-packages/airflow/example_dags/example_skip_dag.py
[2024-09-22T23:37:58.190+0000] {logging_mixin.py:190} INFO - [2024-09-22T23:37:58.190+0000] {dag.py:3229} INFO - Sync 1 DAGs
[2024-09-22T23:37:58.226+0000] {logging_mixin.py:190} INFO - [2024-09-22T23:37:58.226+0000] {dag.py:4156} INFO - Setting next_dagrun for example_skip_dag to 2024-09-21 00:00:00+00:00, run_after=2024-09-22 00:00:00+00:00
[2024-09-22T23:37:58.252+0000] {processor.py:208} INFO - Processing /home/airflow/.local/lib/python3.12/site-packages/airflow/example_dags/example_skip_dag.py took 0.124 seconds
[2024-09-22T23:38:28.781+0000] {processor.py:186} INFO - Started process (PID=1585) to work on /home/airflow/.local/lib/python3.12/site-packages/airflow/example_dags/example_skip_dag.py
[2024-09-22T23:38:28.783+0000] {processor.py:914} INFO - Processing file /home/airflow/.local/lib/python3.12/site-packages/airflow/example_dags/example_skip_dag.py for tasks to queue
[2024-09-22T23:38:28.788+0000] {logging_mixin.py:190} INFO - [2024-09-22T23:38:28.787+0000] {dagbag.py:587} INFO - Filling up the DagBag from /home/airflow/.local/lib/python3.12/site-packages/airflow/example_dags/example_skip_dag.py
[2024-09-22T23:38:28.805+0000] {processor.py:925} INFO - DAG(s) 'example_skip_dag' retrieved from /home/airflow/.local/lib/python3.12/site-packages/airflow/example_dags/example_skip_dag.py
[2024-09-22T23:38:28.842+0000] {logging_mixin.py:190} INFO - [2024-09-22T23:38:28.841+0000] {dag.py:3229} INFO - Sync 1 DAGs
[2024-09-22T23:38:28.883+0000] {logging_mixin.py:190} INFO - [2024-09-22T23:38:28.883+0000] {dag.py:4156} INFO - Setting next_dagrun for example_skip_dag to 2024-09-21 00:00:00+00:00, run_after=2024-09-22 00:00:00+00:00
[2024-09-22T23:38:28.907+0000] {processor.py:208} INFO - Processing /home/airflow/.local/lib/python3.12/site-packages/airflow/example_dags/example_skip_dag.py took 0.136 seconds
[2024-09-22T23:38:59.262+0000] {processor.py:186} INFO - Started process (PID=1648) to work on /home/airflow/.local/lib/python3.12/site-packages/airflow/example_dags/example_skip_dag.py
[2024-09-22T23:38:59.264+0000] {processor.py:914} INFO - Processing file /home/airflow/.local/lib/python3.12/site-packages/airflow/example_dags/example_skip_dag.py for tasks to queue
[2024-09-22T23:38:59.268+0000] {logging_mixin.py:190} INFO - [2024-09-22T23:38:59.267+0000] {dagbag.py:587} INFO - Filling up the DagBag from /home/airflow/.local/lib/python3.12/site-packages/airflow/example_dags/example_skip_dag.py
[2024-09-22T23:38:59.285+0000] {processor.py:925} INFO - DAG(s) 'example_skip_dag' retrieved from /home/airflow/.local/lib/python3.12/site-packages/airflow/example_dags/example_skip_dag.py
[2024-09-22T23:38:59.319+0000] {logging_mixin.py:190} INFO - [2024-09-22T23:38:59.319+0000] {dag.py:3229} INFO - Sync 1 DAGs
[2024-09-22T23:38:59.359+0000] {logging_mixin.py:190} INFO - [2024-09-22T23:38:59.359+0000] {dag.py:4156} INFO - Setting next_dagrun for example_skip_dag to 2024-09-21 00:00:00+00:00, run_after=2024-09-22 00:00:00+00:00
[2024-09-22T23:38:59.384+0000] {processor.py:208} INFO - Processing /home/airflow/.local/lib/python3.12/site-packages/airflow/example_dags/example_skip_dag.py took 0.131 seconds
[2024-09-22T23:39:29.747+0000] {processor.py:186} INFO - Started process (PID=1711) to work on /home/airflow/.local/lib/python3.12/site-packages/airflow/example_dags/example_skip_dag.py
[2024-09-22T23:39:29.749+0000] {processor.py:914} INFO - Processing file /home/airflow/.local/lib/python3.12/site-packages/airflow/example_dags/example_skip_dag.py for tasks to queue
[2024-09-22T23:39:29.754+0000] {logging_mixin.py:190} INFO - [2024-09-22T23:39:29.753+0000] {dagbag.py:587} INFO - Filling up the DagBag from /home/airflow/.local/lib/python3.12/site-packages/airflow/example_dags/example_skip_dag.py
[2024-09-22T23:39:29.774+0000] {processor.py:925} INFO - DAG(s) 'example_skip_dag' retrieved from /home/airflow/.local/lib/python3.12/site-packages/airflow/example_dags/example_skip_dag.py
[2024-09-22T23:39:29.809+0000] {logging_mixin.py:190} INFO - [2024-09-22T23:39:29.808+0000] {dag.py:3229} INFO - Sync 1 DAGs
[2024-09-22T23:39:29.851+0000] {logging_mixin.py:190} INFO - [2024-09-22T23:39:29.851+0000] {dag.py:4156} INFO - Setting next_dagrun for example_skip_dag to 2024-09-21 00:00:00+00:00, run_after=2024-09-22 00:00:00+00:00
[2024-09-22T23:39:29.876+0000] {processor.py:208} INFO - Processing /home/airflow/.local/lib/python3.12/site-packages/airflow/example_dags/example_skip_dag.py took 0.139 seconds
[2024-09-22T23:40:00.321+0000] {processor.py:186} INFO - Started process (PID=1774) to work on /home/airflow/.local/lib/python3.12/site-packages/airflow/example_dags/example_skip_dag.py
[2024-09-22T23:40:00.323+0000] {processor.py:914} INFO - Processing file /home/airflow/.local/lib/python3.12/site-packages/airflow/example_dags/example_skip_dag.py for tasks to queue
[2024-09-22T23:40:00.326+0000] {logging_mixin.py:190} INFO - [2024-09-22T23:40:00.326+0000] {dagbag.py:587} INFO - Filling up the DagBag from /home/airflow/.local/lib/python3.12/site-packages/airflow/example_dags/example_skip_dag.py
[2024-09-22T23:40:00.343+0000] {processor.py:925} INFO - DAG(s) 'example_skip_dag' retrieved from /home/airflow/.local/lib/python3.12/site-packages/airflow/example_dags/example_skip_dag.py
[2024-09-22T23:40:00.378+0000] {logging_mixin.py:190} INFO - [2024-09-22T23:40:00.377+0000] {dag.py:3229} INFO - Sync 1 DAGs
[2024-09-22T23:40:00.417+0000] {logging_mixin.py:190} INFO - [2024-09-22T23:40:00.417+0000] {dag.py:4156} INFO - Setting next_dagrun for example_skip_dag to 2024-09-21 00:00:00+00:00, run_after=2024-09-22 00:00:00+00:00
[2024-09-22T23:40:00.441+0000] {processor.py:208} INFO - Processing /home/airflow/.local/lib/python3.12/site-packages/airflow/example_dags/example_skip_dag.py took 0.128 seconds
[2024-09-22T23:40:32.989+0000] {processor.py:186} INFO - Started process (PID=1843) to work on /home/airflow/.local/lib/python3.12/site-packages/airflow/example_dags/example_skip_dag.py
[2024-09-22T23:40:32.991+0000] {processor.py:914} INFO - Processing file /home/airflow/.local/lib/python3.12/site-packages/airflow/example_dags/example_skip_dag.py for tasks to queue
[2024-09-22T23:40:32.995+0000] {logging_mixin.py:190} INFO - [2024-09-22T23:40:32.995+0000] {dagbag.py:587} INFO - Filling up the DagBag from /home/airflow/.local/lib/python3.12/site-packages/airflow/example_dags/example_skip_dag.py
[2024-09-22T23:40:33.011+0000] {processor.py:925} INFO - DAG(s) 'example_skip_dag' retrieved from /home/airflow/.local/lib/python3.12/site-packages/airflow/example_dags/example_skip_dag.py
[2024-09-22T23:40:33.040+0000] {logging_mixin.py:190} INFO - [2024-09-22T23:40:33.040+0000] {dag.py:3229} INFO - Sync 1 DAGs
[2024-09-22T23:40:33.365+0000] {logging_mixin.py:190} INFO - [2024-09-22T23:40:33.365+0000] {dag.py:4156} INFO - Setting next_dagrun for example_skip_dag to 2024-09-21 00:00:00+00:00, run_after=2024-09-22 00:00:00+00:00
[2024-09-22T23:40:33.386+0000] {processor.py:208} INFO - Processing /home/airflow/.local/lib/python3.12/site-packages/airflow/example_dags/example_skip_dag.py took 0.405 seconds
[2024-09-22T23:41:03.685+0000] {processor.py:186} INFO - Started process (PID=1906) to work on /home/airflow/.local/lib/python3.12/site-packages/airflow/example_dags/example_skip_dag.py
[2024-09-22T23:41:03.687+0000] {processor.py:914} INFO - Processing file /home/airflow/.local/lib/python3.12/site-packages/airflow/example_dags/example_skip_dag.py for tasks to queue
[2024-09-22T23:41:03.693+0000] {logging_mixin.py:190} INFO - [2024-09-22T23:41:03.692+0000] {dagbag.py:587} INFO - Filling up the DagBag from /home/airflow/.local/lib/python3.12/site-packages/airflow/example_dags/example_skip_dag.py
[2024-09-22T23:41:03.711+0000] {processor.py:925} INFO - DAG(s) 'example_skip_dag' retrieved from /home/airflow/.local/lib/python3.12/site-packages/airflow/example_dags/example_skip_dag.py
[2024-09-22T23:41:03.742+0000] {logging_mixin.py:190} INFO - [2024-09-22T23:41:03.742+0000] {dag.py:3229} INFO - Sync 1 DAGs
[2024-09-22T23:41:03.774+0000] {logging_mixin.py:190} INFO - [2024-09-22T23:41:03.774+0000] {dag.py:4156} INFO - Setting next_dagrun for example_skip_dag to 2024-09-21 00:00:00+00:00, run_after=2024-09-22 00:00:00+00:00
[2024-09-22T23:41:03.800+0000] {processor.py:208} INFO - Processing /home/airflow/.local/lib/python3.12/site-packages/airflow/example_dags/example_skip_dag.py took 0.128 seconds
[2024-09-22T23:41:33.999+0000] {processor.py:186} INFO - Started process (PID=1969) to work on /home/airflow/.local/lib/python3.12/site-packages/airflow/example_dags/example_skip_dag.py
[2024-09-22T23:41:34.001+0000] {processor.py:914} INFO - Processing file /home/airflow/.local/lib/python3.12/site-packages/airflow/example_dags/example_skip_dag.py for tasks to queue
[2024-09-22T23:41:34.005+0000] {logging_mixin.py:190} INFO - [2024-09-22T23:41:34.004+0000] {dagbag.py:587} INFO - Filling up the DagBag from /home/airflow/.local/lib/python3.12/site-packages/airflow/example_dags/example_skip_dag.py
[2024-09-22T23:41:34.023+0000] {processor.py:925} INFO - DAG(s) 'example_skip_dag' retrieved from /home/airflow/.local/lib/python3.12/site-packages/airflow/example_dags/example_skip_dag.py
[2024-09-22T23:41:34.067+0000] {logging_mixin.py:190} INFO - [2024-09-22T23:41:34.066+0000] {dag.py:3229} INFO - Sync 1 DAGs
[2024-09-22T23:41:34.115+0000] {logging_mixin.py:190} INFO - [2024-09-22T23:41:34.115+0000] {dag.py:4156} INFO - Setting next_dagrun for example_skip_dag to 2024-09-21 00:00:00+00:00, run_after=2024-09-22 00:00:00+00:00
[2024-09-22T23:41:34.145+0000] {processor.py:208} INFO - Processing /home/airflow/.local/lib/python3.12/site-packages/airflow/example_dags/example_skip_dag.py took 0.155 seconds
[2024-09-22T23:42:06.143+0000] {processor.py:186} INFO - Started process (PID=2030) to work on /home/airflow/.local/lib/python3.12/site-packages/airflow/example_dags/example_skip_dag.py
[2024-09-22T23:42:06.144+0000] {processor.py:914} INFO - Processing file /home/airflow/.local/lib/python3.12/site-packages/airflow/example_dags/example_skip_dag.py for tasks to queue
[2024-09-22T23:42:06.451+0000] {logging_mixin.py:190} INFO - [2024-09-22T23:42:06.451+0000] {dagbag.py:587} INFO - Filling up the DagBag from /home/airflow/.local/lib/python3.12/site-packages/airflow/example_dags/example_skip_dag.py
[2024-09-22T23:42:06.466+0000] {processor.py:925} INFO - DAG(s) 'example_skip_dag' retrieved from /home/airflow/.local/lib/python3.12/site-packages/airflow/example_dags/example_skip_dag.py
[2024-09-22T23:42:06.491+0000] {logging_mixin.py:190} INFO - [2024-09-22T23:42:06.490+0000] {dag.py:3229} INFO - Sync 1 DAGs
[2024-09-22T23:42:06.519+0000] {logging_mixin.py:190} INFO - [2024-09-22T23:42:06.519+0000] {dag.py:4156} INFO - Setting next_dagrun for example_skip_dag to 2024-09-21 00:00:00+00:00, run_after=2024-09-22 00:00:00+00:00
[2024-09-22T23:42:06.541+0000] {processor.py:208} INFO - Processing /home/airflow/.local/lib/python3.12/site-packages/airflow/example_dags/example_skip_dag.py took 0.407 seconds
[2024-09-22T23:42:37.403+0000] {processor.py:186} INFO - Started process (PID=2093) to work on /home/airflow/.local/lib/python3.12/site-packages/airflow/example_dags/example_skip_dag.py
[2024-09-22T23:42:37.405+0000] {processor.py:914} INFO - Processing file /home/airflow/.local/lib/python3.12/site-packages/airflow/example_dags/example_skip_dag.py for tasks to queue
[2024-09-22T23:42:37.408+0000] {logging_mixin.py:190} INFO - [2024-09-22T23:42:37.408+0000] {dagbag.py:587} INFO - Filling up the DagBag from /home/airflow/.local/lib/python3.12/site-packages/airflow/example_dags/example_skip_dag.py
[2024-09-22T23:42:37.427+0000] {processor.py:925} INFO - DAG(s) 'example_skip_dag' retrieved from /home/airflow/.local/lib/python3.12/site-packages/airflow/example_dags/example_skip_dag.py
[2024-09-22T23:42:37.458+0000] {logging_mixin.py:190} INFO - [2024-09-22T23:42:37.458+0000] {dag.py:3229} INFO - Sync 1 DAGs
[2024-09-22T23:42:37.496+0000] {logging_mixin.py:190} INFO - [2024-09-22T23:42:37.496+0000] {dag.py:4156} INFO - Setting next_dagrun for example_skip_dag to 2024-09-21 00:00:00+00:00, run_after=2024-09-22 00:00:00+00:00
[2024-09-22T23:42:37.519+0000] {processor.py:208} INFO - Processing /home/airflow/.local/lib/python3.12/site-packages/airflow/example_dags/example_skip_dag.py took 0.125 seconds
[2024-09-22T23:43:08.146+0000] {processor.py:186} INFO - Started process (PID=2157) to work on /home/airflow/.local/lib/python3.12/site-packages/airflow/example_dags/example_skip_dag.py
[2024-09-22T23:43:08.149+0000] {processor.py:914} INFO - Processing file /home/airflow/.local/lib/python3.12/site-packages/airflow/example_dags/example_skip_dag.py for tasks to queue
[2024-09-22T23:43:08.157+0000] {logging_mixin.py:190} INFO - [2024-09-22T23:43:08.156+0000] {dagbag.py:587} INFO - Filling up the DagBag from /home/airflow/.local/lib/python3.12/site-packages/airflow/example_dags/example_skip_dag.py
[2024-09-22T23:43:08.197+0000] {processor.py:925} INFO - DAG(s) 'example_skip_dag' retrieved from /home/airflow/.local/lib/python3.12/site-packages/airflow/example_dags/example_skip_dag.py
[2024-09-22T23:43:08.261+0000] {logging_mixin.py:190} INFO - [2024-09-22T23:43:08.261+0000] {dag.py:3229} INFO - Sync 1 DAGs
[2024-09-22T23:43:08.320+0000] {logging_mixin.py:190} INFO - [2024-09-22T23:43:08.320+0000] {dag.py:4156} INFO - Setting next_dagrun for example_skip_dag to 2024-09-21 00:00:00+00:00, run_after=2024-09-22 00:00:00+00:00
[2024-09-22T23:43:08.360+0000] {processor.py:208} INFO - Processing /home/airflow/.local/lib/python3.12/site-packages/airflow/example_dags/example_skip_dag.py took 0.236 seconds
[2024-09-22T23:43:39.050+0000] {processor.py:186} INFO - Started process (PID=2219) to work on /home/airflow/.local/lib/python3.12/site-packages/airflow/example_dags/example_skip_dag.py
[2024-09-22T23:43:39.052+0000] {processor.py:914} INFO - Processing file /home/airflow/.local/lib/python3.12/site-packages/airflow/example_dags/example_skip_dag.py for tasks to queue
[2024-09-22T23:43:39.057+0000] {logging_mixin.py:190} INFO - [2024-09-22T23:43:39.057+0000] {dagbag.py:587} INFO - Filling up the DagBag from /home/airflow/.local/lib/python3.12/site-packages/airflow/example_dags/example_skip_dag.py
[2024-09-22T23:43:39.078+0000] {processor.py:925} INFO - DAG(s) 'example_skip_dag' retrieved from /home/airflow/.local/lib/python3.12/site-packages/airflow/example_dags/example_skip_dag.py
[2024-09-22T23:43:39.111+0000] {logging_mixin.py:190} INFO - [2024-09-22T23:43:39.111+0000] {dag.py:3229} INFO - Sync 1 DAGs
[2024-09-22T23:43:39.163+0000] {logging_mixin.py:190} INFO - [2024-09-22T23:43:39.162+0000] {dag.py:4156} INFO - Setting next_dagrun for example_skip_dag to 2024-09-21 00:00:00+00:00, run_after=2024-09-22 00:00:00+00:00
[2024-09-22T23:43:39.197+0000] {processor.py:208} INFO - Processing /home/airflow/.local/lib/python3.12/site-packages/airflow/example_dags/example_skip_dag.py took 0.160 seconds
[2024-09-22T23:44:09.321+0000] {processor.py:186} INFO - Started process (PID=2282) to work on /home/airflow/.local/lib/python3.12/site-packages/airflow/example_dags/example_skip_dag.py
[2024-09-22T23:44:09.323+0000] {processor.py:914} INFO - Processing file /home/airflow/.local/lib/python3.12/site-packages/airflow/example_dags/example_skip_dag.py for tasks to queue
[2024-09-22T23:44:09.327+0000] {logging_mixin.py:190} INFO - [2024-09-22T23:44:09.326+0000] {dagbag.py:587} INFO - Filling up the DagBag from /home/airflow/.local/lib/python3.12/site-packages/airflow/example_dags/example_skip_dag.py
[2024-09-22T23:44:09.344+0000] {processor.py:925} INFO - DAG(s) 'example_skip_dag' retrieved from /home/airflow/.local/lib/python3.12/site-packages/airflow/example_dags/example_skip_dag.py
[2024-09-22T23:44:09.375+0000] {logging_mixin.py:190} INFO - [2024-09-22T23:44:09.374+0000] {dag.py:3229} INFO - Sync 1 DAGs
[2024-09-22T23:44:09.408+0000] {logging_mixin.py:190} INFO - [2024-09-22T23:44:09.408+0000] {dag.py:4156} INFO - Setting next_dagrun for example_skip_dag to 2024-09-21 00:00:00+00:00, run_after=2024-09-22 00:00:00+00:00
[2024-09-22T23:44:09.432+0000] {processor.py:208} INFO - Processing /home/airflow/.local/lib/python3.12/site-packages/airflow/example_dags/example_skip_dag.py took 0.121 seconds
[2024-09-22T23:46:53.848+0000] {processor.py:186} INFO - Started process (PID=85) to work on /home/airflow/.local/lib/python3.12/site-packages/airflow/example_dags/example_skip_dag.py
[2024-09-22T23:46:53.850+0000] {processor.py:914} INFO - Processing file /home/airflow/.local/lib/python3.12/site-packages/airflow/example_dags/example_skip_dag.py for tasks to queue
[2024-09-22T23:46:53.856+0000] {logging_mixin.py:190} INFO - [2024-09-22T23:46:53.855+0000] {dagbag.py:587} INFO - Filling up the DagBag from /home/airflow/.local/lib/python3.12/site-packages/airflow/example_dags/example_skip_dag.py
[2024-09-22T23:46:53.879+0000] {processor.py:925} INFO - DAG(s) 'example_skip_dag' retrieved from /home/airflow/.local/lib/python3.12/site-packages/airflow/example_dags/example_skip_dag.py
[2024-09-22T23:46:53.932+0000] {logging_mixin.py:190} INFO - [2024-09-22T23:46:53.932+0000] {dag.py:3229} INFO - Sync 1 DAGs
[2024-09-22T23:46:53.978+0000] {logging_mixin.py:190} INFO - [2024-09-22T23:46:53.977+0000] {dag.py:4156} INFO - Setting next_dagrun for example_skip_dag to 2024-09-21 00:00:00+00:00, run_after=2024-09-22 00:00:00+00:00
[2024-09-22T23:46:54.010+0000] {processor.py:208} INFO - Processing /home/airflow/.local/lib/python3.12/site-packages/airflow/example_dags/example_skip_dag.py took 0.174 seconds
[2024-09-22T23:47:24.128+0000] {processor.py:186} INFO - Started process (PID=147) to work on /home/airflow/.local/lib/python3.12/site-packages/airflow/example_dags/example_skip_dag.py
[2024-09-22T23:47:24.129+0000] {processor.py:914} INFO - Processing file /home/airflow/.local/lib/python3.12/site-packages/airflow/example_dags/example_skip_dag.py for tasks to queue
[2024-09-22T23:47:24.135+0000] {logging_mixin.py:190} INFO - [2024-09-22T23:47:24.134+0000] {dagbag.py:587} INFO - Filling up the DagBag from /home/airflow/.local/lib/python3.12/site-packages/airflow/example_dags/example_skip_dag.py
[2024-09-22T23:47:24.158+0000] {processor.py:925} INFO - DAG(s) 'example_skip_dag' retrieved from /home/airflow/.local/lib/python3.12/site-packages/airflow/example_dags/example_skip_dag.py
[2024-09-22T23:47:24.189+0000] {logging_mixin.py:190} INFO - [2024-09-22T23:47:24.188+0000] {dag.py:3229} INFO - Sync 1 DAGs
[2024-09-22T23:47:24.220+0000] {logging_mixin.py:190} INFO - [2024-09-22T23:47:24.220+0000] {dag.py:4156} INFO - Setting next_dagrun for example_skip_dag to 2024-09-21 00:00:00+00:00, run_after=2024-09-22 00:00:00+00:00
[2024-09-22T23:47:24.243+0000] {processor.py:208} INFO - Processing /home/airflow/.local/lib/python3.12/site-packages/airflow/example_dags/example_skip_dag.py took 0.128 seconds
[2024-09-22T23:47:54.959+0000] {processor.py:186} INFO - Started process (PID=210) to work on /home/airflow/.local/lib/python3.12/site-packages/airflow/example_dags/example_skip_dag.py
[2024-09-22T23:47:54.963+0000] {processor.py:914} INFO - Processing file /home/airflow/.local/lib/python3.12/site-packages/airflow/example_dags/example_skip_dag.py for tasks to queue
[2024-09-22T23:47:54.968+0000] {logging_mixin.py:190} INFO - [2024-09-22T23:47:54.967+0000] {dagbag.py:587} INFO - Filling up the DagBag from /home/airflow/.local/lib/python3.12/site-packages/airflow/example_dags/example_skip_dag.py
[2024-09-22T23:47:54.989+0000] {processor.py:925} INFO - DAG(s) 'example_skip_dag' retrieved from /home/airflow/.local/lib/python3.12/site-packages/airflow/example_dags/example_skip_dag.py
[2024-09-22T23:47:55.019+0000] {logging_mixin.py:190} INFO - [2024-09-22T23:47:55.019+0000] {dag.py:3229} INFO - Sync 1 DAGs
[2024-09-22T23:47:55.053+0000] {logging_mixin.py:190} INFO - [2024-09-22T23:47:55.053+0000] {dag.py:4156} INFO - Setting next_dagrun for example_skip_dag to 2024-09-21 00:00:00+00:00, run_after=2024-09-22 00:00:00+00:00
[2024-09-22T23:47:55.078+0000] {processor.py:208} INFO - Processing /home/airflow/.local/lib/python3.12/site-packages/airflow/example_dags/example_skip_dag.py took 0.129 seconds
[2024-09-22T23:48:25.482+0000] {processor.py:186} INFO - Started process (PID=273) to work on /home/airflow/.local/lib/python3.12/site-packages/airflow/example_dags/example_skip_dag.py
[2024-09-22T23:48:25.483+0000] {processor.py:914} INFO - Processing file /home/airflow/.local/lib/python3.12/site-packages/airflow/example_dags/example_skip_dag.py for tasks to queue
[2024-09-22T23:48:25.488+0000] {logging_mixin.py:190} INFO - [2024-09-22T23:48:25.487+0000] {dagbag.py:587} INFO - Filling up the DagBag from /home/airflow/.local/lib/python3.12/site-packages/airflow/example_dags/example_skip_dag.py
[2024-09-22T23:48:25.504+0000] {processor.py:925} INFO - DAG(s) 'example_skip_dag' retrieved from /home/airflow/.local/lib/python3.12/site-packages/airflow/example_dags/example_skip_dag.py
[2024-09-22T23:48:25.535+0000] {logging_mixin.py:190} INFO - [2024-09-22T23:48:25.534+0000] {dag.py:3229} INFO - Sync 1 DAGs
[2024-09-22T23:48:25.569+0000] {logging_mixin.py:190} INFO - [2024-09-22T23:48:25.568+0000] {dag.py:4156} INFO - Setting next_dagrun for example_skip_dag to 2024-09-21 00:00:00+00:00, run_after=2024-09-22 00:00:00+00:00
[2024-09-22T23:48:25.595+0000] {processor.py:208} INFO - Processing /home/airflow/.local/lib/python3.12/site-packages/airflow/example_dags/example_skip_dag.py took 0.127 seconds
[2024-09-22T23:48:56.199+0000] {processor.py:186} INFO - Started process (PID=336) to work on /home/airflow/.local/lib/python3.12/site-packages/airflow/example_dags/example_skip_dag.py
[2024-09-22T23:48:56.201+0000] {processor.py:914} INFO - Processing file /home/airflow/.local/lib/python3.12/site-packages/airflow/example_dags/example_skip_dag.py for tasks to queue
[2024-09-22T23:48:56.207+0000] {logging_mixin.py:190} INFO - [2024-09-22T23:48:56.206+0000] {dagbag.py:587} INFO - Filling up the DagBag from /home/airflow/.local/lib/python3.12/site-packages/airflow/example_dags/example_skip_dag.py
[2024-09-22T23:48:56.231+0000] {processor.py:925} INFO - DAG(s) 'example_skip_dag' retrieved from /home/airflow/.local/lib/python3.12/site-packages/airflow/example_dags/example_skip_dag.py
[2024-09-22T23:48:56.261+0000] {logging_mixin.py:190} INFO - [2024-09-22T23:48:56.260+0000] {dag.py:3229} INFO - Sync 1 DAGs
[2024-09-22T23:48:56.292+0000] {logging_mixin.py:190} INFO - [2024-09-22T23:48:56.292+0000] {dag.py:4156} INFO - Setting next_dagrun for example_skip_dag to 2024-09-21 00:00:00+00:00, run_after=2024-09-22 00:00:00+00:00
[2024-09-22T23:48:56.317+0000] {processor.py:208} INFO - Processing /home/airflow/.local/lib/python3.12/site-packages/airflow/example_dags/example_skip_dag.py took 0.127 seconds
[2024-09-22T23:49:27.041+0000] {processor.py:186} INFO - Started process (PID=399) to work on /home/airflow/.local/lib/python3.12/site-packages/airflow/example_dags/example_skip_dag.py
[2024-09-22T23:49:27.044+0000] {processor.py:914} INFO - Processing file /home/airflow/.local/lib/python3.12/site-packages/airflow/example_dags/example_skip_dag.py for tasks to queue
[2024-09-22T23:49:27.049+0000] {logging_mixin.py:190} INFO - [2024-09-22T23:49:27.048+0000] {dagbag.py:587} INFO - Filling up the DagBag from /home/airflow/.local/lib/python3.12/site-packages/airflow/example_dags/example_skip_dag.py
[2024-09-22T23:49:27.072+0000] {processor.py:925} INFO - DAG(s) 'example_skip_dag' retrieved from /home/airflow/.local/lib/python3.12/site-packages/airflow/example_dags/example_skip_dag.py
[2024-09-22T23:49:27.102+0000] {logging_mixin.py:190} INFO - [2024-09-22T23:49:27.102+0000] {dag.py:3229} INFO - Sync 1 DAGs
[2024-09-22T23:49:27.139+0000] {logging_mixin.py:190} INFO - [2024-09-22T23:49:27.138+0000] {dag.py:4156} INFO - Setting next_dagrun for example_skip_dag to 2024-09-21 00:00:00+00:00, run_after=2024-09-22 00:00:00+00:00
[2024-09-22T23:49:27.165+0000] {processor.py:208} INFO - Processing /home/airflow/.local/lib/python3.12/site-packages/airflow/example_dags/example_skip_dag.py took 0.138 seconds
[2024-09-22T23:49:57.441+0000] {processor.py:186} INFO - Started process (PID=462) to work on /home/airflow/.local/lib/python3.12/site-packages/airflow/example_dags/example_skip_dag.py
[2024-09-22T23:49:57.444+0000] {processor.py:914} INFO - Processing file /home/airflow/.local/lib/python3.12/site-packages/airflow/example_dags/example_skip_dag.py for tasks to queue
[2024-09-22T23:49:57.448+0000] {logging_mixin.py:190} INFO - [2024-09-22T23:49:57.447+0000] {dagbag.py:587} INFO - Filling up the DagBag from /home/airflow/.local/lib/python3.12/site-packages/airflow/example_dags/example_skip_dag.py
[2024-09-22T23:49:57.471+0000] {processor.py:925} INFO - DAG(s) 'example_skip_dag' retrieved from /home/airflow/.local/lib/python3.12/site-packages/airflow/example_dags/example_skip_dag.py
[2024-09-22T23:49:57.512+0000] {logging_mixin.py:190} INFO - [2024-09-22T23:49:57.512+0000] {dag.py:3229} INFO - Sync 1 DAGs
[2024-09-22T23:49:57.559+0000] {logging_mixin.py:190} INFO - [2024-09-22T23:49:57.559+0000] {dag.py:4156} INFO - Setting next_dagrun for example_skip_dag to 2024-09-21 00:00:00+00:00, run_after=2024-09-22 00:00:00+00:00
[2024-09-22T23:49:57.591+0000] {processor.py:208} INFO - Processing /home/airflow/.local/lib/python3.12/site-packages/airflow/example_dags/example_skip_dag.py took 0.162 seconds
[2024-09-22T23:50:27.853+0000] {processor.py:186} INFO - Started process (PID=525) to work on /home/airflow/.local/lib/python3.12/site-packages/airflow/example_dags/example_skip_dag.py
[2024-09-22T23:50:27.855+0000] {processor.py:914} INFO - Processing file /home/airflow/.local/lib/python3.12/site-packages/airflow/example_dags/example_skip_dag.py for tasks to queue
[2024-09-22T23:50:27.859+0000] {logging_mixin.py:190} INFO - [2024-09-22T23:50:27.858+0000] {dagbag.py:587} INFO - Filling up the DagBag from /home/airflow/.local/lib/python3.12/site-packages/airflow/example_dags/example_skip_dag.py
[2024-09-22T23:50:27.878+0000] {processor.py:925} INFO - DAG(s) 'example_skip_dag' retrieved from /home/airflow/.local/lib/python3.12/site-packages/airflow/example_dags/example_skip_dag.py
[2024-09-22T23:50:27.920+0000] {logging_mixin.py:190} INFO - [2024-09-22T23:50:27.919+0000] {dag.py:3229} INFO - Sync 1 DAGs
[2024-09-22T23:50:27.954+0000] {logging_mixin.py:190} INFO - [2024-09-22T23:50:27.953+0000] {dag.py:4156} INFO - Setting next_dagrun for example_skip_dag to 2024-09-21 00:00:00+00:00, run_after=2024-09-22 00:00:00+00:00
[2024-09-22T23:50:27.978+0000] {processor.py:208} INFO - Processing /home/airflow/.local/lib/python3.12/site-packages/airflow/example_dags/example_skip_dag.py took 0.136 seconds
[2024-09-22T23:50:58.316+0000] {processor.py:186} INFO - Started process (PID=588) to work on /home/airflow/.local/lib/python3.12/site-packages/airflow/example_dags/example_skip_dag.py
[2024-09-22T23:50:58.318+0000] {processor.py:914} INFO - Processing file /home/airflow/.local/lib/python3.12/site-packages/airflow/example_dags/example_skip_dag.py for tasks to queue
[2024-09-22T23:50:58.322+0000] {logging_mixin.py:190} INFO - [2024-09-22T23:50:58.321+0000] {dagbag.py:587} INFO - Filling up the DagBag from /home/airflow/.local/lib/python3.12/site-packages/airflow/example_dags/example_skip_dag.py
[2024-09-22T23:50:58.340+0000] {processor.py:925} INFO - DAG(s) 'example_skip_dag' retrieved from /home/airflow/.local/lib/python3.12/site-packages/airflow/example_dags/example_skip_dag.py
[2024-09-22T23:50:58.374+0000] {logging_mixin.py:190} INFO - [2024-09-22T23:50:58.373+0000] {dag.py:3229} INFO - Sync 1 DAGs
[2024-09-22T23:50:58.408+0000] {logging_mixin.py:190} INFO - [2024-09-22T23:50:58.408+0000] {dag.py:4156} INFO - Setting next_dagrun for example_skip_dag to 2024-09-21 00:00:00+00:00, run_after=2024-09-22 00:00:00+00:00
[2024-09-22T23:50:58.431+0000] {processor.py:208} INFO - Processing /home/airflow/.local/lib/python3.12/site-packages/airflow/example_dags/example_skip_dag.py took 0.125 seconds
[2024-09-22T23:51:28.824+0000] {processor.py:186} INFO - Started process (PID=652) to work on /home/airflow/.local/lib/python3.12/site-packages/airflow/example_dags/example_skip_dag.py
[2024-09-22T23:51:28.826+0000] {processor.py:914} INFO - Processing file /home/airflow/.local/lib/python3.12/site-packages/airflow/example_dags/example_skip_dag.py for tasks to queue
[2024-09-22T23:51:28.830+0000] {logging_mixin.py:190} INFO - [2024-09-22T23:51:28.830+0000] {dagbag.py:587} INFO - Filling up the DagBag from /home/airflow/.local/lib/python3.12/site-packages/airflow/example_dags/example_skip_dag.py
[2024-09-22T23:51:28.847+0000] {processor.py:925} INFO - DAG(s) 'example_skip_dag' retrieved from /home/airflow/.local/lib/python3.12/site-packages/airflow/example_dags/example_skip_dag.py
[2024-09-22T23:51:28.885+0000] {logging_mixin.py:190} INFO - [2024-09-22T23:51:28.884+0000] {dag.py:3229} INFO - Sync 1 DAGs
[2024-09-22T23:51:28.923+0000] {logging_mixin.py:190} INFO - [2024-09-22T23:51:28.922+0000] {dag.py:4156} INFO - Setting next_dagrun for example_skip_dag to 2024-09-21 00:00:00+00:00, run_after=2024-09-22 00:00:00+00:00
[2024-09-22T23:51:28.947+0000] {processor.py:208} INFO - Processing /home/airflow/.local/lib/python3.12/site-packages/airflow/example_dags/example_skip_dag.py took 0.134 seconds
[2024-09-22T23:51:59.387+0000] {processor.py:186} INFO - Started process (PID=716) to work on /home/airflow/.local/lib/python3.12/site-packages/airflow/example_dags/example_skip_dag.py
[2024-09-22T23:51:59.389+0000] {processor.py:914} INFO - Processing file /home/airflow/.local/lib/python3.12/site-packages/airflow/example_dags/example_skip_dag.py for tasks to queue
[2024-09-22T23:51:59.394+0000] {logging_mixin.py:190} INFO - [2024-09-22T23:51:59.392+0000] {dagbag.py:587} INFO - Filling up the DagBag from /home/airflow/.local/lib/python3.12/site-packages/airflow/example_dags/example_skip_dag.py
[2024-09-22T23:51:59.412+0000] {processor.py:925} INFO - DAG(s) 'example_skip_dag' retrieved from /home/airflow/.local/lib/python3.12/site-packages/airflow/example_dags/example_skip_dag.py
[2024-09-22T23:51:59.446+0000] {logging_mixin.py:190} INFO - [2024-09-22T23:51:59.446+0000] {dag.py:3229} INFO - Sync 1 DAGs
[2024-09-22T23:51:59.482+0000] {logging_mixin.py:190} INFO - [2024-09-22T23:51:59.482+0000] {dag.py:4156} INFO - Setting next_dagrun for example_skip_dag to 2024-09-21 00:00:00+00:00, run_after=2024-09-22 00:00:00+00:00
[2024-09-22T23:51:59.511+0000] {processor.py:208} INFO - Processing /home/airflow/.local/lib/python3.12/site-packages/airflow/example_dags/example_skip_dag.py took 0.134 seconds
[2024-09-22T23:52:29.686+0000] {processor.py:186} INFO - Started process (PID=779) to work on /home/airflow/.local/lib/python3.12/site-packages/airflow/example_dags/example_skip_dag.py
[2024-09-22T23:52:29.689+0000] {processor.py:914} INFO - Processing file /home/airflow/.local/lib/python3.12/site-packages/airflow/example_dags/example_skip_dag.py for tasks to queue
[2024-09-22T23:52:29.693+0000] {logging_mixin.py:190} INFO - [2024-09-22T23:52:29.693+0000] {dagbag.py:587} INFO - Filling up the DagBag from /home/airflow/.local/lib/python3.12/site-packages/airflow/example_dags/example_skip_dag.py
[2024-09-22T23:52:29.713+0000] {processor.py:925} INFO - DAG(s) 'example_skip_dag' retrieved from /home/airflow/.local/lib/python3.12/site-packages/airflow/example_dags/example_skip_dag.py
[2024-09-22T23:52:29.757+0000] {logging_mixin.py:190} INFO - [2024-09-22T23:52:29.757+0000] {dag.py:3229} INFO - Sync 1 DAGs
[2024-09-22T23:52:29.806+0000] {logging_mixin.py:190} INFO - [2024-09-22T23:52:29.805+0000] {dag.py:4156} INFO - Setting next_dagrun for example_skip_dag to 2024-09-21 00:00:00+00:00, run_after=2024-09-22 00:00:00+00:00
[2024-09-22T23:52:29.844+0000] {processor.py:208} INFO - Processing /home/airflow/.local/lib/python3.12/site-packages/airflow/example_dags/example_skip_dag.py took 0.169 seconds
[2024-09-22T23:53:00.040+0000] {processor.py:186} INFO - Started process (PID=842) to work on /home/airflow/.local/lib/python3.12/site-packages/airflow/example_dags/example_skip_dag.py
[2024-09-22T23:53:00.042+0000] {processor.py:914} INFO - Processing file /home/airflow/.local/lib/python3.12/site-packages/airflow/example_dags/example_skip_dag.py for tasks to queue
[2024-09-22T23:53:00.047+0000] {logging_mixin.py:190} INFO - [2024-09-22T23:53:00.046+0000] {dagbag.py:587} INFO - Filling up the DagBag from /home/airflow/.local/lib/python3.12/site-packages/airflow/example_dags/example_skip_dag.py
[2024-09-22T23:53:00.069+0000] {processor.py:925} INFO - DAG(s) 'example_skip_dag' retrieved from /home/airflow/.local/lib/python3.12/site-packages/airflow/example_dags/example_skip_dag.py
[2024-09-22T23:53:00.106+0000] {logging_mixin.py:190} INFO - [2024-09-22T23:53:00.106+0000] {dag.py:3229} INFO - Sync 1 DAGs
[2024-09-22T23:53:00.149+0000] {logging_mixin.py:190} INFO - [2024-09-22T23:53:00.148+0000] {dag.py:4156} INFO - Setting next_dagrun for example_skip_dag to 2024-09-21 00:00:00+00:00, run_after=2024-09-22 00:00:00+00:00
[2024-09-22T23:53:00.173+0000] {processor.py:208} INFO - Processing /home/airflow/.local/lib/python3.12/site-packages/airflow/example_dags/example_skip_dag.py took 0.143 seconds
[2024-09-22T23:53:32.416+0000] {processor.py:186} INFO - Started process (PID=904) to work on /home/airflow/.local/lib/python3.12/site-packages/airflow/example_dags/example_skip_dag.py
[2024-09-22T23:53:32.419+0000] {processor.py:914} INFO - Processing file /home/airflow/.local/lib/python3.12/site-packages/airflow/example_dags/example_skip_dag.py for tasks to queue
[2024-09-22T23:53:32.427+0000] {logging_mixin.py:190} INFO - [2024-09-22T23:53:32.426+0000] {dagbag.py:587} INFO - Filling up the DagBag from /home/airflow/.local/lib/python3.12/site-packages/airflow/example_dags/example_skip_dag.py
[2024-09-22T23:53:32.470+0000] {processor.py:925} INFO - DAG(s) 'example_skip_dag' retrieved from /home/airflow/.local/lib/python3.12/site-packages/airflow/example_dags/example_skip_dag.py
[2024-09-22T23:53:32.576+0000] {logging_mixin.py:190} INFO - [2024-09-22T23:53:32.575+0000] {dag.py:3229} INFO - Sync 1 DAGs
[2024-09-22T23:53:32.648+0000] {logging_mixin.py:190} INFO - [2024-09-22T23:53:32.647+0000] {dag.py:4156} INFO - Setting next_dagrun for example_skip_dag to 2024-09-21 00:00:00+00:00, run_after=2024-09-22 00:00:00+00:00
[2024-09-22T23:53:32.697+0000] {processor.py:208} INFO - Processing /home/airflow/.local/lib/python3.12/site-packages/airflow/example_dags/example_skip_dag.py took 0.310 seconds
[2024-09-22T23:54:03.101+0000] {processor.py:186} INFO - Started process (PID=967) to work on /home/airflow/.local/lib/python3.12/site-packages/airflow/example_dags/example_skip_dag.py
[2024-09-22T23:54:03.103+0000] {processor.py:914} INFO - Processing file /home/airflow/.local/lib/python3.12/site-packages/airflow/example_dags/example_skip_dag.py for tasks to queue
[2024-09-22T23:54:03.108+0000] {logging_mixin.py:190} INFO - [2024-09-22T23:54:03.107+0000] {dagbag.py:587} INFO - Filling up the DagBag from /home/airflow/.local/lib/python3.12/site-packages/airflow/example_dags/example_skip_dag.py
[2024-09-22T23:54:03.128+0000] {processor.py:925} INFO - DAG(s) 'example_skip_dag' retrieved from /home/airflow/.local/lib/python3.12/site-packages/airflow/example_dags/example_skip_dag.py
[2024-09-22T23:54:03.166+0000] {logging_mixin.py:190} INFO - [2024-09-22T23:54:03.166+0000] {dag.py:3229} INFO - Sync 1 DAGs
[2024-09-22T23:54:03.206+0000] {logging_mixin.py:190} INFO - [2024-09-22T23:54:03.206+0000] {dag.py:4156} INFO - Setting next_dagrun for example_skip_dag to 2024-09-21 00:00:00+00:00, run_after=2024-09-22 00:00:00+00:00
[2024-09-22T23:54:03.231+0000] {processor.py:208} INFO - Processing /home/airflow/.local/lib/python3.12/site-packages/airflow/example_dags/example_skip_dag.py took 0.141 seconds
[2024-09-22T23:54:33.704+0000] {processor.py:186} INFO - Started process (PID=1030) to work on /home/airflow/.local/lib/python3.12/site-packages/airflow/example_dags/example_skip_dag.py
[2024-09-22T23:54:33.706+0000] {processor.py:914} INFO - Processing file /home/airflow/.local/lib/python3.12/site-packages/airflow/example_dags/example_skip_dag.py for tasks to queue
[2024-09-22T23:54:33.710+0000] {logging_mixin.py:190} INFO - [2024-09-22T23:54:33.710+0000] {dagbag.py:587} INFO - Filling up the DagBag from /home/airflow/.local/lib/python3.12/site-packages/airflow/example_dags/example_skip_dag.py
[2024-09-22T23:54:33.728+0000] {processor.py:925} INFO - DAG(s) 'example_skip_dag' retrieved from /home/airflow/.local/lib/python3.12/site-packages/airflow/example_dags/example_skip_dag.py
[2024-09-22T23:54:33.762+0000] {logging_mixin.py:190} INFO - [2024-09-22T23:54:33.761+0000] {dag.py:3229} INFO - Sync 1 DAGs
[2024-09-22T23:54:33.802+0000] {logging_mixin.py:190} INFO - [2024-09-22T23:54:33.802+0000] {dag.py:4156} INFO - Setting next_dagrun for example_skip_dag to 2024-09-21 00:00:00+00:00, run_after=2024-09-22 00:00:00+00:00
[2024-09-22T23:54:33.836+0000] {processor.py:208} INFO - Processing /home/airflow/.local/lib/python3.12/site-packages/airflow/example_dags/example_skip_dag.py took 0.142 seconds
[2024-09-22T23:55:04.711+0000] {processor.py:186} INFO - Started process (PID=1093) to work on /home/airflow/.local/lib/python3.12/site-packages/airflow/example_dags/example_skip_dag.py
[2024-09-22T23:55:04.713+0000] {processor.py:914} INFO - Processing file /home/airflow/.local/lib/python3.12/site-packages/airflow/example_dags/example_skip_dag.py for tasks to queue
[2024-09-22T23:55:04.717+0000] {logging_mixin.py:190} INFO - [2024-09-22T23:55:04.717+0000] {dagbag.py:587} INFO - Filling up the DagBag from /home/airflow/.local/lib/python3.12/site-packages/airflow/example_dags/example_skip_dag.py
[2024-09-22T23:55:04.735+0000] {processor.py:925} INFO - DAG(s) 'example_skip_dag' retrieved from /home/airflow/.local/lib/python3.12/site-packages/airflow/example_dags/example_skip_dag.py
[2024-09-22T23:55:04.776+0000] {logging_mixin.py:190} INFO - [2024-09-22T23:55:04.775+0000] {dag.py:3229} INFO - Sync 1 DAGs
[2024-09-22T23:55:04.817+0000] {logging_mixin.py:190} INFO - [2024-09-22T23:55:04.817+0000] {dag.py:4156} INFO - Setting next_dagrun for example_skip_dag to 2024-09-21 00:00:00+00:00, run_after=2024-09-22 00:00:00+00:00
[2024-09-22T23:55:04.849+0000] {processor.py:208} INFO - Processing /home/airflow/.local/lib/python3.12/site-packages/airflow/example_dags/example_skip_dag.py took 0.151 seconds
[2024-09-22T23:55:35.056+0000] {processor.py:186} INFO - Started process (PID=1155) to work on /home/airflow/.local/lib/python3.12/site-packages/airflow/example_dags/example_skip_dag.py
[2024-09-22T23:55:35.058+0000] {processor.py:914} INFO - Processing file /home/airflow/.local/lib/python3.12/site-packages/airflow/example_dags/example_skip_dag.py for tasks to queue
[2024-09-22T23:55:35.063+0000] {logging_mixin.py:190} INFO - [2024-09-22T23:55:35.063+0000] {dagbag.py:587} INFO - Filling up the DagBag from /home/airflow/.local/lib/python3.12/site-packages/airflow/example_dags/example_skip_dag.py
[2024-09-22T23:55:35.082+0000] {processor.py:925} INFO - DAG(s) 'example_skip_dag' retrieved from /home/airflow/.local/lib/python3.12/site-packages/airflow/example_dags/example_skip_dag.py
[2024-09-22T23:55:35.117+0000] {logging_mixin.py:190} INFO - [2024-09-22T23:55:35.117+0000] {dag.py:3229} INFO - Sync 1 DAGs
[2024-09-22T23:55:35.155+0000] {logging_mixin.py:190} INFO - [2024-09-22T23:55:35.155+0000] {dag.py:4156} INFO - Setting next_dagrun for example_skip_dag to 2024-09-21 00:00:00+00:00, run_after=2024-09-22 00:00:00+00:00
[2024-09-22T23:55:35.182+0000] {processor.py:208} INFO - Processing /home/airflow/.local/lib/python3.12/site-packages/airflow/example_dags/example_skip_dag.py took 0.136 seconds
[2024-09-22T23:58:02.338+0000] {processor.py:186} INFO - Started process (PID=83) to work on /home/airflow/.local/lib/python3.12/site-packages/airflow/example_dags/example_skip_dag.py
[2024-09-22T23:58:02.341+0000] {processor.py:914} INFO - Processing file /home/airflow/.local/lib/python3.12/site-packages/airflow/example_dags/example_skip_dag.py for tasks to queue
[2024-09-22T23:58:02.347+0000] {logging_mixin.py:190} INFO - [2024-09-22T23:58:02.347+0000] {dagbag.py:587} INFO - Filling up the DagBag from /home/airflow/.local/lib/python3.12/site-packages/airflow/example_dags/example_skip_dag.py
[2024-09-22T23:58:02.372+0000] {processor.py:925} INFO - DAG(s) 'example_skip_dag' retrieved from /home/airflow/.local/lib/python3.12/site-packages/airflow/example_dags/example_skip_dag.py
[2024-09-22T23:58:02.423+0000] {logging_mixin.py:190} INFO - [2024-09-22T23:58:02.423+0000] {dag.py:3229} INFO - Sync 1 DAGs
[2024-09-22T23:58:02.469+0000] {logging_mixin.py:190} INFO - [2024-09-22T23:58:02.469+0000] {dag.py:4156} INFO - Setting next_dagrun for example_skip_dag to 2024-09-21 00:00:00+00:00, run_after=2024-09-22 00:00:00+00:00
[2024-09-22T23:58:02.503+0000] {processor.py:208} INFO - Processing /home/airflow/.local/lib/python3.12/site-packages/airflow/example_dags/example_skip_dag.py took 0.179 seconds
[2024-09-22T23:58:32.641+0000] {processor.py:186} INFO - Started process (PID=146) to work on /home/airflow/.local/lib/python3.12/site-packages/airflow/example_dags/example_skip_dag.py
[2024-09-22T23:58:32.647+0000] {processor.py:914} INFO - Processing file /home/airflow/.local/lib/python3.12/site-packages/airflow/example_dags/example_skip_dag.py for tasks to queue
[2024-09-22T23:58:32.653+0000] {logging_mixin.py:190} INFO - [2024-09-22T23:58:32.653+0000] {dagbag.py:587} INFO - Filling up the DagBag from /home/airflow/.local/lib/python3.12/site-packages/airflow/example_dags/example_skip_dag.py
[2024-09-22T23:58:32.672+0000] {processor.py:925} INFO - DAG(s) 'example_skip_dag' retrieved from /home/airflow/.local/lib/python3.12/site-packages/airflow/example_dags/example_skip_dag.py
[2024-09-22T23:58:32.704+0000] {logging_mixin.py:190} INFO - [2024-09-22T23:58:32.703+0000] {dag.py:3229} INFO - Sync 1 DAGs
[2024-09-22T23:58:32.739+0000] {logging_mixin.py:190} INFO - [2024-09-22T23:58:32.739+0000] {dag.py:4156} INFO - Setting next_dagrun for example_skip_dag to 2024-09-21 00:00:00+00:00, run_after=2024-09-22 00:00:00+00:00
[2024-09-22T23:58:32.763+0000] {processor.py:208} INFO - Processing /home/airflow/.local/lib/python3.12/site-packages/airflow/example_dags/example_skip_dag.py took 0.134 seconds
[2024-09-22T23:59:03.499+0000] {processor.py:186} INFO - Started process (PID=209) to work on /home/airflow/.local/lib/python3.12/site-packages/airflow/example_dags/example_skip_dag.py
[2024-09-22T23:59:03.501+0000] {processor.py:914} INFO - Processing file /home/airflow/.local/lib/python3.12/site-packages/airflow/example_dags/example_skip_dag.py for tasks to queue
[2024-09-22T23:59:03.507+0000] {logging_mixin.py:190} INFO - [2024-09-22T23:59:03.506+0000] {dagbag.py:587} INFO - Filling up the DagBag from /home/airflow/.local/lib/python3.12/site-packages/airflow/example_dags/example_skip_dag.py
[2024-09-22T23:59:03.530+0000] {processor.py:925} INFO - DAG(s) 'example_skip_dag' retrieved from /home/airflow/.local/lib/python3.12/site-packages/airflow/example_dags/example_skip_dag.py
[2024-09-22T23:59:03.561+0000] {logging_mixin.py:190} INFO - [2024-09-22T23:59:03.560+0000] {dag.py:3229} INFO - Sync 1 DAGs
[2024-09-22T23:59:03.593+0000] {logging_mixin.py:190} INFO - [2024-09-22T23:59:03.593+0000] {dag.py:4156} INFO - Setting next_dagrun for example_skip_dag to 2024-09-21 00:00:00+00:00, run_after=2024-09-22 00:00:00+00:00
[2024-09-22T23:59:03.617+0000] {processor.py:208} INFO - Processing /home/airflow/.local/lib/python3.12/site-packages/airflow/example_dags/example_skip_dag.py took 0.127 seconds
[2024-09-22T23:59:34.103+0000] {processor.py:186} INFO - Started process (PID=272) to work on /home/airflow/.local/lib/python3.12/site-packages/airflow/example_dags/example_skip_dag.py
[2024-09-22T23:59:34.105+0000] {processor.py:914} INFO - Processing file /home/airflow/.local/lib/python3.12/site-packages/airflow/example_dags/example_skip_dag.py for tasks to queue
[2024-09-22T23:59:34.110+0000] {logging_mixin.py:190} INFO - [2024-09-22T23:59:34.109+0000] {dagbag.py:587} INFO - Filling up the DagBag from /home/airflow/.local/lib/python3.12/site-packages/airflow/example_dags/example_skip_dag.py
[2024-09-22T23:59:34.130+0000] {processor.py:925} INFO - DAG(s) 'example_skip_dag' retrieved from /home/airflow/.local/lib/python3.12/site-packages/airflow/example_dags/example_skip_dag.py
[2024-09-22T23:59:34.166+0000] {logging_mixin.py:190} INFO - [2024-09-22T23:59:34.165+0000] {dag.py:3229} INFO - Sync 1 DAGs
[2024-09-22T23:59:34.199+0000] {logging_mixin.py:190} INFO - [2024-09-22T23:59:34.199+0000] {dag.py:4156} INFO - Setting next_dagrun for example_skip_dag to 2024-09-21 00:00:00+00:00, run_after=2024-09-22 00:00:00+00:00
[2024-09-22T23:59:34.223+0000] {processor.py:208} INFO - Processing /home/airflow/.local/lib/python3.12/site-packages/airflow/example_dags/example_skip_dag.py took 0.132 seconds
