[2024-09-22T23:26:25.236+0000] {processor.py:186} INFO - Started process (PID=103) to work on /home/airflow/.local/lib/python3.12/site-packages/airflow/example_dags/example_display_name.py
[2024-09-22T23:26:25.238+0000] {processor.py:914} INFO - Processing file /home/airflow/.local/lib/python3.12/site-packages/airflow/example_dags/example_display_name.py for tasks to queue
[2024-09-22T23:26:25.242+0000] {logging_mixin.py:190} INFO - [2024-09-22T23:26:25.241+0000] {dagbag.py:587} INFO - Filling up the DagBag from /home/airflow/.local/lib/python3.12/site-packages/airflow/example_dags/example_display_name.py
[2024-09-22T23:26:25.263+0000] {processor.py:925} INFO - DAG(s) 'example_display_name' retrieved from /home/airflow/.local/lib/python3.12/site-packages/airflow/example_dags/example_display_name.py
[2024-09-22T23:26:25.489+0000] {logging_mixin.py:190} INFO - [2024-09-22T23:26:25.488+0000] {override.py:1900} INFO - Created Permission View: can edit on DAG:example_display_name
[2024-09-22T23:26:25.506+0000] {logging_mixin.py:190} INFO - [2024-09-22T23:26:25.505+0000] {override.py:1900} INFO - Created Permission View: can read on DAG:example_display_name
[2024-09-22T23:26:25.517+0000] {logging_mixin.py:190} INFO - [2024-09-22T23:26:25.516+0000] {override.py:1900} INFO - Created Permission View: can delete on DAG:example_display_name
[2024-09-22T23:26:25.527+0000] {logging_mixin.py:190} INFO - [2024-09-22T23:26:25.527+0000] {override.py:1900} INFO - Created Permission View: can create on DAG Run:example_display_name
[2024-09-22T23:26:25.536+0000] {logging_mixin.py:190} INFO - [2024-09-22T23:26:25.536+0000] {override.py:1900} INFO - Created Permission View: menu access on DAG Run:example_display_name
[2024-09-22T23:26:25.546+0000] {logging_mixin.py:190} INFO - [2024-09-22T23:26:25.545+0000] {override.py:1900} INFO - Created Permission View: can read on DAG Run:example_display_name
[2024-09-22T23:26:25.557+0000] {logging_mixin.py:190} INFO - [2024-09-22T23:26:25.556+0000] {override.py:1900} INFO - Created Permission View: can delete on DAG Run:example_display_name
[2024-09-22T23:26:25.557+0000] {logging_mixin.py:190} INFO - [2024-09-22T23:26:25.557+0000] {dag.py:3229} INFO - Sync 1 DAGs
[2024-09-22T23:26:25.580+0000] {logging_mixin.py:190} INFO - [2024-09-22T23:26:25.580+0000] {dag.py:3252} INFO - Creating ORM DAG for example_display_name
[2024-09-22T23:26:25.581+0000] {logging_mixin.py:190} INFO - [2024-09-22T23:26:25.581+0000] {dag.py:4156} INFO - Setting next_dagrun for example_display_name to None, run_after=None
[2024-09-22T23:26:25.601+0000] {processor.py:208} INFO - Processing /home/airflow/.local/lib/python3.12/site-packages/airflow/example_dags/example_display_name.py took 0.377 seconds
[2024-09-22T23:26:56.131+0000] {processor.py:186} INFO - Started process (PID=165) to work on /home/airflow/.local/lib/python3.12/site-packages/airflow/example_dags/example_display_name.py
[2024-09-22T23:26:56.133+0000] {processor.py:914} INFO - Processing file /home/airflow/.local/lib/python3.12/site-packages/airflow/example_dags/example_display_name.py for tasks to queue
[2024-09-22T23:26:56.136+0000] {logging_mixin.py:190} INFO - [2024-09-22T23:26:56.136+0000] {dagbag.py:587} INFO - Filling up the DagBag from /home/airflow/.local/lib/python3.12/site-packages/airflow/example_dags/example_display_name.py
[2024-09-22T23:26:56.153+0000] {processor.py:925} INFO - DAG(s) 'example_display_name' retrieved from /home/airflow/.local/lib/python3.12/site-packages/airflow/example_dags/example_display_name.py
[2024-09-22T23:26:56.180+0000] {logging_mixin.py:190} INFO - [2024-09-22T23:26:56.180+0000] {dag.py:3229} INFO - Sync 1 DAGs
[2024-09-22T23:26:56.199+0000] {logging_mixin.py:190} INFO - [2024-09-22T23:26:56.199+0000] {dag.py:4156} INFO - Setting next_dagrun for example_display_name to None, run_after=None
[2024-09-22T23:26:56.225+0000] {processor.py:208} INFO - Processing /home/airflow/.local/lib/python3.12/site-packages/airflow/example_dags/example_display_name.py took 0.103 seconds
[2024-09-22T23:27:26.287+0000] {processor.py:186} INFO - Started process (PID=227) to work on /home/airflow/.local/lib/python3.12/site-packages/airflow/example_dags/example_display_name.py
[2024-09-22T23:27:26.289+0000] {processor.py:914} INFO - Processing file /home/airflow/.local/lib/python3.12/site-packages/airflow/example_dags/example_display_name.py for tasks to queue
[2024-09-22T23:27:26.292+0000] {logging_mixin.py:190} INFO - [2024-09-22T23:27:26.291+0000] {dagbag.py:587} INFO - Filling up the DagBag from /home/airflow/.local/lib/python3.12/site-packages/airflow/example_dags/example_display_name.py
[2024-09-22T23:27:26.307+0000] {processor.py:925} INFO - DAG(s) 'example_display_name' retrieved from /home/airflow/.local/lib/python3.12/site-packages/airflow/example_dags/example_display_name.py
[2024-09-22T23:27:26.334+0000] {logging_mixin.py:190} INFO - [2024-09-22T23:27:26.334+0000] {dag.py:3229} INFO - Sync 1 DAGs
[2024-09-22T23:27:26.354+0000] {logging_mixin.py:190} INFO - [2024-09-22T23:27:26.354+0000] {dag.py:4156} INFO - Setting next_dagrun for example_display_name to None, run_after=None
[2024-09-22T23:27:26.380+0000] {processor.py:208} INFO - Processing /home/airflow/.local/lib/python3.12/site-packages/airflow/example_dags/example_display_name.py took 0.102 seconds
[2024-09-22T23:27:56.590+0000] {processor.py:186} INFO - Started process (PID=288) to work on /home/airflow/.local/lib/python3.12/site-packages/airflow/example_dags/example_display_name.py
[2024-09-22T23:27:56.592+0000] {processor.py:914} INFO - Processing file /home/airflow/.local/lib/python3.12/site-packages/airflow/example_dags/example_display_name.py for tasks to queue
[2024-09-22T23:27:56.595+0000] {logging_mixin.py:190} INFO - [2024-09-22T23:27:56.595+0000] {dagbag.py:587} INFO - Filling up the DagBag from /home/airflow/.local/lib/python3.12/site-packages/airflow/example_dags/example_display_name.py
[2024-09-22T23:27:56.616+0000] {processor.py:925} INFO - DAG(s) 'example_display_name' retrieved from /home/airflow/.local/lib/python3.12/site-packages/airflow/example_dags/example_display_name.py
[2024-09-22T23:27:56.644+0000] {logging_mixin.py:190} INFO - [2024-09-22T23:27:56.644+0000] {dag.py:3229} INFO - Sync 1 DAGs
[2024-09-22T23:27:56.666+0000] {logging_mixin.py:190} INFO - [2024-09-22T23:27:56.666+0000] {dag.py:4156} INFO - Setting next_dagrun for example_display_name to None, run_after=None
[2024-09-22T23:27:56.693+0000] {processor.py:208} INFO - Processing /home/airflow/.local/lib/python3.12/site-packages/airflow/example_dags/example_display_name.py took 0.112 seconds
[2024-09-22T23:28:28.047+0000] {processor.py:186} INFO - Started process (PID=351) to work on /home/airflow/.local/lib/python3.12/site-packages/airflow/example_dags/example_display_name.py
[2024-09-22T23:28:28.050+0000] {processor.py:914} INFO - Processing file /home/airflow/.local/lib/python3.12/site-packages/airflow/example_dags/example_display_name.py for tasks to queue
[2024-09-22T23:28:28.053+0000] {logging_mixin.py:190} INFO - [2024-09-22T23:28:28.053+0000] {dagbag.py:587} INFO - Filling up the DagBag from /home/airflow/.local/lib/python3.12/site-packages/airflow/example_dags/example_display_name.py
[2024-09-22T23:28:28.069+0000] {processor.py:925} INFO - DAG(s) 'example_display_name' retrieved from /home/airflow/.local/lib/python3.12/site-packages/airflow/example_dags/example_display_name.py
[2024-09-22T23:28:28.097+0000] {logging_mixin.py:190} INFO - [2024-09-22T23:28:28.096+0000] {dag.py:3229} INFO - Sync 1 DAGs
[2024-09-22T23:28:28.118+0000] {logging_mixin.py:190} INFO - [2024-09-22T23:28:28.118+0000] {dag.py:4156} INFO - Setting next_dagrun for example_display_name to None, run_after=None
[2024-09-22T23:28:28.143+0000] {processor.py:208} INFO - Processing /home/airflow/.local/lib/python3.12/site-packages/airflow/example_dags/example_display_name.py took 0.105 seconds
[2024-09-22T23:28:58.627+0000] {processor.py:186} INFO - Started process (PID=413) to work on /home/airflow/.local/lib/python3.12/site-packages/airflow/example_dags/example_display_name.py
[2024-09-22T23:28:58.629+0000] {processor.py:914} INFO - Processing file /home/airflow/.local/lib/python3.12/site-packages/airflow/example_dags/example_display_name.py for tasks to queue
[2024-09-22T23:28:58.633+0000] {logging_mixin.py:190} INFO - [2024-09-22T23:28:58.632+0000] {dagbag.py:587} INFO - Filling up the DagBag from /home/airflow/.local/lib/python3.12/site-packages/airflow/example_dags/example_display_name.py
[2024-09-22T23:28:58.648+0000] {processor.py:925} INFO - DAG(s) 'example_display_name' retrieved from /home/airflow/.local/lib/python3.12/site-packages/airflow/example_dags/example_display_name.py
[2024-09-22T23:28:58.677+0000] {logging_mixin.py:190} INFO - [2024-09-22T23:28:58.677+0000] {dag.py:3229} INFO - Sync 1 DAGs
[2024-09-22T23:28:58.697+0000] {logging_mixin.py:190} INFO - [2024-09-22T23:28:58.697+0000] {dag.py:4156} INFO - Setting next_dagrun for example_display_name to None, run_after=None
[2024-09-22T23:28:58.724+0000] {processor.py:208} INFO - Processing /home/airflow/.local/lib/python3.12/site-packages/airflow/example_dags/example_display_name.py took 0.107 seconds
[2024-09-22T23:29:29.132+0000] {processor.py:186} INFO - Started process (PID=475) to work on /home/airflow/.local/lib/python3.12/site-packages/airflow/example_dags/example_display_name.py
[2024-09-22T23:29:29.133+0000] {processor.py:914} INFO - Processing file /home/airflow/.local/lib/python3.12/site-packages/airflow/example_dags/example_display_name.py for tasks to queue
[2024-09-22T23:29:29.136+0000] {logging_mixin.py:190} INFO - [2024-09-22T23:29:29.136+0000] {dagbag.py:587} INFO - Filling up the DagBag from /home/airflow/.local/lib/python3.12/site-packages/airflow/example_dags/example_display_name.py
[2024-09-22T23:29:29.154+0000] {processor.py:925} INFO - DAG(s) 'example_display_name' retrieved from /home/airflow/.local/lib/python3.12/site-packages/airflow/example_dags/example_display_name.py
[2024-09-22T23:29:29.184+0000] {logging_mixin.py:190} INFO - [2024-09-22T23:29:29.183+0000] {dag.py:3229} INFO - Sync 1 DAGs
[2024-09-22T23:29:29.209+0000] {logging_mixin.py:190} INFO - [2024-09-22T23:29:29.208+0000] {dag.py:4156} INFO - Setting next_dagrun for example_display_name to None, run_after=None
[2024-09-22T23:29:29.233+0000] {processor.py:208} INFO - Processing /home/airflow/.local/lib/python3.12/site-packages/airflow/example_dags/example_display_name.py took 0.111 seconds
[2024-09-22T23:30:00.929+0000] {processor.py:186} INFO - Started process (PID=543) to work on /home/airflow/.local/lib/python3.12/site-packages/airflow/example_dags/example_display_name.py
[2024-09-22T23:30:00.931+0000] {processor.py:914} INFO - Processing file /home/airflow/.local/lib/python3.12/site-packages/airflow/example_dags/example_display_name.py for tasks to queue
[2024-09-22T23:30:00.936+0000] {logging_mixin.py:190} INFO - [2024-09-22T23:30:00.935+0000] {dagbag.py:587} INFO - Filling up the DagBag from /home/airflow/.local/lib/python3.12/site-packages/airflow/example_dags/example_display_name.py
[2024-09-22T23:30:00.953+0000] {processor.py:925} INFO - DAG(s) 'example_display_name' retrieved from /home/airflow/.local/lib/python3.12/site-packages/airflow/example_dags/example_display_name.py
[2024-09-22T23:30:00.986+0000] {logging_mixin.py:190} INFO - [2024-09-22T23:30:00.986+0000] {dag.py:3229} INFO - Sync 1 DAGs
[2024-09-22T23:30:01.017+0000] {logging_mixin.py:190} INFO - [2024-09-22T23:30:01.016+0000] {dag.py:4156} INFO - Setting next_dagrun for example_display_name to None, run_after=None
[2024-09-22T23:30:01.050+0000] {processor.py:208} INFO - Processing /home/airflow/.local/lib/python3.12/site-packages/airflow/example_dags/example_display_name.py took 0.134 seconds
[2024-09-22T23:30:32.016+0000] {processor.py:186} INFO - Started process (PID=605) to work on /home/airflow/.local/lib/python3.12/site-packages/airflow/example_dags/example_display_name.py
[2024-09-22T23:30:32.018+0000] {processor.py:914} INFO - Processing file /home/airflow/.local/lib/python3.12/site-packages/airflow/example_dags/example_display_name.py for tasks to queue
[2024-09-22T23:30:32.022+0000] {logging_mixin.py:190} INFO - [2024-09-22T23:30:32.021+0000] {dagbag.py:587} INFO - Filling up the DagBag from /home/airflow/.local/lib/python3.12/site-packages/airflow/example_dags/example_display_name.py
[2024-09-22T23:30:32.044+0000] {processor.py:925} INFO - DAG(s) 'example_display_name' retrieved from /home/airflow/.local/lib/python3.12/site-packages/airflow/example_dags/example_display_name.py
[2024-09-22T23:30:32.079+0000] {logging_mixin.py:190} INFO - [2024-09-22T23:30:32.078+0000] {dag.py:3229} INFO - Sync 1 DAGs
[2024-09-22T23:30:32.108+0000] {logging_mixin.py:190} INFO - [2024-09-22T23:30:32.108+0000] {dag.py:4156} INFO - Setting next_dagrun for example_display_name to None, run_after=None
[2024-09-22T23:30:32.140+0000] {processor.py:208} INFO - Processing /home/airflow/.local/lib/python3.12/site-packages/airflow/example_dags/example_display_name.py took 0.136 seconds
[2024-09-22T23:31:02.837+0000] {processor.py:186} INFO - Started process (PID=667) to work on /home/airflow/.local/lib/python3.12/site-packages/airflow/example_dags/example_display_name.py
[2024-09-22T23:31:02.839+0000] {processor.py:914} INFO - Processing file /home/airflow/.local/lib/python3.12/site-packages/airflow/example_dags/example_display_name.py for tasks to queue
[2024-09-22T23:31:02.843+0000] {logging_mixin.py:190} INFO - [2024-09-22T23:31:02.843+0000] {dagbag.py:587} INFO - Filling up the DagBag from /home/airflow/.local/lib/python3.12/site-packages/airflow/example_dags/example_display_name.py
[2024-09-22T23:31:02.867+0000] {processor.py:925} INFO - DAG(s) 'example_display_name' retrieved from /home/airflow/.local/lib/python3.12/site-packages/airflow/example_dags/example_display_name.py
[2024-09-22T23:31:02.901+0000] {logging_mixin.py:190} INFO - [2024-09-22T23:31:02.900+0000] {dag.py:3229} INFO - Sync 1 DAGs
[2024-09-22T23:31:02.933+0000] {logging_mixin.py:190} INFO - [2024-09-22T23:31:02.933+0000] {dag.py:4156} INFO - Setting next_dagrun for example_display_name to None, run_after=None
[2024-09-22T23:31:02.959+0000] {processor.py:208} INFO - Processing /home/airflow/.local/lib/python3.12/site-packages/airflow/example_dags/example_display_name.py took 0.134 seconds
[2024-09-22T23:31:34.018+0000] {processor.py:186} INFO - Started process (PID=729) to work on /home/airflow/.local/lib/python3.12/site-packages/airflow/example_dags/example_display_name.py
[2024-09-22T23:31:34.020+0000] {processor.py:914} INFO - Processing file /home/airflow/.local/lib/python3.12/site-packages/airflow/example_dags/example_display_name.py for tasks to queue
[2024-09-22T23:31:34.023+0000] {logging_mixin.py:190} INFO - [2024-09-22T23:31:34.023+0000] {dagbag.py:587} INFO - Filling up the DagBag from /home/airflow/.local/lib/python3.12/site-packages/airflow/example_dags/example_display_name.py
[2024-09-22T23:31:34.038+0000] {processor.py:925} INFO - DAG(s) 'example_display_name' retrieved from /home/airflow/.local/lib/python3.12/site-packages/airflow/example_dags/example_display_name.py
[2024-09-22T23:31:34.066+0000] {logging_mixin.py:190} INFO - [2024-09-22T23:31:34.066+0000] {dag.py:3229} INFO - Sync 1 DAGs
[2024-09-22T23:31:34.086+0000] {logging_mixin.py:190} INFO - [2024-09-22T23:31:34.086+0000] {dag.py:4156} INFO - Setting next_dagrun for example_display_name to None, run_after=None
[2024-09-22T23:31:34.112+0000] {processor.py:208} INFO - Processing /home/airflow/.local/lib/python3.12/site-packages/airflow/example_dags/example_display_name.py took 0.103 seconds
[2024-09-22T23:32:04.724+0000] {processor.py:186} INFO - Started process (PID=792) to work on /home/airflow/.local/lib/python3.12/site-packages/airflow/example_dags/example_display_name.py
[2024-09-22T23:32:04.726+0000] {processor.py:914} INFO - Processing file /home/airflow/.local/lib/python3.12/site-packages/airflow/example_dags/example_display_name.py for tasks to queue
[2024-09-22T23:32:04.731+0000] {logging_mixin.py:190} INFO - [2024-09-22T23:32:04.730+0000] {dagbag.py:587} INFO - Filling up the DagBag from /home/airflow/.local/lib/python3.12/site-packages/airflow/example_dags/example_display_name.py
[2024-09-22T23:32:04.747+0000] {processor.py:925} INFO - DAG(s) 'example_display_name' retrieved from /home/airflow/.local/lib/python3.12/site-packages/airflow/example_dags/example_display_name.py
[2024-09-22T23:32:04.776+0000] {logging_mixin.py:190} INFO - [2024-09-22T23:32:04.775+0000] {dag.py:3229} INFO - Sync 1 DAGs
[2024-09-22T23:32:04.795+0000] {logging_mixin.py:190} INFO - [2024-09-22T23:32:04.795+0000] {dag.py:4156} INFO - Setting next_dagrun for example_display_name to None, run_after=None
[2024-09-22T23:32:04.819+0000] {processor.py:208} INFO - Processing /home/airflow/.local/lib/python3.12/site-packages/airflow/example_dags/example_display_name.py took 0.104 seconds
[2024-09-22T23:32:35.647+0000] {processor.py:186} INFO - Started process (PID=855) to work on /home/airflow/.local/lib/python3.12/site-packages/airflow/example_dags/example_display_name.py
[2024-09-22T23:32:35.649+0000] {processor.py:914} INFO - Processing file /home/airflow/.local/lib/python3.12/site-packages/airflow/example_dags/example_display_name.py for tasks to queue
[2024-09-22T23:32:35.652+0000] {logging_mixin.py:190} INFO - [2024-09-22T23:32:35.652+0000] {dagbag.py:587} INFO - Filling up the DagBag from /home/airflow/.local/lib/python3.12/site-packages/airflow/example_dags/example_display_name.py
[2024-09-22T23:32:35.668+0000] {processor.py:925} INFO - DAG(s) 'example_display_name' retrieved from /home/airflow/.local/lib/python3.12/site-packages/airflow/example_dags/example_display_name.py
[2024-09-22T23:32:35.695+0000] {logging_mixin.py:190} INFO - [2024-09-22T23:32:35.694+0000] {dag.py:3229} INFO - Sync 1 DAGs
[2024-09-22T23:32:35.713+0000] {logging_mixin.py:190} INFO - [2024-09-22T23:32:35.713+0000] {dag.py:4156} INFO - Setting next_dagrun for example_display_name to None, run_after=None
[2024-09-22T23:32:35.737+0000] {processor.py:208} INFO - Processing /home/airflow/.local/lib/python3.12/site-packages/airflow/example_dags/example_display_name.py took 0.100 seconds
[2024-09-22T23:33:06.480+0000] {processor.py:186} INFO - Started process (PID=918) to work on /home/airflow/.local/lib/python3.12/site-packages/airflow/example_dags/example_display_name.py
[2024-09-22T23:33:06.483+0000] {processor.py:914} INFO - Processing file /home/airflow/.local/lib/python3.12/site-packages/airflow/example_dags/example_display_name.py for tasks to queue
[2024-09-22T23:33:06.486+0000] {logging_mixin.py:190} INFO - [2024-09-22T23:33:06.486+0000] {dagbag.py:587} INFO - Filling up the DagBag from /home/airflow/.local/lib/python3.12/site-packages/airflow/example_dags/example_display_name.py
[2024-09-22T23:33:06.504+0000] {processor.py:925} INFO - DAG(s) 'example_display_name' retrieved from /home/airflow/.local/lib/python3.12/site-packages/airflow/example_dags/example_display_name.py
[2024-09-22T23:33:06.532+0000] {logging_mixin.py:190} INFO - [2024-09-22T23:33:06.532+0000] {dag.py:3229} INFO - Sync 1 DAGs
[2024-09-22T23:33:06.552+0000] {logging_mixin.py:190} INFO - [2024-09-22T23:33:06.551+0000] {dag.py:4156} INFO - Setting next_dagrun for example_display_name to None, run_after=None
[2024-09-22T23:33:06.576+0000] {processor.py:208} INFO - Processing /home/airflow/.local/lib/python3.12/site-packages/airflow/example_dags/example_display_name.py took 0.105 seconds
[2024-09-22T23:33:37.861+0000] {processor.py:186} INFO - Started process (PID=981) to work on /home/airflow/.local/lib/python3.12/site-packages/airflow/example_dags/example_display_name.py
[2024-09-22T23:33:37.863+0000] {processor.py:914} INFO - Processing file /home/airflow/.local/lib/python3.12/site-packages/airflow/example_dags/example_display_name.py for tasks to queue
[2024-09-22T23:33:37.866+0000] {logging_mixin.py:190} INFO - [2024-09-22T23:33:37.866+0000] {dagbag.py:587} INFO - Filling up the DagBag from /home/airflow/.local/lib/python3.12/site-packages/airflow/example_dags/example_display_name.py
[2024-09-22T23:33:37.882+0000] {processor.py:925} INFO - DAG(s) 'example_display_name' retrieved from /home/airflow/.local/lib/python3.12/site-packages/airflow/example_dags/example_display_name.py
[2024-09-22T23:33:37.914+0000] {logging_mixin.py:190} INFO - [2024-09-22T23:33:37.914+0000] {dag.py:3229} INFO - Sync 1 DAGs
[2024-09-22T23:33:37.941+0000] {logging_mixin.py:190} INFO - [2024-09-22T23:33:37.940+0000] {dag.py:4156} INFO - Setting next_dagrun for example_display_name to None, run_after=None
[2024-09-22T23:33:37.973+0000] {processor.py:208} INFO - Processing /home/airflow/.local/lib/python3.12/site-packages/airflow/example_dags/example_display_name.py took 0.122 seconds
[2024-09-22T23:34:09.101+0000] {processor.py:186} INFO - Started process (PID=1044) to work on /home/airflow/.local/lib/python3.12/site-packages/airflow/example_dags/example_display_name.py
[2024-09-22T23:34:09.103+0000] {processor.py:914} INFO - Processing file /home/airflow/.local/lib/python3.12/site-packages/airflow/example_dags/example_display_name.py for tasks to queue
[2024-09-22T23:34:09.107+0000] {logging_mixin.py:190} INFO - [2024-09-22T23:34:09.106+0000] {dagbag.py:587} INFO - Filling up the DagBag from /home/airflow/.local/lib/python3.12/site-packages/airflow/example_dags/example_display_name.py
[2024-09-22T23:34:09.123+0000] {processor.py:925} INFO - DAG(s) 'example_display_name' retrieved from /home/airflow/.local/lib/python3.12/site-packages/airflow/example_dags/example_display_name.py
[2024-09-22T23:34:09.151+0000] {logging_mixin.py:190} INFO - [2024-09-22T23:34:09.151+0000] {dag.py:3229} INFO - Sync 1 DAGs
[2024-09-22T23:34:09.171+0000] {logging_mixin.py:190} INFO - [2024-09-22T23:34:09.170+0000] {dag.py:4156} INFO - Setting next_dagrun for example_display_name to None, run_after=None
[2024-09-22T23:34:09.195+0000] {processor.py:208} INFO - Processing /home/airflow/.local/lib/python3.12/site-packages/airflow/example_dags/example_display_name.py took 0.105 seconds
[2024-09-22T23:34:40.407+0000] {processor.py:186} INFO - Started process (PID=1107) to work on /home/airflow/.local/lib/python3.12/site-packages/airflow/example_dags/example_display_name.py
[2024-09-22T23:34:40.409+0000] {processor.py:914} INFO - Processing file /home/airflow/.local/lib/python3.12/site-packages/airflow/example_dags/example_display_name.py for tasks to queue
[2024-09-22T23:34:40.412+0000] {logging_mixin.py:190} INFO - [2024-09-22T23:34:40.412+0000] {dagbag.py:587} INFO - Filling up the DagBag from /home/airflow/.local/lib/python3.12/site-packages/airflow/example_dags/example_display_name.py
[2024-09-22T23:34:40.429+0000] {processor.py:925} INFO - DAG(s) 'example_display_name' retrieved from /home/airflow/.local/lib/python3.12/site-packages/airflow/example_dags/example_display_name.py
[2024-09-22T23:34:40.459+0000] {logging_mixin.py:190} INFO - [2024-09-22T23:34:40.458+0000] {dag.py:3229} INFO - Sync 1 DAGs
[2024-09-22T23:34:40.479+0000] {logging_mixin.py:190} INFO - [2024-09-22T23:34:40.479+0000] {dag.py:4156} INFO - Setting next_dagrun for example_display_name to None, run_after=None
[2024-09-22T23:34:40.502+0000] {processor.py:208} INFO - Processing /home/airflow/.local/lib/python3.12/site-packages/airflow/example_dags/example_display_name.py took 0.104 seconds
[2024-09-22T23:35:11.523+0000] {processor.py:186} INFO - Started process (PID=1170) to work on /home/airflow/.local/lib/python3.12/site-packages/airflow/example_dags/example_display_name.py
[2024-09-22T23:35:11.524+0000] {processor.py:914} INFO - Processing file /home/airflow/.local/lib/python3.12/site-packages/airflow/example_dags/example_display_name.py for tasks to queue
[2024-09-22T23:35:11.528+0000] {logging_mixin.py:190} INFO - [2024-09-22T23:35:11.528+0000] {dagbag.py:587} INFO - Filling up the DagBag from /home/airflow/.local/lib/python3.12/site-packages/airflow/example_dags/example_display_name.py
[2024-09-22T23:35:11.546+0000] {processor.py:925} INFO - DAG(s) 'example_display_name' retrieved from /home/airflow/.local/lib/python3.12/site-packages/airflow/example_dags/example_display_name.py
[2024-09-22T23:35:11.578+0000] {logging_mixin.py:190} INFO - [2024-09-22T23:35:11.578+0000] {dag.py:3229} INFO - Sync 1 DAGs
[2024-09-22T23:35:11.610+0000] {logging_mixin.py:190} INFO - [2024-09-22T23:35:11.609+0000] {dag.py:4156} INFO - Setting next_dagrun for example_display_name to None, run_after=None
[2024-09-22T23:35:11.641+0000] {processor.py:208} INFO - Processing /home/airflow/.local/lib/python3.12/site-packages/airflow/example_dags/example_display_name.py took 0.131 seconds
[2024-09-22T23:35:42.893+0000] {processor.py:186} INFO - Started process (PID=1233) to work on /home/airflow/.local/lib/python3.12/site-packages/airflow/example_dags/example_display_name.py
[2024-09-22T23:35:42.895+0000] {processor.py:914} INFO - Processing file /home/airflow/.local/lib/python3.12/site-packages/airflow/example_dags/example_display_name.py for tasks to queue
[2024-09-22T23:35:42.899+0000] {logging_mixin.py:190} INFO - [2024-09-22T23:35:42.898+0000] {dagbag.py:587} INFO - Filling up the DagBag from /home/airflow/.local/lib/python3.12/site-packages/airflow/example_dags/example_display_name.py
[2024-09-22T23:35:42.914+0000] {processor.py:925} INFO - DAG(s) 'example_display_name' retrieved from /home/airflow/.local/lib/python3.12/site-packages/airflow/example_dags/example_display_name.py
[2024-09-22T23:35:42.942+0000] {logging_mixin.py:190} INFO - [2024-09-22T23:35:42.942+0000] {dag.py:3229} INFO - Sync 1 DAGs
[2024-09-22T23:35:42.963+0000] {logging_mixin.py:190} INFO - [2024-09-22T23:35:42.962+0000] {dag.py:4156} INFO - Setting next_dagrun for example_display_name to None, run_after=None
[2024-09-22T23:35:42.990+0000] {processor.py:208} INFO - Processing /home/airflow/.local/lib/python3.12/site-packages/airflow/example_dags/example_display_name.py took 0.105 seconds
[2024-09-22T23:36:14.255+0000] {processor.py:186} INFO - Started process (PID=1296) to work on /home/airflow/.local/lib/python3.12/site-packages/airflow/example_dags/example_display_name.py
[2024-09-22T23:36:14.257+0000] {processor.py:914} INFO - Processing file /home/airflow/.local/lib/python3.12/site-packages/airflow/example_dags/example_display_name.py for tasks to queue
[2024-09-22T23:36:14.260+0000] {logging_mixin.py:190} INFO - [2024-09-22T23:36:14.259+0000] {dagbag.py:587} INFO - Filling up the DagBag from /home/airflow/.local/lib/python3.12/site-packages/airflow/example_dags/example_display_name.py
[2024-09-22T23:36:14.276+0000] {processor.py:925} INFO - DAG(s) 'example_display_name' retrieved from /home/airflow/.local/lib/python3.12/site-packages/airflow/example_dags/example_display_name.py
[2024-09-22T23:36:14.303+0000] {logging_mixin.py:190} INFO - [2024-09-22T23:36:14.302+0000] {dag.py:3229} INFO - Sync 1 DAGs
[2024-09-22T23:36:14.322+0000] {logging_mixin.py:190} INFO - [2024-09-22T23:36:14.322+0000] {dag.py:4156} INFO - Setting next_dagrun for example_display_name to None, run_after=None
[2024-09-22T23:36:14.345+0000] {processor.py:208} INFO - Processing /home/airflow/.local/lib/python3.12/site-packages/airflow/example_dags/example_display_name.py took 0.099 seconds
[2024-09-22T23:36:45.247+0000] {processor.py:186} INFO - Started process (PID=1359) to work on /home/airflow/.local/lib/python3.12/site-packages/airflow/example_dags/example_display_name.py
[2024-09-22T23:36:45.250+0000] {processor.py:914} INFO - Processing file /home/airflow/.local/lib/python3.12/site-packages/airflow/example_dags/example_display_name.py for tasks to queue
[2024-09-22T23:36:45.254+0000] {logging_mixin.py:190} INFO - [2024-09-22T23:36:45.254+0000] {dagbag.py:587} INFO - Filling up the DagBag from /home/airflow/.local/lib/python3.12/site-packages/airflow/example_dags/example_display_name.py
[2024-09-22T23:36:45.277+0000] {processor.py:925} INFO - DAG(s) 'example_display_name' retrieved from /home/airflow/.local/lib/python3.12/site-packages/airflow/example_dags/example_display_name.py
[2024-09-22T23:36:45.315+0000] {logging_mixin.py:190} INFO - [2024-09-22T23:36:45.314+0000] {dag.py:3229} INFO - Sync 1 DAGs
[2024-09-22T23:36:45.346+0000] {logging_mixin.py:190} INFO - [2024-09-22T23:36:45.345+0000] {dag.py:4156} INFO - Setting next_dagrun for example_display_name to None, run_after=None
[2024-09-22T23:36:45.368+0000] {processor.py:208} INFO - Processing /home/airflow/.local/lib/python3.12/site-packages/airflow/example_dags/example_display_name.py took 0.133 seconds
[2024-09-22T23:37:16.752+0000] {processor.py:186} INFO - Started process (PID=1422) to work on /home/airflow/.local/lib/python3.12/site-packages/airflow/example_dags/example_display_name.py
[2024-09-22T23:37:16.754+0000] {processor.py:914} INFO - Processing file /home/airflow/.local/lib/python3.12/site-packages/airflow/example_dags/example_display_name.py for tasks to queue
[2024-09-22T23:37:16.758+0000] {logging_mixin.py:190} INFO - [2024-09-22T23:37:16.757+0000] {dagbag.py:587} INFO - Filling up the DagBag from /home/airflow/.local/lib/python3.12/site-packages/airflow/example_dags/example_display_name.py
[2024-09-22T23:37:16.780+0000] {processor.py:925} INFO - DAG(s) 'example_display_name' retrieved from /home/airflow/.local/lib/python3.12/site-packages/airflow/example_dags/example_display_name.py
[2024-09-22T23:37:16.814+0000] {logging_mixin.py:190} INFO - [2024-09-22T23:37:16.814+0000] {dag.py:3229} INFO - Sync 1 DAGs
[2024-09-22T23:37:16.843+0000] {logging_mixin.py:190} INFO - [2024-09-22T23:37:16.843+0000] {dag.py:4156} INFO - Setting next_dagrun for example_display_name to None, run_after=None
[2024-09-22T23:37:16.874+0000] {processor.py:208} INFO - Processing /home/airflow/.local/lib/python3.12/site-packages/airflow/example_dags/example_display_name.py took 0.135 seconds
[2024-09-22T23:37:48.152+0000] {processor.py:186} INFO - Started process (PID=1485) to work on /home/airflow/.local/lib/python3.12/site-packages/airflow/example_dags/example_display_name.py
[2024-09-22T23:37:48.154+0000] {processor.py:914} INFO - Processing file /home/airflow/.local/lib/python3.12/site-packages/airflow/example_dags/example_display_name.py for tasks to queue
[2024-09-22T23:37:48.157+0000] {logging_mixin.py:190} INFO - [2024-09-22T23:37:48.157+0000] {dagbag.py:587} INFO - Filling up the DagBag from /home/airflow/.local/lib/python3.12/site-packages/airflow/example_dags/example_display_name.py
[2024-09-22T23:37:48.173+0000] {processor.py:925} INFO - DAG(s) 'example_display_name' retrieved from /home/airflow/.local/lib/python3.12/site-packages/airflow/example_dags/example_display_name.py
[2024-09-22T23:37:48.205+0000] {logging_mixin.py:190} INFO - [2024-09-22T23:37:48.204+0000] {dag.py:3229} INFO - Sync 1 DAGs
[2024-09-22T23:37:48.225+0000] {logging_mixin.py:190} INFO - [2024-09-22T23:37:48.225+0000] {dag.py:4156} INFO - Setting next_dagrun for example_display_name to None, run_after=None
[2024-09-22T23:37:48.248+0000] {processor.py:208} INFO - Processing /home/airflow/.local/lib/python3.12/site-packages/airflow/example_dags/example_display_name.py took 0.108 seconds
[2024-09-22T23:38:19.398+0000] {processor.py:186} INFO - Started process (PID=1548) to work on /home/airflow/.local/lib/python3.12/site-packages/airflow/example_dags/example_display_name.py
[2024-09-22T23:38:19.399+0000] {processor.py:914} INFO - Processing file /home/airflow/.local/lib/python3.12/site-packages/airflow/example_dags/example_display_name.py for tasks to queue
[2024-09-22T23:38:19.402+0000] {logging_mixin.py:190} INFO - [2024-09-22T23:38:19.402+0000] {dagbag.py:587} INFO - Filling up the DagBag from /home/airflow/.local/lib/python3.12/site-packages/airflow/example_dags/example_display_name.py
[2024-09-22T23:38:19.418+0000] {processor.py:925} INFO - DAG(s) 'example_display_name' retrieved from /home/airflow/.local/lib/python3.12/site-packages/airflow/example_dags/example_display_name.py
[2024-09-22T23:38:19.445+0000] {logging_mixin.py:190} INFO - [2024-09-22T23:38:19.445+0000] {dag.py:3229} INFO - Sync 1 DAGs
[2024-09-22T23:38:19.464+0000] {logging_mixin.py:190} INFO - [2024-09-22T23:38:19.464+0000] {dag.py:4156} INFO - Setting next_dagrun for example_display_name to None, run_after=None
[2024-09-22T23:38:19.488+0000] {processor.py:208} INFO - Processing /home/airflow/.local/lib/python3.12/site-packages/airflow/example_dags/example_display_name.py took 0.100 seconds
[2024-09-22T23:38:50.160+0000] {processor.py:186} INFO - Started process (PID=1611) to work on /home/airflow/.local/lib/python3.12/site-packages/airflow/example_dags/example_display_name.py
[2024-09-22T23:38:50.162+0000] {processor.py:914} INFO - Processing file /home/airflow/.local/lib/python3.12/site-packages/airflow/example_dags/example_display_name.py for tasks to queue
[2024-09-22T23:38:50.166+0000] {logging_mixin.py:190} INFO - [2024-09-22T23:38:50.165+0000] {dagbag.py:587} INFO - Filling up the DagBag from /home/airflow/.local/lib/python3.12/site-packages/airflow/example_dags/example_display_name.py
[2024-09-22T23:38:50.181+0000] {processor.py:925} INFO - DAG(s) 'example_display_name' retrieved from /home/airflow/.local/lib/python3.12/site-packages/airflow/example_dags/example_display_name.py
[2024-09-22T23:38:50.209+0000] {logging_mixin.py:190} INFO - [2024-09-22T23:38:50.209+0000] {dag.py:3229} INFO - Sync 1 DAGs
[2024-09-22T23:38:50.229+0000] {logging_mixin.py:190} INFO - [2024-09-22T23:38:50.228+0000] {dag.py:4156} INFO - Setting next_dagrun for example_display_name to None, run_after=None
[2024-09-22T23:38:50.254+0000] {processor.py:208} INFO - Processing /home/airflow/.local/lib/python3.12/site-packages/airflow/example_dags/example_display_name.py took 0.104 seconds
[2024-09-22T23:39:20.995+0000] {processor.py:186} INFO - Started process (PID=1674) to work on /home/airflow/.local/lib/python3.12/site-packages/airflow/example_dags/example_display_name.py
[2024-09-22T23:39:20.996+0000] {processor.py:914} INFO - Processing file /home/airflow/.local/lib/python3.12/site-packages/airflow/example_dags/example_display_name.py for tasks to queue
[2024-09-22T23:39:20.999+0000] {logging_mixin.py:190} INFO - [2024-09-22T23:39:20.999+0000] {dagbag.py:587} INFO - Filling up the DagBag from /home/airflow/.local/lib/python3.12/site-packages/airflow/example_dags/example_display_name.py
[2024-09-22T23:39:21.022+0000] {processor.py:925} INFO - DAG(s) 'example_display_name' retrieved from /home/airflow/.local/lib/python3.12/site-packages/airflow/example_dags/example_display_name.py
[2024-09-22T23:39:21.053+0000] {logging_mixin.py:190} INFO - [2024-09-22T23:39:21.053+0000] {dag.py:3229} INFO - Sync 1 DAGs
[2024-09-22T23:39:21.075+0000] {logging_mixin.py:190} INFO - [2024-09-22T23:39:21.075+0000] {dag.py:4156} INFO - Setting next_dagrun for example_display_name to None, run_after=None
[2024-09-22T23:39:21.103+0000] {processor.py:208} INFO - Processing /home/airflow/.local/lib/python3.12/site-packages/airflow/example_dags/example_display_name.py took 0.117 seconds
[2024-09-22T23:39:52.150+0000] {processor.py:186} INFO - Started process (PID=1737) to work on /home/airflow/.local/lib/python3.12/site-packages/airflow/example_dags/example_display_name.py
[2024-09-22T23:39:52.153+0000] {processor.py:914} INFO - Processing file /home/airflow/.local/lib/python3.12/site-packages/airflow/example_dags/example_display_name.py for tasks to queue
[2024-09-22T23:39:52.158+0000] {logging_mixin.py:190} INFO - [2024-09-22T23:39:52.157+0000] {dagbag.py:587} INFO - Filling up the DagBag from /home/airflow/.local/lib/python3.12/site-packages/airflow/example_dags/example_display_name.py
[2024-09-22T23:39:52.177+0000] {processor.py:925} INFO - DAG(s) 'example_display_name' retrieved from /home/airflow/.local/lib/python3.12/site-packages/airflow/example_dags/example_display_name.py
[2024-09-22T23:39:52.203+0000] {logging_mixin.py:190} INFO - [2024-09-22T23:39:52.202+0000] {dag.py:3229} INFO - Sync 1 DAGs
[2024-09-22T23:39:52.222+0000] {logging_mixin.py:190} INFO - [2024-09-22T23:39:52.221+0000] {dag.py:4156} INFO - Setting next_dagrun for example_display_name to None, run_after=None
[2024-09-22T23:39:52.249+0000] {processor.py:208} INFO - Processing /home/airflow/.local/lib/python3.12/site-packages/airflow/example_dags/example_display_name.py took 0.109 seconds
[2024-09-22T23:40:23.526+0000] {processor.py:186} INFO - Started process (PID=1801) to work on /home/airflow/.local/lib/python3.12/site-packages/airflow/example_dags/example_display_name.py
[2024-09-22T23:40:23.529+0000] {processor.py:914} INFO - Processing file /home/airflow/.local/lib/python3.12/site-packages/airflow/example_dags/example_display_name.py for tasks to queue
[2024-09-22T23:40:23.533+0000] {logging_mixin.py:190} INFO - [2024-09-22T23:40:23.532+0000] {dagbag.py:587} INFO - Filling up the DagBag from /home/airflow/.local/lib/python3.12/site-packages/airflow/example_dags/example_display_name.py
[2024-09-22T23:40:23.554+0000] {processor.py:925} INFO - DAG(s) 'example_display_name' retrieved from /home/airflow/.local/lib/python3.12/site-packages/airflow/example_dags/example_display_name.py
[2024-09-22T23:40:23.581+0000] {logging_mixin.py:190} INFO - [2024-09-22T23:40:23.580+0000] {dag.py:3229} INFO - Sync 1 DAGs
[2024-09-22T23:40:23.601+0000] {logging_mixin.py:190} INFO - [2024-09-22T23:40:23.601+0000] {dag.py:4156} INFO - Setting next_dagrun for example_display_name to None, run_after=None
[2024-09-22T23:40:23.631+0000] {processor.py:208} INFO - Processing /home/airflow/.local/lib/python3.12/site-packages/airflow/example_dags/example_display_name.py took 0.116 seconds
[2024-09-22T23:40:54.854+0000] {processor.py:186} INFO - Started process (PID=1864) to work on /home/airflow/.local/lib/python3.12/site-packages/airflow/example_dags/example_display_name.py
[2024-09-22T23:40:54.855+0000] {processor.py:914} INFO - Processing file /home/airflow/.local/lib/python3.12/site-packages/airflow/example_dags/example_display_name.py for tasks to queue
[2024-09-22T23:40:54.859+0000] {logging_mixin.py:190} INFO - [2024-09-22T23:40:54.858+0000] {dagbag.py:587} INFO - Filling up the DagBag from /home/airflow/.local/lib/python3.12/site-packages/airflow/example_dags/example_display_name.py
[2024-09-22T23:40:54.875+0000] {processor.py:925} INFO - DAG(s) 'example_display_name' retrieved from /home/airflow/.local/lib/python3.12/site-packages/airflow/example_dags/example_display_name.py
[2024-09-22T23:40:54.908+0000] {logging_mixin.py:190} INFO - [2024-09-22T23:40:54.907+0000] {dag.py:3229} INFO - Sync 1 DAGs
[2024-09-22T23:40:54.936+0000] {logging_mixin.py:190} INFO - [2024-09-22T23:40:54.935+0000] {dag.py:4156} INFO - Setting next_dagrun for example_display_name to None, run_after=None
[2024-09-22T23:40:54.959+0000] {processor.py:208} INFO - Processing /home/airflow/.local/lib/python3.12/site-packages/airflow/example_dags/example_display_name.py took 0.114 seconds
[2024-09-22T23:41:26.022+0000] {processor.py:186} INFO - Started process (PID=1929) to work on /home/airflow/.local/lib/python3.12/site-packages/airflow/example_dags/example_display_name.py
[2024-09-22T23:41:26.024+0000] {processor.py:914} INFO - Processing file /home/airflow/.local/lib/python3.12/site-packages/airflow/example_dags/example_display_name.py for tasks to queue
[2024-09-22T23:41:26.027+0000] {logging_mixin.py:190} INFO - [2024-09-22T23:41:26.027+0000] {dagbag.py:587} INFO - Filling up the DagBag from /home/airflow/.local/lib/python3.12/site-packages/airflow/example_dags/example_display_name.py
[2024-09-22T23:41:26.047+0000] {processor.py:925} INFO - DAG(s) 'example_display_name' retrieved from /home/airflow/.local/lib/python3.12/site-packages/airflow/example_dags/example_display_name.py
[2024-09-22T23:41:26.078+0000] {logging_mixin.py:190} INFO - [2024-09-22T23:41:26.078+0000] {dag.py:3229} INFO - Sync 1 DAGs
[2024-09-22T23:41:26.097+0000] {logging_mixin.py:190} INFO - [2024-09-22T23:41:26.097+0000] {dag.py:4156} INFO - Setting next_dagrun for example_display_name to None, run_after=None
[2024-09-22T23:41:26.120+0000] {processor.py:208} INFO - Processing /home/airflow/.local/lib/python3.12/site-packages/airflow/example_dags/example_display_name.py took 0.107 seconds
[2024-09-22T23:41:57.525+0000] {processor.py:186} INFO - Started process (PID=1994) to work on /home/airflow/.local/lib/python3.12/site-packages/airflow/example_dags/example_display_name.py
[2024-09-22T23:41:57.527+0000] {processor.py:914} INFO - Processing file /home/airflow/.local/lib/python3.12/site-packages/airflow/example_dags/example_display_name.py for tasks to queue
[2024-09-22T23:41:57.530+0000] {logging_mixin.py:190} INFO - [2024-09-22T23:41:57.530+0000] {dagbag.py:587} INFO - Filling up the DagBag from /home/airflow/.local/lib/python3.12/site-packages/airflow/example_dags/example_display_name.py
[2024-09-22T23:41:57.546+0000] {processor.py:925} INFO - DAG(s) 'example_display_name' retrieved from /home/airflow/.local/lib/python3.12/site-packages/airflow/example_dags/example_display_name.py
[2024-09-22T23:41:57.575+0000] {logging_mixin.py:190} INFO - [2024-09-22T23:41:57.574+0000] {dag.py:3229} INFO - Sync 1 DAGs
[2024-09-22T23:41:57.887+0000] {logging_mixin.py:190} INFO - [2024-09-22T23:41:57.887+0000] {dag.py:4156} INFO - Setting next_dagrun for example_display_name to None, run_after=None
[2024-09-22T23:41:57.910+0000] {processor.py:208} INFO - Processing /home/airflow/.local/lib/python3.12/site-packages/airflow/example_dags/example_display_name.py took 0.393 seconds
[2024-09-22T23:42:28.787+0000] {processor.py:186} INFO - Started process (PID=2057) to work on /home/airflow/.local/lib/python3.12/site-packages/airflow/example_dags/example_display_name.py
[2024-09-22T23:42:28.789+0000] {processor.py:914} INFO - Processing file /home/airflow/.local/lib/python3.12/site-packages/airflow/example_dags/example_display_name.py for tasks to queue
[2024-09-22T23:42:28.794+0000] {logging_mixin.py:190} INFO - [2024-09-22T23:42:28.793+0000] {dagbag.py:587} INFO - Filling up the DagBag from /home/airflow/.local/lib/python3.12/site-packages/airflow/example_dags/example_display_name.py
[2024-09-22T23:42:28.811+0000] {processor.py:925} INFO - DAG(s) 'example_display_name' retrieved from /home/airflow/.local/lib/python3.12/site-packages/airflow/example_dags/example_display_name.py
[2024-09-22T23:42:28.844+0000] {logging_mixin.py:190} INFO - [2024-09-22T23:42:28.844+0000] {dag.py:3229} INFO - Sync 1 DAGs
[2024-09-22T23:42:28.865+0000] {logging_mixin.py:190} INFO - [2024-09-22T23:42:28.865+0000] {dag.py:4156} INFO - Setting next_dagrun for example_display_name to None, run_after=None
[2024-09-22T23:42:28.890+0000] {processor.py:208} INFO - Processing /home/airflow/.local/lib/python3.12/site-packages/airflow/example_dags/example_display_name.py took 0.113 seconds
[2024-09-22T23:42:59.409+0000] {processor.py:186} INFO - Started process (PID=2120) to work on /home/airflow/.local/lib/python3.12/site-packages/airflow/example_dags/example_display_name.py
[2024-09-22T23:42:59.416+0000] {processor.py:914} INFO - Processing file /home/airflow/.local/lib/python3.12/site-packages/airflow/example_dags/example_display_name.py for tasks to queue
[2024-09-22T23:42:59.426+0000] {logging_mixin.py:190} INFO - [2024-09-22T23:42:59.424+0000] {dagbag.py:587} INFO - Filling up the DagBag from /home/airflow/.local/lib/python3.12/site-packages/airflow/example_dags/example_display_name.py
[2024-09-22T23:42:59.461+0000] {processor.py:925} INFO - DAG(s) 'example_display_name' retrieved from /home/airflow/.local/lib/python3.12/site-packages/airflow/example_dags/example_display_name.py
[2024-09-22T23:42:59.537+0000] {logging_mixin.py:190} INFO - [2024-09-22T23:42:59.536+0000] {dag.py:3229} INFO - Sync 1 DAGs
[2024-09-22T23:42:59.581+0000] {logging_mixin.py:190} INFO - [2024-09-22T23:42:59.580+0000] {dag.py:4156} INFO - Setting next_dagrun for example_display_name to None, run_after=None
[2024-09-22T23:42:59.641+0000] {processor.py:208} INFO - Processing /home/airflow/.local/lib/python3.12/site-packages/airflow/example_dags/example_display_name.py took 0.254 seconds
[2024-09-22T23:43:30.243+0000] {processor.py:186} INFO - Started process (PID=2184) to work on /home/airflow/.local/lib/python3.12/site-packages/airflow/example_dags/example_display_name.py
[2024-09-22T23:43:30.245+0000] {processor.py:914} INFO - Processing file /home/airflow/.local/lib/python3.12/site-packages/airflow/example_dags/example_display_name.py for tasks to queue
[2024-09-22T23:43:30.250+0000] {logging_mixin.py:190} INFO - [2024-09-22T23:43:30.249+0000] {dagbag.py:587} INFO - Filling up the DagBag from /home/airflow/.local/lib/python3.12/site-packages/airflow/example_dags/example_display_name.py
[2024-09-22T23:43:30.269+0000] {processor.py:925} INFO - DAG(s) 'example_display_name' retrieved from /home/airflow/.local/lib/python3.12/site-packages/airflow/example_dags/example_display_name.py
[2024-09-22T23:43:30.304+0000] {logging_mixin.py:190} INFO - [2024-09-22T23:43:30.303+0000] {dag.py:3229} INFO - Sync 1 DAGs
[2024-09-22T23:43:30.328+0000] {logging_mixin.py:190} INFO - [2024-09-22T23:43:30.328+0000] {dag.py:4156} INFO - Setting next_dagrun for example_display_name to None, run_after=None
[2024-09-22T23:43:30.355+0000] {processor.py:208} INFO - Processing /home/airflow/.local/lib/python3.12/site-packages/airflow/example_dags/example_display_name.py took 0.125 seconds
[2024-09-22T23:44:00.789+0000] {processor.py:186} INFO - Started process (PID=2247) to work on /home/airflow/.local/lib/python3.12/site-packages/airflow/example_dags/example_display_name.py
[2024-09-22T23:44:00.790+0000] {processor.py:914} INFO - Processing file /home/airflow/.local/lib/python3.12/site-packages/airflow/example_dags/example_display_name.py for tasks to queue
[2024-09-22T23:44:00.794+0000] {logging_mixin.py:190} INFO - [2024-09-22T23:44:00.793+0000] {dagbag.py:587} INFO - Filling up the DagBag from /home/airflow/.local/lib/python3.12/site-packages/airflow/example_dags/example_display_name.py
[2024-09-22T23:44:00.813+0000] {processor.py:925} INFO - DAG(s) 'example_display_name' retrieved from /home/airflow/.local/lib/python3.12/site-packages/airflow/example_dags/example_display_name.py
[2024-09-22T23:44:00.849+0000] {logging_mixin.py:190} INFO - [2024-09-22T23:44:00.848+0000] {dag.py:3229} INFO - Sync 1 DAGs
[2024-09-22T23:44:00.869+0000] {logging_mixin.py:190} INFO - [2024-09-22T23:44:00.868+0000] {dag.py:4156} INFO - Setting next_dagrun for example_display_name to None, run_after=None
[2024-09-22T23:44:00.897+0000] {processor.py:208} INFO - Processing /home/airflow/.local/lib/python3.12/site-packages/airflow/example_dags/example_display_name.py took 0.118 seconds
[2024-09-22T23:46:58.098+0000] {processor.py:186} INFO - Started process (PID=105) to work on /home/airflow/.local/lib/python3.12/site-packages/airflow/example_dags/example_display_name.py
[2024-09-22T23:46:58.100+0000] {processor.py:914} INFO - Processing file /home/airflow/.local/lib/python3.12/site-packages/airflow/example_dags/example_display_name.py for tasks to queue
[2024-09-22T23:46:58.104+0000] {logging_mixin.py:190} INFO - [2024-09-22T23:46:58.103+0000] {dagbag.py:587} INFO - Filling up the DagBag from /home/airflow/.local/lib/python3.12/site-packages/airflow/example_dags/example_display_name.py
[2024-09-22T23:46:58.120+0000] {processor.py:925} INFO - DAG(s) 'example_display_name' retrieved from /home/airflow/.local/lib/python3.12/site-packages/airflow/example_dags/example_display_name.py
[2024-09-22T23:46:58.149+0000] {logging_mixin.py:190} INFO - [2024-09-22T23:46:58.149+0000] {dag.py:3229} INFO - Sync 1 DAGs
[2024-09-22T23:46:58.170+0000] {logging_mixin.py:190} INFO - [2024-09-22T23:46:58.169+0000] {dag.py:4156} INFO - Setting next_dagrun for example_display_name to None, run_after=None
[2024-09-22T23:46:58.196+0000] {processor.py:208} INFO - Processing /home/airflow/.local/lib/python3.12/site-packages/airflow/example_dags/example_display_name.py took 0.108 seconds
[2024-09-22T23:47:28.386+0000] {processor.py:186} INFO - Started process (PID=167) to work on /home/airflow/.local/lib/python3.12/site-packages/airflow/example_dags/example_display_name.py
[2024-09-22T23:47:28.387+0000] {processor.py:914} INFO - Processing file /home/airflow/.local/lib/python3.12/site-packages/airflow/example_dags/example_display_name.py for tasks to queue
[2024-09-22T23:47:28.390+0000] {logging_mixin.py:190} INFO - [2024-09-22T23:47:28.390+0000] {dagbag.py:587} INFO - Filling up the DagBag from /home/airflow/.local/lib/python3.12/site-packages/airflow/example_dags/example_display_name.py
[2024-09-22T23:47:28.406+0000] {processor.py:925} INFO - DAG(s) 'example_display_name' retrieved from /home/airflow/.local/lib/python3.12/site-packages/airflow/example_dags/example_display_name.py
[2024-09-22T23:47:28.432+0000] {logging_mixin.py:190} INFO - [2024-09-22T23:47:28.431+0000] {dag.py:3229} INFO - Sync 1 DAGs
[2024-09-22T23:47:28.451+0000] {logging_mixin.py:190} INFO - [2024-09-22T23:47:28.450+0000] {dag.py:4156} INFO - Setting next_dagrun for example_display_name to None, run_after=None
[2024-09-22T23:47:28.474+0000] {processor.py:208} INFO - Processing /home/airflow/.local/lib/python3.12/site-packages/airflow/example_dags/example_display_name.py took 0.098 seconds
[2024-09-22T23:47:58.873+0000] {processor.py:186} INFO - Started process (PID=230) to work on /home/airflow/.local/lib/python3.12/site-packages/airflow/example_dags/example_display_name.py
[2024-09-22T23:47:58.875+0000] {processor.py:914} INFO - Processing file /home/airflow/.local/lib/python3.12/site-packages/airflow/example_dags/example_display_name.py for tasks to queue
[2024-09-22T23:47:58.878+0000] {logging_mixin.py:190} INFO - [2024-09-22T23:47:58.878+0000] {dagbag.py:587} INFO - Filling up the DagBag from /home/airflow/.local/lib/python3.12/site-packages/airflow/example_dags/example_display_name.py
[2024-09-22T23:47:58.895+0000] {processor.py:925} INFO - DAG(s) 'example_display_name' retrieved from /home/airflow/.local/lib/python3.12/site-packages/airflow/example_dags/example_display_name.py
[2024-09-22T23:47:58.922+0000] {logging_mixin.py:190} INFO - [2024-09-22T23:47:58.921+0000] {dag.py:3229} INFO - Sync 1 DAGs
[2024-09-22T23:47:58.941+0000] {logging_mixin.py:190} INFO - [2024-09-22T23:47:58.941+0000] {dag.py:4156} INFO - Setting next_dagrun for example_display_name to None, run_after=None
[2024-09-22T23:47:58.965+0000] {processor.py:208} INFO - Processing /home/airflow/.local/lib/python3.12/site-packages/airflow/example_dags/example_display_name.py took 0.102 seconds
[2024-09-22T23:48:29.395+0000] {processor.py:186} INFO - Started process (PID=293) to work on /home/airflow/.local/lib/python3.12/site-packages/airflow/example_dags/example_display_name.py
[2024-09-22T23:48:29.396+0000] {processor.py:914} INFO - Processing file /home/airflow/.local/lib/python3.12/site-packages/airflow/example_dags/example_display_name.py for tasks to queue
[2024-09-22T23:48:29.399+0000] {logging_mixin.py:190} INFO - [2024-09-22T23:48:29.399+0000] {dagbag.py:587} INFO - Filling up the DagBag from /home/airflow/.local/lib/python3.12/site-packages/airflow/example_dags/example_display_name.py
[2024-09-22T23:48:29.416+0000] {processor.py:925} INFO - DAG(s) 'example_display_name' retrieved from /home/airflow/.local/lib/python3.12/site-packages/airflow/example_dags/example_display_name.py
[2024-09-22T23:48:29.443+0000] {logging_mixin.py:190} INFO - [2024-09-22T23:48:29.442+0000] {dag.py:3229} INFO - Sync 1 DAGs
[2024-09-22T23:48:29.463+0000] {logging_mixin.py:190} INFO - [2024-09-22T23:48:29.463+0000] {dag.py:4156} INFO - Setting next_dagrun for example_display_name to None, run_after=None
[2024-09-22T23:48:29.487+0000] {processor.py:208} INFO - Processing /home/airflow/.local/lib/python3.12/site-packages/airflow/example_dags/example_display_name.py took 0.101 seconds
[2024-09-22T23:49:00.166+0000] {processor.py:186} INFO - Started process (PID=356) to work on /home/airflow/.local/lib/python3.12/site-packages/airflow/example_dags/example_display_name.py
[2024-09-22T23:49:00.168+0000] {processor.py:914} INFO - Processing file /home/airflow/.local/lib/python3.12/site-packages/airflow/example_dags/example_display_name.py for tasks to queue
[2024-09-22T23:49:00.171+0000] {logging_mixin.py:190} INFO - [2024-09-22T23:49:00.171+0000] {dagbag.py:587} INFO - Filling up the DagBag from /home/airflow/.local/lib/python3.12/site-packages/airflow/example_dags/example_display_name.py
[2024-09-22T23:49:00.189+0000] {processor.py:925} INFO - DAG(s) 'example_display_name' retrieved from /home/airflow/.local/lib/python3.12/site-packages/airflow/example_dags/example_display_name.py
[2024-09-22T23:49:00.219+0000] {logging_mixin.py:190} INFO - [2024-09-22T23:49:00.218+0000] {dag.py:3229} INFO - Sync 1 DAGs
[2024-09-22T23:49:00.239+0000] {logging_mixin.py:190} INFO - [2024-09-22T23:49:00.239+0000] {dag.py:4156} INFO - Setting next_dagrun for example_display_name to None, run_after=None
[2024-09-22T23:49:00.264+0000] {processor.py:208} INFO - Processing /home/airflow/.local/lib/python3.12/site-packages/airflow/example_dags/example_display_name.py took 0.108 seconds
[2024-09-22T23:49:31.226+0000] {processor.py:186} INFO - Started process (PID=419) to work on /home/airflow/.local/lib/python3.12/site-packages/airflow/example_dags/example_display_name.py
[2024-09-22T23:49:31.227+0000] {processor.py:914} INFO - Processing file /home/airflow/.local/lib/python3.12/site-packages/airflow/example_dags/example_display_name.py for tasks to queue
[2024-09-22T23:49:31.231+0000] {logging_mixin.py:190} INFO - [2024-09-22T23:49:31.230+0000] {dagbag.py:587} INFO - Filling up the DagBag from /home/airflow/.local/lib/python3.12/site-packages/airflow/example_dags/example_display_name.py
[2024-09-22T23:49:31.250+0000] {processor.py:925} INFO - DAG(s) 'example_display_name' retrieved from /home/airflow/.local/lib/python3.12/site-packages/airflow/example_dags/example_display_name.py
[2024-09-22T23:49:31.279+0000] {logging_mixin.py:190} INFO - [2024-09-22T23:49:31.278+0000] {dag.py:3229} INFO - Sync 1 DAGs
[2024-09-22T23:49:31.301+0000] {logging_mixin.py:190} INFO - [2024-09-22T23:49:31.301+0000] {dag.py:4156} INFO - Setting next_dagrun for example_display_name to None, run_after=None
[2024-09-22T23:49:31.328+0000] {processor.py:208} INFO - Processing /home/airflow/.local/lib/python3.12/site-packages/airflow/example_dags/example_display_name.py took 0.111 seconds
[2024-09-22T23:50:01.844+0000] {processor.py:186} INFO - Started process (PID=482) to work on /home/airflow/.local/lib/python3.12/site-packages/airflow/example_dags/example_display_name.py
[2024-09-22T23:50:01.847+0000] {processor.py:914} INFO - Processing file /home/airflow/.local/lib/python3.12/site-packages/airflow/example_dags/example_display_name.py for tasks to queue
[2024-09-22T23:50:01.851+0000] {logging_mixin.py:190} INFO - [2024-09-22T23:50:01.850+0000] {dagbag.py:587} INFO - Filling up the DagBag from /home/airflow/.local/lib/python3.12/site-packages/airflow/example_dags/example_display_name.py
[2024-09-22T23:50:01.870+0000] {processor.py:925} INFO - DAG(s) 'example_display_name' retrieved from /home/airflow/.local/lib/python3.12/site-packages/airflow/example_dags/example_display_name.py
[2024-09-22T23:50:01.909+0000] {logging_mixin.py:190} INFO - [2024-09-22T23:50:01.909+0000] {dag.py:3229} INFO - Sync 1 DAGs
[2024-09-22T23:50:01.941+0000] {logging_mixin.py:190} INFO - [2024-09-22T23:50:01.940+0000] {dag.py:4156} INFO - Setting next_dagrun for example_display_name to None, run_after=None
[2024-09-22T23:50:01.980+0000] {processor.py:208} INFO - Processing /home/airflow/.local/lib/python3.12/site-packages/airflow/example_dags/example_display_name.py took 0.148 seconds
[2024-09-22T23:50:33.034+0000] {processor.py:186} INFO - Started process (PID=545) to work on /home/airflow/.local/lib/python3.12/site-packages/airflow/example_dags/example_display_name.py
[2024-09-22T23:50:33.036+0000] {processor.py:914} INFO - Processing file /home/airflow/.local/lib/python3.12/site-packages/airflow/example_dags/example_display_name.py for tasks to queue
[2024-09-22T23:50:33.039+0000] {logging_mixin.py:190} INFO - [2024-09-22T23:50:33.039+0000] {dagbag.py:587} INFO - Filling up the DagBag from /home/airflow/.local/lib/python3.12/site-packages/airflow/example_dags/example_display_name.py
[2024-09-22T23:50:33.060+0000] {processor.py:925} INFO - DAG(s) 'example_display_name' retrieved from /home/airflow/.local/lib/python3.12/site-packages/airflow/example_dags/example_display_name.py
[2024-09-22T23:50:33.094+0000] {logging_mixin.py:190} INFO - [2024-09-22T23:50:33.093+0000] {dag.py:3229} INFO - Sync 1 DAGs
[2024-09-22T23:50:33.122+0000] {logging_mixin.py:190} INFO - [2024-09-22T23:50:33.121+0000] {dag.py:4156} INFO - Setting next_dagrun for example_display_name to None, run_after=None
[2024-09-22T23:50:33.156+0000] {processor.py:208} INFO - Processing /home/airflow/.local/lib/python3.12/site-packages/airflow/example_dags/example_display_name.py took 0.132 seconds
[2024-09-22T23:51:03.572+0000] {processor.py:186} INFO - Started process (PID=608) to work on /home/airflow/.local/lib/python3.12/site-packages/airflow/example_dags/example_display_name.py
[2024-09-22T23:51:03.573+0000] {processor.py:914} INFO - Processing file /home/airflow/.local/lib/python3.12/site-packages/airflow/example_dags/example_display_name.py for tasks to queue
[2024-09-22T23:51:03.577+0000] {logging_mixin.py:190} INFO - [2024-09-22T23:51:03.576+0000] {dagbag.py:587} INFO - Filling up the DagBag from /home/airflow/.local/lib/python3.12/site-packages/airflow/example_dags/example_display_name.py
[2024-09-22T23:51:03.593+0000] {processor.py:925} INFO - DAG(s) 'example_display_name' retrieved from /home/airflow/.local/lib/python3.12/site-packages/airflow/example_dags/example_display_name.py
[2024-09-22T23:51:03.622+0000] {logging_mixin.py:190} INFO - [2024-09-22T23:51:03.621+0000] {dag.py:3229} INFO - Sync 1 DAGs
[2024-09-22T23:51:03.643+0000] {logging_mixin.py:190} INFO - [2024-09-22T23:51:03.642+0000] {dag.py:4156} INFO - Setting next_dagrun for example_display_name to None, run_after=None
[2024-09-22T23:51:03.670+0000] {processor.py:208} INFO - Processing /home/airflow/.local/lib/python3.12/site-packages/airflow/example_dags/example_display_name.py took 0.109 seconds
[2024-09-22T23:51:34.318+0000] {processor.py:186} INFO - Started process (PID=672) to work on /home/airflow/.local/lib/python3.12/site-packages/airflow/example_dags/example_display_name.py
[2024-09-22T23:51:34.320+0000] {processor.py:914} INFO - Processing file /home/airflow/.local/lib/python3.12/site-packages/airflow/example_dags/example_display_name.py for tasks to queue
[2024-09-22T23:51:34.325+0000] {logging_mixin.py:190} INFO - [2024-09-22T23:51:34.324+0000] {dagbag.py:587} INFO - Filling up the DagBag from /home/airflow/.local/lib/python3.12/site-packages/airflow/example_dags/example_display_name.py
[2024-09-22T23:51:34.345+0000] {processor.py:925} INFO - DAG(s) 'example_display_name' retrieved from /home/airflow/.local/lib/python3.12/site-packages/airflow/example_dags/example_display_name.py
[2024-09-22T23:51:34.376+0000] {logging_mixin.py:190} INFO - [2024-09-22T23:51:34.376+0000] {dag.py:3229} INFO - Sync 1 DAGs
[2024-09-22T23:51:34.398+0000] {logging_mixin.py:190} INFO - [2024-09-22T23:51:34.397+0000] {dag.py:4156} INFO - Setting next_dagrun for example_display_name to None, run_after=None
[2024-09-22T23:51:34.424+0000] {processor.py:208} INFO - Processing /home/airflow/.local/lib/python3.12/site-packages/airflow/example_dags/example_display_name.py took 0.118 seconds
[2024-09-22T23:52:05.081+0000] {processor.py:186} INFO - Started process (PID=736) to work on /home/airflow/.local/lib/python3.12/site-packages/airflow/example_dags/example_display_name.py
[2024-09-22T23:52:05.083+0000] {processor.py:914} INFO - Processing file /home/airflow/.local/lib/python3.12/site-packages/airflow/example_dags/example_display_name.py for tasks to queue
[2024-09-22T23:52:05.087+0000] {logging_mixin.py:190} INFO - [2024-09-22T23:52:05.086+0000] {dagbag.py:587} INFO - Filling up the DagBag from /home/airflow/.local/lib/python3.12/site-packages/airflow/example_dags/example_display_name.py
[2024-09-22T23:52:05.103+0000] {processor.py:925} INFO - DAG(s) 'example_display_name' retrieved from /home/airflow/.local/lib/python3.12/site-packages/airflow/example_dags/example_display_name.py
[2024-09-22T23:52:05.131+0000] {logging_mixin.py:190} INFO - [2024-09-22T23:52:05.131+0000] {dag.py:3229} INFO - Sync 1 DAGs
[2024-09-22T23:52:05.151+0000] {logging_mixin.py:190} INFO - [2024-09-22T23:52:05.151+0000] {dag.py:4156} INFO - Setting next_dagrun for example_display_name to None, run_after=None
[2024-09-22T23:52:05.175+0000] {processor.py:208} INFO - Processing /home/airflow/.local/lib/python3.12/site-packages/airflow/example_dags/example_display_name.py took 0.103 seconds
[2024-09-22T23:52:35.654+0000] {processor.py:186} INFO - Started process (PID=798) to work on /home/airflow/.local/lib/python3.12/site-packages/airflow/example_dags/example_display_name.py
[2024-09-22T23:52:35.655+0000] {processor.py:914} INFO - Processing file /home/airflow/.local/lib/python3.12/site-packages/airflow/example_dags/example_display_name.py for tasks to queue
[2024-09-22T23:52:35.659+0000] {logging_mixin.py:190} INFO - [2024-09-22T23:52:35.659+0000] {dagbag.py:587} INFO - Filling up the DagBag from /home/airflow/.local/lib/python3.12/site-packages/airflow/example_dags/example_display_name.py
[2024-09-22T23:52:35.675+0000] {processor.py:925} INFO - DAG(s) 'example_display_name' retrieved from /home/airflow/.local/lib/python3.12/site-packages/airflow/example_dags/example_display_name.py
[2024-09-22T23:52:35.713+0000] {logging_mixin.py:190} INFO - [2024-09-22T23:52:35.713+0000] {dag.py:3229} INFO - Sync 1 DAGs
[2024-09-22T23:52:35.736+0000] {logging_mixin.py:190} INFO - [2024-09-22T23:52:35.735+0000] {dag.py:4156} INFO - Setting next_dagrun for example_display_name to None, run_after=None
[2024-09-22T23:52:35.762+0000] {processor.py:208} INFO - Processing /home/airflow/.local/lib/python3.12/site-packages/airflow/example_dags/example_display_name.py took 0.118 seconds
[2024-09-22T23:53:05.842+0000] {processor.py:186} INFO - Started process (PID=860) to work on /home/airflow/.local/lib/python3.12/site-packages/airflow/example_dags/example_display_name.py
[2024-09-22T23:53:05.844+0000] {processor.py:914} INFO - Processing file /home/airflow/.local/lib/python3.12/site-packages/airflow/example_dags/example_display_name.py for tasks to queue
[2024-09-22T23:53:05.847+0000] {logging_mixin.py:190} INFO - [2024-09-22T23:53:05.847+0000] {dagbag.py:587} INFO - Filling up the DagBag from /home/airflow/.local/lib/python3.12/site-packages/airflow/example_dags/example_display_name.py
[2024-09-22T23:53:05.864+0000] {processor.py:925} INFO - DAG(s) 'example_display_name' retrieved from /home/airflow/.local/lib/python3.12/site-packages/airflow/example_dags/example_display_name.py
[2024-09-22T23:53:05.890+0000] {logging_mixin.py:190} INFO - [2024-09-22T23:53:05.889+0000] {dag.py:3229} INFO - Sync 1 DAGs
[2024-09-22T23:53:05.910+0000] {logging_mixin.py:190} INFO - [2024-09-22T23:53:05.909+0000] {dag.py:4156} INFO - Setting next_dagrun for example_display_name to None, run_after=None
[2024-09-22T23:53:05.933+0000] {processor.py:208} INFO - Processing /home/airflow/.local/lib/python3.12/site-packages/airflow/example_dags/example_display_name.py took 0.104 seconds
[2024-09-22T23:53:36.906+0000] {processor.py:186} INFO - Started process (PID=922) to work on /home/airflow/.local/lib/python3.12/site-packages/airflow/example_dags/example_display_name.py
[2024-09-22T23:53:36.910+0000] {processor.py:914} INFO - Processing file /home/airflow/.local/lib/python3.12/site-packages/airflow/example_dags/example_display_name.py for tasks to queue
[2024-09-22T23:53:36.915+0000] {logging_mixin.py:190} INFO - [2024-09-22T23:53:36.914+0000] {dagbag.py:587} INFO - Filling up the DagBag from /home/airflow/.local/lib/python3.12/site-packages/airflow/example_dags/example_display_name.py
[2024-09-22T23:53:36.943+0000] {processor.py:925} INFO - DAG(s) 'example_display_name' retrieved from /home/airflow/.local/lib/python3.12/site-packages/airflow/example_dags/example_display_name.py
[2024-09-22T23:53:36.992+0000] {logging_mixin.py:190} INFO - [2024-09-22T23:53:36.991+0000] {dag.py:3229} INFO - Sync 1 DAGs
[2024-09-22T23:53:37.028+0000] {logging_mixin.py:190} INFO - [2024-09-22T23:53:37.028+0000] {dag.py:4156} INFO - Setting next_dagrun for example_display_name to None, run_after=None
[2024-09-22T23:53:37.070+0000] {processor.py:208} INFO - Processing /home/airflow/.local/lib/python3.12/site-packages/airflow/example_dags/example_display_name.py took 0.189 seconds
[2024-09-22T23:54:07.885+0000] {processor.py:186} INFO - Started process (PID=985) to work on /home/airflow/.local/lib/python3.12/site-packages/airflow/example_dags/example_display_name.py
[2024-09-22T23:54:07.887+0000] {processor.py:914} INFO - Processing file /home/airflow/.local/lib/python3.12/site-packages/airflow/example_dags/example_display_name.py for tasks to queue
[2024-09-22T23:54:07.890+0000] {logging_mixin.py:190} INFO - [2024-09-22T23:54:07.890+0000] {dagbag.py:587} INFO - Filling up the DagBag from /home/airflow/.local/lib/python3.12/site-packages/airflow/example_dags/example_display_name.py
[2024-09-22T23:54:07.907+0000] {processor.py:925} INFO - DAG(s) 'example_display_name' retrieved from /home/airflow/.local/lib/python3.12/site-packages/airflow/example_dags/example_display_name.py
[2024-09-22T23:54:07.935+0000] {logging_mixin.py:190} INFO - [2024-09-22T23:54:07.935+0000] {dag.py:3229} INFO - Sync 1 DAGs
[2024-09-22T23:54:07.956+0000] {logging_mixin.py:190} INFO - [2024-09-22T23:54:07.955+0000] {dag.py:4156} INFO - Setting next_dagrun for example_display_name to None, run_after=None
[2024-09-22T23:54:07.983+0000] {processor.py:208} INFO - Processing /home/airflow/.local/lib/python3.12/site-packages/airflow/example_dags/example_display_name.py took 0.109 seconds
[2024-09-22T23:54:38.579+0000] {processor.py:186} INFO - Started process (PID=1054) to work on /home/airflow/.local/lib/python3.12/site-packages/airflow/example_dags/example_display_name.py
[2024-09-22T23:54:38.581+0000] {processor.py:914} INFO - Processing file /home/airflow/.local/lib/python3.12/site-packages/airflow/example_dags/example_display_name.py for tasks to queue
[2024-09-22T23:54:38.584+0000] {logging_mixin.py:190} INFO - [2024-09-22T23:54:38.584+0000] {dagbag.py:587} INFO - Filling up the DagBag from /home/airflow/.local/lib/python3.12/site-packages/airflow/example_dags/example_display_name.py
[2024-09-22T23:54:38.600+0000] {processor.py:925} INFO - DAG(s) 'example_display_name' retrieved from /home/airflow/.local/lib/python3.12/site-packages/airflow/example_dags/example_display_name.py
[2024-09-22T23:54:38.629+0000] {logging_mixin.py:190} INFO - [2024-09-22T23:54:38.629+0000] {dag.py:3229} INFO - Sync 1 DAGs
[2024-09-22T23:54:38.649+0000] {logging_mixin.py:190} INFO - [2024-09-22T23:54:38.649+0000] {dag.py:4156} INFO - Setting next_dagrun for example_display_name to None, run_after=None
[2024-09-22T23:54:38.674+0000] {processor.py:208} INFO - Processing /home/airflow/.local/lib/python3.12/site-packages/airflow/example_dags/example_display_name.py took 0.104 seconds
[2024-09-22T23:55:09.304+0000] {processor.py:186} INFO - Started process (PID=1116) to work on /home/airflow/.local/lib/python3.12/site-packages/airflow/example_dags/example_display_name.py
[2024-09-22T23:55:09.305+0000] {processor.py:914} INFO - Processing file /home/airflow/.local/lib/python3.12/site-packages/airflow/example_dags/example_display_name.py for tasks to queue
[2024-09-22T23:55:09.309+0000] {logging_mixin.py:190} INFO - [2024-09-22T23:55:09.308+0000] {dagbag.py:587} INFO - Filling up the DagBag from /home/airflow/.local/lib/python3.12/site-packages/airflow/example_dags/example_display_name.py
[2024-09-22T23:55:09.327+0000] {processor.py:925} INFO - DAG(s) 'example_display_name' retrieved from /home/airflow/.local/lib/python3.12/site-packages/airflow/example_dags/example_display_name.py
[2024-09-22T23:55:09.357+0000] {logging_mixin.py:190} INFO - [2024-09-22T23:55:09.357+0000] {dag.py:3229} INFO - Sync 1 DAGs
[2024-09-22T23:55:09.380+0000] {logging_mixin.py:190} INFO - [2024-09-22T23:55:09.380+0000] {dag.py:4156} INFO - Setting next_dagrun for example_display_name to None, run_after=None
[2024-09-22T23:55:09.413+0000] {processor.py:208} INFO - Processing /home/airflow/.local/lib/python3.12/site-packages/airflow/example_dags/example_display_name.py took 0.121 seconds
[2024-09-22T23:55:39.606+0000] {processor.py:186} INFO - Started process (PID=1179) to work on /home/airflow/.local/lib/python3.12/site-packages/airflow/example_dags/example_display_name.py
[2024-09-22T23:55:39.608+0000] {processor.py:914} INFO - Processing file /home/airflow/.local/lib/python3.12/site-packages/airflow/example_dags/example_display_name.py for tasks to queue
[2024-09-22T23:55:39.611+0000] {logging_mixin.py:190} INFO - [2024-09-22T23:55:39.611+0000] {dagbag.py:587} INFO - Filling up the DagBag from /home/airflow/.local/lib/python3.12/site-packages/airflow/example_dags/example_display_name.py
[2024-09-22T23:55:39.627+0000] {processor.py:925} INFO - DAG(s) 'example_display_name' retrieved from /home/airflow/.local/lib/python3.12/site-packages/airflow/example_dags/example_display_name.py
[2024-09-22T23:55:39.655+0000] {logging_mixin.py:190} INFO - [2024-09-22T23:55:39.654+0000] {dag.py:3229} INFO - Sync 1 DAGs
[2024-09-22T23:55:39.675+0000] {logging_mixin.py:190} INFO - [2024-09-22T23:55:39.674+0000] {dag.py:4156} INFO - Setting next_dagrun for example_display_name to None, run_after=None
[2024-09-22T23:55:39.699+0000] {processor.py:208} INFO - Processing /home/airflow/.local/lib/python3.12/site-packages/airflow/example_dags/example_display_name.py took 0.102 seconds
[2024-09-22T23:58:06.009+0000] {processor.py:186} INFO - Started process (PID=103) to work on /home/airflow/.local/lib/python3.12/site-packages/airflow/example_dags/example_display_name.py
[2024-09-22T23:58:06.011+0000] {processor.py:914} INFO - Processing file /home/airflow/.local/lib/python3.12/site-packages/airflow/example_dags/example_display_name.py for tasks to queue
[2024-09-22T23:58:06.016+0000] {logging_mixin.py:190} INFO - [2024-09-22T23:58:06.015+0000] {dagbag.py:587} INFO - Filling up the DagBag from /home/airflow/.local/lib/python3.12/site-packages/airflow/example_dags/example_display_name.py
[2024-09-22T23:58:06.039+0000] {processor.py:925} INFO - DAG(s) 'example_display_name' retrieved from /home/airflow/.local/lib/python3.12/site-packages/airflow/example_dags/example_display_name.py
[2024-09-22T23:58:06.079+0000] {logging_mixin.py:190} INFO - [2024-09-22T23:58:06.079+0000] {dag.py:3229} INFO - Sync 1 DAGs
[2024-09-22T23:58:06.114+0000] {logging_mixin.py:190} INFO - [2024-09-22T23:58:06.113+0000] {dag.py:4156} INFO - Setting next_dagrun for example_display_name to None, run_after=None
[2024-09-22T23:58:06.150+0000] {processor.py:208} INFO - Processing /home/airflow/.local/lib/python3.12/site-packages/airflow/example_dags/example_display_name.py took 0.155 seconds
[2024-09-22T23:58:36.666+0000] {processor.py:186} INFO - Started process (PID=166) to work on /home/airflow/.local/lib/python3.12/site-packages/airflow/example_dags/example_display_name.py
[2024-09-22T23:58:36.668+0000] {processor.py:914} INFO - Processing file /home/airflow/.local/lib/python3.12/site-packages/airflow/example_dags/example_display_name.py for tasks to queue
[2024-09-22T23:58:36.671+0000] {logging_mixin.py:190} INFO - [2024-09-22T23:58:36.671+0000] {dagbag.py:587} INFO - Filling up the DagBag from /home/airflow/.local/lib/python3.12/site-packages/airflow/example_dags/example_display_name.py
[2024-09-22T23:58:36.688+0000] {processor.py:925} INFO - DAG(s) 'example_display_name' retrieved from /home/airflow/.local/lib/python3.12/site-packages/airflow/example_dags/example_display_name.py
[2024-09-22T23:58:36.717+0000] {logging_mixin.py:190} INFO - [2024-09-22T23:58:36.716+0000] {dag.py:3229} INFO - Sync 1 DAGs
[2024-09-22T23:58:36.736+0000] {logging_mixin.py:190} INFO - [2024-09-22T23:58:36.736+0000] {dag.py:4156} INFO - Setting next_dagrun for example_display_name to None, run_after=None
[2024-09-22T23:58:36.762+0000] {processor.py:208} INFO - Processing /home/airflow/.local/lib/python3.12/site-packages/airflow/example_dags/example_display_name.py took 0.106 seconds
[2024-09-22T23:59:07.520+0000] {processor.py:186} INFO - Started process (PID=229) to work on /home/airflow/.local/lib/python3.12/site-packages/airflow/example_dags/example_display_name.py
[2024-09-22T23:59:07.522+0000] {processor.py:914} INFO - Processing file /home/airflow/.local/lib/python3.12/site-packages/airflow/example_dags/example_display_name.py for tasks to queue
[2024-09-22T23:59:07.525+0000] {logging_mixin.py:190} INFO - [2024-09-22T23:59:07.525+0000] {dagbag.py:587} INFO - Filling up the DagBag from /home/airflow/.local/lib/python3.12/site-packages/airflow/example_dags/example_display_name.py
[2024-09-22T23:59:07.541+0000] {processor.py:925} INFO - DAG(s) 'example_display_name' retrieved from /home/airflow/.local/lib/python3.12/site-packages/airflow/example_dags/example_display_name.py
[2024-09-22T23:59:07.569+0000] {logging_mixin.py:190} INFO - [2024-09-22T23:59:07.569+0000] {dag.py:3229} INFO - Sync 1 DAGs
[2024-09-22T23:59:07.588+0000] {logging_mixin.py:190} INFO - [2024-09-22T23:59:07.587+0000] {dag.py:4156} INFO - Setting next_dagrun for example_display_name to None, run_after=None
[2024-09-22T23:59:07.611+0000] {processor.py:208} INFO - Processing /home/airflow/.local/lib/python3.12/site-packages/airflow/example_dags/example_display_name.py took 0.100 seconds
[2024-09-22T23:59:38.187+0000] {processor.py:186} INFO - Started process (PID=292) to work on /home/airflow/.local/lib/python3.12/site-packages/airflow/example_dags/example_display_name.py
[2024-09-22T23:59:38.190+0000] {processor.py:914} INFO - Processing file /home/airflow/.local/lib/python3.12/site-packages/airflow/example_dags/example_display_name.py for tasks to queue
[2024-09-22T23:59:38.195+0000] {logging_mixin.py:190} INFO - [2024-09-22T23:59:38.194+0000] {dagbag.py:587} INFO - Filling up the DagBag from /home/airflow/.local/lib/python3.12/site-packages/airflow/example_dags/example_display_name.py
[2024-09-22T23:59:38.211+0000] {processor.py:925} INFO - DAG(s) 'example_display_name' retrieved from /home/airflow/.local/lib/python3.12/site-packages/airflow/example_dags/example_display_name.py
[2024-09-22T23:59:38.238+0000] {logging_mixin.py:190} INFO - [2024-09-22T23:59:38.238+0000] {dag.py:3229} INFO - Sync 1 DAGs
[2024-09-22T23:59:38.263+0000] {logging_mixin.py:190} INFO - [2024-09-22T23:59:38.263+0000] {dag.py:4156} INFO - Setting next_dagrun for example_display_name to None, run_after=None
[2024-09-22T23:59:38.287+0000] {processor.py:208} INFO - Processing /home/airflow/.local/lib/python3.12/site-packages/airflow/example_dags/example_display_name.py took 0.113 seconds
