[2024-09-22T23:26:24.832+0000] {processor.py:186} INFO - Started process (PID=102) to work on /home/airflow/.local/lib/python3.12/site-packages/airflow/example_dags/example_latest_only.py
[2024-09-22T23:26:24.834+0000] {processor.py:914} INFO - Processing file /home/airflow/.local/lib/python3.12/site-packages/airflow/example_dags/example_latest_only.py for tasks to queue
[2024-09-22T23:26:24.838+0000] {logging_mixin.py:190} INFO - [2024-09-22T23:26:24.837+0000] {dagbag.py:587} INFO - Filling up the DagBag from /home/airflow/.local/lib/python3.12/site-packages/airflow/example_dags/example_latest_only.py
[2024-09-22T23:26:24.859+0000] {processor.py:925} INFO - DAG(s) 'latest_only' retrieved from /home/airflow/.local/lib/python3.12/site-packages/airflow/example_dags/example_latest_only.py
[2024-09-22T23:26:25.105+0000] {logging_mixin.py:190} INFO - [2024-09-22T23:26:25.104+0000] {override.py:1900} INFO - Created Permission View: can edit on DAG:latest_only
[2024-09-22T23:26:25.130+0000] {logging_mixin.py:190} INFO - [2024-09-22T23:26:25.130+0000] {override.py:1900} INFO - Created Permission View: can read on DAG:latest_only
[2024-09-22T23:26:25.139+0000] {logging_mixin.py:190} INFO - [2024-09-22T23:26:25.139+0000] {override.py:1900} INFO - Created Permission View: can delete on DAG:latest_only
[2024-09-22T23:26:25.149+0000] {logging_mixin.py:190} INFO - [2024-09-22T23:26:25.148+0000] {override.py:1900} INFO - Created Permission View: can create on DAG Run:latest_only
[2024-09-22T23:26:25.158+0000] {logging_mixin.py:190} INFO - [2024-09-22T23:26:25.157+0000] {override.py:1900} INFO - Created Permission View: menu access on DAG Run:latest_only
[2024-09-22T23:26:25.167+0000] {logging_mixin.py:190} INFO - [2024-09-22T23:26:25.166+0000] {override.py:1900} INFO - Created Permission View: can read on DAG Run:latest_only
[2024-09-22T23:26:25.176+0000] {logging_mixin.py:190} INFO - [2024-09-22T23:26:25.176+0000] {override.py:1900} INFO - Created Permission View: can delete on DAG Run:latest_only
[2024-09-22T23:26:25.177+0000] {logging_mixin.py:190} INFO - [2024-09-22T23:26:25.176+0000] {dag.py:3229} INFO - Sync 1 DAGs
[2024-09-22T23:26:25.202+0000] {logging_mixin.py:190} INFO - [2024-09-22T23:26:25.201+0000] {dag.py:3252} INFO - Creating ORM DAG for latest_only
[2024-09-22T23:26:25.219+0000] {logging_mixin.py:190} INFO - [2024-09-22T23:26:25.218+0000] {dag.py:4156} INFO - Setting next_dagrun for latest_only to 2024-09-22 16:00:00+00:00, run_after=2024-09-22 20:00:00+00:00
[2024-09-22T23:26:25.242+0000] {processor.py:208} INFO - Processing /home/airflow/.local/lib/python3.12/site-packages/airflow/example_dags/example_latest_only.py took 0.443 seconds
[2024-09-22T23:26:55.977+0000] {processor.py:186} INFO - Started process (PID=164) to work on /home/airflow/.local/lib/python3.12/site-packages/airflow/example_dags/example_latest_only.py
[2024-09-22T23:26:55.979+0000] {processor.py:914} INFO - Processing file /home/airflow/.local/lib/python3.12/site-packages/airflow/example_dags/example_latest_only.py for tasks to queue
[2024-09-22T23:26:55.982+0000] {logging_mixin.py:190} INFO - [2024-09-22T23:26:55.982+0000] {dagbag.py:587} INFO - Filling up the DagBag from /home/airflow/.local/lib/python3.12/site-packages/airflow/example_dags/example_latest_only.py
[2024-09-22T23:26:55.997+0000] {processor.py:925} INFO - DAG(s) 'latest_only' retrieved from /home/airflow/.local/lib/python3.12/site-packages/airflow/example_dags/example_latest_only.py
[2024-09-22T23:26:56.026+0000] {logging_mixin.py:190} INFO - [2024-09-22T23:26:56.025+0000] {dag.py:3229} INFO - Sync 1 DAGs
[2024-09-22T23:26:56.058+0000] {logging_mixin.py:190} INFO - [2024-09-22T23:26:56.058+0000] {dag.py:4156} INFO - Setting next_dagrun for latest_only to 2024-09-22 16:00:00+00:00, run_after=2024-09-22 20:00:00+00:00
[2024-09-22T23:26:56.085+0000] {processor.py:208} INFO - Processing /home/airflow/.local/lib/python3.12/site-packages/airflow/example_dags/example_latest_only.py took 0.117 seconds
[2024-09-22T23:27:26.131+0000] {processor.py:186} INFO - Started process (PID=225) to work on /home/airflow/.local/lib/python3.12/site-packages/airflow/example_dags/example_latest_only.py
[2024-09-22T23:27:26.132+0000] {processor.py:914} INFO - Processing file /home/airflow/.local/lib/python3.12/site-packages/airflow/example_dags/example_latest_only.py for tasks to queue
[2024-09-22T23:27:26.135+0000] {logging_mixin.py:190} INFO - [2024-09-22T23:27:26.135+0000] {dagbag.py:587} INFO - Filling up the DagBag from /home/airflow/.local/lib/python3.12/site-packages/airflow/example_dags/example_latest_only.py
[2024-09-22T23:27:26.151+0000] {processor.py:925} INFO - DAG(s) 'latest_only' retrieved from /home/airflow/.local/lib/python3.12/site-packages/airflow/example_dags/example_latest_only.py
[2024-09-22T23:27:26.179+0000] {logging_mixin.py:190} INFO - [2024-09-22T23:27:26.178+0000] {dag.py:3229} INFO - Sync 1 DAGs
[2024-09-22T23:27:26.212+0000] {logging_mixin.py:190} INFO - [2024-09-22T23:27:26.212+0000] {dag.py:4156} INFO - Setting next_dagrun for latest_only to 2024-09-22 16:00:00+00:00, run_after=2024-09-22 20:00:00+00:00
[2024-09-22T23:27:26.236+0000] {processor.py:208} INFO - Processing /home/airflow/.local/lib/python3.12/site-packages/airflow/example_dags/example_latest_only.py took 0.116 seconds
[2024-09-22T23:27:56.579+0000] {processor.py:186} INFO - Started process (PID=287) to work on /home/airflow/.local/lib/python3.12/site-packages/airflow/example_dags/example_latest_only.py
[2024-09-22T23:27:56.581+0000] {processor.py:914} INFO - Processing file /home/airflow/.local/lib/python3.12/site-packages/airflow/example_dags/example_latest_only.py for tasks to queue
[2024-09-22T23:27:56.585+0000] {logging_mixin.py:190} INFO - [2024-09-22T23:27:56.584+0000] {dagbag.py:587} INFO - Filling up the DagBag from /home/airflow/.local/lib/python3.12/site-packages/airflow/example_dags/example_latest_only.py
[2024-09-22T23:27:56.600+0000] {processor.py:925} INFO - DAG(s) 'latest_only' retrieved from /home/airflow/.local/lib/python3.12/site-packages/airflow/example_dags/example_latest_only.py
[2024-09-22T23:27:56.632+0000] {logging_mixin.py:190} INFO - [2024-09-22T23:27:56.632+0000] {dag.py:3229} INFO - Sync 1 DAGs
[2024-09-22T23:27:56.668+0000] {logging_mixin.py:190} INFO - [2024-09-22T23:27:56.667+0000] {dag.py:4156} INFO - Setting next_dagrun for latest_only to 2024-09-22 16:00:00+00:00, run_after=2024-09-22 20:00:00+00:00
[2024-09-22T23:27:56.693+0000] {processor.py:208} INFO - Processing /home/airflow/.local/lib/python3.12/site-packages/airflow/example_dags/example_latest_only.py took 0.123 seconds
[2024-09-22T23:28:27.894+0000] {processor.py:186} INFO - Started process (PID=350) to work on /home/airflow/.local/lib/python3.12/site-packages/airflow/example_dags/example_latest_only.py
[2024-09-22T23:28:27.896+0000] {processor.py:914} INFO - Processing file /home/airflow/.local/lib/python3.12/site-packages/airflow/example_dags/example_latest_only.py for tasks to queue
[2024-09-22T23:28:27.899+0000] {logging_mixin.py:190} INFO - [2024-09-22T23:28:27.899+0000] {dagbag.py:587} INFO - Filling up the DagBag from /home/airflow/.local/lib/python3.12/site-packages/airflow/example_dags/example_latest_only.py
[2024-09-22T23:28:27.914+0000] {processor.py:925} INFO - DAG(s) 'latest_only' retrieved from /home/airflow/.local/lib/python3.12/site-packages/airflow/example_dags/example_latest_only.py
[2024-09-22T23:28:27.948+0000] {logging_mixin.py:190} INFO - [2024-09-22T23:28:27.948+0000] {dag.py:3229} INFO - Sync 1 DAGs
[2024-09-22T23:28:27.981+0000] {logging_mixin.py:190} INFO - [2024-09-22T23:28:27.981+0000] {dag.py:4156} INFO - Setting next_dagrun for latest_only to 2024-09-22 16:00:00+00:00, run_after=2024-09-22 20:00:00+00:00
[2024-09-22T23:28:28.007+0000] {processor.py:208} INFO - Processing /home/airflow/.local/lib/python3.12/site-packages/airflow/example_dags/example_latest_only.py took 0.123 seconds
[2024-09-22T23:28:58.472+0000] {processor.py:186} INFO - Started process (PID=412) to work on /home/airflow/.local/lib/python3.12/site-packages/airflow/example_dags/example_latest_only.py
[2024-09-22T23:28:58.473+0000] {processor.py:914} INFO - Processing file /home/airflow/.local/lib/python3.12/site-packages/airflow/example_dags/example_latest_only.py for tasks to queue
[2024-09-22T23:28:58.476+0000] {logging_mixin.py:190} INFO - [2024-09-22T23:28:58.476+0000] {dagbag.py:587} INFO - Filling up the DagBag from /home/airflow/.local/lib/python3.12/site-packages/airflow/example_dags/example_latest_only.py
[2024-09-22T23:28:58.491+0000] {processor.py:925} INFO - DAG(s) 'latest_only' retrieved from /home/airflow/.local/lib/python3.12/site-packages/airflow/example_dags/example_latest_only.py
[2024-09-22T23:28:58.525+0000] {logging_mixin.py:190} INFO - [2024-09-22T23:28:58.525+0000] {dag.py:3229} INFO - Sync 1 DAGs
[2024-09-22T23:28:58.559+0000] {logging_mixin.py:190} INFO - [2024-09-22T23:28:58.559+0000] {dag.py:4156} INFO - Setting next_dagrun for latest_only to 2024-09-22 16:00:00+00:00, run_after=2024-09-22 20:00:00+00:00
[2024-09-22T23:28:58.584+0000] {processor.py:208} INFO - Processing /home/airflow/.local/lib/python3.12/site-packages/airflow/example_dags/example_latest_only.py took 0.121 seconds
[2024-09-22T23:29:29.065+0000] {processor.py:186} INFO - Started process (PID=474) to work on /home/airflow/.local/lib/python3.12/site-packages/airflow/example_dags/example_latest_only.py
[2024-09-22T23:29:29.066+0000] {processor.py:914} INFO - Processing file /home/airflow/.local/lib/python3.12/site-packages/airflow/example_dags/example_latest_only.py for tasks to queue
[2024-09-22T23:29:29.070+0000] {logging_mixin.py:190} INFO - [2024-09-22T23:29:29.070+0000] {dagbag.py:587} INFO - Filling up the DagBag from /home/airflow/.local/lib/python3.12/site-packages/airflow/example_dags/example_latest_only.py
[2024-09-22T23:29:29.087+0000] {processor.py:925} INFO - DAG(s) 'latest_only' retrieved from /home/airflow/.local/lib/python3.12/site-packages/airflow/example_dags/example_latest_only.py
[2024-09-22T23:29:29.123+0000] {logging_mixin.py:190} INFO - [2024-09-22T23:29:29.123+0000] {dag.py:3229} INFO - Sync 1 DAGs
[2024-09-22T23:29:29.158+0000] {logging_mixin.py:190} INFO - [2024-09-22T23:29:29.158+0000] {dag.py:4156} INFO - Setting next_dagrun for latest_only to 2024-09-22 16:00:00+00:00, run_after=2024-09-22 20:00:00+00:00
[2024-09-22T23:29:29.184+0000] {processor.py:208} INFO - Processing /home/airflow/.local/lib/python3.12/site-packages/airflow/example_dags/example_latest_only.py took 0.128 seconds
[2024-09-22T23:30:00.775+0000] {processor.py:186} INFO - Started process (PID=542) to work on /home/airflow/.local/lib/python3.12/site-packages/airflow/example_dags/example_latest_only.py
[2024-09-22T23:30:00.778+0000] {processor.py:914} INFO - Processing file /home/airflow/.local/lib/python3.12/site-packages/airflow/example_dags/example_latest_only.py for tasks to queue
[2024-09-22T23:30:00.783+0000] {logging_mixin.py:190} INFO - [2024-09-22T23:30:00.782+0000] {dagbag.py:587} INFO - Filling up the DagBag from /home/airflow/.local/lib/python3.12/site-packages/airflow/example_dags/example_latest_only.py
[2024-09-22T23:30:00.804+0000] {processor.py:925} INFO - DAG(s) 'latest_only' retrieved from /home/airflow/.local/lib/python3.12/site-packages/airflow/example_dags/example_latest_only.py
[2024-09-22T23:30:00.841+0000] {logging_mixin.py:190} INFO - [2024-09-22T23:30:00.840+0000] {dag.py:3229} INFO - Sync 1 DAGs
[2024-09-22T23:30:00.888+0000] {logging_mixin.py:190} INFO - [2024-09-22T23:30:00.887+0000] {dag.py:4156} INFO - Setting next_dagrun for latest_only to 2024-09-22 16:00:00+00:00, run_after=2024-09-22 20:00:00+00:00
[2024-09-22T23:30:00.921+0000] {processor.py:208} INFO - Processing /home/airflow/.local/lib/python3.12/site-packages/airflow/example_dags/example_latest_only.py took 0.160 seconds
[2024-09-22T23:30:31.851+0000] {processor.py:186} INFO - Started process (PID=604) to work on /home/airflow/.local/lib/python3.12/site-packages/airflow/example_dags/example_latest_only.py
[2024-09-22T23:30:31.852+0000] {processor.py:914} INFO - Processing file /home/airflow/.local/lib/python3.12/site-packages/airflow/example_dags/example_latest_only.py for tasks to queue
[2024-09-22T23:30:31.856+0000] {logging_mixin.py:190} INFO - [2024-09-22T23:30:31.856+0000] {dagbag.py:587} INFO - Filling up the DagBag from /home/airflow/.local/lib/python3.12/site-packages/airflow/example_dags/example_latest_only.py
[2024-09-22T23:30:31.878+0000] {processor.py:925} INFO - DAG(s) 'latest_only' retrieved from /home/airflow/.local/lib/python3.12/site-packages/airflow/example_dags/example_latest_only.py
[2024-09-22T23:30:31.905+0000] {logging_mixin.py:190} INFO - [2024-09-22T23:30:31.905+0000] {dag.py:3229} INFO - Sync 1 DAGs
[2024-09-22T23:30:31.940+0000] {logging_mixin.py:190} INFO - [2024-09-22T23:30:31.940+0000] {dag.py:4156} INFO - Setting next_dagrun for latest_only to 2024-09-22 16:00:00+00:00, run_after=2024-09-22 20:00:00+00:00
[2024-09-22T23:30:31.965+0000] {processor.py:208} INFO - Processing /home/airflow/.local/lib/python3.12/site-packages/airflow/example_dags/example_latest_only.py took 0.127 seconds
[2024-09-22T23:31:02.768+0000] {processor.py:186} INFO - Started process (PID=666) to work on /home/airflow/.local/lib/python3.12/site-packages/airflow/example_dags/example_latest_only.py
[2024-09-22T23:31:02.770+0000] {processor.py:914} INFO - Processing file /home/airflow/.local/lib/python3.12/site-packages/airflow/example_dags/example_latest_only.py for tasks to queue
[2024-09-22T23:31:02.775+0000] {logging_mixin.py:190} INFO - [2024-09-22T23:31:02.774+0000] {dagbag.py:587} INFO - Filling up the DagBag from /home/airflow/.local/lib/python3.12/site-packages/airflow/example_dags/example_latest_only.py
[2024-09-22T23:31:02.796+0000] {processor.py:925} INFO - DAG(s) 'latest_only' retrieved from /home/airflow/.local/lib/python3.12/site-packages/airflow/example_dags/example_latest_only.py
[2024-09-22T23:31:02.829+0000] {logging_mixin.py:190} INFO - [2024-09-22T23:31:02.829+0000] {dag.py:3229} INFO - Sync 1 DAGs
[2024-09-22T23:31:02.867+0000] {logging_mixin.py:190} INFO - [2024-09-22T23:31:02.867+0000] {dag.py:4156} INFO - Setting next_dagrun for latest_only to 2024-09-22 16:00:00+00:00, run_after=2024-09-22 20:00:00+00:00
[2024-09-22T23:31:02.900+0000] {processor.py:208} INFO - Processing /home/airflow/.local/lib/python3.12/site-packages/airflow/example_dags/example_latest_only.py took 0.145 seconds
[2024-09-22T23:31:33.867+0000] {processor.py:186} INFO - Started process (PID=728) to work on /home/airflow/.local/lib/python3.12/site-packages/airflow/example_dags/example_latest_only.py
[2024-09-22T23:31:33.868+0000] {processor.py:914} INFO - Processing file /home/airflow/.local/lib/python3.12/site-packages/airflow/example_dags/example_latest_only.py for tasks to queue
[2024-09-22T23:31:33.872+0000] {logging_mixin.py:190} INFO - [2024-09-22T23:31:33.871+0000] {dagbag.py:587} INFO - Filling up the DagBag from /home/airflow/.local/lib/python3.12/site-packages/airflow/example_dags/example_latest_only.py
[2024-09-22T23:31:33.890+0000] {processor.py:925} INFO - DAG(s) 'latest_only' retrieved from /home/airflow/.local/lib/python3.12/site-packages/airflow/example_dags/example_latest_only.py
[2024-09-22T23:31:33.919+0000] {logging_mixin.py:190} INFO - [2024-09-22T23:31:33.918+0000] {dag.py:3229} INFO - Sync 1 DAGs
[2024-09-22T23:31:33.951+0000] {logging_mixin.py:190} INFO - [2024-09-22T23:31:33.951+0000] {dag.py:4156} INFO - Setting next_dagrun for latest_only to 2024-09-22 16:00:00+00:00, run_after=2024-09-22 20:00:00+00:00
[2024-09-22T23:31:33.975+0000] {processor.py:208} INFO - Processing /home/airflow/.local/lib/python3.12/site-packages/airflow/example_dags/example_latest_only.py took 0.118 seconds
[2024-09-22T23:32:04.562+0000] {processor.py:186} INFO - Started process (PID=791) to work on /home/airflow/.local/lib/python3.12/site-packages/airflow/example_dags/example_latest_only.py
[2024-09-22T23:32:04.564+0000] {processor.py:914} INFO - Processing file /home/airflow/.local/lib/python3.12/site-packages/airflow/example_dags/example_latest_only.py for tasks to queue
[2024-09-22T23:32:04.567+0000] {logging_mixin.py:190} INFO - [2024-09-22T23:32:04.567+0000] {dagbag.py:587} INFO - Filling up the DagBag from /home/airflow/.local/lib/python3.12/site-packages/airflow/example_dags/example_latest_only.py
[2024-09-22T23:32:04.582+0000] {processor.py:925} INFO - DAG(s) 'latest_only' retrieved from /home/airflow/.local/lib/python3.12/site-packages/airflow/example_dags/example_latest_only.py
[2024-09-22T23:32:04.613+0000] {logging_mixin.py:190} INFO - [2024-09-22T23:32:04.613+0000] {dag.py:3229} INFO - Sync 1 DAGs
[2024-09-22T23:32:04.649+0000] {logging_mixin.py:190} INFO - [2024-09-22T23:32:04.649+0000] {dag.py:4156} INFO - Setting next_dagrun for latest_only to 2024-09-22 16:00:00+00:00, run_after=2024-09-22 20:00:00+00:00
[2024-09-22T23:32:04.679+0000] {processor.py:208} INFO - Processing /home/airflow/.local/lib/python3.12/site-packages/airflow/example_dags/example_latest_only.py took 0.127 seconds
[2024-09-22T23:32:35.492+0000] {processor.py:186} INFO - Started process (PID=854) to work on /home/airflow/.local/lib/python3.12/site-packages/airflow/example_dags/example_latest_only.py
[2024-09-22T23:32:35.494+0000] {processor.py:914} INFO - Processing file /home/airflow/.local/lib/python3.12/site-packages/airflow/example_dags/example_latest_only.py for tasks to queue
[2024-09-22T23:32:35.497+0000] {logging_mixin.py:190} INFO - [2024-09-22T23:32:35.497+0000] {dagbag.py:587} INFO - Filling up the DagBag from /home/airflow/.local/lib/python3.12/site-packages/airflow/example_dags/example_latest_only.py
[2024-09-22T23:32:35.513+0000] {processor.py:925} INFO - DAG(s) 'latest_only' retrieved from /home/airflow/.local/lib/python3.12/site-packages/airflow/example_dags/example_latest_only.py
[2024-09-22T23:32:35.547+0000] {logging_mixin.py:190} INFO - [2024-09-22T23:32:35.546+0000] {dag.py:3229} INFO - Sync 1 DAGs
[2024-09-22T23:32:35.578+0000] {logging_mixin.py:190} INFO - [2024-09-22T23:32:35.578+0000] {dag.py:4156} INFO - Setting next_dagrun for latest_only to 2024-09-22 16:00:00+00:00, run_after=2024-09-22 20:00:00+00:00
[2024-09-22T23:32:35.605+0000] {processor.py:208} INFO - Processing /home/airflow/.local/lib/python3.12/site-packages/airflow/example_dags/example_latest_only.py took 0.122 seconds
[2024-09-22T23:33:06.338+0000] {processor.py:186} INFO - Started process (PID=917) to work on /home/airflow/.local/lib/python3.12/site-packages/airflow/example_dags/example_latest_only.py
[2024-09-22T23:33:06.340+0000] {processor.py:914} INFO - Processing file /home/airflow/.local/lib/python3.12/site-packages/airflow/example_dags/example_latest_only.py for tasks to queue
[2024-09-22T23:33:06.344+0000] {logging_mixin.py:190} INFO - [2024-09-22T23:33:06.343+0000] {dagbag.py:587} INFO - Filling up the DagBag from /home/airflow/.local/lib/python3.12/site-packages/airflow/example_dags/example_latest_only.py
[2024-09-22T23:33:06.359+0000] {processor.py:925} INFO - DAG(s) 'latest_only' retrieved from /home/airflow/.local/lib/python3.12/site-packages/airflow/example_dags/example_latest_only.py
[2024-09-22T23:33:06.386+0000] {logging_mixin.py:190} INFO - [2024-09-22T23:33:06.386+0000] {dag.py:3229} INFO - Sync 1 DAGs
[2024-09-22T23:33:06.417+0000] {logging_mixin.py:190} INFO - [2024-09-22T23:33:06.416+0000] {dag.py:4156} INFO - Setting next_dagrun for latest_only to 2024-09-22 16:00:00+00:00, run_after=2024-09-22 20:00:00+00:00
[2024-09-22T23:33:06.441+0000] {processor.py:208} INFO - Processing /home/airflow/.local/lib/python3.12/site-packages/airflow/example_dags/example_latest_only.py took 0.112 seconds
[2024-09-22T23:33:37.700+0000] {processor.py:186} INFO - Started process (PID=980) to work on /home/airflow/.local/lib/python3.12/site-packages/airflow/example_dags/example_latest_only.py
[2024-09-22T23:33:37.702+0000] {processor.py:914} INFO - Processing file /home/airflow/.local/lib/python3.12/site-packages/airflow/example_dags/example_latest_only.py for tasks to queue
[2024-09-22T23:33:37.706+0000] {logging_mixin.py:190} INFO - [2024-09-22T23:33:37.705+0000] {dagbag.py:587} INFO - Filling up the DagBag from /home/airflow/.local/lib/python3.12/site-packages/airflow/example_dags/example_latest_only.py
[2024-09-22T23:33:37.721+0000] {processor.py:925} INFO - DAG(s) 'latest_only' retrieved from /home/airflow/.local/lib/python3.12/site-packages/airflow/example_dags/example_latest_only.py
[2024-09-22T23:33:37.756+0000] {logging_mixin.py:190} INFO - [2024-09-22T23:33:37.755+0000] {dag.py:3229} INFO - Sync 1 DAGs
[2024-09-22T23:33:37.792+0000] {logging_mixin.py:190} INFO - [2024-09-22T23:33:37.792+0000] {dag.py:4156} INFO - Setting next_dagrun for latest_only to 2024-09-22 16:00:00+00:00, run_after=2024-09-22 20:00:00+00:00
[2024-09-22T23:33:37.817+0000] {processor.py:208} INFO - Processing /home/airflow/.local/lib/python3.12/site-packages/airflow/example_dags/example_latest_only.py took 0.127 seconds
[2024-09-22T23:34:08.937+0000] {processor.py:186} INFO - Started process (PID=1043) to work on /home/airflow/.local/lib/python3.12/site-packages/airflow/example_dags/example_latest_only.py
[2024-09-22T23:34:08.939+0000] {processor.py:914} INFO - Processing file /home/airflow/.local/lib/python3.12/site-packages/airflow/example_dags/example_latest_only.py for tasks to queue
[2024-09-22T23:34:08.942+0000] {logging_mixin.py:190} INFO - [2024-09-22T23:34:08.942+0000] {dagbag.py:587} INFO - Filling up the DagBag from /home/airflow/.local/lib/python3.12/site-packages/airflow/example_dags/example_latest_only.py
[2024-09-22T23:34:08.958+0000] {processor.py:925} INFO - DAG(s) 'latest_only' retrieved from /home/airflow/.local/lib/python3.12/site-packages/airflow/example_dags/example_latest_only.py
[2024-09-22T23:34:08.986+0000] {logging_mixin.py:190} INFO - [2024-09-22T23:34:08.986+0000] {dag.py:3229} INFO - Sync 1 DAGs
[2024-09-22T23:34:09.022+0000] {logging_mixin.py:190} INFO - [2024-09-22T23:34:09.021+0000] {dag.py:4156} INFO - Setting next_dagrun for latest_only to 2024-09-22 16:00:00+00:00, run_after=2024-09-22 20:00:00+00:00
[2024-09-22T23:34:09.052+0000] {processor.py:208} INFO - Processing /home/airflow/.local/lib/python3.12/site-packages/airflow/example_dags/example_latest_only.py took 0.124 seconds
[2024-09-22T23:34:40.393+0000] {processor.py:186} INFO - Started process (PID=1106) to work on /home/airflow/.local/lib/python3.12/site-packages/airflow/example_dags/example_latest_only.py
[2024-09-22T23:34:40.396+0000] {processor.py:914} INFO - Processing file /home/airflow/.local/lib/python3.12/site-packages/airflow/example_dags/example_latest_only.py for tasks to queue
[2024-09-22T23:34:40.401+0000] {logging_mixin.py:190} INFO - [2024-09-22T23:34:40.400+0000] {dagbag.py:587} INFO - Filling up the DagBag from /home/airflow/.local/lib/python3.12/site-packages/airflow/example_dags/example_latest_only.py
[2024-09-22T23:34:40.422+0000] {processor.py:925} INFO - DAG(s) 'latest_only' retrieved from /home/airflow/.local/lib/python3.12/site-packages/airflow/example_dags/example_latest_only.py
[2024-09-22T23:34:40.459+0000] {logging_mixin.py:190} INFO - [2024-09-22T23:34:40.459+0000] {dag.py:3229} INFO - Sync 1 DAGs
[2024-09-22T23:34:40.508+0000] {logging_mixin.py:190} INFO - [2024-09-22T23:34:40.507+0000] {dag.py:4156} INFO - Setting next_dagrun for latest_only to 2024-09-22 16:00:00+00:00, run_after=2024-09-22 20:00:00+00:00
[2024-09-22T23:34:40.540+0000] {processor.py:208} INFO - Processing /home/airflow/.local/lib/python3.12/site-packages/airflow/example_dags/example_latest_only.py took 0.162 seconds
[2024-09-22T23:35:11.456+0000] {processor.py:186} INFO - Started process (PID=1169) to work on /home/airflow/.local/lib/python3.12/site-packages/airflow/example_dags/example_latest_only.py
[2024-09-22T23:35:11.457+0000] {processor.py:914} INFO - Processing file /home/airflow/.local/lib/python3.12/site-packages/airflow/example_dags/example_latest_only.py for tasks to queue
[2024-09-22T23:35:11.461+0000] {logging_mixin.py:190} INFO - [2024-09-22T23:35:11.460+0000] {dagbag.py:587} INFO - Filling up the DagBag from /home/airflow/.local/lib/python3.12/site-packages/airflow/example_dags/example_latest_only.py
[2024-09-22T23:35:11.477+0000] {processor.py:925} INFO - DAG(s) 'latest_only' retrieved from /home/airflow/.local/lib/python3.12/site-packages/airflow/example_dags/example_latest_only.py
[2024-09-22T23:35:11.510+0000] {logging_mixin.py:190} INFO - [2024-09-22T23:35:11.509+0000] {dag.py:3229} INFO - Sync 1 DAGs
[2024-09-22T23:35:11.552+0000] {logging_mixin.py:190} INFO - [2024-09-22T23:35:11.551+0000] {dag.py:4156} INFO - Setting next_dagrun for latest_only to 2024-09-22 16:00:00+00:00, run_after=2024-09-22 20:00:00+00:00
[2024-09-22T23:35:11.581+0000] {processor.py:208} INFO - Processing /home/airflow/.local/lib/python3.12/site-packages/airflow/example_dags/example_latest_only.py took 0.134 seconds
[2024-09-22T23:35:42.737+0000] {processor.py:186} INFO - Started process (PID=1232) to work on /home/airflow/.local/lib/python3.12/site-packages/airflow/example_dags/example_latest_only.py
[2024-09-22T23:35:42.739+0000] {processor.py:914} INFO - Processing file /home/airflow/.local/lib/python3.12/site-packages/airflow/example_dags/example_latest_only.py for tasks to queue
[2024-09-22T23:35:42.743+0000] {logging_mixin.py:190} INFO - [2024-09-22T23:35:42.742+0000] {dagbag.py:587} INFO - Filling up the DagBag from /home/airflow/.local/lib/python3.12/site-packages/airflow/example_dags/example_latest_only.py
[2024-09-22T23:35:42.758+0000] {processor.py:925} INFO - DAG(s) 'latest_only' retrieved from /home/airflow/.local/lib/python3.12/site-packages/airflow/example_dags/example_latest_only.py
[2024-09-22T23:35:42.788+0000] {logging_mixin.py:190} INFO - [2024-09-22T23:35:42.787+0000] {dag.py:3229} INFO - Sync 1 DAGs
[2024-09-22T23:35:42.823+0000] {logging_mixin.py:190} INFO - [2024-09-22T23:35:42.823+0000] {dag.py:4156} INFO - Setting next_dagrun for latest_only to 2024-09-22 16:00:00+00:00, run_after=2024-09-22 20:00:00+00:00
[2024-09-22T23:35:42.852+0000] {processor.py:208} INFO - Processing /home/airflow/.local/lib/python3.12/site-packages/airflow/example_dags/example_latest_only.py took 0.125 seconds
[2024-09-22T23:36:14.095+0000] {processor.py:186} INFO - Started process (PID=1295) to work on /home/airflow/.local/lib/python3.12/site-packages/airflow/example_dags/example_latest_only.py
[2024-09-22T23:36:14.096+0000] {processor.py:914} INFO - Processing file /home/airflow/.local/lib/python3.12/site-packages/airflow/example_dags/example_latest_only.py for tasks to queue
[2024-09-22T23:36:14.100+0000] {logging_mixin.py:190} INFO - [2024-09-22T23:36:14.099+0000] {dagbag.py:587} INFO - Filling up the DagBag from /home/airflow/.local/lib/python3.12/site-packages/airflow/example_dags/example_latest_only.py
[2024-09-22T23:36:14.115+0000] {processor.py:925} INFO - DAG(s) 'latest_only' retrieved from /home/airflow/.local/lib/python3.12/site-packages/airflow/example_dags/example_latest_only.py
[2024-09-22T23:36:14.148+0000] {logging_mixin.py:190} INFO - [2024-09-22T23:36:14.148+0000] {dag.py:3229} INFO - Sync 1 DAGs
[2024-09-22T23:36:14.185+0000] {logging_mixin.py:190} INFO - [2024-09-22T23:36:14.185+0000] {dag.py:4156} INFO - Setting next_dagrun for latest_only to 2024-09-22 16:00:00+00:00, run_after=2024-09-22 20:00:00+00:00
[2024-09-22T23:36:14.213+0000] {processor.py:208} INFO - Processing /home/airflow/.local/lib/python3.12/site-packages/airflow/example_dags/example_latest_only.py took 0.128 seconds
[2024-09-22T23:36:45.081+0000] {processor.py:186} INFO - Started process (PID=1357) to work on /home/airflow/.local/lib/python3.12/site-packages/airflow/example_dags/example_latest_only.py
[2024-09-22T23:36:45.083+0000] {processor.py:914} INFO - Processing file /home/airflow/.local/lib/python3.12/site-packages/airflow/example_dags/example_latest_only.py for tasks to queue
[2024-09-22T23:36:45.088+0000] {logging_mixin.py:190} INFO - [2024-09-22T23:36:45.087+0000] {dagbag.py:587} INFO - Filling up the DagBag from /home/airflow/.local/lib/python3.12/site-packages/airflow/example_dags/example_latest_only.py
[2024-09-22T23:36:45.104+0000] {processor.py:925} INFO - DAG(s) 'latest_only' retrieved from /home/airflow/.local/lib/python3.12/site-packages/airflow/example_dags/example_latest_only.py
[2024-09-22T23:36:45.129+0000] {logging_mixin.py:190} INFO - [2024-09-22T23:36:45.129+0000] {dag.py:3229} INFO - Sync 1 DAGs
[2024-09-22T23:36:45.159+0000] {logging_mixin.py:190} INFO - [2024-09-22T23:36:45.158+0000] {dag.py:4156} INFO - Setting next_dagrun for latest_only to 2024-09-22 16:00:00+00:00, run_after=2024-09-22 20:00:00+00:00
[2024-09-22T23:36:45.190+0000] {processor.py:208} INFO - Processing /home/airflow/.local/lib/python3.12/site-packages/airflow/example_dags/example_latest_only.py took 0.122 seconds
[2024-09-22T23:37:16.577+0000] {processor.py:186} INFO - Started process (PID=1421) to work on /home/airflow/.local/lib/python3.12/site-packages/airflow/example_dags/example_latest_only.py
[2024-09-22T23:37:16.578+0000] {processor.py:914} INFO - Processing file /home/airflow/.local/lib/python3.12/site-packages/airflow/example_dags/example_latest_only.py for tasks to queue
[2024-09-22T23:37:16.581+0000] {logging_mixin.py:190} INFO - [2024-09-22T23:37:16.581+0000] {dagbag.py:587} INFO - Filling up the DagBag from /home/airflow/.local/lib/python3.12/site-packages/airflow/example_dags/example_latest_only.py
[2024-09-22T23:37:16.599+0000] {processor.py:925} INFO - DAG(s) 'latest_only' retrieved from /home/airflow/.local/lib/python3.12/site-packages/airflow/example_dags/example_latest_only.py
[2024-09-22T23:37:16.636+0000] {logging_mixin.py:190} INFO - [2024-09-22T23:37:16.636+0000] {dag.py:3229} INFO - Sync 1 DAGs
[2024-09-22T23:37:16.678+0000] {logging_mixin.py:190} INFO - [2024-09-22T23:37:16.677+0000] {dag.py:4156} INFO - Setting next_dagrun for latest_only to 2024-09-22 16:00:00+00:00, run_after=2024-09-22 20:00:00+00:00
[2024-09-22T23:37:16.702+0000] {processor.py:208} INFO - Processing /home/airflow/.local/lib/python3.12/site-packages/airflow/example_dags/example_latest_only.py took 0.135 seconds
[2024-09-22T23:37:47.994+0000] {processor.py:186} INFO - Started process (PID=1484) to work on /home/airflow/.local/lib/python3.12/site-packages/airflow/example_dags/example_latest_only.py
[2024-09-22T23:37:47.996+0000] {processor.py:914} INFO - Processing file /home/airflow/.local/lib/python3.12/site-packages/airflow/example_dags/example_latest_only.py for tasks to queue
[2024-09-22T23:37:47.999+0000] {logging_mixin.py:190} INFO - [2024-09-22T23:37:47.999+0000] {dagbag.py:587} INFO - Filling up the DagBag from /home/airflow/.local/lib/python3.12/site-packages/airflow/example_dags/example_latest_only.py
[2024-09-22T23:37:48.014+0000] {processor.py:925} INFO - DAG(s) 'latest_only' retrieved from /home/airflow/.local/lib/python3.12/site-packages/airflow/example_dags/example_latest_only.py
[2024-09-22T23:37:48.042+0000] {logging_mixin.py:190} INFO - [2024-09-22T23:37:48.042+0000] {dag.py:3229} INFO - Sync 1 DAGs
[2024-09-22T23:37:48.077+0000] {logging_mixin.py:190} INFO - [2024-09-22T23:37:48.077+0000] {dag.py:4156} INFO - Setting next_dagrun for latest_only to 2024-09-22 16:00:00+00:00, run_after=2024-09-22 20:00:00+00:00
[2024-09-22T23:37:48.107+0000] {processor.py:208} INFO - Processing /home/airflow/.local/lib/python3.12/site-packages/airflow/example_dags/example_latest_only.py took 0.123 seconds
[2024-09-22T23:38:19.255+0000] {processor.py:186} INFO - Started process (PID=1547) to work on /home/airflow/.local/lib/python3.12/site-packages/airflow/example_dags/example_latest_only.py
[2024-09-22T23:38:19.256+0000] {processor.py:914} INFO - Processing file /home/airflow/.local/lib/python3.12/site-packages/airflow/example_dags/example_latest_only.py for tasks to queue
[2024-09-22T23:38:19.260+0000] {logging_mixin.py:190} INFO - [2024-09-22T23:38:19.259+0000] {dagbag.py:587} INFO - Filling up the DagBag from /home/airflow/.local/lib/python3.12/site-packages/airflow/example_dags/example_latest_only.py
[2024-09-22T23:38:19.274+0000] {processor.py:925} INFO - DAG(s) 'latest_only' retrieved from /home/airflow/.local/lib/python3.12/site-packages/airflow/example_dags/example_latest_only.py
[2024-09-22T23:38:19.303+0000] {logging_mixin.py:190} INFO - [2024-09-22T23:38:19.303+0000] {dag.py:3229} INFO - Sync 1 DAGs
[2024-09-22T23:38:19.335+0000] {logging_mixin.py:190} INFO - [2024-09-22T23:38:19.335+0000] {dag.py:4156} INFO - Setting next_dagrun for latest_only to 2024-09-22 16:00:00+00:00, run_after=2024-09-22 20:00:00+00:00
[2024-09-22T23:38:19.359+0000] {processor.py:208} INFO - Processing /home/airflow/.local/lib/python3.12/site-packages/airflow/example_dags/example_latest_only.py took 0.113 seconds
[2024-09-22T23:38:50.001+0000] {processor.py:186} INFO - Started process (PID=1610) to work on /home/airflow/.local/lib/python3.12/site-packages/airflow/example_dags/example_latest_only.py
[2024-09-22T23:38:50.003+0000] {processor.py:914} INFO - Processing file /home/airflow/.local/lib/python3.12/site-packages/airflow/example_dags/example_latest_only.py for tasks to queue
[2024-09-22T23:38:50.006+0000] {logging_mixin.py:190} INFO - [2024-09-22T23:38:50.006+0000] {dagbag.py:587} INFO - Filling up the DagBag from /home/airflow/.local/lib/python3.12/site-packages/airflow/example_dags/example_latest_only.py
[2024-09-22T23:38:50.021+0000] {processor.py:925} INFO - DAG(s) 'latest_only' retrieved from /home/airflow/.local/lib/python3.12/site-packages/airflow/example_dags/example_latest_only.py
[2024-09-22T23:38:50.055+0000] {logging_mixin.py:190} INFO - [2024-09-22T23:38:50.055+0000] {dag.py:3229} INFO - Sync 1 DAGs
[2024-09-22T23:38:50.090+0000] {logging_mixin.py:190} INFO - [2024-09-22T23:38:50.089+0000] {dag.py:4156} INFO - Setting next_dagrun for latest_only to 2024-09-22 16:00:00+00:00, run_after=2024-09-22 20:00:00+00:00
[2024-09-22T23:38:50.117+0000] {processor.py:208} INFO - Processing /home/airflow/.local/lib/python3.12/site-packages/airflow/example_dags/example_latest_only.py took 0.126 seconds
[2024-09-22T23:39:20.834+0000] {processor.py:186} INFO - Started process (PID=1673) to work on /home/airflow/.local/lib/python3.12/site-packages/airflow/example_dags/example_latest_only.py
[2024-09-22T23:39:20.835+0000] {processor.py:914} INFO - Processing file /home/airflow/.local/lib/python3.12/site-packages/airflow/example_dags/example_latest_only.py for tasks to queue
[2024-09-22T23:39:20.839+0000] {logging_mixin.py:190} INFO - [2024-09-22T23:39:20.838+0000] {dagbag.py:587} INFO - Filling up the DagBag from /home/airflow/.local/lib/python3.12/site-packages/airflow/example_dags/example_latest_only.py
[2024-09-22T23:39:20.854+0000] {processor.py:925} INFO - DAG(s) 'latest_only' retrieved from /home/airflow/.local/lib/python3.12/site-packages/airflow/example_dags/example_latest_only.py
[2024-09-22T23:39:20.891+0000] {logging_mixin.py:190} INFO - [2024-09-22T23:39:20.891+0000] {dag.py:3229} INFO - Sync 1 DAGs
[2024-09-22T23:39:20.925+0000] {logging_mixin.py:190} INFO - [2024-09-22T23:39:20.924+0000] {dag.py:4156} INFO - Setting next_dagrun for latest_only to 2024-09-22 16:00:00+00:00, run_after=2024-09-22 20:00:00+00:00
[2024-09-22T23:39:20.953+0000] {processor.py:208} INFO - Processing /home/airflow/.local/lib/python3.12/site-packages/airflow/example_dags/example_latest_only.py took 0.130 seconds
[2024-09-22T23:39:51.981+0000] {processor.py:186} INFO - Started process (PID=1736) to work on /home/airflow/.local/lib/python3.12/site-packages/airflow/example_dags/example_latest_only.py
[2024-09-22T23:39:51.983+0000] {processor.py:914} INFO - Processing file /home/airflow/.local/lib/python3.12/site-packages/airflow/example_dags/example_latest_only.py for tasks to queue
[2024-09-22T23:39:51.988+0000] {logging_mixin.py:190} INFO - [2024-09-22T23:39:51.987+0000] {dagbag.py:587} INFO - Filling up the DagBag from /home/airflow/.local/lib/python3.12/site-packages/airflow/example_dags/example_latest_only.py
[2024-09-22T23:39:52.008+0000] {processor.py:925} INFO - DAG(s) 'latest_only' retrieved from /home/airflow/.local/lib/python3.12/site-packages/airflow/example_dags/example_latest_only.py
[2024-09-22T23:39:52.043+0000] {logging_mixin.py:190} INFO - [2024-09-22T23:39:52.043+0000] {dag.py:3229} INFO - Sync 1 DAGs
[2024-09-22T23:39:52.076+0000] {logging_mixin.py:190} INFO - [2024-09-22T23:39:52.075+0000] {dag.py:4156} INFO - Setting next_dagrun for latest_only to 2024-09-22 16:00:00+00:00, run_after=2024-09-22 20:00:00+00:00
[2024-09-22T23:39:52.104+0000] {processor.py:208} INFO - Processing /home/airflow/.local/lib/python3.12/site-packages/airflow/example_dags/example_latest_only.py took 0.135 seconds
[2024-09-22T23:40:23.395+0000] {processor.py:186} INFO - Started process (PID=1800) to work on /home/airflow/.local/lib/python3.12/site-packages/airflow/example_dags/example_latest_only.py
[2024-09-22T23:40:23.397+0000] {processor.py:914} INFO - Processing file /home/airflow/.local/lib/python3.12/site-packages/airflow/example_dags/example_latest_only.py for tasks to queue
[2024-09-22T23:40:23.402+0000] {logging_mixin.py:190} INFO - [2024-09-22T23:40:23.401+0000] {dagbag.py:587} INFO - Filling up the DagBag from /home/airflow/.local/lib/python3.12/site-packages/airflow/example_dags/example_latest_only.py
[2024-09-22T23:40:23.417+0000] {processor.py:925} INFO - DAG(s) 'latest_only' retrieved from /home/airflow/.local/lib/python3.12/site-packages/airflow/example_dags/example_latest_only.py
[2024-09-22T23:40:23.444+0000] {logging_mixin.py:190} INFO - [2024-09-22T23:40:23.444+0000] {dag.py:3229} INFO - Sync 1 DAGs
[2024-09-22T23:40:23.477+0000] {logging_mixin.py:190} INFO - [2024-09-22T23:40:23.476+0000] {dag.py:4156} INFO - Setting next_dagrun for latest_only to 2024-09-22 16:00:00+00:00, run_after=2024-09-22 20:00:00+00:00
[2024-09-22T23:40:23.499+0000] {processor.py:208} INFO - Processing /home/airflow/.local/lib/python3.12/site-packages/airflow/example_dags/example_latest_only.py took 0.114 seconds
[2024-09-22T23:40:54.702+0000] {processor.py:186} INFO - Started process (PID=1863) to work on /home/airflow/.local/lib/python3.12/site-packages/airflow/example_dags/example_latest_only.py
[2024-09-22T23:40:54.703+0000] {processor.py:914} INFO - Processing file /home/airflow/.local/lib/python3.12/site-packages/airflow/example_dags/example_latest_only.py for tasks to queue
[2024-09-22T23:40:54.706+0000] {logging_mixin.py:190} INFO - [2024-09-22T23:40:54.706+0000] {dagbag.py:587} INFO - Filling up the DagBag from /home/airflow/.local/lib/python3.12/site-packages/airflow/example_dags/example_latest_only.py
[2024-09-22T23:40:54.722+0000] {processor.py:925} INFO - DAG(s) 'latest_only' retrieved from /home/airflow/.local/lib/python3.12/site-packages/airflow/example_dags/example_latest_only.py
[2024-09-22T23:40:54.754+0000] {logging_mixin.py:190} INFO - [2024-09-22T23:40:54.754+0000] {dag.py:3229} INFO - Sync 1 DAGs
[2024-09-22T23:40:54.788+0000] {logging_mixin.py:190} INFO - [2024-09-22T23:40:54.788+0000] {dag.py:4156} INFO - Setting next_dagrun for latest_only to 2024-09-22 16:00:00+00:00, run_after=2024-09-22 20:00:00+00:00
[2024-09-22T23:40:54.813+0000] {processor.py:208} INFO - Processing /home/airflow/.local/lib/python3.12/site-packages/airflow/example_dags/example_latest_only.py took 0.120 seconds
[2024-09-22T23:41:26.011+0000] {processor.py:186} INFO - Started process (PID=1928) to work on /home/airflow/.local/lib/python3.12/site-packages/airflow/example_dags/example_latest_only.py
[2024-09-22T23:41:26.013+0000] {processor.py:914} INFO - Processing file /home/airflow/.local/lib/python3.12/site-packages/airflow/example_dags/example_latest_only.py for tasks to queue
[2024-09-22T23:41:26.016+0000] {logging_mixin.py:190} INFO - [2024-09-22T23:41:26.016+0000] {dagbag.py:587} INFO - Filling up the DagBag from /home/airflow/.local/lib/python3.12/site-packages/airflow/example_dags/example_latest_only.py
[2024-09-22T23:41:26.031+0000] {processor.py:925} INFO - DAG(s) 'latest_only' retrieved from /home/airflow/.local/lib/python3.12/site-packages/airflow/example_dags/example_latest_only.py
[2024-09-22T23:41:26.065+0000] {logging_mixin.py:190} INFO - [2024-09-22T23:41:26.064+0000] {dag.py:3229} INFO - Sync 1 DAGs
[2024-09-22T23:41:26.098+0000] {logging_mixin.py:190} INFO - [2024-09-22T23:41:26.098+0000] {dag.py:4156} INFO - Setting next_dagrun for latest_only to 2024-09-22 16:00:00+00:00, run_after=2024-09-22 20:00:00+00:00
[2024-09-22T23:41:26.121+0000] {processor.py:208} INFO - Processing /home/airflow/.local/lib/python3.12/site-packages/airflow/example_dags/example_latest_only.py took 0.118 seconds
[2024-09-22T23:41:57.107+0000] {processor.py:186} INFO - Started process (PID=1993) to work on /home/airflow/.local/lib/python3.12/site-packages/airflow/example_dags/example_latest_only.py
[2024-09-22T23:41:57.109+0000] {processor.py:914} INFO - Processing file /home/airflow/.local/lib/python3.12/site-packages/airflow/example_dags/example_latest_only.py for tasks to queue
[2024-09-22T23:41:57.113+0000] {logging_mixin.py:190} INFO - [2024-09-22T23:41:57.113+0000] {dagbag.py:587} INFO - Filling up the DagBag from /home/airflow/.local/lib/python3.12/site-packages/airflow/example_dags/example_latest_only.py
[2024-09-22T23:41:57.133+0000] {processor.py:925} INFO - DAG(s) 'latest_only' retrieved from /home/airflow/.local/lib/python3.12/site-packages/airflow/example_dags/example_latest_only.py
[2024-09-22T23:41:57.164+0000] {logging_mixin.py:190} INFO - [2024-09-22T23:41:57.164+0000] {dag.py:3229} INFO - Sync 1 DAGs
[2024-09-22T23:41:57.482+0000] {logging_mixin.py:190} INFO - [2024-09-22T23:41:57.482+0000] {dag.py:4156} INFO - Setting next_dagrun for latest_only to 2024-09-22 16:00:00+00:00, run_after=2024-09-22 20:00:00+00:00
[2024-09-22T23:41:57.503+0000] {processor.py:208} INFO - Processing /home/airflow/.local/lib/python3.12/site-packages/airflow/example_dags/example_latest_only.py took 0.407 seconds
[2024-09-22T23:42:27.630+0000] {processor.py:186} INFO - Started process (PID=2056) to work on /home/airflow/.local/lib/python3.12/site-packages/airflow/example_dags/example_latest_only.py
[2024-09-22T23:42:27.632+0000] {processor.py:914} INFO - Processing file /home/airflow/.local/lib/python3.12/site-packages/airflow/example_dags/example_latest_only.py for tasks to queue
[2024-09-22T23:42:27.636+0000] {logging_mixin.py:190} INFO - [2024-09-22T23:42:27.635+0000] {dagbag.py:587} INFO - Filling up the DagBag from /home/airflow/.local/lib/python3.12/site-packages/airflow/example_dags/example_latest_only.py
[2024-09-22T23:42:27.651+0000] {processor.py:925} INFO - DAG(s) 'latest_only' retrieved from /home/airflow/.local/lib/python3.12/site-packages/airflow/example_dags/example_latest_only.py
[2024-09-22T23:42:27.680+0000] {logging_mixin.py:190} INFO - [2024-09-22T23:42:27.680+0000] {dag.py:3229} INFO - Sync 1 DAGs
[2024-09-22T23:42:27.713+0000] {logging_mixin.py:190} INFO - [2024-09-22T23:42:27.712+0000] {dag.py:4156} INFO - Setting next_dagrun for latest_only to 2024-09-22 16:00:00+00:00, run_after=2024-09-22 20:00:00+00:00
[2024-09-22T23:42:27.738+0000] {processor.py:208} INFO - Processing /home/airflow/.local/lib/python3.12/site-packages/airflow/example_dags/example_latest_only.py took 0.118 seconds
[2024-09-22T23:42:59.112+0000] {processor.py:186} INFO - Started process (PID=2119) to work on /home/airflow/.local/lib/python3.12/site-packages/airflow/example_dags/example_latest_only.py
[2024-09-22T23:42:59.116+0000] {processor.py:914} INFO - Processing file /home/airflow/.local/lib/python3.12/site-packages/airflow/example_dags/example_latest_only.py for tasks to queue
[2024-09-22T23:42:59.124+0000] {logging_mixin.py:190} INFO - [2024-09-22T23:42:59.121+0000] {dagbag.py:587} INFO - Filling up the DagBag from /home/airflow/.local/lib/python3.12/site-packages/airflow/example_dags/example_latest_only.py
[2024-09-22T23:42:59.162+0000] {processor.py:925} INFO - DAG(s) 'latest_only' retrieved from /home/airflow/.local/lib/python3.12/site-packages/airflow/example_dags/example_latest_only.py
[2024-09-22T23:42:59.237+0000] {logging_mixin.py:190} INFO - [2024-09-22T23:42:59.236+0000] {dag.py:3229} INFO - Sync 1 DAGs
[2024-09-22T23:42:59.328+0000] {logging_mixin.py:190} INFO - [2024-09-22T23:42:59.327+0000] {dag.py:4156} INFO - Setting next_dagrun for latest_only to 2024-09-22 16:00:00+00:00, run_after=2024-09-22 20:00:00+00:00
[2024-09-22T23:42:59.386+0000] {processor.py:208} INFO - Processing /home/airflow/.local/lib/python3.12/site-packages/airflow/example_dags/example_latest_only.py took 0.299 seconds
[2024-09-22T23:43:30.086+0000] {processor.py:186} INFO - Started process (PID=2183) to work on /home/airflow/.local/lib/python3.12/site-packages/airflow/example_dags/example_latest_only.py
[2024-09-22T23:43:30.088+0000] {processor.py:914} INFO - Processing file /home/airflow/.local/lib/python3.12/site-packages/airflow/example_dags/example_latest_only.py for tasks to queue
[2024-09-22T23:43:30.092+0000] {logging_mixin.py:190} INFO - [2024-09-22T23:43:30.091+0000] {dagbag.py:587} INFO - Filling up the DagBag from /home/airflow/.local/lib/python3.12/site-packages/airflow/example_dags/example_latest_only.py
[2024-09-22T23:43:30.108+0000] {processor.py:925} INFO - DAG(s) 'latest_only' retrieved from /home/airflow/.local/lib/python3.12/site-packages/airflow/example_dags/example_latest_only.py
[2024-09-22T23:43:30.137+0000] {logging_mixin.py:190} INFO - [2024-09-22T23:43:30.137+0000] {dag.py:3229} INFO - Sync 1 DAGs
[2024-09-22T23:43:30.169+0000] {logging_mixin.py:190} INFO - [2024-09-22T23:43:30.169+0000] {dag.py:4156} INFO - Setting next_dagrun for latest_only to 2024-09-22 16:00:00+00:00, run_after=2024-09-22 20:00:00+00:00
[2024-09-22T23:43:30.195+0000] {processor.py:208} INFO - Processing /home/airflow/.local/lib/python3.12/site-packages/airflow/example_dags/example_latest_only.py took 0.119 seconds
[2024-09-22T23:44:00.706+0000] {processor.py:186} INFO - Started process (PID=2246) to work on /home/airflow/.local/lib/python3.12/site-packages/airflow/example_dags/example_latest_only.py
[2024-09-22T23:44:00.707+0000] {processor.py:914} INFO - Processing file /home/airflow/.local/lib/python3.12/site-packages/airflow/example_dags/example_latest_only.py for tasks to queue
[2024-09-22T23:44:00.711+0000] {logging_mixin.py:190} INFO - [2024-09-22T23:44:00.710+0000] {dagbag.py:587} INFO - Filling up the DagBag from /home/airflow/.local/lib/python3.12/site-packages/airflow/example_dags/example_latest_only.py
[2024-09-22T23:44:00.729+0000] {processor.py:925} INFO - DAG(s) 'latest_only' retrieved from /home/airflow/.local/lib/python3.12/site-packages/airflow/example_dags/example_latest_only.py
[2024-09-22T23:44:00.759+0000] {logging_mixin.py:190} INFO - [2024-09-22T23:44:00.759+0000] {dag.py:3229} INFO - Sync 1 DAGs
[2024-09-22T23:44:00.793+0000] {logging_mixin.py:190} INFO - [2024-09-22T23:44:00.792+0000] {dag.py:4156} INFO - Setting next_dagrun for latest_only to 2024-09-22 16:00:00+00:00, run_after=2024-09-22 20:00:00+00:00
[2024-09-22T23:44:00.822+0000] {processor.py:208} INFO - Processing /home/airflow/.local/lib/python3.12/site-packages/airflow/example_dags/example_latest_only.py took 0.127 seconds
[2024-09-22T23:46:57.856+0000] {processor.py:186} INFO - Started process (PID=104) to work on /home/airflow/.local/lib/python3.12/site-packages/airflow/example_dags/example_latest_only.py
[2024-09-22T23:46:57.858+0000] {processor.py:914} INFO - Processing file /home/airflow/.local/lib/python3.12/site-packages/airflow/example_dags/example_latest_only.py for tasks to queue
[2024-09-22T23:46:57.863+0000] {logging_mixin.py:190} INFO - [2024-09-22T23:46:57.862+0000] {dagbag.py:587} INFO - Filling up the DagBag from /home/airflow/.local/lib/python3.12/site-packages/airflow/example_dags/example_latest_only.py
[2024-09-22T23:46:57.891+0000] {processor.py:925} INFO - DAG(s) 'latest_only' retrieved from /home/airflow/.local/lib/python3.12/site-packages/airflow/example_dags/example_latest_only.py
[2024-09-22T23:46:57.939+0000] {logging_mixin.py:190} INFO - [2024-09-22T23:46:57.938+0000] {dag.py:3229} INFO - Sync 1 DAGs
[2024-09-22T23:46:58.000+0000] {logging_mixin.py:190} INFO - [2024-09-22T23:46:57.999+0000] {dag.py:4156} INFO - Setting next_dagrun for latest_only to 2024-09-22 16:00:00+00:00, run_after=2024-09-22 20:00:00+00:00
[2024-09-22T23:46:58.036+0000] {processor.py:208} INFO - Processing /home/airflow/.local/lib/python3.12/site-packages/airflow/example_dags/example_latest_only.py took 0.197 seconds
[2024-09-22T23:47:28.229+0000] {processor.py:186} INFO - Started process (PID=166) to work on /home/airflow/.local/lib/python3.12/site-packages/airflow/example_dags/example_latest_only.py
[2024-09-22T23:47:28.231+0000] {processor.py:914} INFO - Processing file /home/airflow/.local/lib/python3.12/site-packages/airflow/example_dags/example_latest_only.py for tasks to queue
[2024-09-22T23:47:28.234+0000] {logging_mixin.py:190} INFO - [2024-09-22T23:47:28.234+0000] {dagbag.py:587} INFO - Filling up the DagBag from /home/airflow/.local/lib/python3.12/site-packages/airflow/example_dags/example_latest_only.py
[2024-09-22T23:47:28.250+0000] {processor.py:925} INFO - DAG(s) 'latest_only' retrieved from /home/airflow/.local/lib/python3.12/site-packages/airflow/example_dags/example_latest_only.py
[2024-09-22T23:47:28.280+0000] {logging_mixin.py:190} INFO - [2024-09-22T23:47:28.280+0000] {dag.py:3229} INFO - Sync 1 DAGs
[2024-09-22T23:47:28.314+0000] {logging_mixin.py:190} INFO - [2024-09-22T23:47:28.314+0000] {dag.py:4156} INFO - Setting next_dagrun for latest_only to 2024-09-22 16:00:00+00:00, run_after=2024-09-22 20:00:00+00:00
[2024-09-22T23:47:28.342+0000] {processor.py:208} INFO - Processing /home/airflow/.local/lib/python3.12/site-packages/airflow/example_dags/example_latest_only.py took 0.122 seconds
[2024-09-22T23:47:58.715+0000] {processor.py:186} INFO - Started process (PID=229) to work on /home/airflow/.local/lib/python3.12/site-packages/airflow/example_dags/example_latest_only.py
[2024-09-22T23:47:58.717+0000] {processor.py:914} INFO - Processing file /home/airflow/.local/lib/python3.12/site-packages/airflow/example_dags/example_latest_only.py for tasks to queue
[2024-09-22T23:47:58.721+0000] {logging_mixin.py:190} INFO - [2024-09-22T23:47:58.720+0000] {dagbag.py:587} INFO - Filling up the DagBag from /home/airflow/.local/lib/python3.12/site-packages/airflow/example_dags/example_latest_only.py
[2024-09-22T23:47:58.737+0000] {processor.py:925} INFO - DAG(s) 'latest_only' retrieved from /home/airflow/.local/lib/python3.12/site-packages/airflow/example_dags/example_latest_only.py
[2024-09-22T23:47:58.767+0000] {logging_mixin.py:190} INFO - [2024-09-22T23:47:58.767+0000] {dag.py:3229} INFO - Sync 1 DAGs
[2024-09-22T23:47:58.802+0000] {logging_mixin.py:190} INFO - [2024-09-22T23:47:58.802+0000] {dag.py:4156} INFO - Setting next_dagrun for latest_only to 2024-09-22 16:00:00+00:00, run_after=2024-09-22 20:00:00+00:00
[2024-09-22T23:47:58.831+0000] {processor.py:208} INFO - Processing /home/airflow/.local/lib/python3.12/site-packages/airflow/example_dags/example_latest_only.py took 0.125 seconds
[2024-09-22T23:48:29.334+0000] {processor.py:186} INFO - Started process (PID=292) to work on /home/airflow/.local/lib/python3.12/site-packages/airflow/example_dags/example_latest_only.py
[2024-09-22T23:48:29.335+0000] {processor.py:914} INFO - Processing file /home/airflow/.local/lib/python3.12/site-packages/airflow/example_dags/example_latest_only.py for tasks to queue
[2024-09-22T23:48:29.339+0000] {logging_mixin.py:190} INFO - [2024-09-22T23:48:29.338+0000] {dagbag.py:587} INFO - Filling up the DagBag from /home/airflow/.local/lib/python3.12/site-packages/airflow/example_dags/example_latest_only.py
[2024-09-22T23:48:29.355+0000] {processor.py:925} INFO - DAG(s) 'latest_only' retrieved from /home/airflow/.local/lib/python3.12/site-packages/airflow/example_dags/example_latest_only.py
[2024-09-22T23:48:29.383+0000] {logging_mixin.py:190} INFO - [2024-09-22T23:48:29.383+0000] {dag.py:3229} INFO - Sync 1 DAGs
[2024-09-22T23:48:29.415+0000] {logging_mixin.py:190} INFO - [2024-09-22T23:48:29.415+0000] {dag.py:4156} INFO - Setting next_dagrun for latest_only to 2024-09-22 16:00:00+00:00, run_after=2024-09-22 20:00:00+00:00
[2024-09-22T23:48:29.439+0000] {processor.py:208} INFO - Processing /home/airflow/.local/lib/python3.12/site-packages/airflow/example_dags/example_latest_only.py took 0.115 seconds
[2024-09-22T23:49:00.155+0000] {processor.py:186} INFO - Started process (PID=355) to work on /home/airflow/.local/lib/python3.12/site-packages/airflow/example_dags/example_latest_only.py
[2024-09-22T23:49:00.157+0000] {processor.py:914} INFO - Processing file /home/airflow/.local/lib/python3.12/site-packages/airflow/example_dags/example_latest_only.py for tasks to queue
[2024-09-22T23:49:00.161+0000] {logging_mixin.py:190} INFO - [2024-09-22T23:49:00.160+0000] {dagbag.py:587} INFO - Filling up the DagBag from /home/airflow/.local/lib/python3.12/site-packages/airflow/example_dags/example_latest_only.py
[2024-09-22T23:49:00.177+0000] {processor.py:925} INFO - DAG(s) 'latest_only' retrieved from /home/airflow/.local/lib/python3.12/site-packages/airflow/example_dags/example_latest_only.py
[2024-09-22T23:49:00.209+0000] {logging_mixin.py:190} INFO - [2024-09-22T23:49:00.209+0000] {dag.py:3229} INFO - Sync 1 DAGs
[2024-09-22T23:49:00.242+0000] {logging_mixin.py:190} INFO - [2024-09-22T23:49:00.242+0000] {dag.py:4156} INFO - Setting next_dagrun for latest_only to 2024-09-22 16:00:00+00:00, run_after=2024-09-22 20:00:00+00:00
[2024-09-22T23:49:00.268+0000] {processor.py:208} INFO - Processing /home/airflow/.local/lib/python3.12/site-packages/airflow/example_dags/example_latest_only.py took 0.126 seconds
[2024-09-22T23:49:31.112+0000] {processor.py:186} INFO - Started process (PID=418) to work on /home/airflow/.local/lib/python3.12/site-packages/airflow/example_dags/example_latest_only.py
[2024-09-22T23:49:31.113+0000] {processor.py:914} INFO - Processing file /home/airflow/.local/lib/python3.12/site-packages/airflow/example_dags/example_latest_only.py for tasks to queue
[2024-09-22T23:49:31.116+0000] {logging_mixin.py:190} INFO - [2024-09-22T23:49:31.116+0000] {dagbag.py:587} INFO - Filling up the DagBag from /home/airflow/.local/lib/python3.12/site-packages/airflow/example_dags/example_latest_only.py
[2024-09-22T23:49:31.132+0000] {processor.py:925} INFO - DAG(s) 'latest_only' retrieved from /home/airflow/.local/lib/python3.12/site-packages/airflow/example_dags/example_latest_only.py
[2024-09-22T23:49:31.162+0000] {logging_mixin.py:190} INFO - [2024-09-22T23:49:31.161+0000] {dag.py:3229} INFO - Sync 1 DAGs
[2024-09-22T23:49:31.203+0000] {logging_mixin.py:190} INFO - [2024-09-22T23:49:31.202+0000] {dag.py:4156} INFO - Setting next_dagrun for latest_only to 2024-09-22 16:00:00+00:00, run_after=2024-09-22 20:00:00+00:00
[2024-09-22T23:49:31.226+0000] {processor.py:208} INFO - Processing /home/airflow/.local/lib/python3.12/site-packages/airflow/example_dags/example_latest_only.py took 0.125 seconds
[2024-09-22T23:50:01.711+0000] {processor.py:186} INFO - Started process (PID=481) to work on /home/airflow/.local/lib/python3.12/site-packages/airflow/example_dags/example_latest_only.py
[2024-09-22T23:50:01.714+0000] {processor.py:914} INFO - Processing file /home/airflow/.local/lib/python3.12/site-packages/airflow/example_dags/example_latest_only.py for tasks to queue
[2024-09-22T23:50:01.718+0000] {logging_mixin.py:190} INFO - [2024-09-22T23:50:01.718+0000] {dagbag.py:587} INFO - Filling up the DagBag from /home/airflow/.local/lib/python3.12/site-packages/airflow/example_dags/example_latest_only.py
[2024-09-22T23:50:01.741+0000] {processor.py:925} INFO - DAG(s) 'latest_only' retrieved from /home/airflow/.local/lib/python3.12/site-packages/airflow/example_dags/example_latest_only.py
[2024-09-22T23:50:01.781+0000] {logging_mixin.py:190} INFO - [2024-09-22T23:50:01.780+0000] {dag.py:3229} INFO - Sync 1 DAGs
[2024-09-22T23:50:01.833+0000] {logging_mixin.py:190} INFO - [2024-09-22T23:50:01.832+0000] {dag.py:4156} INFO - Setting next_dagrun for latest_only to 2024-09-22 16:00:00+00:00, run_after=2024-09-22 20:00:00+00:00
[2024-09-22T23:50:01.867+0000] {processor.py:208} INFO - Processing /home/airflow/.local/lib/python3.12/site-packages/airflow/example_dags/example_latest_only.py took 0.170 seconds
[2024-09-22T23:50:32.919+0000] {processor.py:186} INFO - Started process (PID=544) to work on /home/airflow/.local/lib/python3.12/site-packages/airflow/example_dags/example_latest_only.py
[2024-09-22T23:50:32.922+0000] {processor.py:914} INFO - Processing file /home/airflow/.local/lib/python3.12/site-packages/airflow/example_dags/example_latest_only.py for tasks to queue
[2024-09-22T23:50:32.927+0000] {logging_mixin.py:190} INFO - [2024-09-22T23:50:32.926+0000] {dagbag.py:587} INFO - Filling up the DagBag from /home/airflow/.local/lib/python3.12/site-packages/airflow/example_dags/example_latest_only.py
[2024-09-22T23:50:32.948+0000] {processor.py:925} INFO - DAG(s) 'latest_only' retrieved from /home/airflow/.local/lib/python3.12/site-packages/airflow/example_dags/example_latest_only.py
[2024-09-22T23:50:32.985+0000] {logging_mixin.py:190} INFO - [2024-09-22T23:50:32.984+0000] {dag.py:3229} INFO - Sync 1 DAGs
[2024-09-22T23:50:33.029+0000] {logging_mixin.py:190} INFO - [2024-09-22T23:50:33.029+0000] {dag.py:4156} INFO - Setting next_dagrun for latest_only to 2024-09-22 16:00:00+00:00, run_after=2024-09-22 20:00:00+00:00
[2024-09-22T23:50:33.065+0000] {processor.py:208} INFO - Processing /home/airflow/.local/lib/python3.12/site-packages/airflow/example_dags/example_latest_only.py took 0.159 seconds
[2024-09-22T23:51:03.532+0000] {processor.py:186} INFO - Started process (PID=607) to work on /home/airflow/.local/lib/python3.12/site-packages/airflow/example_dags/example_latest_only.py
[2024-09-22T23:51:03.534+0000] {processor.py:914} INFO - Processing file /home/airflow/.local/lib/python3.12/site-packages/airflow/example_dags/example_latest_only.py for tasks to queue
[2024-09-22T23:51:03.538+0000] {logging_mixin.py:190} INFO - [2024-09-22T23:51:03.538+0000] {dagbag.py:587} INFO - Filling up the DagBag from /home/airflow/.local/lib/python3.12/site-packages/airflow/example_dags/example_latest_only.py
[2024-09-22T23:51:03.554+0000] {processor.py:925} INFO - DAG(s) 'latest_only' retrieved from /home/airflow/.local/lib/python3.12/site-packages/airflow/example_dags/example_latest_only.py
[2024-09-22T23:51:03.582+0000] {logging_mixin.py:190} INFO - [2024-09-22T23:51:03.581+0000] {dag.py:3229} INFO - Sync 1 DAGs
[2024-09-22T23:51:03.617+0000] {logging_mixin.py:190} INFO - [2024-09-22T23:51:03.616+0000] {dag.py:4156} INFO - Setting next_dagrun for latest_only to 2024-09-22 16:00:00+00:00, run_after=2024-09-22 20:00:00+00:00
[2024-09-22T23:51:03.641+0000] {processor.py:208} INFO - Processing /home/airflow/.local/lib/python3.12/site-packages/airflow/example_dags/example_latest_only.py took 0.124 seconds
[2024-09-22T23:51:34.219+0000] {processor.py:186} INFO - Started process (PID=671) to work on /home/airflow/.local/lib/python3.12/site-packages/airflow/example_dags/example_latest_only.py
[2024-09-22T23:51:34.221+0000] {processor.py:914} INFO - Processing file /home/airflow/.local/lib/python3.12/site-packages/airflow/example_dags/example_latest_only.py for tasks to queue
[2024-09-22T23:51:34.224+0000] {logging_mixin.py:190} INFO - [2024-09-22T23:51:34.224+0000] {dagbag.py:587} INFO - Filling up the DagBag from /home/airflow/.local/lib/python3.12/site-packages/airflow/example_dags/example_latest_only.py
[2024-09-22T23:51:34.241+0000] {processor.py:925} INFO - DAG(s) 'latest_only' retrieved from /home/airflow/.local/lib/python3.12/site-packages/airflow/example_dags/example_latest_only.py
[2024-09-22T23:51:34.268+0000] {logging_mixin.py:190} INFO - [2024-09-22T23:51:34.268+0000] {dag.py:3229} INFO - Sync 1 DAGs
[2024-09-22T23:51:34.300+0000] {logging_mixin.py:190} INFO - [2024-09-22T23:51:34.300+0000] {dag.py:4156} INFO - Setting next_dagrun for latest_only to 2024-09-22 16:00:00+00:00, run_after=2024-09-22 20:00:00+00:00
[2024-09-22T23:51:34.333+0000] {processor.py:208} INFO - Processing /home/airflow/.local/lib/python3.12/site-packages/airflow/example_dags/example_latest_only.py took 0.123 seconds
[2024-09-22T23:52:04.923+0000] {processor.py:186} INFO - Started process (PID=735) to work on /home/airflow/.local/lib/python3.12/site-packages/airflow/example_dags/example_latest_only.py
[2024-09-22T23:52:04.925+0000] {processor.py:914} INFO - Processing file /home/airflow/.local/lib/python3.12/site-packages/airflow/example_dags/example_latest_only.py for tasks to queue
[2024-09-22T23:52:04.929+0000] {logging_mixin.py:190} INFO - [2024-09-22T23:52:04.928+0000] {dagbag.py:587} INFO - Filling up the DagBag from /home/airflow/.local/lib/python3.12/site-packages/airflow/example_dags/example_latest_only.py
[2024-09-22T23:52:04.945+0000] {processor.py:925} INFO - DAG(s) 'latest_only' retrieved from /home/airflow/.local/lib/python3.12/site-packages/airflow/example_dags/example_latest_only.py
[2024-09-22T23:52:04.980+0000] {logging_mixin.py:190} INFO - [2024-09-22T23:52:04.980+0000] {dag.py:3229} INFO - Sync 1 DAGs
[2024-09-22T23:52:05.017+0000] {logging_mixin.py:190} INFO - [2024-09-22T23:52:05.017+0000] {dag.py:4156} INFO - Setting next_dagrun for latest_only to 2024-09-22 16:00:00+00:00, run_after=2024-09-22 20:00:00+00:00
[2024-09-22T23:52:05.040+0000] {processor.py:208} INFO - Processing /home/airflow/.local/lib/python3.12/site-packages/airflow/example_dags/example_latest_only.py took 0.127 seconds
[2024-09-22T23:52:35.496+0000] {processor.py:186} INFO - Started process (PID=797) to work on /home/airflow/.local/lib/python3.12/site-packages/airflow/example_dags/example_latest_only.py
[2024-09-22T23:52:35.498+0000] {processor.py:914} INFO - Processing file /home/airflow/.local/lib/python3.12/site-packages/airflow/example_dags/example_latest_only.py for tasks to queue
[2024-09-22T23:52:35.501+0000] {logging_mixin.py:190} INFO - [2024-09-22T23:52:35.501+0000] {dagbag.py:587} INFO - Filling up the DagBag from /home/airflow/.local/lib/python3.12/site-packages/airflow/example_dags/example_latest_only.py
[2024-09-22T23:52:35.517+0000] {processor.py:925} INFO - DAG(s) 'latest_only' retrieved from /home/airflow/.local/lib/python3.12/site-packages/airflow/example_dags/example_latest_only.py
[2024-09-22T23:52:35.547+0000] {logging_mixin.py:190} INFO - [2024-09-22T23:52:35.547+0000] {dag.py:3229} INFO - Sync 1 DAGs
[2024-09-22T23:52:35.584+0000] {logging_mixin.py:190} INFO - [2024-09-22T23:52:35.583+0000] {dag.py:4156} INFO - Setting next_dagrun for latest_only to 2024-09-22 16:00:00+00:00, run_after=2024-09-22 20:00:00+00:00
[2024-09-22T23:52:35.610+0000] {processor.py:208} INFO - Processing /home/airflow/.local/lib/python3.12/site-packages/airflow/example_dags/example_latest_only.py took 0.124 seconds
[2024-09-22T23:53:05.687+0000] {processor.py:186} INFO - Started process (PID=859) to work on /home/airflow/.local/lib/python3.12/site-packages/airflow/example_dags/example_latest_only.py
[2024-09-22T23:53:05.688+0000] {processor.py:914} INFO - Processing file /home/airflow/.local/lib/python3.12/site-packages/airflow/example_dags/example_latest_only.py for tasks to queue
[2024-09-22T23:53:05.691+0000] {logging_mixin.py:190} INFO - [2024-09-22T23:53:05.691+0000] {dagbag.py:587} INFO - Filling up the DagBag from /home/airflow/.local/lib/python3.12/site-packages/airflow/example_dags/example_latest_only.py
[2024-09-22T23:53:05.707+0000] {processor.py:925} INFO - DAG(s) 'latest_only' retrieved from /home/airflow/.local/lib/python3.12/site-packages/airflow/example_dags/example_latest_only.py
[2024-09-22T23:53:05.736+0000] {logging_mixin.py:190} INFO - [2024-09-22T23:53:05.736+0000] {dag.py:3229} INFO - Sync 1 DAGs
[2024-09-22T23:53:05.770+0000] {logging_mixin.py:190} INFO - [2024-09-22T23:53:05.770+0000] {dag.py:4156} INFO - Setting next_dagrun for latest_only to 2024-09-22 16:00:00+00:00, run_after=2024-09-22 20:00:00+00:00
[2024-09-22T23:53:05.795+0000] {processor.py:208} INFO - Processing /home/airflow/.local/lib/python3.12/site-packages/airflow/example_dags/example_latest_only.py took 0.118 seconds
[2024-09-22T23:53:36.477+0000] {processor.py:186} INFO - Started process (PID=921) to work on /home/airflow/.local/lib/python3.12/site-packages/airflow/example_dags/example_latest_only.py
[2024-09-22T23:53:36.482+0000] {processor.py:914} INFO - Processing file /home/airflow/.local/lib/python3.12/site-packages/airflow/example_dags/example_latest_only.py for tasks to queue
[2024-09-22T23:53:36.493+0000] {logging_mixin.py:190} INFO - [2024-09-22T23:53:36.493+0000] {dagbag.py:587} INFO - Filling up the DagBag from /home/airflow/.local/lib/python3.12/site-packages/airflow/example_dags/example_latest_only.py
[2024-09-22T23:53:36.525+0000] {processor.py:925} INFO - DAG(s) 'latest_only' retrieved from /home/airflow/.local/lib/python3.12/site-packages/airflow/example_dags/example_latest_only.py
[2024-09-22T23:53:36.613+0000] {logging_mixin.py:190} INFO - [2024-09-22T23:53:36.612+0000] {dag.py:3229} INFO - Sync 1 DAGs
[2024-09-22T23:53:36.750+0000] {logging_mixin.py:190} INFO - [2024-09-22T23:53:36.748+0000] {dag.py:4156} INFO - Setting next_dagrun for latest_only to 2024-09-22 16:00:00+00:00, run_after=2024-09-22 20:00:00+00:00
[2024-09-22T23:53:36.834+0000] {processor.py:208} INFO - Processing /home/airflow/.local/lib/python3.12/site-packages/airflow/example_dags/example_latest_only.py took 0.392 seconds
[2024-09-22T23:54:07.731+0000] {processor.py:186} INFO - Started process (PID=984) to work on /home/airflow/.local/lib/python3.12/site-packages/airflow/example_dags/example_latest_only.py
[2024-09-22T23:54:07.733+0000] {processor.py:914} INFO - Processing file /home/airflow/.local/lib/python3.12/site-packages/airflow/example_dags/example_latest_only.py for tasks to queue
[2024-09-22T23:54:07.736+0000] {logging_mixin.py:190} INFO - [2024-09-22T23:54:07.736+0000] {dagbag.py:587} INFO - Filling up the DagBag from /home/airflow/.local/lib/python3.12/site-packages/airflow/example_dags/example_latest_only.py
[2024-09-22T23:54:07.751+0000] {processor.py:925} INFO - DAG(s) 'latest_only' retrieved from /home/airflow/.local/lib/python3.12/site-packages/airflow/example_dags/example_latest_only.py
[2024-09-22T23:54:07.780+0000] {logging_mixin.py:190} INFO - [2024-09-22T23:54:07.780+0000] {dag.py:3229} INFO - Sync 1 DAGs
[2024-09-22T23:54:07.814+0000] {logging_mixin.py:190} INFO - [2024-09-22T23:54:07.813+0000] {dag.py:4156} INFO - Setting next_dagrun for latest_only to 2024-09-22 16:00:00+00:00, run_after=2024-09-22 20:00:00+00:00
[2024-09-22T23:54:07.839+0000] {processor.py:208} INFO - Processing /home/airflow/.local/lib/python3.12/site-packages/airflow/example_dags/example_latest_only.py took 0.117 seconds
[2024-09-22T23:54:38.418+0000] {processor.py:186} INFO - Started process (PID=1053) to work on /home/airflow/.local/lib/python3.12/site-packages/airflow/example_dags/example_latest_only.py
[2024-09-22T23:54:38.421+0000] {processor.py:914} INFO - Processing file /home/airflow/.local/lib/python3.12/site-packages/airflow/example_dags/example_latest_only.py for tasks to queue
[2024-09-22T23:54:38.425+0000] {logging_mixin.py:190} INFO - [2024-09-22T23:54:38.425+0000] {dagbag.py:587} INFO - Filling up the DagBag from /home/airflow/.local/lib/python3.12/site-packages/airflow/example_dags/example_latest_only.py
[2024-09-22T23:54:38.440+0000] {processor.py:925} INFO - DAG(s) 'latest_only' retrieved from /home/airflow/.local/lib/python3.12/site-packages/airflow/example_dags/example_latest_only.py
[2024-09-22T23:54:38.473+0000] {logging_mixin.py:190} INFO - [2024-09-22T23:54:38.473+0000] {dag.py:3229} INFO - Sync 1 DAGs
[2024-09-22T23:54:38.508+0000] {logging_mixin.py:190} INFO - [2024-09-22T23:54:38.508+0000] {dag.py:4156} INFO - Setting next_dagrun for latest_only to 2024-09-22 16:00:00+00:00, run_after=2024-09-22 20:00:00+00:00
[2024-09-22T23:54:38.538+0000] {processor.py:208} INFO - Processing /home/airflow/.local/lib/python3.12/site-packages/airflow/example_dags/example_latest_only.py took 0.136 seconds
[2024-09-22T23:55:09.130+0000] {processor.py:186} INFO - Started process (PID=1115) to work on /home/airflow/.local/lib/python3.12/site-packages/airflow/example_dags/example_latest_only.py
[2024-09-22T23:55:09.133+0000] {processor.py:914} INFO - Processing file /home/airflow/.local/lib/python3.12/site-packages/airflow/example_dags/example_latest_only.py for tasks to queue
[2024-09-22T23:55:09.138+0000] {logging_mixin.py:190} INFO - [2024-09-22T23:55:09.137+0000] {dagbag.py:587} INFO - Filling up the DagBag from /home/airflow/.local/lib/python3.12/site-packages/airflow/example_dags/example_latest_only.py
[2024-09-22T23:55:09.160+0000] {processor.py:925} INFO - DAG(s) 'latest_only' retrieved from /home/airflow/.local/lib/python3.12/site-packages/airflow/example_dags/example_latest_only.py
[2024-09-22T23:55:09.192+0000] {logging_mixin.py:190} INFO - [2024-09-22T23:55:09.191+0000] {dag.py:3229} INFO - Sync 1 DAGs
[2024-09-22T23:55:09.224+0000] {logging_mixin.py:190} INFO - [2024-09-22T23:55:09.223+0000] {dag.py:4156} INFO - Setting next_dagrun for latest_only to 2024-09-22 16:00:00+00:00, run_after=2024-09-22 20:00:00+00:00
[2024-09-22T23:55:09.250+0000] {processor.py:208} INFO - Processing /home/airflow/.local/lib/python3.12/site-packages/airflow/example_dags/example_latest_only.py took 0.133 seconds
[2024-09-22T23:55:39.446+0000] {processor.py:186} INFO - Started process (PID=1178) to work on /home/airflow/.local/lib/python3.12/site-packages/airflow/example_dags/example_latest_only.py
[2024-09-22T23:55:39.447+0000] {processor.py:914} INFO - Processing file /home/airflow/.local/lib/python3.12/site-packages/airflow/example_dags/example_latest_only.py for tasks to queue
[2024-09-22T23:55:39.451+0000] {logging_mixin.py:190} INFO - [2024-09-22T23:55:39.450+0000] {dagbag.py:587} INFO - Filling up the DagBag from /home/airflow/.local/lib/python3.12/site-packages/airflow/example_dags/example_latest_only.py
[2024-09-22T23:55:39.466+0000] {processor.py:925} INFO - DAG(s) 'latest_only' retrieved from /home/airflow/.local/lib/python3.12/site-packages/airflow/example_dags/example_latest_only.py
[2024-09-22T23:55:39.500+0000] {logging_mixin.py:190} INFO - [2024-09-22T23:55:39.499+0000] {dag.py:3229} INFO - Sync 1 DAGs
[2024-09-22T23:55:39.531+0000] {logging_mixin.py:190} INFO - [2024-09-22T23:55:39.531+0000] {dag.py:4156} INFO - Setting next_dagrun for latest_only to 2024-09-22 16:00:00+00:00, run_after=2024-09-22 20:00:00+00:00
[2024-09-22T23:55:39.554+0000] {processor.py:208} INFO - Processing /home/airflow/.local/lib/python3.12/site-packages/airflow/example_dags/example_latest_only.py took 0.118 seconds
[2024-09-22T23:58:05.906+0000] {processor.py:186} INFO - Started process (PID=102) to work on /home/airflow/.local/lib/python3.12/site-packages/airflow/example_dags/example_latest_only.py
[2024-09-22T23:58:05.908+0000] {processor.py:914} INFO - Processing file /home/airflow/.local/lib/python3.12/site-packages/airflow/example_dags/example_latest_only.py for tasks to queue
[2024-09-22T23:58:05.913+0000] {logging_mixin.py:190} INFO - [2024-09-22T23:58:05.912+0000] {dagbag.py:587} INFO - Filling up the DagBag from /home/airflow/.local/lib/python3.12/site-packages/airflow/example_dags/example_latest_only.py
[2024-09-22T23:58:05.935+0000] {processor.py:925} INFO - DAG(s) 'latest_only' retrieved from /home/airflow/.local/lib/python3.12/site-packages/airflow/example_dags/example_latest_only.py
[2024-09-22T23:58:05.972+0000] {logging_mixin.py:190} INFO - [2024-09-22T23:58:05.972+0000] {dag.py:3229} INFO - Sync 1 DAGs
[2024-09-22T23:58:06.021+0000] {logging_mixin.py:190} INFO - [2024-09-22T23:58:06.021+0000] {dag.py:4156} INFO - Setting next_dagrun for latest_only to 2024-09-22 16:00:00+00:00, run_after=2024-09-22 20:00:00+00:00
[2024-09-22T23:58:06.052+0000] {processor.py:208} INFO - Processing /home/airflow/.local/lib/python3.12/site-packages/airflow/example_dags/example_latest_only.py took 0.159 seconds
[2024-09-22T23:58:36.505+0000] {processor.py:186} INFO - Started process (PID=165) to work on /home/airflow/.local/lib/python3.12/site-packages/airflow/example_dags/example_latest_only.py
[2024-09-22T23:58:36.507+0000] {processor.py:914} INFO - Processing file /home/airflow/.local/lib/python3.12/site-packages/airflow/example_dags/example_latest_only.py for tasks to queue
[2024-09-22T23:58:36.510+0000] {logging_mixin.py:190} INFO - [2024-09-22T23:58:36.510+0000] {dagbag.py:587} INFO - Filling up the DagBag from /home/airflow/.local/lib/python3.12/site-packages/airflow/example_dags/example_latest_only.py
[2024-09-22T23:58:36.525+0000] {processor.py:925} INFO - DAG(s) 'latest_only' retrieved from /home/airflow/.local/lib/python3.12/site-packages/airflow/example_dags/example_latest_only.py
[2024-09-22T23:58:36.555+0000] {logging_mixin.py:190} INFO - [2024-09-22T23:58:36.555+0000] {dag.py:3229} INFO - Sync 1 DAGs
[2024-09-22T23:58:36.591+0000] {logging_mixin.py:190} INFO - [2024-09-22T23:58:36.591+0000] {dag.py:4156} INFO - Setting next_dagrun for latest_only to 2024-09-22 16:00:00+00:00, run_after=2024-09-22 20:00:00+00:00
[2024-09-22T23:58:36.622+0000] {processor.py:208} INFO - Processing /home/airflow/.local/lib/python3.12/site-packages/airflow/example_dags/example_latest_only.py took 0.126 seconds
[2024-09-22T23:59:07.372+0000] {processor.py:186} INFO - Started process (PID=228) to work on /home/airflow/.local/lib/python3.12/site-packages/airflow/example_dags/example_latest_only.py
[2024-09-22T23:59:07.374+0000] {processor.py:914} INFO - Processing file /home/airflow/.local/lib/python3.12/site-packages/airflow/example_dags/example_latest_only.py for tasks to queue
[2024-09-22T23:59:07.378+0000] {logging_mixin.py:190} INFO - [2024-09-22T23:59:07.377+0000] {dagbag.py:587} INFO - Filling up the DagBag from /home/airflow/.local/lib/python3.12/site-packages/airflow/example_dags/example_latest_only.py
[2024-09-22T23:59:07.393+0000] {processor.py:925} INFO - DAG(s) 'latest_only' retrieved from /home/airflow/.local/lib/python3.12/site-packages/airflow/example_dags/example_latest_only.py
[2024-09-22T23:59:07.423+0000] {logging_mixin.py:190} INFO - [2024-09-22T23:59:07.422+0000] {dag.py:3229} INFO - Sync 1 DAGs
[2024-09-22T23:59:07.455+0000] {logging_mixin.py:190} INFO - [2024-09-22T23:59:07.455+0000] {dag.py:4156} INFO - Setting next_dagrun for latest_only to 2024-09-22 16:00:00+00:00, run_after=2024-09-22 20:00:00+00:00
[2024-09-22T23:59:07.480+0000] {processor.py:208} INFO - Processing /home/airflow/.local/lib/python3.12/site-packages/airflow/example_dags/example_latest_only.py took 0.118 seconds
[2024-09-22T23:59:37.984+0000] {processor.py:186} INFO - Started process (PID=291) to work on /home/airflow/.local/lib/python3.12/site-packages/airflow/example_dags/example_latest_only.py
[2024-09-22T23:59:37.986+0000] {processor.py:914} INFO - Processing file /home/airflow/.local/lib/python3.12/site-packages/airflow/example_dags/example_latest_only.py for tasks to queue
[2024-09-22T23:59:37.989+0000] {logging_mixin.py:190} INFO - [2024-09-22T23:59:37.989+0000] {dagbag.py:587} INFO - Filling up the DagBag from /home/airflow/.local/lib/python3.12/site-packages/airflow/example_dags/example_latest_only.py
[2024-09-22T23:59:38.005+0000] {processor.py:925} INFO - DAG(s) 'latest_only' retrieved from /home/airflow/.local/lib/python3.12/site-packages/airflow/example_dags/example_latest_only.py
[2024-09-22T23:59:38.044+0000] {logging_mixin.py:190} INFO - [2024-09-22T23:59:38.044+0000] {dag.py:3229} INFO - Sync 1 DAGs
[2024-09-22T23:59:38.098+0000] {logging_mixin.py:190} INFO - [2024-09-22T23:59:38.097+0000] {dag.py:4156} INFO - Setting next_dagrun for latest_only to 2024-09-22 16:00:00+00:00, run_after=2024-09-22 20:00:00+00:00
[2024-09-22T23:59:38.133+0000] {processor.py:208} INFO - Processing /home/airflow/.local/lib/python3.12/site-packages/airflow/example_dags/example_latest_only.py took 0.159 seconds
