[2024-09-22T23:26:17.079+0000] {processor.py:186} INFO - Started process (PID=78) to work on /home/airflow/.local/lib/python3.12/site-packages/airflow/example_dags/example_trigger_controller_dag.py
[2024-09-22T23:26:17.081+0000] {processor.py:914} INFO - Processing file /home/airflow/.local/lib/python3.12/site-packages/airflow/example_dags/example_trigger_controller_dag.py for tasks to queue
[2024-09-22T23:26:17.086+0000] {logging_mixin.py:190} INFO - [2024-09-22T23:26:17.085+0000] {dagbag.py:587} INFO - Filling up the DagBag from /home/airflow/.local/lib/python3.12/site-packages/airflow/example_dags/example_trigger_controller_dag.py
[2024-09-22T23:26:17.105+0000] {processor.py:925} INFO - DAG(s) 'example_trigger_controller_dag' retrieved from /home/airflow/.local/lib/python3.12/site-packages/airflow/example_dags/example_trigger_controller_dag.py
[2024-09-22T23:26:17.343+0000] {logging_mixin.py:190} INFO - [2024-09-22T23:26:17.342+0000] {override.py:1900} INFO - Created Permission View: can edit on DAG:example_trigger_controller_dag
[2024-09-22T23:26:17.359+0000] {logging_mixin.py:190} INFO - [2024-09-22T23:26:17.358+0000] {override.py:1900} INFO - Created Permission View: can read on DAG:example_trigger_controller_dag
[2024-09-22T23:26:17.369+0000] {logging_mixin.py:190} INFO - [2024-09-22T23:26:17.368+0000] {override.py:1900} INFO - Created Permission View: can delete on DAG:example_trigger_controller_dag
[2024-09-22T23:26:17.379+0000] {logging_mixin.py:190} INFO - [2024-09-22T23:26:17.378+0000] {override.py:1900} INFO - Created Permission View: can create on DAG Run:example_trigger_controller_dag
[2024-09-22T23:26:17.388+0000] {logging_mixin.py:190} INFO - [2024-09-22T23:26:17.388+0000] {override.py:1900} INFO - Created Permission View: menu access on DAG Run:example_trigger_controller_dag
[2024-09-22T23:26:17.398+0000] {logging_mixin.py:190} INFO - [2024-09-22T23:26:17.398+0000] {override.py:1900} INFO - Created Permission View: can read on DAG Run:example_trigger_controller_dag
[2024-09-22T23:26:17.408+0000] {logging_mixin.py:190} INFO - [2024-09-22T23:26:17.407+0000] {override.py:1900} INFO - Created Permission View: can delete on DAG Run:example_trigger_controller_dag
[2024-09-22T23:26:17.408+0000] {logging_mixin.py:190} INFO - [2024-09-22T23:26:17.408+0000] {dag.py:3229} INFO - Sync 1 DAGs
[2024-09-22T23:26:17.433+0000] {logging_mixin.py:190} INFO - [2024-09-22T23:26:17.432+0000] {dag.py:3252} INFO - Creating ORM DAG for example_trigger_controller_dag
[2024-09-22T23:26:17.451+0000] {logging_mixin.py:190} INFO - [2024-09-22T23:26:17.450+0000] {dag.py:4156} INFO - Setting next_dagrun for example_trigger_controller_dag to 2021-01-01 00:00:00+00:00, run_after=2021-01-01 00:00:00+00:00
[2024-09-22T23:26:17.491+0000] {processor.py:208} INFO - Processing /home/airflow/.local/lib/python3.12/site-packages/airflow/example_dags/example_trigger_controller_dag.py took 0.424 seconds
[2024-09-22T23:26:47.745+0000] {processor.py:186} INFO - Started process (PID=140) to work on /home/airflow/.local/lib/python3.12/site-packages/airflow/example_dags/example_trigger_controller_dag.py
[2024-09-22T23:26:47.746+0000] {processor.py:914} INFO - Processing file /home/airflow/.local/lib/python3.12/site-packages/airflow/example_dags/example_trigger_controller_dag.py for tasks to queue
[2024-09-22T23:26:47.750+0000] {logging_mixin.py:190} INFO - [2024-09-22T23:26:47.749+0000] {dagbag.py:587} INFO - Filling up the DagBag from /home/airflow/.local/lib/python3.12/site-packages/airflow/example_dags/example_trigger_controller_dag.py
[2024-09-22T23:26:47.768+0000] {processor.py:925} INFO - DAG(s) 'example_trigger_controller_dag' retrieved from /home/airflow/.local/lib/python3.12/site-packages/airflow/example_dags/example_trigger_controller_dag.py
[2024-09-22T23:26:47.796+0000] {logging_mixin.py:190} INFO - [2024-09-22T23:26:47.795+0000] {dag.py:3229} INFO - Sync 1 DAGs
[2024-09-22T23:26:47.848+0000] {logging_mixin.py:190} INFO - [2024-09-22T23:26:47.848+0000] {dag.py:4156} INFO - Setting next_dagrun for example_trigger_controller_dag to 2021-01-01 00:00:00+00:00, run_after=2021-01-01 00:00:00+00:00
[2024-09-22T23:26:47.895+0000] {processor.py:208} INFO - Processing /home/airflow/.local/lib/python3.12/site-packages/airflow/example_dags/example_trigger_controller_dag.py took 0.159 seconds
[2024-09-22T23:27:17.975+0000] {processor.py:186} INFO - Started process (PID=202) to work on /home/airflow/.local/lib/python3.12/site-packages/airflow/example_dags/example_trigger_controller_dag.py
[2024-09-22T23:27:17.977+0000] {processor.py:914} INFO - Processing file /home/airflow/.local/lib/python3.12/site-packages/airflow/example_dags/example_trigger_controller_dag.py for tasks to queue
[2024-09-22T23:27:17.981+0000] {logging_mixin.py:190} INFO - [2024-09-22T23:27:17.981+0000] {dagbag.py:587} INFO - Filling up the DagBag from /home/airflow/.local/lib/python3.12/site-packages/airflow/example_dags/example_trigger_controller_dag.py
[2024-09-22T23:27:18.000+0000] {processor.py:925} INFO - DAG(s) 'example_trigger_controller_dag' retrieved from /home/airflow/.local/lib/python3.12/site-packages/airflow/example_dags/example_trigger_controller_dag.py
[2024-09-22T23:27:18.034+0000] {logging_mixin.py:190} INFO - [2024-09-22T23:27:18.034+0000] {dag.py:3229} INFO - Sync 1 DAGs
[2024-09-22T23:27:18.079+0000] {logging_mixin.py:190} INFO - [2024-09-22T23:27:18.078+0000] {dag.py:4156} INFO - Setting next_dagrun for example_trigger_controller_dag to 2021-01-01 00:00:00+00:00, run_after=2021-01-01 00:00:00+00:00
[2024-09-22T23:27:18.105+0000] {processor.py:208} INFO - Processing /home/airflow/.local/lib/python3.12/site-packages/airflow/example_dags/example_trigger_controller_dag.py took 0.139 seconds
[2024-09-22T23:27:48.156+0000] {processor.py:186} INFO - Started process (PID=264) to work on /home/airflow/.local/lib/python3.12/site-packages/airflow/example_dags/example_trigger_controller_dag.py
[2024-09-22T23:27:48.158+0000] {processor.py:914} INFO - Processing file /home/airflow/.local/lib/python3.12/site-packages/airflow/example_dags/example_trigger_controller_dag.py for tasks to queue
[2024-09-22T23:27:48.162+0000] {logging_mixin.py:190} INFO - [2024-09-22T23:27:48.162+0000] {dagbag.py:587} INFO - Filling up the DagBag from /home/airflow/.local/lib/python3.12/site-packages/airflow/example_dags/example_trigger_controller_dag.py
[2024-09-22T23:27:48.180+0000] {processor.py:925} INFO - DAG(s) 'example_trigger_controller_dag' retrieved from /home/airflow/.local/lib/python3.12/site-packages/airflow/example_dags/example_trigger_controller_dag.py
[2024-09-22T23:27:48.212+0000] {logging_mixin.py:190} INFO - [2024-09-22T23:27:48.212+0000] {dag.py:3229} INFO - Sync 1 DAGs
[2024-09-22T23:27:48.252+0000] {logging_mixin.py:190} INFO - [2024-09-22T23:27:48.252+0000] {dag.py:4156} INFO - Setting next_dagrun for example_trigger_controller_dag to 2021-01-01 00:00:00+00:00, run_after=2021-01-01 00:00:00+00:00
[2024-09-22T23:27:48.274+0000] {processor.py:208} INFO - Processing /home/airflow/.local/lib/python3.12/site-packages/airflow/example_dags/example_trigger_controller_dag.py took 0.129 seconds
[2024-09-22T23:28:18.779+0000] {processor.py:186} INFO - Started process (PID=326) to work on /home/airflow/.local/lib/python3.12/site-packages/airflow/example_dags/example_trigger_controller_dag.py
[2024-09-22T23:28:18.782+0000] {processor.py:914} INFO - Processing file /home/airflow/.local/lib/python3.12/site-packages/airflow/example_dags/example_trigger_controller_dag.py for tasks to queue
[2024-09-22T23:28:18.788+0000] {logging_mixin.py:190} INFO - [2024-09-22T23:28:18.787+0000] {dagbag.py:587} INFO - Filling up the DagBag from /home/airflow/.local/lib/python3.12/site-packages/airflow/example_dags/example_trigger_controller_dag.py
[2024-09-22T23:28:18.807+0000] {processor.py:925} INFO - DAG(s) 'example_trigger_controller_dag' retrieved from /home/airflow/.local/lib/python3.12/site-packages/airflow/example_dags/example_trigger_controller_dag.py
[2024-09-22T23:28:18.843+0000] {logging_mixin.py:190} INFO - [2024-09-22T23:28:18.843+0000] {dag.py:3229} INFO - Sync 1 DAGs
[2024-09-22T23:28:18.877+0000] {logging_mixin.py:190} INFO - [2024-09-22T23:28:18.877+0000] {dag.py:4156} INFO - Setting next_dagrun for example_trigger_controller_dag to 2021-01-01 00:00:00+00:00, run_after=2021-01-01 00:00:00+00:00
[2024-09-22T23:28:18.902+0000] {processor.py:208} INFO - Processing /home/airflow/.local/lib/python3.12/site-packages/airflow/example_dags/example_trigger_controller_dag.py took 0.134 seconds
[2024-09-22T23:28:49.057+0000] {processor.py:186} INFO - Started process (PID=388) to work on /home/airflow/.local/lib/python3.12/site-packages/airflow/example_dags/example_trigger_controller_dag.py
[2024-09-22T23:28:49.058+0000] {processor.py:914} INFO - Processing file /home/airflow/.local/lib/python3.12/site-packages/airflow/example_dags/example_trigger_controller_dag.py for tasks to queue
[2024-09-22T23:28:49.062+0000] {logging_mixin.py:190} INFO - [2024-09-22T23:28:49.061+0000] {dagbag.py:587} INFO - Filling up the DagBag from /home/airflow/.local/lib/python3.12/site-packages/airflow/example_dags/example_trigger_controller_dag.py
[2024-09-22T23:28:49.081+0000] {processor.py:925} INFO - DAG(s) 'example_trigger_controller_dag' retrieved from /home/airflow/.local/lib/python3.12/site-packages/airflow/example_dags/example_trigger_controller_dag.py
[2024-09-22T23:28:49.108+0000] {logging_mixin.py:190} INFO - [2024-09-22T23:28:49.108+0000] {dag.py:3229} INFO - Sync 1 DAGs
[2024-09-22T23:28:49.145+0000] {logging_mixin.py:190} INFO - [2024-09-22T23:28:49.144+0000] {dag.py:4156} INFO - Setting next_dagrun for example_trigger_controller_dag to 2021-01-01 00:00:00+00:00, run_after=2021-01-01 00:00:00+00:00
[2024-09-22T23:28:49.169+0000] {processor.py:208} INFO - Processing /home/airflow/.local/lib/python3.12/site-packages/airflow/example_dags/example_trigger_controller_dag.py took 0.122 seconds
[2024-09-22T23:29:19.603+0000] {processor.py:186} INFO - Started process (PID=450) to work on /home/airflow/.local/lib/python3.12/site-packages/airflow/example_dags/example_trigger_controller_dag.py
[2024-09-22T23:29:19.605+0000] {processor.py:914} INFO - Processing file /home/airflow/.local/lib/python3.12/site-packages/airflow/example_dags/example_trigger_controller_dag.py for tasks to queue
[2024-09-22T23:29:19.610+0000] {logging_mixin.py:190} INFO - [2024-09-22T23:29:19.610+0000] {dagbag.py:587} INFO - Filling up the DagBag from /home/airflow/.local/lib/python3.12/site-packages/airflow/example_dags/example_trigger_controller_dag.py
[2024-09-22T23:29:19.631+0000] {processor.py:925} INFO - DAG(s) 'example_trigger_controller_dag' retrieved from /home/airflow/.local/lib/python3.12/site-packages/airflow/example_dags/example_trigger_controller_dag.py
[2024-09-22T23:29:19.659+0000] {logging_mixin.py:190} INFO - [2024-09-22T23:29:19.659+0000] {dag.py:3229} INFO - Sync 1 DAGs
[2024-09-22T23:29:19.696+0000] {logging_mixin.py:190} INFO - [2024-09-22T23:29:19.695+0000] {dag.py:4156} INFO - Setting next_dagrun for example_trigger_controller_dag to 2021-01-01 00:00:00+00:00, run_after=2021-01-01 00:00:00+00:00
[2024-09-22T23:29:19.723+0000] {processor.py:208} INFO - Processing /home/airflow/.local/lib/python3.12/site-packages/airflow/example_dags/example_trigger_controller_dag.py took 0.130 seconds
[2024-09-22T23:29:50.015+0000] {processor.py:186} INFO - Started process (PID=512) to work on /home/airflow/.local/lib/python3.12/site-packages/airflow/example_dags/example_trigger_controller_dag.py
[2024-09-22T23:29:50.018+0000] {processor.py:914} INFO - Processing file /home/airflow/.local/lib/python3.12/site-packages/airflow/example_dags/example_trigger_controller_dag.py for tasks to queue
[2024-09-22T23:29:50.022+0000] {logging_mixin.py:190} INFO - [2024-09-22T23:29:50.022+0000] {dagbag.py:587} INFO - Filling up the DagBag from /home/airflow/.local/lib/python3.12/site-packages/airflow/example_dags/example_trigger_controller_dag.py
[2024-09-22T23:29:50.041+0000] {processor.py:925} INFO - DAG(s) 'example_trigger_controller_dag' retrieved from /home/airflow/.local/lib/python3.12/site-packages/airflow/example_dags/example_trigger_controller_dag.py
[2024-09-22T23:29:50.066+0000] {logging_mixin.py:190} INFO - [2024-09-22T23:29:50.066+0000] {dag.py:3229} INFO - Sync 1 DAGs
[2024-09-22T23:29:50.099+0000] {logging_mixin.py:190} INFO - [2024-09-22T23:29:50.098+0000] {dag.py:4156} INFO - Setting next_dagrun for example_trigger_controller_dag to 2021-01-01 00:00:00+00:00, run_after=2021-01-01 00:00:00+00:00
[2024-09-22T23:29:50.128+0000] {processor.py:208} INFO - Processing /home/airflow/.local/lib/python3.12/site-packages/airflow/example_dags/example_trigger_controller_dag.py took 0.124 seconds
[2024-09-22T23:30:20.202+0000] {processor.py:186} INFO - Started process (PID=574) to work on /home/airflow/.local/lib/python3.12/site-packages/airflow/example_dags/example_trigger_controller_dag.py
[2024-09-22T23:30:20.203+0000] {processor.py:914} INFO - Processing file /home/airflow/.local/lib/python3.12/site-packages/airflow/example_dags/example_trigger_controller_dag.py for tasks to queue
[2024-09-22T23:30:20.207+0000] {logging_mixin.py:190} INFO - [2024-09-22T23:30:20.207+0000] {dagbag.py:587} INFO - Filling up the DagBag from /home/airflow/.local/lib/python3.12/site-packages/airflow/example_dags/example_trigger_controller_dag.py
[2024-09-22T23:30:20.221+0000] {processor.py:925} INFO - DAG(s) 'example_trigger_controller_dag' retrieved from /home/airflow/.local/lib/python3.12/site-packages/airflow/example_dags/example_trigger_controller_dag.py
[2024-09-22T23:30:20.250+0000] {logging_mixin.py:190} INFO - [2024-09-22T23:30:20.249+0000] {dag.py:3229} INFO - Sync 1 DAGs
[2024-09-22T23:30:20.291+0000] {logging_mixin.py:190} INFO - [2024-09-22T23:30:20.291+0000] {dag.py:4156} INFO - Setting next_dagrun for example_trigger_controller_dag to 2021-01-01 00:00:00+00:00, run_after=2021-01-01 00:00:00+00:00
[2024-09-22T23:30:20.316+0000] {processor.py:208} INFO - Processing /home/airflow/.local/lib/python3.12/site-packages/airflow/example_dags/example_trigger_controller_dag.py took 0.126 seconds
[2024-09-22T23:30:50.475+0000] {processor.py:186} INFO - Started process (PID=636) to work on /home/airflow/.local/lib/python3.12/site-packages/airflow/example_dags/example_trigger_controller_dag.py
[2024-09-22T23:30:50.477+0000] {processor.py:914} INFO - Processing file /home/airflow/.local/lib/python3.12/site-packages/airflow/example_dags/example_trigger_controller_dag.py for tasks to queue
[2024-09-22T23:30:50.482+0000] {logging_mixin.py:190} INFO - [2024-09-22T23:30:50.482+0000] {dagbag.py:587} INFO - Filling up the DagBag from /home/airflow/.local/lib/python3.12/site-packages/airflow/example_dags/example_trigger_controller_dag.py
[2024-09-22T23:30:50.499+0000] {processor.py:925} INFO - DAG(s) 'example_trigger_controller_dag' retrieved from /home/airflow/.local/lib/python3.12/site-packages/airflow/example_dags/example_trigger_controller_dag.py
[2024-09-22T23:30:50.529+0000] {logging_mixin.py:190} INFO - [2024-09-22T23:30:50.528+0000] {dag.py:3229} INFO - Sync 1 DAGs
[2024-09-22T23:30:50.560+0000] {logging_mixin.py:190} INFO - [2024-09-22T23:30:50.559+0000] {dag.py:4156} INFO - Setting next_dagrun for example_trigger_controller_dag to 2021-01-01 00:00:00+00:00, run_after=2021-01-01 00:00:00+00:00
[2024-09-22T23:30:50.583+0000] {processor.py:208} INFO - Processing /home/airflow/.local/lib/python3.12/site-packages/airflow/example_dags/example_trigger_controller_dag.py took 0.119 seconds
[2024-09-22T23:31:20.811+0000] {processor.py:186} INFO - Started process (PID=699) to work on /home/airflow/.local/lib/python3.12/site-packages/airflow/example_dags/example_trigger_controller_dag.py
[2024-09-22T23:31:20.812+0000] {processor.py:914} INFO - Processing file /home/airflow/.local/lib/python3.12/site-packages/airflow/example_dags/example_trigger_controller_dag.py for tasks to queue
[2024-09-22T23:31:20.817+0000] {logging_mixin.py:190} INFO - [2024-09-22T23:31:20.817+0000] {dagbag.py:587} INFO - Filling up the DagBag from /home/airflow/.local/lib/python3.12/site-packages/airflow/example_dags/example_trigger_controller_dag.py
[2024-09-22T23:31:20.835+0000] {processor.py:925} INFO - DAG(s) 'example_trigger_controller_dag' retrieved from /home/airflow/.local/lib/python3.12/site-packages/airflow/example_dags/example_trigger_controller_dag.py
[2024-09-22T23:31:20.862+0000] {logging_mixin.py:190} INFO - [2024-09-22T23:31:20.861+0000] {dag.py:3229} INFO - Sync 1 DAGs
[2024-09-22T23:31:20.892+0000] {logging_mixin.py:190} INFO - [2024-09-22T23:31:20.892+0000] {dag.py:4156} INFO - Setting next_dagrun for example_trigger_controller_dag to 2021-01-01 00:00:00+00:00, run_after=2021-01-01 00:00:00+00:00
[2024-09-22T23:31:20.918+0000] {processor.py:208} INFO - Processing /home/airflow/.local/lib/python3.12/site-packages/airflow/example_dags/example_trigger_controller_dag.py took 0.116 seconds
[2024-09-22T23:31:51.458+0000] {processor.py:186} INFO - Started process (PID=761) to work on /home/airflow/.local/lib/python3.12/site-packages/airflow/example_dags/example_trigger_controller_dag.py
[2024-09-22T23:31:51.460+0000] {processor.py:914} INFO - Processing file /home/airflow/.local/lib/python3.12/site-packages/airflow/example_dags/example_trigger_controller_dag.py for tasks to queue
[2024-09-22T23:31:51.464+0000] {logging_mixin.py:190} INFO - [2024-09-22T23:31:51.464+0000] {dagbag.py:587} INFO - Filling up the DagBag from /home/airflow/.local/lib/python3.12/site-packages/airflow/example_dags/example_trigger_controller_dag.py
[2024-09-22T23:31:51.480+0000] {processor.py:925} INFO - DAG(s) 'example_trigger_controller_dag' retrieved from /home/airflow/.local/lib/python3.12/site-packages/airflow/example_dags/example_trigger_controller_dag.py
[2024-09-22T23:31:51.509+0000] {logging_mixin.py:190} INFO - [2024-09-22T23:31:51.509+0000] {dag.py:3229} INFO - Sync 1 DAGs
[2024-09-22T23:31:51.541+0000] {logging_mixin.py:190} INFO - [2024-09-22T23:31:51.540+0000] {dag.py:4156} INFO - Setting next_dagrun for example_trigger_controller_dag to 2021-01-01 00:00:00+00:00, run_after=2021-01-01 00:00:00+00:00
[2024-09-22T23:31:51.566+0000] {processor.py:208} INFO - Processing /home/airflow/.local/lib/python3.12/site-packages/airflow/example_dags/example_trigger_controller_dag.py took 0.117 seconds
[2024-09-22T23:32:21.972+0000] {processor.py:186} INFO - Started process (PID=824) to work on /home/airflow/.local/lib/python3.12/site-packages/airflow/example_dags/example_trigger_controller_dag.py
[2024-09-22T23:32:21.974+0000] {processor.py:914} INFO - Processing file /home/airflow/.local/lib/python3.12/site-packages/airflow/example_dags/example_trigger_controller_dag.py for tasks to queue
[2024-09-22T23:32:21.980+0000] {logging_mixin.py:190} INFO - [2024-09-22T23:32:21.979+0000] {dagbag.py:587} INFO - Filling up the DagBag from /home/airflow/.local/lib/python3.12/site-packages/airflow/example_dags/example_trigger_controller_dag.py
[2024-09-22T23:32:22.000+0000] {processor.py:925} INFO - DAG(s) 'example_trigger_controller_dag' retrieved from /home/airflow/.local/lib/python3.12/site-packages/airflow/example_dags/example_trigger_controller_dag.py
[2024-09-22T23:32:22.037+0000] {logging_mixin.py:190} INFO - [2024-09-22T23:32:22.036+0000] {dag.py:3229} INFO - Sync 1 DAGs
[2024-09-22T23:32:22.081+0000] {logging_mixin.py:190} INFO - [2024-09-22T23:32:22.080+0000] {dag.py:4156} INFO - Setting next_dagrun for example_trigger_controller_dag to 2021-01-01 00:00:00+00:00, run_after=2021-01-01 00:00:00+00:00
[2024-09-22T23:32:22.110+0000] {processor.py:208} INFO - Processing /home/airflow/.local/lib/python3.12/site-packages/airflow/example_dags/example_trigger_controller_dag.py took 0.151 seconds
[2024-09-22T23:32:52.746+0000] {processor.py:186} INFO - Started process (PID=887) to work on /home/airflow/.local/lib/python3.12/site-packages/airflow/example_dags/example_trigger_controller_dag.py
[2024-09-22T23:32:52.748+0000] {processor.py:914} INFO - Processing file /home/airflow/.local/lib/python3.12/site-packages/airflow/example_dags/example_trigger_controller_dag.py for tasks to queue
[2024-09-22T23:32:52.752+0000] {logging_mixin.py:190} INFO - [2024-09-22T23:32:52.752+0000] {dagbag.py:587} INFO - Filling up the DagBag from /home/airflow/.local/lib/python3.12/site-packages/airflow/example_dags/example_trigger_controller_dag.py
[2024-09-22T23:32:52.767+0000] {processor.py:925} INFO - DAG(s) 'example_trigger_controller_dag' retrieved from /home/airflow/.local/lib/python3.12/site-packages/airflow/example_dags/example_trigger_controller_dag.py
[2024-09-22T23:32:52.809+0000] {logging_mixin.py:190} INFO - [2024-09-22T23:32:52.806+0000] {dag.py:3229} INFO - Sync 1 DAGs
[2024-09-22T23:32:52.854+0000] {logging_mixin.py:190} INFO - [2024-09-22T23:32:52.854+0000] {dag.py:4156} INFO - Setting next_dagrun for example_trigger_controller_dag to 2021-01-01 00:00:00+00:00, run_after=2021-01-01 00:00:00+00:00
[2024-09-22T23:32:52.887+0000] {processor.py:208} INFO - Processing /home/airflow/.local/lib/python3.12/site-packages/airflow/example_dags/example_trigger_controller_dag.py took 0.150 seconds
[2024-09-22T23:33:23.043+0000] {processor.py:186} INFO - Started process (PID=950) to work on /home/airflow/.local/lib/python3.12/site-packages/airflow/example_dags/example_trigger_controller_dag.py
[2024-09-22T23:33:23.045+0000] {processor.py:914} INFO - Processing file /home/airflow/.local/lib/python3.12/site-packages/airflow/example_dags/example_trigger_controller_dag.py for tasks to queue
[2024-09-22T23:33:23.050+0000] {logging_mixin.py:190} INFO - [2024-09-22T23:33:23.049+0000] {dagbag.py:587} INFO - Filling up the DagBag from /home/airflow/.local/lib/python3.12/site-packages/airflow/example_dags/example_trigger_controller_dag.py
[2024-09-22T23:33:23.066+0000] {processor.py:925} INFO - DAG(s) 'example_trigger_controller_dag' retrieved from /home/airflow/.local/lib/python3.12/site-packages/airflow/example_dags/example_trigger_controller_dag.py
[2024-09-22T23:33:23.096+0000] {logging_mixin.py:190} INFO - [2024-09-22T23:33:23.095+0000] {dag.py:3229} INFO - Sync 1 DAGs
[2024-09-22T23:33:23.132+0000] {logging_mixin.py:190} INFO - [2024-09-22T23:33:23.132+0000] {dag.py:4156} INFO - Setting next_dagrun for example_trigger_controller_dag to 2021-01-01 00:00:00+00:00, run_after=2021-01-01 00:00:00+00:00
[2024-09-22T23:33:23.162+0000] {processor.py:208} INFO - Processing /home/airflow/.local/lib/python3.12/site-packages/airflow/example_dags/example_trigger_controller_dag.py took 0.129 seconds
[2024-09-22T23:33:53.403+0000] {processor.py:186} INFO - Started process (PID=1013) to work on /home/airflow/.local/lib/python3.12/site-packages/airflow/example_dags/example_trigger_controller_dag.py
[2024-09-22T23:33:53.405+0000] {processor.py:914} INFO - Processing file /home/airflow/.local/lib/python3.12/site-packages/airflow/example_dags/example_trigger_controller_dag.py for tasks to queue
[2024-09-22T23:33:53.411+0000] {logging_mixin.py:190} INFO - [2024-09-22T23:33:53.410+0000] {dagbag.py:587} INFO - Filling up the DagBag from /home/airflow/.local/lib/python3.12/site-packages/airflow/example_dags/example_trigger_controller_dag.py
[2024-09-22T23:33:53.429+0000] {processor.py:925} INFO - DAG(s) 'example_trigger_controller_dag' retrieved from /home/airflow/.local/lib/python3.12/site-packages/airflow/example_dags/example_trigger_controller_dag.py
[2024-09-22T23:33:53.464+0000] {logging_mixin.py:190} INFO - [2024-09-22T23:33:53.464+0000] {dag.py:3229} INFO - Sync 1 DAGs
[2024-09-22T23:33:53.507+0000] {logging_mixin.py:190} INFO - [2024-09-22T23:33:53.506+0000] {dag.py:4156} INFO - Setting next_dagrun for example_trigger_controller_dag to 2021-01-01 00:00:00+00:00, run_after=2021-01-01 00:00:00+00:00
[2024-09-22T23:33:53.539+0000] {processor.py:208} INFO - Processing /home/airflow/.local/lib/python3.12/site-packages/airflow/example_dags/example_trigger_controller_dag.py took 0.148 seconds
[2024-09-22T23:34:23.602+0000] {processor.py:186} INFO - Started process (PID=1076) to work on /home/airflow/.local/lib/python3.12/site-packages/airflow/example_dags/example_trigger_controller_dag.py
[2024-09-22T23:34:23.603+0000] {processor.py:914} INFO - Processing file /home/airflow/.local/lib/python3.12/site-packages/airflow/example_dags/example_trigger_controller_dag.py for tasks to queue
[2024-09-22T23:34:23.607+0000] {logging_mixin.py:190} INFO - [2024-09-22T23:34:23.607+0000] {dagbag.py:587} INFO - Filling up the DagBag from /home/airflow/.local/lib/python3.12/site-packages/airflow/example_dags/example_trigger_controller_dag.py
[2024-09-22T23:34:23.621+0000] {processor.py:925} INFO - DAG(s) 'example_trigger_controller_dag' retrieved from /home/airflow/.local/lib/python3.12/site-packages/airflow/example_dags/example_trigger_controller_dag.py
[2024-09-22T23:34:23.655+0000] {logging_mixin.py:190} INFO - [2024-09-22T23:34:23.655+0000] {dag.py:3229} INFO - Sync 1 DAGs
[2024-09-22T23:34:23.689+0000] {logging_mixin.py:190} INFO - [2024-09-22T23:34:23.689+0000] {dag.py:4156} INFO - Setting next_dagrun for example_trigger_controller_dag to 2021-01-01 00:00:00+00:00, run_after=2021-01-01 00:00:00+00:00
[2024-09-22T23:34:23.713+0000] {processor.py:208} INFO - Processing /home/airflow/.local/lib/python3.12/site-packages/airflow/example_dags/example_trigger_controller_dag.py took 0.120 seconds
[2024-09-22T23:34:53.897+0000] {processor.py:186} INFO - Started process (PID=1139) to work on /home/airflow/.local/lib/python3.12/site-packages/airflow/example_dags/example_trigger_controller_dag.py
[2024-09-22T23:34:53.899+0000] {processor.py:914} INFO - Processing file /home/airflow/.local/lib/python3.12/site-packages/airflow/example_dags/example_trigger_controller_dag.py for tasks to queue
[2024-09-22T23:34:53.903+0000] {logging_mixin.py:190} INFO - [2024-09-22T23:34:53.903+0000] {dagbag.py:587} INFO - Filling up the DagBag from /home/airflow/.local/lib/python3.12/site-packages/airflow/example_dags/example_trigger_controller_dag.py
[2024-09-22T23:34:53.920+0000] {processor.py:925} INFO - DAG(s) 'example_trigger_controller_dag' retrieved from /home/airflow/.local/lib/python3.12/site-packages/airflow/example_dags/example_trigger_controller_dag.py
[2024-09-22T23:34:53.949+0000] {logging_mixin.py:190} INFO - [2024-09-22T23:34:53.949+0000] {dag.py:3229} INFO - Sync 1 DAGs
[2024-09-22T23:34:53.979+0000] {logging_mixin.py:190} INFO - [2024-09-22T23:34:53.979+0000] {dag.py:4156} INFO - Setting next_dagrun for example_trigger_controller_dag to 2021-01-01 00:00:00+00:00, run_after=2021-01-01 00:00:00+00:00
[2024-09-22T23:34:54.005+0000] {processor.py:208} INFO - Processing /home/airflow/.local/lib/python3.12/site-packages/airflow/example_dags/example_trigger_controller_dag.py took 0.117 seconds
[2024-09-22T23:35:24.152+0000] {processor.py:186} INFO - Started process (PID=1202) to work on /home/airflow/.local/lib/python3.12/site-packages/airflow/example_dags/example_trigger_controller_dag.py
[2024-09-22T23:35:24.154+0000] {processor.py:914} INFO - Processing file /home/airflow/.local/lib/python3.12/site-packages/airflow/example_dags/example_trigger_controller_dag.py for tasks to queue
[2024-09-22T23:35:24.158+0000] {logging_mixin.py:190} INFO - [2024-09-22T23:35:24.157+0000] {dagbag.py:587} INFO - Filling up the DagBag from /home/airflow/.local/lib/python3.12/site-packages/airflow/example_dags/example_trigger_controller_dag.py
[2024-09-22T23:35:24.173+0000] {processor.py:925} INFO - DAG(s) 'example_trigger_controller_dag' retrieved from /home/airflow/.local/lib/python3.12/site-packages/airflow/example_dags/example_trigger_controller_dag.py
[2024-09-22T23:35:24.201+0000] {logging_mixin.py:190} INFO - [2024-09-22T23:35:24.201+0000] {dag.py:3229} INFO - Sync 1 DAGs
[2024-09-22T23:35:24.236+0000] {logging_mixin.py:190} INFO - [2024-09-22T23:35:24.236+0000] {dag.py:4156} INFO - Setting next_dagrun for example_trigger_controller_dag to 2021-01-01 00:00:00+00:00, run_after=2021-01-01 00:00:00+00:00
[2024-09-22T23:35:24.262+0000] {processor.py:208} INFO - Processing /home/airflow/.local/lib/python3.12/site-packages/airflow/example_dags/example_trigger_controller_dag.py took 0.119 seconds
[2024-09-22T23:35:54.651+0000] {processor.py:186} INFO - Started process (PID=1265) to work on /home/airflow/.local/lib/python3.12/site-packages/airflow/example_dags/example_trigger_controller_dag.py
[2024-09-22T23:35:54.653+0000] {processor.py:914} INFO - Processing file /home/airflow/.local/lib/python3.12/site-packages/airflow/example_dags/example_trigger_controller_dag.py for tasks to queue
[2024-09-22T23:35:54.657+0000] {logging_mixin.py:190} INFO - [2024-09-22T23:35:54.657+0000] {dagbag.py:587} INFO - Filling up the DagBag from /home/airflow/.local/lib/python3.12/site-packages/airflow/example_dags/example_trigger_controller_dag.py
[2024-09-22T23:35:54.672+0000] {processor.py:925} INFO - DAG(s) 'example_trigger_controller_dag' retrieved from /home/airflow/.local/lib/python3.12/site-packages/airflow/example_dags/example_trigger_controller_dag.py
[2024-09-22T23:35:54.700+0000] {logging_mixin.py:190} INFO - [2024-09-22T23:35:54.700+0000] {dag.py:3229} INFO - Sync 1 DAGs
[2024-09-22T23:35:54.731+0000] {logging_mixin.py:190} INFO - [2024-09-22T23:35:54.730+0000] {dag.py:4156} INFO - Setting next_dagrun for example_trigger_controller_dag to 2021-01-01 00:00:00+00:00, run_after=2021-01-01 00:00:00+00:00
[2024-09-22T23:35:54.756+0000] {processor.py:208} INFO - Processing /home/airflow/.local/lib/python3.12/site-packages/airflow/example_dags/example_trigger_controller_dag.py took 0.114 seconds
[2024-09-22T23:36:25.629+0000] {processor.py:186} INFO - Started process (PID=1328) to work on /home/airflow/.local/lib/python3.12/site-packages/airflow/example_dags/example_trigger_controller_dag.py
[2024-09-22T23:36:25.631+0000] {processor.py:914} INFO - Processing file /home/airflow/.local/lib/python3.12/site-packages/airflow/example_dags/example_trigger_controller_dag.py for tasks to queue
[2024-09-22T23:36:25.637+0000] {logging_mixin.py:190} INFO - [2024-09-22T23:36:25.636+0000] {dagbag.py:587} INFO - Filling up the DagBag from /home/airflow/.local/lib/python3.12/site-packages/airflow/example_dags/example_trigger_controller_dag.py
[2024-09-22T23:36:25.656+0000] {processor.py:925} INFO - DAG(s) 'example_trigger_controller_dag' retrieved from /home/airflow/.local/lib/python3.12/site-packages/airflow/example_dags/example_trigger_controller_dag.py
[2024-09-22T23:36:25.691+0000] {logging_mixin.py:190} INFO - [2024-09-22T23:36:25.690+0000] {dag.py:3229} INFO - Sync 1 DAGs
[2024-09-22T23:36:25.738+0000] {logging_mixin.py:190} INFO - [2024-09-22T23:36:25.738+0000] {dag.py:4156} INFO - Setting next_dagrun for example_trigger_controller_dag to 2021-01-01 00:00:00+00:00, run_after=2021-01-01 00:00:00+00:00
[2024-09-22T23:36:25.769+0000] {processor.py:208} INFO - Processing /home/airflow/.local/lib/python3.12/site-packages/airflow/example_dags/example_trigger_controller_dag.py took 0.151 seconds
[2024-09-22T23:36:55.984+0000] {processor.py:186} INFO - Started process (PID=1391) to work on /home/airflow/.local/lib/python3.12/site-packages/airflow/example_dags/example_trigger_controller_dag.py
[2024-09-22T23:36:55.986+0000] {processor.py:914} INFO - Processing file /home/airflow/.local/lib/python3.12/site-packages/airflow/example_dags/example_trigger_controller_dag.py for tasks to queue
[2024-09-22T23:36:55.991+0000] {logging_mixin.py:190} INFO - [2024-09-22T23:36:55.990+0000] {dagbag.py:587} INFO - Filling up the DagBag from /home/airflow/.local/lib/python3.12/site-packages/airflow/example_dags/example_trigger_controller_dag.py
[2024-09-22T23:36:56.006+0000] {processor.py:925} INFO - DAG(s) 'example_trigger_controller_dag' retrieved from /home/airflow/.local/lib/python3.12/site-packages/airflow/example_dags/example_trigger_controller_dag.py
[2024-09-22T23:36:56.037+0000] {logging_mixin.py:190} INFO - [2024-09-22T23:36:56.036+0000] {dag.py:3229} INFO - Sync 1 DAGs
[2024-09-22T23:36:56.071+0000] {logging_mixin.py:190} INFO - [2024-09-22T23:36:56.071+0000] {dag.py:4156} INFO - Setting next_dagrun for example_trigger_controller_dag to 2021-01-01 00:00:00+00:00, run_after=2021-01-01 00:00:00+00:00
[2024-09-22T23:36:56.100+0000] {processor.py:208} INFO - Processing /home/airflow/.local/lib/python3.12/site-packages/airflow/example_dags/example_trigger_controller_dag.py took 0.125 seconds
[2024-09-22T23:37:26.496+0000] {processor.py:186} INFO - Started process (PID=1454) to work on /home/airflow/.local/lib/python3.12/site-packages/airflow/example_dags/example_trigger_controller_dag.py
[2024-09-22T23:37:26.498+0000] {processor.py:914} INFO - Processing file /home/airflow/.local/lib/python3.12/site-packages/airflow/example_dags/example_trigger_controller_dag.py for tasks to queue
[2024-09-22T23:37:26.501+0000] {logging_mixin.py:190} INFO - [2024-09-22T23:37:26.501+0000] {dagbag.py:587} INFO - Filling up the DagBag from /home/airflow/.local/lib/python3.12/site-packages/airflow/example_dags/example_trigger_controller_dag.py
[2024-09-22T23:37:26.516+0000] {processor.py:925} INFO - DAG(s) 'example_trigger_controller_dag' retrieved from /home/airflow/.local/lib/python3.12/site-packages/airflow/example_dags/example_trigger_controller_dag.py
[2024-09-22T23:37:26.545+0000] {logging_mixin.py:190} INFO - [2024-09-22T23:37:26.544+0000] {dag.py:3229} INFO - Sync 1 DAGs
[2024-09-22T23:37:26.577+0000] {logging_mixin.py:190} INFO - [2024-09-22T23:37:26.577+0000] {dag.py:4156} INFO - Setting next_dagrun for example_trigger_controller_dag to 2021-01-01 00:00:00+00:00, run_after=2021-01-01 00:00:00+00:00
[2024-09-22T23:37:26.600+0000] {processor.py:208} INFO - Processing /home/airflow/.local/lib/python3.12/site-packages/airflow/example_dags/example_trigger_controller_dag.py took 0.114 seconds
[2024-09-22T23:37:56.766+0000] {processor.py:186} INFO - Started process (PID=1517) to work on /home/airflow/.local/lib/python3.12/site-packages/airflow/example_dags/example_trigger_controller_dag.py
[2024-09-22T23:37:56.768+0000] {processor.py:914} INFO - Processing file /home/airflow/.local/lib/python3.12/site-packages/airflow/example_dags/example_trigger_controller_dag.py for tasks to queue
[2024-09-22T23:37:56.772+0000] {logging_mixin.py:190} INFO - [2024-09-22T23:37:56.771+0000] {dagbag.py:587} INFO - Filling up the DagBag from /home/airflow/.local/lib/python3.12/site-packages/airflow/example_dags/example_trigger_controller_dag.py
[2024-09-22T23:37:56.791+0000] {processor.py:925} INFO - DAG(s) 'example_trigger_controller_dag' retrieved from /home/airflow/.local/lib/python3.12/site-packages/airflow/example_dags/example_trigger_controller_dag.py
[2024-09-22T23:37:56.819+0000] {logging_mixin.py:190} INFO - [2024-09-22T23:37:56.818+0000] {dag.py:3229} INFO - Sync 1 DAGs
[2024-09-22T23:37:56.851+0000] {logging_mixin.py:190} INFO - [2024-09-22T23:37:56.851+0000] {dag.py:4156} INFO - Setting next_dagrun for example_trigger_controller_dag to 2021-01-01 00:00:00+00:00, run_after=2021-01-01 00:00:00+00:00
[2024-09-22T23:37:56.879+0000] {processor.py:208} INFO - Processing /home/airflow/.local/lib/python3.12/site-packages/airflow/example_dags/example_trigger_controller_dag.py took 0.123 seconds
[2024-09-22T23:38:27.324+0000] {processor.py:186} INFO - Started process (PID=1580) to work on /home/airflow/.local/lib/python3.12/site-packages/airflow/example_dags/example_trigger_controller_dag.py
[2024-09-22T23:38:27.325+0000] {processor.py:914} INFO - Processing file /home/airflow/.local/lib/python3.12/site-packages/airflow/example_dags/example_trigger_controller_dag.py for tasks to queue
[2024-09-22T23:38:27.331+0000] {logging_mixin.py:190} INFO - [2024-09-22T23:38:27.330+0000] {dagbag.py:587} INFO - Filling up the DagBag from /home/airflow/.local/lib/python3.12/site-packages/airflow/example_dags/example_trigger_controller_dag.py
[2024-09-22T23:38:27.352+0000] {processor.py:925} INFO - DAG(s) 'example_trigger_controller_dag' retrieved from /home/airflow/.local/lib/python3.12/site-packages/airflow/example_dags/example_trigger_controller_dag.py
[2024-09-22T23:38:27.389+0000] {logging_mixin.py:190} INFO - [2024-09-22T23:38:27.388+0000] {dag.py:3229} INFO - Sync 1 DAGs
[2024-09-22T23:38:27.432+0000] {logging_mixin.py:190} INFO - [2024-09-22T23:38:27.431+0000] {dag.py:4156} INFO - Setting next_dagrun for example_trigger_controller_dag to 2021-01-01 00:00:00+00:00, run_after=2021-01-01 00:00:00+00:00
[2024-09-22T23:38:27.465+0000] {processor.py:208} INFO - Processing /home/airflow/.local/lib/python3.12/site-packages/airflow/example_dags/example_trigger_controller_dag.py took 0.155 seconds
[2024-09-22T23:38:57.881+0000] {processor.py:186} INFO - Started process (PID=1643) to work on /home/airflow/.local/lib/python3.12/site-packages/airflow/example_dags/example_trigger_controller_dag.py
[2024-09-22T23:38:57.883+0000] {processor.py:914} INFO - Processing file /home/airflow/.local/lib/python3.12/site-packages/airflow/example_dags/example_trigger_controller_dag.py for tasks to queue
[2024-09-22T23:38:57.887+0000] {logging_mixin.py:190} INFO - [2024-09-22T23:38:57.887+0000] {dagbag.py:587} INFO - Filling up the DagBag from /home/airflow/.local/lib/python3.12/site-packages/airflow/example_dags/example_trigger_controller_dag.py
[2024-09-22T23:38:57.901+0000] {processor.py:925} INFO - DAG(s) 'example_trigger_controller_dag' retrieved from /home/airflow/.local/lib/python3.12/site-packages/airflow/example_dags/example_trigger_controller_dag.py
[2024-09-22T23:38:57.931+0000] {logging_mixin.py:190} INFO - [2024-09-22T23:38:57.931+0000] {dag.py:3229} INFO - Sync 1 DAGs
[2024-09-22T23:38:57.965+0000] {logging_mixin.py:190} INFO - [2024-09-22T23:38:57.965+0000] {dag.py:4156} INFO - Setting next_dagrun for example_trigger_controller_dag to 2021-01-01 00:00:00+00:00, run_after=2021-01-01 00:00:00+00:00
[2024-09-22T23:38:57.993+0000] {processor.py:208} INFO - Processing /home/airflow/.local/lib/python3.12/site-packages/airflow/example_dags/example_trigger_controller_dag.py took 0.120 seconds
[2024-09-22T23:39:28.390+0000] {processor.py:186} INFO - Started process (PID=1706) to work on /home/airflow/.local/lib/python3.12/site-packages/airflow/example_dags/example_trigger_controller_dag.py
[2024-09-22T23:39:28.391+0000] {processor.py:914} INFO - Processing file /home/airflow/.local/lib/python3.12/site-packages/airflow/example_dags/example_trigger_controller_dag.py for tasks to queue
[2024-09-22T23:39:28.396+0000] {logging_mixin.py:190} INFO - [2024-09-22T23:39:28.395+0000] {dagbag.py:587} INFO - Filling up the DagBag from /home/airflow/.local/lib/python3.12/site-packages/airflow/example_dags/example_trigger_controller_dag.py
[2024-09-22T23:39:28.414+0000] {processor.py:925} INFO - DAG(s) 'example_trigger_controller_dag' retrieved from /home/airflow/.local/lib/python3.12/site-packages/airflow/example_dags/example_trigger_controller_dag.py
[2024-09-22T23:39:28.440+0000] {logging_mixin.py:190} INFO - [2024-09-22T23:39:28.440+0000] {dag.py:3229} INFO - Sync 1 DAGs
[2024-09-22T23:39:28.471+0000] {logging_mixin.py:190} INFO - [2024-09-22T23:39:28.470+0000] {dag.py:4156} INFO - Setting next_dagrun for example_trigger_controller_dag to 2021-01-01 00:00:00+00:00, run_after=2021-01-01 00:00:00+00:00
[2024-09-22T23:39:28.493+0000] {processor.py:208} INFO - Processing /home/airflow/.local/lib/python3.12/site-packages/airflow/example_dags/example_trigger_controller_dag.py took 0.112 seconds
[2024-09-22T23:39:58.951+0000] {processor.py:186} INFO - Started process (PID=1769) to work on /home/airflow/.local/lib/python3.12/site-packages/airflow/example_dags/example_trigger_controller_dag.py
[2024-09-22T23:39:58.953+0000] {processor.py:914} INFO - Processing file /home/airflow/.local/lib/python3.12/site-packages/airflow/example_dags/example_trigger_controller_dag.py for tasks to queue
[2024-09-22T23:39:58.957+0000] {logging_mixin.py:190} INFO - [2024-09-22T23:39:58.957+0000] {dagbag.py:587} INFO - Filling up the DagBag from /home/airflow/.local/lib/python3.12/site-packages/airflow/example_dags/example_trigger_controller_dag.py
[2024-09-22T23:39:58.977+0000] {processor.py:925} INFO - DAG(s) 'example_trigger_controller_dag' retrieved from /home/airflow/.local/lib/python3.12/site-packages/airflow/example_dags/example_trigger_controller_dag.py
[2024-09-22T23:39:59.009+0000] {logging_mixin.py:190} INFO - [2024-09-22T23:39:59.008+0000] {dag.py:3229} INFO - Sync 1 DAGs
[2024-09-22T23:39:59.042+0000] {logging_mixin.py:190} INFO - [2024-09-22T23:39:59.041+0000] {dag.py:4156} INFO - Setting next_dagrun for example_trigger_controller_dag to 2021-01-01 00:00:00+00:00, run_after=2021-01-01 00:00:00+00:00
[2024-09-22T23:39:59.065+0000] {processor.py:208} INFO - Processing /home/airflow/.local/lib/python3.12/site-packages/airflow/example_dags/example_trigger_controller_dag.py took 0.123 seconds
[2024-09-22T23:40:31.293+0000] {processor.py:186} INFO - Started process (PID=1830) to work on /home/airflow/.local/lib/python3.12/site-packages/airflow/example_dags/example_trigger_controller_dag.py
[2024-09-22T23:40:31.294+0000] {processor.py:914} INFO - Processing file /home/airflow/.local/lib/python3.12/site-packages/airflow/example_dags/example_trigger_controller_dag.py for tasks to queue
[2024-09-22T23:40:31.298+0000] {logging_mixin.py:190} INFO - [2024-09-22T23:40:31.298+0000] {dagbag.py:587} INFO - Filling up the DagBag from /home/airflow/.local/lib/python3.12/site-packages/airflow/example_dags/example_trigger_controller_dag.py
[2024-09-22T23:40:31.312+0000] {processor.py:925} INFO - DAG(s) 'example_trigger_controller_dag' retrieved from /home/airflow/.local/lib/python3.12/site-packages/airflow/example_dags/example_trigger_controller_dag.py
[2024-09-22T23:40:31.344+0000] {logging_mixin.py:190} INFO - [2024-09-22T23:40:31.343+0000] {dag.py:3229} INFO - Sync 1 DAGs
[2024-09-22T23:40:31.694+0000] {logging_mixin.py:190} INFO - [2024-09-22T23:40:31.694+0000] {dag.py:4156} INFO - Setting next_dagrun for example_trigger_controller_dag to 2021-01-01 00:00:00+00:00, run_after=2021-01-01 00:00:00+00:00
[2024-09-22T23:40:31.718+0000] {processor.py:208} INFO - Processing /home/airflow/.local/lib/python3.12/site-packages/airflow/example_dags/example_trigger_controller_dag.py took 0.434 seconds
[2024-09-22T23:41:01.782+0000] {processor.py:186} INFO - Started process (PID=1893) to work on /home/airflow/.local/lib/python3.12/site-packages/airflow/example_dags/example_trigger_controller_dag.py
[2024-09-22T23:41:01.784+0000] {processor.py:914} INFO - Processing file /home/airflow/.local/lib/python3.12/site-packages/airflow/example_dags/example_trigger_controller_dag.py for tasks to queue
[2024-09-22T23:41:01.789+0000] {logging_mixin.py:190} INFO - [2024-09-22T23:41:01.788+0000] {dagbag.py:587} INFO - Filling up the DagBag from /home/airflow/.local/lib/python3.12/site-packages/airflow/example_dags/example_trigger_controller_dag.py
[2024-09-22T23:41:01.808+0000] {processor.py:925} INFO - DAG(s) 'example_trigger_controller_dag' retrieved from /home/airflow/.local/lib/python3.12/site-packages/airflow/example_dags/example_trigger_controller_dag.py
[2024-09-22T23:41:01.845+0000] {logging_mixin.py:190} INFO - [2024-09-22T23:41:01.845+0000] {dag.py:3229} INFO - Sync 1 DAGs
[2024-09-22T23:41:01.888+0000] {logging_mixin.py:190} INFO - [2024-09-22T23:41:01.888+0000] {dag.py:4156} INFO - Setting next_dagrun for example_trigger_controller_dag to 2021-01-01 00:00:00+00:00, run_after=2021-01-01 00:00:00+00:00
[2024-09-22T23:41:01.913+0000] {processor.py:208} INFO - Processing /home/airflow/.local/lib/python3.12/site-packages/airflow/example_dags/example_trigger_controller_dag.py took 0.144 seconds
[2024-09-22T23:41:32.136+0000] {processor.py:186} INFO - Started process (PID=1956) to work on /home/airflow/.local/lib/python3.12/site-packages/airflow/example_dags/example_trigger_controller_dag.py
[2024-09-22T23:41:32.137+0000] {processor.py:914} INFO - Processing file /home/airflow/.local/lib/python3.12/site-packages/airflow/example_dags/example_trigger_controller_dag.py for tasks to queue
[2024-09-22T23:41:32.141+0000] {logging_mixin.py:190} INFO - [2024-09-22T23:41:32.140+0000] {dagbag.py:587} INFO - Filling up the DagBag from /home/airflow/.local/lib/python3.12/site-packages/airflow/example_dags/example_trigger_controller_dag.py
[2024-09-22T23:41:32.155+0000] {processor.py:925} INFO - DAG(s) 'example_trigger_controller_dag' retrieved from /home/airflow/.local/lib/python3.12/site-packages/airflow/example_dags/example_trigger_controller_dag.py
[2024-09-22T23:41:32.185+0000] {logging_mixin.py:190} INFO - [2024-09-22T23:41:32.184+0000] {dag.py:3229} INFO - Sync 1 DAGs
[2024-09-22T23:41:32.215+0000] {logging_mixin.py:190} INFO - [2024-09-22T23:41:32.215+0000] {dag.py:4156} INFO - Setting next_dagrun for example_trigger_controller_dag to 2021-01-01 00:00:00+00:00, run_after=2021-01-01 00:00:00+00:00
[2024-09-22T23:41:32.238+0000] {processor.py:208} INFO - Processing /home/airflow/.local/lib/python3.12/site-packages/airflow/example_dags/example_trigger_controller_dag.py took 0.111 seconds
[2024-09-22T23:42:04.780+0000] {processor.py:186} INFO - Started process (PID=2024) to work on /home/airflow/.local/lib/python3.12/site-packages/airflow/example_dags/example_trigger_controller_dag.py
[2024-09-22T23:42:04.782+0000] {processor.py:914} INFO - Processing file /home/airflow/.local/lib/python3.12/site-packages/airflow/example_dags/example_trigger_controller_dag.py for tasks to queue
[2024-09-22T23:42:04.785+0000] {logging_mixin.py:190} INFO - [2024-09-22T23:42:04.785+0000] {dagbag.py:587} INFO - Filling up the DagBag from /home/airflow/.local/lib/python3.12/site-packages/airflow/example_dags/example_trigger_controller_dag.py
[2024-09-22T23:42:05.094+0000] {processor.py:925} INFO - DAG(s) 'example_trigger_controller_dag' retrieved from /home/airflow/.local/lib/python3.12/site-packages/airflow/example_dags/example_trigger_controller_dag.py
[2024-09-22T23:42:05.118+0000] {logging_mixin.py:190} INFO - [2024-09-22T23:42:05.117+0000] {dag.py:3229} INFO - Sync 1 DAGs
[2024-09-22T23:42:05.153+0000] {logging_mixin.py:190} INFO - [2024-09-22T23:42:05.153+0000] {dag.py:4156} INFO - Setting next_dagrun for example_trigger_controller_dag to 2021-01-01 00:00:00+00:00, run_after=2021-01-01 00:00:00+00:00
[2024-09-22T23:42:05.174+0000] {processor.py:208} INFO - Processing /home/airflow/.local/lib/python3.12/site-packages/airflow/example_dags/example_trigger_controller_dag.py took 0.404 seconds
[2024-09-22T23:42:35.932+0000] {processor.py:186} INFO - Started process (PID=2087) to work on /home/airflow/.local/lib/python3.12/site-packages/airflow/example_dags/example_trigger_controller_dag.py
[2024-09-22T23:42:35.933+0000] {processor.py:914} INFO - Processing file /home/airflow/.local/lib/python3.12/site-packages/airflow/example_dags/example_trigger_controller_dag.py for tasks to queue
[2024-09-22T23:42:35.938+0000] {logging_mixin.py:190} INFO - [2024-09-22T23:42:35.937+0000] {dagbag.py:587} INFO - Filling up the DagBag from /home/airflow/.local/lib/python3.12/site-packages/airflow/example_dags/example_trigger_controller_dag.py
[2024-09-22T23:42:35.955+0000] {processor.py:925} INFO - DAG(s) 'example_trigger_controller_dag' retrieved from /home/airflow/.local/lib/python3.12/site-packages/airflow/example_dags/example_trigger_controller_dag.py
[2024-09-22T23:42:35.984+0000] {logging_mixin.py:190} INFO - [2024-09-22T23:42:35.984+0000] {dag.py:3229} INFO - Sync 1 DAGs
[2024-09-22T23:42:36.020+0000] {logging_mixin.py:190} INFO - [2024-09-22T23:42:36.020+0000] {dag.py:4156} INFO - Setting next_dagrun for example_trigger_controller_dag to 2021-01-01 00:00:00+00:00, run_after=2021-01-01 00:00:00+00:00
[2024-09-22T23:42:36.051+0000] {processor.py:208} INFO - Processing /home/airflow/.local/lib/python3.12/site-packages/airflow/example_dags/example_trigger_controller_dag.py took 0.128 seconds
[2024-09-22T23:43:07.025+0000] {processor.py:186} INFO - Started process (PID=2151) to work on /home/airflow/.local/lib/python3.12/site-packages/airflow/example_dags/example_trigger_controller_dag.py
[2024-09-22T23:43:07.029+0000] {processor.py:914} INFO - Processing file /home/airflow/.local/lib/python3.12/site-packages/airflow/example_dags/example_trigger_controller_dag.py for tasks to queue
[2024-09-22T23:43:07.034+0000] {logging_mixin.py:190} INFO - [2024-09-22T23:43:07.033+0000] {dagbag.py:587} INFO - Filling up the DagBag from /home/airflow/.local/lib/python3.12/site-packages/airflow/example_dags/example_trigger_controller_dag.py
[2024-09-22T23:43:07.060+0000] {processor.py:925} INFO - DAG(s) 'example_trigger_controller_dag' retrieved from /home/airflow/.local/lib/python3.12/site-packages/airflow/example_dags/example_trigger_controller_dag.py
[2024-09-22T23:43:07.118+0000] {logging_mixin.py:190} INFO - [2024-09-22T23:43:07.117+0000] {dag.py:3229} INFO - Sync 1 DAGs
[2024-09-22T23:43:07.191+0000] {logging_mixin.py:190} INFO - [2024-09-22T23:43:07.190+0000] {dag.py:4156} INFO - Setting next_dagrun for example_trigger_controller_dag to 2021-01-01 00:00:00+00:00, run_after=2021-01-01 00:00:00+00:00
[2024-09-22T23:43:07.246+0000] {processor.py:208} INFO - Processing /home/airflow/.local/lib/python3.12/site-packages/airflow/example_dags/example_trigger_controller_dag.py took 0.237 seconds
[2024-09-22T23:43:37.351+0000] {processor.py:186} INFO - Started process (PID=2214) to work on /home/airflow/.local/lib/python3.12/site-packages/airflow/example_dags/example_trigger_controller_dag.py
[2024-09-22T23:43:37.353+0000] {processor.py:914} INFO - Processing file /home/airflow/.local/lib/python3.12/site-packages/airflow/example_dags/example_trigger_controller_dag.py for tasks to queue
[2024-09-22T23:43:37.357+0000] {logging_mixin.py:190} INFO - [2024-09-22T23:43:37.357+0000] {dagbag.py:587} INFO - Filling up the DagBag from /home/airflow/.local/lib/python3.12/site-packages/airflow/example_dags/example_trigger_controller_dag.py
[2024-09-22T23:43:37.429+0000] {processor.py:925} INFO - DAG(s) 'example_trigger_controller_dag' retrieved from /home/airflow/.local/lib/python3.12/site-packages/airflow/example_dags/example_trigger_controller_dag.py
[2024-09-22T23:43:37.512+0000] {logging_mixin.py:190} INFO - [2024-09-22T23:43:37.512+0000] {dag.py:3229} INFO - Sync 1 DAGs
[2024-09-22T23:43:37.588+0000] {logging_mixin.py:190} INFO - [2024-09-22T23:43:37.587+0000] {dag.py:4156} INFO - Setting next_dagrun for example_trigger_controller_dag to 2021-01-01 00:00:00+00:00, run_after=2021-01-01 00:00:00+00:00
[2024-09-22T23:43:37.620+0000] {processor.py:208} INFO - Processing /home/airflow/.local/lib/python3.12/site-packages/airflow/example_dags/example_trigger_controller_dag.py took 0.282 seconds
[2024-09-22T23:44:07.674+0000] {processor.py:186} INFO - Started process (PID=2277) to work on /home/airflow/.local/lib/python3.12/site-packages/airflow/example_dags/example_trigger_controller_dag.py
[2024-09-22T23:44:07.677+0000] {processor.py:914} INFO - Processing file /home/airflow/.local/lib/python3.12/site-packages/airflow/example_dags/example_trigger_controller_dag.py for tasks to queue
[2024-09-22T23:44:07.680+0000] {logging_mixin.py:190} INFO - [2024-09-22T23:44:07.680+0000] {dagbag.py:587} INFO - Filling up the DagBag from /home/airflow/.local/lib/python3.12/site-packages/airflow/example_dags/example_trigger_controller_dag.py
[2024-09-22T23:44:07.696+0000] {processor.py:925} INFO - DAG(s) 'example_trigger_controller_dag' retrieved from /home/airflow/.local/lib/python3.12/site-packages/airflow/example_dags/example_trigger_controller_dag.py
[2024-09-22T23:44:07.730+0000] {logging_mixin.py:190} INFO - [2024-09-22T23:44:07.729+0000] {dag.py:3229} INFO - Sync 1 DAGs
[2024-09-22T23:44:07.768+0000] {logging_mixin.py:190} INFO - [2024-09-22T23:44:07.767+0000] {dag.py:4156} INFO - Setting next_dagrun for example_trigger_controller_dag to 2021-01-01 00:00:00+00:00, run_after=2021-01-01 00:00:00+00:00
[2024-09-22T23:44:07.796+0000] {processor.py:208} INFO - Processing /home/airflow/.local/lib/python3.12/site-packages/airflow/example_dags/example_trigger_controller_dag.py took 0.131 seconds
[2024-09-22T23:46:53.177+0000] {processor.py:186} INFO - Started process (PID=80) to work on /home/airflow/.local/lib/python3.12/site-packages/airflow/example_dags/example_trigger_controller_dag.py
[2024-09-22T23:46:53.179+0000] {processor.py:914} INFO - Processing file /home/airflow/.local/lib/python3.12/site-packages/airflow/example_dags/example_trigger_controller_dag.py for tasks to queue
[2024-09-22T23:46:53.184+0000] {logging_mixin.py:190} INFO - [2024-09-22T23:46:53.183+0000] {dagbag.py:587} INFO - Filling up the DagBag from /home/airflow/.local/lib/python3.12/site-packages/airflow/example_dags/example_trigger_controller_dag.py
[2024-09-22T23:46:53.206+0000] {processor.py:925} INFO - DAG(s) 'example_trigger_controller_dag' retrieved from /home/airflow/.local/lib/python3.12/site-packages/airflow/example_dags/example_trigger_controller_dag.py
[2024-09-22T23:46:53.257+0000] {logging_mixin.py:190} INFO - [2024-09-22T23:46:53.256+0000] {dag.py:3229} INFO - Sync 1 DAGs
[2024-09-22T23:46:53.307+0000] {logging_mixin.py:190} INFO - [2024-09-22T23:46:53.306+0000] {dag.py:4156} INFO - Setting next_dagrun for example_trigger_controller_dag to 2021-01-01 00:00:00+00:00, run_after=2021-01-01 00:00:00+00:00
[2024-09-22T23:46:53.340+0000] {processor.py:208} INFO - Processing /home/airflow/.local/lib/python3.12/site-packages/airflow/example_dags/example_trigger_controller_dag.py took 0.176 seconds
[2024-09-22T23:47:23.688+0000] {processor.py:186} INFO - Started process (PID=142) to work on /home/airflow/.local/lib/python3.12/site-packages/airflow/example_dags/example_trigger_controller_dag.py
[2024-09-22T23:47:23.689+0000] {processor.py:914} INFO - Processing file /home/airflow/.local/lib/python3.12/site-packages/airflow/example_dags/example_trigger_controller_dag.py for tasks to queue
[2024-09-22T23:47:23.693+0000] {logging_mixin.py:190} INFO - [2024-09-22T23:47:23.693+0000] {dagbag.py:587} INFO - Filling up the DagBag from /home/airflow/.local/lib/python3.12/site-packages/airflow/example_dags/example_trigger_controller_dag.py
[2024-09-22T23:47:23.709+0000] {processor.py:925} INFO - DAG(s) 'example_trigger_controller_dag' retrieved from /home/airflow/.local/lib/python3.12/site-packages/airflow/example_dags/example_trigger_controller_dag.py
[2024-09-22T23:47:23.737+0000] {logging_mixin.py:190} INFO - [2024-09-22T23:47:23.737+0000] {dag.py:3229} INFO - Sync 1 DAGs
[2024-09-22T23:47:23.770+0000] {logging_mixin.py:190} INFO - [2024-09-22T23:47:23.769+0000] {dag.py:4156} INFO - Setting next_dagrun for example_trigger_controller_dag to 2021-01-01 00:00:00+00:00, run_after=2021-01-01 00:00:00+00:00
[2024-09-22T23:47:23.798+0000] {processor.py:208} INFO - Processing /home/airflow/.local/lib/python3.12/site-packages/airflow/example_dags/example_trigger_controller_dag.py took 0.119 seconds
[2024-09-22T23:47:54.528+0000] {processor.py:186} INFO - Started process (PID=205) to work on /home/airflow/.local/lib/python3.12/site-packages/airflow/example_dags/example_trigger_controller_dag.py
[2024-09-22T23:47:54.530+0000] {processor.py:914} INFO - Processing file /home/airflow/.local/lib/python3.12/site-packages/airflow/example_dags/example_trigger_controller_dag.py for tasks to queue
[2024-09-22T23:47:54.534+0000] {logging_mixin.py:190} INFO - [2024-09-22T23:47:54.533+0000] {dagbag.py:587} INFO - Filling up the DagBag from /home/airflow/.local/lib/python3.12/site-packages/airflow/example_dags/example_trigger_controller_dag.py
[2024-09-22T23:47:54.549+0000] {processor.py:925} INFO - DAG(s) 'example_trigger_controller_dag' retrieved from /home/airflow/.local/lib/python3.12/site-packages/airflow/example_dags/example_trigger_controller_dag.py
[2024-09-22T23:47:54.578+0000] {logging_mixin.py:190} INFO - [2024-09-22T23:47:54.577+0000] {dag.py:3229} INFO - Sync 1 DAGs
[2024-09-22T23:47:54.609+0000] {logging_mixin.py:190} INFO - [2024-09-22T23:47:54.609+0000] {dag.py:4156} INFO - Setting next_dagrun for example_trigger_controller_dag to 2021-01-01 00:00:00+00:00, run_after=2021-01-01 00:00:00+00:00
[2024-09-22T23:47:54.634+0000] {processor.py:208} INFO - Processing /home/airflow/.local/lib/python3.12/site-packages/airflow/example_dags/example_trigger_controller_dag.py took 0.115 seconds
[2024-09-22T23:48:25.027+0000] {processor.py:186} INFO - Started process (PID=268) to work on /home/airflow/.local/lib/python3.12/site-packages/airflow/example_dags/example_trigger_controller_dag.py
[2024-09-22T23:48:25.029+0000] {processor.py:914} INFO - Processing file /home/airflow/.local/lib/python3.12/site-packages/airflow/example_dags/example_trigger_controller_dag.py for tasks to queue
[2024-09-22T23:48:25.032+0000] {logging_mixin.py:190} INFO - [2024-09-22T23:48:25.032+0000] {dagbag.py:587} INFO - Filling up the DagBag from /home/airflow/.local/lib/python3.12/site-packages/airflow/example_dags/example_trigger_controller_dag.py
[2024-09-22T23:48:25.048+0000] {processor.py:925} INFO - DAG(s) 'example_trigger_controller_dag' retrieved from /home/airflow/.local/lib/python3.12/site-packages/airflow/example_dags/example_trigger_controller_dag.py
[2024-09-22T23:48:25.080+0000] {logging_mixin.py:190} INFO - [2024-09-22T23:48:25.079+0000] {dag.py:3229} INFO - Sync 1 DAGs
[2024-09-22T23:48:25.121+0000] {logging_mixin.py:190} INFO - [2024-09-22T23:48:25.121+0000] {dag.py:4156} INFO - Setting next_dagrun for example_trigger_controller_dag to 2021-01-01 00:00:00+00:00, run_after=2021-01-01 00:00:00+00:00
[2024-09-22T23:48:25.147+0000] {processor.py:208} INFO - Processing /home/airflow/.local/lib/python3.12/site-packages/airflow/example_dags/example_trigger_controller_dag.py took 0.129 seconds
[2024-09-22T23:48:55.780+0000] {processor.py:186} INFO - Started process (PID=331) to work on /home/airflow/.local/lib/python3.12/site-packages/airflow/example_dags/example_trigger_controller_dag.py
[2024-09-22T23:48:55.782+0000] {processor.py:914} INFO - Processing file /home/airflow/.local/lib/python3.12/site-packages/airflow/example_dags/example_trigger_controller_dag.py for tasks to queue
[2024-09-22T23:48:55.786+0000] {logging_mixin.py:190} INFO - [2024-09-22T23:48:55.785+0000] {dagbag.py:587} INFO - Filling up the DagBag from /home/airflow/.local/lib/python3.12/site-packages/airflow/example_dags/example_trigger_controller_dag.py
[2024-09-22T23:48:55.801+0000] {processor.py:925} INFO - DAG(s) 'example_trigger_controller_dag' retrieved from /home/airflow/.local/lib/python3.12/site-packages/airflow/example_dags/example_trigger_controller_dag.py
[2024-09-22T23:48:55.829+0000] {logging_mixin.py:190} INFO - [2024-09-22T23:48:55.829+0000] {dag.py:3229} INFO - Sync 1 DAGs
[2024-09-22T23:48:55.866+0000] {logging_mixin.py:190} INFO - [2024-09-22T23:48:55.866+0000] {dag.py:4156} INFO - Setting next_dagrun for example_trigger_controller_dag to 2021-01-01 00:00:00+00:00, run_after=2021-01-01 00:00:00+00:00
[2024-09-22T23:48:55.894+0000] {processor.py:208} INFO - Processing /home/airflow/.local/lib/python3.12/site-packages/airflow/example_dags/example_trigger_controller_dag.py took 0.124 seconds
[2024-09-22T23:49:26.515+0000] {processor.py:186} INFO - Started process (PID=394) to work on /home/airflow/.local/lib/python3.12/site-packages/airflow/example_dags/example_trigger_controller_dag.py
[2024-09-22T23:49:26.517+0000] {processor.py:914} INFO - Processing file /home/airflow/.local/lib/python3.12/site-packages/airflow/example_dags/example_trigger_controller_dag.py for tasks to queue
[2024-09-22T23:49:26.521+0000] {logging_mixin.py:190} INFO - [2024-09-22T23:49:26.521+0000] {dagbag.py:587} INFO - Filling up the DagBag from /home/airflow/.local/lib/python3.12/site-packages/airflow/example_dags/example_trigger_controller_dag.py
[2024-09-22T23:49:26.542+0000] {processor.py:925} INFO - DAG(s) 'example_trigger_controller_dag' retrieved from /home/airflow/.local/lib/python3.12/site-packages/airflow/example_dags/example_trigger_controller_dag.py
[2024-09-22T23:49:26.579+0000] {logging_mixin.py:190} INFO - [2024-09-22T23:49:26.578+0000] {dag.py:3229} INFO - Sync 1 DAGs
[2024-09-22T23:49:26.623+0000] {logging_mixin.py:190} INFO - [2024-09-22T23:49:26.623+0000] {dag.py:4156} INFO - Setting next_dagrun for example_trigger_controller_dag to 2021-01-01 00:00:00+00:00, run_after=2021-01-01 00:00:00+00:00
[2024-09-22T23:49:26.659+0000] {processor.py:208} INFO - Processing /home/airflow/.local/lib/python3.12/site-packages/airflow/example_dags/example_trigger_controller_dag.py took 0.156 seconds
[2024-09-22T23:49:56.880+0000] {processor.py:186} INFO - Started process (PID=457) to work on /home/airflow/.local/lib/python3.12/site-packages/airflow/example_dags/example_trigger_controller_dag.py
[2024-09-22T23:49:56.882+0000] {processor.py:914} INFO - Processing file /home/airflow/.local/lib/python3.12/site-packages/airflow/example_dags/example_trigger_controller_dag.py for tasks to queue
[2024-09-22T23:49:56.886+0000] {logging_mixin.py:190} INFO - [2024-09-22T23:49:56.885+0000] {dagbag.py:587} INFO - Filling up the DagBag from /home/airflow/.local/lib/python3.12/site-packages/airflow/example_dags/example_trigger_controller_dag.py
[2024-09-22T23:49:56.901+0000] {processor.py:925} INFO - DAG(s) 'example_trigger_controller_dag' retrieved from /home/airflow/.local/lib/python3.12/site-packages/airflow/example_dags/example_trigger_controller_dag.py
[2024-09-22T23:49:56.930+0000] {logging_mixin.py:190} INFO - [2024-09-22T23:49:56.930+0000] {dag.py:3229} INFO - Sync 1 DAGs
[2024-09-22T23:49:56.966+0000] {logging_mixin.py:190} INFO - [2024-09-22T23:49:56.965+0000] {dag.py:4156} INFO - Setting next_dagrun for example_trigger_controller_dag to 2021-01-01 00:00:00+00:00, run_after=2021-01-01 00:00:00+00:00
[2024-09-22T23:49:56.992+0000] {processor.py:208} INFO - Processing /home/airflow/.local/lib/python3.12/site-packages/airflow/example_dags/example_trigger_controller_dag.py took 0.123 seconds
[2024-09-22T23:50:27.433+0000] {processor.py:186} INFO - Started process (PID=520) to work on /home/airflow/.local/lib/python3.12/site-packages/airflow/example_dags/example_trigger_controller_dag.py
[2024-09-22T23:50:27.435+0000] {processor.py:914} INFO - Processing file /home/airflow/.local/lib/python3.12/site-packages/airflow/example_dags/example_trigger_controller_dag.py for tasks to queue
[2024-09-22T23:50:27.439+0000] {logging_mixin.py:190} INFO - [2024-09-22T23:50:27.438+0000] {dagbag.py:587} INFO - Filling up the DagBag from /home/airflow/.local/lib/python3.12/site-packages/airflow/example_dags/example_trigger_controller_dag.py
[2024-09-22T23:50:27.453+0000] {processor.py:925} INFO - DAG(s) 'example_trigger_controller_dag' retrieved from /home/airflow/.local/lib/python3.12/site-packages/airflow/example_dags/example_trigger_controller_dag.py
[2024-09-22T23:50:27.484+0000] {logging_mixin.py:190} INFO - [2024-09-22T23:50:27.483+0000] {dag.py:3229} INFO - Sync 1 DAGs
[2024-09-22T23:50:27.521+0000] {logging_mixin.py:190} INFO - [2024-09-22T23:50:27.520+0000] {dag.py:4156} INFO - Setting next_dagrun for example_trigger_controller_dag to 2021-01-01 00:00:00+00:00, run_after=2021-01-01 00:00:00+00:00
[2024-09-22T23:50:27.549+0000] {processor.py:208} INFO - Processing /home/airflow/.local/lib/python3.12/site-packages/airflow/example_dags/example_trigger_controller_dag.py took 0.129 seconds
[2024-09-22T23:50:57.791+0000] {processor.py:186} INFO - Started process (PID=583) to work on /home/airflow/.local/lib/python3.12/site-packages/airflow/example_dags/example_trigger_controller_dag.py
[2024-09-22T23:50:57.798+0000] {processor.py:914} INFO - Processing file /home/airflow/.local/lib/python3.12/site-packages/airflow/example_dags/example_trigger_controller_dag.py for tasks to queue
[2024-09-22T23:50:57.801+0000] {logging_mixin.py:190} INFO - [2024-09-22T23:50:57.801+0000] {dagbag.py:587} INFO - Filling up the DagBag from /home/airflow/.local/lib/python3.12/site-packages/airflow/example_dags/example_trigger_controller_dag.py
[2024-09-22T23:50:57.816+0000] {processor.py:925} INFO - DAG(s) 'example_trigger_controller_dag' retrieved from /home/airflow/.local/lib/python3.12/site-packages/airflow/example_dags/example_trigger_controller_dag.py
[2024-09-22T23:50:57.846+0000] {logging_mixin.py:190} INFO - [2024-09-22T23:50:57.845+0000] {dag.py:3229} INFO - Sync 1 DAGs
[2024-09-22T23:50:57.882+0000] {logging_mixin.py:190} INFO - [2024-09-22T23:50:57.882+0000] {dag.py:4156} INFO - Setting next_dagrun for example_trigger_controller_dag to 2021-01-01 00:00:00+00:00, run_after=2021-01-01 00:00:00+00:00
[2024-09-22T23:50:57.906+0000] {processor.py:208} INFO - Processing /home/airflow/.local/lib/python3.12/site-packages/airflow/example_dags/example_trigger_controller_dag.py took 0.125 seconds
[2024-09-22T23:51:28.331+0000] {processor.py:186} INFO - Started process (PID=647) to work on /home/airflow/.local/lib/python3.12/site-packages/airflow/example_dags/example_trigger_controller_dag.py
[2024-09-22T23:51:28.333+0000] {processor.py:914} INFO - Processing file /home/airflow/.local/lib/python3.12/site-packages/airflow/example_dags/example_trigger_controller_dag.py for tasks to queue
[2024-09-22T23:51:28.337+0000] {logging_mixin.py:190} INFO - [2024-09-22T23:51:28.336+0000] {dagbag.py:587} INFO - Filling up the DagBag from /home/airflow/.local/lib/python3.12/site-packages/airflow/example_dags/example_trigger_controller_dag.py
[2024-09-22T23:51:28.352+0000] {processor.py:925} INFO - DAG(s) 'example_trigger_controller_dag' retrieved from /home/airflow/.local/lib/python3.12/site-packages/airflow/example_dags/example_trigger_controller_dag.py
[2024-09-22T23:51:28.384+0000] {logging_mixin.py:190} INFO - [2024-09-22T23:51:28.383+0000] {dag.py:3229} INFO - Sync 1 DAGs
[2024-09-22T23:51:28.422+0000] {logging_mixin.py:190} INFO - [2024-09-22T23:51:28.421+0000] {dag.py:4156} INFO - Setting next_dagrun for example_trigger_controller_dag to 2021-01-01 00:00:00+00:00, run_after=2021-01-01 00:00:00+00:00
[2024-09-22T23:51:28.472+0000] {processor.py:208} INFO - Processing /home/airflow/.local/lib/python3.12/site-packages/airflow/example_dags/example_trigger_controller_dag.py took 0.153 seconds
[2024-09-22T23:51:58.876+0000] {processor.py:186} INFO - Started process (PID=711) to work on /home/airflow/.local/lib/python3.12/site-packages/airflow/example_dags/example_trigger_controller_dag.py
[2024-09-22T23:51:58.878+0000] {processor.py:914} INFO - Processing file /home/airflow/.local/lib/python3.12/site-packages/airflow/example_dags/example_trigger_controller_dag.py for tasks to queue
[2024-09-22T23:51:58.882+0000] {logging_mixin.py:190} INFO - [2024-09-22T23:51:58.881+0000] {dagbag.py:587} INFO - Filling up the DagBag from /home/airflow/.local/lib/python3.12/site-packages/airflow/example_dags/example_trigger_controller_dag.py
[2024-09-22T23:51:58.897+0000] {processor.py:925} INFO - DAG(s) 'example_trigger_controller_dag' retrieved from /home/airflow/.local/lib/python3.12/site-packages/airflow/example_dags/example_trigger_controller_dag.py
[2024-09-22T23:51:58.925+0000] {logging_mixin.py:190} INFO - [2024-09-22T23:51:58.925+0000] {dag.py:3229} INFO - Sync 1 DAGs
[2024-09-22T23:51:58.957+0000] {logging_mixin.py:190} INFO - [2024-09-22T23:51:58.956+0000] {dag.py:4156} INFO - Setting next_dagrun for example_trigger_controller_dag to 2021-01-01 00:00:00+00:00, run_after=2021-01-01 00:00:00+00:00
[2024-09-22T23:51:58.981+0000] {processor.py:208} INFO - Processing /home/airflow/.local/lib/python3.12/site-packages/airflow/example_dags/example_trigger_controller_dag.py took 0.115 seconds
[2024-09-22T23:52:29.104+0000] {processor.py:186} INFO - Started process (PID=774) to work on /home/airflow/.local/lib/python3.12/site-packages/airflow/example_dags/example_trigger_controller_dag.py
[2024-09-22T23:52:29.106+0000] {processor.py:914} INFO - Processing file /home/airflow/.local/lib/python3.12/site-packages/airflow/example_dags/example_trigger_controller_dag.py for tasks to queue
[2024-09-22T23:52:29.110+0000] {logging_mixin.py:190} INFO - [2024-09-22T23:52:29.109+0000] {dagbag.py:587} INFO - Filling up the DagBag from /home/airflow/.local/lib/python3.12/site-packages/airflow/example_dags/example_trigger_controller_dag.py
[2024-09-22T23:52:29.129+0000] {processor.py:925} INFO - DAG(s) 'example_trigger_controller_dag' retrieved from /home/airflow/.local/lib/python3.12/site-packages/airflow/example_dags/example_trigger_controller_dag.py
[2024-09-22T23:52:29.156+0000] {logging_mixin.py:190} INFO - [2024-09-22T23:52:29.156+0000] {dag.py:3229} INFO - Sync 1 DAGs
[2024-09-22T23:52:29.191+0000] {logging_mixin.py:190} INFO - [2024-09-22T23:52:29.191+0000] {dag.py:4156} INFO - Setting next_dagrun for example_trigger_controller_dag to 2021-01-01 00:00:00+00:00, run_after=2021-01-01 00:00:00+00:00
[2024-09-22T23:52:29.222+0000] {processor.py:208} INFO - Processing /home/airflow/.local/lib/python3.12/site-packages/airflow/example_dags/example_trigger_controller_dag.py took 0.127 seconds
[2024-09-22T23:52:59.575+0000] {processor.py:186} INFO - Started process (PID=837) to work on /home/airflow/.local/lib/python3.12/site-packages/airflow/example_dags/example_trigger_controller_dag.py
[2024-09-22T23:52:59.577+0000] {processor.py:914} INFO - Processing file /home/airflow/.local/lib/python3.12/site-packages/airflow/example_dags/example_trigger_controller_dag.py for tasks to queue
[2024-09-22T23:52:59.580+0000] {logging_mixin.py:190} INFO - [2024-09-22T23:52:59.580+0000] {dagbag.py:587} INFO - Filling up the DagBag from /home/airflow/.local/lib/python3.12/site-packages/airflow/example_dags/example_trigger_controller_dag.py
[2024-09-22T23:52:59.595+0000] {processor.py:925} INFO - DAG(s) 'example_trigger_controller_dag' retrieved from /home/airflow/.local/lib/python3.12/site-packages/airflow/example_dags/example_trigger_controller_dag.py
[2024-09-22T23:52:59.625+0000] {logging_mixin.py:190} INFO - [2024-09-22T23:52:59.625+0000] {dag.py:3229} INFO - Sync 1 DAGs
[2024-09-22T23:52:59.657+0000] {logging_mixin.py:190} INFO - [2024-09-22T23:52:59.657+0000] {dag.py:4156} INFO - Setting next_dagrun for example_trigger_controller_dag to 2021-01-01 00:00:00+00:00, run_after=2021-01-01 00:00:00+00:00
[2024-09-22T23:52:59.682+0000] {processor.py:208} INFO - Processing /home/airflow/.local/lib/python3.12/site-packages/airflow/example_dags/example_trigger_controller_dag.py took 0.117 seconds
[2024-09-22T23:53:31.249+0000] {processor.py:186} INFO - Started process (PID=899) to work on /home/airflow/.local/lib/python3.12/site-packages/airflow/example_dags/example_trigger_controller_dag.py
[2024-09-22T23:53:31.251+0000] {processor.py:914} INFO - Processing file /home/airflow/.local/lib/python3.12/site-packages/airflow/example_dags/example_trigger_controller_dag.py for tasks to queue
[2024-09-22T23:53:31.257+0000] {logging_mixin.py:190} INFO - [2024-09-22T23:53:31.257+0000] {dagbag.py:587} INFO - Filling up the DagBag from /home/airflow/.local/lib/python3.12/site-packages/airflow/example_dags/example_trigger_controller_dag.py
[2024-09-22T23:53:31.285+0000] {processor.py:925} INFO - DAG(s) 'example_trigger_controller_dag' retrieved from /home/airflow/.local/lib/python3.12/site-packages/airflow/example_dags/example_trigger_controller_dag.py
[2024-09-22T23:53:31.342+0000] {logging_mixin.py:190} INFO - [2024-09-22T23:53:31.342+0000] {dag.py:3229} INFO - Sync 1 DAGs
[2024-09-22T23:53:31.434+0000] {logging_mixin.py:190} INFO - [2024-09-22T23:53:31.433+0000] {dag.py:4156} INFO - Setting next_dagrun for example_trigger_controller_dag to 2021-01-01 00:00:00+00:00, run_after=2021-01-01 00:00:00+00:00
[2024-09-22T23:53:31.496+0000] {processor.py:208} INFO - Processing /home/airflow/.local/lib/python3.12/site-packages/airflow/example_dags/example_trigger_controller_dag.py took 0.270 seconds
[2024-09-22T23:54:01.632+0000] {processor.py:186} INFO - Started process (PID=962) to work on /home/airflow/.local/lib/python3.12/site-packages/airflow/example_dags/example_trigger_controller_dag.py
[2024-09-22T23:54:01.634+0000] {processor.py:914} INFO - Processing file /home/airflow/.local/lib/python3.12/site-packages/airflow/example_dags/example_trigger_controller_dag.py for tasks to queue
[2024-09-22T23:54:01.638+0000] {logging_mixin.py:190} INFO - [2024-09-22T23:54:01.637+0000] {dagbag.py:587} INFO - Filling up the DagBag from /home/airflow/.local/lib/python3.12/site-packages/airflow/example_dags/example_trigger_controller_dag.py
[2024-09-22T23:54:01.653+0000] {processor.py:925} INFO - DAG(s) 'example_trigger_controller_dag' retrieved from /home/airflow/.local/lib/python3.12/site-packages/airflow/example_dags/example_trigger_controller_dag.py
[2024-09-22T23:54:01.684+0000] {logging_mixin.py:190} INFO - [2024-09-22T23:54:01.683+0000] {dag.py:3229} INFO - Sync 1 DAGs
[2024-09-22T23:54:01.716+0000] {logging_mixin.py:190} INFO - [2024-09-22T23:54:01.716+0000] {dag.py:4156} INFO - Setting next_dagrun for example_trigger_controller_dag to 2021-01-01 00:00:00+00:00, run_after=2021-01-01 00:00:00+00:00
[2024-09-22T23:54:01.741+0000] {processor.py:208} INFO - Processing /home/airflow/.local/lib/python3.12/site-packages/airflow/example_dags/example_trigger_controller_dag.py took 0.118 seconds
[2024-09-22T23:54:32.259+0000] {processor.py:186} INFO - Started process (PID=1025) to work on /home/airflow/.local/lib/python3.12/site-packages/airflow/example_dags/example_trigger_controller_dag.py
[2024-09-22T23:54:32.261+0000] {processor.py:914} INFO - Processing file /home/airflow/.local/lib/python3.12/site-packages/airflow/example_dags/example_trigger_controller_dag.py for tasks to queue
[2024-09-22T23:54:32.266+0000] {logging_mixin.py:190} INFO - [2024-09-22T23:54:32.265+0000] {dagbag.py:587} INFO - Filling up the DagBag from /home/airflow/.local/lib/python3.12/site-packages/airflow/example_dags/example_trigger_controller_dag.py
[2024-09-22T23:54:32.282+0000] {processor.py:925} INFO - DAG(s) 'example_trigger_controller_dag' retrieved from /home/airflow/.local/lib/python3.12/site-packages/airflow/example_dags/example_trigger_controller_dag.py
[2024-09-22T23:54:32.317+0000] {logging_mixin.py:190} INFO - [2024-09-22T23:54:32.316+0000] {dag.py:3229} INFO - Sync 1 DAGs
[2024-09-22T23:54:32.350+0000] {logging_mixin.py:190} INFO - [2024-09-22T23:54:32.350+0000] {dag.py:4156} INFO - Setting next_dagrun for example_trigger_controller_dag to 2021-01-01 00:00:00+00:00, run_after=2021-01-01 00:00:00+00:00
[2024-09-22T23:54:32.375+0000] {processor.py:208} INFO - Processing /home/airflow/.local/lib/python3.12/site-packages/airflow/example_dags/example_trigger_controller_dag.py took 0.126 seconds
[2024-09-22T23:55:03.272+0000] {processor.py:186} INFO - Started process (PID=1088) to work on /home/airflow/.local/lib/python3.12/site-packages/airflow/example_dags/example_trigger_controller_dag.py
[2024-09-22T23:55:03.274+0000] {processor.py:914} INFO - Processing file /home/airflow/.local/lib/python3.12/site-packages/airflow/example_dags/example_trigger_controller_dag.py for tasks to queue
[2024-09-22T23:55:03.279+0000] {logging_mixin.py:190} INFO - [2024-09-22T23:55:03.278+0000] {dagbag.py:587} INFO - Filling up the DagBag from /home/airflow/.local/lib/python3.12/site-packages/airflow/example_dags/example_trigger_controller_dag.py
[2024-09-22T23:55:03.294+0000] {processor.py:925} INFO - DAG(s) 'example_trigger_controller_dag' retrieved from /home/airflow/.local/lib/python3.12/site-packages/airflow/example_dags/example_trigger_controller_dag.py
[2024-09-22T23:55:03.323+0000] {logging_mixin.py:190} INFO - [2024-09-22T23:55:03.323+0000] {dag.py:3229} INFO - Sync 1 DAGs
[2024-09-22T23:55:03.356+0000] {logging_mixin.py:190} INFO - [2024-09-22T23:55:03.356+0000] {dag.py:4156} INFO - Setting next_dagrun for example_trigger_controller_dag to 2021-01-01 00:00:00+00:00, run_after=2021-01-01 00:00:00+00:00
[2024-09-22T23:55:03.380+0000] {processor.py:208} INFO - Processing /home/airflow/.local/lib/python3.12/site-packages/airflow/example_dags/example_trigger_controller_dag.py took 0.118 seconds
[2024-09-22T23:55:33.613+0000] {processor.py:186} INFO - Started process (PID=1150) to work on /home/airflow/.local/lib/python3.12/site-packages/airflow/example_dags/example_trigger_controller_dag.py
[2024-09-22T23:55:33.614+0000] {processor.py:914} INFO - Processing file /home/airflow/.local/lib/python3.12/site-packages/airflow/example_dags/example_trigger_controller_dag.py for tasks to queue
[2024-09-22T23:55:33.618+0000] {logging_mixin.py:190} INFO - [2024-09-22T23:55:33.618+0000] {dagbag.py:587} INFO - Filling up the DagBag from /home/airflow/.local/lib/python3.12/site-packages/airflow/example_dags/example_trigger_controller_dag.py
[2024-09-22T23:55:33.633+0000] {processor.py:925} INFO - DAG(s) 'example_trigger_controller_dag' retrieved from /home/airflow/.local/lib/python3.12/site-packages/airflow/example_dags/example_trigger_controller_dag.py
[2024-09-22T23:55:33.668+0000] {logging_mixin.py:190} INFO - [2024-09-22T23:55:33.667+0000] {dag.py:3229} INFO - Sync 1 DAGs
[2024-09-22T23:55:33.702+0000] {logging_mixin.py:190} INFO - [2024-09-22T23:55:33.702+0000] {dag.py:4156} INFO - Setting next_dagrun for example_trigger_controller_dag to 2021-01-01 00:00:00+00:00, run_after=2021-01-01 00:00:00+00:00
[2024-09-22T23:55:33.729+0000] {processor.py:208} INFO - Processing /home/airflow/.local/lib/python3.12/site-packages/airflow/example_dags/example_trigger_controller_dag.py took 0.126 seconds
[2024-09-22T23:58:01.740+0000] {processor.py:186} INFO - Started process (PID=78) to work on /home/airflow/.local/lib/python3.12/site-packages/airflow/example_dags/example_trigger_controller_dag.py
[2024-09-22T23:58:01.743+0000] {processor.py:914} INFO - Processing file /home/airflow/.local/lib/python3.12/site-packages/airflow/example_dags/example_trigger_controller_dag.py for tasks to queue
[2024-09-22T23:58:01.748+0000] {logging_mixin.py:190} INFO - [2024-09-22T23:58:01.747+0000] {dagbag.py:587} INFO - Filling up the DagBag from /home/airflow/.local/lib/python3.12/site-packages/airflow/example_dags/example_trigger_controller_dag.py
[2024-09-22T23:58:01.771+0000] {processor.py:925} INFO - DAG(s) 'example_trigger_controller_dag' retrieved from /home/airflow/.local/lib/python3.12/site-packages/airflow/example_dags/example_trigger_controller_dag.py
[2024-09-22T23:58:01.822+0000] {logging_mixin.py:190} INFO - [2024-09-22T23:58:01.821+0000] {dag.py:3229} INFO - Sync 1 DAGs
[2024-09-22T23:58:01.873+0000] {logging_mixin.py:190} INFO - [2024-09-22T23:58:01.871+0000] {dag.py:4156} INFO - Setting next_dagrun for example_trigger_controller_dag to 2021-01-01 00:00:00+00:00, run_after=2021-01-01 00:00:00+00:00
[2024-09-22T23:58:01.904+0000] {processor.py:208} INFO - Processing /home/airflow/.local/lib/python3.12/site-packages/airflow/example_dags/example_trigger_controller_dag.py took 0.177 seconds
[2024-09-22T23:58:32.180+0000] {processor.py:186} INFO - Started process (PID=141) to work on /home/airflow/.local/lib/python3.12/site-packages/airflow/example_dags/example_trigger_controller_dag.py
[2024-09-22T23:58:32.181+0000] {processor.py:914} INFO - Processing file /home/airflow/.local/lib/python3.12/site-packages/airflow/example_dags/example_trigger_controller_dag.py for tasks to queue
[2024-09-22T23:58:32.186+0000] {logging_mixin.py:190} INFO - [2024-09-22T23:58:32.185+0000] {dagbag.py:587} INFO - Filling up the DagBag from /home/airflow/.local/lib/python3.12/site-packages/airflow/example_dags/example_trigger_controller_dag.py
[2024-09-22T23:58:32.202+0000] {processor.py:925} INFO - DAG(s) 'example_trigger_controller_dag' retrieved from /home/airflow/.local/lib/python3.12/site-packages/airflow/example_dags/example_trigger_controller_dag.py
[2024-09-22T23:58:32.232+0000] {logging_mixin.py:190} INFO - [2024-09-22T23:58:32.232+0000] {dag.py:3229} INFO - Sync 1 DAGs
[2024-09-22T23:58:32.275+0000] {logging_mixin.py:190} INFO - [2024-09-22T23:58:32.275+0000] {dag.py:4156} INFO - Setting next_dagrun for example_trigger_controller_dag to 2021-01-01 00:00:00+00:00, run_after=2021-01-01 00:00:00+00:00
[2024-09-22T23:58:32.300+0000] {processor.py:208} INFO - Processing /home/airflow/.local/lib/python3.12/site-packages/airflow/example_dags/example_trigger_controller_dag.py took 0.130 seconds
[2024-09-22T23:59:03.042+0000] {processor.py:186} INFO - Started process (PID=204) to work on /home/airflow/.local/lib/python3.12/site-packages/airflow/example_dags/example_trigger_controller_dag.py
[2024-09-22T23:59:03.044+0000] {processor.py:914} INFO - Processing file /home/airflow/.local/lib/python3.12/site-packages/airflow/example_dags/example_trigger_controller_dag.py for tasks to queue
[2024-09-22T23:59:03.048+0000] {logging_mixin.py:190} INFO - [2024-09-22T23:59:03.047+0000] {dagbag.py:587} INFO - Filling up the DagBag from /home/airflow/.local/lib/python3.12/site-packages/airflow/example_dags/example_trigger_controller_dag.py
[2024-09-22T23:59:03.063+0000] {processor.py:925} INFO - DAG(s) 'example_trigger_controller_dag' retrieved from /home/airflow/.local/lib/python3.12/site-packages/airflow/example_dags/example_trigger_controller_dag.py
[2024-09-22T23:59:03.092+0000] {logging_mixin.py:190} INFO - [2024-09-22T23:59:03.092+0000] {dag.py:3229} INFO - Sync 1 DAGs
[2024-09-22T23:59:03.132+0000] {logging_mixin.py:190} INFO - [2024-09-22T23:59:03.132+0000] {dag.py:4156} INFO - Setting next_dagrun for example_trigger_controller_dag to 2021-01-01 00:00:00+00:00, run_after=2021-01-01 00:00:00+00:00
[2024-09-22T23:59:03.156+0000] {processor.py:208} INFO - Processing /home/airflow/.local/lib/python3.12/site-packages/airflow/example_dags/example_trigger_controller_dag.py took 0.123 seconds
[2024-09-22T23:59:33.661+0000] {processor.py:186} INFO - Started process (PID=267) to work on /home/airflow/.local/lib/python3.12/site-packages/airflow/example_dags/example_trigger_controller_dag.py
[2024-09-22T23:59:33.663+0000] {processor.py:914} INFO - Processing file /home/airflow/.local/lib/python3.12/site-packages/airflow/example_dags/example_trigger_controller_dag.py for tasks to queue
[2024-09-22T23:59:33.667+0000] {logging_mixin.py:190} INFO - [2024-09-22T23:59:33.666+0000] {dagbag.py:587} INFO - Filling up the DagBag from /home/airflow/.local/lib/python3.12/site-packages/airflow/example_dags/example_trigger_controller_dag.py
[2024-09-22T23:59:33.682+0000] {processor.py:925} INFO - DAG(s) 'example_trigger_controller_dag' retrieved from /home/airflow/.local/lib/python3.12/site-packages/airflow/example_dags/example_trigger_controller_dag.py
[2024-09-22T23:59:33.715+0000] {logging_mixin.py:190} INFO - [2024-09-22T23:59:33.714+0000] {dag.py:3229} INFO - Sync 1 DAGs
[2024-09-22T23:59:33.749+0000] {logging_mixin.py:190} INFO - [2024-09-22T23:59:33.749+0000] {dag.py:4156} INFO - Setting next_dagrun for example_trigger_controller_dag to 2021-01-01 00:00:00+00:00, run_after=2021-01-01 00:00:00+00:00
[2024-09-22T23:59:33.774+0000] {processor.py:208} INFO - Processing /home/airflow/.local/lib/python3.12/site-packages/airflow/example_dags/example_trigger_controller_dag.py took 0.122 seconds
