[2024-09-22T23:26:21.419+0000] {processor.py:186} INFO - Started process (PID=94) to work on /home/airflow/.local/lib/python3.12/site-packages/airflow/example_dags/example_params_ui_tutorial.py
[2024-09-22T23:26:21.420+0000] {processor.py:914} INFO - Processing file /home/airflow/.local/lib/python3.12/site-packages/airflow/example_dags/example_params_ui_tutorial.py for tasks to queue
[2024-09-22T23:26:21.425+0000] {logging_mixin.py:190} INFO - [2024-09-22T23:26:21.424+0000] {dagbag.py:587} INFO - Filling up the DagBag from /home/airflow/.local/lib/python3.12/site-packages/airflow/example_dags/example_params_ui_tutorial.py
[2024-09-22T23:26:21.451+0000] {processor.py:925} INFO - DAG(s) 'example_params_ui_tutorial' retrieved from /home/airflow/.local/lib/python3.12/site-packages/airflow/example_dags/example_params_ui_tutorial.py
[2024-09-22T23:26:21.831+0000] {logging_mixin.py:190} INFO - [2024-09-22T23:26:21.830+0000] {override.py:1900} INFO - Created Permission View: can edit on DAG:example_params_ui_tutorial
[2024-09-22T23:26:21.869+0000] {logging_mixin.py:190} INFO - [2024-09-22T23:26:21.869+0000] {override.py:1900} INFO - Created Permission View: can read on DAG:example_params_ui_tutorial
[2024-09-22T23:26:21.893+0000] {logging_mixin.py:190} INFO - [2024-09-22T23:26:21.893+0000] {override.py:1900} INFO - Created Permission View: can delete on DAG:example_params_ui_tutorial
[2024-09-22T23:26:21.913+0000] {logging_mixin.py:190} INFO - [2024-09-22T23:26:21.912+0000] {override.py:1900} INFO - Created Permission View: can create on DAG Run:example_params_ui_tutorial
[2024-09-22T23:26:21.934+0000] {logging_mixin.py:190} INFO - [2024-09-22T23:26:21.934+0000] {override.py:1900} INFO - Created Permission View: menu access on DAG Run:example_params_ui_tutorial
[2024-09-22T23:26:21.950+0000] {logging_mixin.py:190} INFO - [2024-09-22T23:26:21.948+0000] {override.py:1900} INFO - Created Permission View: can read on DAG Run:example_params_ui_tutorial
[2024-09-22T23:26:21.977+0000] {logging_mixin.py:190} INFO - [2024-09-22T23:26:21.976+0000] {override.py:1900} INFO - Created Permission View: can delete on DAG Run:example_params_ui_tutorial
[2024-09-22T23:26:21.978+0000] {logging_mixin.py:190} INFO - [2024-09-22T23:26:21.977+0000] {dag.py:3229} INFO - Sync 1 DAGs
[2024-09-22T23:26:22.020+0000] {logging_mixin.py:190} INFO - [2024-09-22T23:26:22.020+0000] {dag.py:3252} INFO - Creating ORM DAG for example_params_ui_tutorial
[2024-09-22T23:26:22.022+0000] {logging_mixin.py:190} INFO - [2024-09-22T23:26:22.021+0000] {dag.py:4156} INFO - Setting next_dagrun for example_params_ui_tutorial to None, run_after=None
[2024-09-22T23:26:22.049+0000] {processor.py:208} INFO - Processing /home/airflow/.local/lib/python3.12/site-packages/airflow/example_dags/example_params_ui_tutorial.py took 0.642 seconds
[2024-09-22T23:26:52.099+0000] {processor.py:186} INFO - Started process (PID=156) to work on /home/airflow/.local/lib/python3.12/site-packages/airflow/example_dags/example_params_ui_tutorial.py
[2024-09-22T23:26:52.100+0000] {processor.py:914} INFO - Processing file /home/airflow/.local/lib/python3.12/site-packages/airflow/example_dags/example_params_ui_tutorial.py for tasks to queue
[2024-09-22T23:26:52.104+0000] {logging_mixin.py:190} INFO - [2024-09-22T23:26:52.103+0000] {dagbag.py:587} INFO - Filling up the DagBag from /home/airflow/.local/lib/python3.12/site-packages/airflow/example_dags/example_params_ui_tutorial.py
[2024-09-22T23:26:52.123+0000] {processor.py:925} INFO - DAG(s) 'example_params_ui_tutorial' retrieved from /home/airflow/.local/lib/python3.12/site-packages/airflow/example_dags/example_params_ui_tutorial.py
[2024-09-22T23:26:52.176+0000] {logging_mixin.py:190} INFO - [2024-09-22T23:26:52.176+0000] {dag.py:3229} INFO - Sync 1 DAGs
[2024-09-22T23:26:52.196+0000] {logging_mixin.py:190} INFO - [2024-09-22T23:26:52.195+0000] {dag.py:4156} INFO - Setting next_dagrun for example_params_ui_tutorial to None, run_after=None
[2024-09-22T23:26:52.219+0000] {processor.py:208} INFO - Processing /home/airflow/.local/lib/python3.12/site-packages/airflow/example_dags/example_params_ui_tutorial.py took 0.129 seconds
[2024-09-22T23:27:22.286+0000] {processor.py:186} INFO - Started process (PID=218) to work on /home/airflow/.local/lib/python3.12/site-packages/airflow/example_dags/example_params_ui_tutorial.py
[2024-09-22T23:27:22.288+0000] {processor.py:914} INFO - Processing file /home/airflow/.local/lib/python3.12/site-packages/airflow/example_dags/example_params_ui_tutorial.py for tasks to queue
[2024-09-22T23:27:22.291+0000] {logging_mixin.py:190} INFO - [2024-09-22T23:27:22.290+0000] {dagbag.py:587} INFO - Filling up the DagBag from /home/airflow/.local/lib/python3.12/site-packages/airflow/example_dags/example_params_ui_tutorial.py
[2024-09-22T23:27:22.308+0000] {processor.py:925} INFO - DAG(s) 'example_params_ui_tutorial' retrieved from /home/airflow/.local/lib/python3.12/site-packages/airflow/example_dags/example_params_ui_tutorial.py
[2024-09-22T23:27:22.362+0000] {logging_mixin.py:190} INFO - [2024-09-22T23:27:22.361+0000] {dag.py:3229} INFO - Sync 1 DAGs
[2024-09-22T23:27:22.380+0000] {logging_mixin.py:190} INFO - [2024-09-22T23:27:22.380+0000] {dag.py:4156} INFO - Setting next_dagrun for example_params_ui_tutorial to None, run_after=None
[2024-09-22T23:27:22.404+0000] {processor.py:208} INFO - Processing /home/airflow/.local/lib/python3.12/site-packages/airflow/example_dags/example_params_ui_tutorial.py took 0.127 seconds
[2024-09-22T23:27:52.720+0000] {processor.py:186} INFO - Started process (PID=280) to work on /home/airflow/.local/lib/python3.12/site-packages/airflow/example_dags/example_params_ui_tutorial.py
[2024-09-22T23:27:52.721+0000] {processor.py:914} INFO - Processing file /home/airflow/.local/lib/python3.12/site-packages/airflow/example_dags/example_params_ui_tutorial.py for tasks to queue
[2024-09-22T23:27:52.725+0000] {logging_mixin.py:190} INFO - [2024-09-22T23:27:52.724+0000] {dagbag.py:587} INFO - Filling up the DagBag from /home/airflow/.local/lib/python3.12/site-packages/airflow/example_dags/example_params_ui_tutorial.py
[2024-09-22T23:27:52.743+0000] {processor.py:925} INFO - DAG(s) 'example_params_ui_tutorial' retrieved from /home/airflow/.local/lib/python3.12/site-packages/airflow/example_dags/example_params_ui_tutorial.py
[2024-09-22T23:27:52.811+0000] {logging_mixin.py:190} INFO - [2024-09-22T23:27:52.810+0000] {dag.py:3229} INFO - Sync 1 DAGs
[2024-09-22T23:27:52.837+0000] {logging_mixin.py:190} INFO - [2024-09-22T23:27:52.836+0000] {dag.py:4156} INFO - Setting next_dagrun for example_params_ui_tutorial to None, run_after=None
[2024-09-22T23:27:52.860+0000] {processor.py:208} INFO - Processing /home/airflow/.local/lib/python3.12/site-packages/airflow/example_dags/example_params_ui_tutorial.py took 0.152 seconds
[2024-09-22T23:28:22.993+0000] {processor.py:186} INFO - Started process (PID=342) to work on /home/airflow/.local/lib/python3.12/site-packages/airflow/example_dags/example_params_ui_tutorial.py
[2024-09-22T23:28:22.996+0000] {processor.py:914} INFO - Processing file /home/airflow/.local/lib/python3.12/site-packages/airflow/example_dags/example_params_ui_tutorial.py for tasks to queue
[2024-09-22T23:28:23.000+0000] {logging_mixin.py:190} INFO - [2024-09-22T23:28:23.000+0000] {dagbag.py:587} INFO - Filling up the DagBag from /home/airflow/.local/lib/python3.12/site-packages/airflow/example_dags/example_params_ui_tutorial.py
[2024-09-22T23:28:23.020+0000] {processor.py:925} INFO - DAG(s) 'example_params_ui_tutorial' retrieved from /home/airflow/.local/lib/python3.12/site-packages/airflow/example_dags/example_params_ui_tutorial.py
[2024-09-22T23:28:23.079+0000] {logging_mixin.py:190} INFO - [2024-09-22T23:28:23.079+0000] {dag.py:3229} INFO - Sync 1 DAGs
[2024-09-22T23:28:23.107+0000] {logging_mixin.py:190} INFO - [2024-09-22T23:28:23.107+0000] {dag.py:4156} INFO - Setting next_dagrun for example_params_ui_tutorial to None, run_after=None
[2024-09-22T23:28:23.131+0000] {processor.py:208} INFO - Processing /home/airflow/.local/lib/python3.12/site-packages/airflow/example_dags/example_params_ui_tutorial.py took 0.152 seconds
[2024-09-22T23:28:53.516+0000] {processor.py:186} INFO - Started process (PID=404) to work on /home/airflow/.local/lib/python3.12/site-packages/airflow/example_dags/example_params_ui_tutorial.py
[2024-09-22T23:28:53.517+0000] {processor.py:914} INFO - Processing file /home/airflow/.local/lib/python3.12/site-packages/airflow/example_dags/example_params_ui_tutorial.py for tasks to queue
[2024-09-22T23:28:53.520+0000] {logging_mixin.py:190} INFO - [2024-09-22T23:28:53.520+0000] {dagbag.py:587} INFO - Filling up the DagBag from /home/airflow/.local/lib/python3.12/site-packages/airflow/example_dags/example_params_ui_tutorial.py
[2024-09-22T23:28:53.540+0000] {processor.py:925} INFO - DAG(s) 'example_params_ui_tutorial' retrieved from /home/airflow/.local/lib/python3.12/site-packages/airflow/example_dags/example_params_ui_tutorial.py
[2024-09-22T23:28:53.638+0000] {logging_mixin.py:190} INFO - [2024-09-22T23:28:53.638+0000] {dag.py:3229} INFO - Sync 1 DAGs
[2024-09-22T23:28:53.671+0000] {logging_mixin.py:190} INFO - [2024-09-22T23:28:53.671+0000] {dag.py:4156} INFO - Setting next_dagrun for example_params_ui_tutorial to None, run_after=None
[2024-09-22T23:28:53.716+0000] {processor.py:208} INFO - Processing /home/airflow/.local/lib/python3.12/site-packages/airflow/example_dags/example_params_ui_tutorial.py took 0.210 seconds
[2024-09-22T23:29:24.083+0000] {processor.py:186} INFO - Started process (PID=466) to work on /home/airflow/.local/lib/python3.12/site-packages/airflow/example_dags/example_params_ui_tutorial.py
[2024-09-22T23:29:24.085+0000] {processor.py:914} INFO - Processing file /home/airflow/.local/lib/python3.12/site-packages/airflow/example_dags/example_params_ui_tutorial.py for tasks to queue
[2024-09-22T23:29:24.090+0000] {logging_mixin.py:190} INFO - [2024-09-22T23:29:24.089+0000] {dagbag.py:587} INFO - Filling up the DagBag from /home/airflow/.local/lib/python3.12/site-packages/airflow/example_dags/example_params_ui_tutorial.py
[2024-09-22T23:29:24.117+0000] {processor.py:925} INFO - DAG(s) 'example_params_ui_tutorial' retrieved from /home/airflow/.local/lib/python3.12/site-packages/airflow/example_dags/example_params_ui_tutorial.py
[2024-09-22T23:29:24.224+0000] {logging_mixin.py:190} INFO - [2024-09-22T23:29:24.224+0000] {dag.py:3229} INFO - Sync 1 DAGs
[2024-09-22T23:29:24.247+0000] {logging_mixin.py:190} INFO - [2024-09-22T23:29:24.247+0000] {dag.py:4156} INFO - Setting next_dagrun for example_params_ui_tutorial to None, run_after=None
[2024-09-22T23:29:24.281+0000] {processor.py:208} INFO - Processing /home/airflow/.local/lib/python3.12/site-packages/airflow/example_dags/example_params_ui_tutorial.py took 0.227 seconds
[2024-09-22T23:29:54.480+0000] {processor.py:186} INFO - Started process (PID=528) to work on /home/airflow/.local/lib/python3.12/site-packages/airflow/example_dags/example_params_ui_tutorial.py
[2024-09-22T23:29:54.481+0000] {processor.py:914} INFO - Processing file /home/airflow/.local/lib/python3.12/site-packages/airflow/example_dags/example_params_ui_tutorial.py for tasks to queue
[2024-09-22T23:29:54.486+0000] {logging_mixin.py:190} INFO - [2024-09-22T23:29:54.486+0000] {dagbag.py:587} INFO - Filling up the DagBag from /home/airflow/.local/lib/python3.12/site-packages/airflow/example_dags/example_params_ui_tutorial.py
[2024-09-22T23:29:54.516+0000] {processor.py:925} INFO - DAG(s) 'example_params_ui_tutorial' retrieved from /home/airflow/.local/lib/python3.12/site-packages/airflow/example_dags/example_params_ui_tutorial.py
[2024-09-22T23:29:54.601+0000] {logging_mixin.py:190} INFO - [2024-09-22T23:29:54.600+0000] {dag.py:3229} INFO - Sync 1 DAGs
[2024-09-22T23:29:54.628+0000] {logging_mixin.py:190} INFO - [2024-09-22T23:29:54.627+0000] {dag.py:4156} INFO - Setting next_dagrun for example_params_ui_tutorial to None, run_after=None
[2024-09-22T23:29:54.658+0000] {processor.py:208} INFO - Processing /home/airflow/.local/lib/python3.12/site-packages/airflow/example_dags/example_params_ui_tutorial.py took 0.193 seconds
[2024-09-22T23:30:25.518+0000] {processor.py:186} INFO - Started process (PID=590) to work on /home/airflow/.local/lib/python3.12/site-packages/airflow/example_dags/example_params_ui_tutorial.py
[2024-09-22T23:30:25.520+0000] {processor.py:914} INFO - Processing file /home/airflow/.local/lib/python3.12/site-packages/airflow/example_dags/example_params_ui_tutorial.py for tasks to queue
[2024-09-22T23:30:25.523+0000] {logging_mixin.py:190} INFO - [2024-09-22T23:30:25.523+0000] {dagbag.py:587} INFO - Filling up the DagBag from /home/airflow/.local/lib/python3.12/site-packages/airflow/example_dags/example_params_ui_tutorial.py
[2024-09-22T23:30:25.542+0000] {processor.py:925} INFO - DAG(s) 'example_params_ui_tutorial' retrieved from /home/airflow/.local/lib/python3.12/site-packages/airflow/example_dags/example_params_ui_tutorial.py
[2024-09-22T23:30:25.617+0000] {logging_mixin.py:190} INFO - [2024-09-22T23:30:25.616+0000] {dag.py:3229} INFO - Sync 1 DAGs
[2024-09-22T23:30:25.638+0000] {logging_mixin.py:190} INFO - [2024-09-22T23:30:25.638+0000] {dag.py:4156} INFO - Setting next_dagrun for example_params_ui_tutorial to None, run_after=None
[2024-09-22T23:30:25.666+0000] {processor.py:208} INFO - Processing /home/airflow/.local/lib/python3.12/site-packages/airflow/example_dags/example_params_ui_tutorial.py took 0.158 seconds
[2024-09-22T23:30:55.738+0000] {processor.py:186} INFO - Started process (PID=652) to work on /home/airflow/.local/lib/python3.12/site-packages/airflow/example_dags/example_params_ui_tutorial.py
[2024-09-22T23:30:55.739+0000] {processor.py:914} INFO - Processing file /home/airflow/.local/lib/python3.12/site-packages/airflow/example_dags/example_params_ui_tutorial.py for tasks to queue
[2024-09-22T23:30:55.742+0000] {logging_mixin.py:190} INFO - [2024-09-22T23:30:55.742+0000] {dagbag.py:587} INFO - Filling up the DagBag from /home/airflow/.local/lib/python3.12/site-packages/airflow/example_dags/example_params_ui_tutorial.py
[2024-09-22T23:30:55.761+0000] {processor.py:925} INFO - DAG(s) 'example_params_ui_tutorial' retrieved from /home/airflow/.local/lib/python3.12/site-packages/airflow/example_dags/example_params_ui_tutorial.py
[2024-09-22T23:30:55.831+0000] {logging_mixin.py:190} INFO - [2024-09-22T23:30:55.831+0000] {dag.py:3229} INFO - Sync 1 DAGs
[2024-09-22T23:30:55.854+0000] {logging_mixin.py:190} INFO - [2024-09-22T23:30:55.853+0000] {dag.py:4156} INFO - Setting next_dagrun for example_params_ui_tutorial to None, run_after=None
[2024-09-22T23:30:55.885+0000] {processor.py:208} INFO - Processing /home/airflow/.local/lib/python3.12/site-packages/airflow/example_dags/example_params_ui_tutorial.py took 0.156 seconds
[2024-09-22T23:31:25.969+0000] {processor.py:186} INFO - Started process (PID=715) to work on /home/airflow/.local/lib/python3.12/site-packages/airflow/example_dags/example_params_ui_tutorial.py
[2024-09-22T23:31:25.971+0000] {processor.py:914} INFO - Processing file /home/airflow/.local/lib/python3.12/site-packages/airflow/example_dags/example_params_ui_tutorial.py for tasks to queue
[2024-09-22T23:31:25.974+0000] {logging_mixin.py:190} INFO - [2024-09-22T23:31:25.973+0000] {dagbag.py:587} INFO - Filling up the DagBag from /home/airflow/.local/lib/python3.12/site-packages/airflow/example_dags/example_params_ui_tutorial.py
[2024-09-22T23:31:25.992+0000] {processor.py:925} INFO - DAG(s) 'example_params_ui_tutorial' retrieved from /home/airflow/.local/lib/python3.12/site-packages/airflow/example_dags/example_params_ui_tutorial.py
[2024-09-22T23:31:26.052+0000] {logging_mixin.py:190} INFO - [2024-09-22T23:31:26.052+0000] {dag.py:3229} INFO - Sync 1 DAGs
[2024-09-22T23:31:26.078+0000] {logging_mixin.py:190} INFO - [2024-09-22T23:31:26.077+0000] {dag.py:4156} INFO - Setting next_dagrun for example_params_ui_tutorial to None, run_after=None
[2024-09-22T23:31:26.105+0000] {processor.py:208} INFO - Processing /home/airflow/.local/lib/python3.12/site-packages/airflow/example_dags/example_params_ui_tutorial.py took 0.145 seconds
[2024-09-22T23:31:56.655+0000] {processor.py:186} INFO - Started process (PID=777) to work on /home/airflow/.local/lib/python3.12/site-packages/airflow/example_dags/example_params_ui_tutorial.py
[2024-09-22T23:31:56.657+0000] {processor.py:914} INFO - Processing file /home/airflow/.local/lib/python3.12/site-packages/airflow/example_dags/example_params_ui_tutorial.py for tasks to queue
[2024-09-22T23:31:56.660+0000] {logging_mixin.py:190} INFO - [2024-09-22T23:31:56.660+0000] {dagbag.py:587} INFO - Filling up the DagBag from /home/airflow/.local/lib/python3.12/site-packages/airflow/example_dags/example_params_ui_tutorial.py
[2024-09-22T23:31:56.678+0000] {processor.py:925} INFO - DAG(s) 'example_params_ui_tutorial' retrieved from /home/airflow/.local/lib/python3.12/site-packages/airflow/example_dags/example_params_ui_tutorial.py
[2024-09-22T23:31:56.739+0000] {logging_mixin.py:190} INFO - [2024-09-22T23:31:56.738+0000] {dag.py:3229} INFO - Sync 1 DAGs
[2024-09-22T23:31:56.763+0000] {logging_mixin.py:190} INFO - [2024-09-22T23:31:56.763+0000] {dag.py:4156} INFO - Setting next_dagrun for example_params_ui_tutorial to None, run_after=None
[2024-09-22T23:31:56.793+0000] {processor.py:208} INFO - Processing /home/airflow/.local/lib/python3.12/site-packages/airflow/example_dags/example_params_ui_tutorial.py took 0.147 seconds
[2024-09-22T23:32:27.289+0000] {processor.py:186} INFO - Started process (PID=840) to work on /home/airflow/.local/lib/python3.12/site-packages/airflow/example_dags/example_params_ui_tutorial.py
[2024-09-22T23:32:27.291+0000] {processor.py:914} INFO - Processing file /home/airflow/.local/lib/python3.12/site-packages/airflow/example_dags/example_params_ui_tutorial.py for tasks to queue
[2024-09-22T23:32:27.294+0000] {logging_mixin.py:190} INFO - [2024-09-22T23:32:27.294+0000] {dagbag.py:587} INFO - Filling up the DagBag from /home/airflow/.local/lib/python3.12/site-packages/airflow/example_dags/example_params_ui_tutorial.py
[2024-09-22T23:32:27.313+0000] {processor.py:925} INFO - DAG(s) 'example_params_ui_tutorial' retrieved from /home/airflow/.local/lib/python3.12/site-packages/airflow/example_dags/example_params_ui_tutorial.py
[2024-09-22T23:32:27.370+0000] {logging_mixin.py:190} INFO - [2024-09-22T23:32:27.370+0000] {dag.py:3229} INFO - Sync 1 DAGs
[2024-09-22T23:32:27.391+0000] {logging_mixin.py:190} INFO - [2024-09-22T23:32:27.390+0000] {dag.py:4156} INFO - Setting next_dagrun for example_params_ui_tutorial to None, run_after=None
[2024-09-22T23:32:27.415+0000] {processor.py:208} INFO - Processing /home/airflow/.local/lib/python3.12/site-packages/airflow/example_dags/example_params_ui_tutorial.py took 0.135 seconds
[2024-09-22T23:32:58.133+0000] {processor.py:186} INFO - Started process (PID=903) to work on /home/airflow/.local/lib/python3.12/site-packages/airflow/example_dags/example_params_ui_tutorial.py
[2024-09-22T23:32:58.135+0000] {processor.py:914} INFO - Processing file /home/airflow/.local/lib/python3.12/site-packages/airflow/example_dags/example_params_ui_tutorial.py for tasks to queue
[2024-09-22T23:32:58.139+0000] {logging_mixin.py:190} INFO - [2024-09-22T23:32:58.138+0000] {dagbag.py:587} INFO - Filling up the DagBag from /home/airflow/.local/lib/python3.12/site-packages/airflow/example_dags/example_params_ui_tutorial.py
[2024-09-22T23:32:58.157+0000] {processor.py:925} INFO - DAG(s) 'example_params_ui_tutorial' retrieved from /home/airflow/.local/lib/python3.12/site-packages/airflow/example_dags/example_params_ui_tutorial.py
[2024-09-22T23:32:58.231+0000] {logging_mixin.py:190} INFO - [2024-09-22T23:32:58.230+0000] {dag.py:3229} INFO - Sync 1 DAGs
[2024-09-22T23:32:58.253+0000] {logging_mixin.py:190} INFO - [2024-09-22T23:32:58.252+0000] {dag.py:4156} INFO - Setting next_dagrun for example_params_ui_tutorial to None, run_after=None
[2024-09-22T23:32:58.280+0000] {processor.py:208} INFO - Processing /home/airflow/.local/lib/python3.12/site-packages/airflow/example_dags/example_params_ui_tutorial.py took 0.156 seconds
[2024-09-22T23:33:28.399+0000] {processor.py:186} INFO - Started process (PID=966) to work on /home/airflow/.local/lib/python3.12/site-packages/airflow/example_dags/example_params_ui_tutorial.py
[2024-09-22T23:33:28.401+0000] {processor.py:914} INFO - Processing file /home/airflow/.local/lib/python3.12/site-packages/airflow/example_dags/example_params_ui_tutorial.py for tasks to queue
[2024-09-22T23:33:28.406+0000] {logging_mixin.py:190} INFO - [2024-09-22T23:33:28.405+0000] {dagbag.py:587} INFO - Filling up the DagBag from /home/airflow/.local/lib/python3.12/site-packages/airflow/example_dags/example_params_ui_tutorial.py
[2024-09-22T23:33:28.433+0000] {processor.py:925} INFO - DAG(s) 'example_params_ui_tutorial' retrieved from /home/airflow/.local/lib/python3.12/site-packages/airflow/example_dags/example_params_ui_tutorial.py
[2024-09-22T23:33:28.519+0000] {logging_mixin.py:190} INFO - [2024-09-22T23:33:28.518+0000] {dag.py:3229} INFO - Sync 1 DAGs
[2024-09-22T23:33:28.548+0000] {logging_mixin.py:190} INFO - [2024-09-22T23:33:28.547+0000] {dag.py:4156} INFO - Setting next_dagrun for example_params_ui_tutorial to None, run_after=None
[2024-09-22T23:33:28.578+0000] {processor.py:208} INFO - Processing /home/airflow/.local/lib/python3.12/site-packages/airflow/example_dags/example_params_ui_tutorial.py took 0.188 seconds
[2024-09-22T23:33:58.751+0000] {processor.py:186} INFO - Started process (PID=1029) to work on /home/airflow/.local/lib/python3.12/site-packages/airflow/example_dags/example_params_ui_tutorial.py
[2024-09-22T23:33:58.753+0000] {processor.py:914} INFO - Processing file /home/airflow/.local/lib/python3.12/site-packages/airflow/example_dags/example_params_ui_tutorial.py for tasks to queue
[2024-09-22T23:33:58.756+0000] {logging_mixin.py:190} INFO - [2024-09-22T23:33:58.756+0000] {dagbag.py:587} INFO - Filling up the DagBag from /home/airflow/.local/lib/python3.12/site-packages/airflow/example_dags/example_params_ui_tutorial.py
[2024-09-22T23:33:58.775+0000] {processor.py:925} INFO - DAG(s) 'example_params_ui_tutorial' retrieved from /home/airflow/.local/lib/python3.12/site-packages/airflow/example_dags/example_params_ui_tutorial.py
[2024-09-22T23:33:58.838+0000] {logging_mixin.py:190} INFO - [2024-09-22T23:33:58.837+0000] {dag.py:3229} INFO - Sync 1 DAGs
[2024-09-22T23:33:58.859+0000] {logging_mixin.py:190} INFO - [2024-09-22T23:33:58.859+0000] {dag.py:4156} INFO - Setting next_dagrun for example_params_ui_tutorial to None, run_after=None
[2024-09-22T23:33:58.884+0000] {processor.py:208} INFO - Processing /home/airflow/.local/lib/python3.12/site-packages/airflow/example_dags/example_params_ui_tutorial.py took 0.142 seconds
[2024-09-22T23:34:28.982+0000] {processor.py:186} INFO - Started process (PID=1092) to work on /home/airflow/.local/lib/python3.12/site-packages/airflow/example_dags/example_params_ui_tutorial.py
[2024-09-22T23:34:28.984+0000] {processor.py:914} INFO - Processing file /home/airflow/.local/lib/python3.12/site-packages/airflow/example_dags/example_params_ui_tutorial.py for tasks to queue
[2024-09-22T23:34:28.987+0000] {logging_mixin.py:190} INFO - [2024-09-22T23:34:28.987+0000] {dagbag.py:587} INFO - Filling up the DagBag from /home/airflow/.local/lib/python3.12/site-packages/airflow/example_dags/example_params_ui_tutorial.py
[2024-09-22T23:34:29.006+0000] {processor.py:925} INFO - DAG(s) 'example_params_ui_tutorial' retrieved from /home/airflow/.local/lib/python3.12/site-packages/airflow/example_dags/example_params_ui_tutorial.py
[2024-09-22T23:34:29.070+0000] {logging_mixin.py:190} INFO - [2024-09-22T23:34:29.070+0000] {dag.py:3229} INFO - Sync 1 DAGs
[2024-09-22T23:34:29.091+0000] {logging_mixin.py:190} INFO - [2024-09-22T23:34:29.091+0000] {dag.py:4156} INFO - Setting next_dagrun for example_params_ui_tutorial to None, run_after=None
[2024-09-22T23:34:29.121+0000] {processor.py:208} INFO - Processing /home/airflow/.local/lib/python3.12/site-packages/airflow/example_dags/example_params_ui_tutorial.py took 0.152 seconds
[2024-09-22T23:34:59.231+0000] {processor.py:186} INFO - Started process (PID=1155) to work on /home/airflow/.local/lib/python3.12/site-packages/airflow/example_dags/example_params_ui_tutorial.py
[2024-09-22T23:34:59.232+0000] {processor.py:914} INFO - Processing file /home/airflow/.local/lib/python3.12/site-packages/airflow/example_dags/example_params_ui_tutorial.py for tasks to queue
[2024-09-22T23:34:59.236+0000] {logging_mixin.py:190} INFO - [2024-09-22T23:34:59.235+0000] {dagbag.py:587} INFO - Filling up the DagBag from /home/airflow/.local/lib/python3.12/site-packages/airflow/example_dags/example_params_ui_tutorial.py
[2024-09-22T23:34:59.254+0000] {processor.py:925} INFO - DAG(s) 'example_params_ui_tutorial' retrieved from /home/airflow/.local/lib/python3.12/site-packages/airflow/example_dags/example_params_ui_tutorial.py
[2024-09-22T23:34:59.311+0000] {logging_mixin.py:190} INFO - [2024-09-22T23:34:59.311+0000] {dag.py:3229} INFO - Sync 1 DAGs
[2024-09-22T23:34:59.337+0000] {logging_mixin.py:190} INFO - [2024-09-22T23:34:59.336+0000] {dag.py:4156} INFO - Setting next_dagrun for example_params_ui_tutorial to None, run_after=None
[2024-09-22T23:34:59.361+0000] {processor.py:208} INFO - Processing /home/airflow/.local/lib/python3.12/site-packages/airflow/example_dags/example_params_ui_tutorial.py took 0.139 seconds
[2024-09-22T23:35:29.516+0000] {processor.py:186} INFO - Started process (PID=1218) to work on /home/airflow/.local/lib/python3.12/site-packages/airflow/example_dags/example_params_ui_tutorial.py
[2024-09-22T23:35:29.518+0000] {processor.py:914} INFO - Processing file /home/airflow/.local/lib/python3.12/site-packages/airflow/example_dags/example_params_ui_tutorial.py for tasks to queue
[2024-09-22T23:35:29.522+0000] {logging_mixin.py:190} INFO - [2024-09-22T23:35:29.521+0000] {dagbag.py:587} INFO - Filling up the DagBag from /home/airflow/.local/lib/python3.12/site-packages/airflow/example_dags/example_params_ui_tutorial.py
[2024-09-22T23:35:29.541+0000] {processor.py:925} INFO - DAG(s) 'example_params_ui_tutorial' retrieved from /home/airflow/.local/lib/python3.12/site-packages/airflow/example_dags/example_params_ui_tutorial.py
[2024-09-22T23:35:29.602+0000] {logging_mixin.py:190} INFO - [2024-09-22T23:35:29.601+0000] {dag.py:3229} INFO - Sync 1 DAGs
[2024-09-22T23:35:29.622+0000] {logging_mixin.py:190} INFO - [2024-09-22T23:35:29.621+0000] {dag.py:4156} INFO - Setting next_dagrun for example_params_ui_tutorial to None, run_after=None
[2024-09-22T23:35:29.647+0000] {processor.py:208} INFO - Processing /home/airflow/.local/lib/python3.12/site-packages/airflow/example_dags/example_params_ui_tutorial.py took 0.140 seconds
[2024-09-22T23:35:59.822+0000] {processor.py:186} INFO - Started process (PID=1281) to work on /home/airflow/.local/lib/python3.12/site-packages/airflow/example_dags/example_params_ui_tutorial.py
[2024-09-22T23:35:59.823+0000] {processor.py:914} INFO - Processing file /home/airflow/.local/lib/python3.12/site-packages/airflow/example_dags/example_params_ui_tutorial.py for tasks to queue
[2024-09-22T23:35:59.827+0000] {logging_mixin.py:190} INFO - [2024-09-22T23:35:59.827+0000] {dagbag.py:587} INFO - Filling up the DagBag from /home/airflow/.local/lib/python3.12/site-packages/airflow/example_dags/example_params_ui_tutorial.py
[2024-09-22T23:35:59.846+0000] {processor.py:925} INFO - DAG(s) 'example_params_ui_tutorial' retrieved from /home/airflow/.local/lib/python3.12/site-packages/airflow/example_dags/example_params_ui_tutorial.py
[2024-09-22T23:35:59.915+0000] {logging_mixin.py:190} INFO - [2024-09-22T23:35:59.915+0000] {dag.py:3229} INFO - Sync 1 DAGs
[2024-09-22T23:35:59.937+0000] {logging_mixin.py:190} INFO - [2024-09-22T23:35:59.937+0000] {dag.py:4156} INFO - Setting next_dagrun for example_params_ui_tutorial to None, run_after=None
[2024-09-22T23:35:59.963+0000] {processor.py:208} INFO - Processing /home/airflow/.local/lib/python3.12/site-packages/airflow/example_dags/example_params_ui_tutorial.py took 0.151 seconds
[2024-09-22T23:36:30.846+0000] {processor.py:186} INFO - Started process (PID=1344) to work on /home/airflow/.local/lib/python3.12/site-packages/airflow/example_dags/example_params_ui_tutorial.py
[2024-09-22T23:36:30.848+0000] {processor.py:914} INFO - Processing file /home/airflow/.local/lib/python3.12/site-packages/airflow/example_dags/example_params_ui_tutorial.py for tasks to queue
[2024-09-22T23:36:30.851+0000] {logging_mixin.py:190} INFO - [2024-09-22T23:36:30.851+0000] {dagbag.py:587} INFO - Filling up the DagBag from /home/airflow/.local/lib/python3.12/site-packages/airflow/example_dags/example_params_ui_tutorial.py
[2024-09-22T23:36:30.870+0000] {processor.py:925} INFO - DAG(s) 'example_params_ui_tutorial' retrieved from /home/airflow/.local/lib/python3.12/site-packages/airflow/example_dags/example_params_ui_tutorial.py
[2024-09-22T23:36:30.935+0000] {logging_mixin.py:190} INFO - [2024-09-22T23:36:30.935+0000] {dag.py:3229} INFO - Sync 1 DAGs
[2024-09-22T23:36:30.963+0000] {logging_mixin.py:190} INFO - [2024-09-22T23:36:30.963+0000] {dag.py:4156} INFO - Setting next_dagrun for example_params_ui_tutorial to None, run_after=None
[2024-09-22T23:36:30.987+0000] {processor.py:208} INFO - Processing /home/airflow/.local/lib/python3.12/site-packages/airflow/example_dags/example_params_ui_tutorial.py took 0.151 seconds
[2024-09-22T23:37:01.348+0000] {processor.py:186} INFO - Started process (PID=1407) to work on /home/airflow/.local/lib/python3.12/site-packages/airflow/example_dags/example_params_ui_tutorial.py
[2024-09-22T23:37:01.349+0000] {processor.py:914} INFO - Processing file /home/airflow/.local/lib/python3.12/site-packages/airflow/example_dags/example_params_ui_tutorial.py for tasks to queue
[2024-09-22T23:37:01.352+0000] {logging_mixin.py:190} INFO - [2024-09-22T23:37:01.352+0000] {dagbag.py:587} INFO - Filling up the DagBag from /home/airflow/.local/lib/python3.12/site-packages/airflow/example_dags/example_params_ui_tutorial.py
[2024-09-22T23:37:01.370+0000] {processor.py:925} INFO - DAG(s) 'example_params_ui_tutorial' retrieved from /home/airflow/.local/lib/python3.12/site-packages/airflow/example_dags/example_params_ui_tutorial.py
[2024-09-22T23:37:01.450+0000] {logging_mixin.py:190} INFO - [2024-09-22T23:37:01.449+0000] {dag.py:3229} INFO - Sync 1 DAGs
[2024-09-22T23:37:01.475+0000] {logging_mixin.py:190} INFO - [2024-09-22T23:37:01.475+0000] {dag.py:4156} INFO - Setting next_dagrun for example_params_ui_tutorial to None, run_after=None
[2024-09-22T23:37:01.504+0000] {processor.py:208} INFO - Processing /home/airflow/.local/lib/python3.12/site-packages/airflow/example_dags/example_params_ui_tutorial.py took 0.165 seconds
[2024-09-22T23:37:31.676+0000] {processor.py:186} INFO - Started process (PID=1470) to work on /home/airflow/.local/lib/python3.12/site-packages/airflow/example_dags/example_params_ui_tutorial.py
[2024-09-22T23:37:31.678+0000] {processor.py:914} INFO - Processing file /home/airflow/.local/lib/python3.12/site-packages/airflow/example_dags/example_params_ui_tutorial.py for tasks to queue
[2024-09-22T23:37:31.682+0000] {logging_mixin.py:190} INFO - [2024-09-22T23:37:31.681+0000] {dagbag.py:587} INFO - Filling up the DagBag from /home/airflow/.local/lib/python3.12/site-packages/airflow/example_dags/example_params_ui_tutorial.py
[2024-09-22T23:37:31.700+0000] {processor.py:925} INFO - DAG(s) 'example_params_ui_tutorial' retrieved from /home/airflow/.local/lib/python3.12/site-packages/airflow/example_dags/example_params_ui_tutorial.py
[2024-09-22T23:37:31.763+0000] {logging_mixin.py:190} INFO - [2024-09-22T23:37:31.762+0000] {dag.py:3229} INFO - Sync 1 DAGs
[2024-09-22T23:37:31.783+0000] {logging_mixin.py:190} INFO - [2024-09-22T23:37:31.783+0000] {dag.py:4156} INFO - Setting next_dagrun for example_params_ui_tutorial to None, run_after=None
[2024-09-22T23:37:31.810+0000] {processor.py:208} INFO - Processing /home/airflow/.local/lib/python3.12/site-packages/airflow/example_dags/example_params_ui_tutorial.py took 0.147 seconds
[2024-09-22T23:38:01.955+0000] {processor.py:186} INFO - Started process (PID=1533) to work on /home/airflow/.local/lib/python3.12/site-packages/airflow/example_dags/example_params_ui_tutorial.py
[2024-09-22T23:38:01.957+0000] {processor.py:914} INFO - Processing file /home/airflow/.local/lib/python3.12/site-packages/airflow/example_dags/example_params_ui_tutorial.py for tasks to queue
[2024-09-22T23:38:01.960+0000] {logging_mixin.py:190} INFO - [2024-09-22T23:38:01.959+0000] {dagbag.py:587} INFO - Filling up the DagBag from /home/airflow/.local/lib/python3.12/site-packages/airflow/example_dags/example_params_ui_tutorial.py
[2024-09-22T23:38:01.978+0000] {processor.py:925} INFO - DAG(s) 'example_params_ui_tutorial' retrieved from /home/airflow/.local/lib/python3.12/site-packages/airflow/example_dags/example_params_ui_tutorial.py
[2024-09-22T23:38:02.070+0000] {logging_mixin.py:190} INFO - [2024-09-22T23:38:02.069+0000] {dag.py:3229} INFO - Sync 1 DAGs
[2024-09-22T23:38:02.101+0000] {logging_mixin.py:190} INFO - [2024-09-22T23:38:02.101+0000] {dag.py:4156} INFO - Setting next_dagrun for example_params_ui_tutorial to None, run_after=None
[2024-09-22T23:38:02.143+0000] {processor.py:208} INFO - Processing /home/airflow/.local/lib/python3.12/site-packages/airflow/example_dags/example_params_ui_tutorial.py took 0.197 seconds
[2024-09-22T23:38:32.628+0000] {processor.py:186} INFO - Started process (PID=1602) to work on /home/airflow/.local/lib/python3.12/site-packages/airflow/example_dags/example_params_ui_tutorial.py
[2024-09-22T23:38:32.630+0000] {processor.py:914} INFO - Processing file /home/airflow/.local/lib/python3.12/site-packages/airflow/example_dags/example_params_ui_tutorial.py for tasks to queue
[2024-09-22T23:38:32.634+0000] {logging_mixin.py:190} INFO - [2024-09-22T23:38:32.633+0000] {dagbag.py:587} INFO - Filling up the DagBag from /home/airflow/.local/lib/python3.12/site-packages/airflow/example_dags/example_params_ui_tutorial.py
[2024-09-22T23:38:32.652+0000] {processor.py:925} INFO - DAG(s) 'example_params_ui_tutorial' retrieved from /home/airflow/.local/lib/python3.12/site-packages/airflow/example_dags/example_params_ui_tutorial.py
[2024-09-22T23:38:32.718+0000] {logging_mixin.py:190} INFO - [2024-09-22T23:38:32.718+0000] {dag.py:3229} INFO - Sync 1 DAGs
[2024-09-22T23:38:32.741+0000] {logging_mixin.py:190} INFO - [2024-09-22T23:38:32.741+0000] {dag.py:4156} INFO - Setting next_dagrun for example_params_ui_tutorial to None, run_after=None
[2024-09-22T23:38:32.767+0000] {processor.py:208} INFO - Processing /home/airflow/.local/lib/python3.12/site-packages/airflow/example_dags/example_params_ui_tutorial.py took 0.148 seconds
[2024-09-22T23:39:03.195+0000] {processor.py:186} INFO - Started process (PID=1665) to work on /home/airflow/.local/lib/python3.12/site-packages/airflow/example_dags/example_params_ui_tutorial.py
[2024-09-22T23:39:03.196+0000] {processor.py:914} INFO - Processing file /home/airflow/.local/lib/python3.12/site-packages/airflow/example_dags/example_params_ui_tutorial.py for tasks to queue
[2024-09-22T23:39:03.200+0000] {logging_mixin.py:190} INFO - [2024-09-22T23:39:03.199+0000] {dagbag.py:587} INFO - Filling up the DagBag from /home/airflow/.local/lib/python3.12/site-packages/airflow/example_dags/example_params_ui_tutorial.py
[2024-09-22T23:39:03.218+0000] {processor.py:925} INFO - DAG(s) 'example_params_ui_tutorial' retrieved from /home/airflow/.local/lib/python3.12/site-packages/airflow/example_dags/example_params_ui_tutorial.py
[2024-09-22T23:39:03.277+0000] {logging_mixin.py:190} INFO - [2024-09-22T23:39:03.277+0000] {dag.py:3229} INFO - Sync 1 DAGs
[2024-09-22T23:39:03.306+0000] {logging_mixin.py:190} INFO - [2024-09-22T23:39:03.305+0000] {dag.py:4156} INFO - Setting next_dagrun for example_params_ui_tutorial to None, run_after=None
[2024-09-22T23:39:03.690+0000] {processor.py:208} INFO - Processing /home/airflow/.local/lib/python3.12/site-packages/airflow/example_dags/example_params_ui_tutorial.py took 0.507 seconds
[2024-09-22T23:39:34.597+0000] {processor.py:186} INFO - Started process (PID=1728) to work on /home/airflow/.local/lib/python3.12/site-packages/airflow/example_dags/example_params_ui_tutorial.py
[2024-09-22T23:39:34.600+0000] {processor.py:914} INFO - Processing file /home/airflow/.local/lib/python3.12/site-packages/airflow/example_dags/example_params_ui_tutorial.py for tasks to queue
[2024-09-22T23:39:34.603+0000] {logging_mixin.py:190} INFO - [2024-09-22T23:39:34.603+0000] {dagbag.py:587} INFO - Filling up the DagBag from /home/airflow/.local/lib/python3.12/site-packages/airflow/example_dags/example_params_ui_tutorial.py
[2024-09-22T23:39:34.621+0000] {processor.py:925} INFO - DAG(s) 'example_params_ui_tutorial' retrieved from /home/airflow/.local/lib/python3.12/site-packages/airflow/example_dags/example_params_ui_tutorial.py
[2024-09-22T23:39:34.689+0000] {logging_mixin.py:190} INFO - [2024-09-22T23:39:34.688+0000] {dag.py:3229} INFO - Sync 1 DAGs
[2024-09-22T23:39:34.715+0000] {logging_mixin.py:190} INFO - [2024-09-22T23:39:34.714+0000] {dag.py:4156} INFO - Setting next_dagrun for example_params_ui_tutorial to None, run_after=None
[2024-09-22T23:39:34.742+0000] {processor.py:208} INFO - Processing /home/airflow/.local/lib/python3.12/site-packages/airflow/example_dags/example_params_ui_tutorial.py took 0.157 seconds
[2024-09-22T23:40:05.127+0000] {processor.py:186} INFO - Started process (PID=1791) to work on /home/airflow/.local/lib/python3.12/site-packages/airflow/example_dags/example_params_ui_tutorial.py
[2024-09-22T23:40:05.128+0000] {processor.py:914} INFO - Processing file /home/airflow/.local/lib/python3.12/site-packages/airflow/example_dags/example_params_ui_tutorial.py for tasks to queue
[2024-09-22T23:40:05.131+0000] {logging_mixin.py:190} INFO - [2024-09-22T23:40:05.130+0000] {dagbag.py:587} INFO - Filling up the DagBag from /home/airflow/.local/lib/python3.12/site-packages/airflow/example_dags/example_params_ui_tutorial.py
[2024-09-22T23:40:05.149+0000] {processor.py:925} INFO - DAG(s) 'example_params_ui_tutorial' retrieved from /home/airflow/.local/lib/python3.12/site-packages/airflow/example_dags/example_params_ui_tutorial.py
[2024-09-22T23:40:05.211+0000] {logging_mixin.py:190} INFO - [2024-09-22T23:40:05.211+0000] {dag.py:3229} INFO - Sync 1 DAGs
[2024-09-22T23:40:05.237+0000] {logging_mixin.py:190} INFO - [2024-09-22T23:40:05.237+0000] {dag.py:4156} INFO - Setting next_dagrun for example_params_ui_tutorial to None, run_after=None
[2024-09-22T23:40:05.265+0000] {processor.py:208} INFO - Processing /home/airflow/.local/lib/python3.12/site-packages/airflow/example_dags/example_params_ui_tutorial.py took 0.150 seconds
[2024-09-22T23:40:35.324+0000] {processor.py:186} INFO - Started process (PID=1854) to work on /home/airflow/.local/lib/python3.12/site-packages/airflow/example_dags/example_params_ui_tutorial.py
[2024-09-22T23:40:35.326+0000] {processor.py:914} INFO - Processing file /home/airflow/.local/lib/python3.12/site-packages/airflow/example_dags/example_params_ui_tutorial.py for tasks to queue
[2024-09-22T23:40:35.331+0000] {logging_mixin.py:190} INFO - [2024-09-22T23:40:35.330+0000] {dagbag.py:587} INFO - Filling up the DagBag from /home/airflow/.local/lib/python3.12/site-packages/airflow/example_dags/example_params_ui_tutorial.py
[2024-09-22T23:40:35.357+0000] {processor.py:925} INFO - DAG(s) 'example_params_ui_tutorial' retrieved from /home/airflow/.local/lib/python3.12/site-packages/airflow/example_dags/example_params_ui_tutorial.py
[2024-09-22T23:40:35.417+0000] {logging_mixin.py:190} INFO - [2024-09-22T23:40:35.417+0000] {dag.py:3229} INFO - Sync 1 DAGs
[2024-09-22T23:40:35.437+0000] {logging_mixin.py:190} INFO - [2024-09-22T23:40:35.437+0000] {dag.py:4156} INFO - Setting next_dagrun for example_params_ui_tutorial to None, run_after=None
[2024-09-22T23:40:35.466+0000] {processor.py:208} INFO - Processing /home/airflow/.local/lib/python3.12/site-packages/airflow/example_dags/example_params_ui_tutorial.py took 0.153 seconds
[2024-09-22T23:41:05.823+0000] {processor.py:186} INFO - Started process (PID=1917) to work on /home/airflow/.local/lib/python3.12/site-packages/airflow/example_dags/example_params_ui_tutorial.py
[2024-09-22T23:41:05.824+0000] {processor.py:914} INFO - Processing file /home/airflow/.local/lib/python3.12/site-packages/airflow/example_dags/example_params_ui_tutorial.py for tasks to queue
[2024-09-22T23:41:05.827+0000] {logging_mixin.py:190} INFO - [2024-09-22T23:41:05.827+0000] {dagbag.py:587} INFO - Filling up the DagBag from /home/airflow/.local/lib/python3.12/site-packages/airflow/example_dags/example_params_ui_tutorial.py
[2024-09-22T23:41:05.848+0000] {processor.py:925} INFO - DAG(s) 'example_params_ui_tutorial' retrieved from /home/airflow/.local/lib/python3.12/site-packages/airflow/example_dags/example_params_ui_tutorial.py
[2024-09-22T23:41:05.924+0000] {logging_mixin.py:190} INFO - [2024-09-22T23:41:05.923+0000] {dag.py:3229} INFO - Sync 1 DAGs
[2024-09-22T23:41:05.945+0000] {logging_mixin.py:190} INFO - [2024-09-22T23:41:05.945+0000] {dag.py:4156} INFO - Setting next_dagrun for example_params_ui_tutorial to None, run_after=None
[2024-09-22T23:41:06.242+0000] {processor.py:208} INFO - Processing /home/airflow/.local/lib/python3.12/site-packages/airflow/example_dags/example_params_ui_tutorial.py took 0.428 seconds
[2024-09-22T23:41:37.149+0000] {processor.py:186} INFO - Started process (PID=1980) to work on /home/airflow/.local/lib/python3.12/site-packages/airflow/example_dags/example_params_ui_tutorial.py
[2024-09-22T23:41:37.153+0000] {processor.py:914} INFO - Processing file /home/airflow/.local/lib/python3.12/site-packages/airflow/example_dags/example_params_ui_tutorial.py for tasks to queue
[2024-09-22T23:41:37.158+0000] {logging_mixin.py:190} INFO - [2024-09-22T23:41:37.157+0000] {dagbag.py:587} INFO - Filling up the DagBag from /home/airflow/.local/lib/python3.12/site-packages/airflow/example_dags/example_params_ui_tutorial.py
[2024-09-22T23:41:37.195+0000] {processor.py:925} INFO - DAG(s) 'example_params_ui_tutorial' retrieved from /home/airflow/.local/lib/python3.12/site-packages/airflow/example_dags/example_params_ui_tutorial.py
[2024-09-22T23:41:37.278+0000] {logging_mixin.py:190} INFO - [2024-09-22T23:41:37.278+0000] {dag.py:3229} INFO - Sync 1 DAGs
[2024-09-22T23:41:37.309+0000] {logging_mixin.py:190} INFO - [2024-09-22T23:41:37.308+0000] {dag.py:4156} INFO - Setting next_dagrun for example_params_ui_tutorial to None, run_after=None
[2024-09-22T23:41:37.343+0000] {processor.py:208} INFO - Processing /home/airflow/.local/lib/python3.12/site-packages/airflow/example_dags/example_params_ui_tutorial.py took 0.206 seconds
[2024-09-22T23:42:08.345+0000] {processor.py:186} INFO - Started process (PID=2043) to work on /home/airflow/.local/lib/python3.12/site-packages/airflow/example_dags/example_params_ui_tutorial.py
[2024-09-22T23:42:08.346+0000] {processor.py:914} INFO - Processing file /home/airflow/.local/lib/python3.12/site-packages/airflow/example_dags/example_params_ui_tutorial.py for tasks to queue
[2024-09-22T23:42:08.349+0000] {logging_mixin.py:190} INFO - [2024-09-22T23:42:08.349+0000] {dagbag.py:587} INFO - Filling up the DagBag from /home/airflow/.local/lib/python3.12/site-packages/airflow/example_dags/example_params_ui_tutorial.py
[2024-09-22T23:42:08.368+0000] {processor.py:925} INFO - DAG(s) 'example_params_ui_tutorial' retrieved from /home/airflow/.local/lib/python3.12/site-packages/airflow/example_dags/example_params_ui_tutorial.py
[2024-09-22T23:42:08.437+0000] {logging_mixin.py:190} INFO - [2024-09-22T23:42:08.437+0000] {dag.py:3229} INFO - Sync 1 DAGs
[2024-09-22T23:42:08.457+0000] {logging_mixin.py:190} INFO - [2024-09-22T23:42:08.457+0000] {dag.py:4156} INFO - Setting next_dagrun for example_params_ui_tutorial to None, run_after=None
[2024-09-22T23:42:08.483+0000] {processor.py:208} INFO - Processing /home/airflow/.local/lib/python3.12/site-packages/airflow/example_dags/example_params_ui_tutorial.py took 0.149 seconds
[2024-09-22T23:42:38.753+0000] {processor.py:186} INFO - Started process (PID=2106) to work on /home/airflow/.local/lib/python3.12/site-packages/airflow/example_dags/example_params_ui_tutorial.py
[2024-09-22T23:42:38.755+0000] {processor.py:914} INFO - Processing file /home/airflow/.local/lib/python3.12/site-packages/airflow/example_dags/example_params_ui_tutorial.py for tasks to queue
[2024-09-22T23:42:38.759+0000] {logging_mixin.py:190} INFO - [2024-09-22T23:42:38.758+0000] {dagbag.py:587} INFO - Filling up the DagBag from /home/airflow/.local/lib/python3.12/site-packages/airflow/example_dags/example_params_ui_tutorial.py
[2024-09-22T23:42:38.780+0000] {processor.py:925} INFO - DAG(s) 'example_params_ui_tutorial' retrieved from /home/airflow/.local/lib/python3.12/site-packages/airflow/example_dags/example_params_ui_tutorial.py
[2024-09-22T23:42:38.838+0000] {logging_mixin.py:190} INFO - [2024-09-22T23:42:38.838+0000] {dag.py:3229} INFO - Sync 1 DAGs
[2024-09-22T23:42:38.857+0000] {logging_mixin.py:190} INFO - [2024-09-22T23:42:38.857+0000] {dag.py:4156} INFO - Setting next_dagrun for example_params_ui_tutorial to None, run_after=None
[2024-09-22T23:42:38.881+0000] {processor.py:208} INFO - Processing /home/airflow/.local/lib/python3.12/site-packages/airflow/example_dags/example_params_ui_tutorial.py took 0.138 seconds
[2024-09-22T23:43:09.949+0000] {processor.py:186} INFO - Started process (PID=2168) to work on /home/airflow/.local/lib/python3.12/site-packages/airflow/example_dags/example_params_ui_tutorial.py
[2024-09-22T23:43:09.952+0000] {processor.py:914} INFO - Processing file /home/airflow/.local/lib/python3.12/site-packages/airflow/example_dags/example_params_ui_tutorial.py for tasks to queue
[2024-09-22T23:43:09.960+0000] {logging_mixin.py:190} INFO - [2024-09-22T23:43:09.958+0000] {dagbag.py:587} INFO - Filling up the DagBag from /home/airflow/.local/lib/python3.12/site-packages/airflow/example_dags/example_params_ui_tutorial.py
[2024-09-22T23:43:09.995+0000] {processor.py:925} INFO - DAG(s) 'example_params_ui_tutorial' retrieved from /home/airflow/.local/lib/python3.12/site-packages/airflow/example_dags/example_params_ui_tutorial.py
[2024-09-22T23:43:10.131+0000] {logging_mixin.py:190} INFO - [2024-09-22T23:43:10.130+0000] {dag.py:3229} INFO - Sync 1 DAGs
[2024-09-22T23:43:10.167+0000] {logging_mixin.py:190} INFO - [2024-09-22T23:43:10.166+0000] {dag.py:4156} INFO - Setting next_dagrun for example_params_ui_tutorial to None, run_after=None
[2024-09-22T23:43:10.220+0000] {processor.py:208} INFO - Processing /home/airflow/.local/lib/python3.12/site-packages/airflow/example_dags/example_params_ui_tutorial.py took 0.289 seconds
[2024-09-22T23:43:40.279+0000] {processor.py:186} INFO - Started process (PID=2231) to work on /home/airflow/.local/lib/python3.12/site-packages/airflow/example_dags/example_params_ui_tutorial.py
[2024-09-22T23:43:40.281+0000] {processor.py:914} INFO - Processing file /home/airflow/.local/lib/python3.12/site-packages/airflow/example_dags/example_params_ui_tutorial.py for tasks to queue
[2024-09-22T23:43:40.284+0000] {logging_mixin.py:190} INFO - [2024-09-22T23:43:40.284+0000] {dagbag.py:587} INFO - Filling up the DagBag from /home/airflow/.local/lib/python3.12/site-packages/airflow/example_dags/example_params_ui_tutorial.py
[2024-09-22T23:43:40.303+0000] {processor.py:925} INFO - DAG(s) 'example_params_ui_tutorial' retrieved from /home/airflow/.local/lib/python3.12/site-packages/airflow/example_dags/example_params_ui_tutorial.py
[2024-09-22T23:43:40.361+0000] {logging_mixin.py:190} INFO - [2024-09-22T23:43:40.360+0000] {dag.py:3229} INFO - Sync 1 DAGs
[2024-09-22T23:43:40.381+0000] {logging_mixin.py:190} INFO - [2024-09-22T23:43:40.380+0000] {dag.py:4156} INFO - Setting next_dagrun for example_params_ui_tutorial to None, run_after=None
[2024-09-22T23:43:40.405+0000] {processor.py:208} INFO - Processing /home/airflow/.local/lib/python3.12/site-packages/airflow/example_dags/example_params_ui_tutorial.py took 0.137 seconds
[2024-09-22T23:44:10.786+0000] {processor.py:186} INFO - Started process (PID=2294) to work on /home/airflow/.local/lib/python3.12/site-packages/airflow/example_dags/example_params_ui_tutorial.py
[2024-09-22T23:44:10.788+0000] {processor.py:914} INFO - Processing file /home/airflow/.local/lib/python3.12/site-packages/airflow/example_dags/example_params_ui_tutorial.py for tasks to queue
[2024-09-22T23:44:10.791+0000] {logging_mixin.py:190} INFO - [2024-09-22T23:44:10.791+0000] {dagbag.py:587} INFO - Filling up the DagBag from /home/airflow/.local/lib/python3.12/site-packages/airflow/example_dags/example_params_ui_tutorial.py
[2024-09-22T23:44:10.811+0000] {processor.py:925} INFO - DAG(s) 'example_params_ui_tutorial' retrieved from /home/airflow/.local/lib/python3.12/site-packages/airflow/example_dags/example_params_ui_tutorial.py
[2024-09-22T23:44:10.883+0000] {logging_mixin.py:190} INFO - [2024-09-22T23:44:10.882+0000] {dag.py:3229} INFO - Sync 1 DAGs
[2024-09-22T23:44:10.907+0000] {logging_mixin.py:190} INFO - [2024-09-22T23:44:10.906+0000] {dag.py:4156} INFO - Setting next_dagrun for example_params_ui_tutorial to None, run_after=None
[2024-09-22T23:44:10.934+0000] {processor.py:208} INFO - Processing /home/airflow/.local/lib/python3.12/site-packages/airflow/example_dags/example_params_ui_tutorial.py took 0.158 seconds
[2024-09-22T23:46:55.554+0000] {processor.py:186} INFO - Started process (PID=96) to work on /home/airflow/.local/lib/python3.12/site-packages/airflow/example_dags/example_params_ui_tutorial.py
[2024-09-22T23:46:55.556+0000] {processor.py:914} INFO - Processing file /home/airflow/.local/lib/python3.12/site-packages/airflow/example_dags/example_params_ui_tutorial.py for tasks to queue
[2024-09-22T23:46:55.561+0000] {logging_mixin.py:190} INFO - [2024-09-22T23:46:55.561+0000] {dagbag.py:587} INFO - Filling up the DagBag from /home/airflow/.local/lib/python3.12/site-packages/airflow/example_dags/example_params_ui_tutorial.py
[2024-09-22T23:46:55.590+0000] {processor.py:925} INFO - DAG(s) 'example_params_ui_tutorial' retrieved from /home/airflow/.local/lib/python3.12/site-packages/airflow/example_dags/example_params_ui_tutorial.py
[2024-09-22T23:46:55.764+0000] {logging_mixin.py:190} INFO - [2024-09-22T23:46:55.764+0000] {dag.py:3229} INFO - Sync 1 DAGs
[2024-09-22T23:46:55.806+0000] {logging_mixin.py:190} INFO - [2024-09-22T23:46:55.805+0000] {dag.py:4156} INFO - Setting next_dagrun for example_params_ui_tutorial to None, run_after=None
[2024-09-22T23:46:55.840+0000] {processor.py:208} INFO - Processing /home/airflow/.local/lib/python3.12/site-packages/airflow/example_dags/example_params_ui_tutorial.py took 0.299 seconds
[2024-09-22T23:47:26.332+0000] {processor.py:186} INFO - Started process (PID=158) to work on /home/airflow/.local/lib/python3.12/site-packages/airflow/example_dags/example_params_ui_tutorial.py
[2024-09-22T23:47:26.333+0000] {processor.py:914} INFO - Processing file /home/airflow/.local/lib/python3.12/site-packages/airflow/example_dags/example_params_ui_tutorial.py for tasks to queue
[2024-09-22T23:47:26.336+0000] {logging_mixin.py:190} INFO - [2024-09-22T23:47:26.336+0000] {dagbag.py:587} INFO - Filling up the DagBag from /home/airflow/.local/lib/python3.12/site-packages/airflow/example_dags/example_params_ui_tutorial.py
[2024-09-22T23:47:26.355+0000] {processor.py:925} INFO - DAG(s) 'example_params_ui_tutorial' retrieved from /home/airflow/.local/lib/python3.12/site-packages/airflow/example_dags/example_params_ui_tutorial.py
[2024-09-22T23:47:26.410+0000] {logging_mixin.py:190} INFO - [2024-09-22T23:47:26.410+0000] {dag.py:3229} INFO - Sync 1 DAGs
[2024-09-22T23:47:26.429+0000] {logging_mixin.py:190} INFO - [2024-09-22T23:47:26.429+0000] {dag.py:4156} INFO - Setting next_dagrun for example_params_ui_tutorial to None, run_after=None
[2024-09-22T23:47:26.453+0000] {processor.py:208} INFO - Processing /home/airflow/.local/lib/python3.12/site-packages/airflow/example_dags/example_params_ui_tutorial.py took 0.130 seconds
[2024-09-22T23:47:56.823+0000] {processor.py:186} INFO - Started process (PID=221) to work on /home/airflow/.local/lib/python3.12/site-packages/airflow/example_dags/example_params_ui_tutorial.py
[2024-09-22T23:47:56.825+0000] {processor.py:914} INFO - Processing file /home/airflow/.local/lib/python3.12/site-packages/airflow/example_dags/example_params_ui_tutorial.py for tasks to queue
[2024-09-22T23:47:56.828+0000] {logging_mixin.py:190} INFO - [2024-09-22T23:47:56.828+0000] {dagbag.py:587} INFO - Filling up the DagBag from /home/airflow/.local/lib/python3.12/site-packages/airflow/example_dags/example_params_ui_tutorial.py
[2024-09-22T23:47:56.851+0000] {processor.py:925} INFO - DAG(s) 'example_params_ui_tutorial' retrieved from /home/airflow/.local/lib/python3.12/site-packages/airflow/example_dags/example_params_ui_tutorial.py
[2024-09-22T23:47:56.910+0000] {logging_mixin.py:190} INFO - [2024-09-22T23:47:56.910+0000] {dag.py:3229} INFO - Sync 1 DAGs
[2024-09-22T23:47:56.931+0000] {logging_mixin.py:190} INFO - [2024-09-22T23:47:56.931+0000] {dag.py:4156} INFO - Setting next_dagrun for example_params_ui_tutorial to None, run_after=None
[2024-09-22T23:47:56.960+0000] {processor.py:208} INFO - Processing /home/airflow/.local/lib/python3.12/site-packages/airflow/example_dags/example_params_ui_tutorial.py took 0.147 seconds
[2024-09-22T23:48:27.471+0000] {processor.py:186} INFO - Started process (PID=284) to work on /home/airflow/.local/lib/python3.12/site-packages/airflow/example_dags/example_params_ui_tutorial.py
[2024-09-22T23:48:27.472+0000] {processor.py:914} INFO - Processing file /home/airflow/.local/lib/python3.12/site-packages/airflow/example_dags/example_params_ui_tutorial.py for tasks to queue
[2024-09-22T23:48:27.476+0000] {logging_mixin.py:190} INFO - [2024-09-22T23:48:27.475+0000] {dagbag.py:587} INFO - Filling up the DagBag from /home/airflow/.local/lib/python3.12/site-packages/airflow/example_dags/example_params_ui_tutorial.py
[2024-09-22T23:48:27.495+0000] {processor.py:925} INFO - DAG(s) 'example_params_ui_tutorial' retrieved from /home/airflow/.local/lib/python3.12/site-packages/airflow/example_dags/example_params_ui_tutorial.py
[2024-09-22T23:48:27.564+0000] {logging_mixin.py:190} INFO - [2024-09-22T23:48:27.563+0000] {dag.py:3229} INFO - Sync 1 DAGs
[2024-09-22T23:48:27.583+0000] {logging_mixin.py:190} INFO - [2024-09-22T23:48:27.583+0000] {dag.py:4156} INFO - Setting next_dagrun for example_params_ui_tutorial to None, run_after=None
[2024-09-22T23:48:27.606+0000] {processor.py:208} INFO - Processing /home/airflow/.local/lib/python3.12/site-packages/airflow/example_dags/example_params_ui_tutorial.py took 0.145 seconds
[2024-09-22T23:48:58.081+0000] {processor.py:186} INFO - Started process (PID=347) to work on /home/airflow/.local/lib/python3.12/site-packages/airflow/example_dags/example_params_ui_tutorial.py
[2024-09-22T23:48:58.083+0000] {processor.py:914} INFO - Processing file /home/airflow/.local/lib/python3.12/site-packages/airflow/example_dags/example_params_ui_tutorial.py for tasks to queue
[2024-09-22T23:48:58.087+0000] {logging_mixin.py:190} INFO - [2024-09-22T23:48:58.087+0000] {dagbag.py:587} INFO - Filling up the DagBag from /home/airflow/.local/lib/python3.12/site-packages/airflow/example_dags/example_params_ui_tutorial.py
[2024-09-22T23:48:58.107+0000] {processor.py:925} INFO - DAG(s) 'example_params_ui_tutorial' retrieved from /home/airflow/.local/lib/python3.12/site-packages/airflow/example_dags/example_params_ui_tutorial.py
[2024-09-22T23:48:58.177+0000] {logging_mixin.py:190} INFO - [2024-09-22T23:48:58.177+0000] {dag.py:3229} INFO - Sync 1 DAGs
[2024-09-22T23:48:58.201+0000] {logging_mixin.py:190} INFO - [2024-09-22T23:48:58.200+0000] {dag.py:4156} INFO - Setting next_dagrun for example_params_ui_tutorial to None, run_after=None
[2024-09-22T23:48:58.224+0000] {processor.py:208} INFO - Processing /home/airflow/.local/lib/python3.12/site-packages/airflow/example_dags/example_params_ui_tutorial.py took 0.153 seconds
[2024-09-22T23:49:28.973+0000] {processor.py:186} INFO - Started process (PID=410) to work on /home/airflow/.local/lib/python3.12/site-packages/airflow/example_dags/example_params_ui_tutorial.py
[2024-09-22T23:49:28.975+0000] {processor.py:914} INFO - Processing file /home/airflow/.local/lib/python3.12/site-packages/airflow/example_dags/example_params_ui_tutorial.py for tasks to queue
[2024-09-22T23:49:28.980+0000] {logging_mixin.py:190} INFO - [2024-09-22T23:49:28.979+0000] {dagbag.py:587} INFO - Filling up the DagBag from /home/airflow/.local/lib/python3.12/site-packages/airflow/example_dags/example_params_ui_tutorial.py
[2024-09-22T23:49:29.008+0000] {processor.py:925} INFO - DAG(s) 'example_params_ui_tutorial' retrieved from /home/airflow/.local/lib/python3.12/site-packages/airflow/example_dags/example_params_ui_tutorial.py
[2024-09-22T23:49:29.104+0000] {logging_mixin.py:190} INFO - [2024-09-22T23:49:29.103+0000] {dag.py:3229} INFO - Sync 1 DAGs
[2024-09-22T23:49:29.135+0000] {logging_mixin.py:190} INFO - [2024-09-22T23:49:29.134+0000] {dag.py:4156} INFO - Setting next_dagrun for example_params_ui_tutorial to None, run_after=None
[2024-09-22T23:49:29.168+0000] {processor.py:208} INFO - Processing /home/airflow/.local/lib/python3.12/site-packages/airflow/example_dags/example_params_ui_tutorial.py took 0.209 seconds
[2024-09-22T23:49:59.653+0000] {processor.py:186} INFO - Started process (PID=473) to work on /home/airflow/.local/lib/python3.12/site-packages/airflow/example_dags/example_params_ui_tutorial.py
[2024-09-22T23:49:59.655+0000] {processor.py:914} INFO - Processing file /home/airflow/.local/lib/python3.12/site-packages/airflow/example_dags/example_params_ui_tutorial.py for tasks to queue
[2024-09-22T23:49:59.658+0000] {logging_mixin.py:190} INFO - [2024-09-22T23:49:59.658+0000] {dagbag.py:587} INFO - Filling up the DagBag from /home/airflow/.local/lib/python3.12/site-packages/airflow/example_dags/example_params_ui_tutorial.py
[2024-09-22T23:49:59.677+0000] {processor.py:925} INFO - DAG(s) 'example_params_ui_tutorial' retrieved from /home/airflow/.local/lib/python3.12/site-packages/airflow/example_dags/example_params_ui_tutorial.py
[2024-09-22T23:49:59.740+0000] {logging_mixin.py:190} INFO - [2024-09-22T23:49:59.740+0000] {dag.py:3229} INFO - Sync 1 DAGs
[2024-09-22T23:49:59.761+0000] {logging_mixin.py:190} INFO - [2024-09-22T23:49:59.761+0000] {dag.py:4156} INFO - Setting next_dagrun for example_params_ui_tutorial to None, run_after=None
[2024-09-22T23:49:59.789+0000] {processor.py:208} INFO - Processing /home/airflow/.local/lib/python3.12/site-packages/airflow/example_dags/example_params_ui_tutorial.py took 0.150 seconds
[2024-09-22T23:50:29.891+0000] {processor.py:186} INFO - Started process (PID=536) to work on /home/airflow/.local/lib/python3.12/site-packages/airflow/example_dags/example_params_ui_tutorial.py
[2024-09-22T23:50:29.893+0000] {processor.py:914} INFO - Processing file /home/airflow/.local/lib/python3.12/site-packages/airflow/example_dags/example_params_ui_tutorial.py for tasks to queue
[2024-09-22T23:50:29.897+0000] {logging_mixin.py:190} INFO - [2024-09-22T23:50:29.896+0000] {dagbag.py:587} INFO - Filling up the DagBag from /home/airflow/.local/lib/python3.12/site-packages/airflow/example_dags/example_params_ui_tutorial.py
[2024-09-22T23:50:29.916+0000] {processor.py:925} INFO - DAG(s) 'example_params_ui_tutorial' retrieved from /home/airflow/.local/lib/python3.12/site-packages/airflow/example_dags/example_params_ui_tutorial.py
[2024-09-22T23:50:29.975+0000] {logging_mixin.py:190} INFO - [2024-09-22T23:50:29.974+0000] {dag.py:3229} INFO - Sync 1 DAGs
[2024-09-22T23:50:29.998+0000] {logging_mixin.py:190} INFO - [2024-09-22T23:50:29.997+0000] {dag.py:4156} INFO - Setting next_dagrun for example_params_ui_tutorial to None, run_after=None
[2024-09-22T23:50:30.029+0000] {processor.py:208} INFO - Processing /home/airflow/.local/lib/python3.12/site-packages/airflow/example_dags/example_params_ui_tutorial.py took 0.148 seconds
[2024-09-22T23:51:00.248+0000] {processor.py:186} INFO - Started process (PID=599) to work on /home/airflow/.local/lib/python3.12/site-packages/airflow/example_dags/example_params_ui_tutorial.py
[2024-09-22T23:51:00.250+0000] {processor.py:914} INFO - Processing file /home/airflow/.local/lib/python3.12/site-packages/airflow/example_dags/example_params_ui_tutorial.py for tasks to queue
[2024-09-22T23:51:00.254+0000] {logging_mixin.py:190} INFO - [2024-09-22T23:51:00.253+0000] {dagbag.py:587} INFO - Filling up the DagBag from /home/airflow/.local/lib/python3.12/site-packages/airflow/example_dags/example_params_ui_tutorial.py
[2024-09-22T23:51:00.273+0000] {processor.py:925} INFO - DAG(s) 'example_params_ui_tutorial' retrieved from /home/airflow/.local/lib/python3.12/site-packages/airflow/example_dags/example_params_ui_tutorial.py
[2024-09-22T23:51:00.329+0000] {logging_mixin.py:190} INFO - [2024-09-22T23:51:00.328+0000] {dag.py:3229} INFO - Sync 1 DAGs
[2024-09-22T23:51:00.349+0000] {logging_mixin.py:190} INFO - [2024-09-22T23:51:00.349+0000] {dag.py:4156} INFO - Setting next_dagrun for example_params_ui_tutorial to None, run_after=None
[2024-09-22T23:51:00.375+0000] {processor.py:208} INFO - Processing /home/airflow/.local/lib/python3.12/site-packages/airflow/example_dags/example_params_ui_tutorial.py took 0.136 seconds
[2024-09-22T23:51:30.876+0000] {processor.py:186} INFO - Started process (PID=663) to work on /home/airflow/.local/lib/python3.12/site-packages/airflow/example_dags/example_params_ui_tutorial.py
[2024-09-22T23:51:30.878+0000] {processor.py:914} INFO - Processing file /home/airflow/.local/lib/python3.12/site-packages/airflow/example_dags/example_params_ui_tutorial.py for tasks to queue
[2024-09-22T23:51:30.882+0000] {logging_mixin.py:190} INFO - [2024-09-22T23:51:30.881+0000] {dagbag.py:587} INFO - Filling up the DagBag from /home/airflow/.local/lib/python3.12/site-packages/airflow/example_dags/example_params_ui_tutorial.py
[2024-09-22T23:51:30.901+0000] {processor.py:925} INFO - DAG(s) 'example_params_ui_tutorial' retrieved from /home/airflow/.local/lib/python3.12/site-packages/airflow/example_dags/example_params_ui_tutorial.py
[2024-09-22T23:51:30.966+0000] {logging_mixin.py:190} INFO - [2024-09-22T23:51:30.966+0000] {dag.py:3229} INFO - Sync 1 DAGs
[2024-09-22T23:51:30.989+0000] {logging_mixin.py:190} INFO - [2024-09-22T23:51:30.989+0000] {dag.py:4156} INFO - Setting next_dagrun for example_params_ui_tutorial to None, run_after=None
[2024-09-22T23:51:31.021+0000] {processor.py:208} INFO - Processing /home/airflow/.local/lib/python3.12/site-packages/airflow/example_dags/example_params_ui_tutorial.py took 0.155 seconds
[2024-09-22T23:52:01.535+0000] {processor.py:186} INFO - Started process (PID=727) to work on /home/airflow/.local/lib/python3.12/site-packages/airflow/example_dags/example_params_ui_tutorial.py
[2024-09-22T23:52:01.537+0000] {processor.py:914} INFO - Processing file /home/airflow/.local/lib/python3.12/site-packages/airflow/example_dags/example_params_ui_tutorial.py for tasks to queue
[2024-09-22T23:52:01.542+0000] {logging_mixin.py:190} INFO - [2024-09-22T23:52:01.542+0000] {dagbag.py:587} INFO - Filling up the DagBag from /home/airflow/.local/lib/python3.12/site-packages/airflow/example_dags/example_params_ui_tutorial.py
[2024-09-22T23:52:01.561+0000] {processor.py:925} INFO - DAG(s) 'example_params_ui_tutorial' retrieved from /home/airflow/.local/lib/python3.12/site-packages/airflow/example_dags/example_params_ui_tutorial.py
[2024-09-22T23:52:01.630+0000] {logging_mixin.py:190} INFO - [2024-09-22T23:52:01.630+0000] {dag.py:3229} INFO - Sync 1 DAGs
[2024-09-22T23:52:01.652+0000] {logging_mixin.py:190} INFO - [2024-09-22T23:52:01.651+0000] {dag.py:4156} INFO - Setting next_dagrun for example_params_ui_tutorial to None, run_after=None
[2024-09-22T23:52:01.681+0000] {processor.py:208} INFO - Processing /home/airflow/.local/lib/python3.12/site-packages/airflow/example_dags/example_params_ui_tutorial.py took 0.155 seconds
[2024-09-22T23:52:31.925+0000] {processor.py:186} INFO - Started process (PID=790) to work on /home/airflow/.local/lib/python3.12/site-packages/airflow/example_dags/example_params_ui_tutorial.py
[2024-09-22T23:52:31.927+0000] {processor.py:914} INFO - Processing file /home/airflow/.local/lib/python3.12/site-packages/airflow/example_dags/example_params_ui_tutorial.py for tasks to queue
[2024-09-22T23:52:31.931+0000] {logging_mixin.py:190} INFO - [2024-09-22T23:52:31.930+0000] {dagbag.py:587} INFO - Filling up the DagBag from /home/airflow/.local/lib/python3.12/site-packages/airflow/example_dags/example_params_ui_tutorial.py
[2024-09-22T23:52:31.950+0000] {processor.py:925} INFO - DAG(s) 'example_params_ui_tutorial' retrieved from /home/airflow/.local/lib/python3.12/site-packages/airflow/example_dags/example_params_ui_tutorial.py
[2024-09-22T23:52:32.016+0000] {logging_mixin.py:190} INFO - [2024-09-22T23:52:32.015+0000] {dag.py:3229} INFO - Sync 1 DAGs
[2024-09-22T23:52:32.037+0000] {logging_mixin.py:190} INFO - [2024-09-22T23:52:32.036+0000] {dag.py:4156} INFO - Setting next_dagrun for example_params_ui_tutorial to None, run_after=None
[2024-09-22T23:52:32.062+0000] {processor.py:208} INFO - Processing /home/airflow/.local/lib/python3.12/site-packages/airflow/example_dags/example_params_ui_tutorial.py took 0.149 seconds
[2024-09-22T23:53:02.178+0000] {processor.py:186} INFO - Started process (PID=853) to work on /home/airflow/.local/lib/python3.12/site-packages/airflow/example_dags/example_params_ui_tutorial.py
[2024-09-22T23:53:02.180+0000] {processor.py:914} INFO - Processing file /home/airflow/.local/lib/python3.12/site-packages/airflow/example_dags/example_params_ui_tutorial.py for tasks to queue
[2024-09-22T23:53:02.185+0000] {logging_mixin.py:190} INFO - [2024-09-22T23:53:02.184+0000] {dagbag.py:587} INFO - Filling up the DagBag from /home/airflow/.local/lib/python3.12/site-packages/airflow/example_dags/example_params_ui_tutorial.py
[2024-09-22T23:53:02.207+0000] {processor.py:925} INFO - DAG(s) 'example_params_ui_tutorial' retrieved from /home/airflow/.local/lib/python3.12/site-packages/airflow/example_dags/example_params_ui_tutorial.py
[2024-09-22T23:53:02.273+0000] {logging_mixin.py:190} INFO - [2024-09-22T23:53:02.272+0000] {dag.py:3229} INFO - Sync 1 DAGs
[2024-09-22T23:53:02.307+0000] {logging_mixin.py:190} INFO - [2024-09-22T23:53:02.307+0000] {dag.py:4156} INFO - Setting next_dagrun for example_params_ui_tutorial to None, run_after=None
[2024-09-22T23:53:02.361+0000] {processor.py:208} INFO - Processing /home/airflow/.local/lib/python3.12/site-packages/airflow/example_dags/example_params_ui_tutorial.py took 0.192 seconds
[2024-09-22T23:53:34.911+0000] {processor.py:186} INFO - Started process (PID=915) to work on /home/airflow/.local/lib/python3.12/site-packages/airflow/example_dags/example_params_ui_tutorial.py
[2024-09-22T23:53:34.915+0000] {processor.py:914} INFO - Processing file /home/airflow/.local/lib/python3.12/site-packages/airflow/example_dags/example_params_ui_tutorial.py for tasks to queue
[2024-09-22T23:53:34.948+0000] {logging_mixin.py:190} INFO - [2024-09-22T23:53:34.947+0000] {dagbag.py:587} INFO - Filling up the DagBag from /home/airflow/.local/lib/python3.12/site-packages/airflow/example_dags/example_params_ui_tutorial.py
[2024-09-22T23:53:35.038+0000] {processor.py:925} INFO - DAG(s) 'example_params_ui_tutorial' retrieved from /home/airflow/.local/lib/python3.12/site-packages/airflow/example_dags/example_params_ui_tutorial.py
[2024-09-22T23:53:35.373+0000] {logging_mixin.py:190} INFO - [2024-09-22T23:53:35.372+0000] {dag.py:3229} INFO - Sync 1 DAGs
[2024-09-22T23:53:35.429+0000] {logging_mixin.py:190} INFO - [2024-09-22T23:53:35.428+0000] {dag.py:4156} INFO - Setting next_dagrun for example_params_ui_tutorial to None, run_after=None
[2024-09-22T23:53:35.529+0000] {processor.py:208} INFO - Processing /home/airflow/.local/lib/python3.12/site-packages/airflow/example_dags/example_params_ui_tutorial.py took 0.649 seconds
[2024-09-22T23:54:06.203+0000] {processor.py:186} INFO - Started process (PID=978) to work on /home/airflow/.local/lib/python3.12/site-packages/airflow/example_dags/example_params_ui_tutorial.py
[2024-09-22T23:54:06.205+0000] {processor.py:914} INFO - Processing file /home/airflow/.local/lib/python3.12/site-packages/airflow/example_dags/example_params_ui_tutorial.py for tasks to queue
[2024-09-22T23:54:06.208+0000] {logging_mixin.py:190} INFO - [2024-09-22T23:54:06.208+0000] {dagbag.py:587} INFO - Filling up the DagBag from /home/airflow/.local/lib/python3.12/site-packages/airflow/example_dags/example_params_ui_tutorial.py
[2024-09-22T23:54:06.229+0000] {processor.py:925} INFO - DAG(s) 'example_params_ui_tutorial' retrieved from /home/airflow/.local/lib/python3.12/site-packages/airflow/example_dags/example_params_ui_tutorial.py
[2024-09-22T23:54:06.289+0000] {logging_mixin.py:190} INFO - [2024-09-22T23:54:06.289+0000] {dag.py:3229} INFO - Sync 1 DAGs
[2024-09-22T23:54:06.312+0000] {logging_mixin.py:190} INFO - [2024-09-22T23:54:06.312+0000] {dag.py:4156} INFO - Setting next_dagrun for example_params_ui_tutorial to None, run_after=None
[2024-09-22T23:54:06.342+0000] {processor.py:208} INFO - Processing /home/airflow/.local/lib/python3.12/site-packages/airflow/example_dags/example_params_ui_tutorial.py took 0.148 seconds
[2024-09-22T23:54:36.830+0000] {processor.py:186} INFO - Started process (PID=1041) to work on /home/airflow/.local/lib/python3.12/site-packages/airflow/example_dags/example_params_ui_tutorial.py
[2024-09-22T23:54:36.832+0000] {processor.py:914} INFO - Processing file /home/airflow/.local/lib/python3.12/site-packages/airflow/example_dags/example_params_ui_tutorial.py for tasks to queue
[2024-09-22T23:54:36.836+0000] {logging_mixin.py:190} INFO - [2024-09-22T23:54:36.835+0000] {dagbag.py:587} INFO - Filling up the DagBag from /home/airflow/.local/lib/python3.12/site-packages/airflow/example_dags/example_params_ui_tutorial.py
[2024-09-22T23:54:36.856+0000] {processor.py:925} INFO - DAG(s) 'example_params_ui_tutorial' retrieved from /home/airflow/.local/lib/python3.12/site-packages/airflow/example_dags/example_params_ui_tutorial.py
[2024-09-22T23:54:36.938+0000] {logging_mixin.py:190} INFO - [2024-09-22T23:54:36.938+0000] {dag.py:3229} INFO - Sync 1 DAGs
[2024-09-22T23:54:36.969+0000] {logging_mixin.py:190} INFO - [2024-09-22T23:54:36.968+0000] {dag.py:4156} INFO - Setting next_dagrun for example_params_ui_tutorial to None, run_after=None
[2024-09-22T23:54:37.004+0000] {processor.py:208} INFO - Processing /home/airflow/.local/lib/python3.12/site-packages/airflow/example_dags/example_params_ui_tutorial.py took 0.189 seconds
[2024-09-22T23:55:07.733+0000] {processor.py:186} INFO - Started process (PID=1104) to work on /home/airflow/.local/lib/python3.12/site-packages/airflow/example_dags/example_params_ui_tutorial.py
[2024-09-22T23:55:07.735+0000] {processor.py:914} INFO - Processing file /home/airflow/.local/lib/python3.12/site-packages/airflow/example_dags/example_params_ui_tutorial.py for tasks to queue
[2024-09-22T23:55:07.739+0000] {logging_mixin.py:190} INFO - [2024-09-22T23:55:07.738+0000] {dagbag.py:587} INFO - Filling up the DagBag from /home/airflow/.local/lib/python3.12/site-packages/airflow/example_dags/example_params_ui_tutorial.py
[2024-09-22T23:55:07.759+0000] {processor.py:925} INFO - DAG(s) 'example_params_ui_tutorial' retrieved from /home/airflow/.local/lib/python3.12/site-packages/airflow/example_dags/example_params_ui_tutorial.py
[2024-09-22T23:55:07.829+0000] {logging_mixin.py:190} INFO - [2024-09-22T23:55:07.829+0000] {dag.py:3229} INFO - Sync 1 DAGs
[2024-09-22T23:55:07.853+0000] {logging_mixin.py:190} INFO - [2024-09-22T23:55:07.853+0000] {dag.py:4156} INFO - Setting next_dagrun for example_params_ui_tutorial to None, run_after=None
[2024-09-22T23:55:07.879+0000] {processor.py:208} INFO - Processing /home/airflow/.local/lib/python3.12/site-packages/airflow/example_dags/example_params_ui_tutorial.py took 0.156 seconds
[2024-09-22T23:55:38.068+0000] {processor.py:186} INFO - Started process (PID=1166) to work on /home/airflow/.local/lib/python3.12/site-packages/airflow/example_dags/example_params_ui_tutorial.py
[2024-09-22T23:55:38.069+0000] {processor.py:914} INFO - Processing file /home/airflow/.local/lib/python3.12/site-packages/airflow/example_dags/example_params_ui_tutorial.py for tasks to queue
[2024-09-22T23:55:38.073+0000] {logging_mixin.py:190} INFO - [2024-09-22T23:55:38.073+0000] {dagbag.py:587} INFO - Filling up the DagBag from /home/airflow/.local/lib/python3.12/site-packages/airflow/example_dags/example_params_ui_tutorial.py
[2024-09-22T23:55:38.097+0000] {processor.py:925} INFO - DAG(s) 'example_params_ui_tutorial' retrieved from /home/airflow/.local/lib/python3.12/site-packages/airflow/example_dags/example_params_ui_tutorial.py
[2024-09-22T23:55:38.170+0000] {logging_mixin.py:190} INFO - [2024-09-22T23:55:38.170+0000] {dag.py:3229} INFO - Sync 1 DAGs
[2024-09-22T23:55:38.195+0000] {logging_mixin.py:190} INFO - [2024-09-22T23:55:38.195+0000] {dag.py:4156} INFO - Setting next_dagrun for example_params_ui_tutorial to None, run_after=None
[2024-09-22T23:55:38.221+0000] {processor.py:208} INFO - Processing /home/airflow/.local/lib/python3.12/site-packages/airflow/example_dags/example_params_ui_tutorial.py took 0.162 seconds
[2024-09-22T23:58:03.844+0000] {processor.py:186} INFO - Started process (PID=94) to work on /home/airflow/.local/lib/python3.12/site-packages/airflow/example_dags/example_params_ui_tutorial.py
[2024-09-22T23:58:03.849+0000] {processor.py:914} INFO - Processing file /home/airflow/.local/lib/python3.12/site-packages/airflow/example_dags/example_params_ui_tutorial.py for tasks to queue
[2024-09-22T23:58:03.856+0000] {logging_mixin.py:190} INFO - [2024-09-22T23:58:03.855+0000] {dagbag.py:587} INFO - Filling up the DagBag from /home/airflow/.local/lib/python3.12/site-packages/airflow/example_dags/example_params_ui_tutorial.py
[2024-09-22T23:58:03.883+0000] {processor.py:925} INFO - DAG(s) 'example_params_ui_tutorial' retrieved from /home/airflow/.local/lib/python3.12/site-packages/airflow/example_dags/example_params_ui_tutorial.py
[2024-09-22T23:58:03.984+0000] {logging_mixin.py:190} INFO - [2024-09-22T23:58:03.983+0000] {dag.py:3229} INFO - Sync 1 DAGs
[2024-09-22T23:58:04.014+0000] {logging_mixin.py:190} INFO - [2024-09-22T23:58:04.013+0000] {dag.py:4156} INFO - Setting next_dagrun for example_params_ui_tutorial to None, run_after=None
[2024-09-22T23:58:04.052+0000] {processor.py:208} INFO - Processing /home/airflow/.local/lib/python3.12/site-packages/airflow/example_dags/example_params_ui_tutorial.py took 0.222 seconds
[2024-09-22T23:58:34.600+0000] {processor.py:186} INFO - Started process (PID=157) to work on /home/airflow/.local/lib/python3.12/site-packages/airflow/example_dags/example_params_ui_tutorial.py
[2024-09-22T23:58:34.602+0000] {processor.py:914} INFO - Processing file /home/airflow/.local/lib/python3.12/site-packages/airflow/example_dags/example_params_ui_tutorial.py for tasks to queue
[2024-09-22T23:58:34.605+0000] {logging_mixin.py:190} INFO - [2024-09-22T23:58:34.605+0000] {dagbag.py:587} INFO - Filling up the DagBag from /home/airflow/.local/lib/python3.12/site-packages/airflow/example_dags/example_params_ui_tutorial.py
[2024-09-22T23:58:34.623+0000] {processor.py:925} INFO - DAG(s) 'example_params_ui_tutorial' retrieved from /home/airflow/.local/lib/python3.12/site-packages/airflow/example_dags/example_params_ui_tutorial.py
[2024-09-22T23:58:34.682+0000] {logging_mixin.py:190} INFO - [2024-09-22T23:58:34.681+0000] {dag.py:3229} INFO - Sync 1 DAGs
[2024-09-22T23:58:34.702+0000] {logging_mixin.py:190} INFO - [2024-09-22T23:58:34.701+0000] {dag.py:4156} INFO - Setting next_dagrun for example_params_ui_tutorial to None, run_after=None
[2024-09-22T23:58:34.727+0000] {processor.py:208} INFO - Processing /home/airflow/.local/lib/python3.12/site-packages/airflow/example_dags/example_params_ui_tutorial.py took 0.136 seconds
[2024-09-22T23:59:05.459+0000] {processor.py:186} INFO - Started process (PID=220) to work on /home/airflow/.local/lib/python3.12/site-packages/airflow/example_dags/example_params_ui_tutorial.py
[2024-09-22T23:59:05.461+0000] {processor.py:914} INFO - Processing file /home/airflow/.local/lib/python3.12/site-packages/airflow/example_dags/example_params_ui_tutorial.py for tasks to queue
[2024-09-22T23:59:05.464+0000] {logging_mixin.py:190} INFO - [2024-09-22T23:59:05.464+0000] {dagbag.py:587} INFO - Filling up the DagBag from /home/airflow/.local/lib/python3.12/site-packages/airflow/example_dags/example_params_ui_tutorial.py
[2024-09-22T23:59:05.482+0000] {processor.py:925} INFO - DAG(s) 'example_params_ui_tutorial' retrieved from /home/airflow/.local/lib/python3.12/site-packages/airflow/example_dags/example_params_ui_tutorial.py
[2024-09-22T23:59:05.538+0000] {logging_mixin.py:190} INFO - [2024-09-22T23:59:05.537+0000] {dag.py:3229} INFO - Sync 1 DAGs
[2024-09-22T23:59:05.557+0000] {logging_mixin.py:190} INFO - [2024-09-22T23:59:05.556+0000] {dag.py:4156} INFO - Setting next_dagrun for example_params_ui_tutorial to None, run_after=None
[2024-09-22T23:59:05.581+0000] {processor.py:208} INFO - Processing /home/airflow/.local/lib/python3.12/site-packages/airflow/example_dags/example_params_ui_tutorial.py took 0.132 seconds
[2024-09-22T23:59:36.080+0000] {processor.py:186} INFO - Started process (PID=283) to work on /home/airflow/.local/lib/python3.12/site-packages/airflow/example_dags/example_params_ui_tutorial.py
[2024-09-22T23:59:36.082+0000] {processor.py:914} INFO - Processing file /home/airflow/.local/lib/python3.12/site-packages/airflow/example_dags/example_params_ui_tutorial.py for tasks to queue
[2024-09-22T23:59:36.086+0000] {logging_mixin.py:190} INFO - [2024-09-22T23:59:36.085+0000] {dagbag.py:587} INFO - Filling up the DagBag from /home/airflow/.local/lib/python3.12/site-packages/airflow/example_dags/example_params_ui_tutorial.py
[2024-09-22T23:59:36.104+0000] {processor.py:925} INFO - DAG(s) 'example_params_ui_tutorial' retrieved from /home/airflow/.local/lib/python3.12/site-packages/airflow/example_dags/example_params_ui_tutorial.py
[2024-09-22T23:59:36.163+0000] {logging_mixin.py:190} INFO - [2024-09-22T23:59:36.163+0000] {dag.py:3229} INFO - Sync 1 DAGs
[2024-09-22T23:59:36.183+0000] {logging_mixin.py:190} INFO - [2024-09-22T23:59:36.182+0000] {dag.py:4156} INFO - Setting next_dagrun for example_params_ui_tutorial to None, run_after=None
[2024-09-22T23:59:36.208+0000] {processor.py:208} INFO - Processing /home/airflow/.local/lib/python3.12/site-packages/airflow/example_dags/example_params_ui_tutorial.py took 0.138 seconds
