[2024-09-22T23:26:27.623+0000] {processor.py:186} INFO - Started process (PID=110) to work on /home/airflow/.local/lib/python3.12/site-packages/airflow/example_dags/example_dag_decorator.py
[2024-09-22T23:26:27.625+0000] {processor.py:914} INFO - Processing file /home/airflow/.local/lib/python3.12/site-packages/airflow/example_dags/example_dag_decorator.py for tasks to queue
[2024-09-22T23:26:27.629+0000] {logging_mixin.py:190} INFO - [2024-09-22T23:26:27.628+0000] {dagbag.py:587} INFO - Filling up the DagBag from /home/airflow/.local/lib/python3.12/site-packages/airflow/example_dags/example_dag_decorator.py
[2024-09-22T23:26:27.673+0000] {processor.py:925} INFO - DAG(s) 'example_dag_decorator' retrieved from /home/airflow/.local/lib/python3.12/site-packages/airflow/example_dags/example_dag_decorator.py
[2024-09-22T23:26:27.849+0000] {logging_mixin.py:190} INFO - [2024-09-22T23:26:27.848+0000] {override.py:1900} INFO - Created Permission View: can edit on DAG:example_dag_decorator
[2024-09-22T23:26:27.864+0000] {logging_mixin.py:190} INFO - [2024-09-22T23:26:27.863+0000] {override.py:1900} INFO - Created Permission View: can read on DAG:example_dag_decorator
[2024-09-22T23:26:27.872+0000] {logging_mixin.py:190} INFO - [2024-09-22T23:26:27.872+0000] {override.py:1900} INFO - Created Permission View: can delete on DAG:example_dag_decorator
[2024-09-22T23:26:27.882+0000] {logging_mixin.py:190} INFO - [2024-09-22T23:26:27.882+0000] {override.py:1900} INFO - Created Permission View: can create on DAG Run:example_dag_decorator
[2024-09-22T23:26:27.891+0000] {logging_mixin.py:190} INFO - [2024-09-22T23:26:27.891+0000] {override.py:1900} INFO - Created Permission View: menu access on DAG Run:example_dag_decorator
[2024-09-22T23:26:27.898+0000] {logging_mixin.py:190} INFO - [2024-09-22T23:26:27.898+0000] {override.py:1900} INFO - Created Permission View: can read on DAG Run:example_dag_decorator
[2024-09-22T23:26:27.906+0000] {logging_mixin.py:190} INFO - [2024-09-22T23:26:27.906+0000] {override.py:1900} INFO - Created Permission View: can delete on DAG Run:example_dag_decorator
[2024-09-22T23:26:27.907+0000] {logging_mixin.py:190} INFO - [2024-09-22T23:26:27.906+0000] {dag.py:3229} INFO - Sync 1 DAGs
[2024-09-22T23:26:27.922+0000] {logging_mixin.py:190} INFO - [2024-09-22T23:26:27.922+0000] {dag.py:3252} INFO - Creating ORM DAG for example_dag_decorator
[2024-09-22T23:26:27.923+0000] {logging_mixin.py:190} INFO - [2024-09-22T23:26:27.923+0000] {dag.py:4156} INFO - Setting next_dagrun for example_dag_decorator to None, run_after=None
[2024-09-22T23:26:27.943+0000] {processor.py:208} INFO - Processing /home/airflow/.local/lib/python3.12/site-packages/airflow/example_dags/example_dag_decorator.py took 0.329 seconds
[2024-09-22T23:26:57.993+0000] {processor.py:186} INFO - Started process (PID=171) to work on /home/airflow/.local/lib/python3.12/site-packages/airflow/example_dags/example_dag_decorator.py
[2024-09-22T23:26:57.994+0000] {processor.py:914} INFO - Processing file /home/airflow/.local/lib/python3.12/site-packages/airflow/example_dags/example_dag_decorator.py for tasks to queue
[2024-09-22T23:26:57.997+0000] {logging_mixin.py:190} INFO - [2024-09-22T23:26:57.997+0000] {dagbag.py:587} INFO - Filling up the DagBag from /home/airflow/.local/lib/python3.12/site-packages/airflow/example_dags/example_dag_decorator.py
[2024-09-22T23:26:58.023+0000] {processor.py:925} INFO - DAG(s) 'example_dag_decorator' retrieved from /home/airflow/.local/lib/python3.12/site-packages/airflow/example_dags/example_dag_decorator.py
[2024-09-22T23:26:58.057+0000] {logging_mixin.py:190} INFO - [2024-09-22T23:26:58.056+0000] {dag.py:3229} INFO - Sync 1 DAGs
[2024-09-22T23:26:58.078+0000] {logging_mixin.py:190} INFO - [2024-09-22T23:26:58.078+0000] {dag.py:4156} INFO - Setting next_dagrun for example_dag_decorator to None, run_after=None
[2024-09-22T23:26:58.104+0000] {processor.py:208} INFO - Processing /home/airflow/.local/lib/python3.12/site-packages/airflow/example_dags/example_dag_decorator.py took 0.120 seconds
[2024-09-22T23:27:29.041+0000] {processor.py:186} INFO - Started process (PID=233) to work on /home/airflow/.local/lib/python3.12/site-packages/airflow/example_dags/example_dag_decorator.py
[2024-09-22T23:27:29.043+0000] {processor.py:914} INFO - Processing file /home/airflow/.local/lib/python3.12/site-packages/airflow/example_dags/example_dag_decorator.py for tasks to queue
[2024-09-22T23:27:29.046+0000] {logging_mixin.py:190} INFO - [2024-09-22T23:27:29.046+0000] {dagbag.py:587} INFO - Filling up the DagBag from /home/airflow/.local/lib/python3.12/site-packages/airflow/example_dags/example_dag_decorator.py
[2024-09-22T23:27:29.069+0000] {processor.py:925} INFO - DAG(s) 'example_dag_decorator' retrieved from /home/airflow/.local/lib/python3.12/site-packages/airflow/example_dags/example_dag_decorator.py
[2024-09-22T23:27:29.101+0000] {logging_mixin.py:190} INFO - [2024-09-22T23:27:29.101+0000] {dag.py:3229} INFO - Sync 1 DAGs
[2024-09-22T23:27:29.124+0000] {logging_mixin.py:190} INFO - [2024-09-22T23:27:29.123+0000] {dag.py:4156} INFO - Setting next_dagrun for example_dag_decorator to None, run_after=None
[2024-09-22T23:27:29.147+0000] {processor.py:208} INFO - Processing /home/airflow/.local/lib/python3.12/site-packages/airflow/example_dags/example_dag_decorator.py took 0.115 seconds
[2024-09-22T23:27:59.533+0000] {processor.py:186} INFO - Started process (PID=295) to work on /home/airflow/.local/lib/python3.12/site-packages/airflow/example_dags/example_dag_decorator.py
[2024-09-22T23:27:59.535+0000] {processor.py:914} INFO - Processing file /home/airflow/.local/lib/python3.12/site-packages/airflow/example_dags/example_dag_decorator.py for tasks to queue
[2024-09-22T23:27:59.538+0000] {logging_mixin.py:190} INFO - [2024-09-22T23:27:59.537+0000] {dagbag.py:587} INFO - Filling up the DagBag from /home/airflow/.local/lib/python3.12/site-packages/airflow/example_dags/example_dag_decorator.py
[2024-09-22T23:27:59.559+0000] {processor.py:925} INFO - DAG(s) 'example_dag_decorator' retrieved from /home/airflow/.local/lib/python3.12/site-packages/airflow/example_dags/example_dag_decorator.py
[2024-09-22T23:27:59.592+0000] {logging_mixin.py:190} INFO - [2024-09-22T23:27:59.591+0000] {dag.py:3229} INFO - Sync 1 DAGs
[2024-09-22T23:27:59.613+0000] {logging_mixin.py:190} INFO - [2024-09-22T23:27:59.613+0000] {dag.py:4156} INFO - Setting next_dagrun for example_dag_decorator to None, run_after=None
[2024-09-22T23:27:59.639+0000] {processor.py:208} INFO - Processing /home/airflow/.local/lib/python3.12/site-packages/airflow/example_dags/example_dag_decorator.py took 0.114 seconds
[2024-09-22T23:28:30.843+0000] {processor.py:186} INFO - Started process (PID=363) to work on /home/airflow/.local/lib/python3.12/site-packages/airflow/example_dags/example_dag_decorator.py
[2024-09-22T23:28:30.845+0000] {processor.py:914} INFO - Processing file /home/airflow/.local/lib/python3.12/site-packages/airflow/example_dags/example_dag_decorator.py for tasks to queue
[2024-09-22T23:28:30.849+0000] {logging_mixin.py:190} INFO - [2024-09-22T23:28:30.849+0000] {dagbag.py:587} INFO - Filling up the DagBag from /home/airflow/.local/lib/python3.12/site-packages/airflow/example_dags/example_dag_decorator.py
[2024-09-22T23:28:30.880+0000] {processor.py:925} INFO - DAG(s) 'example_dag_decorator' retrieved from /home/airflow/.local/lib/python3.12/site-packages/airflow/example_dags/example_dag_decorator.py
[2024-09-22T23:28:30.917+0000] {logging_mixin.py:190} INFO - [2024-09-22T23:28:30.917+0000] {dag.py:3229} INFO - Sync 1 DAGs
[2024-09-22T23:28:30.940+0000] {logging_mixin.py:190} INFO - [2024-09-22T23:28:30.940+0000] {dag.py:4156} INFO - Setting next_dagrun for example_dag_decorator to None, run_after=None
[2024-09-22T23:28:30.966+0000] {processor.py:208} INFO - Processing /home/airflow/.local/lib/python3.12/site-packages/airflow/example_dags/example_dag_decorator.py took 0.136 seconds
[2024-09-22T23:29:01.406+0000] {processor.py:186} INFO - Started process (PID=425) to work on /home/airflow/.local/lib/python3.12/site-packages/airflow/example_dags/example_dag_decorator.py
[2024-09-22T23:29:01.407+0000] {processor.py:914} INFO - Processing file /home/airflow/.local/lib/python3.12/site-packages/airflow/example_dags/example_dag_decorator.py for tasks to queue
[2024-09-22T23:29:01.412+0000] {logging_mixin.py:190} INFO - [2024-09-22T23:29:01.411+0000] {dagbag.py:587} INFO - Filling up the DagBag from /home/airflow/.local/lib/python3.12/site-packages/airflow/example_dags/example_dag_decorator.py
[2024-09-22T23:29:01.443+0000] {processor.py:925} INFO - DAG(s) 'example_dag_decorator' retrieved from /home/airflow/.local/lib/python3.12/site-packages/airflow/example_dags/example_dag_decorator.py
[2024-09-22T23:29:01.629+0000] {logging_mixin.py:190} INFO - [2024-09-22T23:29:01.629+0000] {dag.py:3229} INFO - Sync 1 DAGs
[2024-09-22T23:29:01.647+0000] {logging_mixin.py:190} INFO - [2024-09-22T23:29:01.647+0000] {dag.py:4156} INFO - Setting next_dagrun for example_dag_decorator to None, run_after=None
[2024-09-22T23:29:01.676+0000] {processor.py:208} INFO - Processing /home/airflow/.local/lib/python3.12/site-packages/airflow/example_dags/example_dag_decorator.py took 0.281 seconds
[2024-09-22T23:29:31.934+0000] {processor.py:186} INFO - Started process (PID=487) to work on /home/airflow/.local/lib/python3.12/site-packages/airflow/example_dags/example_dag_decorator.py
[2024-09-22T23:29:31.937+0000] {processor.py:914} INFO - Processing file /home/airflow/.local/lib/python3.12/site-packages/airflow/example_dags/example_dag_decorator.py for tasks to queue
[2024-09-22T23:29:31.940+0000] {logging_mixin.py:190} INFO - [2024-09-22T23:29:31.940+0000] {dagbag.py:587} INFO - Filling up the DagBag from /home/airflow/.local/lib/python3.12/site-packages/airflow/example_dags/example_dag_decorator.py
[2024-09-22T23:29:31.967+0000] {processor.py:925} INFO - DAG(s) 'example_dag_decorator' retrieved from /home/airflow/.local/lib/python3.12/site-packages/airflow/example_dags/example_dag_decorator.py
[2024-09-22T23:29:32.145+0000] {logging_mixin.py:190} INFO - [2024-09-22T23:29:32.144+0000] {dag.py:3229} INFO - Sync 1 DAGs
[2024-09-22T23:29:32.162+0000] {logging_mixin.py:190} INFO - [2024-09-22T23:29:32.161+0000] {dag.py:4156} INFO - Setting next_dagrun for example_dag_decorator to None, run_after=None
[2024-09-22T23:29:32.185+0000] {processor.py:208} INFO - Processing /home/airflow/.local/lib/python3.12/site-packages/airflow/example_dags/example_dag_decorator.py took 0.262 seconds
[2024-09-22T23:30:02.939+0000] {processor.py:186} INFO - Started process (PID=550) to work on /home/airflow/.local/lib/python3.12/site-packages/airflow/example_dags/example_dag_decorator.py
[2024-09-22T23:30:02.941+0000] {processor.py:914} INFO - Processing file /home/airflow/.local/lib/python3.12/site-packages/airflow/example_dags/example_dag_decorator.py for tasks to queue
[2024-09-22T23:30:02.944+0000] {logging_mixin.py:190} INFO - [2024-09-22T23:30:02.944+0000] {dagbag.py:587} INFO - Filling up the DagBag from /home/airflow/.local/lib/python3.12/site-packages/airflow/example_dags/example_dag_decorator.py
[2024-09-22T23:30:02.970+0000] {processor.py:925} INFO - DAG(s) 'example_dag_decorator' retrieved from /home/airflow/.local/lib/python3.12/site-packages/airflow/example_dags/example_dag_decorator.py
[2024-09-22T23:30:03.164+0000] {logging_mixin.py:190} INFO - [2024-09-22T23:30:03.164+0000] {dag.py:3229} INFO - Sync 1 DAGs
[2024-09-22T23:30:03.190+0000] {logging_mixin.py:190} INFO - [2024-09-22T23:30:03.189+0000] {dag.py:4156} INFO - Setting next_dagrun for example_dag_decorator to None, run_after=None
[2024-09-22T23:30:03.225+0000] {processor.py:208} INFO - Processing /home/airflow/.local/lib/python3.12/site-packages/airflow/example_dags/example_dag_decorator.py took 0.297 seconds
[2024-09-22T23:30:34.069+0000] {processor.py:186} INFO - Started process (PID=612) to work on /home/airflow/.local/lib/python3.12/site-packages/airflow/example_dags/example_dag_decorator.py
[2024-09-22T23:30:34.071+0000] {processor.py:914} INFO - Processing file /home/airflow/.local/lib/python3.12/site-packages/airflow/example_dags/example_dag_decorator.py for tasks to queue
[2024-09-22T23:30:34.074+0000] {logging_mixin.py:190} INFO - [2024-09-22T23:30:34.074+0000] {dagbag.py:587} INFO - Filling up the DagBag from /home/airflow/.local/lib/python3.12/site-packages/airflow/example_dags/example_dag_decorator.py
[2024-09-22T23:30:34.097+0000] {processor.py:925} INFO - DAG(s) 'example_dag_decorator' retrieved from /home/airflow/.local/lib/python3.12/site-packages/airflow/example_dags/example_dag_decorator.py
[2024-09-22T23:30:34.321+0000] {logging_mixin.py:190} INFO - [2024-09-22T23:30:34.320+0000] {dag.py:3229} INFO - Sync 1 DAGs
[2024-09-22T23:30:34.347+0000] {logging_mixin.py:190} INFO - [2024-09-22T23:30:34.347+0000] {dag.py:4156} INFO - Setting next_dagrun for example_dag_decorator to None, run_after=None
[2024-09-22T23:30:34.384+0000] {processor.py:208} INFO - Processing /home/airflow/.local/lib/python3.12/site-packages/airflow/example_dags/example_dag_decorator.py took 0.324 seconds
[2024-09-22T23:31:05.188+0000] {processor.py:186} INFO - Started process (PID=674) to work on /home/airflow/.local/lib/python3.12/site-packages/airflow/example_dags/example_dag_decorator.py
[2024-09-22T23:31:05.190+0000] {processor.py:914} INFO - Processing file /home/airflow/.local/lib/python3.12/site-packages/airflow/example_dags/example_dag_decorator.py for tasks to queue
[2024-09-22T23:31:05.195+0000] {logging_mixin.py:190} INFO - [2024-09-22T23:31:05.194+0000] {dagbag.py:587} INFO - Filling up the DagBag from /home/airflow/.local/lib/python3.12/site-packages/airflow/example_dags/example_dag_decorator.py
[2024-09-22T23:31:05.237+0000] {processor.py:925} INFO - DAG(s) 'example_dag_decorator' retrieved from /home/airflow/.local/lib/python3.12/site-packages/airflow/example_dags/example_dag_decorator.py
[2024-09-22T23:31:05.489+0000] {logging_mixin.py:190} INFO - [2024-09-22T23:31:05.488+0000] {dag.py:3229} INFO - Sync 1 DAGs
[2024-09-22T23:31:05.513+0000] {logging_mixin.py:190} INFO - [2024-09-22T23:31:05.512+0000] {dag.py:4156} INFO - Setting next_dagrun for example_dag_decorator to None, run_after=None
[2024-09-22T23:31:05.546+0000] {processor.py:208} INFO - Processing /home/airflow/.local/lib/python3.12/site-packages/airflow/example_dags/example_dag_decorator.py took 0.371 seconds
[2024-09-22T23:31:36.209+0000] {processor.py:186} INFO - Started process (PID=736) to work on /home/airflow/.local/lib/python3.12/site-packages/airflow/example_dags/example_dag_decorator.py
[2024-09-22T23:31:36.211+0000] {processor.py:914} INFO - Processing file /home/airflow/.local/lib/python3.12/site-packages/airflow/example_dags/example_dag_decorator.py for tasks to queue
[2024-09-22T23:31:36.215+0000] {logging_mixin.py:190} INFO - [2024-09-22T23:31:36.214+0000] {dagbag.py:587} INFO - Filling up the DagBag from /home/airflow/.local/lib/python3.12/site-packages/airflow/example_dags/example_dag_decorator.py
[2024-09-22T23:31:36.238+0000] {processor.py:925} INFO - DAG(s) 'example_dag_decorator' retrieved from /home/airflow/.local/lib/python3.12/site-packages/airflow/example_dags/example_dag_decorator.py
[2024-09-22T23:31:36.424+0000] {logging_mixin.py:190} INFO - [2024-09-22T23:31:36.424+0000] {dag.py:3229} INFO - Sync 1 DAGs
[2024-09-22T23:31:36.442+0000] {logging_mixin.py:190} INFO - [2024-09-22T23:31:36.442+0000] {dag.py:4156} INFO - Setting next_dagrun for example_dag_decorator to None, run_after=None
[2024-09-22T23:31:36.472+0000] {processor.py:208} INFO - Processing /home/airflow/.local/lib/python3.12/site-packages/airflow/example_dags/example_dag_decorator.py took 0.271 seconds
[2024-09-22T23:32:07.800+0000] {processor.py:186} INFO - Started process (PID=799) to work on /home/airflow/.local/lib/python3.12/site-packages/airflow/example_dags/example_dag_decorator.py
[2024-09-22T23:32:07.801+0000] {processor.py:914} INFO - Processing file /home/airflow/.local/lib/python3.12/site-packages/airflow/example_dags/example_dag_decorator.py for tasks to queue
[2024-09-22T23:32:07.804+0000] {logging_mixin.py:190} INFO - [2024-09-22T23:32:07.804+0000] {dagbag.py:587} INFO - Filling up the DagBag from /home/airflow/.local/lib/python3.12/site-packages/airflow/example_dags/example_dag_decorator.py
[2024-09-22T23:32:07.828+0000] {processor.py:925} INFO - DAG(s) 'example_dag_decorator' retrieved from /home/airflow/.local/lib/python3.12/site-packages/airflow/example_dags/example_dag_decorator.py
[2024-09-22T23:32:08.050+0000] {logging_mixin.py:190} INFO - [2024-09-22T23:32:08.049+0000] {dag.py:3229} INFO - Sync 1 DAGs
[2024-09-22T23:32:08.070+0000] {logging_mixin.py:190} INFO - [2024-09-22T23:32:08.069+0000] {dag.py:4156} INFO - Setting next_dagrun for example_dag_decorator to None, run_after=None
[2024-09-22T23:32:08.098+0000] {processor.py:208} INFO - Processing /home/airflow/.local/lib/python3.12/site-packages/airflow/example_dags/example_dag_decorator.py took 0.309 seconds
[2024-09-22T23:32:38.520+0000] {processor.py:186} INFO - Started process (PID=862) to work on /home/airflow/.local/lib/python3.12/site-packages/airflow/example_dags/example_dag_decorator.py
[2024-09-22T23:32:38.523+0000] {processor.py:914} INFO - Processing file /home/airflow/.local/lib/python3.12/site-packages/airflow/example_dags/example_dag_decorator.py for tasks to queue
[2024-09-22T23:32:38.526+0000] {logging_mixin.py:190} INFO - [2024-09-22T23:32:38.525+0000] {dagbag.py:587} INFO - Filling up the DagBag from /home/airflow/.local/lib/python3.12/site-packages/airflow/example_dags/example_dag_decorator.py
[2024-09-22T23:32:38.548+0000] {processor.py:925} INFO - DAG(s) 'example_dag_decorator' retrieved from /home/airflow/.local/lib/python3.12/site-packages/airflow/example_dags/example_dag_decorator.py
[2024-09-22T23:32:38.724+0000] {logging_mixin.py:190} INFO - [2024-09-22T23:32:38.723+0000] {dag.py:3229} INFO - Sync 1 DAGs
[2024-09-22T23:32:38.742+0000] {logging_mixin.py:190} INFO - [2024-09-22T23:32:38.742+0000] {dag.py:4156} INFO - Setting next_dagrun for example_dag_decorator to None, run_after=None
[2024-09-22T23:32:38.767+0000] {processor.py:208} INFO - Processing /home/airflow/.local/lib/python3.12/site-packages/airflow/example_dags/example_dag_decorator.py took 0.259 seconds
[2024-09-22T23:33:09.706+0000] {processor.py:186} INFO - Started process (PID=925) to work on /home/airflow/.local/lib/python3.12/site-packages/airflow/example_dags/example_dag_decorator.py
[2024-09-22T23:33:09.708+0000] {processor.py:914} INFO - Processing file /home/airflow/.local/lib/python3.12/site-packages/airflow/example_dags/example_dag_decorator.py for tasks to queue
[2024-09-22T23:33:09.712+0000] {logging_mixin.py:190} INFO - [2024-09-22T23:33:09.711+0000] {dagbag.py:587} INFO - Filling up the DagBag from /home/airflow/.local/lib/python3.12/site-packages/airflow/example_dags/example_dag_decorator.py
[2024-09-22T23:33:09.734+0000] {processor.py:925} INFO - DAG(s) 'example_dag_decorator' retrieved from /home/airflow/.local/lib/python3.12/site-packages/airflow/example_dags/example_dag_decorator.py
[2024-09-22T23:33:09.926+0000] {logging_mixin.py:190} INFO - [2024-09-22T23:33:09.926+0000] {dag.py:3229} INFO - Sync 1 DAGs
[2024-09-22T23:33:09.942+0000] {logging_mixin.py:190} INFO - [2024-09-22T23:33:09.942+0000] {dag.py:4156} INFO - Setting next_dagrun for example_dag_decorator to None, run_after=None
[2024-09-22T23:33:09.969+0000] {processor.py:208} INFO - Processing /home/airflow/.local/lib/python3.12/site-packages/airflow/example_dags/example_dag_decorator.py took 0.272 seconds
[2024-09-22T23:33:40.804+0000] {processor.py:186} INFO - Started process (PID=987) to work on /home/airflow/.local/lib/python3.12/site-packages/airflow/example_dags/example_dag_decorator.py
[2024-09-22T23:33:40.806+0000] {processor.py:914} INFO - Processing file /home/airflow/.local/lib/python3.12/site-packages/airflow/example_dags/example_dag_decorator.py for tasks to queue
[2024-09-22T23:33:40.809+0000] {logging_mixin.py:190} INFO - [2024-09-22T23:33:40.809+0000] {dagbag.py:587} INFO - Filling up the DagBag from /home/airflow/.local/lib/python3.12/site-packages/airflow/example_dags/example_dag_decorator.py
[2024-09-22T23:33:40.831+0000] {processor.py:925} INFO - DAG(s) 'example_dag_decorator' retrieved from /home/airflow/.local/lib/python3.12/site-packages/airflow/example_dags/example_dag_decorator.py
[2024-09-22T23:33:41.013+0000] {logging_mixin.py:190} INFO - [2024-09-22T23:33:41.012+0000] {dag.py:3229} INFO - Sync 1 DAGs
[2024-09-22T23:33:41.029+0000] {logging_mixin.py:190} INFO - [2024-09-22T23:33:41.028+0000] {dag.py:4156} INFO - Setting next_dagrun for example_dag_decorator to None, run_after=None
[2024-09-22T23:33:41.052+0000] {processor.py:208} INFO - Processing /home/airflow/.local/lib/python3.12/site-packages/airflow/example_dags/example_dag_decorator.py took 0.258 seconds
[2024-09-22T23:34:12.142+0000] {processor.py:186} INFO - Started process (PID=1050) to work on /home/airflow/.local/lib/python3.12/site-packages/airflow/example_dags/example_dag_decorator.py
[2024-09-22T23:34:12.143+0000] {processor.py:914} INFO - Processing file /home/airflow/.local/lib/python3.12/site-packages/airflow/example_dags/example_dag_decorator.py for tasks to queue
[2024-09-22T23:34:12.146+0000] {logging_mixin.py:190} INFO - [2024-09-22T23:34:12.145+0000] {dagbag.py:587} INFO - Filling up the DagBag from /home/airflow/.local/lib/python3.12/site-packages/airflow/example_dags/example_dag_decorator.py
[2024-09-22T23:34:12.167+0000] {processor.py:925} INFO - DAG(s) 'example_dag_decorator' retrieved from /home/airflow/.local/lib/python3.12/site-packages/airflow/example_dags/example_dag_decorator.py
[2024-09-22T23:34:12.345+0000] {logging_mixin.py:190} INFO - [2024-09-22T23:34:12.344+0000] {dag.py:3229} INFO - Sync 1 DAGs
[2024-09-22T23:34:12.361+0000] {logging_mixin.py:190} INFO - [2024-09-22T23:34:12.360+0000] {dag.py:4156} INFO - Setting next_dagrun for example_dag_decorator to None, run_after=None
[2024-09-22T23:34:12.383+0000] {processor.py:208} INFO - Processing /home/airflow/.local/lib/python3.12/site-packages/airflow/example_dags/example_dag_decorator.py took 0.250 seconds
[2024-09-22T23:34:43.494+0000] {processor.py:186} INFO - Started process (PID=1113) to work on /home/airflow/.local/lib/python3.12/site-packages/airflow/example_dags/example_dag_decorator.py
[2024-09-22T23:34:43.496+0000] {processor.py:914} INFO - Processing file /home/airflow/.local/lib/python3.12/site-packages/airflow/example_dags/example_dag_decorator.py for tasks to queue
[2024-09-22T23:34:43.500+0000] {logging_mixin.py:190} INFO - [2024-09-22T23:34:43.499+0000] {dagbag.py:587} INFO - Filling up the DagBag from /home/airflow/.local/lib/python3.12/site-packages/airflow/example_dags/example_dag_decorator.py
[2024-09-22T23:34:43.523+0000] {processor.py:925} INFO - DAG(s) 'example_dag_decorator' retrieved from /home/airflow/.local/lib/python3.12/site-packages/airflow/example_dags/example_dag_decorator.py
[2024-09-22T23:34:43.708+0000] {logging_mixin.py:190} INFO - [2024-09-22T23:34:43.707+0000] {dag.py:3229} INFO - Sync 1 DAGs
[2024-09-22T23:34:43.726+0000] {logging_mixin.py:190} INFO - [2024-09-22T23:34:43.725+0000] {dag.py:4156} INFO - Setting next_dagrun for example_dag_decorator to None, run_after=None
[2024-09-22T23:34:43.756+0000] {processor.py:208} INFO - Processing /home/airflow/.local/lib/python3.12/site-packages/airflow/example_dags/example_dag_decorator.py took 0.273 seconds
[2024-09-22T23:35:14.721+0000] {processor.py:186} INFO - Started process (PID=1176) to work on /home/airflow/.local/lib/python3.12/site-packages/airflow/example_dags/example_dag_decorator.py
[2024-09-22T23:35:14.723+0000] {processor.py:914} INFO - Processing file /home/airflow/.local/lib/python3.12/site-packages/airflow/example_dags/example_dag_decorator.py for tasks to queue
[2024-09-22T23:35:14.727+0000] {logging_mixin.py:190} INFO - [2024-09-22T23:35:14.727+0000] {dagbag.py:587} INFO - Filling up the DagBag from /home/airflow/.local/lib/python3.12/site-packages/airflow/example_dags/example_dag_decorator.py
[2024-09-22T23:35:14.757+0000] {processor.py:925} INFO - DAG(s) 'example_dag_decorator' retrieved from /home/airflow/.local/lib/python3.12/site-packages/airflow/example_dags/example_dag_decorator.py
[2024-09-22T23:35:14.948+0000] {logging_mixin.py:190} INFO - [2024-09-22T23:35:14.948+0000] {dag.py:3229} INFO - Sync 1 DAGs
[2024-09-22T23:35:14.970+0000] {logging_mixin.py:190} INFO - [2024-09-22T23:35:14.969+0000] {dag.py:4156} INFO - Setting next_dagrun for example_dag_decorator to None, run_after=None
[2024-09-22T23:35:15.003+0000] {processor.py:208} INFO - Processing /home/airflow/.local/lib/python3.12/site-packages/airflow/example_dags/example_dag_decorator.py took 0.294 seconds
[2024-09-22T23:35:45.931+0000] {processor.py:186} INFO - Started process (PID=1239) to work on /home/airflow/.local/lib/python3.12/site-packages/airflow/example_dags/example_dag_decorator.py
[2024-09-22T23:35:45.933+0000] {processor.py:914} INFO - Processing file /home/airflow/.local/lib/python3.12/site-packages/airflow/example_dags/example_dag_decorator.py for tasks to queue
[2024-09-22T23:35:45.937+0000] {logging_mixin.py:190} INFO - [2024-09-22T23:35:45.936+0000] {dagbag.py:587} INFO - Filling up the DagBag from /home/airflow/.local/lib/python3.12/site-packages/airflow/example_dags/example_dag_decorator.py
[2024-09-22T23:35:45.959+0000] {processor.py:925} INFO - DAG(s) 'example_dag_decorator' retrieved from /home/airflow/.local/lib/python3.12/site-packages/airflow/example_dags/example_dag_decorator.py
[2024-09-22T23:35:46.153+0000] {logging_mixin.py:190} INFO - [2024-09-22T23:35:46.152+0000] {dag.py:3229} INFO - Sync 1 DAGs
[2024-09-22T23:35:46.450+0000] {logging_mixin.py:190} INFO - [2024-09-22T23:35:46.450+0000] {dag.py:4156} INFO - Setting next_dagrun for example_dag_decorator to None, run_after=None
[2024-09-22T23:35:46.474+0000] {processor.py:208} INFO - Processing /home/airflow/.local/lib/python3.12/site-packages/airflow/example_dags/example_dag_decorator.py took 0.552 seconds
[2024-09-22T23:36:17.260+0000] {processor.py:186} INFO - Started process (PID=1302) to work on /home/airflow/.local/lib/python3.12/site-packages/airflow/example_dags/example_dag_decorator.py
[2024-09-22T23:36:17.262+0000] {processor.py:914} INFO - Processing file /home/airflow/.local/lib/python3.12/site-packages/airflow/example_dags/example_dag_decorator.py for tasks to queue
[2024-09-22T23:36:17.266+0000] {logging_mixin.py:190} INFO - [2024-09-22T23:36:17.265+0000] {dagbag.py:587} INFO - Filling up the DagBag from /home/airflow/.local/lib/python3.12/site-packages/airflow/example_dags/example_dag_decorator.py
[2024-09-22T23:36:17.289+0000] {processor.py:925} INFO - DAG(s) 'example_dag_decorator' retrieved from /home/airflow/.local/lib/python3.12/site-packages/airflow/example_dags/example_dag_decorator.py
[2024-09-22T23:36:17.476+0000] {logging_mixin.py:190} INFO - [2024-09-22T23:36:17.476+0000] {dag.py:3229} INFO - Sync 1 DAGs
[2024-09-22T23:36:17.768+0000] {logging_mixin.py:190} INFO - [2024-09-22T23:36:17.768+0000] {dag.py:4156} INFO - Setting next_dagrun for example_dag_decorator to None, run_after=None
[2024-09-22T23:36:17.791+0000] {processor.py:208} INFO - Processing /home/airflow/.local/lib/python3.12/site-packages/airflow/example_dags/example_dag_decorator.py took 0.540 seconds
[2024-09-22T23:36:48.387+0000] {processor.py:186} INFO - Started process (PID=1366) to work on /home/airflow/.local/lib/python3.12/site-packages/airflow/example_dags/example_dag_decorator.py
[2024-09-22T23:36:48.389+0000] {processor.py:914} INFO - Processing file /home/airflow/.local/lib/python3.12/site-packages/airflow/example_dags/example_dag_decorator.py for tasks to queue
[2024-09-22T23:36:48.392+0000] {logging_mixin.py:190} INFO - [2024-09-22T23:36:48.392+0000] {dagbag.py:587} INFO - Filling up the DagBag from /home/airflow/.local/lib/python3.12/site-packages/airflow/example_dags/example_dag_decorator.py
[2024-09-22T23:36:48.416+0000] {processor.py:925} INFO - DAG(s) 'example_dag_decorator' retrieved from /home/airflow/.local/lib/python3.12/site-packages/airflow/example_dags/example_dag_decorator.py
[2024-09-22T23:36:48.585+0000] {logging_mixin.py:190} INFO - [2024-09-22T23:36:48.584+0000] {dag.py:3229} INFO - Sync 1 DAGs
[2024-09-22T23:36:48.602+0000] {logging_mixin.py:190} INFO - [2024-09-22T23:36:48.602+0000] {dag.py:4156} INFO - Setting next_dagrun for example_dag_decorator to None, run_after=None
[2024-09-22T23:36:48.901+0000] {processor.py:208} INFO - Processing /home/airflow/.local/lib/python3.12/site-packages/airflow/example_dags/example_dag_decorator.py took 0.525 seconds
[2024-09-22T23:37:20.029+0000] {processor.py:186} INFO - Started process (PID=1430) to work on /home/airflow/.local/lib/python3.12/site-packages/airflow/example_dags/example_dag_decorator.py
[2024-09-22T23:37:20.031+0000] {processor.py:914} INFO - Processing file /home/airflow/.local/lib/python3.12/site-packages/airflow/example_dags/example_dag_decorator.py for tasks to queue
[2024-09-22T23:37:20.035+0000] {logging_mixin.py:190} INFO - [2024-09-22T23:37:20.035+0000] {dagbag.py:587} INFO - Filling up the DagBag from /home/airflow/.local/lib/python3.12/site-packages/airflow/example_dags/example_dag_decorator.py
[2024-09-22T23:37:20.066+0000] {processor.py:925} INFO - DAG(s) 'example_dag_decorator' retrieved from /home/airflow/.local/lib/python3.12/site-packages/airflow/example_dags/example_dag_decorator.py
[2024-09-22T23:37:20.328+0000] {logging_mixin.py:190} INFO - [2024-09-22T23:37:20.328+0000] {dag.py:3229} INFO - Sync 1 DAGs
[2024-09-22T23:37:20.352+0000] {logging_mixin.py:190} INFO - [2024-09-22T23:37:20.351+0000] {dag.py:4156} INFO - Setting next_dagrun for example_dag_decorator to None, run_after=None
[2024-09-22T23:37:20.388+0000] {processor.py:208} INFO - Processing /home/airflow/.local/lib/python3.12/site-packages/airflow/example_dags/example_dag_decorator.py took 0.372 seconds
[2024-09-22T23:37:51.323+0000] {processor.py:186} INFO - Started process (PID=1493) to work on /home/airflow/.local/lib/python3.12/site-packages/airflow/example_dags/example_dag_decorator.py
[2024-09-22T23:37:51.325+0000] {processor.py:914} INFO - Processing file /home/airflow/.local/lib/python3.12/site-packages/airflow/example_dags/example_dag_decorator.py for tasks to queue
[2024-09-22T23:37:51.330+0000] {logging_mixin.py:190} INFO - [2024-09-22T23:37:51.329+0000] {dagbag.py:587} INFO - Filling up the DagBag from /home/airflow/.local/lib/python3.12/site-packages/airflow/example_dags/example_dag_decorator.py
[2024-09-22T23:37:51.362+0000] {processor.py:925} INFO - DAG(s) 'example_dag_decorator' retrieved from /home/airflow/.local/lib/python3.12/site-packages/airflow/example_dags/example_dag_decorator.py
[2024-09-22T23:37:51.614+0000] {logging_mixin.py:190} INFO - [2024-09-22T23:37:51.614+0000] {dag.py:3229} INFO - Sync 1 DAGs
[2024-09-22T23:37:51.638+0000] {logging_mixin.py:190} INFO - [2024-09-22T23:37:51.637+0000] {dag.py:4156} INFO - Setting next_dagrun for example_dag_decorator to None, run_after=None
[2024-09-22T23:37:51.670+0000] {processor.py:208} INFO - Processing /home/airflow/.local/lib/python3.12/site-packages/airflow/example_dags/example_dag_decorator.py took 0.359 seconds
[2024-09-22T23:38:22.549+0000] {processor.py:186} INFO - Started process (PID=1556) to work on /home/airflow/.local/lib/python3.12/site-packages/airflow/example_dags/example_dag_decorator.py
[2024-09-22T23:38:22.550+0000] {processor.py:914} INFO - Processing file /home/airflow/.local/lib/python3.12/site-packages/airflow/example_dags/example_dag_decorator.py for tasks to queue
[2024-09-22T23:38:22.554+0000] {logging_mixin.py:190} INFO - [2024-09-22T23:38:22.553+0000] {dagbag.py:587} INFO - Filling up the DagBag from /home/airflow/.local/lib/python3.12/site-packages/airflow/example_dags/example_dag_decorator.py
[2024-09-22T23:38:22.575+0000] {processor.py:925} INFO - DAG(s) 'example_dag_decorator' retrieved from /home/airflow/.local/lib/python3.12/site-packages/airflow/example_dags/example_dag_decorator.py
[2024-09-22T23:38:23.019+0000] {logging_mixin.py:190} INFO - [2024-09-22T23:38:23.019+0000] {dag.py:3229} INFO - Sync 1 DAGs
[2024-09-22T23:38:23.036+0000] {logging_mixin.py:190} INFO - [2024-09-22T23:38:23.036+0000] {dag.py:4156} INFO - Setting next_dagrun for example_dag_decorator to None, run_after=None
[2024-09-22T23:38:23.060+0000] {processor.py:208} INFO - Processing /home/airflow/.local/lib/python3.12/site-packages/airflow/example_dags/example_dag_decorator.py took 0.520 seconds
[2024-09-22T23:38:53.332+0000] {processor.py:186} INFO - Started process (PID=1619) to work on /home/airflow/.local/lib/python3.12/site-packages/airflow/example_dags/example_dag_decorator.py
[2024-09-22T23:38:53.334+0000] {processor.py:914} INFO - Processing file /home/airflow/.local/lib/python3.12/site-packages/airflow/example_dags/example_dag_decorator.py for tasks to queue
[2024-09-22T23:38:53.338+0000] {logging_mixin.py:190} INFO - [2024-09-22T23:38:53.337+0000] {dagbag.py:587} INFO - Filling up the DagBag from /home/airflow/.local/lib/python3.12/site-packages/airflow/example_dags/example_dag_decorator.py
[2024-09-22T23:38:53.360+0000] {processor.py:925} INFO - DAG(s) 'example_dag_decorator' retrieved from /home/airflow/.local/lib/python3.12/site-packages/airflow/example_dags/example_dag_decorator.py
[2024-09-22T23:38:53.805+0000] {logging_mixin.py:190} INFO - [2024-09-22T23:38:53.804+0000] {dag.py:3229} INFO - Sync 1 DAGs
[2024-09-22T23:38:53.820+0000] {logging_mixin.py:190} INFO - [2024-09-22T23:38:53.820+0000] {dag.py:4156} INFO - Setting next_dagrun for example_dag_decorator to None, run_after=None
[2024-09-22T23:38:53.846+0000] {processor.py:208} INFO - Processing /home/airflow/.local/lib/python3.12/site-packages/airflow/example_dags/example_dag_decorator.py took 0.523 seconds
[2024-09-22T23:39:24.182+0000] {processor.py:186} INFO - Started process (PID=1684) to work on /home/airflow/.local/lib/python3.12/site-packages/airflow/example_dags/example_dag_decorator.py
[2024-09-22T23:39:24.184+0000] {processor.py:914} INFO - Processing file /home/airflow/.local/lib/python3.12/site-packages/airflow/example_dags/example_dag_decorator.py for tasks to queue
[2024-09-22T23:39:24.187+0000] {logging_mixin.py:190} INFO - [2024-09-22T23:39:24.186+0000] {dagbag.py:587} INFO - Filling up the DagBag from /home/airflow/.local/lib/python3.12/site-packages/airflow/example_dags/example_dag_decorator.py
[2024-09-22T23:39:24.209+0000] {processor.py:925} INFO - DAG(s) 'example_dag_decorator' retrieved from /home/airflow/.local/lib/python3.12/site-packages/airflow/example_dags/example_dag_decorator.py
[2024-09-22T23:39:24.380+0000] {logging_mixin.py:190} INFO - [2024-09-22T23:39:24.380+0000] {dag.py:3229} INFO - Sync 1 DAGs
[2024-09-22T23:39:24.661+0000] {logging_mixin.py:190} INFO - [2024-09-22T23:39:24.661+0000] {dag.py:4156} INFO - Setting next_dagrun for example_dag_decorator to None, run_after=None
[2024-09-22T23:39:24.685+0000] {processor.py:208} INFO - Processing /home/airflow/.local/lib/python3.12/site-packages/airflow/example_dags/example_dag_decorator.py took 0.512 seconds
[2024-09-22T23:39:55.927+0000] {processor.py:186} INFO - Started process (PID=1749) to work on /home/airflow/.local/lib/python3.12/site-packages/airflow/example_dags/example_dag_decorator.py
[2024-09-22T23:39:55.929+0000] {processor.py:914} INFO - Processing file /home/airflow/.local/lib/python3.12/site-packages/airflow/example_dags/example_dag_decorator.py for tasks to queue
[2024-09-22T23:39:55.932+0000] {logging_mixin.py:190} INFO - [2024-09-22T23:39:55.932+0000] {dagbag.py:587} INFO - Filling up the DagBag from /home/airflow/.local/lib/python3.12/site-packages/airflow/example_dags/example_dag_decorator.py
[2024-09-22T23:39:55.954+0000] {processor.py:925} INFO - DAG(s) 'example_dag_decorator' retrieved from /home/airflow/.local/lib/python3.12/site-packages/airflow/example_dags/example_dag_decorator.py
[2024-09-22T23:39:56.146+0000] {logging_mixin.py:190} INFO - [2024-09-22T23:39:56.145+0000] {dag.py:3229} INFO - Sync 1 DAGs
[2024-09-22T23:39:56.460+0000] {logging_mixin.py:190} INFO - [2024-09-22T23:39:56.459+0000] {dag.py:4156} INFO - Setting next_dagrun for example_dag_decorator to None, run_after=None
[2024-09-22T23:39:56.485+0000] {processor.py:208} INFO - Processing /home/airflow/.local/lib/python3.12/site-packages/airflow/example_dags/example_dag_decorator.py took 0.567 seconds
[2024-09-22T23:40:27.603+0000] {processor.py:186} INFO - Started process (PID=1815) to work on /home/airflow/.local/lib/python3.12/site-packages/airflow/example_dags/example_dag_decorator.py
[2024-09-22T23:40:27.605+0000] {processor.py:914} INFO - Processing file /home/airflow/.local/lib/python3.12/site-packages/airflow/example_dags/example_dag_decorator.py for tasks to queue
[2024-09-22T23:40:27.608+0000] {logging_mixin.py:190} INFO - [2024-09-22T23:40:27.607+0000] {dagbag.py:587} INFO - Filling up the DagBag from /home/airflow/.local/lib/python3.12/site-packages/airflow/example_dags/example_dag_decorator.py
[2024-09-22T23:40:27.631+0000] {processor.py:925} INFO - DAG(s) 'example_dag_decorator' retrieved from /home/airflow/.local/lib/python3.12/site-packages/airflow/example_dags/example_dag_decorator.py
[2024-09-22T23:40:28.161+0000] {logging_mixin.py:190} INFO - [2024-09-22T23:40:28.160+0000] {dag.py:3229} INFO - Sync 1 DAGs
[2024-09-22T23:40:28.189+0000] {logging_mixin.py:190} INFO - [2024-09-22T23:40:28.189+0000] {dag.py:4156} INFO - Setting next_dagrun for example_dag_decorator to None, run_after=None
[2024-09-22T23:40:28.223+0000] {processor.py:208} INFO - Processing /home/airflow/.local/lib/python3.12/site-packages/airflow/example_dags/example_dag_decorator.py took 0.629 seconds
[2024-09-22T23:40:58.307+0000] {processor.py:186} INFO - Started process (PID=1878) to work on /home/airflow/.local/lib/python3.12/site-packages/airflow/example_dags/example_dag_decorator.py
[2024-09-22T23:40:58.308+0000] {processor.py:914} INFO - Processing file /home/airflow/.local/lib/python3.12/site-packages/airflow/example_dags/example_dag_decorator.py for tasks to queue
[2024-09-22T23:40:58.312+0000] {logging_mixin.py:190} INFO - [2024-09-22T23:40:58.312+0000] {dagbag.py:587} INFO - Filling up the DagBag from /home/airflow/.local/lib/python3.12/site-packages/airflow/example_dags/example_dag_decorator.py
[2024-09-22T23:40:58.334+0000] {processor.py:925} INFO - DAG(s) 'example_dag_decorator' retrieved from /home/airflow/.local/lib/python3.12/site-packages/airflow/example_dags/example_dag_decorator.py
[2024-09-22T23:40:58.781+0000] {logging_mixin.py:190} INFO - [2024-09-22T23:40:58.781+0000] {dag.py:3229} INFO - Sync 1 DAGs
[2024-09-22T23:40:58.795+0000] {logging_mixin.py:190} INFO - [2024-09-22T23:40:58.795+0000] {dag.py:4156} INFO - Setting next_dagrun for example_dag_decorator to None, run_after=None
[2024-09-22T23:40:58.817+0000] {processor.py:208} INFO - Processing /home/airflow/.local/lib/python3.12/site-packages/airflow/example_dags/example_dag_decorator.py took 0.522 seconds
[2024-09-22T23:41:29.421+0000] {processor.py:186} INFO - Started process (PID=1941) to work on /home/airflow/.local/lib/python3.12/site-packages/airflow/example_dags/example_dag_decorator.py
[2024-09-22T23:41:29.423+0000] {processor.py:914} INFO - Processing file /home/airflow/.local/lib/python3.12/site-packages/airflow/example_dags/example_dag_decorator.py for tasks to queue
[2024-09-22T23:41:29.426+0000] {logging_mixin.py:190} INFO - [2024-09-22T23:41:29.426+0000] {dagbag.py:587} INFO - Filling up the DagBag from /home/airflow/.local/lib/python3.12/site-packages/airflow/example_dags/example_dag_decorator.py
[2024-09-22T23:41:29.448+0000] {processor.py:925} INFO - DAG(s) 'example_dag_decorator' retrieved from /home/airflow/.local/lib/python3.12/site-packages/airflow/example_dags/example_dag_decorator.py
[2024-09-22T23:41:29.890+0000] {logging_mixin.py:190} INFO - [2024-09-22T23:41:29.890+0000] {dag.py:3229} INFO - Sync 1 DAGs
[2024-09-22T23:41:29.905+0000] {logging_mixin.py:190} INFO - [2024-09-22T23:41:29.904+0000] {dag.py:4156} INFO - Setting next_dagrun for example_dag_decorator to None, run_after=None
[2024-09-22T23:41:29.926+0000] {processor.py:208} INFO - Processing /home/airflow/.local/lib/python3.12/site-packages/airflow/example_dags/example_dag_decorator.py took 0.514 seconds
[2024-09-22T23:42:00.635+0000] {processor.py:186} INFO - Started process (PID=2004) to work on /home/airflow/.local/lib/python3.12/site-packages/airflow/example_dags/example_dag_decorator.py
[2024-09-22T23:42:00.637+0000] {processor.py:914} INFO - Processing file /home/airflow/.local/lib/python3.12/site-packages/airflow/example_dags/example_dag_decorator.py for tasks to queue
[2024-09-22T23:42:00.640+0000] {logging_mixin.py:190} INFO - [2024-09-22T23:42:00.640+0000] {dagbag.py:587} INFO - Filling up the DagBag from /home/airflow/.local/lib/python3.12/site-packages/airflow/example_dags/example_dag_decorator.py
[2024-09-22T23:42:00.663+0000] {processor.py:925} INFO - DAG(s) 'example_dag_decorator' retrieved from /home/airflow/.local/lib/python3.12/site-packages/airflow/example_dags/example_dag_decorator.py
[2024-09-22T23:42:01.111+0000] {logging_mixin.py:190} INFO - [2024-09-22T23:42:01.110+0000] {dag.py:3229} INFO - Sync 1 DAGs
[2024-09-22T23:42:01.124+0000] {logging_mixin.py:190} INFO - [2024-09-22T23:42:01.124+0000] {dag.py:4156} INFO - Setting next_dagrun for example_dag_decorator to None, run_after=None
[2024-09-22T23:42:01.148+0000] {processor.py:208} INFO - Processing /home/airflow/.local/lib/python3.12/site-packages/airflow/example_dags/example_dag_decorator.py took 0.523 seconds
[2024-09-22T23:42:31.734+0000] {processor.py:186} INFO - Started process (PID=2067) to work on /home/airflow/.local/lib/python3.12/site-packages/airflow/example_dags/example_dag_decorator.py
[2024-09-22T23:42:31.735+0000] {processor.py:914} INFO - Processing file /home/airflow/.local/lib/python3.12/site-packages/airflow/example_dags/example_dag_decorator.py for tasks to queue
[2024-09-22T23:42:31.738+0000] {logging_mixin.py:190} INFO - [2024-09-22T23:42:31.738+0000] {dagbag.py:587} INFO - Filling up the DagBag from /home/airflow/.local/lib/python3.12/site-packages/airflow/example_dags/example_dag_decorator.py
[2024-09-22T23:42:31.761+0000] {processor.py:925} INFO - DAG(s) 'example_dag_decorator' retrieved from /home/airflow/.local/lib/python3.12/site-packages/airflow/example_dags/example_dag_decorator.py
[2024-09-22T23:42:31.949+0000] {logging_mixin.py:190} INFO - [2024-09-22T23:42:31.949+0000] {dag.py:3229} INFO - Sync 1 DAGs
[2024-09-22T23:42:31.967+0000] {logging_mixin.py:190} INFO - [2024-09-22T23:42:31.966+0000] {dag.py:4156} INFO - Setting next_dagrun for example_dag_decorator to None, run_after=None
[2024-09-22T23:42:31.993+0000] {processor.py:208} INFO - Processing /home/airflow/.local/lib/python3.12/site-packages/airflow/example_dags/example_dag_decorator.py took 0.268 seconds
[2024-09-22T23:43:03.376+0000] {processor.py:186} INFO - Started process (PID=2137) to work on /home/airflow/.local/lib/python3.12/site-packages/airflow/example_dags/example_dag_decorator.py
[2024-09-22T23:43:03.387+0000] {processor.py:914} INFO - Processing file /home/airflow/.local/lib/python3.12/site-packages/airflow/example_dags/example_dag_decorator.py for tasks to queue
[2024-09-22T23:43:03.405+0000] {logging_mixin.py:190} INFO - [2024-09-22T23:43:03.400+0000] {dagbag.py:587} INFO - Filling up the DagBag from /home/airflow/.local/lib/python3.12/site-packages/airflow/example_dags/example_dag_decorator.py
[2024-09-22T23:43:03.511+0000] {processor.py:925} INFO - DAG(s) 'example_dag_decorator' retrieved from /home/airflow/.local/lib/python3.12/site-packages/airflow/example_dags/example_dag_decorator.py
[2024-09-22T23:43:04.208+0000] {logging_mixin.py:190} INFO - [2024-09-22T23:43:04.207+0000] {dag.py:3229} INFO - Sync 1 DAGs
[2024-09-22T23:43:04.251+0000] {logging_mixin.py:190} INFO - [2024-09-22T23:43:04.250+0000] {dag.py:4156} INFO - Setting next_dagrun for example_dag_decorator to None, run_after=None
[2024-09-22T23:43:04.309+0000] {processor.py:208} INFO - Processing /home/airflow/.local/lib/python3.12/site-packages/airflow/example_dags/example_dag_decorator.py took 0.986 seconds
[2024-09-22T23:43:34.781+0000] {processor.py:186} INFO - Started process (PID=2200) to work on /home/airflow/.local/lib/python3.12/site-packages/airflow/example_dags/example_dag_decorator.py
[2024-09-22T23:43:34.782+0000] {processor.py:914} INFO - Processing file /home/airflow/.local/lib/python3.12/site-packages/airflow/example_dags/example_dag_decorator.py for tasks to queue
[2024-09-22T23:43:34.786+0000] {logging_mixin.py:190} INFO - [2024-09-22T23:43:34.785+0000] {dagbag.py:587} INFO - Filling up the DagBag from /home/airflow/.local/lib/python3.12/site-packages/airflow/example_dags/example_dag_decorator.py
[2024-09-22T23:43:34.808+0000] {processor.py:925} INFO - DAG(s) 'example_dag_decorator' retrieved from /home/airflow/.local/lib/python3.12/site-packages/airflow/example_dags/example_dag_decorator.py
[2024-09-22T23:43:34.999+0000] {logging_mixin.py:190} INFO - [2024-09-22T23:43:34.998+0000] {dag.py:3229} INFO - Sync 1 DAGs
[2024-09-22T23:43:35.017+0000] {logging_mixin.py:190} INFO - [2024-09-22T23:43:35.016+0000] {dag.py:4156} INFO - Setting next_dagrun for example_dag_decorator to None, run_after=None
[2024-09-22T23:43:35.042+0000] {processor.py:208} INFO - Processing /home/airflow/.local/lib/python3.12/site-packages/airflow/example_dags/example_dag_decorator.py took 0.271 seconds
[2024-09-22T23:44:05.214+0000] {processor.py:186} INFO - Started process (PID=2263) to work on /home/airflow/.local/lib/python3.12/site-packages/airflow/example_dags/example_dag_decorator.py
[2024-09-22T23:44:05.216+0000] {processor.py:914} INFO - Processing file /home/airflow/.local/lib/python3.12/site-packages/airflow/example_dags/example_dag_decorator.py for tasks to queue
[2024-09-22T23:44:05.220+0000] {logging_mixin.py:190} INFO - [2024-09-22T23:44:05.219+0000] {dagbag.py:587} INFO - Filling up the DagBag from /home/airflow/.local/lib/python3.12/site-packages/airflow/example_dags/example_dag_decorator.py
[2024-09-22T23:44:05.242+0000] {processor.py:925} INFO - DAG(s) 'example_dag_decorator' retrieved from /home/airflow/.local/lib/python3.12/site-packages/airflow/example_dags/example_dag_decorator.py
[2024-09-22T23:44:05.431+0000] {logging_mixin.py:190} INFO - [2024-09-22T23:44:05.431+0000] {dag.py:3229} INFO - Sync 1 DAGs
[2024-09-22T23:44:05.452+0000] {logging_mixin.py:190} INFO - [2024-09-22T23:44:05.452+0000] {dag.py:4156} INFO - Setting next_dagrun for example_dag_decorator to None, run_after=None
[2024-09-22T23:44:05.482+0000] {processor.py:208} INFO - Processing /home/airflow/.local/lib/python3.12/site-packages/airflow/example_dags/example_dag_decorator.py took 0.278 seconds
[2024-09-22T23:46:59.692+0000] {processor.py:186} INFO - Started process (PID=112) to work on /home/airflow/.local/lib/python3.12/site-packages/airflow/example_dags/example_dag_decorator.py
[2024-09-22T23:46:59.695+0000] {processor.py:914} INFO - Processing file /home/airflow/.local/lib/python3.12/site-packages/airflow/example_dags/example_dag_decorator.py for tasks to queue
[2024-09-22T23:46:59.700+0000] {logging_mixin.py:190} INFO - [2024-09-22T23:46:59.699+0000] {dagbag.py:587} INFO - Filling up the DagBag from /home/airflow/.local/lib/python3.12/site-packages/airflow/example_dags/example_dag_decorator.py
[2024-09-22T23:46:59.734+0000] {processor.py:925} INFO - DAG(s) 'example_dag_decorator' retrieved from /home/airflow/.local/lib/python3.12/site-packages/airflow/example_dags/example_dag_decorator.py
[2024-09-22T23:47:00.040+0000] {logging_mixin.py:190} INFO - [2024-09-22T23:47:00.039+0000] {dag.py:3229} INFO - Sync 1 DAGs
[2024-09-22T23:47:00.100+0000] {logging_mixin.py:190} INFO - [2024-09-22T23:47:00.099+0000] {dag.py:4156} INFO - Setting next_dagrun for example_dag_decorator to None, run_after=None
[2024-09-22T23:47:00.137+0000] {processor.py:208} INFO - Processing /home/airflow/.local/lib/python3.12/site-packages/airflow/example_dags/example_dag_decorator.py took 0.456 seconds
[2024-09-22T23:47:30.262+0000] {processor.py:186} INFO - Started process (PID=174) to work on /home/airflow/.local/lib/python3.12/site-packages/airflow/example_dags/example_dag_decorator.py
[2024-09-22T23:47:30.264+0000] {processor.py:914} INFO - Processing file /home/airflow/.local/lib/python3.12/site-packages/airflow/example_dags/example_dag_decorator.py for tasks to queue
[2024-09-22T23:47:30.268+0000] {logging_mixin.py:190} INFO - [2024-09-22T23:47:30.267+0000] {dagbag.py:587} INFO - Filling up the DagBag from /home/airflow/.local/lib/python3.12/site-packages/airflow/example_dags/example_dag_decorator.py
[2024-09-22T23:47:30.290+0000] {processor.py:925} INFO - DAG(s) 'example_dag_decorator' retrieved from /home/airflow/.local/lib/python3.12/site-packages/airflow/example_dags/example_dag_decorator.py
[2024-09-22T23:47:30.496+0000] {logging_mixin.py:190} INFO - [2024-09-22T23:47:30.496+0000] {dag.py:3229} INFO - Sync 1 DAGs
[2024-09-22T23:47:30.524+0000] {logging_mixin.py:190} INFO - [2024-09-22T23:47:30.524+0000] {dag.py:4156} INFO - Setting next_dagrun for example_dag_decorator to None, run_after=None
[2024-09-22T23:47:30.558+0000] {processor.py:208} INFO - Processing /home/airflow/.local/lib/python3.12/site-packages/airflow/example_dags/example_dag_decorator.py took 0.305 seconds
[2024-09-22T23:48:00.651+0000] {processor.py:186} INFO - Started process (PID=236) to work on /home/airflow/.local/lib/python3.12/site-packages/airflow/example_dags/example_dag_decorator.py
[2024-09-22T23:48:00.652+0000] {processor.py:914} INFO - Processing file /home/airflow/.local/lib/python3.12/site-packages/airflow/example_dags/example_dag_decorator.py for tasks to queue
[2024-09-22T23:48:00.656+0000] {logging_mixin.py:190} INFO - [2024-09-22T23:48:00.655+0000] {dagbag.py:587} INFO - Filling up the DagBag from /home/airflow/.local/lib/python3.12/site-packages/airflow/example_dags/example_dag_decorator.py
[2024-09-22T23:48:00.679+0000] {processor.py:925} INFO - DAG(s) 'example_dag_decorator' retrieved from /home/airflow/.local/lib/python3.12/site-packages/airflow/example_dags/example_dag_decorator.py
[2024-09-22T23:48:00.906+0000] {logging_mixin.py:190} INFO - [2024-09-22T23:48:00.906+0000] {dag.py:3229} INFO - Sync 1 DAGs
[2024-09-22T23:48:00.925+0000] {logging_mixin.py:190} INFO - [2024-09-22T23:48:00.925+0000] {dag.py:4156} INFO - Setting next_dagrun for example_dag_decorator to None, run_after=None
[2024-09-22T23:48:00.958+0000] {processor.py:208} INFO - Processing /home/airflow/.local/lib/python3.12/site-packages/airflow/example_dags/example_dag_decorator.py took 0.317 seconds
[2024-09-22T23:48:31.164+0000] {processor.py:186} INFO - Started process (PID=299) to work on /home/airflow/.local/lib/python3.12/site-packages/airflow/example_dags/example_dag_decorator.py
[2024-09-22T23:48:31.165+0000] {processor.py:914} INFO - Processing file /home/airflow/.local/lib/python3.12/site-packages/airflow/example_dags/example_dag_decorator.py for tasks to queue
[2024-09-22T23:48:31.170+0000] {logging_mixin.py:190} INFO - [2024-09-22T23:48:31.170+0000] {dagbag.py:587} INFO - Filling up the DagBag from /home/airflow/.local/lib/python3.12/site-packages/airflow/example_dags/example_dag_decorator.py
[2024-09-22T23:48:31.194+0000] {processor.py:925} INFO - DAG(s) 'example_dag_decorator' retrieved from /home/airflow/.local/lib/python3.12/site-packages/airflow/example_dags/example_dag_decorator.py
[2024-09-22T23:48:31.398+0000] {logging_mixin.py:190} INFO - [2024-09-22T23:48:31.398+0000] {dag.py:3229} INFO - Sync 1 DAGs
[2024-09-22T23:48:31.415+0000] {logging_mixin.py:190} INFO - [2024-09-22T23:48:31.415+0000] {dag.py:4156} INFO - Setting next_dagrun for example_dag_decorator to None, run_after=None
[2024-09-22T23:48:31.444+0000] {processor.py:208} INFO - Processing /home/airflow/.local/lib/python3.12/site-packages/airflow/example_dags/example_dag_decorator.py took 0.292 seconds
[2024-09-22T23:49:01.845+0000] {processor.py:186} INFO - Started process (PID=362) to work on /home/airflow/.local/lib/python3.12/site-packages/airflow/example_dags/example_dag_decorator.py
[2024-09-22T23:49:01.847+0000] {processor.py:914} INFO - Processing file /home/airflow/.local/lib/python3.12/site-packages/airflow/example_dags/example_dag_decorator.py for tasks to queue
[2024-09-22T23:49:01.851+0000] {logging_mixin.py:190} INFO - [2024-09-22T23:49:01.850+0000] {dagbag.py:587} INFO - Filling up the DagBag from /home/airflow/.local/lib/python3.12/site-packages/airflow/example_dags/example_dag_decorator.py
[2024-09-22T23:49:01.874+0000] {processor.py:925} INFO - DAG(s) 'example_dag_decorator' retrieved from /home/airflow/.local/lib/python3.12/site-packages/airflow/example_dags/example_dag_decorator.py
[2024-09-22T23:49:02.072+0000] {logging_mixin.py:190} INFO - [2024-09-22T23:49:02.072+0000] {dag.py:3229} INFO - Sync 1 DAGs
[2024-09-22T23:49:02.097+0000] {logging_mixin.py:190} INFO - [2024-09-22T23:49:02.097+0000] {dag.py:4156} INFO - Setting next_dagrun for example_dag_decorator to None, run_after=None
[2024-09-22T23:49:02.123+0000] {processor.py:208} INFO - Processing /home/airflow/.local/lib/python3.12/site-packages/airflow/example_dags/example_dag_decorator.py took 0.288 seconds
[2024-09-22T23:49:33.242+0000] {processor.py:186} INFO - Started process (PID=425) to work on /home/airflow/.local/lib/python3.12/site-packages/airflow/example_dags/example_dag_decorator.py
[2024-09-22T23:49:33.243+0000] {processor.py:914} INFO - Processing file /home/airflow/.local/lib/python3.12/site-packages/airflow/example_dags/example_dag_decorator.py for tasks to queue
[2024-09-22T23:49:33.246+0000] {logging_mixin.py:190} INFO - [2024-09-22T23:49:33.246+0000] {dagbag.py:587} INFO - Filling up the DagBag from /home/airflow/.local/lib/python3.12/site-packages/airflow/example_dags/example_dag_decorator.py
[2024-09-22T23:49:33.270+0000] {processor.py:925} INFO - DAG(s) 'example_dag_decorator' retrieved from /home/airflow/.local/lib/python3.12/site-packages/airflow/example_dags/example_dag_decorator.py
[2024-09-22T23:49:33.453+0000] {logging_mixin.py:190} INFO - [2024-09-22T23:49:33.452+0000] {dag.py:3229} INFO - Sync 1 DAGs
[2024-09-22T23:49:33.470+0000] {logging_mixin.py:190} INFO - [2024-09-22T23:49:33.470+0000] {dag.py:4156} INFO - Setting next_dagrun for example_dag_decorator to None, run_after=None
[2024-09-22T23:49:33.497+0000] {processor.py:208} INFO - Processing /home/airflow/.local/lib/python3.12/site-packages/airflow/example_dags/example_dag_decorator.py took 0.264 seconds
[2024-09-22T23:50:04.709+0000] {processor.py:186} INFO - Started process (PID=489) to work on /home/airflow/.local/lib/python3.12/site-packages/airflow/example_dags/example_dag_decorator.py
[2024-09-22T23:50:04.711+0000] {processor.py:914} INFO - Processing file /home/airflow/.local/lib/python3.12/site-packages/airflow/example_dags/example_dag_decorator.py for tasks to queue
[2024-09-22T23:50:04.715+0000] {logging_mixin.py:190} INFO - [2024-09-22T23:50:04.714+0000] {dagbag.py:587} INFO - Filling up the DagBag from /home/airflow/.local/lib/python3.12/site-packages/airflow/example_dags/example_dag_decorator.py
[2024-09-22T23:50:04.738+0000] {processor.py:925} INFO - DAG(s) 'example_dag_decorator' retrieved from /home/airflow/.local/lib/python3.12/site-packages/airflow/example_dags/example_dag_decorator.py
[2024-09-22T23:50:04.972+0000] {logging_mixin.py:190} INFO - [2024-09-22T23:50:04.972+0000] {dag.py:3229} INFO - Sync 1 DAGs
[2024-09-22T23:50:05.000+0000] {logging_mixin.py:190} INFO - [2024-09-22T23:50:05.000+0000] {dag.py:4156} INFO - Setting next_dagrun for example_dag_decorator to None, run_after=None
[2024-09-22T23:50:05.035+0000] {processor.py:208} INFO - Processing /home/airflow/.local/lib/python3.12/site-packages/airflow/example_dags/example_dag_decorator.py took 0.336 seconds
[2024-09-22T23:50:35.275+0000] {processor.py:186} INFO - Started process (PID=552) to work on /home/airflow/.local/lib/python3.12/site-packages/airflow/example_dags/example_dag_decorator.py
[2024-09-22T23:50:35.278+0000] {processor.py:914} INFO - Processing file /home/airflow/.local/lib/python3.12/site-packages/airflow/example_dags/example_dag_decorator.py for tasks to queue
[2024-09-22T23:50:35.283+0000] {logging_mixin.py:190} INFO - [2024-09-22T23:50:35.282+0000] {dagbag.py:587} INFO - Filling up the DagBag from /home/airflow/.local/lib/python3.12/site-packages/airflow/example_dags/example_dag_decorator.py
[2024-09-22T23:50:35.314+0000] {processor.py:925} INFO - DAG(s) 'example_dag_decorator' retrieved from /home/airflow/.local/lib/python3.12/site-packages/airflow/example_dags/example_dag_decorator.py
[2024-09-22T23:50:35.537+0000] {logging_mixin.py:190} INFO - [2024-09-22T23:50:35.537+0000] {dag.py:3229} INFO - Sync 1 DAGs
[2024-09-22T23:50:35.560+0000] {logging_mixin.py:190} INFO - [2024-09-22T23:50:35.559+0000] {dag.py:4156} INFO - Setting next_dagrun for example_dag_decorator to None, run_after=None
[2024-09-22T23:50:35.589+0000] {processor.py:208} INFO - Processing /home/airflow/.local/lib/python3.12/site-packages/airflow/example_dags/example_dag_decorator.py took 0.327 seconds
[2024-09-22T23:51:05.712+0000] {processor.py:186} INFO - Started process (PID=614) to work on /home/airflow/.local/lib/python3.12/site-packages/airflow/example_dags/example_dag_decorator.py
[2024-09-22T23:51:05.713+0000] {processor.py:914} INFO - Processing file /home/airflow/.local/lib/python3.12/site-packages/airflow/example_dags/example_dag_decorator.py for tasks to queue
[2024-09-22T23:51:05.716+0000] {logging_mixin.py:190} INFO - [2024-09-22T23:51:05.716+0000] {dagbag.py:587} INFO - Filling up the DagBag from /home/airflow/.local/lib/python3.12/site-packages/airflow/example_dags/example_dag_decorator.py
[2024-09-22T23:51:05.738+0000] {processor.py:925} INFO - DAG(s) 'example_dag_decorator' retrieved from /home/airflow/.local/lib/python3.12/site-packages/airflow/example_dags/example_dag_decorator.py
[2024-09-22T23:51:05.921+0000] {logging_mixin.py:190} INFO - [2024-09-22T23:51:05.921+0000] {dag.py:3229} INFO - Sync 1 DAGs
[2024-09-22T23:51:05.938+0000] {logging_mixin.py:190} INFO - [2024-09-22T23:51:05.938+0000] {dag.py:4156} INFO - Setting next_dagrun for example_dag_decorator to None, run_after=None
[2024-09-22T23:51:05.966+0000] {processor.py:208} INFO - Processing /home/airflow/.local/lib/python3.12/site-packages/airflow/example_dags/example_dag_decorator.py took 0.263 seconds
[2024-09-22T23:51:36.240+0000] {processor.py:186} INFO - Started process (PID=679) to work on /home/airflow/.local/lib/python3.12/site-packages/airflow/example_dags/example_dag_decorator.py
[2024-09-22T23:51:36.242+0000] {processor.py:914} INFO - Processing file /home/airflow/.local/lib/python3.12/site-packages/airflow/example_dags/example_dag_decorator.py for tasks to queue
[2024-09-22T23:51:36.246+0000] {logging_mixin.py:190} INFO - [2024-09-22T23:51:36.245+0000] {dagbag.py:587} INFO - Filling up the DagBag from /home/airflow/.local/lib/python3.12/site-packages/airflow/example_dags/example_dag_decorator.py
[2024-09-22T23:51:36.270+0000] {processor.py:925} INFO - DAG(s) 'example_dag_decorator' retrieved from /home/airflow/.local/lib/python3.12/site-packages/airflow/example_dags/example_dag_decorator.py
[2024-09-22T23:51:36.459+0000] {logging_mixin.py:190} INFO - [2024-09-22T23:51:36.458+0000] {dag.py:3229} INFO - Sync 1 DAGs
[2024-09-22T23:51:36.475+0000] {logging_mixin.py:190} INFO - [2024-09-22T23:51:36.474+0000] {dag.py:4156} INFO - Setting next_dagrun for example_dag_decorator to None, run_after=None
[2024-09-22T23:51:36.499+0000] {processor.py:208} INFO - Processing /home/airflow/.local/lib/python3.12/site-packages/airflow/example_dags/example_dag_decorator.py took 0.269 seconds
[2024-09-22T23:52:07.317+0000] {processor.py:186} INFO - Started process (PID=743) to work on /home/airflow/.local/lib/python3.12/site-packages/airflow/example_dags/example_dag_decorator.py
[2024-09-22T23:52:07.320+0000] {processor.py:914} INFO - Processing file /home/airflow/.local/lib/python3.12/site-packages/airflow/example_dags/example_dag_decorator.py for tasks to queue
[2024-09-22T23:52:07.323+0000] {logging_mixin.py:190} INFO - [2024-09-22T23:52:07.322+0000] {dagbag.py:587} INFO - Filling up the DagBag from /home/airflow/.local/lib/python3.12/site-packages/airflow/example_dags/example_dag_decorator.py
[2024-09-22T23:52:07.345+0000] {processor.py:925} INFO - DAG(s) 'example_dag_decorator' retrieved from /home/airflow/.local/lib/python3.12/site-packages/airflow/example_dags/example_dag_decorator.py
[2024-09-22T23:52:07.580+0000] {logging_mixin.py:190} INFO - [2024-09-22T23:52:07.579+0000] {dag.py:3229} INFO - Sync 1 DAGs
[2024-09-22T23:52:07.615+0000] {logging_mixin.py:190} INFO - [2024-09-22T23:52:07.614+0000] {dag.py:4156} INFO - Setting next_dagrun for example_dag_decorator to None, run_after=None
[2024-09-22T23:52:07.657+0000] {processor.py:208} INFO - Processing /home/airflow/.local/lib/python3.12/site-packages/airflow/example_dags/example_dag_decorator.py took 0.349 seconds
[2024-09-22T23:52:38.330+0000] {processor.py:186} INFO - Started process (PID=812) to work on /home/airflow/.local/lib/python3.12/site-packages/airflow/example_dags/example_dag_decorator.py
[2024-09-22T23:52:38.333+0000] {processor.py:914} INFO - Processing file /home/airflow/.local/lib/python3.12/site-packages/airflow/example_dags/example_dag_decorator.py for tasks to queue
[2024-09-22T23:52:38.337+0000] {logging_mixin.py:190} INFO - [2024-09-22T23:52:38.337+0000] {dagbag.py:587} INFO - Filling up the DagBag from /home/airflow/.local/lib/python3.12/site-packages/airflow/example_dags/example_dag_decorator.py
[2024-09-22T23:52:38.364+0000] {processor.py:925} INFO - DAG(s) 'example_dag_decorator' retrieved from /home/airflow/.local/lib/python3.12/site-packages/airflow/example_dags/example_dag_decorator.py
[2024-09-22T23:52:38.406+0000] {logging_mixin.py:190} INFO - [2024-09-22T23:52:38.405+0000] {dag.py:3229} INFO - Sync 1 DAGs
[2024-09-22T23:52:38.427+0000] {logging_mixin.py:190} INFO - [2024-09-22T23:52:38.427+0000] {dag.py:4156} INFO - Setting next_dagrun for example_dag_decorator to None, run_after=None
[2024-09-22T23:52:38.451+0000] {processor.py:208} INFO - Processing /home/airflow/.local/lib/python3.12/site-packages/airflow/example_dags/example_dag_decorator.py took 0.133 seconds
[2024-09-22T23:53:09.203+0000] {processor.py:186} INFO - Started process (PID=874) to work on /home/airflow/.local/lib/python3.12/site-packages/airflow/example_dags/example_dag_decorator.py
[2024-09-22T23:53:09.205+0000] {processor.py:914} INFO - Processing file /home/airflow/.local/lib/python3.12/site-packages/airflow/example_dags/example_dag_decorator.py for tasks to queue
[2024-09-22T23:53:09.209+0000] {logging_mixin.py:190} INFO - [2024-09-22T23:53:09.208+0000] {dagbag.py:587} INFO - Filling up the DagBag from /home/airflow/.local/lib/python3.12/site-packages/airflow/example_dags/example_dag_decorator.py
[2024-09-22T23:53:09.232+0000] {processor.py:925} INFO - DAG(s) 'example_dag_decorator' retrieved from /home/airflow/.local/lib/python3.12/site-packages/airflow/example_dags/example_dag_decorator.py
[2024-09-22T23:53:09.274+0000] {logging_mixin.py:190} INFO - [2024-09-22T23:53:09.273+0000] {dag.py:3229} INFO - Sync 1 DAGs
[2024-09-22T23:53:09.295+0000] {logging_mixin.py:190} INFO - [2024-09-22T23:53:09.295+0000] {dag.py:4156} INFO - Setting next_dagrun for example_dag_decorator to None, run_after=None
[2024-09-22T23:53:09.319+0000] {processor.py:208} INFO - Processing /home/airflow/.local/lib/python3.12/site-packages/airflow/example_dags/example_dag_decorator.py took 0.125 seconds
[2024-09-22T23:53:42.323+0000] {processor.py:186} INFO - Started process (PID=938) to work on /home/airflow/.local/lib/python3.12/site-packages/airflow/example_dags/example_dag_decorator.py
[2024-09-22T23:53:42.331+0000] {processor.py:914} INFO - Processing file /home/airflow/.local/lib/python3.12/site-packages/airflow/example_dags/example_dag_decorator.py for tasks to queue
[2024-09-22T23:53:42.359+0000] {logging_mixin.py:190} INFO - [2024-09-22T23:53:42.356+0000] {dagbag.py:587} INFO - Filling up the DagBag from /home/airflow/.local/lib/python3.12/site-packages/airflow/example_dags/example_dag_decorator.py
[2024-09-22T23:53:42.436+0000] {processor.py:925} INFO - DAG(s) 'example_dag_decorator' retrieved from /home/airflow/.local/lib/python3.12/site-packages/airflow/example_dags/example_dag_decorator.py
[2024-09-22T23:53:42.771+0000] {logging_mixin.py:190} INFO - [2024-09-22T23:53:42.770+0000] {dag.py:3229} INFO - Sync 1 DAGs
[2024-09-22T23:53:42.874+0000] {logging_mixin.py:190} INFO - [2024-09-22T23:53:42.873+0000] {dag.py:4156} INFO - Setting next_dagrun for example_dag_decorator to None, run_after=None
[2024-09-22T23:53:42.932+0000] {processor.py:208} INFO - Processing /home/airflow/.local/lib/python3.12/site-packages/airflow/example_dags/example_dag_decorator.py took 0.640 seconds
[2024-09-22T23:54:13.161+0000] {processor.py:186} INFO - Started process (PID=1000) to work on /home/airflow/.local/lib/python3.12/site-packages/airflow/example_dags/example_dag_decorator.py
[2024-09-22T23:54:13.163+0000] {processor.py:914} INFO - Processing file /home/airflow/.local/lib/python3.12/site-packages/airflow/example_dags/example_dag_decorator.py for tasks to queue
[2024-09-22T23:54:13.167+0000] {logging_mixin.py:190} INFO - [2024-09-22T23:54:13.167+0000] {dagbag.py:587} INFO - Filling up the DagBag from /home/airflow/.local/lib/python3.12/site-packages/airflow/example_dags/example_dag_decorator.py
[2024-09-22T23:54:13.199+0000] {processor.py:925} INFO - DAG(s) 'example_dag_decorator' retrieved from /home/airflow/.local/lib/python3.12/site-packages/airflow/example_dags/example_dag_decorator.py
[2024-09-22T23:54:13.442+0000] {logging_mixin.py:190} INFO - [2024-09-22T23:54:13.442+0000] {dag.py:3229} INFO - Sync 1 DAGs
[2024-09-22T23:54:13.458+0000] {logging_mixin.py:190} INFO - [2024-09-22T23:54:13.458+0000] {dag.py:4156} INFO - Setting next_dagrun for example_dag_decorator to None, run_after=None
[2024-09-22T23:54:13.487+0000] {processor.py:208} INFO - Processing /home/airflow/.local/lib/python3.12/site-packages/airflow/example_dags/example_dag_decorator.py took 0.338 seconds
[2024-09-22T23:54:44.284+0000] {processor.py:186} INFO - Started process (PID=1063) to work on /home/airflow/.local/lib/python3.12/site-packages/airflow/example_dags/example_dag_decorator.py
[2024-09-22T23:54:44.286+0000] {processor.py:914} INFO - Processing file /home/airflow/.local/lib/python3.12/site-packages/airflow/example_dags/example_dag_decorator.py for tasks to queue
[2024-09-22T23:54:44.290+0000] {logging_mixin.py:190} INFO - [2024-09-22T23:54:44.289+0000] {dagbag.py:587} INFO - Filling up the DagBag from /home/airflow/.local/lib/python3.12/site-packages/airflow/example_dags/example_dag_decorator.py
[2024-09-22T23:54:44.312+0000] {processor.py:925} INFO - DAG(s) 'example_dag_decorator' retrieved from /home/airflow/.local/lib/python3.12/site-packages/airflow/example_dags/example_dag_decorator.py
[2024-09-22T23:54:44.503+0000] {logging_mixin.py:190} INFO - [2024-09-22T23:54:44.503+0000] {dag.py:3229} INFO - Sync 1 DAGs
[2024-09-22T23:54:44.518+0000] {logging_mixin.py:190} INFO - [2024-09-22T23:54:44.518+0000] {dag.py:4156} INFO - Setting next_dagrun for example_dag_decorator to None, run_after=None
[2024-09-22T23:54:44.541+0000] {processor.py:208} INFO - Processing /home/airflow/.local/lib/python3.12/site-packages/airflow/example_dags/example_dag_decorator.py took 0.266 seconds
[2024-09-22T23:55:15.106+0000] {processor.py:186} INFO - Started process (PID=1125) to work on /home/airflow/.local/lib/python3.12/site-packages/airflow/example_dags/example_dag_decorator.py
[2024-09-22T23:55:15.108+0000] {processor.py:914} INFO - Processing file /home/airflow/.local/lib/python3.12/site-packages/airflow/example_dags/example_dag_decorator.py for tasks to queue
[2024-09-22T23:55:15.112+0000] {logging_mixin.py:190} INFO - [2024-09-22T23:55:15.111+0000] {dagbag.py:587} INFO - Filling up the DagBag from /home/airflow/.local/lib/python3.12/site-packages/airflow/example_dags/example_dag_decorator.py
[2024-09-22T23:55:15.134+0000] {processor.py:925} INFO - DAG(s) 'example_dag_decorator' retrieved from /home/airflow/.local/lib/python3.12/site-packages/airflow/example_dags/example_dag_decorator.py
[2024-09-22T23:55:15.308+0000] {logging_mixin.py:190} INFO - [2024-09-22T23:55:15.307+0000] {dag.py:3229} INFO - Sync 1 DAGs
[2024-09-22T23:55:15.324+0000] {logging_mixin.py:190} INFO - [2024-09-22T23:55:15.324+0000] {dag.py:4156} INFO - Setting next_dagrun for example_dag_decorator to None, run_after=None
[2024-09-22T23:55:15.350+0000] {processor.py:208} INFO - Processing /home/airflow/.local/lib/python3.12/site-packages/airflow/example_dags/example_dag_decorator.py took 0.254 seconds
[2024-09-22T23:55:46.685+0000] {processor.py:186} INFO - Started process (PID=1188) to work on /home/airflow/.local/lib/python3.12/site-packages/airflow/example_dags/example_dag_decorator.py
[2024-09-22T23:55:46.687+0000] {processor.py:914} INFO - Processing file /home/airflow/.local/lib/python3.12/site-packages/airflow/example_dags/example_dag_decorator.py for tasks to queue
[2024-09-22T23:55:46.691+0000] {logging_mixin.py:190} INFO - [2024-09-22T23:55:46.690+0000] {dagbag.py:587} INFO - Filling up the DagBag from /home/airflow/.local/lib/python3.12/site-packages/airflow/example_dags/example_dag_decorator.py
[2024-09-22T23:55:46.716+0000] {processor.py:925} INFO - DAG(s) 'example_dag_decorator' retrieved from /home/airflow/.local/lib/python3.12/site-packages/airflow/example_dags/example_dag_decorator.py
[2024-09-22T23:55:46.984+0000] {logging_mixin.py:190} INFO - [2024-09-22T23:55:46.984+0000] {dag.py:3229} INFO - Sync 1 DAGs
[2024-09-22T23:55:47.002+0000] {logging_mixin.py:190} INFO - [2024-09-22T23:55:47.002+0000] {dag.py:4156} INFO - Setting next_dagrun for example_dag_decorator to None, run_after=None
[2024-09-22T23:55:47.032+0000] {processor.py:208} INFO - Processing /home/airflow/.local/lib/python3.12/site-packages/airflow/example_dags/example_dag_decorator.py took 0.358 seconds
[2024-09-22T23:58:07.349+0000] {processor.py:186} INFO - Started process (PID=110) to work on /home/airflow/.local/lib/python3.12/site-packages/airflow/example_dags/example_dag_decorator.py
[2024-09-22T23:58:07.354+0000] {processor.py:914} INFO - Processing file /home/airflow/.local/lib/python3.12/site-packages/airflow/example_dags/example_dag_decorator.py for tasks to queue
[2024-09-22T23:58:07.366+0000] {logging_mixin.py:190} INFO - [2024-09-22T23:58:07.362+0000] {dagbag.py:587} INFO - Filling up the DagBag from /home/airflow/.local/lib/python3.12/site-packages/airflow/example_dags/example_dag_decorator.py
[2024-09-22T23:58:07.432+0000] {processor.py:925} INFO - DAG(s) 'example_dag_decorator' retrieved from /home/airflow/.local/lib/python3.12/site-packages/airflow/example_dags/example_dag_decorator.py
[2024-09-22T23:58:07.990+0000] {logging_mixin.py:190} INFO - [2024-09-22T23:58:07.989+0000] {dag.py:3229} INFO - Sync 1 DAGs
[2024-09-22T23:58:08.034+0000] {logging_mixin.py:190} INFO - [2024-09-22T23:58:08.034+0000] {dag.py:4156} INFO - Setting next_dagrun for example_dag_decorator to None, run_after=None
[2024-09-22T23:58:08.095+0000] {processor.py:208} INFO - Processing /home/airflow/.local/lib/python3.12/site-packages/airflow/example_dags/example_dag_decorator.py took 0.769 seconds
[2024-09-22T23:58:38.765+0000] {processor.py:186} INFO - Started process (PID=173) to work on /home/airflow/.local/lib/python3.12/site-packages/airflow/example_dags/example_dag_decorator.py
[2024-09-22T23:58:38.767+0000] {processor.py:914} INFO - Processing file /home/airflow/.local/lib/python3.12/site-packages/airflow/example_dags/example_dag_decorator.py for tasks to queue
[2024-09-22T23:58:38.771+0000] {logging_mixin.py:190} INFO - [2024-09-22T23:58:38.770+0000] {dagbag.py:587} INFO - Filling up the DagBag from /home/airflow/.local/lib/python3.12/site-packages/airflow/example_dags/example_dag_decorator.py
[2024-09-22T23:58:38.794+0000] {processor.py:925} INFO - DAG(s) 'example_dag_decorator' retrieved from /home/airflow/.local/lib/python3.12/site-packages/airflow/example_dags/example_dag_decorator.py
[2024-09-22T23:58:38.972+0000] {logging_mixin.py:190} INFO - [2024-09-22T23:58:38.971+0000] {dag.py:3229} INFO - Sync 1 DAGs
[2024-09-22T23:58:38.992+0000] {logging_mixin.py:190} INFO - [2024-09-22T23:58:38.992+0000] {dag.py:4156} INFO - Setting next_dagrun for example_dag_decorator to None, run_after=None
[2024-09-22T23:58:39.019+0000] {processor.py:208} INFO - Processing /home/airflow/.local/lib/python3.12/site-packages/airflow/example_dags/example_dag_decorator.py took 0.263 seconds
[2024-09-22T23:59:09.362+0000] {processor.py:186} INFO - Started process (PID=236) to work on /home/airflow/.local/lib/python3.12/site-packages/airflow/example_dags/example_dag_decorator.py
[2024-09-22T23:59:09.364+0000] {processor.py:914} INFO - Processing file /home/airflow/.local/lib/python3.12/site-packages/airflow/example_dags/example_dag_decorator.py for tasks to queue
[2024-09-22T23:59:09.367+0000] {logging_mixin.py:190} INFO - [2024-09-22T23:59:09.367+0000] {dagbag.py:587} INFO - Filling up the DagBag from /home/airflow/.local/lib/python3.12/site-packages/airflow/example_dags/example_dag_decorator.py
[2024-09-22T23:59:09.390+0000] {processor.py:925} INFO - DAG(s) 'example_dag_decorator' retrieved from /home/airflow/.local/lib/python3.12/site-packages/airflow/example_dags/example_dag_decorator.py
[2024-09-22T23:59:09.600+0000] {logging_mixin.py:190} INFO - [2024-09-22T23:59:09.600+0000] {dag.py:3229} INFO - Sync 1 DAGs
[2024-09-22T23:59:09.623+0000] {logging_mixin.py:190} INFO - [2024-09-22T23:59:09.623+0000] {dag.py:4156} INFO - Setting next_dagrun for example_dag_decorator to None, run_after=None
[2024-09-22T23:59:09.648+0000] {processor.py:208} INFO - Processing /home/airflow/.local/lib/python3.12/site-packages/airflow/example_dags/example_dag_decorator.py took 0.296 seconds
[2024-09-22T23:59:39.903+0000] {processor.py:186} INFO - Started process (PID=299) to work on /home/airflow/.local/lib/python3.12/site-packages/airflow/example_dags/example_dag_decorator.py
[2024-09-22T23:59:39.905+0000] {processor.py:914} INFO - Processing file /home/airflow/.local/lib/python3.12/site-packages/airflow/example_dags/example_dag_decorator.py for tasks to queue
[2024-09-22T23:59:39.910+0000] {logging_mixin.py:190} INFO - [2024-09-22T23:59:39.909+0000] {dagbag.py:587} INFO - Filling up the DagBag from /home/airflow/.local/lib/python3.12/site-packages/airflow/example_dags/example_dag_decorator.py
[2024-09-22T23:59:39.944+0000] {processor.py:925} INFO - DAG(s) 'example_dag_decorator' retrieved from /home/airflow/.local/lib/python3.12/site-packages/airflow/example_dags/example_dag_decorator.py
[2024-09-22T23:59:39.993+0000] {logging_mixin.py:190} INFO - [2024-09-22T23:59:39.992+0000] {dag.py:3229} INFO - Sync 1 DAGs
[2024-09-22T23:59:40.024+0000] {logging_mixin.py:190} INFO - [2024-09-22T23:59:40.024+0000] {dag.py:4156} INFO - Setting next_dagrun for example_dag_decorator to None, run_after=None
[2024-09-22T23:59:40.065+0000] {processor.py:208} INFO - Processing /home/airflow/.local/lib/python3.12/site-packages/airflow/example_dags/example_dag_decorator.py took 0.175 seconds
