[2024-09-22T23:26:20.406+0000] {processor.py:186} INFO - Started process (PID=91) to work on /home/airflow/.local/lib/python3.12/site-packages/airflow/example_dags/example_python_decorator.py
[2024-09-22T23:26:20.407+0000] {processor.py:914} INFO - Processing file /home/airflow/.local/lib/python3.12/site-packages/airflow/example_dags/example_python_decorator.py for tasks to queue
[2024-09-22T23:26:20.412+0000] {logging_mixin.py:190} INFO - [2024-09-22T23:26:20.412+0000] {dagbag.py:587} INFO - Filling up the DagBag from /home/airflow/.local/lib/python3.12/site-packages/airflow/example_dags/example_python_decorator.py
[2024-09-22T23:26:20.452+0000] {processor.py:925} INFO - DAG(s) 'example_python_decorator' retrieved from /home/airflow/.local/lib/python3.12/site-packages/airflow/example_dags/example_python_decorator.py
[2024-09-22T23:26:20.773+0000] {logging_mixin.py:190} INFO - [2024-09-22T23:26:20.772+0000] {override.py:1900} INFO - Created Permission View: can edit on DAG:example_python_decorator
[2024-09-22T23:26:20.805+0000] {logging_mixin.py:190} INFO - [2024-09-22T23:26:20.805+0000] {override.py:1900} INFO - Created Permission View: can read on DAG:example_python_decorator
[2024-09-22T23:26:20.818+0000] {logging_mixin.py:190} INFO - [2024-09-22T23:26:20.818+0000] {override.py:1900} INFO - Created Permission View: can delete on DAG:example_python_decorator
[2024-09-22T23:26:20.838+0000] {logging_mixin.py:190} INFO - [2024-09-22T23:26:20.837+0000] {override.py:1900} INFO - Created Permission View: can create on DAG Run:example_python_decorator
[2024-09-22T23:26:20.861+0000] {logging_mixin.py:190} INFO - [2024-09-22T23:26:20.860+0000] {override.py:1900} INFO - Created Permission View: menu access on DAG Run:example_python_decorator
[2024-09-22T23:26:20.881+0000] {logging_mixin.py:190} INFO - [2024-09-22T23:26:20.881+0000] {override.py:1900} INFO - Created Permission View: can read on DAG Run:example_python_decorator
[2024-09-22T23:26:20.890+0000] {logging_mixin.py:190} INFO - [2024-09-22T23:26:20.890+0000] {override.py:1900} INFO - Created Permission View: can delete on DAG Run:example_python_decorator
[2024-09-22T23:26:20.891+0000] {logging_mixin.py:190} INFO - [2024-09-22T23:26:20.891+0000] {dag.py:3229} INFO - Sync 1 DAGs
[2024-09-22T23:26:20.915+0000] {logging_mixin.py:190} INFO - [2024-09-22T23:26:20.915+0000] {dag.py:3252} INFO - Creating ORM DAG for example_python_decorator
[2024-09-22T23:26:20.916+0000] {logging_mixin.py:190} INFO - [2024-09-22T23:26:20.916+0000] {dag.py:4156} INFO - Setting next_dagrun for example_python_decorator to None, run_after=None
[2024-09-22T23:26:20.960+0000] {processor.py:208} INFO - Processing /home/airflow/.local/lib/python3.12/site-packages/airflow/example_dags/example_python_decorator.py took 0.568 seconds
[2024-09-22T23:26:51.787+0000] {processor.py:186} INFO - Started process (PID=153) to work on /home/airflow/.local/lib/python3.12/site-packages/airflow/example_dags/example_python_decorator.py
[2024-09-22T23:26:51.789+0000] {processor.py:914} INFO - Processing file /home/airflow/.local/lib/python3.12/site-packages/airflow/example_dags/example_python_decorator.py for tasks to queue
[2024-09-22T23:26:51.792+0000] {logging_mixin.py:190} INFO - [2024-09-22T23:26:51.792+0000] {dagbag.py:587} INFO - Filling up the DagBag from /home/airflow/.local/lib/python3.12/site-packages/airflow/example_dags/example_python_decorator.py
[2024-09-22T23:26:51.819+0000] {processor.py:925} INFO - DAG(s) 'example_python_decorator' retrieved from /home/airflow/.local/lib/python3.12/site-packages/airflow/example_dags/example_python_decorator.py
[2024-09-22T23:26:51.853+0000] {logging_mixin.py:190} INFO - [2024-09-22T23:26:51.853+0000] {dag.py:3229} INFO - Sync 1 DAGs
[2024-09-22T23:26:51.873+0000] {logging_mixin.py:190} INFO - [2024-09-22T23:26:51.873+0000] {dag.py:4156} INFO - Setting next_dagrun for example_python_decorator to None, run_after=None
[2024-09-22T23:26:51.898+0000] {processor.py:208} INFO - Processing /home/airflow/.local/lib/python3.12/site-packages/airflow/example_dags/example_python_decorator.py took 0.120 seconds
[2024-09-22T23:27:21.967+0000] {processor.py:186} INFO - Started process (PID=215) to work on /home/airflow/.local/lib/python3.12/site-packages/airflow/example_dags/example_python_decorator.py
[2024-09-22T23:27:21.968+0000] {processor.py:914} INFO - Processing file /home/airflow/.local/lib/python3.12/site-packages/airflow/example_dags/example_python_decorator.py for tasks to queue
[2024-09-22T23:27:21.971+0000] {logging_mixin.py:190} INFO - [2024-09-22T23:27:21.970+0000] {dagbag.py:587} INFO - Filling up the DagBag from /home/airflow/.local/lib/python3.12/site-packages/airflow/example_dags/example_python_decorator.py
[2024-09-22T23:27:21.996+0000] {processor.py:925} INFO - DAG(s) 'example_python_decorator' retrieved from /home/airflow/.local/lib/python3.12/site-packages/airflow/example_dags/example_python_decorator.py
[2024-09-22T23:27:22.028+0000] {logging_mixin.py:190} INFO - [2024-09-22T23:27:22.027+0000] {dag.py:3229} INFO - Sync 1 DAGs
[2024-09-22T23:27:22.048+0000] {logging_mixin.py:190} INFO - [2024-09-22T23:27:22.048+0000] {dag.py:4156} INFO - Setting next_dagrun for example_python_decorator to None, run_after=None
[2024-09-22T23:27:22.073+0000] {processor.py:208} INFO - Processing /home/airflow/.local/lib/python3.12/site-packages/airflow/example_dags/example_python_decorator.py took 0.115 seconds
[2024-09-22T23:27:52.523+0000] {processor.py:186} INFO - Started process (PID=277) to work on /home/airflow/.local/lib/python3.12/site-packages/airflow/example_dags/example_python_decorator.py
[2024-09-22T23:27:52.527+0000] {processor.py:914} INFO - Processing file /home/airflow/.local/lib/python3.12/site-packages/airflow/example_dags/example_python_decorator.py for tasks to queue
[2024-09-22T23:27:52.530+0000] {logging_mixin.py:190} INFO - [2024-09-22T23:27:52.530+0000] {dagbag.py:587} INFO - Filling up the DagBag from /home/airflow/.local/lib/python3.12/site-packages/airflow/example_dags/example_python_decorator.py
[2024-09-22T23:27:52.556+0000] {processor.py:925} INFO - DAG(s) 'example_python_decorator' retrieved from /home/airflow/.local/lib/python3.12/site-packages/airflow/example_dags/example_python_decorator.py
[2024-09-22T23:27:52.591+0000] {logging_mixin.py:190} INFO - [2024-09-22T23:27:52.590+0000] {dag.py:3229} INFO - Sync 1 DAGs
[2024-09-22T23:27:52.612+0000] {logging_mixin.py:190} INFO - [2024-09-22T23:27:52.611+0000] {dag.py:4156} INFO - Setting next_dagrun for example_python_decorator to None, run_after=None
[2024-09-22T23:27:52.637+0000] {processor.py:208} INFO - Processing /home/airflow/.local/lib/python3.12/site-packages/airflow/example_dags/example_python_decorator.py took 0.123 seconds
[2024-09-22T23:28:22.779+0000] {processor.py:186} INFO - Started process (PID=339) to work on /home/airflow/.local/lib/python3.12/site-packages/airflow/example_dags/example_python_decorator.py
[2024-09-22T23:28:22.781+0000] {processor.py:914} INFO - Processing file /home/airflow/.local/lib/python3.12/site-packages/airflow/example_dags/example_python_decorator.py for tasks to queue
[2024-09-22T23:28:22.785+0000] {logging_mixin.py:190} INFO - [2024-09-22T23:28:22.785+0000] {dagbag.py:587} INFO - Filling up the DagBag from /home/airflow/.local/lib/python3.12/site-packages/airflow/example_dags/example_python_decorator.py
[2024-09-22T23:28:22.810+0000] {processor.py:925} INFO - DAG(s) 'example_python_decorator' retrieved from /home/airflow/.local/lib/python3.12/site-packages/airflow/example_dags/example_python_decorator.py
[2024-09-22T23:28:22.849+0000] {logging_mixin.py:190} INFO - [2024-09-22T23:28:22.849+0000] {dag.py:3229} INFO - Sync 1 DAGs
[2024-09-22T23:28:22.871+0000] {logging_mixin.py:190} INFO - [2024-09-22T23:28:22.871+0000] {dag.py:4156} INFO - Setting next_dagrun for example_python_decorator to None, run_after=None
[2024-09-22T23:28:22.897+0000] {processor.py:208} INFO - Processing /home/airflow/.local/lib/python3.12/site-packages/airflow/example_dags/example_python_decorator.py took 0.127 seconds
[2024-09-22T23:28:53.282+0000] {processor.py:186} INFO - Started process (PID=401) to work on /home/airflow/.local/lib/python3.12/site-packages/airflow/example_dags/example_python_decorator.py
[2024-09-22T23:28:53.284+0000] {processor.py:914} INFO - Processing file /home/airflow/.local/lib/python3.12/site-packages/airflow/example_dags/example_python_decorator.py for tasks to queue
[2024-09-22T23:28:53.287+0000] {logging_mixin.py:190} INFO - [2024-09-22T23:28:53.286+0000] {dagbag.py:587} INFO - Filling up the DagBag from /home/airflow/.local/lib/python3.12/site-packages/airflow/example_dags/example_python_decorator.py
[2024-09-22T23:28:53.313+0000] {processor.py:925} INFO - DAG(s) 'example_python_decorator' retrieved from /home/airflow/.local/lib/python3.12/site-packages/airflow/example_dags/example_python_decorator.py
[2024-09-22T23:28:53.345+0000] {logging_mixin.py:190} INFO - [2024-09-22T23:28:53.345+0000] {dag.py:3229} INFO - Sync 1 DAGs
[2024-09-22T23:28:53.366+0000] {logging_mixin.py:190} INFO - [2024-09-22T23:28:53.366+0000] {dag.py:4156} INFO - Setting next_dagrun for example_python_decorator to None, run_after=None
[2024-09-22T23:28:53.392+0000] {processor.py:208} INFO - Processing /home/airflow/.local/lib/python3.12/site-packages/airflow/example_dags/example_python_decorator.py took 0.124 seconds
[2024-09-22T23:29:23.747+0000] {processor.py:186} INFO - Started process (PID=463) to work on /home/airflow/.local/lib/python3.12/site-packages/airflow/example_dags/example_python_decorator.py
[2024-09-22T23:29:23.749+0000] {processor.py:914} INFO - Processing file /home/airflow/.local/lib/python3.12/site-packages/airflow/example_dags/example_python_decorator.py for tasks to queue
[2024-09-22T23:29:23.754+0000] {logging_mixin.py:190} INFO - [2024-09-22T23:29:23.753+0000] {dagbag.py:587} INFO - Filling up the DagBag from /home/airflow/.local/lib/python3.12/site-packages/airflow/example_dags/example_python_decorator.py
[2024-09-22T23:29:23.782+0000] {processor.py:925} INFO - DAG(s) 'example_python_decorator' retrieved from /home/airflow/.local/lib/python3.12/site-packages/airflow/example_dags/example_python_decorator.py
[2024-09-22T23:29:23.817+0000] {logging_mixin.py:190} INFO - [2024-09-22T23:29:23.816+0000] {dag.py:3229} INFO - Sync 1 DAGs
[2024-09-22T23:29:23.847+0000] {logging_mixin.py:190} INFO - [2024-09-22T23:29:23.846+0000] {dag.py:4156} INFO - Setting next_dagrun for example_python_decorator to None, run_after=None
[2024-09-22T23:29:23.878+0000] {processor.py:208} INFO - Processing /home/airflow/.local/lib/python3.12/site-packages/airflow/example_dags/example_python_decorator.py took 0.145 seconds
[2024-09-22T23:29:54.000+0000] {processor.py:186} INFO - Started process (PID=525) to work on /home/airflow/.local/lib/python3.12/site-packages/airflow/example_dags/example_python_decorator.py
[2024-09-22T23:29:54.002+0000] {processor.py:914} INFO - Processing file /home/airflow/.local/lib/python3.12/site-packages/airflow/example_dags/example_python_decorator.py for tasks to queue
[2024-09-22T23:29:54.005+0000] {logging_mixin.py:190} INFO - [2024-09-22T23:29:54.005+0000] {dagbag.py:587} INFO - Filling up the DagBag from /home/airflow/.local/lib/python3.12/site-packages/airflow/example_dags/example_python_decorator.py
[2024-09-22T23:29:54.031+0000] {processor.py:925} INFO - DAG(s) 'example_python_decorator' retrieved from /home/airflow/.local/lib/python3.12/site-packages/airflow/example_dags/example_python_decorator.py
[2024-09-22T23:29:54.061+0000] {logging_mixin.py:190} INFO - [2024-09-22T23:29:54.061+0000] {dag.py:3229} INFO - Sync 1 DAGs
[2024-09-22T23:29:54.092+0000] {logging_mixin.py:190} INFO - [2024-09-22T23:29:54.092+0000] {dag.py:4156} INFO - Setting next_dagrun for example_python_decorator to None, run_after=None
[2024-09-22T23:29:54.122+0000] {processor.py:208} INFO - Processing /home/airflow/.local/lib/python3.12/site-packages/airflow/example_dags/example_python_decorator.py took 0.131 seconds
[2024-09-22T23:30:24.209+0000] {processor.py:186} INFO - Started process (PID=587) to work on /home/airflow/.local/lib/python3.12/site-packages/airflow/example_dags/example_python_decorator.py
[2024-09-22T23:30:24.211+0000] {processor.py:914} INFO - Processing file /home/airflow/.local/lib/python3.12/site-packages/airflow/example_dags/example_python_decorator.py for tasks to queue
[2024-09-22T23:30:24.215+0000] {logging_mixin.py:190} INFO - [2024-09-22T23:30:24.214+0000] {dagbag.py:587} INFO - Filling up the DagBag from /home/airflow/.local/lib/python3.12/site-packages/airflow/example_dags/example_python_decorator.py
[2024-09-22T23:30:24.241+0000] {processor.py:925} INFO - DAG(s) 'example_python_decorator' retrieved from /home/airflow/.local/lib/python3.12/site-packages/airflow/example_dags/example_python_decorator.py
[2024-09-22T23:30:24.272+0000] {logging_mixin.py:190} INFO - [2024-09-22T23:30:24.271+0000] {dag.py:3229} INFO - Sync 1 DAGs
[2024-09-22T23:30:24.294+0000] {logging_mixin.py:190} INFO - [2024-09-22T23:30:24.293+0000] {dag.py:4156} INFO - Setting next_dagrun for example_python_decorator to None, run_after=None
[2024-09-22T23:30:24.321+0000] {processor.py:208} INFO - Processing /home/airflow/.local/lib/python3.12/site-packages/airflow/example_dags/example_python_decorator.py took 0.123 seconds
[2024-09-22T23:30:54.445+0000] {processor.py:186} INFO - Started process (PID=649) to work on /home/airflow/.local/lib/python3.12/site-packages/airflow/example_dags/example_python_decorator.py
[2024-09-22T23:30:54.446+0000] {processor.py:914} INFO - Processing file /home/airflow/.local/lib/python3.12/site-packages/airflow/example_dags/example_python_decorator.py for tasks to queue
[2024-09-22T23:30:54.450+0000] {logging_mixin.py:190} INFO - [2024-09-22T23:30:54.449+0000] {dagbag.py:587} INFO - Filling up the DagBag from /home/airflow/.local/lib/python3.12/site-packages/airflow/example_dags/example_python_decorator.py
[2024-09-22T23:30:54.475+0000] {processor.py:925} INFO - DAG(s) 'example_python_decorator' retrieved from /home/airflow/.local/lib/python3.12/site-packages/airflow/example_dags/example_python_decorator.py
[2024-09-22T23:30:54.505+0000] {logging_mixin.py:190} INFO - [2024-09-22T23:30:54.505+0000] {dag.py:3229} INFO - Sync 1 DAGs
[2024-09-22T23:30:54.530+0000] {logging_mixin.py:190} INFO - [2024-09-22T23:30:54.529+0000] {dag.py:4156} INFO - Setting next_dagrun for example_python_decorator to None, run_after=None
[2024-09-22T23:30:54.558+0000] {processor.py:208} INFO - Processing /home/airflow/.local/lib/python3.12/site-packages/airflow/example_dags/example_python_decorator.py took 0.123 seconds
[2024-09-22T23:31:24.764+0000] {processor.py:186} INFO - Started process (PID=712) to work on /home/airflow/.local/lib/python3.12/site-packages/airflow/example_dags/example_python_decorator.py
[2024-09-22T23:31:24.766+0000] {processor.py:914} INFO - Processing file /home/airflow/.local/lib/python3.12/site-packages/airflow/example_dags/example_python_decorator.py for tasks to queue
[2024-09-22T23:31:24.769+0000] {logging_mixin.py:190} INFO - [2024-09-22T23:31:24.769+0000] {dagbag.py:587} INFO - Filling up the DagBag from /home/airflow/.local/lib/python3.12/site-packages/airflow/example_dags/example_python_decorator.py
[2024-09-22T23:31:24.795+0000] {processor.py:925} INFO - DAG(s) 'example_python_decorator' retrieved from /home/airflow/.local/lib/python3.12/site-packages/airflow/example_dags/example_python_decorator.py
[2024-09-22T23:31:24.834+0000] {logging_mixin.py:190} INFO - [2024-09-22T23:31:24.833+0000] {dag.py:3229} INFO - Sync 1 DAGs
[2024-09-22T23:31:24.859+0000] {logging_mixin.py:190} INFO - [2024-09-22T23:31:24.858+0000] {dag.py:4156} INFO - Setting next_dagrun for example_python_decorator to None, run_after=None
[2024-09-22T23:31:24.883+0000] {processor.py:208} INFO - Processing /home/airflow/.local/lib/python3.12/site-packages/airflow/example_dags/example_python_decorator.py took 0.127 seconds
[2024-09-22T23:31:55.444+0000] {processor.py:186} INFO - Started process (PID=774) to work on /home/airflow/.local/lib/python3.12/site-packages/airflow/example_dags/example_python_decorator.py
[2024-09-22T23:31:55.445+0000] {processor.py:914} INFO - Processing file /home/airflow/.local/lib/python3.12/site-packages/airflow/example_dags/example_python_decorator.py for tasks to queue
[2024-09-22T23:31:55.448+0000] {logging_mixin.py:190} INFO - [2024-09-22T23:31:55.448+0000] {dagbag.py:587} INFO - Filling up the DagBag from /home/airflow/.local/lib/python3.12/site-packages/airflow/example_dags/example_python_decorator.py
[2024-09-22T23:31:55.473+0000] {processor.py:925} INFO - DAG(s) 'example_python_decorator' retrieved from /home/airflow/.local/lib/python3.12/site-packages/airflow/example_dags/example_python_decorator.py
[2024-09-22T23:31:55.508+0000] {logging_mixin.py:190} INFO - [2024-09-22T23:31:55.507+0000] {dag.py:3229} INFO - Sync 1 DAGs
[2024-09-22T23:31:55.531+0000] {logging_mixin.py:190} INFO - [2024-09-22T23:31:55.531+0000] {dag.py:4156} INFO - Setting next_dagrun for example_python_decorator to None, run_after=None
[2024-09-22T23:31:55.557+0000] {processor.py:208} INFO - Processing /home/airflow/.local/lib/python3.12/site-packages/airflow/example_dags/example_python_decorator.py took 0.122 seconds
[2024-09-22T23:32:26.038+0000] {processor.py:186} INFO - Started process (PID=837) to work on /home/airflow/.local/lib/python3.12/site-packages/airflow/example_dags/example_python_decorator.py
[2024-09-22T23:32:26.040+0000] {processor.py:914} INFO - Processing file /home/airflow/.local/lib/python3.12/site-packages/airflow/example_dags/example_python_decorator.py for tasks to queue
[2024-09-22T23:32:26.043+0000] {logging_mixin.py:190} INFO - [2024-09-22T23:32:26.043+0000] {dagbag.py:587} INFO - Filling up the DagBag from /home/airflow/.local/lib/python3.12/site-packages/airflow/example_dags/example_python_decorator.py
[2024-09-22T23:32:26.071+0000] {processor.py:925} INFO - DAG(s) 'example_python_decorator' retrieved from /home/airflow/.local/lib/python3.12/site-packages/airflow/example_dags/example_python_decorator.py
[2024-09-22T23:32:26.109+0000] {logging_mixin.py:190} INFO - [2024-09-22T23:32:26.108+0000] {dag.py:3229} INFO - Sync 1 DAGs
[2024-09-22T23:32:26.139+0000] {logging_mixin.py:190} INFO - [2024-09-22T23:32:26.138+0000] {dag.py:4156} INFO - Setting next_dagrun for example_python_decorator to None, run_after=None
[2024-09-22T23:32:26.172+0000] {processor.py:208} INFO - Processing /home/airflow/.local/lib/python3.12/site-packages/airflow/example_dags/example_python_decorator.py took 0.144 seconds
[2024-09-22T23:32:56.882+0000] {processor.py:186} INFO - Started process (PID=900) to work on /home/airflow/.local/lib/python3.12/site-packages/airflow/example_dags/example_python_decorator.py
[2024-09-22T23:32:56.884+0000] {processor.py:914} INFO - Processing file /home/airflow/.local/lib/python3.12/site-packages/airflow/example_dags/example_python_decorator.py for tasks to queue
[2024-09-22T23:32:56.888+0000] {logging_mixin.py:190} INFO - [2024-09-22T23:32:56.887+0000] {dagbag.py:587} INFO - Filling up the DagBag from /home/airflow/.local/lib/python3.12/site-packages/airflow/example_dags/example_python_decorator.py
[2024-09-22T23:32:56.915+0000] {processor.py:925} INFO - DAG(s) 'example_python_decorator' retrieved from /home/airflow/.local/lib/python3.12/site-packages/airflow/example_dags/example_python_decorator.py
[2024-09-22T23:32:56.950+0000] {logging_mixin.py:190} INFO - [2024-09-22T23:32:56.949+0000] {dag.py:3229} INFO - Sync 1 DAGs
[2024-09-22T23:32:56.979+0000] {logging_mixin.py:190} INFO - [2024-09-22T23:32:56.979+0000] {dag.py:4156} INFO - Setting next_dagrun for example_python_decorator to None, run_after=None
[2024-09-22T23:32:57.011+0000] {processor.py:208} INFO - Processing /home/airflow/.local/lib/python3.12/site-packages/airflow/example_dags/example_python_decorator.py took 0.142 seconds
[2024-09-22T23:33:27.193+0000] {processor.py:186} INFO - Started process (PID=963) to work on /home/airflow/.local/lib/python3.12/site-packages/airflow/example_dags/example_python_decorator.py
[2024-09-22T23:33:27.195+0000] {processor.py:914} INFO - Processing file /home/airflow/.local/lib/python3.12/site-packages/airflow/example_dags/example_python_decorator.py for tasks to queue
[2024-09-22T23:33:27.198+0000] {logging_mixin.py:190} INFO - [2024-09-22T23:33:27.198+0000] {dagbag.py:587} INFO - Filling up the DagBag from /home/airflow/.local/lib/python3.12/site-packages/airflow/example_dags/example_python_decorator.py
[2024-09-22T23:33:27.226+0000] {processor.py:925} INFO - DAG(s) 'example_python_decorator' retrieved from /home/airflow/.local/lib/python3.12/site-packages/airflow/example_dags/example_python_decorator.py
[2024-09-22T23:33:27.263+0000] {logging_mixin.py:190} INFO - [2024-09-22T23:33:27.263+0000] {dag.py:3229} INFO - Sync 1 DAGs
[2024-09-22T23:33:27.285+0000] {logging_mixin.py:190} INFO - [2024-09-22T23:33:27.284+0000] {dag.py:4156} INFO - Setting next_dagrun for example_python_decorator to None, run_after=None
[2024-09-22T23:33:27.311+0000] {processor.py:208} INFO - Processing /home/airflow/.local/lib/python3.12/site-packages/airflow/example_dags/example_python_decorator.py took 0.127 seconds
[2024-09-22T23:33:57.533+0000] {processor.py:186} INFO - Started process (PID=1026) to work on /home/airflow/.local/lib/python3.12/site-packages/airflow/example_dags/example_python_decorator.py
[2024-09-22T23:33:57.535+0000] {processor.py:914} INFO - Processing file /home/airflow/.local/lib/python3.12/site-packages/airflow/example_dags/example_python_decorator.py for tasks to queue
[2024-09-22T23:33:57.538+0000] {logging_mixin.py:190} INFO - [2024-09-22T23:33:57.537+0000] {dagbag.py:587} INFO - Filling up the DagBag from /home/airflow/.local/lib/python3.12/site-packages/airflow/example_dags/example_python_decorator.py
[2024-09-22T23:33:57.563+0000] {processor.py:925} INFO - DAG(s) 'example_python_decorator' retrieved from /home/airflow/.local/lib/python3.12/site-packages/airflow/example_dags/example_python_decorator.py
[2024-09-22T23:33:57.601+0000] {logging_mixin.py:190} INFO - [2024-09-22T23:33:57.601+0000] {dag.py:3229} INFO - Sync 1 DAGs
[2024-09-22T23:33:57.626+0000] {logging_mixin.py:190} INFO - [2024-09-22T23:33:57.625+0000] {dag.py:4156} INFO - Setting next_dagrun for example_python_decorator to None, run_after=None
[2024-09-22T23:33:57.655+0000] {processor.py:208} INFO - Processing /home/airflow/.local/lib/python3.12/site-packages/airflow/example_dags/example_python_decorator.py took 0.130 seconds
[2024-09-22T23:34:27.742+0000] {processor.py:186} INFO - Started process (PID=1089) to work on /home/airflow/.local/lib/python3.12/site-packages/airflow/example_dags/example_python_decorator.py
[2024-09-22T23:34:27.745+0000] {processor.py:914} INFO - Processing file /home/airflow/.local/lib/python3.12/site-packages/airflow/example_dags/example_python_decorator.py for tasks to queue
[2024-09-22T23:34:27.750+0000] {logging_mixin.py:190} INFO - [2024-09-22T23:34:27.749+0000] {dagbag.py:587} INFO - Filling up the DagBag from /home/airflow/.local/lib/python3.12/site-packages/airflow/example_dags/example_python_decorator.py
[2024-09-22T23:34:27.793+0000] {processor.py:925} INFO - DAG(s) 'example_python_decorator' retrieved from /home/airflow/.local/lib/python3.12/site-packages/airflow/example_dags/example_python_decorator.py
[2024-09-22T23:34:27.838+0000] {logging_mixin.py:190} INFO - [2024-09-22T23:34:27.838+0000] {dag.py:3229} INFO - Sync 1 DAGs
[2024-09-22T23:34:27.867+0000] {logging_mixin.py:190} INFO - [2024-09-22T23:34:27.866+0000] {dag.py:4156} INFO - Setting next_dagrun for example_python_decorator to None, run_after=None
[2024-09-22T23:34:27.901+0000] {processor.py:208} INFO - Processing /home/airflow/.local/lib/python3.12/site-packages/airflow/example_dags/example_python_decorator.py took 0.170 seconds
[2024-09-22T23:34:58.010+0000] {processor.py:186} INFO - Started process (PID=1152) to work on /home/airflow/.local/lib/python3.12/site-packages/airflow/example_dags/example_python_decorator.py
[2024-09-22T23:34:58.012+0000] {processor.py:914} INFO - Processing file /home/airflow/.local/lib/python3.12/site-packages/airflow/example_dags/example_python_decorator.py for tasks to queue
[2024-09-22T23:34:58.016+0000] {logging_mixin.py:190} INFO - [2024-09-22T23:34:58.015+0000] {dagbag.py:587} INFO - Filling up the DagBag from /home/airflow/.local/lib/python3.12/site-packages/airflow/example_dags/example_python_decorator.py
[2024-09-22T23:34:58.042+0000] {processor.py:925} INFO - DAG(s) 'example_python_decorator' retrieved from /home/airflow/.local/lib/python3.12/site-packages/airflow/example_dags/example_python_decorator.py
[2024-09-22T23:34:58.080+0000] {logging_mixin.py:190} INFO - [2024-09-22T23:34:58.079+0000] {dag.py:3229} INFO - Sync 1 DAGs
[2024-09-22T23:34:58.110+0000] {logging_mixin.py:190} INFO - [2024-09-22T23:34:58.110+0000] {dag.py:4156} INFO - Setting next_dagrun for example_python_decorator to None, run_after=None
[2024-09-22T23:34:58.139+0000] {processor.py:208} INFO - Processing /home/airflow/.local/lib/python3.12/site-packages/airflow/example_dags/example_python_decorator.py took 0.138 seconds
[2024-09-22T23:35:28.212+0000] {processor.py:186} INFO - Started process (PID=1215) to work on /home/airflow/.local/lib/python3.12/site-packages/airflow/example_dags/example_python_decorator.py
[2024-09-22T23:35:28.214+0000] {processor.py:914} INFO - Processing file /home/airflow/.local/lib/python3.12/site-packages/airflow/example_dags/example_python_decorator.py for tasks to queue
[2024-09-22T23:35:28.217+0000] {logging_mixin.py:190} INFO - [2024-09-22T23:35:28.217+0000] {dagbag.py:587} INFO - Filling up the DagBag from /home/airflow/.local/lib/python3.12/site-packages/airflow/example_dags/example_python_decorator.py
[2024-09-22T23:35:28.244+0000] {processor.py:925} INFO - DAG(s) 'example_python_decorator' retrieved from /home/airflow/.local/lib/python3.12/site-packages/airflow/example_dags/example_python_decorator.py
[2024-09-22T23:35:28.279+0000] {logging_mixin.py:190} INFO - [2024-09-22T23:35:28.278+0000] {dag.py:3229} INFO - Sync 1 DAGs
[2024-09-22T23:35:28.305+0000] {logging_mixin.py:190} INFO - [2024-09-22T23:35:28.305+0000] {dag.py:4156} INFO - Setting next_dagrun for example_python_decorator to None, run_after=None
[2024-09-22T23:35:28.332+0000] {processor.py:208} INFO - Processing /home/airflow/.local/lib/python3.12/site-packages/airflow/example_dags/example_python_decorator.py took 0.131 seconds
[2024-09-22T23:35:58.613+0000] {processor.py:186} INFO - Started process (PID=1278) to work on /home/airflow/.local/lib/python3.12/site-packages/airflow/example_dags/example_python_decorator.py
[2024-09-22T23:35:58.615+0000] {processor.py:914} INFO - Processing file /home/airflow/.local/lib/python3.12/site-packages/airflow/example_dags/example_python_decorator.py for tasks to queue
[2024-09-22T23:35:58.618+0000] {logging_mixin.py:190} INFO - [2024-09-22T23:35:58.618+0000] {dagbag.py:587} INFO - Filling up the DagBag from /home/airflow/.local/lib/python3.12/site-packages/airflow/example_dags/example_python_decorator.py
[2024-09-22T23:35:58.645+0000] {processor.py:925} INFO - DAG(s) 'example_python_decorator' retrieved from /home/airflow/.local/lib/python3.12/site-packages/airflow/example_dags/example_python_decorator.py
[2024-09-22T23:35:58.680+0000] {logging_mixin.py:190} INFO - [2024-09-22T23:35:58.679+0000] {dag.py:3229} INFO - Sync 1 DAGs
[2024-09-22T23:35:58.701+0000] {logging_mixin.py:190} INFO - [2024-09-22T23:35:58.701+0000] {dag.py:4156} INFO - Setting next_dagrun for example_python_decorator to None, run_after=None
[2024-09-22T23:35:58.726+0000] {processor.py:208} INFO - Processing /home/airflow/.local/lib/python3.12/site-packages/airflow/example_dags/example_python_decorator.py took 0.121 seconds
[2024-09-22T23:36:29.635+0000] {processor.py:186} INFO - Started process (PID=1341) to work on /home/airflow/.local/lib/python3.12/site-packages/airflow/example_dags/example_python_decorator.py
[2024-09-22T23:36:29.637+0000] {processor.py:914} INFO - Processing file /home/airflow/.local/lib/python3.12/site-packages/airflow/example_dags/example_python_decorator.py for tasks to queue
[2024-09-22T23:36:29.640+0000] {logging_mixin.py:190} INFO - [2024-09-22T23:36:29.640+0000] {dagbag.py:587} INFO - Filling up the DagBag from /home/airflow/.local/lib/python3.12/site-packages/airflow/example_dags/example_python_decorator.py
[2024-09-22T23:36:29.667+0000] {processor.py:925} INFO - DAG(s) 'example_python_decorator' retrieved from /home/airflow/.local/lib/python3.12/site-packages/airflow/example_dags/example_python_decorator.py
[2024-09-22T23:36:29.707+0000] {logging_mixin.py:190} INFO - [2024-09-22T23:36:29.706+0000] {dag.py:3229} INFO - Sync 1 DAGs
[2024-09-22T23:36:29.731+0000] {logging_mixin.py:190} INFO - [2024-09-22T23:36:29.730+0000] {dag.py:4156} INFO - Setting next_dagrun for example_python_decorator to None, run_after=None
[2024-09-22T23:36:29.757+0000] {processor.py:208} INFO - Processing /home/airflow/.local/lib/python3.12/site-packages/airflow/example_dags/example_python_decorator.py took 0.131 seconds
[2024-09-22T23:37:00.108+0000] {processor.py:186} INFO - Started process (PID=1404) to work on /home/airflow/.local/lib/python3.12/site-packages/airflow/example_dags/example_python_decorator.py
[2024-09-22T23:37:00.110+0000] {processor.py:914} INFO - Processing file /home/airflow/.local/lib/python3.12/site-packages/airflow/example_dags/example_python_decorator.py for tasks to queue
[2024-09-22T23:37:00.114+0000] {logging_mixin.py:190} INFO - [2024-09-22T23:37:00.113+0000] {dagbag.py:587} INFO - Filling up the DagBag from /home/airflow/.local/lib/python3.12/site-packages/airflow/example_dags/example_python_decorator.py
[2024-09-22T23:37:00.150+0000] {processor.py:925} INFO - DAG(s) 'example_python_decorator' retrieved from /home/airflow/.local/lib/python3.12/site-packages/airflow/example_dags/example_python_decorator.py
[2024-09-22T23:37:00.187+0000] {logging_mixin.py:190} INFO - [2024-09-22T23:37:00.187+0000] {dag.py:3229} INFO - Sync 1 DAGs
[2024-09-22T23:37:00.212+0000] {logging_mixin.py:190} INFO - [2024-09-22T23:37:00.212+0000] {dag.py:4156} INFO - Setting next_dagrun for example_python_decorator to None, run_after=None
[2024-09-22T23:37:00.236+0000] {processor.py:208} INFO - Processing /home/airflow/.local/lib/python3.12/site-packages/airflow/example_dags/example_python_decorator.py took 0.142 seconds
[2024-09-22T23:37:30.465+0000] {processor.py:186} INFO - Started process (PID=1467) to work on /home/airflow/.local/lib/python3.12/site-packages/airflow/example_dags/example_python_decorator.py
[2024-09-22T23:37:30.467+0000] {processor.py:914} INFO - Processing file /home/airflow/.local/lib/python3.12/site-packages/airflow/example_dags/example_python_decorator.py for tasks to queue
[2024-09-22T23:37:30.470+0000] {logging_mixin.py:190} INFO - [2024-09-22T23:37:30.470+0000] {dagbag.py:587} INFO - Filling up the DagBag from /home/airflow/.local/lib/python3.12/site-packages/airflow/example_dags/example_python_decorator.py
[2024-09-22T23:37:30.496+0000] {processor.py:925} INFO - DAG(s) 'example_python_decorator' retrieved from /home/airflow/.local/lib/python3.12/site-packages/airflow/example_dags/example_python_decorator.py
[2024-09-22T23:37:30.536+0000] {logging_mixin.py:190} INFO - [2024-09-22T23:37:30.536+0000] {dag.py:3229} INFO - Sync 1 DAGs
[2024-09-22T23:37:30.559+0000] {logging_mixin.py:190} INFO - [2024-09-22T23:37:30.559+0000] {dag.py:4156} INFO - Setting next_dagrun for example_python_decorator to None, run_after=None
[2024-09-22T23:37:30.583+0000] {processor.py:208} INFO - Processing /home/airflow/.local/lib/python3.12/site-packages/airflow/example_dags/example_python_decorator.py took 0.127 seconds
[2024-09-22T23:38:00.740+0000] {processor.py:186} INFO - Started process (PID=1530) to work on /home/airflow/.local/lib/python3.12/site-packages/airflow/example_dags/example_python_decorator.py
[2024-09-22T23:38:00.741+0000] {processor.py:914} INFO - Processing file /home/airflow/.local/lib/python3.12/site-packages/airflow/example_dags/example_python_decorator.py for tasks to queue
[2024-09-22T23:38:00.745+0000] {logging_mixin.py:190} INFO - [2024-09-22T23:38:00.744+0000] {dagbag.py:587} INFO - Filling up the DagBag from /home/airflow/.local/lib/python3.12/site-packages/airflow/example_dags/example_python_decorator.py
[2024-09-22T23:38:00.771+0000] {processor.py:925} INFO - DAG(s) 'example_python_decorator' retrieved from /home/airflow/.local/lib/python3.12/site-packages/airflow/example_dags/example_python_decorator.py
[2024-09-22T23:38:00.811+0000] {logging_mixin.py:190} INFO - [2024-09-22T23:38:00.811+0000] {dag.py:3229} INFO - Sync 1 DAGs
[2024-09-22T23:38:00.840+0000] {logging_mixin.py:190} INFO - [2024-09-22T23:38:00.839+0000] {dag.py:4156} INFO - Setting next_dagrun for example_python_decorator to None, run_after=None
[2024-09-22T23:38:00.865+0000] {processor.py:208} INFO - Processing /home/airflow/.local/lib/python3.12/site-packages/airflow/example_dags/example_python_decorator.py took 0.135 seconds
[2024-09-22T23:38:31.424+0000] {processor.py:186} INFO - Started process (PID=1593) to work on /home/airflow/.local/lib/python3.12/site-packages/airflow/example_dags/example_python_decorator.py
[2024-09-22T23:38:31.425+0000] {processor.py:914} INFO - Processing file /home/airflow/.local/lib/python3.12/site-packages/airflow/example_dags/example_python_decorator.py for tasks to queue
[2024-09-22T23:38:31.428+0000] {logging_mixin.py:190} INFO - [2024-09-22T23:38:31.428+0000] {dagbag.py:587} INFO - Filling up the DagBag from /home/airflow/.local/lib/python3.12/site-packages/airflow/example_dags/example_python_decorator.py
[2024-09-22T23:38:31.454+0000] {processor.py:925} INFO - DAG(s) 'example_python_decorator' retrieved from /home/airflow/.local/lib/python3.12/site-packages/airflow/example_dags/example_python_decorator.py
[2024-09-22T23:38:31.494+0000] {logging_mixin.py:190} INFO - [2024-09-22T23:38:31.494+0000] {dag.py:3229} INFO - Sync 1 DAGs
[2024-09-22T23:38:31.519+0000] {logging_mixin.py:190} INFO - [2024-09-22T23:38:31.518+0000] {dag.py:4156} INFO - Setting next_dagrun for example_python_decorator to None, run_after=None
[2024-09-22T23:38:31.543+0000] {processor.py:208} INFO - Processing /home/airflow/.local/lib/python3.12/site-packages/airflow/example_dags/example_python_decorator.py took 0.127 seconds
[2024-09-22T23:39:01.955+0000] {processor.py:186} INFO - Started process (PID=1656) to work on /home/airflow/.local/lib/python3.12/site-packages/airflow/example_dags/example_python_decorator.py
[2024-09-22T23:39:01.957+0000] {processor.py:914} INFO - Processing file /home/airflow/.local/lib/python3.12/site-packages/airflow/example_dags/example_python_decorator.py for tasks to queue
[2024-09-22T23:39:01.960+0000] {logging_mixin.py:190} INFO - [2024-09-22T23:39:01.960+0000] {dagbag.py:587} INFO - Filling up the DagBag from /home/airflow/.local/lib/python3.12/site-packages/airflow/example_dags/example_python_decorator.py
[2024-09-22T23:39:01.985+0000] {processor.py:925} INFO - DAG(s) 'example_python_decorator' retrieved from /home/airflow/.local/lib/python3.12/site-packages/airflow/example_dags/example_python_decorator.py
[2024-09-22T23:39:02.019+0000] {logging_mixin.py:190} INFO - [2024-09-22T23:39:02.018+0000] {dag.py:3229} INFO - Sync 1 DAGs
[2024-09-22T23:39:02.040+0000] {logging_mixin.py:190} INFO - [2024-09-22T23:39:02.040+0000] {dag.py:4156} INFO - Setting next_dagrun for example_python_decorator to None, run_after=None
[2024-09-22T23:39:02.067+0000] {processor.py:208} INFO - Processing /home/airflow/.local/lib/python3.12/site-packages/airflow/example_dags/example_python_decorator.py took 0.125 seconds
[2024-09-22T23:39:32.355+0000] {processor.py:186} INFO - Started process (PID=1725) to work on /home/airflow/.local/lib/python3.12/site-packages/airflow/example_dags/example_python_decorator.py
[2024-09-22T23:39:32.357+0000] {processor.py:914} INFO - Processing file /home/airflow/.local/lib/python3.12/site-packages/airflow/example_dags/example_python_decorator.py for tasks to queue
[2024-09-22T23:39:32.362+0000] {logging_mixin.py:190} INFO - [2024-09-22T23:39:32.361+0000] {dagbag.py:587} INFO - Filling up the DagBag from /home/airflow/.local/lib/python3.12/site-packages/airflow/example_dags/example_python_decorator.py
[2024-09-22T23:39:32.395+0000] {processor.py:925} INFO - DAG(s) 'example_python_decorator' retrieved from /home/airflow/.local/lib/python3.12/site-packages/airflow/example_dags/example_python_decorator.py
[2024-09-22T23:39:32.440+0000] {logging_mixin.py:190} INFO - [2024-09-22T23:39:32.439+0000] {dag.py:3229} INFO - Sync 1 DAGs
[2024-09-22T23:39:32.468+0000] {logging_mixin.py:190} INFO - [2024-09-22T23:39:32.468+0000] {dag.py:4156} INFO - Setting next_dagrun for example_python_decorator to None, run_after=None
[2024-09-22T23:39:32.499+0000] {processor.py:208} INFO - Processing /home/airflow/.local/lib/python3.12/site-packages/airflow/example_dags/example_python_decorator.py took 0.154 seconds
[2024-09-22T23:40:02.917+0000] {processor.py:186} INFO - Started process (PID=1788) to work on /home/airflow/.local/lib/python3.12/site-packages/airflow/example_dags/example_python_decorator.py
[2024-09-22T23:40:02.919+0000] {processor.py:914} INFO - Processing file /home/airflow/.local/lib/python3.12/site-packages/airflow/example_dags/example_python_decorator.py for tasks to queue
[2024-09-22T23:40:02.923+0000] {logging_mixin.py:190} INFO - [2024-09-22T23:40:02.922+0000] {dagbag.py:587} INFO - Filling up the DagBag from /home/airflow/.local/lib/python3.12/site-packages/airflow/example_dags/example_python_decorator.py
[2024-09-22T23:40:02.948+0000] {processor.py:925} INFO - DAG(s) 'example_python_decorator' retrieved from /home/airflow/.local/lib/python3.12/site-packages/airflow/example_dags/example_python_decorator.py
[2024-09-22T23:40:02.981+0000] {logging_mixin.py:190} INFO - [2024-09-22T23:40:02.981+0000] {dag.py:3229} INFO - Sync 1 DAGs
[2024-09-22T23:40:03.002+0000] {logging_mixin.py:190} INFO - [2024-09-22T23:40:03.001+0000] {dag.py:4156} INFO - Setting next_dagrun for example_python_decorator to None, run_after=None
[2024-09-22T23:40:03.027+0000] {processor.py:208} INFO - Processing /home/airflow/.local/lib/python3.12/site-packages/airflow/example_dags/example_python_decorator.py took 0.118 seconds
[2024-09-22T23:40:33.998+0000] {processor.py:186} INFO - Started process (PID=1851) to work on /home/airflow/.local/lib/python3.12/site-packages/airflow/example_dags/example_python_decorator.py
[2024-09-22T23:40:33.999+0000] {processor.py:914} INFO - Processing file /home/airflow/.local/lib/python3.12/site-packages/airflow/example_dags/example_python_decorator.py for tasks to queue
[2024-09-22T23:40:34.003+0000] {logging_mixin.py:190} INFO - [2024-09-22T23:40:34.002+0000] {dagbag.py:587} INFO - Filling up the DagBag from /home/airflow/.local/lib/python3.12/site-packages/airflow/example_dags/example_python_decorator.py
[2024-09-22T23:40:34.028+0000] {processor.py:925} INFO - DAG(s) 'example_python_decorator' retrieved from /home/airflow/.local/lib/python3.12/site-packages/airflow/example_dags/example_python_decorator.py
[2024-09-22T23:40:34.063+0000] {logging_mixin.py:190} INFO - [2024-09-22T23:40:34.062+0000] {dag.py:3229} INFO - Sync 1 DAGs
[2024-09-22T23:40:34.082+0000] {logging_mixin.py:190} INFO - [2024-09-22T23:40:34.082+0000] {dag.py:4156} INFO - Setting next_dagrun for example_python_decorator to None, run_after=None
[2024-09-22T23:40:34.108+0000] {processor.py:208} INFO - Processing /home/airflow/.local/lib/python3.12/site-packages/airflow/example_dags/example_python_decorator.py took 0.119 seconds
[2024-09-22T23:41:04.362+0000] {processor.py:186} INFO - Started process (PID=1914) to work on /home/airflow/.local/lib/python3.12/site-packages/airflow/example_dags/example_python_decorator.py
[2024-09-22T23:41:04.364+0000] {processor.py:914} INFO - Processing file /home/airflow/.local/lib/python3.12/site-packages/airflow/example_dags/example_python_decorator.py for tasks to queue
[2024-09-22T23:41:04.368+0000] {logging_mixin.py:190} INFO - [2024-09-22T23:41:04.367+0000] {dagbag.py:587} INFO - Filling up the DagBag from /home/airflow/.local/lib/python3.12/site-packages/airflow/example_dags/example_python_decorator.py
[2024-09-22T23:41:04.394+0000] {processor.py:925} INFO - DAG(s) 'example_python_decorator' retrieved from /home/airflow/.local/lib/python3.12/site-packages/airflow/example_dags/example_python_decorator.py
[2024-09-22T23:41:04.428+0000] {logging_mixin.py:190} INFO - [2024-09-22T23:41:04.427+0000] {dag.py:3229} INFO - Sync 1 DAGs
[2024-09-22T23:41:04.450+0000] {logging_mixin.py:190} INFO - [2024-09-22T23:41:04.450+0000] {dag.py:4156} INFO - Setting next_dagrun for example_python_decorator to None, run_after=None
[2024-09-22T23:41:04.757+0000] {processor.py:208} INFO - Processing /home/airflow/.local/lib/python3.12/site-packages/airflow/example_dags/example_python_decorator.py took 0.404 seconds
[2024-09-22T23:41:34.947+0000] {processor.py:186} INFO - Started process (PID=1977) to work on /home/airflow/.local/lib/python3.12/site-packages/airflow/example_dags/example_python_decorator.py
[2024-09-22T23:41:34.949+0000] {processor.py:914} INFO - Processing file /home/airflow/.local/lib/python3.12/site-packages/airflow/example_dags/example_python_decorator.py for tasks to queue
[2024-09-22T23:41:34.954+0000] {logging_mixin.py:190} INFO - [2024-09-22T23:41:34.953+0000] {dagbag.py:587} INFO - Filling up the DagBag from /home/airflow/.local/lib/python3.12/site-packages/airflow/example_dags/example_python_decorator.py
[2024-09-22T23:41:34.979+0000] {processor.py:925} INFO - DAG(s) 'example_python_decorator' retrieved from /home/airflow/.local/lib/python3.12/site-packages/airflow/example_dags/example_python_decorator.py
[2024-09-22T23:41:35.012+0000] {logging_mixin.py:190} INFO - [2024-09-22T23:41:35.012+0000] {dag.py:3229} INFO - Sync 1 DAGs
[2024-09-22T23:41:35.032+0000] {logging_mixin.py:190} INFO - [2024-09-22T23:41:35.031+0000] {dag.py:4156} INFO - Setting next_dagrun for example_python_decorator to None, run_after=None
[2024-09-22T23:41:35.055+0000] {processor.py:208} INFO - Processing /home/airflow/.local/lib/python3.12/site-packages/airflow/example_dags/example_python_decorator.py took 0.119 seconds
[2024-09-22T23:42:07.907+0000] {processor.py:186} INFO - Started process (PID=2038) to work on /home/airflow/.local/lib/python3.12/site-packages/airflow/example_dags/example_python_decorator.py
[2024-09-22T23:42:07.909+0000] {processor.py:914} INFO - Processing file /home/airflow/.local/lib/python3.12/site-packages/airflow/example_dags/example_python_decorator.py for tasks to queue
[2024-09-22T23:42:07.913+0000] {logging_mixin.py:190} INFO - [2024-09-22T23:42:07.912+0000] {dagbag.py:587} INFO - Filling up the DagBag from /home/airflow/.local/lib/python3.12/site-packages/airflow/example_dags/example_python_decorator.py
[2024-09-22T23:42:07.947+0000] {processor.py:925} INFO - DAG(s) 'example_python_decorator' retrieved from /home/airflow/.local/lib/python3.12/site-packages/airflow/example_dags/example_python_decorator.py
[2024-09-22T23:42:07.979+0000] {logging_mixin.py:190} INFO - [2024-09-22T23:42:07.979+0000] {dag.py:3229} INFO - Sync 1 DAGs
[2024-09-22T23:42:08.000+0000] {logging_mixin.py:190} INFO - [2024-09-22T23:42:07.999+0000] {dag.py:4156} INFO - Setting next_dagrun for example_python_decorator to None, run_after=None
[2024-09-22T23:42:08.025+0000] {processor.py:208} INFO - Processing /home/airflow/.local/lib/python3.12/site-packages/airflow/example_dags/example_python_decorator.py took 0.128 seconds
[2024-09-22T23:42:38.266+0000] {processor.py:186} INFO - Started process (PID=2101) to work on /home/airflow/.local/lib/python3.12/site-packages/airflow/example_dags/example_python_decorator.py
[2024-09-22T23:42:38.268+0000] {processor.py:914} INFO - Processing file /home/airflow/.local/lib/python3.12/site-packages/airflow/example_dags/example_python_decorator.py for tasks to queue
[2024-09-22T23:42:38.271+0000] {logging_mixin.py:190} INFO - [2024-09-22T23:42:38.271+0000] {dagbag.py:587} INFO - Filling up the DagBag from /home/airflow/.local/lib/python3.12/site-packages/airflow/example_dags/example_python_decorator.py
[2024-09-22T23:42:38.298+0000] {processor.py:925} INFO - DAG(s) 'example_python_decorator' retrieved from /home/airflow/.local/lib/python3.12/site-packages/airflow/example_dags/example_python_decorator.py
[2024-09-22T23:42:38.329+0000] {logging_mixin.py:190} INFO - [2024-09-22T23:42:38.329+0000] {dag.py:3229} INFO - Sync 1 DAGs
[2024-09-22T23:42:38.348+0000] {logging_mixin.py:190} INFO - [2024-09-22T23:42:38.348+0000] {dag.py:4156} INFO - Setting next_dagrun for example_python_decorator to None, run_after=None
[2024-09-22T23:42:38.370+0000] {processor.py:208} INFO - Processing /home/airflow/.local/lib/python3.12/site-packages/airflow/example_dags/example_python_decorator.py took 0.113 seconds
[2024-09-22T23:43:09.438+0000] {processor.py:186} INFO - Started process (PID=2165) to work on /home/airflow/.local/lib/python3.12/site-packages/airflow/example_dags/example_python_decorator.py
[2024-09-22T23:43:09.441+0000] {processor.py:914} INFO - Processing file /home/airflow/.local/lib/python3.12/site-packages/airflow/example_dags/example_python_decorator.py for tasks to queue
[2024-09-22T23:43:09.451+0000] {logging_mixin.py:190} INFO - [2024-09-22T23:43:09.450+0000] {dagbag.py:587} INFO - Filling up the DagBag from /home/airflow/.local/lib/python3.12/site-packages/airflow/example_dags/example_python_decorator.py
[2024-09-22T23:43:09.514+0000] {processor.py:925} INFO - DAG(s) 'example_python_decorator' retrieved from /home/airflow/.local/lib/python3.12/site-packages/airflow/example_dags/example_python_decorator.py
[2024-09-22T23:43:09.593+0000] {logging_mixin.py:190} INFO - [2024-09-22T23:43:09.592+0000] {dag.py:3229} INFO - Sync 1 DAGs
[2024-09-22T23:43:09.633+0000] {logging_mixin.py:190} INFO - [2024-09-22T23:43:09.633+0000] {dag.py:4156} INFO - Setting next_dagrun for example_python_decorator to None, run_after=None
[2024-09-22T23:43:09.676+0000] {processor.py:208} INFO - Processing /home/airflow/.local/lib/python3.12/site-packages/airflow/example_dags/example_python_decorator.py took 0.266 seconds
[2024-09-22T23:43:39.892+0000] {processor.py:186} INFO - Started process (PID=2228) to work on /home/airflow/.local/lib/python3.12/site-packages/airflow/example_dags/example_python_decorator.py
[2024-09-22T23:43:39.894+0000] {processor.py:914} INFO - Processing file /home/airflow/.local/lib/python3.12/site-packages/airflow/example_dags/example_python_decorator.py for tasks to queue
[2024-09-22T23:43:39.898+0000] {logging_mixin.py:190} INFO - [2024-09-22T23:43:39.897+0000] {dagbag.py:587} INFO - Filling up the DagBag from /home/airflow/.local/lib/python3.12/site-packages/airflow/example_dags/example_python_decorator.py
[2024-09-22T23:43:39.926+0000] {processor.py:925} INFO - DAG(s) 'example_python_decorator' retrieved from /home/airflow/.local/lib/python3.12/site-packages/airflow/example_dags/example_python_decorator.py
[2024-09-22T23:43:39.970+0000] {logging_mixin.py:190} INFO - [2024-09-22T23:43:39.969+0000] {dag.py:3229} INFO - Sync 1 DAGs
[2024-09-22T23:43:39.991+0000] {logging_mixin.py:190} INFO - [2024-09-22T23:43:39.990+0000] {dag.py:4156} INFO - Setting next_dagrun for example_python_decorator to None, run_after=None
[2024-09-22T23:43:40.016+0000] {processor.py:208} INFO - Processing /home/airflow/.local/lib/python3.12/site-packages/airflow/example_dags/example_python_decorator.py took 0.135 seconds
[2024-09-22T23:44:10.298+0000] {processor.py:186} INFO - Started process (PID=2291) to work on /home/airflow/.local/lib/python3.12/site-packages/airflow/example_dags/example_python_decorator.py
[2024-09-22T23:44:10.300+0000] {processor.py:914} INFO - Processing file /home/airflow/.local/lib/python3.12/site-packages/airflow/example_dags/example_python_decorator.py for tasks to queue
[2024-09-22T23:44:10.304+0000] {logging_mixin.py:190} INFO - [2024-09-22T23:44:10.303+0000] {dagbag.py:587} INFO - Filling up the DagBag from /home/airflow/.local/lib/python3.12/site-packages/airflow/example_dags/example_python_decorator.py
[2024-09-22T23:44:10.335+0000] {processor.py:925} INFO - DAG(s) 'example_python_decorator' retrieved from /home/airflow/.local/lib/python3.12/site-packages/airflow/example_dags/example_python_decorator.py
[2024-09-22T23:44:10.368+0000] {logging_mixin.py:190} INFO - [2024-09-22T23:44:10.368+0000] {dag.py:3229} INFO - Sync 1 DAGs
[2024-09-22T23:44:10.391+0000] {logging_mixin.py:190} INFO - [2024-09-22T23:44:10.391+0000] {dag.py:4156} INFO - Setting next_dagrun for example_python_decorator to None, run_after=None
[2024-09-22T23:44:10.419+0000] {processor.py:208} INFO - Processing /home/airflow/.local/lib/python3.12/site-packages/airflow/example_dags/example_python_decorator.py took 0.131 seconds
[2024-09-22T23:46:54.894+0000] {processor.py:186} INFO - Started process (PID=93) to work on /home/airflow/.local/lib/python3.12/site-packages/airflow/example_dags/example_python_decorator.py
[2024-09-22T23:46:54.897+0000] {processor.py:914} INFO - Processing file /home/airflow/.local/lib/python3.12/site-packages/airflow/example_dags/example_python_decorator.py for tasks to queue
[2024-09-22T23:46:54.902+0000] {logging_mixin.py:190} INFO - [2024-09-22T23:46:54.901+0000] {dagbag.py:587} INFO - Filling up the DagBag from /home/airflow/.local/lib/python3.12/site-packages/airflow/example_dags/example_python_decorator.py
[2024-09-22T23:46:54.941+0000] {processor.py:925} INFO - DAG(s) 'example_python_decorator' retrieved from /home/airflow/.local/lib/python3.12/site-packages/airflow/example_dags/example_python_decorator.py
[2024-09-22T23:46:55.220+0000] {logging_mixin.py:190} INFO - [2024-09-22T23:46:55.219+0000] {dag.py:3229} INFO - Sync 1 DAGs
[2024-09-22T23:46:55.244+0000] {logging_mixin.py:190} INFO - [2024-09-22T23:46:55.244+0000] {dag.py:4156} INFO - Setting next_dagrun for example_python_decorator to None, run_after=None
[2024-09-22T23:46:55.275+0000] {processor.py:208} INFO - Processing /home/airflow/.local/lib/python3.12/site-packages/airflow/example_dags/example_python_decorator.py took 0.395 seconds
[2024-09-22T23:47:26.009+0000] {processor.py:186} INFO - Started process (PID=155) to work on /home/airflow/.local/lib/python3.12/site-packages/airflow/example_dags/example_python_decorator.py
[2024-09-22T23:47:26.011+0000] {processor.py:914} INFO - Processing file /home/airflow/.local/lib/python3.12/site-packages/airflow/example_dags/example_python_decorator.py for tasks to queue
[2024-09-22T23:47:26.015+0000] {logging_mixin.py:190} INFO - [2024-09-22T23:47:26.014+0000] {dagbag.py:587} INFO - Filling up the DagBag from /home/airflow/.local/lib/python3.12/site-packages/airflow/example_dags/example_python_decorator.py
[2024-09-22T23:47:26.050+0000] {processor.py:925} INFO - DAG(s) 'example_python_decorator' retrieved from /home/airflow/.local/lib/python3.12/site-packages/airflow/example_dags/example_python_decorator.py
[2024-09-22T23:47:26.086+0000] {logging_mixin.py:190} INFO - [2024-09-22T23:47:26.086+0000] {dag.py:3229} INFO - Sync 1 DAGs
[2024-09-22T23:47:26.108+0000] {logging_mixin.py:190} INFO - [2024-09-22T23:47:26.108+0000] {dag.py:4156} INFO - Setting next_dagrun for example_python_decorator to None, run_after=None
[2024-09-22T23:47:26.135+0000] {processor.py:208} INFO - Processing /home/airflow/.local/lib/python3.12/site-packages/airflow/example_dags/example_python_decorator.py took 0.137 seconds
[2024-09-22T23:47:56.502+0000] {processor.py:186} INFO - Started process (PID=218) to work on /home/airflow/.local/lib/python3.12/site-packages/airflow/example_dags/example_python_decorator.py
[2024-09-22T23:47:56.503+0000] {processor.py:914} INFO - Processing file /home/airflow/.local/lib/python3.12/site-packages/airflow/example_dags/example_python_decorator.py for tasks to queue
[2024-09-22T23:47:56.506+0000] {logging_mixin.py:190} INFO - [2024-09-22T23:47:56.506+0000] {dagbag.py:587} INFO - Filling up the DagBag from /home/airflow/.local/lib/python3.12/site-packages/airflow/example_dags/example_python_decorator.py
[2024-09-22T23:47:56.535+0000] {processor.py:925} INFO - DAG(s) 'example_python_decorator' retrieved from /home/airflow/.local/lib/python3.12/site-packages/airflow/example_dags/example_python_decorator.py
[2024-09-22T23:47:56.566+0000] {logging_mixin.py:190} INFO - [2024-09-22T23:47:56.566+0000] {dag.py:3229} INFO - Sync 1 DAGs
[2024-09-22T23:47:56.588+0000] {logging_mixin.py:190} INFO - [2024-09-22T23:47:56.588+0000] {dag.py:4156} INFO - Setting next_dagrun for example_python_decorator to None, run_after=None
[2024-09-22T23:47:56.613+0000] {processor.py:208} INFO - Processing /home/airflow/.local/lib/python3.12/site-packages/airflow/example_dags/example_python_decorator.py took 0.120 seconds
[2024-09-22T23:48:27.003+0000] {processor.py:186} INFO - Started process (PID=281) to work on /home/airflow/.local/lib/python3.12/site-packages/airflow/example_dags/example_python_decorator.py
[2024-09-22T23:48:27.005+0000] {processor.py:914} INFO - Processing file /home/airflow/.local/lib/python3.12/site-packages/airflow/example_dags/example_python_decorator.py for tasks to queue
[2024-09-22T23:48:27.009+0000] {logging_mixin.py:190} INFO - [2024-09-22T23:48:27.008+0000] {dagbag.py:587} INFO - Filling up the DagBag from /home/airflow/.local/lib/python3.12/site-packages/airflow/example_dags/example_python_decorator.py
[2024-09-22T23:48:27.039+0000] {processor.py:925} INFO - DAG(s) 'example_python_decorator' retrieved from /home/airflow/.local/lib/python3.12/site-packages/airflow/example_dags/example_python_decorator.py
[2024-09-22T23:48:27.074+0000] {logging_mixin.py:190} INFO - [2024-09-22T23:48:27.073+0000] {dag.py:3229} INFO - Sync 1 DAGs
[2024-09-22T23:48:27.097+0000] {logging_mixin.py:190} INFO - [2024-09-22T23:48:27.097+0000] {dag.py:4156} INFO - Setting next_dagrun for example_python_decorator to None, run_after=None
[2024-09-22T23:48:27.123+0000] {processor.py:208} INFO - Processing /home/airflow/.local/lib/python3.12/site-packages/airflow/example_dags/example_python_decorator.py took 0.129 seconds
[2024-09-22T23:48:57.737+0000] {processor.py:186} INFO - Started process (PID=344) to work on /home/airflow/.local/lib/python3.12/site-packages/airflow/example_dags/example_python_decorator.py
[2024-09-22T23:48:57.739+0000] {processor.py:914} INFO - Processing file /home/airflow/.local/lib/python3.12/site-packages/airflow/example_dags/example_python_decorator.py for tasks to queue
[2024-09-22T23:48:57.743+0000] {logging_mixin.py:190} INFO - [2024-09-22T23:48:57.742+0000] {dagbag.py:587} INFO - Filling up the DagBag from /home/airflow/.local/lib/python3.12/site-packages/airflow/example_dags/example_python_decorator.py
[2024-09-22T23:48:57.775+0000] {processor.py:925} INFO - DAG(s) 'example_python_decorator' retrieved from /home/airflow/.local/lib/python3.12/site-packages/airflow/example_dags/example_python_decorator.py
[2024-09-22T23:48:57.819+0000] {logging_mixin.py:190} INFO - [2024-09-22T23:48:57.819+0000] {dag.py:3229} INFO - Sync 1 DAGs
[2024-09-22T23:48:57.842+0000] {logging_mixin.py:190} INFO - [2024-09-22T23:48:57.842+0000] {dag.py:4156} INFO - Setting next_dagrun for example_python_decorator to None, run_after=None
[2024-09-22T23:48:57.868+0000] {processor.py:208} INFO - Processing /home/airflow/.local/lib/python3.12/site-packages/airflow/example_dags/example_python_decorator.py took 0.141 seconds
[2024-09-22T23:49:28.622+0000] {processor.py:186} INFO - Started process (PID=407) to work on /home/airflow/.local/lib/python3.12/site-packages/airflow/example_dags/example_python_decorator.py
[2024-09-22T23:49:28.625+0000] {processor.py:914} INFO - Processing file /home/airflow/.local/lib/python3.12/site-packages/airflow/example_dags/example_python_decorator.py for tasks to queue
[2024-09-22T23:49:28.630+0000] {logging_mixin.py:190} INFO - [2024-09-22T23:49:28.629+0000] {dagbag.py:587} INFO - Filling up the DagBag from /home/airflow/.local/lib/python3.12/site-packages/airflow/example_dags/example_python_decorator.py
[2024-09-22T23:49:28.667+0000] {processor.py:925} INFO - DAG(s) 'example_python_decorator' retrieved from /home/airflow/.local/lib/python3.12/site-packages/airflow/example_dags/example_python_decorator.py
[2024-09-22T23:49:28.709+0000] {logging_mixin.py:190} INFO - [2024-09-22T23:49:28.709+0000] {dag.py:3229} INFO - Sync 1 DAGs
[2024-09-22T23:49:28.739+0000] {logging_mixin.py:190} INFO - [2024-09-22T23:49:28.739+0000] {dag.py:4156} INFO - Setting next_dagrun for example_python_decorator to None, run_after=None
[2024-09-22T23:49:28.774+0000] {processor.py:208} INFO - Processing /home/airflow/.local/lib/python3.12/site-packages/airflow/example_dags/example_python_decorator.py took 0.165 seconds
[2024-09-22T23:49:59.143+0000] {processor.py:186} INFO - Started process (PID=470) to work on /home/airflow/.local/lib/python3.12/site-packages/airflow/example_dags/example_python_decorator.py
[2024-09-22T23:49:59.146+0000] {processor.py:914} INFO - Processing file /home/airflow/.local/lib/python3.12/site-packages/airflow/example_dags/example_python_decorator.py for tasks to queue
[2024-09-22T23:49:59.151+0000] {logging_mixin.py:190} INFO - [2024-09-22T23:49:59.150+0000] {dagbag.py:587} INFO - Filling up the DagBag from /home/airflow/.local/lib/python3.12/site-packages/airflow/example_dags/example_python_decorator.py
[2024-09-22T23:49:59.188+0000] {processor.py:925} INFO - DAG(s) 'example_python_decorator' retrieved from /home/airflow/.local/lib/python3.12/site-packages/airflow/example_dags/example_python_decorator.py
[2024-09-22T23:49:59.217+0000] {logging_mixin.py:190} INFO - [2024-09-22T23:49:59.217+0000] {dag.py:3229} INFO - Sync 1 DAGs
[2024-09-22T23:49:59.237+0000] {logging_mixin.py:190} INFO - [2024-09-22T23:49:59.237+0000] {dag.py:4156} INFO - Setting next_dagrun for example_python_decorator to None, run_after=None
[2024-09-22T23:49:59.263+0000] {processor.py:208} INFO - Processing /home/airflow/.local/lib/python3.12/site-packages/airflow/example_dags/example_python_decorator.py took 0.134 seconds
[2024-09-22T23:50:29.416+0000] {processor.py:186} INFO - Started process (PID=533) to work on /home/airflow/.local/lib/python3.12/site-packages/airflow/example_dags/example_python_decorator.py
[2024-09-22T23:50:29.418+0000] {processor.py:914} INFO - Processing file /home/airflow/.local/lib/python3.12/site-packages/airflow/example_dags/example_python_decorator.py for tasks to queue
[2024-09-22T23:50:29.422+0000] {logging_mixin.py:190} INFO - [2024-09-22T23:50:29.422+0000] {dagbag.py:587} INFO - Filling up the DagBag from /home/airflow/.local/lib/python3.12/site-packages/airflow/example_dags/example_python_decorator.py
[2024-09-22T23:50:29.450+0000] {processor.py:925} INFO - DAG(s) 'example_python_decorator' retrieved from /home/airflow/.local/lib/python3.12/site-packages/airflow/example_dags/example_python_decorator.py
[2024-09-22T23:50:29.484+0000] {logging_mixin.py:190} INFO - [2024-09-22T23:50:29.483+0000] {dag.py:3229} INFO - Sync 1 DAGs
[2024-09-22T23:50:29.503+0000] {logging_mixin.py:190} INFO - [2024-09-22T23:50:29.502+0000] {dag.py:4156} INFO - Setting next_dagrun for example_python_decorator to None, run_after=None
[2024-09-22T23:50:29.529+0000] {processor.py:208} INFO - Processing /home/airflow/.local/lib/python3.12/site-packages/airflow/example_dags/example_python_decorator.py took 0.122 seconds
[2024-09-22T23:50:59.908+0000] {processor.py:186} INFO - Started process (PID=596) to work on /home/airflow/.local/lib/python3.12/site-packages/airflow/example_dags/example_python_decorator.py
[2024-09-22T23:50:59.910+0000] {processor.py:914} INFO - Processing file /home/airflow/.local/lib/python3.12/site-packages/airflow/example_dags/example_python_decorator.py for tasks to queue
[2024-09-22T23:50:59.914+0000] {logging_mixin.py:190} INFO - [2024-09-22T23:50:59.913+0000] {dagbag.py:587} INFO - Filling up the DagBag from /home/airflow/.local/lib/python3.12/site-packages/airflow/example_dags/example_python_decorator.py
[2024-09-22T23:50:59.946+0000] {processor.py:925} INFO - DAG(s) 'example_python_decorator' retrieved from /home/airflow/.local/lib/python3.12/site-packages/airflow/example_dags/example_python_decorator.py
[2024-09-22T23:50:59.986+0000] {logging_mixin.py:190} INFO - [2024-09-22T23:50:59.986+0000] {dag.py:3229} INFO - Sync 1 DAGs
[2024-09-22T23:51:00.010+0000] {logging_mixin.py:190} INFO - [2024-09-22T23:51:00.009+0000] {dag.py:4156} INFO - Setting next_dagrun for example_python_decorator to None, run_after=None
[2024-09-22T23:51:00.039+0000] {processor.py:208} INFO - Processing /home/airflow/.local/lib/python3.12/site-packages/airflow/example_dags/example_python_decorator.py took 0.141 seconds
[2024-09-22T23:51:30.397+0000] {processor.py:186} INFO - Started process (PID=660) to work on /home/airflow/.local/lib/python3.12/site-packages/airflow/example_dags/example_python_decorator.py
[2024-09-22T23:51:30.399+0000] {processor.py:914} INFO - Processing file /home/airflow/.local/lib/python3.12/site-packages/airflow/example_dags/example_python_decorator.py for tasks to queue
[2024-09-22T23:51:30.402+0000] {logging_mixin.py:190} INFO - [2024-09-22T23:51:30.402+0000] {dagbag.py:587} INFO - Filling up the DagBag from /home/airflow/.local/lib/python3.12/site-packages/airflow/example_dags/example_python_decorator.py
[2024-09-22T23:51:30.431+0000] {processor.py:925} INFO - DAG(s) 'example_python_decorator' retrieved from /home/airflow/.local/lib/python3.12/site-packages/airflow/example_dags/example_python_decorator.py
[2024-09-22T23:51:30.464+0000] {logging_mixin.py:190} INFO - [2024-09-22T23:51:30.463+0000] {dag.py:3229} INFO - Sync 1 DAGs
[2024-09-22T23:51:30.484+0000] {logging_mixin.py:190} INFO - [2024-09-22T23:51:30.484+0000] {dag.py:4156} INFO - Setting next_dagrun for example_python_decorator to None, run_after=None
[2024-09-22T23:51:30.511+0000] {processor.py:208} INFO - Processing /home/airflow/.local/lib/python3.12/site-packages/airflow/example_dags/example_python_decorator.py took 0.123 seconds
[2024-09-22T23:52:01.168+0000] {processor.py:186} INFO - Started process (PID=724) to work on /home/airflow/.local/lib/python3.12/site-packages/airflow/example_dags/example_python_decorator.py
[2024-09-22T23:52:01.170+0000] {processor.py:914} INFO - Processing file /home/airflow/.local/lib/python3.12/site-packages/airflow/example_dags/example_python_decorator.py for tasks to queue
[2024-09-22T23:52:01.173+0000] {logging_mixin.py:190} INFO - [2024-09-22T23:52:01.173+0000] {dagbag.py:587} INFO - Filling up the DagBag from /home/airflow/.local/lib/python3.12/site-packages/airflow/example_dags/example_python_decorator.py
[2024-09-22T23:52:01.201+0000] {processor.py:925} INFO - DAG(s) 'example_python_decorator' retrieved from /home/airflow/.local/lib/python3.12/site-packages/airflow/example_dags/example_python_decorator.py
[2024-09-22T23:52:01.242+0000] {logging_mixin.py:190} INFO - [2024-09-22T23:52:01.241+0000] {dag.py:3229} INFO - Sync 1 DAGs
[2024-09-22T23:52:01.267+0000] {logging_mixin.py:190} INFO - [2024-09-22T23:52:01.267+0000] {dag.py:4156} INFO - Setting next_dagrun for example_python_decorator to None, run_after=None
[2024-09-22T23:52:01.299+0000] {processor.py:208} INFO - Processing /home/airflow/.local/lib/python3.12/site-packages/airflow/example_dags/example_python_decorator.py took 0.144 seconds
[2024-09-22T23:52:31.426+0000] {processor.py:186} INFO - Started process (PID=787) to work on /home/airflow/.local/lib/python3.12/site-packages/airflow/example_dags/example_python_decorator.py
[2024-09-22T23:52:31.429+0000] {processor.py:914} INFO - Processing file /home/airflow/.local/lib/python3.12/site-packages/airflow/example_dags/example_python_decorator.py for tasks to queue
[2024-09-22T23:52:31.439+0000] {logging_mixin.py:190} INFO - [2024-09-22T23:52:31.438+0000] {dagbag.py:587} INFO - Filling up the DagBag from /home/airflow/.local/lib/python3.12/site-packages/airflow/example_dags/example_python_decorator.py
[2024-09-22T23:52:31.478+0000] {processor.py:925} INFO - DAG(s) 'example_python_decorator' retrieved from /home/airflow/.local/lib/python3.12/site-packages/airflow/example_dags/example_python_decorator.py
[2024-09-22T23:52:31.511+0000] {logging_mixin.py:190} INFO - [2024-09-22T23:52:31.511+0000] {dag.py:3229} INFO - Sync 1 DAGs
[2024-09-22T23:52:31.532+0000] {logging_mixin.py:190} INFO - [2024-09-22T23:52:31.531+0000] {dag.py:4156} INFO - Setting next_dagrun for example_python_decorator to None, run_after=None
[2024-09-22T23:52:31.559+0000] {processor.py:208} INFO - Processing /home/airflow/.local/lib/python3.12/site-packages/airflow/example_dags/example_python_decorator.py took 0.147 seconds
[2024-09-22T23:53:01.680+0000] {processor.py:186} INFO - Started process (PID=850) to work on /home/airflow/.local/lib/python3.12/site-packages/airflow/example_dags/example_python_decorator.py
[2024-09-22T23:53:01.688+0000] {processor.py:914} INFO - Processing file /home/airflow/.local/lib/python3.12/site-packages/airflow/example_dags/example_python_decorator.py for tasks to queue
[2024-09-22T23:53:01.701+0000] {logging_mixin.py:190} INFO - [2024-09-22T23:53:01.700+0000] {dagbag.py:587} INFO - Filling up the DagBag from /home/airflow/.local/lib/python3.12/site-packages/airflow/example_dags/example_python_decorator.py
[2024-09-22T23:53:01.757+0000] {processor.py:925} INFO - DAG(s) 'example_python_decorator' retrieved from /home/airflow/.local/lib/python3.12/site-packages/airflow/example_dags/example_python_decorator.py
[2024-09-22T23:53:01.792+0000] {logging_mixin.py:190} INFO - [2024-09-22T23:53:01.792+0000] {dag.py:3229} INFO - Sync 1 DAGs
[2024-09-22T23:53:01.812+0000] {logging_mixin.py:190} INFO - [2024-09-22T23:53:01.812+0000] {dag.py:4156} INFO - Setting next_dagrun for example_python_decorator to None, run_after=None
[2024-09-22T23:53:01.840+0000] {processor.py:208} INFO - Processing /home/airflow/.local/lib/python3.12/site-packages/airflow/example_dags/example_python_decorator.py took 0.180 seconds
[2024-09-22T23:53:34.098+0000] {processor.py:186} INFO - Started process (PID=912) to work on /home/airflow/.local/lib/python3.12/site-packages/airflow/example_dags/example_python_decorator.py
[2024-09-22T23:53:34.102+0000] {processor.py:914} INFO - Processing file /home/airflow/.local/lib/python3.12/site-packages/airflow/example_dags/example_python_decorator.py for tasks to queue
[2024-09-22T23:53:34.111+0000] {logging_mixin.py:190} INFO - [2024-09-22T23:53:34.110+0000] {dagbag.py:587} INFO - Filling up the DagBag from /home/airflow/.local/lib/python3.12/site-packages/airflow/example_dags/example_python_decorator.py
[2024-09-22T23:53:34.176+0000] {processor.py:925} INFO - DAG(s) 'example_python_decorator' retrieved from /home/airflow/.local/lib/python3.12/site-packages/airflow/example_dags/example_python_decorator.py
[2024-09-22T23:53:34.250+0000] {logging_mixin.py:190} INFO - [2024-09-22T23:53:34.249+0000] {dag.py:3229} INFO - Sync 1 DAGs
[2024-09-22T23:53:34.316+0000] {logging_mixin.py:190} INFO - [2024-09-22T23:53:34.316+0000] {dag.py:4156} INFO - Setting next_dagrun for example_python_decorator to None, run_after=None
[2024-09-22T23:53:34.372+0000] {processor.py:208} INFO - Processing /home/airflow/.local/lib/python3.12/site-packages/airflow/example_dags/example_python_decorator.py took 0.295 seconds
[2024-09-22T23:54:04.888+0000] {processor.py:186} INFO - Started process (PID=975) to work on /home/airflow/.local/lib/python3.12/site-packages/airflow/example_dags/example_python_decorator.py
[2024-09-22T23:54:04.890+0000] {processor.py:914} INFO - Processing file /home/airflow/.local/lib/python3.12/site-packages/airflow/example_dags/example_python_decorator.py for tasks to queue
[2024-09-22T23:54:04.894+0000] {logging_mixin.py:190} INFO - [2024-09-22T23:54:04.893+0000] {dagbag.py:587} INFO - Filling up the DagBag from /home/airflow/.local/lib/python3.12/site-packages/airflow/example_dags/example_python_decorator.py
[2024-09-22T23:54:04.922+0000] {processor.py:925} INFO - DAG(s) 'example_python_decorator' retrieved from /home/airflow/.local/lib/python3.12/site-packages/airflow/example_dags/example_python_decorator.py
[2024-09-22T23:54:04.954+0000] {logging_mixin.py:190} INFO - [2024-09-22T23:54:04.953+0000] {dag.py:3229} INFO - Sync 1 DAGs
[2024-09-22T23:54:04.974+0000] {logging_mixin.py:190} INFO - [2024-09-22T23:54:04.973+0000] {dag.py:4156} INFO - Setting next_dagrun for example_python_decorator to None, run_after=None
[2024-09-22T23:54:05.006+0000] {processor.py:208} INFO - Processing /home/airflow/.local/lib/python3.12/site-packages/airflow/example_dags/example_python_decorator.py took 0.128 seconds
[2024-09-22T23:54:35.486+0000] {processor.py:186} INFO - Started process (PID=1038) to work on /home/airflow/.local/lib/python3.12/site-packages/airflow/example_dags/example_python_decorator.py
[2024-09-22T23:54:35.488+0000] {processor.py:914} INFO - Processing file /home/airflow/.local/lib/python3.12/site-packages/airflow/example_dags/example_python_decorator.py for tasks to queue
[2024-09-22T23:54:35.493+0000] {logging_mixin.py:190} INFO - [2024-09-22T23:54:35.492+0000] {dagbag.py:587} INFO - Filling up the DagBag from /home/airflow/.local/lib/python3.12/site-packages/airflow/example_dags/example_python_decorator.py
[2024-09-22T23:54:35.529+0000] {processor.py:925} INFO - DAG(s) 'example_python_decorator' retrieved from /home/airflow/.local/lib/python3.12/site-packages/airflow/example_dags/example_python_decorator.py
[2024-09-22T23:54:35.568+0000] {logging_mixin.py:190} INFO - [2024-09-22T23:54:35.568+0000] {dag.py:3229} INFO - Sync 1 DAGs
[2024-09-22T23:54:35.599+0000] {logging_mixin.py:190} INFO - [2024-09-22T23:54:35.598+0000] {dag.py:4156} INFO - Setting next_dagrun for example_python_decorator to None, run_after=None
[2024-09-22T23:54:35.632+0000] {processor.py:208} INFO - Processing /home/airflow/.local/lib/python3.12/site-packages/airflow/example_dags/example_python_decorator.py took 0.160 seconds
[2024-09-22T23:55:06.409+0000] {processor.py:186} INFO - Started process (PID=1101) to work on /home/airflow/.local/lib/python3.12/site-packages/airflow/example_dags/example_python_decorator.py
[2024-09-22T23:55:06.411+0000] {processor.py:914} INFO - Processing file /home/airflow/.local/lib/python3.12/site-packages/airflow/example_dags/example_python_decorator.py for tasks to queue
[2024-09-22T23:55:06.414+0000] {logging_mixin.py:190} INFO - [2024-09-22T23:55:06.414+0000] {dagbag.py:587} INFO - Filling up the DagBag from /home/airflow/.local/lib/python3.12/site-packages/airflow/example_dags/example_python_decorator.py
[2024-09-22T23:55:06.443+0000] {processor.py:925} INFO - DAG(s) 'example_python_decorator' retrieved from /home/airflow/.local/lib/python3.12/site-packages/airflow/example_dags/example_python_decorator.py
[2024-09-22T23:55:06.478+0000] {logging_mixin.py:190} INFO - [2024-09-22T23:55:06.477+0000] {dag.py:3229} INFO - Sync 1 DAGs
[2024-09-22T23:55:06.497+0000] {logging_mixin.py:190} INFO - [2024-09-22T23:55:06.497+0000] {dag.py:4156} INFO - Setting next_dagrun for example_python_decorator to None, run_after=None
[2024-09-22T23:55:06.527+0000] {processor.py:208} INFO - Processing /home/airflow/.local/lib/python3.12/site-packages/airflow/example_dags/example_python_decorator.py took 0.128 seconds
[2024-09-22T23:55:36.742+0000] {processor.py:186} INFO - Started process (PID=1163) to work on /home/airflow/.local/lib/python3.12/site-packages/airflow/example_dags/example_python_decorator.py
[2024-09-22T23:55:36.743+0000] {processor.py:914} INFO - Processing file /home/airflow/.local/lib/python3.12/site-packages/airflow/example_dags/example_python_decorator.py for tasks to queue
[2024-09-22T23:55:36.747+0000] {logging_mixin.py:190} INFO - [2024-09-22T23:55:36.747+0000] {dagbag.py:587} INFO - Filling up the DagBag from /home/airflow/.local/lib/python3.12/site-packages/airflow/example_dags/example_python_decorator.py
[2024-09-22T23:55:36.778+0000] {processor.py:925} INFO - DAG(s) 'example_python_decorator' retrieved from /home/airflow/.local/lib/python3.12/site-packages/airflow/example_dags/example_python_decorator.py
[2024-09-22T23:55:36.814+0000] {logging_mixin.py:190} INFO - [2024-09-22T23:55:36.814+0000] {dag.py:3229} INFO - Sync 1 DAGs
[2024-09-22T23:55:36.841+0000] {logging_mixin.py:190} INFO - [2024-09-22T23:55:36.840+0000] {dag.py:4156} INFO - Setting next_dagrun for example_python_decorator to None, run_after=None
[2024-09-22T23:55:36.873+0000] {processor.py:208} INFO - Processing /home/airflow/.local/lib/python3.12/site-packages/airflow/example_dags/example_python_decorator.py took 0.144 seconds
[2024-09-22T23:58:03.280+0000] {processor.py:186} INFO - Started process (PID=91) to work on /home/airflow/.local/lib/python3.12/site-packages/airflow/example_dags/example_python_decorator.py
[2024-09-22T23:58:03.283+0000] {processor.py:914} INFO - Processing file /home/airflow/.local/lib/python3.12/site-packages/airflow/example_dags/example_python_decorator.py for tasks to queue
[2024-09-22T23:58:03.288+0000] {logging_mixin.py:190} INFO - [2024-09-22T23:58:03.287+0000] {dagbag.py:587} INFO - Filling up the DagBag from /home/airflow/.local/lib/python3.12/site-packages/airflow/example_dags/example_python_decorator.py
[2024-09-22T23:58:03.326+0000] {processor.py:925} INFO - DAG(s) 'example_python_decorator' retrieved from /home/airflow/.local/lib/python3.12/site-packages/airflow/example_dags/example_python_decorator.py
[2024-09-22T23:58:03.597+0000] {logging_mixin.py:190} INFO - [2024-09-22T23:58:03.597+0000] {dag.py:3229} INFO - Sync 1 DAGs
[2024-09-22T23:58:03.650+0000] {logging_mixin.py:190} INFO - [2024-09-22T23:58:03.649+0000] {dag.py:4156} INFO - Setting next_dagrun for example_python_decorator to None, run_after=None
[2024-09-22T23:58:03.699+0000] {processor.py:208} INFO - Processing /home/airflow/.local/lib/python3.12/site-packages/airflow/example_dags/example_python_decorator.py took 0.432 seconds
[2024-09-22T23:58:34.278+0000] {processor.py:186} INFO - Started process (PID=154) to work on /home/airflow/.local/lib/python3.12/site-packages/airflow/example_dags/example_python_decorator.py
[2024-09-22T23:58:34.279+0000] {processor.py:914} INFO - Processing file /home/airflow/.local/lib/python3.12/site-packages/airflow/example_dags/example_python_decorator.py for tasks to queue
[2024-09-22T23:58:34.283+0000] {logging_mixin.py:190} INFO - [2024-09-22T23:58:34.282+0000] {dagbag.py:587} INFO - Filling up the DagBag from /home/airflow/.local/lib/python3.12/site-packages/airflow/example_dags/example_python_decorator.py
[2024-09-22T23:58:34.309+0000] {processor.py:925} INFO - DAG(s) 'example_python_decorator' retrieved from /home/airflow/.local/lib/python3.12/site-packages/airflow/example_dags/example_python_decorator.py
[2024-09-22T23:58:34.339+0000] {logging_mixin.py:190} INFO - [2024-09-22T23:58:34.339+0000] {dag.py:3229} INFO - Sync 1 DAGs
[2024-09-22T23:58:34.358+0000] {logging_mixin.py:190} INFO - [2024-09-22T23:58:34.358+0000] {dag.py:4156} INFO - Setting next_dagrun for example_python_decorator to None, run_after=None
[2024-09-22T23:58:34.381+0000] {processor.py:208} INFO - Processing /home/airflow/.local/lib/python3.12/site-packages/airflow/example_dags/example_python_decorator.py took 0.112 seconds
[2024-09-22T23:59:05.133+0000] {processor.py:186} INFO - Started process (PID=217) to work on /home/airflow/.local/lib/python3.12/site-packages/airflow/example_dags/example_python_decorator.py
[2024-09-22T23:59:05.135+0000] {processor.py:914} INFO - Processing file /home/airflow/.local/lib/python3.12/site-packages/airflow/example_dags/example_python_decorator.py for tasks to queue
[2024-09-22T23:59:05.138+0000] {logging_mixin.py:190} INFO - [2024-09-22T23:59:05.138+0000] {dagbag.py:587} INFO - Filling up the DagBag from /home/airflow/.local/lib/python3.12/site-packages/airflow/example_dags/example_python_decorator.py
[2024-09-22T23:59:05.165+0000] {processor.py:925} INFO - DAG(s) 'example_python_decorator' retrieved from /home/airflow/.local/lib/python3.12/site-packages/airflow/example_dags/example_python_decorator.py
[2024-09-22T23:59:05.195+0000] {logging_mixin.py:190} INFO - [2024-09-22T23:59:05.195+0000] {dag.py:3229} INFO - Sync 1 DAGs
[2024-09-22T23:59:05.214+0000] {logging_mixin.py:190} INFO - [2024-09-22T23:59:05.214+0000] {dag.py:4156} INFO - Setting next_dagrun for example_python_decorator to None, run_after=None
[2024-09-22T23:59:05.238+0000] {processor.py:208} INFO - Processing /home/airflow/.local/lib/python3.12/site-packages/airflow/example_dags/example_python_decorator.py took 0.115 seconds
[2024-09-22T23:59:35.754+0000] {processor.py:186} INFO - Started process (PID=280) to work on /home/airflow/.local/lib/python3.12/site-packages/airflow/example_dags/example_python_decorator.py
[2024-09-22T23:59:35.756+0000] {processor.py:914} INFO - Processing file /home/airflow/.local/lib/python3.12/site-packages/airflow/example_dags/example_python_decorator.py for tasks to queue
[2024-09-22T23:59:35.760+0000] {logging_mixin.py:190} INFO - [2024-09-22T23:59:35.759+0000] {dagbag.py:587} INFO - Filling up the DagBag from /home/airflow/.local/lib/python3.12/site-packages/airflow/example_dags/example_python_decorator.py
[2024-09-22T23:59:35.786+0000] {processor.py:925} INFO - DAG(s) 'example_python_decorator' retrieved from /home/airflow/.local/lib/python3.12/site-packages/airflow/example_dags/example_python_decorator.py
[2024-09-22T23:59:35.817+0000] {logging_mixin.py:190} INFO - [2024-09-22T23:59:35.817+0000] {dag.py:3229} INFO - Sync 1 DAGs
[2024-09-22T23:59:35.837+0000] {logging_mixin.py:190} INFO - [2024-09-22T23:59:35.836+0000] {dag.py:4156} INFO - Setting next_dagrun for example_python_decorator to None, run_after=None
[2024-09-22T23:59:35.860+0000] {processor.py:208} INFO - Processing /home/airflow/.local/lib/python3.12/site-packages/airflow/example_dags/example_python_decorator.py took 0.115 seconds
