[2024-09-22T23:26:23.184+0000] {processor.py:186} INFO - Started process (PID=99) to work on /home/airflow/.local/lib/python3.12/site-packages/airflow/example_dags/example_inlet_event_extra.py
[2024-09-22T23:26:23.186+0000] {processor.py:914} INFO - Processing file /home/airflow/.local/lib/python3.12/site-packages/airflow/example_dags/example_inlet_event_extra.py for tasks to queue
[2024-09-22T23:26:23.190+0000] {logging_mixin.py:190} INFO - [2024-09-22T23:26:23.189+0000] {dagbag.py:587} INFO - Filling up the DagBag from /home/airflow/.local/lib/python3.12/site-packages/airflow/example_dags/example_inlet_event_extra.py
[2024-09-22T23:26:23.523+0000] {processor.py:925} INFO - DAG(s) 'read_dataset_event_from_classic', 'read_dataset_event' retrieved from /home/airflow/.local/lib/python3.12/site-packages/airflow/example_dags/example_inlet_event_extra.py
[2024-09-22T23:26:23.831+0000] {logging_mixin.py:190} INFO - [2024-09-22T23:26:23.830+0000] {override.py:1900} INFO - Created Permission View: can edit on DAG:read_dataset_event_from_classic
[2024-09-22T23:26:23.847+0000] {logging_mixin.py:190} INFO - [2024-09-22T23:26:23.846+0000] {override.py:1900} INFO - Created Permission View: can read on DAG:read_dataset_event_from_classic
[2024-09-22T23:26:23.857+0000] {logging_mixin.py:190} INFO - [2024-09-22T23:26:23.856+0000] {override.py:1900} INFO - Created Permission View: can delete on DAG:read_dataset_event_from_classic
[2024-09-22T23:26:23.866+0000] {logging_mixin.py:190} INFO - [2024-09-22T23:26:23.866+0000] {override.py:1900} INFO - Created Permission View: can create on DAG Run:read_dataset_event_from_classic
[2024-09-22T23:26:23.875+0000] {logging_mixin.py:190} INFO - [2024-09-22T23:26:23.874+0000] {override.py:1900} INFO - Created Permission View: menu access on DAG Run:read_dataset_event_from_classic
[2024-09-22T23:26:23.884+0000] {logging_mixin.py:190} INFO - [2024-09-22T23:26:23.883+0000] {override.py:1900} INFO - Created Permission View: can read on DAG Run:read_dataset_event_from_classic
[2024-09-22T23:26:23.893+0000] {logging_mixin.py:190} INFO - [2024-09-22T23:26:23.892+0000] {override.py:1900} INFO - Created Permission View: can delete on DAG Run:read_dataset_event_from_classic
[2024-09-22T23:26:23.912+0000] {logging_mixin.py:190} INFO - [2024-09-22T23:26:23.911+0000] {override.py:1900} INFO - Created Permission View: can edit on DAG:read_dataset_event
[2024-09-22T23:26:23.921+0000] {logging_mixin.py:190} INFO - [2024-09-22T23:26:23.920+0000] {override.py:1900} INFO - Created Permission View: can read on DAG:read_dataset_event
[2024-09-22T23:26:23.930+0000] {logging_mixin.py:190} INFO - [2024-09-22T23:26:23.929+0000] {override.py:1900} INFO - Created Permission View: can delete on DAG:read_dataset_event
[2024-09-22T23:26:23.939+0000] {logging_mixin.py:190} INFO - [2024-09-22T23:26:23.939+0000] {override.py:1900} INFO - Created Permission View: can create on DAG Run:read_dataset_event
[2024-09-22T23:26:23.948+0000] {logging_mixin.py:190} INFO - [2024-09-22T23:26:23.948+0000] {override.py:1900} INFO - Created Permission View: menu access on DAG Run:read_dataset_event
[2024-09-22T23:26:23.957+0000] {logging_mixin.py:190} INFO - [2024-09-22T23:26:23.957+0000] {override.py:1900} INFO - Created Permission View: can read on DAG Run:read_dataset_event
[2024-09-22T23:26:23.966+0000] {logging_mixin.py:190} INFO - [2024-09-22T23:26:23.966+0000] {override.py:1900} INFO - Created Permission View: can delete on DAG Run:read_dataset_event
[2024-09-22T23:26:23.967+0000] {logging_mixin.py:190} INFO - [2024-09-22T23:26:23.967+0000] {dag.py:3229} INFO - Sync 2 DAGs
[2024-09-22T23:26:23.997+0000] {logging_mixin.py:190} INFO - [2024-09-22T23:26:23.996+0000] {dag.py:3252} INFO - Creating ORM DAG for read_dataset_event_from_classic
[2024-09-22T23:26:23.998+0000] {logging_mixin.py:190} INFO - [2024-09-22T23:26:23.998+0000] {dag.py:3252} INFO - Creating ORM DAG for read_dataset_event
[2024-09-22T23:26:24.047+0000] {logging_mixin.py:190} INFO - [2024-09-22T23:26:24.046+0000] {dag.py:4156} INFO - Setting next_dagrun for read_dataset_event to 2024-09-21 00:00:00+00:00, run_after=2024-09-22 00:00:00+00:00
[2024-09-22T23:26:24.058+0000] {logging_mixin.py:190} INFO - [2024-09-22T23:26:24.054+0000] {dag.py:4156} INFO - Setting next_dagrun for read_dataset_event_from_classic to 2024-09-21 00:00:00+00:00, run_after=2024-09-22 00:00:00+00:00
[2024-09-22T23:26:24.622+0000] {processor.py:208} INFO - Processing /home/airflow/.local/lib/python3.12/site-packages/airflow/example_dags/example_inlet_event_extra.py took 1.450 seconds
[2024-09-22T23:26:54.802+0000] {processor.py:186} INFO - Started process (PID=161) to work on /home/airflow/.local/lib/python3.12/site-packages/airflow/example_dags/example_inlet_event_extra.py
[2024-09-22T23:26:54.803+0000] {processor.py:914} INFO - Processing file /home/airflow/.local/lib/python3.12/site-packages/airflow/example_dags/example_inlet_event_extra.py for tasks to queue
[2024-09-22T23:26:54.807+0000] {logging_mixin.py:190} INFO - [2024-09-22T23:26:54.806+0000] {dagbag.py:587} INFO - Filling up the DagBag from /home/airflow/.local/lib/python3.12/site-packages/airflow/example_dags/example_inlet_event_extra.py
[2024-09-22T23:26:55.029+0000] {processor.py:925} INFO - DAG(s) 'read_dataset_event', 'read_dataset_event_from_classic' retrieved from /home/airflow/.local/lib/python3.12/site-packages/airflow/example_dags/example_inlet_event_extra.py
[2024-09-22T23:26:55.057+0000] {logging_mixin.py:190} INFO - [2024-09-22T23:26:55.057+0000] {dag.py:3229} INFO - Sync 2 DAGs
[2024-09-22T23:26:55.088+0000] {logging_mixin.py:190} INFO - [2024-09-22T23:26:55.088+0000] {dag.py:4156} INFO - Setting next_dagrun for read_dataset_event to 2024-09-21 00:00:00+00:00, run_after=2024-09-22 00:00:00+00:00
[2024-09-22T23:26:55.094+0000] {logging_mixin.py:190} INFO - [2024-09-22T23:26:55.094+0000] {dag.py:4156} INFO - Setting next_dagrun for read_dataset_event_from_classic to 2024-09-21 00:00:00+00:00, run_after=2024-09-22 00:00:00+00:00
[2024-09-22T23:26:55.114+0000] {processor.py:208} INFO - Processing /home/airflow/.local/lib/python3.12/site-packages/airflow/example_dags/example_inlet_event_extra.py took 0.322 seconds
[2024-09-22T23:27:25.634+0000] {processor.py:186} INFO - Started process (PID=223) to work on /home/airflow/.local/lib/python3.12/site-packages/airflow/example_dags/example_inlet_event_extra.py
[2024-09-22T23:27:25.636+0000] {processor.py:914} INFO - Processing file /home/airflow/.local/lib/python3.12/site-packages/airflow/example_dags/example_inlet_event_extra.py for tasks to queue
[2024-09-22T23:27:25.639+0000] {logging_mixin.py:190} INFO - [2024-09-22T23:27:25.639+0000] {dagbag.py:587} INFO - Filling up the DagBag from /home/airflow/.local/lib/python3.12/site-packages/airflow/example_dags/example_inlet_event_extra.py
[2024-09-22T23:27:25.853+0000] {processor.py:925} INFO - DAG(s) 'read_dataset_event_from_classic', 'read_dataset_event' retrieved from /home/airflow/.local/lib/python3.12/site-packages/airflow/example_dags/example_inlet_event_extra.py
[2024-09-22T23:27:25.883+0000] {logging_mixin.py:190} INFO - [2024-09-22T23:27:25.883+0000] {dag.py:3229} INFO - Sync 2 DAGs
[2024-09-22T23:27:25.914+0000] {logging_mixin.py:190} INFO - [2024-09-22T23:27:25.913+0000] {dag.py:4156} INFO - Setting next_dagrun for read_dataset_event to 2024-09-21 00:00:00+00:00, run_after=2024-09-22 00:00:00+00:00
[2024-09-22T23:27:25.920+0000] {logging_mixin.py:190} INFO - [2024-09-22T23:27:25.919+0000] {dag.py:4156} INFO - Setting next_dagrun for read_dataset_event_from_classic to 2024-09-21 00:00:00+00:00, run_after=2024-09-22 00:00:00+00:00
[2024-09-22T23:27:25.943+0000] {processor.py:208} INFO - Processing /home/airflow/.local/lib/python3.12/site-packages/airflow/example_dags/example_inlet_event_extra.py took 0.322 seconds
[2024-09-22T23:27:56.087+0000] {processor.py:186} INFO - Started process (PID=285) to work on /home/airflow/.local/lib/python3.12/site-packages/airflow/example_dags/example_inlet_event_extra.py
[2024-09-22T23:27:56.089+0000] {processor.py:914} INFO - Processing file /home/airflow/.local/lib/python3.12/site-packages/airflow/example_dags/example_inlet_event_extra.py for tasks to queue
[2024-09-22T23:27:56.092+0000] {logging_mixin.py:190} INFO - [2024-09-22T23:27:56.092+0000] {dagbag.py:587} INFO - Filling up the DagBag from /home/airflow/.local/lib/python3.12/site-packages/airflow/example_dags/example_inlet_event_extra.py
[2024-09-22T23:27:56.315+0000] {processor.py:925} INFO - DAG(s) 'read_dataset_event', 'read_dataset_event_from_classic' retrieved from /home/airflow/.local/lib/python3.12/site-packages/airflow/example_dags/example_inlet_event_extra.py
[2024-09-22T23:27:56.344+0000] {logging_mixin.py:190} INFO - [2024-09-22T23:27:56.343+0000] {dag.py:3229} INFO - Sync 2 DAGs
[2024-09-22T23:27:56.375+0000] {logging_mixin.py:190} INFO - [2024-09-22T23:27:56.374+0000] {dag.py:4156} INFO - Setting next_dagrun for read_dataset_event to 2024-09-21 00:00:00+00:00, run_after=2024-09-22 00:00:00+00:00
[2024-09-22T23:27:56.381+0000] {logging_mixin.py:190} INFO - [2024-09-22T23:27:56.381+0000] {dag.py:4156} INFO - Setting next_dagrun for read_dataset_event_from_classic to 2024-09-21 00:00:00+00:00, run_after=2024-09-22 00:00:00+00:00
[2024-09-22T23:27:56.401+0000] {processor.py:208} INFO - Processing /home/airflow/.local/lib/python3.12/site-packages/airflow/example_dags/example_inlet_event_extra.py took 0.326 seconds
[2024-09-22T23:28:27.377+0000] {processor.py:186} INFO - Started process (PID=347) to work on /home/airflow/.local/lib/python3.12/site-packages/airflow/example_dags/example_inlet_event_extra.py
[2024-09-22T23:28:27.379+0000] {processor.py:914} INFO - Processing file /home/airflow/.local/lib/python3.12/site-packages/airflow/example_dags/example_inlet_event_extra.py for tasks to queue
[2024-09-22T23:28:27.382+0000] {logging_mixin.py:190} INFO - [2024-09-22T23:28:27.381+0000] {dagbag.py:587} INFO - Filling up the DagBag from /home/airflow/.local/lib/python3.12/site-packages/airflow/example_dags/example_inlet_event_extra.py
[2024-09-22T23:28:27.595+0000] {processor.py:925} INFO - DAG(s) 'read_dataset_event', 'read_dataset_event_from_classic' retrieved from /home/airflow/.local/lib/python3.12/site-packages/airflow/example_dags/example_inlet_event_extra.py
[2024-09-22T23:28:27.627+0000] {logging_mixin.py:190} INFO - [2024-09-22T23:28:27.627+0000] {dag.py:3229} INFO - Sync 2 DAGs
[2024-09-22T23:28:27.660+0000] {logging_mixin.py:190} INFO - [2024-09-22T23:28:27.659+0000] {dag.py:4156} INFO - Setting next_dagrun for read_dataset_event to 2024-09-21 00:00:00+00:00, run_after=2024-09-22 00:00:00+00:00
[2024-09-22T23:28:27.666+0000] {logging_mixin.py:190} INFO - [2024-09-22T23:28:27.666+0000] {dag.py:4156} INFO - Setting next_dagrun for read_dataset_event_from_classic to 2024-09-21 00:00:00+00:00, run_after=2024-09-22 00:00:00+00:00
[2024-09-22T23:28:27.686+0000] {processor.py:208} INFO - Processing /home/airflow/.local/lib/python3.12/site-packages/airflow/example_dags/example_inlet_event_extra.py took 0.320 seconds
[2024-09-22T23:28:57.954+0000] {processor.py:186} INFO - Started process (PID=409) to work on /home/airflow/.local/lib/python3.12/site-packages/airflow/example_dags/example_inlet_event_extra.py
[2024-09-22T23:28:57.956+0000] {processor.py:914} INFO - Processing file /home/airflow/.local/lib/python3.12/site-packages/airflow/example_dags/example_inlet_event_extra.py for tasks to queue
[2024-09-22T23:28:57.959+0000] {logging_mixin.py:190} INFO - [2024-09-22T23:28:57.958+0000] {dagbag.py:587} INFO - Filling up the DagBag from /home/airflow/.local/lib/python3.12/site-packages/airflow/example_dags/example_inlet_event_extra.py
[2024-09-22T23:28:58.179+0000] {processor.py:925} INFO - DAG(s) 'read_dataset_event_from_classic', 'read_dataset_event' retrieved from /home/airflow/.local/lib/python3.12/site-packages/airflow/example_dags/example_inlet_event_extra.py
[2024-09-22T23:28:58.216+0000] {logging_mixin.py:190} INFO - [2024-09-22T23:28:58.215+0000] {dag.py:3229} INFO - Sync 2 DAGs
[2024-09-22T23:28:58.254+0000] {logging_mixin.py:190} INFO - [2024-09-22T23:28:58.254+0000] {dag.py:4156} INFO - Setting next_dagrun for read_dataset_event to 2024-09-21 00:00:00+00:00, run_after=2024-09-22 00:00:00+00:00
[2024-09-22T23:28:58.261+0000] {logging_mixin.py:190} INFO - [2024-09-22T23:28:58.260+0000] {dag.py:4156} INFO - Setting next_dagrun for read_dataset_event_from_classic to 2024-09-21 00:00:00+00:00, run_after=2024-09-22 00:00:00+00:00
[2024-09-22T23:28:58.282+0000] {processor.py:208} INFO - Processing /home/airflow/.local/lib/python3.12/site-packages/airflow/example_dags/example_inlet_event_extra.py took 0.338 seconds
[2024-09-22T23:29:28.530+0000] {processor.py:186} INFO - Started process (PID=471) to work on /home/airflow/.local/lib/python3.12/site-packages/airflow/example_dags/example_inlet_event_extra.py
[2024-09-22T23:29:28.532+0000] {processor.py:914} INFO - Processing file /home/airflow/.local/lib/python3.12/site-packages/airflow/example_dags/example_inlet_event_extra.py for tasks to queue
[2024-09-22T23:29:28.537+0000] {logging_mixin.py:190} INFO - [2024-09-22T23:29:28.536+0000] {dagbag.py:587} INFO - Filling up the DagBag from /home/airflow/.local/lib/python3.12/site-packages/airflow/example_dags/example_inlet_event_extra.py
[2024-09-22T23:29:28.793+0000] {processor.py:925} INFO - DAG(s) 'read_dataset_event_from_classic', 'read_dataset_event' retrieved from /home/airflow/.local/lib/python3.12/site-packages/airflow/example_dags/example_inlet_event_extra.py
[2024-09-22T23:29:28.822+0000] {logging_mixin.py:190} INFO - [2024-09-22T23:29:28.822+0000] {dag.py:3229} INFO - Sync 2 DAGs
[2024-09-22T23:29:28.860+0000] {logging_mixin.py:190} INFO - [2024-09-22T23:29:28.860+0000] {dag.py:4156} INFO - Setting next_dagrun for read_dataset_event to 2024-09-21 00:00:00+00:00, run_after=2024-09-22 00:00:00+00:00
[2024-09-22T23:29:28.867+0000] {logging_mixin.py:190} INFO - [2024-09-22T23:29:28.867+0000] {dag.py:4156} INFO - Setting next_dagrun for read_dataset_event_from_classic to 2024-09-21 00:00:00+00:00, run_after=2024-09-22 00:00:00+00:00
[2024-09-22T23:29:28.890+0000] {processor.py:208} INFO - Processing /home/airflow/.local/lib/python3.12/site-packages/airflow/example_dags/example_inlet_event_extra.py took 0.372 seconds
[2024-09-22T23:29:59.721+0000] {processor.py:186} INFO - Started process (PID=533) to work on /home/airflow/.local/lib/python3.12/site-packages/airflow/example_dags/example_inlet_event_extra.py
[2024-09-22T23:29:59.722+0000] {processor.py:914} INFO - Processing file /home/airflow/.local/lib/python3.12/site-packages/airflow/example_dags/example_inlet_event_extra.py for tasks to queue
[2024-09-22T23:29:59.727+0000] {logging_mixin.py:190} INFO - [2024-09-22T23:29:59.726+0000] {dagbag.py:587} INFO - Filling up the DagBag from /home/airflow/.local/lib/python3.12/site-packages/airflow/example_dags/example_inlet_event_extra.py
[2024-09-22T23:30:00.052+0000] {processor.py:925} INFO - DAG(s) 'read_dataset_event', 'read_dataset_event_from_classic' retrieved from /home/airflow/.local/lib/python3.12/site-packages/airflow/example_dags/example_inlet_event_extra.py
[2024-09-22T23:30:00.095+0000] {logging_mixin.py:190} INFO - [2024-09-22T23:30:00.094+0000] {dag.py:3229} INFO - Sync 2 DAGs
[2024-09-22T23:30:00.159+0000] {logging_mixin.py:190} INFO - [2024-09-22T23:30:00.159+0000] {dag.py:4156} INFO - Setting next_dagrun for read_dataset_event to 2024-09-21 00:00:00+00:00, run_after=2024-09-22 00:00:00+00:00
[2024-09-22T23:30:00.574+0000] {logging_mixin.py:190} INFO - [2024-09-22T23:30:00.573+0000] {dag.py:4156} INFO - Setting next_dagrun for read_dataset_event_from_classic to 2024-09-21 00:00:00+00:00, run_after=2024-09-22 00:00:00+00:00
[2024-09-22T23:30:00.648+0000] {processor.py:208} INFO - Processing /home/airflow/.local/lib/python3.12/site-packages/airflow/example_dags/example_inlet_event_extra.py took 0.940 seconds
[2024-09-22T23:30:30.933+0000] {processor.py:186} INFO - Started process (PID=601) to work on /home/airflow/.local/lib/python3.12/site-packages/airflow/example_dags/example_inlet_event_extra.py
[2024-09-22T23:30:30.935+0000] {processor.py:914} INFO - Processing file /home/airflow/.local/lib/python3.12/site-packages/airflow/example_dags/example_inlet_event_extra.py for tasks to queue
[2024-09-22T23:30:30.940+0000] {logging_mixin.py:190} INFO - [2024-09-22T23:30:30.939+0000] {dagbag.py:587} INFO - Filling up the DagBag from /home/airflow/.local/lib/python3.12/site-packages/airflow/example_dags/example_inlet_event_extra.py
[2024-09-22T23:30:31.260+0000] {processor.py:925} INFO - DAG(s) 'read_dataset_event', 'read_dataset_event_from_classic' retrieved from /home/airflow/.local/lib/python3.12/site-packages/airflow/example_dags/example_inlet_event_extra.py
[2024-09-22T23:30:31.304+0000] {logging_mixin.py:190} INFO - [2024-09-22T23:30:31.304+0000] {dag.py:3229} INFO - Sync 2 DAGs
[2024-09-22T23:30:31.362+0000] {logging_mixin.py:190} INFO - [2024-09-22T23:30:31.362+0000] {dag.py:4156} INFO - Setting next_dagrun for read_dataset_event to 2024-09-21 00:00:00+00:00, run_after=2024-09-22 00:00:00+00:00
[2024-09-22T23:30:31.375+0000] {logging_mixin.py:190} INFO - [2024-09-22T23:30:31.375+0000] {dag.py:4156} INFO - Setting next_dagrun for read_dataset_event_from_classic to 2024-09-21 00:00:00+00:00, run_after=2024-09-22 00:00:00+00:00
[2024-09-22T23:30:31.755+0000] {processor.py:208} INFO - Processing /home/airflow/.local/lib/python3.12/site-packages/airflow/example_dags/example_inlet_event_extra.py took 0.836 seconds
[2024-09-22T23:31:02.149+0000] {processor.py:186} INFO - Started process (PID=663) to work on /home/airflow/.local/lib/python3.12/site-packages/airflow/example_dags/example_inlet_event_extra.py
[2024-09-22T23:31:02.151+0000] {processor.py:914} INFO - Processing file /home/airflow/.local/lib/python3.12/site-packages/airflow/example_dags/example_inlet_event_extra.py for tasks to queue
[2024-09-22T23:31:02.155+0000] {logging_mixin.py:190} INFO - [2024-09-22T23:31:02.155+0000] {dagbag.py:587} INFO - Filling up the DagBag from /home/airflow/.local/lib/python3.12/site-packages/airflow/example_dags/example_inlet_event_extra.py
[2024-09-22T23:31:02.435+0000] {processor.py:925} INFO - DAG(s) 'read_dataset_event_from_classic', 'read_dataset_event' retrieved from /home/airflow/.local/lib/python3.12/site-packages/airflow/example_dags/example_inlet_event_extra.py
[2024-09-22T23:31:02.475+0000] {logging_mixin.py:190} INFO - [2024-09-22T23:31:02.475+0000] {dag.py:3229} INFO - Sync 2 DAGs
[2024-09-22T23:31:02.525+0000] {logging_mixin.py:190} INFO - [2024-09-22T23:31:02.524+0000] {dag.py:4156} INFO - Setting next_dagrun for read_dataset_event to 2024-09-21 00:00:00+00:00, run_after=2024-09-22 00:00:00+00:00
[2024-09-22T23:31:02.536+0000] {logging_mixin.py:190} INFO - [2024-09-22T23:31:02.536+0000] {dag.py:4156} INFO - Setting next_dagrun for read_dataset_event_from_classic to 2024-09-21 00:00:00+00:00, run_after=2024-09-22 00:00:00+00:00
[2024-09-22T23:31:02.562+0000] {processor.py:208} INFO - Processing /home/airflow/.local/lib/python3.12/site-packages/airflow/example_dags/example_inlet_event_extra.py took 0.424 seconds
[2024-09-22T23:31:33.355+0000] {processor.py:186} INFO - Started process (PID=725) to work on /home/airflow/.local/lib/python3.12/site-packages/airflow/example_dags/example_inlet_event_extra.py
[2024-09-22T23:31:33.357+0000] {processor.py:914} INFO - Processing file /home/airflow/.local/lib/python3.12/site-packages/airflow/example_dags/example_inlet_event_extra.py for tasks to queue
[2024-09-22T23:31:33.361+0000] {logging_mixin.py:190} INFO - [2024-09-22T23:31:33.360+0000] {dagbag.py:587} INFO - Filling up the DagBag from /home/airflow/.local/lib/python3.12/site-packages/airflow/example_dags/example_inlet_event_extra.py
[2024-09-22T23:31:33.584+0000] {processor.py:925} INFO - DAG(s) 'read_dataset_event_from_classic', 'read_dataset_event' retrieved from /home/airflow/.local/lib/python3.12/site-packages/airflow/example_dags/example_inlet_event_extra.py
[2024-09-22T23:31:33.614+0000] {logging_mixin.py:190} INFO - [2024-09-22T23:31:33.614+0000] {dag.py:3229} INFO - Sync 2 DAGs
[2024-09-22T23:31:33.646+0000] {logging_mixin.py:190} INFO - [2024-09-22T23:31:33.646+0000] {dag.py:4156} INFO - Setting next_dagrun for read_dataset_event to 2024-09-21 00:00:00+00:00, run_after=2024-09-22 00:00:00+00:00
[2024-09-22T23:31:33.652+0000] {logging_mixin.py:190} INFO - [2024-09-22T23:31:33.652+0000] {dag.py:4156} INFO - Setting next_dagrun for read_dataset_event_from_classic to 2024-09-21 00:00:00+00:00, run_after=2024-09-22 00:00:00+00:00
[2024-09-22T23:31:33.672+0000] {processor.py:208} INFO - Processing /home/airflow/.local/lib/python3.12/site-packages/airflow/example_dags/example_inlet_event_extra.py took 0.326 seconds
[2024-09-22T23:32:04.041+0000] {processor.py:186} INFO - Started process (PID=788) to work on /home/airflow/.local/lib/python3.12/site-packages/airflow/example_dags/example_inlet_event_extra.py
[2024-09-22T23:32:04.043+0000] {processor.py:914} INFO - Processing file /home/airflow/.local/lib/python3.12/site-packages/airflow/example_dags/example_inlet_event_extra.py for tasks to queue
[2024-09-22T23:32:04.047+0000] {logging_mixin.py:190} INFO - [2024-09-22T23:32:04.047+0000] {dagbag.py:587} INFO - Filling up the DagBag from /home/airflow/.local/lib/python3.12/site-packages/airflow/example_dags/example_inlet_event_extra.py
[2024-09-22T23:32:04.272+0000] {processor.py:925} INFO - DAG(s) 'read_dataset_event', 'read_dataset_event_from_classic' retrieved from /home/airflow/.local/lib/python3.12/site-packages/airflow/example_dags/example_inlet_event_extra.py
[2024-09-22T23:32:04.303+0000] {logging_mixin.py:190} INFO - [2024-09-22T23:32:04.302+0000] {dag.py:3229} INFO - Sync 2 DAGs
[2024-09-22T23:32:04.337+0000] {logging_mixin.py:190} INFO - [2024-09-22T23:32:04.336+0000] {dag.py:4156} INFO - Setting next_dagrun for read_dataset_event to 2024-09-21 00:00:00+00:00, run_after=2024-09-22 00:00:00+00:00
[2024-09-22T23:32:04.343+0000] {logging_mixin.py:190} INFO - [2024-09-22T23:32:04.343+0000] {dag.py:4156} INFO - Setting next_dagrun for read_dataset_event_from_classic to 2024-09-21 00:00:00+00:00, run_after=2024-09-22 00:00:00+00:00
[2024-09-22T23:32:04.364+0000] {processor.py:208} INFO - Processing /home/airflow/.local/lib/python3.12/site-packages/airflow/example_dags/example_inlet_event_extra.py took 0.332 seconds
[2024-09-22T23:32:34.673+0000] {processor.py:186} INFO - Started process (PID=851) to work on /home/airflow/.local/lib/python3.12/site-packages/airflow/example_dags/example_inlet_event_extra.py
[2024-09-22T23:32:34.675+0000] {processor.py:914} INFO - Processing file /home/airflow/.local/lib/python3.12/site-packages/airflow/example_dags/example_inlet_event_extra.py for tasks to queue
[2024-09-22T23:32:34.679+0000] {logging_mixin.py:190} INFO - [2024-09-22T23:32:34.678+0000] {dagbag.py:587} INFO - Filling up the DagBag from /home/airflow/.local/lib/python3.12/site-packages/airflow/example_dags/example_inlet_event_extra.py
[2024-09-22T23:32:34.901+0000] {processor.py:925} INFO - DAG(s) 'read_dataset_event_from_classic', 'read_dataset_event' retrieved from /home/airflow/.local/lib/python3.12/site-packages/airflow/example_dags/example_inlet_event_extra.py
[2024-09-22T23:32:35.235+0000] {logging_mixin.py:190} INFO - [2024-09-22T23:32:35.234+0000] {dag.py:3229} INFO - Sync 2 DAGs
[2024-09-22T23:32:35.267+0000] {logging_mixin.py:190} INFO - [2024-09-22T23:32:35.266+0000] {dag.py:4156} INFO - Setting next_dagrun for read_dataset_event to 2024-09-21 00:00:00+00:00, run_after=2024-09-22 00:00:00+00:00
[2024-09-22T23:32:35.274+0000] {logging_mixin.py:190} INFO - [2024-09-22T23:32:35.274+0000] {dag.py:4156} INFO - Setting next_dagrun for read_dataset_event_from_classic to 2024-09-21 00:00:00+00:00, run_after=2024-09-22 00:00:00+00:00
[2024-09-22T23:32:35.295+0000] {processor.py:208} INFO - Processing /home/airflow/.local/lib/python3.12/site-packages/airflow/example_dags/example_inlet_event_extra.py took 0.631 seconds
[2024-09-22T23:33:05.526+0000] {processor.py:186} INFO - Started process (PID=914) to work on /home/airflow/.local/lib/python3.12/site-packages/airflow/example_dags/example_inlet_event_extra.py
[2024-09-22T23:33:05.528+0000] {processor.py:914} INFO - Processing file /home/airflow/.local/lib/python3.12/site-packages/airflow/example_dags/example_inlet_event_extra.py for tasks to queue
[2024-09-22T23:33:05.532+0000] {logging_mixin.py:190} INFO - [2024-09-22T23:33:05.532+0000] {dagbag.py:587} INFO - Filling up the DagBag from /home/airflow/.local/lib/python3.12/site-packages/airflow/example_dags/example_inlet_event_extra.py
[2024-09-22T23:33:05.755+0000] {processor.py:925} INFO - DAG(s) 'read_dataset_event', 'read_dataset_event_from_classic' retrieved from /home/airflow/.local/lib/python3.12/site-packages/airflow/example_dags/example_inlet_event_extra.py
[2024-09-22T23:33:05.787+0000] {logging_mixin.py:190} INFO - [2024-09-22T23:33:05.787+0000] {dag.py:3229} INFO - Sync 2 DAGs
[2024-09-22T23:33:06.103+0000] {logging_mixin.py:190} INFO - [2024-09-22T23:33:06.103+0000] {dag.py:4156} INFO - Setting next_dagrun for read_dataset_event to 2024-09-21 00:00:00+00:00, run_after=2024-09-22 00:00:00+00:00
[2024-09-22T23:33:06.114+0000] {logging_mixin.py:190} INFO - [2024-09-22T23:33:06.113+0000] {dag.py:4156} INFO - Setting next_dagrun for read_dataset_event_from_classic to 2024-09-21 00:00:00+00:00, run_after=2024-09-22 00:00:00+00:00
[2024-09-22T23:33:06.137+0000] {processor.py:208} INFO - Processing /home/airflow/.local/lib/python3.12/site-packages/airflow/example_dags/example_inlet_event_extra.py took 0.620 seconds
[2024-09-22T23:33:36.836+0000] {processor.py:186} INFO - Started process (PID=977) to work on /home/airflow/.local/lib/python3.12/site-packages/airflow/example_dags/example_inlet_event_extra.py
[2024-09-22T23:33:36.838+0000] {processor.py:914} INFO - Processing file /home/airflow/.local/lib/python3.12/site-packages/airflow/example_dags/example_inlet_event_extra.py for tasks to queue
[2024-09-22T23:33:36.844+0000] {logging_mixin.py:190} INFO - [2024-09-22T23:33:36.843+0000] {dagbag.py:587} INFO - Filling up the DagBag from /home/airflow/.local/lib/python3.12/site-packages/airflow/example_dags/example_inlet_event_extra.py
[2024-09-22T23:33:37.101+0000] {processor.py:925} INFO - DAG(s) 'read_dataset_event_from_classic', 'read_dataset_event' retrieved from /home/airflow/.local/lib/python3.12/site-packages/airflow/example_dags/example_inlet_event_extra.py
[2024-09-22T23:33:37.144+0000] {logging_mixin.py:190} INFO - [2024-09-22T23:33:37.143+0000] {dag.py:3229} INFO - Sync 2 DAGs
[2024-09-22T23:33:37.480+0000] {logging_mixin.py:190} INFO - [2024-09-22T23:33:37.480+0000] {dag.py:4156} INFO - Setting next_dagrun for read_dataset_event to 2024-09-21 00:00:00+00:00, run_after=2024-09-22 00:00:00+00:00
[2024-09-22T23:33:37.486+0000] {logging_mixin.py:190} INFO - [2024-09-22T23:33:37.486+0000] {dag.py:4156} INFO - Setting next_dagrun for read_dataset_event_from_classic to 2024-09-21 00:00:00+00:00, run_after=2024-09-22 00:00:00+00:00
[2024-09-22T23:33:37.505+0000] {processor.py:208} INFO - Processing /home/airflow/.local/lib/python3.12/site-packages/airflow/example_dags/example_inlet_event_extra.py took 0.679 seconds
[2024-09-22T23:34:08.157+0000] {processor.py:186} INFO - Started process (PID=1040) to work on /home/airflow/.local/lib/python3.12/site-packages/airflow/example_dags/example_inlet_event_extra.py
[2024-09-22T23:34:08.158+0000] {processor.py:914} INFO - Processing file /home/airflow/.local/lib/python3.12/site-packages/airflow/example_dags/example_inlet_event_extra.py for tasks to queue
[2024-09-22T23:34:08.162+0000] {logging_mixin.py:190} INFO - [2024-09-22T23:34:08.161+0000] {dagbag.py:587} INFO - Filling up the DagBag from /home/airflow/.local/lib/python3.12/site-packages/airflow/example_dags/example_inlet_event_extra.py
[2024-09-22T23:34:08.656+0000] {processor.py:925} INFO - DAG(s) 'read_dataset_event_from_classic', 'read_dataset_event' retrieved from /home/airflow/.local/lib/python3.12/site-packages/airflow/example_dags/example_inlet_event_extra.py
[2024-09-22T23:34:08.686+0000] {logging_mixin.py:190} INFO - [2024-09-22T23:34:08.685+0000] {dag.py:3229} INFO - Sync 2 DAGs
[2024-09-22T23:34:08.718+0000] {logging_mixin.py:190} INFO - [2024-09-22T23:34:08.717+0000] {dag.py:4156} INFO - Setting next_dagrun for read_dataset_event to 2024-09-21 00:00:00+00:00, run_after=2024-09-22 00:00:00+00:00
[2024-09-22T23:34:08.723+0000] {logging_mixin.py:190} INFO - [2024-09-22T23:34:08.723+0000] {dag.py:4156} INFO - Setting next_dagrun for read_dataset_event_from_classic to 2024-09-21 00:00:00+00:00, run_after=2024-09-22 00:00:00+00:00
[2024-09-22T23:34:08.742+0000] {processor.py:208} INFO - Processing /home/airflow/.local/lib/python3.12/site-packages/airflow/example_dags/example_inlet_event_extra.py took 0.594 seconds
[2024-09-22T23:34:39.413+0000] {processor.py:186} INFO - Started process (PID=1103) to work on /home/airflow/.local/lib/python3.12/site-packages/airflow/example_dags/example_inlet_event_extra.py
[2024-09-22T23:34:39.415+0000] {processor.py:914} INFO - Processing file /home/airflow/.local/lib/python3.12/site-packages/airflow/example_dags/example_inlet_event_extra.py for tasks to queue
[2024-09-22T23:34:39.419+0000] {logging_mixin.py:190} INFO - [2024-09-22T23:34:39.419+0000] {dagbag.py:587} INFO - Filling up the DagBag from /home/airflow/.local/lib/python3.12/site-packages/airflow/example_dags/example_inlet_event_extra.py
[2024-09-22T23:34:40.087+0000] {processor.py:925} INFO - DAG(s) 'read_dataset_event_from_classic', 'read_dataset_event' retrieved from /home/airflow/.local/lib/python3.12/site-packages/airflow/example_dags/example_inlet_event_extra.py
[2024-09-22T23:34:40.113+0000] {logging_mixin.py:190} INFO - [2024-09-22T23:34:40.112+0000] {dag.py:3229} INFO - Sync 2 DAGs
[2024-09-22T23:34:40.143+0000] {logging_mixin.py:190} INFO - [2024-09-22T23:34:40.142+0000] {dag.py:4156} INFO - Setting next_dagrun for read_dataset_event to 2024-09-21 00:00:00+00:00, run_after=2024-09-22 00:00:00+00:00
[2024-09-22T23:34:40.150+0000] {logging_mixin.py:190} INFO - [2024-09-22T23:34:40.149+0000] {dag.py:4156} INFO - Setting next_dagrun for read_dataset_event_from_classic to 2024-09-21 00:00:00+00:00, run_after=2024-09-22 00:00:00+00:00
[2024-09-22T23:34:40.172+0000] {processor.py:208} INFO - Processing /home/airflow/.local/lib/python3.12/site-packages/airflow/example_dags/example_inlet_event_extra.py took 0.771 seconds
[2024-09-22T23:35:10.659+0000] {processor.py:186} INFO - Started process (PID=1166) to work on /home/airflow/.local/lib/python3.12/site-packages/airflow/example_dags/example_inlet_event_extra.py
[2024-09-22T23:35:10.661+0000] {processor.py:914} INFO - Processing file /home/airflow/.local/lib/python3.12/site-packages/airflow/example_dags/example_inlet_event_extra.py for tasks to queue
[2024-09-22T23:35:10.665+0000] {logging_mixin.py:190} INFO - [2024-09-22T23:35:10.664+0000] {dagbag.py:587} INFO - Filling up the DagBag from /home/airflow/.local/lib/python3.12/site-packages/airflow/example_dags/example_inlet_event_extra.py
[2024-09-22T23:35:11.168+0000] {processor.py:925} INFO - DAG(s) 'read_dataset_event_from_classic', 'read_dataset_event' retrieved from /home/airflow/.local/lib/python3.12/site-packages/airflow/example_dags/example_inlet_event_extra.py
[2024-09-22T23:35:11.197+0000] {logging_mixin.py:190} INFO - [2024-09-22T23:35:11.197+0000] {dag.py:3229} INFO - Sync 2 DAGs
[2024-09-22T23:35:11.228+0000] {logging_mixin.py:190} INFO - [2024-09-22T23:35:11.228+0000] {dag.py:4156} INFO - Setting next_dagrun for read_dataset_event to 2024-09-21 00:00:00+00:00, run_after=2024-09-22 00:00:00+00:00
[2024-09-22T23:35:11.235+0000] {logging_mixin.py:190} INFO - [2024-09-22T23:35:11.234+0000] {dag.py:4156} INFO - Setting next_dagrun for read_dataset_event_from_classic to 2024-09-21 00:00:00+00:00, run_after=2024-09-22 00:00:00+00:00
[2024-09-22T23:35:11.254+0000] {processor.py:208} INFO - Processing /home/airflow/.local/lib/python3.12/site-packages/airflow/example_dags/example_inlet_event_extra.py took 0.608 seconds
[2024-09-22T23:35:41.956+0000] {processor.py:186} INFO - Started process (PID=1229) to work on /home/airflow/.local/lib/python3.12/site-packages/airflow/example_dags/example_inlet_event_extra.py
[2024-09-22T23:35:41.958+0000] {processor.py:914} INFO - Processing file /home/airflow/.local/lib/python3.12/site-packages/airflow/example_dags/example_inlet_event_extra.py for tasks to queue
[2024-09-22T23:35:41.962+0000] {logging_mixin.py:190} INFO - [2024-09-22T23:35:41.961+0000] {dagbag.py:587} INFO - Filling up the DagBag from /home/airflow/.local/lib/python3.12/site-packages/airflow/example_dags/example_inlet_event_extra.py
[2024-09-22T23:35:42.459+0000] {processor.py:925} INFO - DAG(s) 'read_dataset_event_from_classic', 'read_dataset_event' retrieved from /home/airflow/.local/lib/python3.12/site-packages/airflow/example_dags/example_inlet_event_extra.py
[2024-09-22T23:35:42.492+0000] {logging_mixin.py:190} INFO - [2024-09-22T23:35:42.492+0000] {dag.py:3229} INFO - Sync 2 DAGs
[2024-09-22T23:35:42.521+0000] {logging_mixin.py:190} INFO - [2024-09-22T23:35:42.521+0000] {dag.py:4156} INFO - Setting next_dagrun for read_dataset_event to 2024-09-21 00:00:00+00:00, run_after=2024-09-22 00:00:00+00:00
[2024-09-22T23:35:42.527+0000] {logging_mixin.py:190} INFO - [2024-09-22T23:35:42.527+0000] {dag.py:4156} INFO - Setting next_dagrun for read_dataset_event_from_classic to 2024-09-21 00:00:00+00:00, run_after=2024-09-22 00:00:00+00:00
[2024-09-22T23:35:42.545+0000] {processor.py:208} INFO - Processing /home/airflow/.local/lib/python3.12/site-packages/airflow/example_dags/example_inlet_event_extra.py took 0.602 seconds
[2024-09-22T23:36:13.253+0000] {processor.py:186} INFO - Started process (PID=1292) to work on /home/airflow/.local/lib/python3.12/site-packages/airflow/example_dags/example_inlet_event_extra.py
[2024-09-22T23:36:13.254+0000] {processor.py:914} INFO - Processing file /home/airflow/.local/lib/python3.12/site-packages/airflow/example_dags/example_inlet_event_extra.py for tasks to queue
[2024-09-22T23:36:13.258+0000] {logging_mixin.py:190} INFO - [2024-09-22T23:36:13.257+0000] {dagbag.py:587} INFO - Filling up the DagBag from /home/airflow/.local/lib/python3.12/site-packages/airflow/example_dags/example_inlet_event_extra.py
[2024-09-22T23:36:13.785+0000] {processor.py:925} INFO - DAG(s) 'read_dataset_event', 'read_dataset_event_from_classic' retrieved from /home/airflow/.local/lib/python3.12/site-packages/airflow/example_dags/example_inlet_event_extra.py
[2024-09-22T23:36:13.810+0000] {logging_mixin.py:190} INFO - [2024-09-22T23:36:13.810+0000] {dag.py:3229} INFO - Sync 2 DAGs
[2024-09-22T23:36:13.839+0000] {logging_mixin.py:190} INFO - [2024-09-22T23:36:13.839+0000] {dag.py:4156} INFO - Setting next_dagrun for read_dataset_event to 2024-09-21 00:00:00+00:00, run_after=2024-09-22 00:00:00+00:00
[2024-09-22T23:36:13.845+0000] {logging_mixin.py:190} INFO - [2024-09-22T23:36:13.845+0000] {dag.py:4156} INFO - Setting next_dagrun for read_dataset_event_from_classic to 2024-09-21 00:00:00+00:00, run_after=2024-09-22 00:00:00+00:00
[2024-09-22T23:36:13.866+0000] {processor.py:208} INFO - Processing /home/airflow/.local/lib/python3.12/site-packages/airflow/example_dags/example_inlet_event_extra.py took 0.623 seconds
[2024-09-22T23:36:44.285+0000] {processor.py:186} INFO - Started process (PID=1355) to work on /home/airflow/.local/lib/python3.12/site-packages/airflow/example_dags/example_inlet_event_extra.py
[2024-09-22T23:36:44.288+0000] {processor.py:914} INFO - Processing file /home/airflow/.local/lib/python3.12/site-packages/airflow/example_dags/example_inlet_event_extra.py for tasks to queue
[2024-09-22T23:36:44.292+0000] {logging_mixin.py:190} INFO - [2024-09-22T23:36:44.292+0000] {dagbag.py:587} INFO - Filling up the DagBag from /home/airflow/.local/lib/python3.12/site-packages/airflow/example_dags/example_inlet_event_extra.py
[2024-09-22T23:36:44.946+0000] {processor.py:925} INFO - DAG(s) 'read_dataset_event_from_classic', 'read_dataset_event' retrieved from /home/airflow/.local/lib/python3.12/site-packages/airflow/example_dags/example_inlet_event_extra.py
[2024-09-22T23:36:44.972+0000] {logging_mixin.py:190} INFO - [2024-09-22T23:36:44.972+0000] {dag.py:3229} INFO - Sync 2 DAGs
[2024-09-22T23:36:45.000+0000] {logging_mixin.py:190} INFO - [2024-09-22T23:36:44.999+0000] {dag.py:4156} INFO - Setting next_dagrun for read_dataset_event to 2024-09-21 00:00:00+00:00, run_after=2024-09-22 00:00:00+00:00
[2024-09-22T23:36:45.005+0000] {logging_mixin.py:190} INFO - [2024-09-22T23:36:45.005+0000] {dag.py:4156} INFO - Setting next_dagrun for read_dataset_event_from_classic to 2024-09-21 00:00:00+00:00, run_after=2024-09-22 00:00:00+00:00
[2024-09-22T23:36:45.026+0000] {processor.py:208} INFO - Processing /home/airflow/.local/lib/python3.12/site-packages/airflow/example_dags/example_inlet_event_extra.py took 0.753 seconds
[2024-09-22T23:37:15.791+0000] {processor.py:186} INFO - Started process (PID=1418) to work on /home/airflow/.local/lib/python3.12/site-packages/airflow/example_dags/example_inlet_event_extra.py
[2024-09-22T23:37:15.792+0000] {processor.py:914} INFO - Processing file /home/airflow/.local/lib/python3.12/site-packages/airflow/example_dags/example_inlet_event_extra.py for tasks to queue
[2024-09-22T23:37:15.795+0000] {logging_mixin.py:190} INFO - [2024-09-22T23:37:15.795+0000] {dagbag.py:587} INFO - Filling up the DagBag from /home/airflow/.local/lib/python3.12/site-packages/airflow/example_dags/example_inlet_event_extra.py
[2024-09-22T23:37:16.292+0000] {processor.py:925} INFO - DAG(s) 'read_dataset_event', 'read_dataset_event_from_classic' retrieved from /home/airflow/.local/lib/python3.12/site-packages/airflow/example_dags/example_inlet_event_extra.py
[2024-09-22T23:37:16.322+0000] {logging_mixin.py:190} INFO - [2024-09-22T23:37:16.322+0000] {dag.py:3229} INFO - Sync 2 DAGs
[2024-09-22T23:37:16.355+0000] {logging_mixin.py:190} INFO - [2024-09-22T23:37:16.354+0000] {dag.py:4156} INFO - Setting next_dagrun for read_dataset_event to 2024-09-21 00:00:00+00:00, run_after=2024-09-22 00:00:00+00:00
[2024-09-22T23:37:16.361+0000] {logging_mixin.py:190} INFO - [2024-09-22T23:37:16.361+0000] {dag.py:4156} INFO - Setting next_dagrun for read_dataset_event_from_classic to 2024-09-21 00:00:00+00:00, run_after=2024-09-22 00:00:00+00:00
[2024-09-22T23:37:16.382+0000] {processor.py:208} INFO - Processing /home/airflow/.local/lib/python3.12/site-packages/airflow/example_dags/example_inlet_event_extra.py took 0.601 seconds
[2024-09-22T23:37:47.218+0000] {processor.py:186} INFO - Started process (PID=1481) to work on /home/airflow/.local/lib/python3.12/site-packages/airflow/example_dags/example_inlet_event_extra.py
[2024-09-22T23:37:47.223+0000] {processor.py:914} INFO - Processing file /home/airflow/.local/lib/python3.12/site-packages/airflow/example_dags/example_inlet_event_extra.py for tasks to queue
[2024-09-22T23:37:47.228+0000] {logging_mixin.py:190} INFO - [2024-09-22T23:37:47.227+0000] {dagbag.py:587} INFO - Filling up the DagBag from /home/airflow/.local/lib/python3.12/site-packages/airflow/example_dags/example_inlet_event_extra.py
[2024-09-22T23:37:47.709+0000] {processor.py:925} INFO - DAG(s) 'read_dataset_event_from_classic', 'read_dataset_event' retrieved from /home/airflow/.local/lib/python3.12/site-packages/airflow/example_dags/example_inlet_event_extra.py
[2024-09-22T23:37:47.736+0000] {logging_mixin.py:190} INFO - [2024-09-22T23:37:47.735+0000] {dag.py:3229} INFO - Sync 2 DAGs
[2024-09-22T23:37:47.771+0000] {logging_mixin.py:190} INFO - [2024-09-22T23:37:47.770+0000] {dag.py:4156} INFO - Setting next_dagrun for read_dataset_event to 2024-09-21 00:00:00+00:00, run_after=2024-09-22 00:00:00+00:00
[2024-09-22T23:37:47.777+0000] {logging_mixin.py:190} INFO - [2024-09-22T23:37:47.777+0000] {dag.py:4156} INFO - Setting next_dagrun for read_dataset_event_from_classic to 2024-09-21 00:00:00+00:00, run_after=2024-09-22 00:00:00+00:00
[2024-09-22T23:37:47.795+0000] {processor.py:208} INFO - Processing /home/airflow/.local/lib/python3.12/site-packages/airflow/example_dags/example_inlet_event_extra.py took 0.588 seconds
[2024-09-22T23:38:18.456+0000] {processor.py:186} INFO - Started process (PID=1544) to work on /home/airflow/.local/lib/python3.12/site-packages/airflow/example_dags/example_inlet_event_extra.py
[2024-09-22T23:38:18.458+0000] {processor.py:914} INFO - Processing file /home/airflow/.local/lib/python3.12/site-packages/airflow/example_dags/example_inlet_event_extra.py for tasks to queue
[2024-09-22T23:38:18.461+0000] {logging_mixin.py:190} INFO - [2024-09-22T23:38:18.461+0000] {dagbag.py:587} INFO - Filling up the DagBag from /home/airflow/.local/lib/python3.12/site-packages/airflow/example_dags/example_inlet_event_extra.py
[2024-09-22T23:38:18.957+0000] {processor.py:925} INFO - DAG(s) 'read_dataset_event_from_classic', 'read_dataset_event' retrieved from /home/airflow/.local/lib/python3.12/site-packages/airflow/example_dags/example_inlet_event_extra.py
[2024-09-22T23:38:18.989+0000] {logging_mixin.py:190} INFO - [2024-09-22T23:38:18.988+0000] {dag.py:3229} INFO - Sync 2 DAGs
[2024-09-22T23:38:19.022+0000] {logging_mixin.py:190} INFO - [2024-09-22T23:38:19.022+0000] {dag.py:4156} INFO - Setting next_dagrun for read_dataset_event to 2024-09-21 00:00:00+00:00, run_after=2024-09-22 00:00:00+00:00
[2024-09-22T23:38:19.031+0000] {logging_mixin.py:190} INFO - [2024-09-22T23:38:19.031+0000] {dag.py:4156} INFO - Setting next_dagrun for read_dataset_event_from_classic to 2024-09-21 00:00:00+00:00, run_after=2024-09-22 00:00:00+00:00
[2024-09-22T23:38:19.053+0000] {processor.py:208} INFO - Processing /home/airflow/.local/lib/python3.12/site-packages/airflow/example_dags/example_inlet_event_extra.py took 0.609 seconds
[2024-09-22T23:38:49.212+0000] {processor.py:186} INFO - Started process (PID=1607) to work on /home/airflow/.local/lib/python3.12/site-packages/airflow/example_dags/example_inlet_event_extra.py
[2024-09-22T23:38:49.214+0000] {processor.py:914} INFO - Processing file /home/airflow/.local/lib/python3.12/site-packages/airflow/example_dags/example_inlet_event_extra.py for tasks to queue
[2024-09-22T23:38:49.218+0000] {logging_mixin.py:190} INFO - [2024-09-22T23:38:49.217+0000] {dagbag.py:587} INFO - Filling up the DagBag from /home/airflow/.local/lib/python3.12/site-packages/airflow/example_dags/example_inlet_event_extra.py
[2024-09-22T23:38:49.724+0000] {processor.py:925} INFO - DAG(s) 'read_dataset_event_from_classic', 'read_dataset_event' retrieved from /home/airflow/.local/lib/python3.12/site-packages/airflow/example_dags/example_inlet_event_extra.py
[2024-09-22T23:38:49.749+0000] {logging_mixin.py:190} INFO - [2024-09-22T23:38:49.748+0000] {dag.py:3229} INFO - Sync 2 DAGs
[2024-09-22T23:38:49.778+0000] {logging_mixin.py:190} INFO - [2024-09-22T23:38:49.777+0000] {dag.py:4156} INFO - Setting next_dagrun for read_dataset_event to 2024-09-21 00:00:00+00:00, run_after=2024-09-22 00:00:00+00:00
[2024-09-22T23:38:49.784+0000] {logging_mixin.py:190} INFO - [2024-09-22T23:38:49.783+0000] {dag.py:4156} INFO - Setting next_dagrun for read_dataset_event_from_classic to 2024-09-21 00:00:00+00:00, run_after=2024-09-22 00:00:00+00:00
[2024-09-22T23:38:49.803+0000] {processor.py:208} INFO - Processing /home/airflow/.local/lib/python3.12/site-packages/airflow/example_dags/example_inlet_event_extra.py took 0.600 seconds
[2024-09-22T23:39:20.053+0000] {processor.py:186} INFO - Started process (PID=1670) to work on /home/airflow/.local/lib/python3.12/site-packages/airflow/example_dags/example_inlet_event_extra.py
[2024-09-22T23:39:20.054+0000] {processor.py:914} INFO - Processing file /home/airflow/.local/lib/python3.12/site-packages/airflow/example_dags/example_inlet_event_extra.py for tasks to queue
[2024-09-22T23:39:20.057+0000] {logging_mixin.py:190} INFO - [2024-09-22T23:39:20.057+0000] {dagbag.py:587} INFO - Filling up the DagBag from /home/airflow/.local/lib/python3.12/site-packages/airflow/example_dags/example_inlet_event_extra.py
[2024-09-22T23:39:20.541+0000] {processor.py:925} INFO - DAG(s) 'read_dataset_event', 'read_dataset_event_from_classic' retrieved from /home/airflow/.local/lib/python3.12/site-packages/airflow/example_dags/example_inlet_event_extra.py
[2024-09-22T23:39:20.565+0000] {logging_mixin.py:190} INFO - [2024-09-22T23:39:20.565+0000] {dag.py:3229} INFO - Sync 2 DAGs
[2024-09-22T23:39:20.592+0000] {logging_mixin.py:190} INFO - [2024-09-22T23:39:20.591+0000] {dag.py:4156} INFO - Setting next_dagrun for read_dataset_event to 2024-09-21 00:00:00+00:00, run_after=2024-09-22 00:00:00+00:00
[2024-09-22T23:39:20.597+0000] {logging_mixin.py:190} INFO - [2024-09-22T23:39:20.597+0000] {dag.py:4156} INFO - Setting next_dagrun for read_dataset_event_from_classic to 2024-09-21 00:00:00+00:00, run_after=2024-09-22 00:00:00+00:00
[2024-09-22T23:39:20.615+0000] {processor.py:208} INFO - Processing /home/airflow/.local/lib/python3.12/site-packages/airflow/example_dags/example_inlet_event_extra.py took 0.571 seconds
[2024-09-22T23:39:51.113+0000] {processor.py:186} INFO - Started process (PID=1733) to work on /home/airflow/.local/lib/python3.12/site-packages/airflow/example_dags/example_inlet_event_extra.py
[2024-09-22T23:39:51.115+0000] {processor.py:914} INFO - Processing file /home/airflow/.local/lib/python3.12/site-packages/airflow/example_dags/example_inlet_event_extra.py for tasks to queue
[2024-09-22T23:39:51.120+0000] {logging_mixin.py:190} INFO - [2024-09-22T23:39:51.119+0000] {dagbag.py:587} INFO - Filling up the DagBag from /home/airflow/.local/lib/python3.12/site-packages/airflow/example_dags/example_inlet_event_extra.py
[2024-09-22T23:39:51.804+0000] {processor.py:925} INFO - DAG(s) 'read_dataset_event', 'read_dataset_event_from_classic' retrieved from /home/airflow/.local/lib/python3.12/site-packages/airflow/example_dags/example_inlet_event_extra.py
[2024-09-22T23:39:51.838+0000] {logging_mixin.py:190} INFO - [2024-09-22T23:39:51.838+0000] {dag.py:3229} INFO - Sync 2 DAGs
[2024-09-22T23:39:51.882+0000] {logging_mixin.py:190} INFO - [2024-09-22T23:39:51.882+0000] {dag.py:4156} INFO - Setting next_dagrun for read_dataset_event to 2024-09-21 00:00:00+00:00, run_after=2024-09-22 00:00:00+00:00
[2024-09-22T23:39:51.892+0000] {logging_mixin.py:190} INFO - [2024-09-22T23:39:51.891+0000] {dag.py:4156} INFO - Setting next_dagrun for read_dataset_event_from_classic to 2024-09-21 00:00:00+00:00, run_after=2024-09-22 00:00:00+00:00
[2024-09-22T23:39:51.917+0000] {processor.py:208} INFO - Processing /home/airflow/.local/lib/python3.12/site-packages/airflow/example_dags/example_inlet_event_extra.py took 0.816 seconds
[2024-09-22T23:40:22.721+0000] {processor.py:186} INFO - Started process (PID=1797) to work on /home/airflow/.local/lib/python3.12/site-packages/airflow/example_dags/example_inlet_event_extra.py
[2024-09-22T23:40:22.723+0000] {processor.py:914} INFO - Processing file /home/airflow/.local/lib/python3.12/site-packages/airflow/example_dags/example_inlet_event_extra.py for tasks to queue
[2024-09-22T23:40:22.727+0000] {logging_mixin.py:190} INFO - [2024-09-22T23:40:22.726+0000] {dagbag.py:587} INFO - Filling up the DagBag from /home/airflow/.local/lib/python3.12/site-packages/airflow/example_dags/example_inlet_event_extra.py
[2024-09-22T23:40:23.211+0000] {processor.py:925} INFO - DAG(s) 'read_dataset_event', 'read_dataset_event_from_classic' retrieved from /home/airflow/.local/lib/python3.12/site-packages/airflow/example_dags/example_inlet_event_extra.py
[2024-09-22T23:40:23.238+0000] {logging_mixin.py:190} INFO - [2024-09-22T23:40:23.238+0000] {dag.py:3229} INFO - Sync 2 DAGs
[2024-09-22T23:40:23.269+0000] {logging_mixin.py:190} INFO - [2024-09-22T23:40:23.268+0000] {dag.py:4156} INFO - Setting next_dagrun for read_dataset_event to 2024-09-21 00:00:00+00:00, run_after=2024-09-22 00:00:00+00:00
[2024-09-22T23:40:23.275+0000] {logging_mixin.py:190} INFO - [2024-09-22T23:40:23.274+0000] {dag.py:4156} INFO - Setting next_dagrun for read_dataset_event_from_classic to 2024-09-21 00:00:00+00:00, run_after=2024-09-22 00:00:00+00:00
[2024-09-22T23:40:23.296+0000] {processor.py:208} INFO - Processing /home/airflow/.local/lib/python3.12/site-packages/airflow/example_dags/example_inlet_event_extra.py took 0.584 seconds
[2024-09-22T23:40:53.920+0000] {processor.py:186} INFO - Started process (PID=1860) to work on /home/airflow/.local/lib/python3.12/site-packages/airflow/example_dags/example_inlet_event_extra.py
[2024-09-22T23:40:53.923+0000] {processor.py:914} INFO - Processing file /home/airflow/.local/lib/python3.12/site-packages/airflow/example_dags/example_inlet_event_extra.py for tasks to queue
[2024-09-22T23:40:53.927+0000] {logging_mixin.py:190} INFO - [2024-09-22T23:40:53.927+0000] {dagbag.py:587} INFO - Filling up the DagBag from /home/airflow/.local/lib/python3.12/site-packages/airflow/example_dags/example_inlet_event_extra.py
[2024-09-22T23:40:54.425+0000] {processor.py:925} INFO - DAG(s) 'read_dataset_event', 'read_dataset_event_from_classic' retrieved from /home/airflow/.local/lib/python3.12/site-packages/airflow/example_dags/example_inlet_event_extra.py
[2024-09-22T23:40:54.449+0000] {logging_mixin.py:190} INFO - [2024-09-22T23:40:54.448+0000] {dag.py:3229} INFO - Sync 2 DAGs
[2024-09-22T23:40:54.477+0000] {logging_mixin.py:190} INFO - [2024-09-22T23:40:54.477+0000] {dag.py:4156} INFO - Setting next_dagrun for read_dataset_event to 2024-09-21 00:00:00+00:00, run_after=2024-09-22 00:00:00+00:00
[2024-09-22T23:40:54.485+0000] {logging_mixin.py:190} INFO - [2024-09-22T23:40:54.485+0000] {dag.py:4156} INFO - Setting next_dagrun for read_dataset_event_from_classic to 2024-09-21 00:00:00+00:00, run_after=2024-09-22 00:00:00+00:00
[2024-09-22T23:40:54.503+0000] {processor.py:208} INFO - Processing /home/airflow/.local/lib/python3.12/site-packages/airflow/example_dags/example_inlet_event_extra.py took 0.595 seconds
[2024-09-22T23:41:24.720+0000] {processor.py:186} INFO - Started process (PID=1923) to work on /home/airflow/.local/lib/python3.12/site-packages/airflow/example_dags/example_inlet_event_extra.py
[2024-09-22T23:41:24.722+0000] {processor.py:914} INFO - Processing file /home/airflow/.local/lib/python3.12/site-packages/airflow/example_dags/example_inlet_event_extra.py for tasks to queue
[2024-09-22T23:41:24.726+0000] {logging_mixin.py:190} INFO - [2024-09-22T23:41:24.725+0000] {dagbag.py:587} INFO - Filling up the DagBag from /home/airflow/.local/lib/python3.12/site-packages/airflow/example_dags/example_inlet_event_extra.py
[2024-09-22T23:41:25.215+0000] {processor.py:925} INFO - DAG(s) 'read_dataset_event', 'read_dataset_event_from_classic' retrieved from /home/airflow/.local/lib/python3.12/site-packages/airflow/example_dags/example_inlet_event_extra.py
[2024-09-22T23:41:25.239+0000] {logging_mixin.py:190} INFO - [2024-09-22T23:41:25.238+0000] {dag.py:3229} INFO - Sync 2 DAGs
[2024-09-22T23:41:25.271+0000] {logging_mixin.py:190} INFO - [2024-09-22T23:41:25.271+0000] {dag.py:4156} INFO - Setting next_dagrun for read_dataset_event to 2024-09-21 00:00:00+00:00, run_after=2024-09-22 00:00:00+00:00
[2024-09-22T23:41:25.278+0000] {logging_mixin.py:190} INFO - [2024-09-22T23:41:25.278+0000] {dag.py:4156} INFO - Setting next_dagrun for read_dataset_event_from_classic to 2024-09-21 00:00:00+00:00, run_after=2024-09-22 00:00:00+00:00
[2024-09-22T23:41:25.299+0000] {processor.py:208} INFO - Processing /home/airflow/.local/lib/python3.12/site-packages/airflow/example_dags/example_inlet_event_extra.py took 0.588 seconds
[2024-09-22T23:41:55.817+0000] {processor.py:186} INFO - Started process (PID=1986) to work on /home/airflow/.local/lib/python3.12/site-packages/airflow/example_dags/example_inlet_event_extra.py
[2024-09-22T23:41:55.818+0000] {processor.py:914} INFO - Processing file /home/airflow/.local/lib/python3.12/site-packages/airflow/example_dags/example_inlet_event_extra.py for tasks to queue
[2024-09-22T23:41:55.822+0000] {logging_mixin.py:190} INFO - [2024-09-22T23:41:55.821+0000] {dagbag.py:587} INFO - Filling up the DagBag from /home/airflow/.local/lib/python3.12/site-packages/airflow/example_dags/example_inlet_event_extra.py
[2024-09-22T23:41:56.338+0000] {processor.py:925} INFO - DAG(s) 'read_dataset_event', 'read_dataset_event_from_classic' retrieved from /home/airflow/.local/lib/python3.12/site-packages/airflow/example_dags/example_inlet_event_extra.py
[2024-09-22T23:41:56.364+0000] {logging_mixin.py:190} INFO - [2024-09-22T23:41:56.363+0000] {dag.py:3229} INFO - Sync 2 DAGs
[2024-09-22T23:41:56.397+0000] {logging_mixin.py:190} INFO - [2024-09-22T23:41:56.397+0000] {dag.py:4156} INFO - Setting next_dagrun for read_dataset_event to 2024-09-21 00:00:00+00:00, run_after=2024-09-22 00:00:00+00:00
[2024-09-22T23:41:56.404+0000] {logging_mixin.py:190} INFO - [2024-09-22T23:41:56.404+0000] {dag.py:4156} INFO - Setting next_dagrun for read_dataset_event_from_classic to 2024-09-21 00:00:00+00:00, run_after=2024-09-22 00:00:00+00:00
[2024-09-22T23:41:56.426+0000] {processor.py:208} INFO - Processing /home/airflow/.local/lib/python3.12/site-packages/airflow/example_dags/example_inlet_event_extra.py took 0.618 seconds
[2024-09-22T23:42:26.886+0000] {processor.py:186} INFO - Started process (PID=2049) to work on /home/airflow/.local/lib/python3.12/site-packages/airflow/example_dags/example_inlet_event_extra.py
[2024-09-22T23:42:26.888+0000] {processor.py:914} INFO - Processing file /home/airflow/.local/lib/python3.12/site-packages/airflow/example_dags/example_inlet_event_extra.py for tasks to queue
[2024-09-22T23:42:26.892+0000] {logging_mixin.py:190} INFO - [2024-09-22T23:42:26.891+0000] {dagbag.py:587} INFO - Filling up the DagBag from /home/airflow/.local/lib/python3.12/site-packages/airflow/example_dags/example_inlet_event_extra.py
[2024-09-22T23:42:27.120+0000] {processor.py:925} INFO - DAG(s) 'read_dataset_event', 'read_dataset_event_from_classic' retrieved from /home/airflow/.local/lib/python3.12/site-packages/airflow/example_dags/example_inlet_event_extra.py
[2024-09-22T23:42:27.149+0000] {logging_mixin.py:190} INFO - [2024-09-22T23:42:27.149+0000] {dag.py:3229} INFO - Sync 2 DAGs
[2024-09-22T23:42:27.181+0000] {logging_mixin.py:190} INFO - [2024-09-22T23:42:27.181+0000] {dag.py:4156} INFO - Setting next_dagrun for read_dataset_event to 2024-09-21 00:00:00+00:00, run_after=2024-09-22 00:00:00+00:00
[2024-09-22T23:42:27.188+0000] {logging_mixin.py:190} INFO - [2024-09-22T23:42:27.187+0000] {dag.py:4156} INFO - Setting next_dagrun for read_dataset_event_from_classic to 2024-09-21 00:00:00+00:00, run_after=2024-09-22 00:00:00+00:00
[2024-09-22T23:42:27.208+0000] {processor.py:208} INFO - Processing /home/airflow/.local/lib/python3.12/site-packages/airflow/example_dags/example_inlet_event_extra.py took 0.332 seconds
[2024-09-22T23:42:57.436+0000] {processor.py:186} INFO - Started process (PID=2112) to work on /home/airflow/.local/lib/python3.12/site-packages/airflow/example_dags/example_inlet_event_extra.py
[2024-09-22T23:42:57.439+0000] {processor.py:914} INFO - Processing file /home/airflow/.local/lib/python3.12/site-packages/airflow/example_dags/example_inlet_event_extra.py for tasks to queue
[2024-09-22T23:42:57.453+0000] {logging_mixin.py:190} INFO - [2024-09-22T23:42:57.452+0000] {dagbag.py:587} INFO - Filling up the DagBag from /home/airflow/.local/lib/python3.12/site-packages/airflow/example_dags/example_inlet_event_extra.py
[2024-09-22T23:42:58.130+0000] {processor.py:925} INFO - DAG(s) 'read_dataset_event', 'read_dataset_event_from_classic' retrieved from /home/airflow/.local/lib/python3.12/site-packages/airflow/example_dags/example_inlet_event_extra.py
[2024-09-22T23:42:58.198+0000] {logging_mixin.py:190} INFO - [2024-09-22T23:42:58.197+0000] {dag.py:3229} INFO - Sync 2 DAGs
[2024-09-22T23:42:58.279+0000] {logging_mixin.py:190} INFO - [2024-09-22T23:42:58.279+0000] {dag.py:4156} INFO - Setting next_dagrun for read_dataset_event to 2024-09-21 00:00:00+00:00, run_after=2024-09-22 00:00:00+00:00
[2024-09-22T23:42:58.296+0000] {logging_mixin.py:190} INFO - [2024-09-22T23:42:58.296+0000] {dag.py:4156} INFO - Setting next_dagrun for read_dataset_event_from_classic to 2024-09-21 00:00:00+00:00, run_after=2024-09-22 00:00:00+00:00
[2024-09-22T23:42:58.338+0000] {processor.py:208} INFO - Processing /home/airflow/.local/lib/python3.12/site-packages/airflow/example_dags/example_inlet_event_extra.py took 0.927 seconds
[2024-09-22T23:43:29.539+0000] {processor.py:186} INFO - Started process (PID=2180) to work on /home/airflow/.local/lib/python3.12/site-packages/airflow/example_dags/example_inlet_event_extra.py
[2024-09-22T23:43:29.542+0000] {processor.py:914} INFO - Processing file /home/airflow/.local/lib/python3.12/site-packages/airflow/example_dags/example_inlet_event_extra.py for tasks to queue
[2024-09-22T23:43:29.546+0000] {logging_mixin.py:190} INFO - [2024-09-22T23:43:29.545+0000] {dagbag.py:587} INFO - Filling up the DagBag from /home/airflow/.local/lib/python3.12/site-packages/airflow/example_dags/example_inlet_event_extra.py
[2024-09-22T23:43:29.769+0000] {processor.py:925} INFO - DAG(s) 'read_dataset_event', 'read_dataset_event_from_classic' retrieved from /home/airflow/.local/lib/python3.12/site-packages/airflow/example_dags/example_inlet_event_extra.py
[2024-09-22T23:43:29.810+0000] {logging_mixin.py:190} INFO - [2024-09-22T23:43:29.810+0000] {dag.py:3229} INFO - Sync 2 DAGs
[2024-09-22T23:43:29.843+0000] {logging_mixin.py:190} INFO - [2024-09-22T23:43:29.842+0000] {dag.py:4156} INFO - Setting next_dagrun for read_dataset_event to 2024-09-21 00:00:00+00:00, run_after=2024-09-22 00:00:00+00:00
[2024-09-22T23:43:29.849+0000] {logging_mixin.py:190} INFO - [2024-09-22T23:43:29.849+0000] {dag.py:4156} INFO - Setting next_dagrun for read_dataset_event_from_classic to 2024-09-21 00:00:00+00:00, run_after=2024-09-22 00:00:00+00:00
[2024-09-22T23:43:29.870+0000] {processor.py:208} INFO - Processing /home/airflow/.local/lib/python3.12/site-packages/airflow/example_dags/example_inlet_event_extra.py took 0.340 seconds
[2024-09-22T23:44:00.220+0000] {processor.py:186} INFO - Started process (PID=2243) to work on /home/airflow/.local/lib/python3.12/site-packages/airflow/example_dags/example_inlet_event_extra.py
[2024-09-22T23:44:00.222+0000] {processor.py:914} INFO - Processing file /home/airflow/.local/lib/python3.12/site-packages/airflow/example_dags/example_inlet_event_extra.py for tasks to queue
[2024-09-22T23:44:00.225+0000] {logging_mixin.py:190} INFO - [2024-09-22T23:44:00.225+0000] {dagbag.py:587} INFO - Filling up the DagBag from /home/airflow/.local/lib/python3.12/site-packages/airflow/example_dags/example_inlet_event_extra.py
[2024-09-22T23:44:00.449+0000] {processor.py:925} INFO - DAG(s) 'read_dataset_event', 'read_dataset_event_from_classic' retrieved from /home/airflow/.local/lib/python3.12/site-packages/airflow/example_dags/example_inlet_event_extra.py
[2024-09-22T23:44:00.483+0000] {logging_mixin.py:190} INFO - [2024-09-22T23:44:00.483+0000] {dag.py:3229} INFO - Sync 2 DAGs
[2024-09-22T23:44:00.519+0000] {logging_mixin.py:190} INFO - [2024-09-22T23:44:00.518+0000] {dag.py:4156} INFO - Setting next_dagrun for read_dataset_event to 2024-09-21 00:00:00+00:00, run_after=2024-09-22 00:00:00+00:00
[2024-09-22T23:44:00.525+0000] {logging_mixin.py:190} INFO - [2024-09-22T23:44:00.525+0000] {dag.py:4156} INFO - Setting next_dagrun for read_dataset_event_from_classic to 2024-09-21 00:00:00+00:00, run_after=2024-09-22 00:00:00+00:00
[2024-09-22T23:44:00.546+0000] {processor.py:208} INFO - Processing /home/airflow/.local/lib/python3.12/site-packages/airflow/example_dags/example_inlet_event_extra.py took 0.335 seconds
[2024-09-22T23:46:56.395+0000] {processor.py:186} INFO - Started process (PID=101) to work on /home/airflow/.local/lib/python3.12/site-packages/airflow/example_dags/example_inlet_event_extra.py
[2024-09-22T23:46:56.397+0000] {processor.py:914} INFO - Processing file /home/airflow/.local/lib/python3.12/site-packages/airflow/example_dags/example_inlet_event_extra.py for tasks to queue
[2024-09-22T23:46:56.402+0000] {logging_mixin.py:190} INFO - [2024-09-22T23:46:56.401+0000] {dagbag.py:587} INFO - Filling up the DagBag from /home/airflow/.local/lib/python3.12/site-packages/airflow/example_dags/example_inlet_event_extra.py
[2024-09-22T23:46:57.322+0000] {processor.py:925} INFO - DAG(s) 'read_dataset_event_from_classic', 'read_dataset_event' retrieved from /home/airflow/.local/lib/python3.12/site-packages/airflow/example_dags/example_inlet_event_extra.py
[2024-09-22T23:46:57.385+0000] {logging_mixin.py:190} INFO - [2024-09-22T23:46:57.385+0000] {dag.py:3229} INFO - Sync 2 DAGs
[2024-09-22T23:46:57.448+0000] {logging_mixin.py:190} INFO - [2024-09-22T23:46:57.447+0000] {dag.py:4156} INFO - Setting next_dagrun for read_dataset_event to 2024-09-21 00:00:00+00:00, run_after=2024-09-22 00:00:00+00:00
[2024-09-22T23:46:57.458+0000] {logging_mixin.py:190} INFO - [2024-09-22T23:46:57.458+0000] {dag.py:4156} INFO - Setting next_dagrun for read_dataset_event_from_classic to 2024-09-21 00:00:00+00:00, run_after=2024-09-22 00:00:00+00:00
[2024-09-22T23:46:57.487+0000] {processor.py:208} INFO - Processing /home/airflow/.local/lib/python3.12/site-packages/airflow/example_dags/example_inlet_event_extra.py took 1.105 seconds
[2024-09-22T23:47:27.687+0000] {processor.py:186} INFO - Started process (PID=163) to work on /home/airflow/.local/lib/python3.12/site-packages/airflow/example_dags/example_inlet_event_extra.py
[2024-09-22T23:47:27.688+0000] {processor.py:914} INFO - Processing file /home/airflow/.local/lib/python3.12/site-packages/airflow/example_dags/example_inlet_event_extra.py for tasks to queue
[2024-09-22T23:47:27.692+0000] {logging_mixin.py:190} INFO - [2024-09-22T23:47:27.691+0000] {dagbag.py:587} INFO - Filling up the DagBag from /home/airflow/.local/lib/python3.12/site-packages/airflow/example_dags/example_inlet_event_extra.py
[2024-09-22T23:47:27.917+0000] {processor.py:925} INFO - DAG(s) 'read_dataset_event', 'read_dataset_event_from_classic' retrieved from /home/airflow/.local/lib/python3.12/site-packages/airflow/example_dags/example_inlet_event_extra.py
[2024-09-22T23:47:27.952+0000] {logging_mixin.py:190} INFO - [2024-09-22T23:47:27.952+0000] {dag.py:3229} INFO - Sync 2 DAGs
[2024-09-22T23:47:27.993+0000] {logging_mixin.py:190} INFO - [2024-09-22T23:47:27.993+0000] {dag.py:4156} INFO - Setting next_dagrun for read_dataset_event to 2024-09-21 00:00:00+00:00, run_after=2024-09-22 00:00:00+00:00
[2024-09-22T23:47:28.000+0000] {logging_mixin.py:190} INFO - [2024-09-22T23:47:27.999+0000] {dag.py:4156} INFO - Setting next_dagrun for read_dataset_event_from_classic to 2024-09-21 00:00:00+00:00, run_after=2024-09-22 00:00:00+00:00
[2024-09-22T23:47:28.025+0000] {processor.py:208} INFO - Processing /home/airflow/.local/lib/python3.12/site-packages/airflow/example_dags/example_inlet_event_extra.py took 0.348 seconds
[2024-09-22T23:47:58.199+0000] {processor.py:186} INFO - Started process (PID=226) to work on /home/airflow/.local/lib/python3.12/site-packages/airflow/example_dags/example_inlet_event_extra.py
[2024-09-22T23:47:58.202+0000] {processor.py:914} INFO - Processing file /home/airflow/.local/lib/python3.12/site-packages/airflow/example_dags/example_inlet_event_extra.py for tasks to queue
[2024-09-22T23:47:58.205+0000] {logging_mixin.py:190} INFO - [2024-09-22T23:47:58.205+0000] {dagbag.py:587} INFO - Filling up the DagBag from /home/airflow/.local/lib/python3.12/site-packages/airflow/example_dags/example_inlet_event_extra.py
[2024-09-22T23:47:58.426+0000] {processor.py:925} INFO - DAG(s) 'read_dataset_event_from_classic', 'read_dataset_event' retrieved from /home/airflow/.local/lib/python3.12/site-packages/airflow/example_dags/example_inlet_event_extra.py
[2024-09-22T23:47:58.462+0000] {logging_mixin.py:190} INFO - [2024-09-22T23:47:58.462+0000] {dag.py:3229} INFO - Sync 2 DAGs
[2024-09-22T23:47:58.494+0000] {logging_mixin.py:190} INFO - [2024-09-22T23:47:58.494+0000] {dag.py:4156} INFO - Setting next_dagrun for read_dataset_event to 2024-09-21 00:00:00+00:00, run_after=2024-09-22 00:00:00+00:00
[2024-09-22T23:47:58.501+0000] {logging_mixin.py:190} INFO - [2024-09-22T23:47:58.500+0000] {dag.py:4156} INFO - Setting next_dagrun for read_dataset_event_from_classic to 2024-09-21 00:00:00+00:00, run_after=2024-09-22 00:00:00+00:00
[2024-09-22T23:47:58.521+0000] {processor.py:208} INFO - Processing /home/airflow/.local/lib/python3.12/site-packages/airflow/example_dags/example_inlet_event_extra.py took 0.331 seconds
[2024-09-22T23:48:28.824+0000] {processor.py:186} INFO - Started process (PID=289) to work on /home/airflow/.local/lib/python3.12/site-packages/airflow/example_dags/example_inlet_event_extra.py
[2024-09-22T23:48:28.825+0000] {processor.py:914} INFO - Processing file /home/airflow/.local/lib/python3.12/site-packages/airflow/example_dags/example_inlet_event_extra.py for tasks to queue
[2024-09-22T23:48:28.828+0000] {logging_mixin.py:190} INFO - [2024-09-22T23:48:28.828+0000] {dagbag.py:587} INFO - Filling up the DagBag from /home/airflow/.local/lib/python3.12/site-packages/airflow/example_dags/example_inlet_event_extra.py
[2024-09-22T23:48:29.042+0000] {processor.py:925} INFO - DAG(s) 'read_dataset_event', 'read_dataset_event_from_classic' retrieved from /home/airflow/.local/lib/python3.12/site-packages/airflow/example_dags/example_inlet_event_extra.py
[2024-09-22T23:48:29.076+0000] {logging_mixin.py:190} INFO - [2024-09-22T23:48:29.076+0000] {dag.py:3229} INFO - Sync 2 DAGs
[2024-09-22T23:48:29.117+0000] {logging_mixin.py:190} INFO - [2024-09-22T23:48:29.117+0000] {dag.py:4156} INFO - Setting next_dagrun for read_dataset_event to 2024-09-21 00:00:00+00:00, run_after=2024-09-22 00:00:00+00:00
[2024-09-22T23:48:29.124+0000] {logging_mixin.py:190} INFO - [2024-09-22T23:48:29.124+0000] {dag.py:4156} INFO - Setting next_dagrun for read_dataset_event_from_classic to 2024-09-21 00:00:00+00:00, run_after=2024-09-22 00:00:00+00:00
[2024-09-22T23:48:29.148+0000] {processor.py:208} INFO - Processing /home/airflow/.local/lib/python3.12/site-packages/airflow/example_dags/example_inlet_event_extra.py took 0.334 seconds
[2024-09-22T23:48:59.459+0000] {processor.py:186} INFO - Started process (PID=352) to work on /home/airflow/.local/lib/python3.12/site-packages/airflow/example_dags/example_inlet_event_extra.py
[2024-09-22T23:48:59.460+0000] {processor.py:914} INFO - Processing file /home/airflow/.local/lib/python3.12/site-packages/airflow/example_dags/example_inlet_event_extra.py for tasks to queue
[2024-09-22T23:48:59.464+0000] {logging_mixin.py:190} INFO - [2024-09-22T23:48:59.464+0000] {dagbag.py:587} INFO - Filling up the DagBag from /home/airflow/.local/lib/python3.12/site-packages/airflow/example_dags/example_inlet_event_extra.py
[2024-09-22T23:48:59.682+0000] {processor.py:925} INFO - DAG(s) 'read_dataset_event', 'read_dataset_event_from_classic' retrieved from /home/airflow/.local/lib/python3.12/site-packages/airflow/example_dags/example_inlet_event_extra.py
[2024-09-22T23:48:59.716+0000] {logging_mixin.py:190} INFO - [2024-09-22T23:48:59.716+0000] {dag.py:3229} INFO - Sync 2 DAGs
[2024-09-22T23:48:59.753+0000] {logging_mixin.py:190} INFO - [2024-09-22T23:48:59.753+0000] {dag.py:4156} INFO - Setting next_dagrun for read_dataset_event to 2024-09-21 00:00:00+00:00, run_after=2024-09-22 00:00:00+00:00
[2024-09-22T23:48:59.759+0000] {logging_mixin.py:190} INFO - [2024-09-22T23:48:59.759+0000] {dag.py:4156} INFO - Setting next_dagrun for read_dataset_event_from_classic to 2024-09-21 00:00:00+00:00, run_after=2024-09-22 00:00:00+00:00
[2024-09-22T23:48:59.780+0000] {processor.py:208} INFO - Processing /home/airflow/.local/lib/python3.12/site-packages/airflow/example_dags/example_inlet_event_extra.py took 0.331 seconds
[2024-09-22T23:49:30.410+0000] {processor.py:186} INFO - Started process (PID=415) to work on /home/airflow/.local/lib/python3.12/site-packages/airflow/example_dags/example_inlet_event_extra.py
[2024-09-22T23:49:30.411+0000] {processor.py:914} INFO - Processing file /home/airflow/.local/lib/python3.12/site-packages/airflow/example_dags/example_inlet_event_extra.py for tasks to queue
[2024-09-22T23:49:30.416+0000] {logging_mixin.py:190} INFO - [2024-09-22T23:49:30.415+0000] {dagbag.py:587} INFO - Filling up the DagBag from /home/airflow/.local/lib/python3.12/site-packages/airflow/example_dags/example_inlet_event_extra.py
[2024-09-22T23:49:30.730+0000] {processor.py:925} INFO - DAG(s) 'read_dataset_event', 'read_dataset_event_from_classic' retrieved from /home/airflow/.local/lib/python3.12/site-packages/airflow/example_dags/example_inlet_event_extra.py
[2024-09-22T23:49:30.770+0000] {logging_mixin.py:190} INFO - [2024-09-22T23:49:30.770+0000] {dag.py:3229} INFO - Sync 2 DAGs
[2024-09-22T23:49:30.816+0000] {logging_mixin.py:190} INFO - [2024-09-22T23:49:30.816+0000] {dag.py:4156} INFO - Setting next_dagrun for read_dataset_event to 2024-09-21 00:00:00+00:00, run_after=2024-09-22 00:00:00+00:00
[2024-09-22T23:49:30.823+0000] {logging_mixin.py:190} INFO - [2024-09-22T23:49:30.823+0000] {dag.py:4156} INFO - Setting next_dagrun for read_dataset_event_from_classic to 2024-09-21 00:00:00+00:00, run_after=2024-09-22 00:00:00+00:00
[2024-09-22T23:49:30.848+0000] {processor.py:208} INFO - Processing /home/airflow/.local/lib/python3.12/site-packages/airflow/example_dags/example_inlet_event_extra.py took 0.451 seconds
[2024-09-22T23:50:01.036+0000] {processor.py:186} INFO - Started process (PID=477) to work on /home/airflow/.local/lib/python3.12/site-packages/airflow/example_dags/example_inlet_event_extra.py
[2024-09-22T23:50:01.038+0000] {processor.py:914} INFO - Processing file /home/airflow/.local/lib/python3.12/site-packages/airflow/example_dags/example_inlet_event_extra.py for tasks to queue
[2024-09-22T23:50:01.044+0000] {logging_mixin.py:190} INFO - [2024-09-22T23:50:01.043+0000] {dagbag.py:587} INFO - Filling up the DagBag from /home/airflow/.local/lib/python3.12/site-packages/airflow/example_dags/example_inlet_event_extra.py
[2024-09-22T23:50:01.296+0000] {processor.py:925} INFO - DAG(s) 'read_dataset_event_from_classic', 'read_dataset_event' retrieved from /home/airflow/.local/lib/python3.12/site-packages/airflow/example_dags/example_inlet_event_extra.py
[2024-09-22T23:50:01.328+0000] {logging_mixin.py:190} INFO - [2024-09-22T23:50:01.328+0000] {dag.py:3229} INFO - Sync 2 DAGs
[2024-09-22T23:50:01.363+0000] {logging_mixin.py:190} INFO - [2024-09-22T23:50:01.363+0000] {dag.py:4156} INFO - Setting next_dagrun for read_dataset_event to 2024-09-21 00:00:00+00:00, run_after=2024-09-22 00:00:00+00:00
[2024-09-22T23:50:01.370+0000] {logging_mixin.py:190} INFO - [2024-09-22T23:50:01.370+0000] {dag.py:4156} INFO - Setting next_dagrun for read_dataset_event_from_classic to 2024-09-21 00:00:00+00:00, run_after=2024-09-22 00:00:00+00:00
[2024-09-22T23:50:01.393+0000] {processor.py:208} INFO - Processing /home/airflow/.local/lib/python3.12/site-packages/airflow/example_dags/example_inlet_event_extra.py took 0.370 seconds
[2024-09-22T23:50:32.266+0000] {processor.py:186} INFO - Started process (PID=541) to work on /home/airflow/.local/lib/python3.12/site-packages/airflow/example_dags/example_inlet_event_extra.py
[2024-09-22T23:50:32.269+0000] {processor.py:914} INFO - Processing file /home/airflow/.local/lib/python3.12/site-packages/airflow/example_dags/example_inlet_event_extra.py for tasks to queue
[2024-09-22T23:50:32.274+0000] {logging_mixin.py:190} INFO - [2024-09-22T23:50:32.273+0000] {dagbag.py:587} INFO - Filling up the DagBag from /home/airflow/.local/lib/python3.12/site-packages/airflow/example_dags/example_inlet_event_extra.py
[2024-09-22T23:50:32.624+0000] {processor.py:925} INFO - DAG(s) 'read_dataset_event', 'read_dataset_event_from_classic' retrieved from /home/airflow/.local/lib/python3.12/site-packages/airflow/example_dags/example_inlet_event_extra.py
[2024-09-22T23:50:32.666+0000] {logging_mixin.py:190} INFO - [2024-09-22T23:50:32.666+0000] {dag.py:3229} INFO - Sync 2 DAGs
[2024-09-22T23:50:32.709+0000] {logging_mixin.py:190} INFO - [2024-09-22T23:50:32.709+0000] {dag.py:4156} INFO - Setting next_dagrun for read_dataset_event to 2024-09-21 00:00:00+00:00, run_after=2024-09-22 00:00:00+00:00
[2024-09-22T23:50:32.717+0000] {logging_mixin.py:190} INFO - [2024-09-22T23:50:32.716+0000] {dag.py:4156} INFO - Setting next_dagrun for read_dataset_event_from_classic to 2024-09-21 00:00:00+00:00, run_after=2024-09-22 00:00:00+00:00
[2024-09-22T23:50:32.742+0000] {processor.py:208} INFO - Processing /home/airflow/.local/lib/python3.12/site-packages/airflow/example_dags/example_inlet_event_extra.py took 0.489 seconds
[2024-09-22T23:51:03.170+0000] {processor.py:186} INFO - Started process (PID=604) to work on /home/airflow/.local/lib/python3.12/site-packages/airflow/example_dags/example_inlet_event_extra.py
[2024-09-22T23:51:03.171+0000] {processor.py:914} INFO - Processing file /home/airflow/.local/lib/python3.12/site-packages/airflow/example_dags/example_inlet_event_extra.py for tasks to queue
[2024-09-22T23:51:03.175+0000] {logging_mixin.py:190} INFO - [2024-09-22T23:51:03.174+0000] {dagbag.py:587} INFO - Filling up the DagBag from /home/airflow/.local/lib/python3.12/site-packages/airflow/example_dags/example_inlet_event_extra.py
[2024-09-22T23:51:03.420+0000] {processor.py:925} INFO - DAG(s) 'read_dataset_event_from_classic', 'read_dataset_event' retrieved from /home/airflow/.local/lib/python3.12/site-packages/airflow/example_dags/example_inlet_event_extra.py
[2024-09-22T23:51:03.453+0000] {logging_mixin.py:190} INFO - [2024-09-22T23:51:03.453+0000] {dag.py:3229} INFO - Sync 2 DAGs
[2024-09-22T23:51:03.488+0000] {logging_mixin.py:190} INFO - [2024-09-22T23:51:03.488+0000] {dag.py:4156} INFO - Setting next_dagrun for read_dataset_event to 2024-09-21 00:00:00+00:00, run_after=2024-09-22 00:00:00+00:00
[2024-09-22T23:51:03.495+0000] {logging_mixin.py:190} INFO - [2024-09-22T23:51:03.495+0000] {dag.py:4156} INFO - Setting next_dagrun for read_dataset_event_from_classic to 2024-09-21 00:00:00+00:00, run_after=2024-09-22 00:00:00+00:00
[2024-09-22T23:51:03.520+0000] {processor.py:208} INFO - Processing /home/airflow/.local/lib/python3.12/site-packages/airflow/example_dags/example_inlet_event_extra.py took 0.359 seconds
[2024-09-22T23:51:33.643+0000] {processor.py:186} INFO - Started process (PID=669) to work on /home/airflow/.local/lib/python3.12/site-packages/airflow/example_dags/example_inlet_event_extra.py
[2024-09-22T23:51:33.645+0000] {processor.py:914} INFO - Processing file /home/airflow/.local/lib/python3.12/site-packages/airflow/example_dags/example_inlet_event_extra.py for tasks to queue
[2024-09-22T23:51:33.650+0000] {logging_mixin.py:190} INFO - [2024-09-22T23:51:33.649+0000] {dagbag.py:587} INFO - Filling up the DagBag from /home/airflow/.local/lib/python3.12/site-packages/airflow/example_dags/example_inlet_event_extra.py
[2024-09-22T23:51:33.880+0000] {processor.py:925} INFO - DAG(s) 'read_dataset_event_from_classic', 'read_dataset_event' retrieved from /home/airflow/.local/lib/python3.12/site-packages/airflow/example_dags/example_inlet_event_extra.py
[2024-09-22T23:51:33.911+0000] {logging_mixin.py:190} INFO - [2024-09-22T23:51:33.911+0000] {dag.py:3229} INFO - Sync 2 DAGs
[2024-09-22T23:51:34.241+0000] {logging_mixin.py:190} INFO - [2024-09-22T23:51:34.240+0000] {dag.py:4156} INFO - Setting next_dagrun for read_dataset_event to 2024-09-21 00:00:00+00:00, run_after=2024-09-22 00:00:00+00:00
[2024-09-22T23:51:34.248+0000] {logging_mixin.py:190} INFO - [2024-09-22T23:51:34.248+0000] {dag.py:4156} INFO - Setting next_dagrun for read_dataset_event_from_classic to 2024-09-21 00:00:00+00:00, run_after=2024-09-22 00:00:00+00:00
[2024-09-22T23:51:34.267+0000] {processor.py:208} INFO - Processing /home/airflow/.local/lib/python3.12/site-packages/airflow/example_dags/example_inlet_event_extra.py took 0.637 seconds
[2024-09-22T23:52:04.726+0000] {processor.py:186} INFO - Started process (PID=733) to work on /home/airflow/.local/lib/python3.12/site-packages/airflow/example_dags/example_inlet_event_extra.py
[2024-09-22T23:52:04.728+0000] {processor.py:914} INFO - Processing file /home/airflow/.local/lib/python3.12/site-packages/airflow/example_dags/example_inlet_event_extra.py for tasks to queue
[2024-09-22T23:52:04.731+0000] {logging_mixin.py:190} INFO - [2024-09-22T23:52:04.731+0000] {dagbag.py:587} INFO - Filling up the DagBag from /home/airflow/.local/lib/python3.12/site-packages/airflow/example_dags/example_inlet_event_extra.py
[2024-09-22T23:52:04.978+0000] {processor.py:925} INFO - DAG(s) 'read_dataset_event_from_classic', 'read_dataset_event' retrieved from /home/airflow/.local/lib/python3.12/site-packages/airflow/example_dags/example_inlet_event_extra.py
[2024-09-22T23:52:05.011+0000] {logging_mixin.py:190} INFO - [2024-09-22T23:52:05.011+0000] {dag.py:3229} INFO - Sync 2 DAGs
[2024-09-22T23:52:05.047+0000] {logging_mixin.py:190} INFO - [2024-09-22T23:52:05.046+0000] {dag.py:4156} INFO - Setting next_dagrun for read_dataset_event to 2024-09-21 00:00:00+00:00, run_after=2024-09-22 00:00:00+00:00
[2024-09-22T23:52:05.337+0000] {logging_mixin.py:190} INFO - [2024-09-22T23:52:05.337+0000] {dag.py:4156} INFO - Setting next_dagrun for read_dataset_event_from_classic to 2024-09-21 00:00:00+00:00, run_after=2024-09-22 00:00:00+00:00
[2024-09-22T23:52:05.357+0000] {processor.py:208} INFO - Processing /home/airflow/.local/lib/python3.12/site-packages/airflow/example_dags/example_inlet_event_extra.py took 0.641 seconds
[2024-09-22T23:52:35.810+0000] {processor.py:186} INFO - Started process (PID=799) to work on /home/airflow/.local/lib/python3.12/site-packages/airflow/example_dags/example_inlet_event_extra.py
[2024-09-22T23:52:35.812+0000] {processor.py:914} INFO - Processing file /home/airflow/.local/lib/python3.12/site-packages/airflow/example_dags/example_inlet_event_extra.py for tasks to queue
[2024-09-22T23:52:35.815+0000] {logging_mixin.py:190} INFO - [2024-09-22T23:52:35.814+0000] {dagbag.py:587} INFO - Filling up the DagBag from /home/airflow/.local/lib/python3.12/site-packages/airflow/example_dags/example_inlet_event_extra.py
[2024-09-22T23:52:36.037+0000] {processor.py:925} INFO - DAG(s) 'read_dataset_event_from_classic', 'read_dataset_event' retrieved from /home/airflow/.local/lib/python3.12/site-packages/airflow/example_dags/example_inlet_event_extra.py
[2024-09-22T23:52:36.070+0000] {logging_mixin.py:190} INFO - [2024-09-22T23:52:36.069+0000] {dag.py:3229} INFO - Sync 2 DAGs
[2024-09-22T23:52:36.105+0000] {logging_mixin.py:190} INFO - [2024-09-22T23:52:36.105+0000] {dag.py:4156} INFO - Setting next_dagrun for read_dataset_event to 2024-09-21 00:00:00+00:00, run_after=2024-09-22 00:00:00+00:00
[2024-09-22T23:52:36.113+0000] {logging_mixin.py:190} INFO - [2024-09-22T23:52:36.113+0000] {dag.py:4156} INFO - Setting next_dagrun for read_dataset_event_from_classic to 2024-09-21 00:00:00+00:00, run_after=2024-09-22 00:00:00+00:00
[2024-09-22T23:52:36.435+0000] {processor.py:208} INFO - Processing /home/airflow/.local/lib/python3.12/site-packages/airflow/example_dags/example_inlet_event_extra.py took 0.634 seconds
[2024-09-22T23:53:06.884+0000] {processor.py:186} INFO - Started process (PID=862) to work on /home/airflow/.local/lib/python3.12/site-packages/airflow/example_dags/example_inlet_event_extra.py
[2024-09-22T23:53:06.886+0000] {processor.py:914} INFO - Processing file /home/airflow/.local/lib/python3.12/site-packages/airflow/example_dags/example_inlet_event_extra.py for tasks to queue
[2024-09-22T23:53:06.889+0000] {logging_mixin.py:190} INFO - [2024-09-22T23:53:06.889+0000] {dagbag.py:587} INFO - Filling up the DagBag from /home/airflow/.local/lib/python3.12/site-packages/airflow/example_dags/example_inlet_event_extra.py
[2024-09-22T23:53:07.113+0000] {processor.py:925} INFO - DAG(s) 'read_dataset_event', 'read_dataset_event_from_classic' retrieved from /home/airflow/.local/lib/python3.12/site-packages/airflow/example_dags/example_inlet_event_extra.py
[2024-09-22T23:53:07.146+0000] {logging_mixin.py:190} INFO - [2024-09-22T23:53:07.146+0000] {dag.py:3229} INFO - Sync 2 DAGs
[2024-09-22T23:53:07.182+0000] {logging_mixin.py:190} INFO - [2024-09-22T23:53:07.181+0000] {dag.py:4156} INFO - Setting next_dagrun for read_dataset_event to 2024-09-21 00:00:00+00:00, run_after=2024-09-22 00:00:00+00:00
[2024-09-22T23:53:07.188+0000] {logging_mixin.py:190} INFO - [2024-09-22T23:53:07.188+0000] {dag.py:4156} INFO - Setting next_dagrun for read_dataset_event_from_classic to 2024-09-21 00:00:00+00:00, run_after=2024-09-22 00:00:00+00:00
[2024-09-22T23:53:07.209+0000] {processor.py:208} INFO - Processing /home/airflow/.local/lib/python3.12/site-packages/airflow/example_dags/example_inlet_event_extra.py took 0.335 seconds
[2024-09-22T23:53:37.993+0000] {processor.py:186} INFO - Started process (PID=924) to work on /home/airflow/.local/lib/python3.12/site-packages/airflow/example_dags/example_inlet_event_extra.py
[2024-09-22T23:53:37.997+0000] {processor.py:914} INFO - Processing file /home/airflow/.local/lib/python3.12/site-packages/airflow/example_dags/example_inlet_event_extra.py for tasks to queue
[2024-09-22T23:53:38.006+0000] {logging_mixin.py:190} INFO - [2024-09-22T23:53:38.004+0000] {dagbag.py:587} INFO - Filling up the DagBag from /home/airflow/.local/lib/python3.12/site-packages/airflow/example_dags/example_inlet_event_extra.py
[2024-09-22T23:53:39.516+0000] {processor.py:925} INFO - DAG(s) 'read_dataset_event_from_classic', 'read_dataset_event' retrieved from /home/airflow/.local/lib/python3.12/site-packages/airflow/example_dags/example_inlet_event_extra.py
[2024-09-22T23:53:39.564+0000] {logging_mixin.py:190} INFO - [2024-09-22T23:53:39.563+0000] {dag.py:3229} INFO - Sync 2 DAGs
[2024-09-22T23:53:39.689+0000] {logging_mixin.py:190} INFO - [2024-09-22T23:53:39.688+0000] {dag.py:4156} INFO - Setting next_dagrun for read_dataset_event to 2024-09-21 00:00:00+00:00, run_after=2024-09-22 00:00:00+00:00
[2024-09-22T23:53:39.730+0000] {logging_mixin.py:190} INFO - [2024-09-22T23:53:39.730+0000] {dag.py:4156} INFO - Setting next_dagrun for read_dataset_event_from_classic to 2024-09-21 00:00:00+00:00, run_after=2024-09-22 00:00:00+00:00
[2024-09-22T23:53:39.820+0000] {processor.py:208} INFO - Processing /home/airflow/.local/lib/python3.12/site-packages/airflow/example_dags/example_inlet_event_extra.py took 1.849 seconds
[2024-09-22T23:54:09.948+0000] {processor.py:186} INFO - Started process (PID=993) to work on /home/airflow/.local/lib/python3.12/site-packages/airflow/example_dags/example_inlet_event_extra.py
[2024-09-22T23:54:09.950+0000] {processor.py:914} INFO - Processing file /home/airflow/.local/lib/python3.12/site-packages/airflow/example_dags/example_inlet_event_extra.py for tasks to queue
[2024-09-22T23:54:09.955+0000] {logging_mixin.py:190} INFO - [2024-09-22T23:54:09.954+0000] {dagbag.py:587} INFO - Filling up the DagBag from /home/airflow/.local/lib/python3.12/site-packages/airflow/example_dags/example_inlet_event_extra.py
[2024-09-22T23:54:10.286+0000] {processor.py:925} INFO - DAG(s) 'read_dataset_event_from_classic', 'read_dataset_event' retrieved from /home/airflow/.local/lib/python3.12/site-packages/airflow/example_dags/example_inlet_event_extra.py
[2024-09-22T23:54:10.795+0000] {logging_mixin.py:190} INFO - [2024-09-22T23:54:10.794+0000] {dag.py:3229} INFO - Sync 2 DAGs
[2024-09-22T23:54:10.828+0000] {logging_mixin.py:190} INFO - [2024-09-22T23:54:10.827+0000] {dag.py:4156} INFO - Setting next_dagrun for read_dataset_event to 2024-09-21 00:00:00+00:00, run_after=2024-09-22 00:00:00+00:00
[2024-09-22T23:54:10.834+0000] {logging_mixin.py:190} INFO - [2024-09-22T23:54:10.834+0000] {dag.py:4156} INFO - Setting next_dagrun for read_dataset_event_from_classic to 2024-09-21 00:00:00+00:00, run_after=2024-09-22 00:00:00+00:00
[2024-09-22T23:54:10.857+0000] {processor.py:208} INFO - Processing /home/airflow/.local/lib/python3.12/site-packages/airflow/example_dags/example_inlet_event_extra.py took 0.924 seconds
[2024-09-22T23:54:41.766+0000] {processor.py:186} INFO - Started process (PID=1057) to work on /home/airflow/.local/lib/python3.12/site-packages/airflow/example_dags/example_inlet_event_extra.py
[2024-09-22T23:54:41.769+0000] {processor.py:914} INFO - Processing file /home/airflow/.local/lib/python3.12/site-packages/airflow/example_dags/example_inlet_event_extra.py for tasks to queue
[2024-09-22T23:54:41.773+0000] {logging_mixin.py:190} INFO - [2024-09-22T23:54:41.773+0000] {dagbag.py:587} INFO - Filling up the DagBag from /home/airflow/.local/lib/python3.12/site-packages/airflow/example_dags/example_inlet_event_extra.py
[2024-09-22T23:54:42.017+0000] {processor.py:925} INFO - DAG(s) 'read_dataset_event_from_classic', 'read_dataset_event' retrieved from /home/airflow/.local/lib/python3.12/site-packages/airflow/example_dags/example_inlet_event_extra.py
[2024-09-22T23:54:42.050+0000] {logging_mixin.py:190} INFO - [2024-09-22T23:54:42.049+0000] {dag.py:3229} INFO - Sync 2 DAGs
[2024-09-22T23:54:42.381+0000] {logging_mixin.py:190} INFO - [2024-09-22T23:54:42.380+0000] {dag.py:4156} INFO - Setting next_dagrun for read_dataset_event to 2024-09-21 00:00:00+00:00, run_after=2024-09-22 00:00:00+00:00
[2024-09-22T23:54:42.389+0000] {logging_mixin.py:190} INFO - [2024-09-22T23:54:42.389+0000] {dag.py:4156} INFO - Setting next_dagrun for read_dataset_event_from_classic to 2024-09-21 00:00:00+00:00, run_after=2024-09-22 00:00:00+00:00
[2024-09-22T23:54:42.411+0000] {processor.py:208} INFO - Processing /home/airflow/.local/lib/python3.12/site-packages/airflow/example_dags/example_inlet_event_extra.py took 0.655 seconds
[2024-09-22T23:55:12.516+0000] {processor.py:186} INFO - Started process (PID=1119) to work on /home/airflow/.local/lib/python3.12/site-packages/airflow/example_dags/example_inlet_event_extra.py
[2024-09-22T23:55:12.517+0000] {processor.py:914} INFO - Processing file /home/airflow/.local/lib/python3.12/site-packages/airflow/example_dags/example_inlet_event_extra.py for tasks to queue
[2024-09-22T23:55:12.520+0000] {logging_mixin.py:190} INFO - [2024-09-22T23:55:12.520+0000] {dagbag.py:587} INFO - Filling up the DagBag from /home/airflow/.local/lib/python3.12/site-packages/airflow/example_dags/example_inlet_event_extra.py
[2024-09-22T23:55:13.069+0000] {processor.py:925} INFO - DAG(s) 'read_dataset_event_from_classic', 'read_dataset_event' retrieved from /home/airflow/.local/lib/python3.12/site-packages/airflow/example_dags/example_inlet_event_extra.py
[2024-09-22T23:55:13.097+0000] {logging_mixin.py:190} INFO - [2024-09-22T23:55:13.096+0000] {dag.py:3229} INFO - Sync 2 DAGs
[2024-09-22T23:55:13.127+0000] {logging_mixin.py:190} INFO - [2024-09-22T23:55:13.126+0000] {dag.py:4156} INFO - Setting next_dagrun for read_dataset_event to 2024-09-21 00:00:00+00:00, run_after=2024-09-22 00:00:00+00:00
[2024-09-22T23:55:13.138+0000] {logging_mixin.py:190} INFO - [2024-09-22T23:55:13.138+0000] {dag.py:4156} INFO - Setting next_dagrun for read_dataset_event_from_classic to 2024-09-21 00:00:00+00:00, run_after=2024-09-22 00:00:00+00:00
[2024-09-22T23:55:13.158+0000] {processor.py:208} INFO - Processing /home/airflow/.local/lib/python3.12/site-packages/airflow/example_dags/example_inlet_event_extra.py took 0.652 seconds
[2024-09-22T23:55:43.789+0000] {processor.py:186} INFO - Started process (PID=1182) to work on /home/airflow/.local/lib/python3.12/site-packages/airflow/example_dags/example_inlet_event_extra.py
[2024-09-22T23:55:43.792+0000] {processor.py:914} INFO - Processing file /home/airflow/.local/lib/python3.12/site-packages/airflow/example_dags/example_inlet_event_extra.py for tasks to queue
[2024-09-22T23:55:43.797+0000] {logging_mixin.py:190} INFO - [2024-09-22T23:55:43.796+0000] {dagbag.py:587} INFO - Filling up the DagBag from /home/airflow/.local/lib/python3.12/site-packages/airflow/example_dags/example_inlet_event_extra.py
[2024-09-22T23:55:44.523+0000] {processor.py:925} INFO - DAG(s) 'read_dataset_event_from_classic', 'read_dataset_event' retrieved from /home/airflow/.local/lib/python3.12/site-packages/airflow/example_dags/example_inlet_event_extra.py
[2024-09-22T23:55:44.560+0000] {logging_mixin.py:190} INFO - [2024-09-22T23:55:44.560+0000] {dag.py:3229} INFO - Sync 2 DAGs
[2024-09-22T23:55:44.604+0000] {logging_mixin.py:190} INFO - [2024-09-22T23:55:44.604+0000] {dag.py:4156} INFO - Setting next_dagrun for read_dataset_event to 2024-09-21 00:00:00+00:00, run_after=2024-09-22 00:00:00+00:00
[2024-09-22T23:55:44.613+0000] {logging_mixin.py:190} INFO - [2024-09-22T23:55:44.612+0000] {dag.py:4156} INFO - Setting next_dagrun for read_dataset_event_from_classic to 2024-09-21 00:00:00+00:00, run_after=2024-09-22 00:00:00+00:00
[2024-09-22T23:55:44.643+0000] {processor.py:208} INFO - Processing /home/airflow/.local/lib/python3.12/site-packages/airflow/example_dags/example_inlet_event_extra.py took 0.868 seconds
[2024-09-22T23:58:04.630+0000] {processor.py:186} INFO - Started process (PID=99) to work on /home/airflow/.local/lib/python3.12/site-packages/airflow/example_dags/example_inlet_event_extra.py
[2024-09-22T23:58:04.633+0000] {processor.py:914} INFO - Processing file /home/airflow/.local/lib/python3.12/site-packages/airflow/example_dags/example_inlet_event_extra.py for tasks to queue
[2024-09-22T23:58:04.638+0000] {logging_mixin.py:190} INFO - [2024-09-22T23:58:04.637+0000] {dagbag.py:587} INFO - Filling up the DagBag from /home/airflow/.local/lib/python3.12/site-packages/airflow/example_dags/example_inlet_event_extra.py
[2024-09-22T23:58:05.445+0000] {processor.py:925} INFO - DAG(s) 'read_dataset_event_from_classic', 'read_dataset_event' retrieved from /home/airflow/.local/lib/python3.12/site-packages/airflow/example_dags/example_inlet_event_extra.py
[2024-09-22T23:58:05.493+0000] {logging_mixin.py:190} INFO - [2024-09-22T23:58:05.493+0000] {dag.py:3229} INFO - Sync 2 DAGs
[2024-09-22T23:58:05.542+0000] {logging_mixin.py:190} INFO - [2024-09-22T23:58:05.542+0000] {dag.py:4156} INFO - Setting next_dagrun for read_dataset_event to 2024-09-21 00:00:00+00:00, run_after=2024-09-22 00:00:00+00:00
[2024-09-22T23:58:05.552+0000] {logging_mixin.py:190} INFO - [2024-09-22T23:58:05.551+0000] {dag.py:4156} INFO - Setting next_dagrun for read_dataset_event_from_classic to 2024-09-21 00:00:00+00:00, run_after=2024-09-22 00:00:00+00:00
[2024-09-22T23:58:05.579+0000] {processor.py:208} INFO - Processing /home/airflow/.local/lib/python3.12/site-packages/airflow/example_dags/example_inlet_event_extra.py took 0.961 seconds
[2024-09-22T23:58:35.973+0000] {processor.py:186} INFO - Started process (PID=162) to work on /home/airflow/.local/lib/python3.12/site-packages/airflow/example_dags/example_inlet_event_extra.py
[2024-09-22T23:58:35.974+0000] {processor.py:914} INFO - Processing file /home/airflow/.local/lib/python3.12/site-packages/airflow/example_dags/example_inlet_event_extra.py for tasks to queue
[2024-09-22T23:58:35.978+0000] {logging_mixin.py:190} INFO - [2024-09-22T23:58:35.977+0000] {dagbag.py:587} INFO - Filling up the DagBag from /home/airflow/.local/lib/python3.12/site-packages/airflow/example_dags/example_inlet_event_extra.py
[2024-09-22T23:58:36.197+0000] {processor.py:925} INFO - DAG(s) 'read_dataset_event_from_classic', 'read_dataset_event' retrieved from /home/airflow/.local/lib/python3.12/site-packages/airflow/example_dags/example_inlet_event_extra.py
[2024-09-22T23:58:36.236+0000] {logging_mixin.py:190} INFO - [2024-09-22T23:58:36.235+0000] {dag.py:3229} INFO - Sync 2 DAGs
[2024-09-22T23:58:36.275+0000] {logging_mixin.py:190} INFO - [2024-09-22T23:58:36.274+0000] {dag.py:4156} INFO - Setting next_dagrun for read_dataset_event to 2024-09-21 00:00:00+00:00, run_after=2024-09-22 00:00:00+00:00
[2024-09-22T23:58:36.281+0000] {logging_mixin.py:190} INFO - [2024-09-22T23:58:36.281+0000] {dag.py:4156} INFO - Setting next_dagrun for read_dataset_event_from_classic to 2024-09-21 00:00:00+00:00, run_after=2024-09-22 00:00:00+00:00
[2024-09-22T23:58:36.304+0000] {processor.py:208} INFO - Processing /home/airflow/.local/lib/python3.12/site-packages/airflow/example_dags/example_inlet_event_extra.py took 0.341 seconds
[2024-09-22T23:59:06.816+0000] {processor.py:186} INFO - Started process (PID=225) to work on /home/airflow/.local/lib/python3.12/site-packages/airflow/example_dags/example_inlet_event_extra.py
[2024-09-22T23:59:06.818+0000] {processor.py:914} INFO - Processing file /home/airflow/.local/lib/python3.12/site-packages/airflow/example_dags/example_inlet_event_extra.py for tasks to queue
[2024-09-22T23:59:06.822+0000] {logging_mixin.py:190} INFO - [2024-09-22T23:59:06.821+0000] {dagbag.py:587} INFO - Filling up the DagBag from /home/airflow/.local/lib/python3.12/site-packages/airflow/example_dags/example_inlet_event_extra.py
[2024-09-22T23:59:07.060+0000] {processor.py:925} INFO - DAG(s) 'read_dataset_event', 'read_dataset_event_from_classic' retrieved from /home/airflow/.local/lib/python3.12/site-packages/airflow/example_dags/example_inlet_event_extra.py
[2024-09-22T23:59:07.093+0000] {logging_mixin.py:190} INFO - [2024-09-22T23:59:07.093+0000] {dag.py:3229} INFO - Sync 2 DAGs
[2024-09-22T23:59:07.136+0000] {logging_mixin.py:190} INFO - [2024-09-22T23:59:07.135+0000] {dag.py:4156} INFO - Setting next_dagrun for read_dataset_event to 2024-09-21 00:00:00+00:00, run_after=2024-09-22 00:00:00+00:00
[2024-09-22T23:59:07.149+0000] {logging_mixin.py:190} INFO - [2024-09-22T23:59:07.149+0000] {dag.py:4156} INFO - Setting next_dagrun for read_dataset_event_from_classic to 2024-09-21 00:00:00+00:00, run_after=2024-09-22 00:00:00+00:00
[2024-09-22T23:59:07.174+0000] {processor.py:208} INFO - Processing /home/airflow/.local/lib/python3.12/site-packages/airflow/example_dags/example_inlet_event_extra.py took 0.367 seconds
[2024-09-22T23:59:37.450+0000] {processor.py:186} INFO - Started process (PID=288) to work on /home/airflow/.local/lib/python3.12/site-packages/airflow/example_dags/example_inlet_event_extra.py
[2024-09-22T23:59:37.452+0000] {processor.py:914} INFO - Processing file /home/airflow/.local/lib/python3.12/site-packages/airflow/example_dags/example_inlet_event_extra.py for tasks to queue
[2024-09-22T23:59:37.456+0000] {logging_mixin.py:190} INFO - [2024-09-22T23:59:37.455+0000] {dagbag.py:587} INFO - Filling up the DagBag from /home/airflow/.local/lib/python3.12/site-packages/airflow/example_dags/example_inlet_event_extra.py
[2024-09-22T23:59:37.685+0000] {processor.py:925} INFO - DAG(s) 'read_dataset_event', 'read_dataset_event_from_classic' retrieved from /home/airflow/.local/lib/python3.12/site-packages/airflow/example_dags/example_inlet_event_extra.py
[2024-09-22T23:59:37.724+0000] {logging_mixin.py:190} INFO - [2024-09-22T23:59:37.723+0000] {dag.py:3229} INFO - Sync 2 DAGs
[2024-09-22T23:59:37.760+0000] {logging_mixin.py:190} INFO - [2024-09-22T23:59:37.760+0000] {dag.py:4156} INFO - Setting next_dagrun for read_dataset_event to 2024-09-21 00:00:00+00:00, run_after=2024-09-22 00:00:00+00:00
[2024-09-22T23:59:37.767+0000] {logging_mixin.py:190} INFO - [2024-09-22T23:59:37.767+0000] {dag.py:4156} INFO - Setting next_dagrun for read_dataset_event_from_classic to 2024-09-21 00:00:00+00:00, run_after=2024-09-22 00:00:00+00:00
[2024-09-22T23:59:37.788+0000] {processor.py:208} INFO - Processing /home/airflow/.local/lib/python3.12/site-packages/airflow/example_dags/example_inlet_event_extra.py took 0.347 seconds
