[2024-09-22T23:26:20.167+0000] {processor.py:186} INFO - Started process (PID=90) to work on /home/airflow/.local/lib/python3.12/site-packages/airflow/example_dags/example_python_operator.py
[2024-09-22T23:26:20.168+0000] {processor.py:914} INFO - Processing file /home/airflow/.local/lib/python3.12/site-packages/airflow/example_dags/example_python_operator.py for tasks to queue
[2024-09-22T23:26:20.173+0000] {logging_mixin.py:190} INFO - [2024-09-22T23:26:20.172+0000] {dagbag.py:587} INFO - Filling up the DagBag from /home/airflow/.local/lib/python3.12/site-packages/airflow/example_dags/example_python_operator.py
[2024-09-22T23:26:20.206+0000] {processor.py:925} INFO - DAG(s) 'example_python_operator' retrieved from /home/airflow/.local/lib/python3.12/site-packages/airflow/example_dags/example_python_operator.py
[2024-09-22T23:26:20.552+0000] {logging_mixin.py:190} INFO - [2024-09-22T23:26:20.550+0000] {override.py:1900} INFO - Created Permission View: can edit on DAG:example_python_operator
[2024-09-22T23:26:20.595+0000] {logging_mixin.py:190} INFO - [2024-09-22T23:26:20.594+0000] {override.py:1900} INFO - Created Permission View: can read on DAG:example_python_operator
[2024-09-22T23:26:20.605+0000] {logging_mixin.py:190} INFO - [2024-09-22T23:26:20.604+0000] {override.py:1900} INFO - Created Permission View: can delete on DAG:example_python_operator
[2024-09-22T23:26:20.616+0000] {logging_mixin.py:190} INFO - [2024-09-22T23:26:20.616+0000] {override.py:1900} INFO - Created Permission View: can create on DAG Run:example_python_operator
[2024-09-22T23:26:20.626+0000] {logging_mixin.py:190} INFO - [2024-09-22T23:26:20.626+0000] {override.py:1900} INFO - Created Permission View: menu access on DAG Run:example_python_operator
[2024-09-22T23:26:20.635+0000] {logging_mixin.py:190} INFO - [2024-09-22T23:26:20.635+0000] {override.py:1900} INFO - Created Permission View: can read on DAG Run:example_python_operator
[2024-09-22T23:26:20.644+0000] {logging_mixin.py:190} INFO - [2024-09-22T23:26:20.644+0000] {override.py:1900} INFO - Created Permission View: can delete on DAG Run:example_python_operator
[2024-09-22T23:26:20.645+0000] {logging_mixin.py:190} INFO - [2024-09-22T23:26:20.645+0000] {dag.py:3229} INFO - Sync 1 DAGs
[2024-09-22T23:26:20.669+0000] {logging_mixin.py:190} INFO - [2024-09-22T23:26:20.668+0000] {dag.py:3252} INFO - Creating ORM DAG for example_python_operator
[2024-09-22T23:26:20.670+0000] {logging_mixin.py:190} INFO - [2024-09-22T23:26:20.670+0000] {dag.py:4156} INFO - Setting next_dagrun for example_python_operator to None, run_after=None
[2024-09-22T23:26:20.695+0000] {processor.py:208} INFO - Processing /home/airflow/.local/lib/python3.12/site-packages/airflow/example_dags/example_python_operator.py took 0.541 seconds
[2024-09-22T23:26:50.744+0000] {processor.py:186} INFO - Started process (PID=152) to work on /home/airflow/.local/lib/python3.12/site-packages/airflow/example_dags/example_python_operator.py
[2024-09-22T23:26:50.746+0000] {processor.py:914} INFO - Processing file /home/airflow/.local/lib/python3.12/site-packages/airflow/example_dags/example_python_operator.py for tasks to queue
[2024-09-22T23:26:50.750+0000] {logging_mixin.py:190} INFO - [2024-09-22T23:26:50.749+0000] {dagbag.py:587} INFO - Filling up the DagBag from /home/airflow/.local/lib/python3.12/site-packages/airflow/example_dags/example_python_operator.py
[2024-09-22T23:26:50.775+0000] {processor.py:925} INFO - DAG(s) 'example_python_operator' retrieved from /home/airflow/.local/lib/python3.12/site-packages/airflow/example_dags/example_python_operator.py
[2024-09-22T23:26:50.804+0000] {logging_mixin.py:190} INFO - [2024-09-22T23:26:50.803+0000] {dag.py:3229} INFO - Sync 1 DAGs
[2024-09-22T23:26:50.822+0000] {logging_mixin.py:190} INFO - [2024-09-22T23:26:50.822+0000] {dag.py:4156} INFO - Setting next_dagrun for example_python_operator to None, run_after=None
[2024-09-22T23:26:50.844+0000] {processor.py:208} INFO - Processing /home/airflow/.local/lib/python3.12/site-packages/airflow/example_dags/example_python_operator.py took 0.110 seconds
[2024-09-22T23:27:20.918+0000] {processor.py:186} INFO - Started process (PID=214) to work on /home/airflow/.local/lib/python3.12/site-packages/airflow/example_dags/example_python_operator.py
[2024-09-22T23:27:20.919+0000] {processor.py:914} INFO - Processing file /home/airflow/.local/lib/python3.12/site-packages/airflow/example_dags/example_python_operator.py for tasks to queue
[2024-09-22T23:27:20.923+0000] {logging_mixin.py:190} INFO - [2024-09-22T23:27:20.923+0000] {dagbag.py:587} INFO - Filling up the DagBag from /home/airflow/.local/lib/python3.12/site-packages/airflow/example_dags/example_python_operator.py
[2024-09-22T23:27:20.948+0000] {processor.py:925} INFO - DAG(s) 'example_python_operator' retrieved from /home/airflow/.local/lib/python3.12/site-packages/airflow/example_dags/example_python_operator.py
[2024-09-22T23:27:20.977+0000] {logging_mixin.py:190} INFO - [2024-09-22T23:27:20.977+0000] {dag.py:3229} INFO - Sync 1 DAGs
[2024-09-22T23:27:20.996+0000] {logging_mixin.py:190} INFO - [2024-09-22T23:27:20.996+0000] {dag.py:4156} INFO - Setting next_dagrun for example_python_operator to None, run_after=None
[2024-09-22T23:27:21.021+0000] {processor.py:208} INFO - Processing /home/airflow/.local/lib/python3.12/site-packages/airflow/example_dags/example_python_operator.py took 0.115 seconds
[2024-09-22T23:27:51.465+0000] {processor.py:186} INFO - Started process (PID=276) to work on /home/airflow/.local/lib/python3.12/site-packages/airflow/example_dags/example_python_operator.py
[2024-09-22T23:27:51.467+0000] {processor.py:914} INFO - Processing file /home/airflow/.local/lib/python3.12/site-packages/airflow/example_dags/example_python_operator.py for tasks to queue
[2024-09-22T23:27:51.471+0000] {logging_mixin.py:190} INFO - [2024-09-22T23:27:51.471+0000] {dagbag.py:587} INFO - Filling up the DagBag from /home/airflow/.local/lib/python3.12/site-packages/airflow/example_dags/example_python_operator.py
[2024-09-22T23:27:51.499+0000] {processor.py:925} INFO - DAG(s) 'example_python_operator' retrieved from /home/airflow/.local/lib/python3.12/site-packages/airflow/example_dags/example_python_operator.py
[2024-09-22T23:27:51.527+0000] {logging_mixin.py:190} INFO - [2024-09-22T23:27:51.527+0000] {dag.py:3229} INFO - Sync 1 DAGs
[2024-09-22T23:27:51.546+0000] {logging_mixin.py:190} INFO - [2024-09-22T23:27:51.546+0000] {dag.py:4156} INFO - Setting next_dagrun for example_python_operator to None, run_after=None
[2024-09-22T23:27:51.569+0000] {processor.py:208} INFO - Processing /home/airflow/.local/lib/python3.12/site-packages/airflow/example_dags/example_python_operator.py took 0.113 seconds
[2024-09-22T23:28:21.725+0000] {processor.py:186} INFO - Started process (PID=338) to work on /home/airflow/.local/lib/python3.12/site-packages/airflow/example_dags/example_python_operator.py
[2024-09-22T23:28:21.727+0000] {processor.py:914} INFO - Processing file /home/airflow/.local/lib/python3.12/site-packages/airflow/example_dags/example_python_operator.py for tasks to queue
[2024-09-22T23:28:21.731+0000] {logging_mixin.py:190} INFO - [2024-09-22T23:28:21.731+0000] {dagbag.py:587} INFO - Filling up the DagBag from /home/airflow/.local/lib/python3.12/site-packages/airflow/example_dags/example_python_operator.py
[2024-09-22T23:28:21.758+0000] {processor.py:925} INFO - DAG(s) 'example_python_operator' retrieved from /home/airflow/.local/lib/python3.12/site-packages/airflow/example_dags/example_python_operator.py
[2024-09-22T23:28:21.789+0000] {logging_mixin.py:190} INFO - [2024-09-22T23:28:21.789+0000] {dag.py:3229} INFO - Sync 1 DAGs
[2024-09-22T23:28:21.809+0000] {logging_mixin.py:190} INFO - [2024-09-22T23:28:21.809+0000] {dag.py:4156} INFO - Setting next_dagrun for example_python_operator to None, run_after=None
[2024-09-22T23:28:21.834+0000] {processor.py:208} INFO - Processing /home/airflow/.local/lib/python3.12/site-packages/airflow/example_dags/example_python_operator.py took 0.120 seconds
[2024-09-22T23:28:52.260+0000] {processor.py:186} INFO - Started process (PID=400) to work on /home/airflow/.local/lib/python3.12/site-packages/airflow/example_dags/example_python_operator.py
[2024-09-22T23:28:52.262+0000] {processor.py:914} INFO - Processing file /home/airflow/.local/lib/python3.12/site-packages/airflow/example_dags/example_python_operator.py for tasks to queue
[2024-09-22T23:28:52.266+0000] {logging_mixin.py:190} INFO - [2024-09-22T23:28:52.265+0000] {dagbag.py:587} INFO - Filling up the DagBag from /home/airflow/.local/lib/python3.12/site-packages/airflow/example_dags/example_python_operator.py
[2024-09-22T23:28:52.288+0000] {processor.py:925} INFO - DAG(s) 'example_python_operator' retrieved from /home/airflow/.local/lib/python3.12/site-packages/airflow/example_dags/example_python_operator.py
[2024-09-22T23:28:52.321+0000] {logging_mixin.py:190} INFO - [2024-09-22T23:28:52.320+0000] {dag.py:3229} INFO - Sync 1 DAGs
[2024-09-22T23:28:52.342+0000] {logging_mixin.py:190} INFO - [2024-09-22T23:28:52.342+0000] {dag.py:4156} INFO - Setting next_dagrun for example_python_operator to None, run_after=None
[2024-09-22T23:28:52.366+0000] {processor.py:208} INFO - Processing /home/airflow/.local/lib/python3.12/site-packages/airflow/example_dags/example_python_operator.py took 0.115 seconds
[2024-09-22T23:29:22.622+0000] {processor.py:186} INFO - Started process (PID=462) to work on /home/airflow/.local/lib/python3.12/site-packages/airflow/example_dags/example_python_operator.py
[2024-09-22T23:29:22.623+0000] {processor.py:914} INFO - Processing file /home/airflow/.local/lib/python3.12/site-packages/airflow/example_dags/example_python_operator.py for tasks to queue
[2024-09-22T23:29:22.627+0000] {logging_mixin.py:190} INFO - [2024-09-22T23:29:22.627+0000] {dagbag.py:587} INFO - Filling up the DagBag from /home/airflow/.local/lib/python3.12/site-packages/airflow/example_dags/example_python_operator.py
[2024-09-22T23:29:22.651+0000] {processor.py:925} INFO - DAG(s) 'example_python_operator' retrieved from /home/airflow/.local/lib/python3.12/site-packages/airflow/example_dags/example_python_operator.py
[2024-09-22T23:29:22.684+0000] {logging_mixin.py:190} INFO - [2024-09-22T23:29:22.683+0000] {dag.py:3229} INFO - Sync 1 DAGs
[2024-09-22T23:29:22.707+0000] {logging_mixin.py:190} INFO - [2024-09-22T23:29:22.707+0000] {dag.py:4156} INFO - Setting next_dagrun for example_python_operator to None, run_after=None
[2024-09-22T23:29:22.732+0000] {processor.py:208} INFO - Processing /home/airflow/.local/lib/python3.12/site-packages/airflow/example_dags/example_python_operator.py took 0.119 seconds
[2024-09-22T23:29:52.937+0000] {processor.py:186} INFO - Started process (PID=524) to work on /home/airflow/.local/lib/python3.12/site-packages/airflow/example_dags/example_python_operator.py
[2024-09-22T23:29:52.939+0000] {processor.py:914} INFO - Processing file /home/airflow/.local/lib/python3.12/site-packages/airflow/example_dags/example_python_operator.py for tasks to queue
[2024-09-22T23:29:52.942+0000] {logging_mixin.py:190} INFO - [2024-09-22T23:29:52.942+0000] {dagbag.py:587} INFO - Filling up the DagBag from /home/airflow/.local/lib/python3.12/site-packages/airflow/example_dags/example_python_operator.py
[2024-09-22T23:29:52.970+0000] {processor.py:925} INFO - DAG(s) 'example_python_operator' retrieved from /home/airflow/.local/lib/python3.12/site-packages/airflow/example_dags/example_python_operator.py
[2024-09-22T23:29:53.000+0000] {logging_mixin.py:190} INFO - [2024-09-22T23:29:52.999+0000] {dag.py:3229} INFO - Sync 1 DAGs
[2024-09-22T23:29:53.021+0000] {logging_mixin.py:190} INFO - [2024-09-22T23:29:53.020+0000] {dag.py:4156} INFO - Setting next_dagrun for example_python_operator to None, run_after=None
[2024-09-22T23:29:53.044+0000] {processor.py:208} INFO - Processing /home/airflow/.local/lib/python3.12/site-packages/airflow/example_dags/example_python_operator.py took 0.117 seconds
[2024-09-22T23:30:23.166+0000] {processor.py:186} INFO - Started process (PID=586) to work on /home/airflow/.local/lib/python3.12/site-packages/airflow/example_dags/example_python_operator.py
[2024-09-22T23:30:23.168+0000] {processor.py:914} INFO - Processing file /home/airflow/.local/lib/python3.12/site-packages/airflow/example_dags/example_python_operator.py for tasks to queue
[2024-09-22T23:30:23.173+0000] {logging_mixin.py:190} INFO - [2024-09-22T23:30:23.172+0000] {dagbag.py:587} INFO - Filling up the DagBag from /home/airflow/.local/lib/python3.12/site-packages/airflow/example_dags/example_python_operator.py
[2024-09-22T23:30:23.198+0000] {processor.py:925} INFO - DAG(s) 'example_python_operator' retrieved from /home/airflow/.local/lib/python3.12/site-packages/airflow/example_dags/example_python_operator.py
[2024-09-22T23:30:23.229+0000] {logging_mixin.py:190} INFO - [2024-09-22T23:30:23.228+0000] {dag.py:3229} INFO - Sync 1 DAGs
[2024-09-22T23:30:23.249+0000] {logging_mixin.py:190} INFO - [2024-09-22T23:30:23.248+0000] {dag.py:4156} INFO - Setting next_dagrun for example_python_operator to None, run_after=None
[2024-09-22T23:30:23.276+0000] {processor.py:208} INFO - Processing /home/airflow/.local/lib/python3.12/site-packages/airflow/example_dags/example_python_operator.py took 0.120 seconds
[2024-09-22T23:30:53.392+0000] {processor.py:186} INFO - Started process (PID=648) to work on /home/airflow/.local/lib/python3.12/site-packages/airflow/example_dags/example_python_operator.py
[2024-09-22T23:30:53.394+0000] {processor.py:914} INFO - Processing file /home/airflow/.local/lib/python3.12/site-packages/airflow/example_dags/example_python_operator.py for tasks to queue
[2024-09-22T23:30:53.398+0000] {logging_mixin.py:190} INFO - [2024-09-22T23:30:53.397+0000] {dagbag.py:587} INFO - Filling up the DagBag from /home/airflow/.local/lib/python3.12/site-packages/airflow/example_dags/example_python_operator.py
[2024-09-22T23:30:53.422+0000] {processor.py:925} INFO - DAG(s) 'example_python_operator' retrieved from /home/airflow/.local/lib/python3.12/site-packages/airflow/example_dags/example_python_operator.py
[2024-09-22T23:30:53.451+0000] {logging_mixin.py:190} INFO - [2024-09-22T23:30:53.451+0000] {dag.py:3229} INFO - Sync 1 DAGs
[2024-09-22T23:30:53.471+0000] {logging_mixin.py:190} INFO - [2024-09-22T23:30:53.470+0000] {dag.py:4156} INFO - Setting next_dagrun for example_python_operator to None, run_after=None
[2024-09-22T23:30:53.497+0000] {processor.py:208} INFO - Processing /home/airflow/.local/lib/python3.12/site-packages/airflow/example_dags/example_python_operator.py took 0.114 seconds
[2024-09-22T23:31:23.715+0000] {processor.py:186} INFO - Started process (PID=711) to work on /home/airflow/.local/lib/python3.12/site-packages/airflow/example_dags/example_python_operator.py
[2024-09-22T23:31:23.716+0000] {processor.py:914} INFO - Processing file /home/airflow/.local/lib/python3.12/site-packages/airflow/example_dags/example_python_operator.py for tasks to queue
[2024-09-22T23:31:23.719+0000] {logging_mixin.py:190} INFO - [2024-09-22T23:31:23.719+0000] {dagbag.py:587} INFO - Filling up the DagBag from /home/airflow/.local/lib/python3.12/site-packages/airflow/example_dags/example_python_operator.py
[2024-09-22T23:31:23.743+0000] {processor.py:925} INFO - DAG(s) 'example_python_operator' retrieved from /home/airflow/.local/lib/python3.12/site-packages/airflow/example_dags/example_python_operator.py
[2024-09-22T23:31:23.773+0000] {logging_mixin.py:190} INFO - [2024-09-22T23:31:23.772+0000] {dag.py:3229} INFO - Sync 1 DAGs
[2024-09-22T23:31:23.792+0000] {logging_mixin.py:190} INFO - [2024-09-22T23:31:23.791+0000] {dag.py:4156} INFO - Setting next_dagrun for example_python_operator to None, run_after=None
[2024-09-22T23:31:23.819+0000] {processor.py:208} INFO - Processing /home/airflow/.local/lib/python3.12/site-packages/airflow/example_dags/example_python_operator.py took 0.114 seconds
[2024-09-22T23:31:54.392+0000] {processor.py:186} INFO - Started process (PID=773) to work on /home/airflow/.local/lib/python3.12/site-packages/airflow/example_dags/example_python_operator.py
[2024-09-22T23:31:54.394+0000] {processor.py:914} INFO - Processing file /home/airflow/.local/lib/python3.12/site-packages/airflow/example_dags/example_python_operator.py for tasks to queue
[2024-09-22T23:31:54.398+0000] {logging_mixin.py:190} INFO - [2024-09-22T23:31:54.398+0000] {dagbag.py:587} INFO - Filling up the DagBag from /home/airflow/.local/lib/python3.12/site-packages/airflow/example_dags/example_python_operator.py
[2024-09-22T23:31:54.425+0000] {processor.py:925} INFO - DAG(s) 'example_python_operator' retrieved from /home/airflow/.local/lib/python3.12/site-packages/airflow/example_dags/example_python_operator.py
[2024-09-22T23:31:54.454+0000] {logging_mixin.py:190} INFO - [2024-09-22T23:31:54.453+0000] {dag.py:3229} INFO - Sync 1 DAGs
[2024-09-22T23:31:54.473+0000] {logging_mixin.py:190} INFO - [2024-09-22T23:31:54.472+0000] {dag.py:4156} INFO - Setting next_dagrun for example_python_operator to None, run_after=None
[2024-09-22T23:31:54.496+0000] {processor.py:208} INFO - Processing /home/airflow/.local/lib/python3.12/site-packages/airflow/example_dags/example_python_operator.py took 0.113 seconds
[2024-09-22T23:32:24.984+0000] {processor.py:186} INFO - Started process (PID=836) to work on /home/airflow/.local/lib/python3.12/site-packages/airflow/example_dags/example_python_operator.py
[2024-09-22T23:32:24.985+0000] {processor.py:914} INFO - Processing file /home/airflow/.local/lib/python3.12/site-packages/airflow/example_dags/example_python_operator.py for tasks to queue
[2024-09-22T23:32:24.990+0000] {logging_mixin.py:190} INFO - [2024-09-22T23:32:24.989+0000] {dagbag.py:587} INFO - Filling up the DagBag from /home/airflow/.local/lib/python3.12/site-packages/airflow/example_dags/example_python_operator.py
[2024-09-22T23:32:25.020+0000] {processor.py:925} INFO - DAG(s) 'example_python_operator' retrieved from /home/airflow/.local/lib/python3.12/site-packages/airflow/example_dags/example_python_operator.py
[2024-09-22T23:32:25.049+0000] {logging_mixin.py:190} INFO - [2024-09-22T23:32:25.049+0000] {dag.py:3229} INFO - Sync 1 DAGs
[2024-09-22T23:32:25.068+0000] {logging_mixin.py:190} INFO - [2024-09-22T23:32:25.068+0000] {dag.py:4156} INFO - Setting next_dagrun for example_python_operator to None, run_after=None
[2024-09-22T23:32:25.094+0000] {processor.py:208} INFO - Processing /home/airflow/.local/lib/python3.12/site-packages/airflow/example_dags/example_python_operator.py took 0.121 seconds
[2024-09-22T23:32:55.829+0000] {processor.py:186} INFO - Started process (PID=899) to work on /home/airflow/.local/lib/python3.12/site-packages/airflow/example_dags/example_python_operator.py
[2024-09-22T23:32:55.831+0000] {processor.py:914} INFO - Processing file /home/airflow/.local/lib/python3.12/site-packages/airflow/example_dags/example_python_operator.py for tasks to queue
[2024-09-22T23:32:55.835+0000] {logging_mixin.py:190} INFO - [2024-09-22T23:32:55.834+0000] {dagbag.py:587} INFO - Filling up the DagBag from /home/airflow/.local/lib/python3.12/site-packages/airflow/example_dags/example_python_operator.py
[2024-09-22T23:32:55.867+0000] {processor.py:925} INFO - DAG(s) 'example_python_operator' retrieved from /home/airflow/.local/lib/python3.12/site-packages/airflow/example_dags/example_python_operator.py
[2024-09-22T23:32:55.896+0000] {logging_mixin.py:190} INFO - [2024-09-22T23:32:55.895+0000] {dag.py:3229} INFO - Sync 1 DAGs
[2024-09-22T23:32:55.915+0000] {logging_mixin.py:190} INFO - [2024-09-22T23:32:55.915+0000] {dag.py:4156} INFO - Setting next_dagrun for example_python_operator to None, run_after=None
[2024-09-22T23:32:55.939+0000] {processor.py:208} INFO - Processing /home/airflow/.local/lib/python3.12/site-packages/airflow/example_dags/example_python_operator.py took 0.122 seconds
[2024-09-22T23:33:26.035+0000] {processor.py:186} INFO - Started process (PID=962) to work on /home/airflow/.local/lib/python3.12/site-packages/airflow/example_dags/example_python_operator.py
[2024-09-22T23:33:26.037+0000] {processor.py:914} INFO - Processing file /home/airflow/.local/lib/python3.12/site-packages/airflow/example_dags/example_python_operator.py for tasks to queue
[2024-09-22T23:33:26.041+0000] {logging_mixin.py:190} INFO - [2024-09-22T23:33:26.041+0000] {dagbag.py:587} INFO - Filling up the DagBag from /home/airflow/.local/lib/python3.12/site-packages/airflow/example_dags/example_python_operator.py
[2024-09-22T23:33:26.065+0000] {processor.py:925} INFO - DAG(s) 'example_python_operator' retrieved from /home/airflow/.local/lib/python3.12/site-packages/airflow/example_dags/example_python_operator.py
[2024-09-22T23:33:26.098+0000] {logging_mixin.py:190} INFO - [2024-09-22T23:33:26.097+0000] {dag.py:3229} INFO - Sync 1 DAGs
[2024-09-22T23:33:26.119+0000] {logging_mixin.py:190} INFO - [2024-09-22T23:33:26.118+0000] {dag.py:4156} INFO - Setting next_dagrun for example_python_operator to None, run_after=None
[2024-09-22T23:33:26.145+0000] {processor.py:208} INFO - Processing /home/airflow/.local/lib/python3.12/site-packages/airflow/example_dags/example_python_operator.py took 0.121 seconds
[2024-09-22T23:33:56.446+0000] {processor.py:186} INFO - Started process (PID=1025) to work on /home/airflow/.local/lib/python3.12/site-packages/airflow/example_dags/example_python_operator.py
[2024-09-22T23:33:56.448+0000] {processor.py:914} INFO - Processing file /home/airflow/.local/lib/python3.12/site-packages/airflow/example_dags/example_python_operator.py for tasks to queue
[2024-09-22T23:33:56.453+0000] {logging_mixin.py:190} INFO - [2024-09-22T23:33:56.452+0000] {dagbag.py:587} INFO - Filling up the DagBag from /home/airflow/.local/lib/python3.12/site-packages/airflow/example_dags/example_python_operator.py
[2024-09-22T23:33:56.483+0000] {processor.py:925} INFO - DAG(s) 'example_python_operator' retrieved from /home/airflow/.local/lib/python3.12/site-packages/airflow/example_dags/example_python_operator.py
[2024-09-22T23:33:56.525+0000] {logging_mixin.py:190} INFO - [2024-09-22T23:33:56.525+0000] {dag.py:3229} INFO - Sync 1 DAGs
[2024-09-22T23:33:56.546+0000] {logging_mixin.py:190} INFO - [2024-09-22T23:33:56.546+0000] {dag.py:4156} INFO - Setting next_dagrun for example_python_operator to None, run_after=None
[2024-09-22T23:33:56.569+0000] {processor.py:208} INFO - Processing /home/airflow/.local/lib/python3.12/site-packages/airflow/example_dags/example_python_operator.py took 0.136 seconds
[2024-09-22T23:34:26.684+0000] {processor.py:186} INFO - Started process (PID=1088) to work on /home/airflow/.local/lib/python3.12/site-packages/airflow/example_dags/example_python_operator.py
[2024-09-22T23:34:26.685+0000] {processor.py:914} INFO - Processing file /home/airflow/.local/lib/python3.12/site-packages/airflow/example_dags/example_python_operator.py for tasks to queue
[2024-09-22T23:34:26.689+0000] {logging_mixin.py:190} INFO - [2024-09-22T23:34:26.688+0000] {dagbag.py:587} INFO - Filling up the DagBag from /home/airflow/.local/lib/python3.12/site-packages/airflow/example_dags/example_python_operator.py
[2024-09-22T23:34:26.717+0000] {processor.py:925} INFO - DAG(s) 'example_python_operator' retrieved from /home/airflow/.local/lib/python3.12/site-packages/airflow/example_dags/example_python_operator.py
[2024-09-22T23:34:26.747+0000] {logging_mixin.py:190} INFO - [2024-09-22T23:34:26.746+0000] {dag.py:3229} INFO - Sync 1 DAGs
[2024-09-22T23:34:26.765+0000] {logging_mixin.py:190} INFO - [2024-09-22T23:34:26.765+0000] {dag.py:4156} INFO - Setting next_dagrun for example_python_operator to None, run_after=None
[2024-09-22T23:34:26.790+0000] {processor.py:208} INFO - Processing /home/airflow/.local/lib/python3.12/site-packages/airflow/example_dags/example_python_operator.py took 0.115 seconds
[2024-09-22T23:34:56.965+0000] {processor.py:186} INFO - Started process (PID=1151) to work on /home/airflow/.local/lib/python3.12/site-packages/airflow/example_dags/example_python_operator.py
[2024-09-22T23:34:56.967+0000] {processor.py:914} INFO - Processing file /home/airflow/.local/lib/python3.12/site-packages/airflow/example_dags/example_python_operator.py for tasks to queue
[2024-09-22T23:34:56.972+0000] {logging_mixin.py:190} INFO - [2024-09-22T23:34:56.971+0000] {dagbag.py:587} INFO - Filling up the DagBag from /home/airflow/.local/lib/python3.12/site-packages/airflow/example_dags/example_python_operator.py
[2024-09-22T23:34:56.996+0000] {processor.py:925} INFO - DAG(s) 'example_python_operator' retrieved from /home/airflow/.local/lib/python3.12/site-packages/airflow/example_dags/example_python_operator.py
[2024-09-22T23:34:57.026+0000] {logging_mixin.py:190} INFO - [2024-09-22T23:34:57.026+0000] {dag.py:3229} INFO - Sync 1 DAGs
[2024-09-22T23:34:57.045+0000] {logging_mixin.py:190} INFO - [2024-09-22T23:34:57.045+0000] {dag.py:4156} INFO - Setting next_dagrun for example_python_operator to None, run_after=None
[2024-09-22T23:34:57.072+0000] {processor.py:208} INFO - Processing /home/airflow/.local/lib/python3.12/site-packages/airflow/example_dags/example_python_operator.py took 0.121 seconds
[2024-09-22T23:35:27.156+0000] {processor.py:186} INFO - Started process (PID=1214) to work on /home/airflow/.local/lib/python3.12/site-packages/airflow/example_dags/example_python_operator.py
[2024-09-22T23:35:27.157+0000] {processor.py:914} INFO - Processing file /home/airflow/.local/lib/python3.12/site-packages/airflow/example_dags/example_python_operator.py for tasks to queue
[2024-09-22T23:35:27.162+0000] {logging_mixin.py:190} INFO - [2024-09-22T23:35:27.161+0000] {dagbag.py:587} INFO - Filling up the DagBag from /home/airflow/.local/lib/python3.12/site-packages/airflow/example_dags/example_python_operator.py
[2024-09-22T23:35:27.187+0000] {processor.py:925} INFO - DAG(s) 'example_python_operator' retrieved from /home/airflow/.local/lib/python3.12/site-packages/airflow/example_dags/example_python_operator.py
[2024-09-22T23:35:27.217+0000] {logging_mixin.py:190} INFO - [2024-09-22T23:35:27.217+0000] {dag.py:3229} INFO - Sync 1 DAGs
[2024-09-22T23:35:27.237+0000] {logging_mixin.py:190} INFO - [2024-09-22T23:35:27.237+0000] {dag.py:4156} INFO - Setting next_dagrun for example_python_operator to None, run_after=None
[2024-09-22T23:35:27.262+0000] {processor.py:208} INFO - Processing /home/airflow/.local/lib/python3.12/site-packages/airflow/example_dags/example_python_operator.py took 0.119 seconds
[2024-09-22T23:35:57.562+0000] {processor.py:186} INFO - Started process (PID=1277) to work on /home/airflow/.local/lib/python3.12/site-packages/airflow/example_dags/example_python_operator.py
[2024-09-22T23:35:57.565+0000] {processor.py:914} INFO - Processing file /home/airflow/.local/lib/python3.12/site-packages/airflow/example_dags/example_python_operator.py for tasks to queue
[2024-09-22T23:35:57.568+0000] {logging_mixin.py:190} INFO - [2024-09-22T23:35:57.568+0000] {dagbag.py:587} INFO - Filling up the DagBag from /home/airflow/.local/lib/python3.12/site-packages/airflow/example_dags/example_python_operator.py
[2024-09-22T23:35:57.597+0000] {processor.py:925} INFO - DAG(s) 'example_python_operator' retrieved from /home/airflow/.local/lib/python3.12/site-packages/airflow/example_dags/example_python_operator.py
[2024-09-22T23:35:57.628+0000] {logging_mixin.py:190} INFO - [2024-09-22T23:35:57.627+0000] {dag.py:3229} INFO - Sync 1 DAGs
[2024-09-22T23:35:57.649+0000] {logging_mixin.py:190} INFO - [2024-09-22T23:35:57.648+0000] {dag.py:4156} INFO - Setting next_dagrun for example_python_operator to None, run_after=None
[2024-09-22T23:35:57.675+0000] {processor.py:208} INFO - Processing /home/airflow/.local/lib/python3.12/site-packages/airflow/example_dags/example_python_operator.py took 0.122 seconds
[2024-09-22T23:36:28.587+0000] {processor.py:186} INFO - Started process (PID=1340) to work on /home/airflow/.local/lib/python3.12/site-packages/airflow/example_dags/example_python_operator.py
[2024-09-22T23:36:28.588+0000] {processor.py:914} INFO - Processing file /home/airflow/.local/lib/python3.12/site-packages/airflow/example_dags/example_python_operator.py for tasks to queue
[2024-09-22T23:36:28.592+0000] {logging_mixin.py:190} INFO - [2024-09-22T23:36:28.592+0000] {dagbag.py:587} INFO - Filling up the DagBag from /home/airflow/.local/lib/python3.12/site-packages/airflow/example_dags/example_python_operator.py
[2024-09-22T23:36:28.615+0000] {processor.py:925} INFO - DAG(s) 'example_python_operator' retrieved from /home/airflow/.local/lib/python3.12/site-packages/airflow/example_dags/example_python_operator.py
[2024-09-22T23:36:28.645+0000] {logging_mixin.py:190} INFO - [2024-09-22T23:36:28.644+0000] {dag.py:3229} INFO - Sync 1 DAGs
[2024-09-22T23:36:28.664+0000] {logging_mixin.py:190} INFO - [2024-09-22T23:36:28.664+0000] {dag.py:4156} INFO - Setting next_dagrun for example_python_operator to None, run_after=None
[2024-09-22T23:36:28.688+0000] {processor.py:208} INFO - Processing /home/airflow/.local/lib/python3.12/site-packages/airflow/example_dags/example_python_operator.py took 0.113 seconds
[2024-09-22T23:36:59.036+0000] {processor.py:186} INFO - Started process (PID=1403) to work on /home/airflow/.local/lib/python3.12/site-packages/airflow/example_dags/example_python_operator.py
[2024-09-22T23:36:59.039+0000] {processor.py:914} INFO - Processing file /home/airflow/.local/lib/python3.12/site-packages/airflow/example_dags/example_python_operator.py for tasks to queue
[2024-09-22T23:36:59.043+0000] {logging_mixin.py:190} INFO - [2024-09-22T23:36:59.043+0000] {dagbag.py:587} INFO - Filling up the DagBag from /home/airflow/.local/lib/python3.12/site-packages/airflow/example_dags/example_python_operator.py
[2024-09-22T23:36:59.078+0000] {processor.py:925} INFO - DAG(s) 'example_python_operator' retrieved from /home/airflow/.local/lib/python3.12/site-packages/airflow/example_dags/example_python_operator.py
[2024-09-22T23:36:59.110+0000] {logging_mixin.py:190} INFO - [2024-09-22T23:36:59.110+0000] {dag.py:3229} INFO - Sync 1 DAGs
[2024-09-22T23:36:59.129+0000] {logging_mixin.py:190} INFO - [2024-09-22T23:36:59.129+0000] {dag.py:4156} INFO - Setting next_dagrun for example_python_operator to None, run_after=None
[2024-09-22T23:36:59.161+0000] {processor.py:208} INFO - Processing /home/airflow/.local/lib/python3.12/site-packages/airflow/example_dags/example_python_operator.py took 0.138 seconds
[2024-09-22T23:37:29.416+0000] {processor.py:186} INFO - Started process (PID=1466) to work on /home/airflow/.local/lib/python3.12/site-packages/airflow/example_dags/example_python_operator.py
[2024-09-22T23:37:29.418+0000] {processor.py:914} INFO - Processing file /home/airflow/.local/lib/python3.12/site-packages/airflow/example_dags/example_python_operator.py for tasks to queue
[2024-09-22T23:37:29.422+0000] {logging_mixin.py:190} INFO - [2024-09-22T23:37:29.421+0000] {dagbag.py:587} INFO - Filling up the DagBag from /home/airflow/.local/lib/python3.12/site-packages/airflow/example_dags/example_python_operator.py
[2024-09-22T23:37:29.449+0000] {processor.py:925} INFO - DAG(s) 'example_python_operator' retrieved from /home/airflow/.local/lib/python3.12/site-packages/airflow/example_dags/example_python_operator.py
[2024-09-22T23:37:29.478+0000] {logging_mixin.py:190} INFO - [2024-09-22T23:37:29.478+0000] {dag.py:3229} INFO - Sync 1 DAGs
[2024-09-22T23:37:29.497+0000] {logging_mixin.py:190} INFO - [2024-09-22T23:37:29.497+0000] {dag.py:4156} INFO - Setting next_dagrun for example_python_operator to None, run_after=None
[2024-09-22T23:37:29.523+0000] {processor.py:208} INFO - Processing /home/airflow/.local/lib/python3.12/site-packages/airflow/example_dags/example_python_operator.py took 0.118 seconds
[2024-09-22T23:37:59.681+0000] {processor.py:186} INFO - Started process (PID=1529) to work on /home/airflow/.local/lib/python3.12/site-packages/airflow/example_dags/example_python_operator.py
[2024-09-22T23:37:59.683+0000] {processor.py:914} INFO - Processing file /home/airflow/.local/lib/python3.12/site-packages/airflow/example_dags/example_python_operator.py for tasks to queue
[2024-09-22T23:37:59.687+0000] {logging_mixin.py:190} INFO - [2024-09-22T23:37:59.686+0000] {dagbag.py:587} INFO - Filling up the DagBag from /home/airflow/.local/lib/python3.12/site-packages/airflow/example_dags/example_python_operator.py
[2024-09-22T23:37:59.715+0000] {processor.py:925} INFO - DAG(s) 'example_python_operator' retrieved from /home/airflow/.local/lib/python3.12/site-packages/airflow/example_dags/example_python_operator.py
[2024-09-22T23:37:59.745+0000] {logging_mixin.py:190} INFO - [2024-09-22T23:37:59.745+0000] {dag.py:3229} INFO - Sync 1 DAGs
[2024-09-22T23:37:59.765+0000] {logging_mixin.py:190} INFO - [2024-09-22T23:37:59.764+0000] {dag.py:4156} INFO - Setting next_dagrun for example_python_operator to None, run_after=None
[2024-09-22T23:37:59.791+0000] {processor.py:208} INFO - Processing /home/airflow/.local/lib/python3.12/site-packages/airflow/example_dags/example_python_operator.py took 0.119 seconds
[2024-09-22T23:38:30.361+0000] {processor.py:186} INFO - Started process (PID=1592) to work on /home/airflow/.local/lib/python3.12/site-packages/airflow/example_dags/example_python_operator.py
[2024-09-22T23:38:30.363+0000] {processor.py:914} INFO - Processing file /home/airflow/.local/lib/python3.12/site-packages/airflow/example_dags/example_python_operator.py for tasks to queue
[2024-09-22T23:38:30.367+0000] {logging_mixin.py:190} INFO - [2024-09-22T23:38:30.366+0000] {dagbag.py:587} INFO - Filling up the DagBag from /home/airflow/.local/lib/python3.12/site-packages/airflow/example_dags/example_python_operator.py
[2024-09-22T23:38:30.393+0000] {processor.py:925} INFO - DAG(s) 'example_python_operator' retrieved from /home/airflow/.local/lib/python3.12/site-packages/airflow/example_dags/example_python_operator.py
[2024-09-22T23:38:30.423+0000] {logging_mixin.py:190} INFO - [2024-09-22T23:38:30.422+0000] {dag.py:3229} INFO - Sync 1 DAGs
[2024-09-22T23:38:30.443+0000] {logging_mixin.py:190} INFO - [2024-09-22T23:38:30.442+0000] {dag.py:4156} INFO - Setting next_dagrun for example_python_operator to None, run_after=None
[2024-09-22T23:38:30.466+0000] {processor.py:208} INFO - Processing /home/airflow/.local/lib/python3.12/site-packages/airflow/example_dags/example_python_operator.py took 0.114 seconds
[2024-09-22T23:39:00.908+0000] {processor.py:186} INFO - Started process (PID=1655) to work on /home/airflow/.local/lib/python3.12/site-packages/airflow/example_dags/example_python_operator.py
[2024-09-22T23:39:00.910+0000] {processor.py:914} INFO - Processing file /home/airflow/.local/lib/python3.12/site-packages/airflow/example_dags/example_python_operator.py for tasks to queue
[2024-09-22T23:39:00.915+0000] {logging_mixin.py:190} INFO - [2024-09-22T23:39:00.914+0000] {dagbag.py:587} INFO - Filling up the DagBag from /home/airflow/.local/lib/python3.12/site-packages/airflow/example_dags/example_python_operator.py
[2024-09-22T23:39:00.945+0000] {processor.py:925} INFO - DAG(s) 'example_python_operator' retrieved from /home/airflow/.local/lib/python3.12/site-packages/airflow/example_dags/example_python_operator.py
[2024-09-22T23:39:00.975+0000] {logging_mixin.py:190} INFO - [2024-09-22T23:39:00.975+0000] {dag.py:3229} INFO - Sync 1 DAGs
[2024-09-22T23:39:00.997+0000] {logging_mixin.py:190} INFO - [2024-09-22T23:39:00.996+0000] {dag.py:4156} INFO - Setting next_dagrun for example_python_operator to None, run_after=None
[2024-09-22T23:39:01.022+0000] {processor.py:208} INFO - Processing /home/airflow/.local/lib/python3.12/site-packages/airflow/example_dags/example_python_operator.py took 0.128 seconds
[2024-09-22T23:39:31.294+0000] {processor.py:186} INFO - Started process (PID=1718) to work on /home/airflow/.local/lib/python3.12/site-packages/airflow/example_dags/example_python_operator.py
[2024-09-22T23:39:31.295+0000] {processor.py:914} INFO - Processing file /home/airflow/.local/lib/python3.12/site-packages/airflow/example_dags/example_python_operator.py for tasks to queue
[2024-09-22T23:39:31.298+0000] {logging_mixin.py:190} INFO - [2024-09-22T23:39:31.298+0000] {dagbag.py:587} INFO - Filling up the DagBag from /home/airflow/.local/lib/python3.12/site-packages/airflow/example_dags/example_python_operator.py
[2024-09-22T23:39:31.325+0000] {processor.py:925} INFO - DAG(s) 'example_python_operator' retrieved from /home/airflow/.local/lib/python3.12/site-packages/airflow/example_dags/example_python_operator.py
[2024-09-22T23:39:31.354+0000] {logging_mixin.py:190} INFO - [2024-09-22T23:39:31.354+0000] {dag.py:3229} INFO - Sync 1 DAGs
[2024-09-22T23:39:31.373+0000] {logging_mixin.py:190} INFO - [2024-09-22T23:39:31.373+0000] {dag.py:4156} INFO - Setting next_dagrun for example_python_operator to None, run_after=None
[2024-09-22T23:39:31.396+0000] {processor.py:208} INFO - Processing /home/airflow/.local/lib/python3.12/site-packages/airflow/example_dags/example_python_operator.py took 0.111 seconds
[2024-09-22T23:40:01.865+0000] {processor.py:186} INFO - Started process (PID=1781) to work on /home/airflow/.local/lib/python3.12/site-packages/airflow/example_dags/example_python_operator.py
[2024-09-22T23:40:01.867+0000] {processor.py:914} INFO - Processing file /home/airflow/.local/lib/python3.12/site-packages/airflow/example_dags/example_python_operator.py for tasks to queue
[2024-09-22T23:40:01.870+0000] {logging_mixin.py:190} INFO - [2024-09-22T23:40:01.870+0000] {dagbag.py:587} INFO - Filling up the DagBag from /home/airflow/.local/lib/python3.12/site-packages/airflow/example_dags/example_python_operator.py
[2024-09-22T23:40:01.896+0000] {processor.py:925} INFO - DAG(s) 'example_python_operator' retrieved from /home/airflow/.local/lib/python3.12/site-packages/airflow/example_dags/example_python_operator.py
[2024-09-22T23:40:01.926+0000] {logging_mixin.py:190} INFO - [2024-09-22T23:40:01.926+0000] {dag.py:3229} INFO - Sync 1 DAGs
[2024-09-22T23:40:01.946+0000] {logging_mixin.py:190} INFO - [2024-09-22T23:40:01.946+0000] {dag.py:4156} INFO - Setting next_dagrun for example_python_operator to None, run_after=None
[2024-09-22T23:40:01.970+0000] {processor.py:208} INFO - Processing /home/airflow/.local/lib/python3.12/site-packages/airflow/example_dags/example_python_operator.py took 0.117 seconds
[2024-09-22T23:40:33.858+0000] {processor.py:186} INFO - Started process (PID=1850) to work on /home/airflow/.local/lib/python3.12/site-packages/airflow/example_dags/example_python_operator.py
[2024-09-22T23:40:33.860+0000] {processor.py:914} INFO - Processing file /home/airflow/.local/lib/python3.12/site-packages/airflow/example_dags/example_python_operator.py for tasks to queue
[2024-09-22T23:40:33.863+0000] {logging_mixin.py:190} INFO - [2024-09-22T23:40:33.863+0000] {dagbag.py:587} INFO - Filling up the DagBag from /home/airflow/.local/lib/python3.12/site-packages/airflow/example_dags/example_python_operator.py
[2024-09-22T23:40:33.885+0000] {processor.py:925} INFO - DAG(s) 'example_python_operator' retrieved from /home/airflow/.local/lib/python3.12/site-packages/airflow/example_dags/example_python_operator.py
[2024-09-22T23:40:33.915+0000] {logging_mixin.py:190} INFO - [2024-09-22T23:40:33.914+0000] {dag.py:3229} INFO - Sync 1 DAGs
[2024-09-22T23:40:33.934+0000] {logging_mixin.py:190} INFO - [2024-09-22T23:40:33.934+0000] {dag.py:4156} INFO - Setting next_dagrun for example_python_operator to None, run_after=None
[2024-09-22T23:40:33.958+0000] {processor.py:208} INFO - Processing /home/airflow/.local/lib/python3.12/site-packages/airflow/example_dags/example_python_operator.py took 0.109 seconds
[2024-09-22T23:41:04.282+0000] {processor.py:186} INFO - Started process (PID=1913) to work on /home/airflow/.local/lib/python3.12/site-packages/airflow/example_dags/example_python_operator.py
[2024-09-22T23:41:04.283+0000] {processor.py:914} INFO - Processing file /home/airflow/.local/lib/python3.12/site-packages/airflow/example_dags/example_python_operator.py for tasks to queue
[2024-09-22T23:41:04.287+0000] {logging_mixin.py:190} INFO - [2024-09-22T23:41:04.286+0000] {dagbag.py:587} INFO - Filling up the DagBag from /home/airflow/.local/lib/python3.12/site-packages/airflow/example_dags/example_python_operator.py
[2024-09-22T23:41:04.312+0000] {processor.py:925} INFO - DAG(s) 'example_python_operator' retrieved from /home/airflow/.local/lib/python3.12/site-packages/airflow/example_dags/example_python_operator.py
[2024-09-22T23:41:04.345+0000] {logging_mixin.py:190} INFO - [2024-09-22T23:41:04.345+0000] {dag.py:3229} INFO - Sync 1 DAGs
[2024-09-22T23:41:04.366+0000] {logging_mixin.py:190} INFO - [2024-09-22T23:41:04.365+0000] {dag.py:4156} INFO - Setting next_dagrun for example_python_operator to None, run_after=None
[2024-09-22T23:41:04.674+0000] {processor.py:208} INFO - Processing /home/airflow/.local/lib/python3.12/site-packages/airflow/example_dags/example_python_operator.py took 0.400 seconds
[2024-09-22T23:41:34.790+0000] {processor.py:186} INFO - Started process (PID=1976) to work on /home/airflow/.local/lib/python3.12/site-packages/airflow/example_dags/example_python_operator.py
[2024-09-22T23:41:34.792+0000] {processor.py:914} INFO - Processing file /home/airflow/.local/lib/python3.12/site-packages/airflow/example_dags/example_python_operator.py for tasks to queue
[2024-09-22T23:41:34.795+0000] {logging_mixin.py:190} INFO - [2024-09-22T23:41:34.795+0000] {dagbag.py:587} INFO - Filling up the DagBag from /home/airflow/.local/lib/python3.12/site-packages/airflow/example_dags/example_python_operator.py
[2024-09-22T23:41:34.820+0000] {processor.py:925} INFO - DAG(s) 'example_python_operator' retrieved from /home/airflow/.local/lib/python3.12/site-packages/airflow/example_dags/example_python_operator.py
[2024-09-22T23:41:34.853+0000] {logging_mixin.py:190} INFO - [2024-09-22T23:41:34.852+0000] {dag.py:3229} INFO - Sync 1 DAGs
[2024-09-22T23:41:34.873+0000] {logging_mixin.py:190} INFO - [2024-09-22T23:41:34.873+0000] {dag.py:4156} INFO - Setting next_dagrun for example_python_operator to None, run_after=None
[2024-09-22T23:41:34.899+0000] {processor.py:208} INFO - Processing /home/airflow/.local/lib/python3.12/site-packages/airflow/example_dags/example_python_operator.py took 0.118 seconds
[2024-09-22T23:42:07.815+0000] {processor.py:186} INFO - Started process (PID=2037) to work on /home/airflow/.local/lib/python3.12/site-packages/airflow/example_dags/example_python_operator.py
[2024-09-22T23:42:07.817+0000] {processor.py:914} INFO - Processing file /home/airflow/.local/lib/python3.12/site-packages/airflow/example_dags/example_python_operator.py for tasks to queue
[2024-09-22T23:42:07.821+0000] {logging_mixin.py:190} INFO - [2024-09-22T23:42:07.820+0000] {dagbag.py:587} INFO - Filling up the DagBag from /home/airflow/.local/lib/python3.12/site-packages/airflow/example_dags/example_python_operator.py
[2024-09-22T23:42:07.844+0000] {processor.py:925} INFO - DAG(s) 'example_python_operator' retrieved from /home/airflow/.local/lib/python3.12/site-packages/airflow/example_dags/example_python_operator.py
[2024-09-22T23:42:07.879+0000] {logging_mixin.py:190} INFO - [2024-09-22T23:42:07.879+0000] {dag.py:3229} INFO - Sync 1 DAGs
[2024-09-22T23:42:07.901+0000] {logging_mixin.py:190} INFO - [2024-09-22T23:42:07.900+0000] {dag.py:4156} INFO - Setting next_dagrun for example_python_operator to None, run_after=None
[2024-09-22T23:42:07.927+0000] {processor.py:208} INFO - Processing /home/airflow/.local/lib/python3.12/site-packages/airflow/example_dags/example_python_operator.py took 0.121 seconds
[2024-09-22T23:42:38.124+0000] {processor.py:186} INFO - Started process (PID=2100) to work on /home/airflow/.local/lib/python3.12/site-packages/airflow/example_dags/example_python_operator.py
[2024-09-22T23:42:38.125+0000] {processor.py:914} INFO - Processing file /home/airflow/.local/lib/python3.12/site-packages/airflow/example_dags/example_python_operator.py for tasks to queue
[2024-09-22T23:42:38.128+0000] {logging_mixin.py:190} INFO - [2024-09-22T23:42:38.128+0000] {dagbag.py:587} INFO - Filling up the DagBag from /home/airflow/.local/lib/python3.12/site-packages/airflow/example_dags/example_python_operator.py
[2024-09-22T23:42:38.151+0000] {processor.py:925} INFO - DAG(s) 'example_python_operator' retrieved from /home/airflow/.local/lib/python3.12/site-packages/airflow/example_dags/example_python_operator.py
[2024-09-22T23:42:38.184+0000] {logging_mixin.py:190} INFO - [2024-09-22T23:42:38.184+0000] {dag.py:3229} INFO - Sync 1 DAGs
[2024-09-22T23:42:38.205+0000] {logging_mixin.py:190} INFO - [2024-09-22T23:42:38.205+0000] {dag.py:4156} INFO - Setting next_dagrun for example_python_operator to None, run_after=None
[2024-09-22T23:42:38.232+0000] {processor.py:208} INFO - Processing /home/airflow/.local/lib/python3.12/site-packages/airflow/example_dags/example_python_operator.py took 0.117 seconds
[2024-09-22T23:43:09.239+0000] {processor.py:186} INFO - Started process (PID=2164) to work on /home/airflow/.local/lib/python3.12/site-packages/airflow/example_dags/example_python_operator.py
[2024-09-22T23:43:09.243+0000] {processor.py:914} INFO - Processing file /home/airflow/.local/lib/python3.12/site-packages/airflow/example_dags/example_python_operator.py for tasks to queue
[2024-09-22T23:43:09.249+0000] {logging_mixin.py:190} INFO - [2024-09-22T23:43:09.248+0000] {dagbag.py:587} INFO - Filling up the DagBag from /home/airflow/.local/lib/python3.12/site-packages/airflow/example_dags/example_python_operator.py
[2024-09-22T23:43:09.287+0000] {processor.py:925} INFO - DAG(s) 'example_python_operator' retrieved from /home/airflow/.local/lib/python3.12/site-packages/airflow/example_dags/example_python_operator.py
[2024-09-22T23:43:09.349+0000] {logging_mixin.py:190} INFO - [2024-09-22T23:43:09.349+0000] {dag.py:3229} INFO - Sync 1 DAGs
[2024-09-22T23:43:09.392+0000] {logging_mixin.py:190} INFO - [2024-09-22T23:43:09.391+0000] {dag.py:4156} INFO - Setting next_dagrun for example_python_operator to None, run_after=None
[2024-09-22T23:43:09.444+0000] {processor.py:208} INFO - Processing /home/airflow/.local/lib/python3.12/site-packages/airflow/example_dags/example_python_operator.py took 0.226 seconds
[2024-09-22T23:43:39.797+0000] {processor.py:186} INFO - Started process (PID=2227) to work on /home/airflow/.local/lib/python3.12/site-packages/airflow/example_dags/example_python_operator.py
[2024-09-22T23:43:39.798+0000] {processor.py:914} INFO - Processing file /home/airflow/.local/lib/python3.12/site-packages/airflow/example_dags/example_python_operator.py for tasks to queue
[2024-09-22T23:43:39.802+0000] {logging_mixin.py:190} INFO - [2024-09-22T23:43:39.801+0000] {dagbag.py:587} INFO - Filling up the DagBag from /home/airflow/.local/lib/python3.12/site-packages/airflow/example_dags/example_python_operator.py
[2024-09-22T23:43:39.827+0000] {processor.py:925} INFO - DAG(s) 'example_python_operator' retrieved from /home/airflow/.local/lib/python3.12/site-packages/airflow/example_dags/example_python_operator.py
[2024-09-22T23:43:39.869+0000] {logging_mixin.py:190} INFO - [2024-09-22T23:43:39.869+0000] {dag.py:3229} INFO - Sync 1 DAGs
[2024-09-22T23:43:39.899+0000] {logging_mixin.py:190} INFO - [2024-09-22T23:43:39.898+0000] {dag.py:4156} INFO - Setting next_dagrun for example_python_operator to None, run_after=None
[2024-09-22T23:43:39.931+0000] {processor.py:208} INFO - Processing /home/airflow/.local/lib/python3.12/site-packages/airflow/example_dags/example_python_operator.py took 0.144 seconds
[2024-09-22T23:44:10.285+0000] {processor.py:186} INFO - Started process (PID=2290) to work on /home/airflow/.local/lib/python3.12/site-packages/airflow/example_dags/example_python_operator.py
[2024-09-22T23:44:10.287+0000] {processor.py:914} INFO - Processing file /home/airflow/.local/lib/python3.12/site-packages/airflow/example_dags/example_python_operator.py for tasks to queue
[2024-09-22T23:44:10.291+0000] {logging_mixin.py:190} INFO - [2024-09-22T23:44:10.290+0000] {dagbag.py:587} INFO - Filling up the DagBag from /home/airflow/.local/lib/python3.12/site-packages/airflow/example_dags/example_python_operator.py
[2024-09-22T23:44:10.315+0000] {processor.py:925} INFO - DAG(s) 'example_python_operator' retrieved from /home/airflow/.local/lib/python3.12/site-packages/airflow/example_dags/example_python_operator.py
[2024-09-22T23:44:10.352+0000] {logging_mixin.py:190} INFO - [2024-09-22T23:44:10.352+0000] {dag.py:3229} INFO - Sync 1 DAGs
[2024-09-22T23:44:10.374+0000] {logging_mixin.py:190} INFO - [2024-09-22T23:44:10.374+0000] {dag.py:4156} INFO - Setting next_dagrun for example_python_operator to None, run_after=None
[2024-09-22T23:44:10.401+0000] {processor.py:208} INFO - Processing /home/airflow/.local/lib/python3.12/site-packages/airflow/example_dags/example_python_operator.py took 0.126 seconds
[2024-09-22T23:46:54.877+0000] {processor.py:186} INFO - Started process (PID=92) to work on /home/airflow/.local/lib/python3.12/site-packages/airflow/example_dags/example_python_operator.py
[2024-09-22T23:46:54.879+0000] {processor.py:914} INFO - Processing file /home/airflow/.local/lib/python3.12/site-packages/airflow/example_dags/example_python_operator.py for tasks to queue
[2024-09-22T23:46:54.884+0000] {logging_mixin.py:190} INFO - [2024-09-22T23:46:54.883+0000] {dagbag.py:587} INFO - Filling up the DagBag from /home/airflow/.local/lib/python3.12/site-packages/airflow/example_dags/example_python_operator.py
[2024-09-22T23:46:54.920+0000] {processor.py:925} INFO - DAG(s) 'example_python_operator' retrieved from /home/airflow/.local/lib/python3.12/site-packages/airflow/example_dags/example_python_operator.py
[2024-09-22T23:46:55.200+0000] {logging_mixin.py:190} INFO - [2024-09-22T23:46:55.200+0000] {dag.py:3229} INFO - Sync 1 DAGs
[2024-09-22T23:46:55.224+0000] {logging_mixin.py:190} INFO - [2024-09-22T23:46:55.224+0000] {dag.py:4156} INFO - Setting next_dagrun for example_python_operator to None, run_after=None
[2024-09-22T23:46:55.257+0000] {processor.py:208} INFO - Processing /home/airflow/.local/lib/python3.12/site-packages/airflow/example_dags/example_python_operator.py took 0.395 seconds
[2024-09-22T23:47:25.995+0000] {processor.py:186} INFO - Started process (PID=154) to work on /home/airflow/.local/lib/python3.12/site-packages/airflow/example_dags/example_python_operator.py
[2024-09-22T23:47:26.000+0000] {processor.py:914} INFO - Processing file /home/airflow/.local/lib/python3.12/site-packages/airflow/example_dags/example_python_operator.py for tasks to queue
[2024-09-22T23:47:26.004+0000] {logging_mixin.py:190} INFO - [2024-09-22T23:47:26.004+0000] {dagbag.py:587} INFO - Filling up the DagBag from /home/airflow/.local/lib/python3.12/site-packages/airflow/example_dags/example_python_operator.py
[2024-09-22T23:47:26.033+0000] {processor.py:925} INFO - DAG(s) 'example_python_operator' retrieved from /home/airflow/.local/lib/python3.12/site-packages/airflow/example_dags/example_python_operator.py
[2024-09-22T23:47:26.071+0000] {logging_mixin.py:190} INFO - [2024-09-22T23:47:26.071+0000] {dag.py:3229} INFO - Sync 1 DAGs
[2024-09-22T23:47:26.093+0000] {logging_mixin.py:190} INFO - [2024-09-22T23:47:26.093+0000] {dag.py:4156} INFO - Setting next_dagrun for example_python_operator to None, run_after=None
[2024-09-22T23:47:26.119+0000] {processor.py:208} INFO - Processing /home/airflow/.local/lib/python3.12/site-packages/airflow/example_dags/example_python_operator.py took 0.133 seconds
[2024-09-22T23:47:56.490+0000] {processor.py:186} INFO - Started process (PID=217) to work on /home/airflow/.local/lib/python3.12/site-packages/airflow/example_dags/example_python_operator.py
[2024-09-22T23:47:56.491+0000] {processor.py:914} INFO - Processing file /home/airflow/.local/lib/python3.12/site-packages/airflow/example_dags/example_python_operator.py for tasks to queue
[2024-09-22T23:47:56.495+0000] {logging_mixin.py:190} INFO - [2024-09-22T23:47:56.494+0000] {dagbag.py:587} INFO - Filling up the DagBag from /home/airflow/.local/lib/python3.12/site-packages/airflow/example_dags/example_python_operator.py
[2024-09-22T23:47:56.518+0000] {processor.py:925} INFO - DAG(s) 'example_python_operator' retrieved from /home/airflow/.local/lib/python3.12/site-packages/airflow/example_dags/example_python_operator.py
[2024-09-22T23:47:56.553+0000] {logging_mixin.py:190} INFO - [2024-09-22T23:47:56.552+0000] {dag.py:3229} INFO - Sync 1 DAGs
[2024-09-22T23:47:56.573+0000] {logging_mixin.py:190} INFO - [2024-09-22T23:47:56.573+0000] {dag.py:4156} INFO - Setting next_dagrun for example_python_operator to None, run_after=None
[2024-09-22T23:47:56.599+0000] {processor.py:208} INFO - Processing /home/airflow/.local/lib/python3.12/site-packages/airflow/example_dags/example_python_operator.py took 0.118 seconds
[2024-09-22T23:48:26.990+0000] {processor.py:186} INFO - Started process (PID=280) to work on /home/airflow/.local/lib/python3.12/site-packages/airflow/example_dags/example_python_operator.py
[2024-09-22T23:48:26.992+0000] {processor.py:914} INFO - Processing file /home/airflow/.local/lib/python3.12/site-packages/airflow/example_dags/example_python_operator.py for tasks to queue
[2024-09-22T23:48:26.996+0000] {logging_mixin.py:190} INFO - [2024-09-22T23:48:26.995+0000] {dagbag.py:587} INFO - Filling up the DagBag from /home/airflow/.local/lib/python3.12/site-packages/airflow/example_dags/example_python_operator.py
[2024-09-22T23:48:27.020+0000] {processor.py:925} INFO - DAG(s) 'example_python_operator' retrieved from /home/airflow/.local/lib/python3.12/site-packages/airflow/example_dags/example_python_operator.py
[2024-09-22T23:48:27.060+0000] {logging_mixin.py:190} INFO - [2024-09-22T23:48:27.059+0000] {dag.py:3229} INFO - Sync 1 DAGs
[2024-09-22T23:48:27.080+0000] {logging_mixin.py:190} INFO - [2024-09-22T23:48:27.080+0000] {dag.py:4156} INFO - Setting next_dagrun for example_python_operator to None, run_after=None
[2024-09-22T23:48:27.107+0000] {processor.py:208} INFO - Processing /home/airflow/.local/lib/python3.12/site-packages/airflow/example_dags/example_python_operator.py took 0.126 seconds
[2024-09-22T23:48:57.724+0000] {processor.py:186} INFO - Started process (PID=343) to work on /home/airflow/.local/lib/python3.12/site-packages/airflow/example_dags/example_python_operator.py
[2024-09-22T23:48:57.726+0000] {processor.py:914} INFO - Processing file /home/airflow/.local/lib/python3.12/site-packages/airflow/example_dags/example_python_operator.py for tasks to queue
[2024-09-22T23:48:57.730+0000] {logging_mixin.py:190} INFO - [2024-09-22T23:48:57.729+0000] {dagbag.py:587} INFO - Filling up the DagBag from /home/airflow/.local/lib/python3.12/site-packages/airflow/example_dags/example_python_operator.py
[2024-09-22T23:48:57.756+0000] {processor.py:925} INFO - DAG(s) 'example_python_operator' retrieved from /home/airflow/.local/lib/python3.12/site-packages/airflow/example_dags/example_python_operator.py
[2024-09-22T23:48:57.798+0000] {logging_mixin.py:190} INFO - [2024-09-22T23:48:57.797+0000] {dag.py:3229} INFO - Sync 1 DAGs
[2024-09-22T23:48:57.827+0000] {logging_mixin.py:190} INFO - [2024-09-22T23:48:57.826+0000] {dag.py:4156} INFO - Setting next_dagrun for example_python_operator to None, run_after=None
[2024-09-22T23:48:57.853+0000] {processor.py:208} INFO - Processing /home/airflow/.local/lib/python3.12/site-packages/airflow/example_dags/example_python_operator.py took 0.139 seconds
[2024-09-22T23:49:28.606+0000] {processor.py:186} INFO - Started process (PID=406) to work on /home/airflow/.local/lib/python3.12/site-packages/airflow/example_dags/example_python_operator.py
[2024-09-22T23:49:28.608+0000] {processor.py:914} INFO - Processing file /home/airflow/.local/lib/python3.12/site-packages/airflow/example_dags/example_python_operator.py for tasks to queue
[2024-09-22T23:49:28.612+0000] {logging_mixin.py:190} INFO - [2024-09-22T23:49:28.611+0000] {dagbag.py:587} INFO - Filling up the DagBag from /home/airflow/.local/lib/python3.12/site-packages/airflow/example_dags/example_python_operator.py
[2024-09-22T23:49:28.635+0000] {processor.py:925} INFO - DAG(s) 'example_python_operator' retrieved from /home/airflow/.local/lib/python3.12/site-packages/airflow/example_dags/example_python_operator.py
[2024-09-22T23:49:28.667+0000] {logging_mixin.py:190} INFO - [2024-09-22T23:49:28.666+0000] {dag.py:3229} INFO - Sync 1 DAGs
[2024-09-22T23:49:28.692+0000] {logging_mixin.py:190} INFO - [2024-09-22T23:49:28.692+0000] {dag.py:4156} INFO - Setting next_dagrun for example_python_operator to None, run_after=None
[2024-09-22T23:49:28.717+0000] {processor.py:208} INFO - Processing /home/airflow/.local/lib/python3.12/site-packages/airflow/example_dags/example_python_operator.py took 0.125 seconds
[2024-09-22T23:49:59.121+0000] {processor.py:186} INFO - Started process (PID=469) to work on /home/airflow/.local/lib/python3.12/site-packages/airflow/example_dags/example_python_operator.py
[2024-09-22T23:49:59.123+0000] {processor.py:914} INFO - Processing file /home/airflow/.local/lib/python3.12/site-packages/airflow/example_dags/example_python_operator.py for tasks to queue
[2024-09-22T23:49:59.128+0000] {logging_mixin.py:190} INFO - [2024-09-22T23:49:59.127+0000] {dagbag.py:587} INFO - Filling up the DagBag from /home/airflow/.local/lib/python3.12/site-packages/airflow/example_dags/example_python_operator.py
[2024-09-22T23:49:59.163+0000] {processor.py:925} INFO - DAG(s) 'example_python_operator' retrieved from /home/airflow/.local/lib/python3.12/site-packages/airflow/example_dags/example_python_operator.py
[2024-09-22T23:49:59.208+0000] {logging_mixin.py:190} INFO - [2024-09-22T23:49:59.207+0000] {dag.py:3229} INFO - Sync 1 DAGs
[2024-09-22T23:49:59.236+0000] {logging_mixin.py:190} INFO - [2024-09-22T23:49:59.236+0000] {dag.py:4156} INFO - Setting next_dagrun for example_python_operator to None, run_after=None
[2024-09-22T23:49:59.268+0000] {processor.py:208} INFO - Processing /home/airflow/.local/lib/python3.12/site-packages/airflow/example_dags/example_python_operator.py took 0.157 seconds
[2024-09-22T23:50:29.404+0000] {processor.py:186} INFO - Started process (PID=532) to work on /home/airflow/.local/lib/python3.12/site-packages/airflow/example_dags/example_python_operator.py
[2024-09-22T23:50:29.406+0000] {processor.py:914} INFO - Processing file /home/airflow/.local/lib/python3.12/site-packages/airflow/example_dags/example_python_operator.py for tasks to queue
[2024-09-22T23:50:29.409+0000] {logging_mixin.py:190} INFO - [2024-09-22T23:50:29.409+0000] {dagbag.py:587} INFO - Filling up the DagBag from /home/airflow/.local/lib/python3.12/site-packages/airflow/example_dags/example_python_operator.py
[2024-09-22T23:50:29.432+0000] {processor.py:925} INFO - DAG(s) 'example_python_operator' retrieved from /home/airflow/.local/lib/python3.12/site-packages/airflow/example_dags/example_python_operator.py
[2024-09-22T23:50:29.469+0000] {logging_mixin.py:190} INFO - [2024-09-22T23:50:29.468+0000] {dag.py:3229} INFO - Sync 1 DAGs
[2024-09-22T23:50:29.490+0000] {logging_mixin.py:190} INFO - [2024-09-22T23:50:29.489+0000] {dag.py:4156} INFO - Setting next_dagrun for example_python_operator to None, run_after=None
[2024-09-22T23:50:29.514+0000] {processor.py:208} INFO - Processing /home/airflow/.local/lib/python3.12/site-packages/airflow/example_dags/example_python_operator.py took 0.119 seconds
[2024-09-22T23:50:59.895+0000] {processor.py:186} INFO - Started process (PID=595) to work on /home/airflow/.local/lib/python3.12/site-packages/airflow/example_dags/example_python_operator.py
[2024-09-22T23:50:59.897+0000] {processor.py:914} INFO - Processing file /home/airflow/.local/lib/python3.12/site-packages/airflow/example_dags/example_python_operator.py for tasks to queue
[2024-09-22T23:50:59.901+0000] {logging_mixin.py:190} INFO - [2024-09-22T23:50:59.900+0000] {dagbag.py:587} INFO - Filling up the DagBag from /home/airflow/.local/lib/python3.12/site-packages/airflow/example_dags/example_python_operator.py
[2024-09-22T23:50:59.925+0000] {processor.py:925} INFO - DAG(s) 'example_python_operator' retrieved from /home/airflow/.local/lib/python3.12/site-packages/airflow/example_dags/example_python_operator.py
[2024-09-22T23:50:59.965+0000] {logging_mixin.py:190} INFO - [2024-09-22T23:50:59.965+0000] {dag.py:3229} INFO - Sync 1 DAGs
[2024-09-22T23:50:59.992+0000] {logging_mixin.py:190} INFO - [2024-09-22T23:50:59.991+0000] {dag.py:4156} INFO - Setting next_dagrun for example_python_operator to None, run_after=None
[2024-09-22T23:51:00.020+0000] {processor.py:208} INFO - Processing /home/airflow/.local/lib/python3.12/site-packages/airflow/example_dags/example_python_operator.py took 0.134 seconds
[2024-09-22T23:51:30.384+0000] {processor.py:186} INFO - Started process (PID=659) to work on /home/airflow/.local/lib/python3.12/site-packages/airflow/example_dags/example_python_operator.py
[2024-09-22T23:51:30.386+0000] {processor.py:914} INFO - Processing file /home/airflow/.local/lib/python3.12/site-packages/airflow/example_dags/example_python_operator.py for tasks to queue
[2024-09-22T23:51:30.390+0000] {logging_mixin.py:190} INFO - [2024-09-22T23:51:30.389+0000] {dagbag.py:587} INFO - Filling up the DagBag from /home/airflow/.local/lib/python3.12/site-packages/airflow/example_dags/example_python_operator.py
[2024-09-22T23:51:30.413+0000] {processor.py:925} INFO - DAG(s) 'example_python_operator' retrieved from /home/airflow/.local/lib/python3.12/site-packages/airflow/example_dags/example_python_operator.py
[2024-09-22T23:51:30.452+0000] {logging_mixin.py:190} INFO - [2024-09-22T23:51:30.451+0000] {dag.py:3229} INFO - Sync 1 DAGs
[2024-09-22T23:51:30.472+0000] {logging_mixin.py:190} INFO - [2024-09-22T23:51:30.472+0000] {dag.py:4156} INFO - Setting next_dagrun for example_python_operator to None, run_after=None
[2024-09-22T23:51:30.496+0000] {processor.py:208} INFO - Processing /home/airflow/.local/lib/python3.12/site-packages/airflow/example_dags/example_python_operator.py took 0.121 seconds
[2024-09-22T23:52:01.151+0000] {processor.py:186} INFO - Started process (PID=723) to work on /home/airflow/.local/lib/python3.12/site-packages/airflow/example_dags/example_python_operator.py
[2024-09-22T23:52:01.153+0000] {processor.py:914} INFO - Processing file /home/airflow/.local/lib/python3.12/site-packages/airflow/example_dags/example_python_operator.py for tasks to queue
[2024-09-22T23:52:01.158+0000] {logging_mixin.py:190} INFO - [2024-09-22T23:52:01.157+0000] {dagbag.py:587} INFO - Filling up the DagBag from /home/airflow/.local/lib/python3.12/site-packages/airflow/example_dags/example_python_operator.py
[2024-09-22T23:52:01.189+0000] {processor.py:925} INFO - DAG(s) 'example_python_operator' retrieved from /home/airflow/.local/lib/python3.12/site-packages/airflow/example_dags/example_python_operator.py
[2024-09-22T23:52:01.229+0000] {logging_mixin.py:190} INFO - [2024-09-22T23:52:01.228+0000] {dag.py:3229} INFO - Sync 1 DAGs
[2024-09-22T23:52:01.262+0000] {logging_mixin.py:190} INFO - [2024-09-22T23:52:01.261+0000] {dag.py:4156} INFO - Setting next_dagrun for example_python_operator to None, run_after=None
[2024-09-22T23:52:01.299+0000] {processor.py:208} INFO - Processing /home/airflow/.local/lib/python3.12/site-packages/airflow/example_dags/example_python_operator.py took 0.158 seconds
[2024-09-22T23:52:31.409+0000] {processor.py:186} INFO - Started process (PID=786) to work on /home/airflow/.local/lib/python3.12/site-packages/airflow/example_dags/example_python_operator.py
[2024-09-22T23:52:31.411+0000] {processor.py:914} INFO - Processing file /home/airflow/.local/lib/python3.12/site-packages/airflow/example_dags/example_python_operator.py for tasks to queue
[2024-09-22T23:52:31.416+0000] {logging_mixin.py:190} INFO - [2024-09-22T23:52:31.415+0000] {dagbag.py:587} INFO - Filling up the DagBag from /home/airflow/.local/lib/python3.12/site-packages/airflow/example_dags/example_python_operator.py
[2024-09-22T23:52:31.456+0000] {processor.py:925} INFO - DAG(s) 'example_python_operator' retrieved from /home/airflow/.local/lib/python3.12/site-packages/airflow/example_dags/example_python_operator.py
[2024-09-22T23:52:31.497+0000] {logging_mixin.py:190} INFO - [2024-09-22T23:52:31.497+0000] {dag.py:3229} INFO - Sync 1 DAGs
[2024-09-22T23:52:31.518+0000] {logging_mixin.py:190} INFO - [2024-09-22T23:52:31.518+0000] {dag.py:4156} INFO - Setting next_dagrun for example_python_operator to None, run_after=None
[2024-09-22T23:52:31.543+0000] {processor.py:208} INFO - Processing /home/airflow/.local/lib/python3.12/site-packages/airflow/example_dags/example_python_operator.py took 0.145 seconds
[2024-09-22T23:53:01.627+0000] {processor.py:186} INFO - Started process (PID=849) to work on /home/airflow/.local/lib/python3.12/site-packages/airflow/example_dags/example_python_operator.py
[2024-09-22T23:53:01.633+0000] {processor.py:914} INFO - Processing file /home/airflow/.local/lib/python3.12/site-packages/airflow/example_dags/example_python_operator.py for tasks to queue
[2024-09-22T23:53:01.637+0000] {logging_mixin.py:190} INFO - [2024-09-22T23:53:01.637+0000] {dagbag.py:587} INFO - Filling up the DagBag from /home/airflow/.local/lib/python3.12/site-packages/airflow/example_dags/example_python_operator.py
[2024-09-22T23:53:01.689+0000] {processor.py:925} INFO - DAG(s) 'example_python_operator' retrieved from /home/airflow/.local/lib/python3.12/site-packages/airflow/example_dags/example_python_operator.py
[2024-09-22T23:53:01.739+0000] {logging_mixin.py:190} INFO - [2024-09-22T23:53:01.739+0000] {dag.py:3229} INFO - Sync 1 DAGs
[2024-09-22T23:53:01.768+0000] {logging_mixin.py:190} INFO - [2024-09-22T23:53:01.768+0000] {dag.py:4156} INFO - Setting next_dagrun for example_python_operator to None, run_after=None
[2024-09-22T23:53:01.798+0000] {processor.py:208} INFO - Processing /home/airflow/.local/lib/python3.12/site-packages/airflow/example_dags/example_python_operator.py took 0.188 seconds
[2024-09-22T23:53:33.926+0000] {processor.py:186} INFO - Started process (PID=911) to work on /home/airflow/.local/lib/python3.12/site-packages/airflow/example_dags/example_python_operator.py
[2024-09-22T23:53:33.931+0000] {processor.py:914} INFO - Processing file /home/airflow/.local/lib/python3.12/site-packages/airflow/example_dags/example_python_operator.py for tasks to queue
[2024-09-22T23:53:33.948+0000] {logging_mixin.py:190} INFO - [2024-09-22T23:53:33.947+0000] {dagbag.py:587} INFO - Filling up the DagBag from /home/airflow/.local/lib/python3.12/site-packages/airflow/example_dags/example_python_operator.py
[2024-09-22T23:53:34.024+0000] {processor.py:925} INFO - DAG(s) 'example_python_operator' retrieved from /home/airflow/.local/lib/python3.12/site-packages/airflow/example_dags/example_python_operator.py
[2024-09-22T23:53:34.145+0000] {logging_mixin.py:190} INFO - [2024-09-22T23:53:34.145+0000] {dag.py:3229} INFO - Sync 1 DAGs
[2024-09-22T23:53:34.210+0000] {logging_mixin.py:190} INFO - [2024-09-22T23:53:34.209+0000] {dag.py:4156} INFO - Setting next_dagrun for example_python_operator to None, run_after=None
[2024-09-22T23:53:34.271+0000] {processor.py:208} INFO - Processing /home/airflow/.local/lib/python3.12/site-packages/airflow/example_dags/example_python_operator.py took 0.372 seconds
[2024-09-22T23:54:04.855+0000] {processor.py:186} INFO - Started process (PID=974) to work on /home/airflow/.local/lib/python3.12/site-packages/airflow/example_dags/example_python_operator.py
[2024-09-22T23:54:04.857+0000] {processor.py:914} INFO - Processing file /home/airflow/.local/lib/python3.12/site-packages/airflow/example_dags/example_python_operator.py for tasks to queue
[2024-09-22T23:54:04.862+0000] {logging_mixin.py:190} INFO - [2024-09-22T23:54:04.861+0000] {dagbag.py:587} INFO - Filling up the DagBag from /home/airflow/.local/lib/python3.12/site-packages/airflow/example_dags/example_python_operator.py
[2024-09-22T23:54:04.886+0000] {processor.py:925} INFO - DAG(s) 'example_python_operator' retrieved from /home/airflow/.local/lib/python3.12/site-packages/airflow/example_dags/example_python_operator.py
[2024-09-22T23:54:04.919+0000] {logging_mixin.py:190} INFO - [2024-09-22T23:54:04.918+0000] {dag.py:3229} INFO - Sync 1 DAGs
[2024-09-22T23:54:04.940+0000] {logging_mixin.py:190} INFO - [2024-09-22T23:54:04.939+0000] {dag.py:4156} INFO - Setting next_dagrun for example_python_operator to None, run_after=None
[2024-09-22T23:54:04.965+0000] {processor.py:208} INFO - Processing /home/airflow/.local/lib/python3.12/site-packages/airflow/example_dags/example_python_operator.py took 0.123 seconds
[2024-09-22T23:54:35.402+0000] {processor.py:186} INFO - Started process (PID=1037) to work on /home/airflow/.local/lib/python3.12/site-packages/airflow/example_dags/example_python_operator.py
[2024-09-22T23:54:35.404+0000] {processor.py:914} INFO - Processing file /home/airflow/.local/lib/python3.12/site-packages/airflow/example_dags/example_python_operator.py for tasks to queue
[2024-09-22T23:54:35.408+0000] {logging_mixin.py:190} INFO - [2024-09-22T23:54:35.407+0000] {dagbag.py:587} INFO - Filling up the DagBag from /home/airflow/.local/lib/python3.12/site-packages/airflow/example_dags/example_python_operator.py
[2024-09-22T23:54:35.436+0000] {processor.py:925} INFO - DAG(s) 'example_python_operator' retrieved from /home/airflow/.local/lib/python3.12/site-packages/airflow/example_dags/example_python_operator.py
[2024-09-22T23:54:35.469+0000] {logging_mixin.py:190} INFO - [2024-09-22T23:54:35.469+0000] {dag.py:3229} INFO - Sync 1 DAGs
[2024-09-22T23:54:35.500+0000] {logging_mixin.py:190} INFO - [2024-09-22T23:54:35.500+0000] {dag.py:4156} INFO - Setting next_dagrun for example_python_operator to None, run_after=None
[2024-09-22T23:54:35.535+0000] {processor.py:208} INFO - Processing /home/airflow/.local/lib/python3.12/site-packages/airflow/example_dags/example_python_operator.py took 0.143 seconds
[2024-09-22T23:55:06.385+0000] {processor.py:186} INFO - Started process (PID=1100) to work on /home/airflow/.local/lib/python3.12/site-packages/airflow/example_dags/example_python_operator.py
[2024-09-22T23:55:06.387+0000] {processor.py:914} INFO - Processing file /home/airflow/.local/lib/python3.12/site-packages/airflow/example_dags/example_python_operator.py for tasks to queue
[2024-09-22T23:55:06.390+0000] {logging_mixin.py:190} INFO - [2024-09-22T23:55:06.390+0000] {dagbag.py:587} INFO - Filling up the DagBag from /home/airflow/.local/lib/python3.12/site-packages/airflow/example_dags/example_python_operator.py
[2024-09-22T23:55:06.413+0000] {processor.py:925} INFO - DAG(s) 'example_python_operator' retrieved from /home/airflow/.local/lib/python3.12/site-packages/airflow/example_dags/example_python_operator.py
[2024-09-22T23:55:06.446+0000] {logging_mixin.py:190} INFO - [2024-09-22T23:55:06.445+0000] {dag.py:3229} INFO - Sync 1 DAGs
[2024-09-22T23:55:06.470+0000] {logging_mixin.py:190} INFO - [2024-09-22T23:55:06.470+0000] {dag.py:4156} INFO - Setting next_dagrun for example_python_operator to None, run_after=None
[2024-09-22T23:55:06.495+0000] {processor.py:208} INFO - Processing /home/airflow/.local/lib/python3.12/site-packages/airflow/example_dags/example_python_operator.py took 0.120 seconds
[2024-09-22T23:55:36.701+0000] {processor.py:186} INFO - Started process (PID=1162) to work on /home/airflow/.local/lib/python3.12/site-packages/airflow/example_dags/example_python_operator.py
[2024-09-22T23:55:36.703+0000] {processor.py:914} INFO - Processing file /home/airflow/.local/lib/python3.12/site-packages/airflow/example_dags/example_python_operator.py for tasks to queue
[2024-09-22T23:55:36.708+0000] {logging_mixin.py:190} INFO - [2024-09-22T23:55:36.707+0000] {dagbag.py:587} INFO - Filling up the DagBag from /home/airflow/.local/lib/python3.12/site-packages/airflow/example_dags/example_python_operator.py
[2024-09-22T23:55:36.742+0000] {processor.py:925} INFO - DAG(s) 'example_python_operator' retrieved from /home/airflow/.local/lib/python3.12/site-packages/airflow/example_dags/example_python_operator.py
[2024-09-22T23:55:36.776+0000] {logging_mixin.py:190} INFO - [2024-09-22T23:55:36.776+0000] {dag.py:3229} INFO - Sync 1 DAGs
[2024-09-22T23:55:36.802+0000] {logging_mixin.py:190} INFO - [2024-09-22T23:55:36.802+0000] {dag.py:4156} INFO - Setting next_dagrun for example_python_operator to None, run_after=None
[2024-09-22T23:55:36.829+0000] {processor.py:208} INFO - Processing /home/airflow/.local/lib/python3.12/site-packages/airflow/example_dags/example_python_operator.py took 0.142 seconds
[2024-09-22T23:58:03.105+0000] {processor.py:186} INFO - Started process (PID=90) to work on /home/airflow/.local/lib/python3.12/site-packages/airflow/example_dags/example_python_operator.py
[2024-09-22T23:58:03.108+0000] {processor.py:914} INFO - Processing file /home/airflow/.local/lib/python3.12/site-packages/airflow/example_dags/example_python_operator.py for tasks to queue
[2024-09-22T23:58:03.113+0000] {logging_mixin.py:190} INFO - [2024-09-22T23:58:03.113+0000] {dagbag.py:587} INFO - Filling up the DagBag from /home/airflow/.local/lib/python3.12/site-packages/airflow/example_dags/example_python_operator.py
[2024-09-22T23:58:03.148+0000] {processor.py:925} INFO - DAG(s) 'example_python_operator' retrieved from /home/airflow/.local/lib/python3.12/site-packages/airflow/example_dags/example_python_operator.py
[2024-09-22T23:58:03.428+0000] {logging_mixin.py:190} INFO - [2024-09-22T23:58:03.428+0000] {dag.py:3229} INFO - Sync 1 DAGs
[2024-09-22T23:58:03.455+0000] {logging_mixin.py:190} INFO - [2024-09-22T23:58:03.454+0000] {dag.py:4156} INFO - Setting next_dagrun for example_python_operator to None, run_after=None
[2024-09-22T23:58:03.492+0000] {processor.py:208} INFO - Processing /home/airflow/.local/lib/python3.12/site-packages/airflow/example_dags/example_python_operator.py took 0.404 seconds
[2024-09-22T23:58:34.126+0000] {processor.py:186} INFO - Started process (PID=153) to work on /home/airflow/.local/lib/python3.12/site-packages/airflow/example_dags/example_python_operator.py
[2024-09-22T23:58:34.127+0000] {processor.py:914} INFO - Processing file /home/airflow/.local/lib/python3.12/site-packages/airflow/example_dags/example_python_operator.py for tasks to queue
[2024-09-22T23:58:34.130+0000] {logging_mixin.py:190} INFO - [2024-09-22T23:58:34.130+0000] {dagbag.py:587} INFO - Filling up the DagBag from /home/airflow/.local/lib/python3.12/site-packages/airflow/example_dags/example_python_operator.py
[2024-09-22T23:58:34.154+0000] {processor.py:925} INFO - DAG(s) 'example_python_operator' retrieved from /home/airflow/.local/lib/python3.12/site-packages/airflow/example_dags/example_python_operator.py
[2024-09-22T23:58:34.195+0000] {logging_mixin.py:190} INFO - [2024-09-22T23:58:34.195+0000] {dag.py:3229} INFO - Sync 1 DAGs
[2024-09-22T23:58:34.218+0000] {logging_mixin.py:190} INFO - [2024-09-22T23:58:34.217+0000] {dag.py:4156} INFO - Setting next_dagrun for example_python_operator to None, run_after=None
[2024-09-22T23:58:34.247+0000] {processor.py:208} INFO - Processing /home/airflow/.local/lib/python3.12/site-packages/airflow/example_dags/example_python_operator.py took 0.131 seconds
[2024-09-22T23:59:04.997+0000] {processor.py:186} INFO - Started process (PID=216) to work on /home/airflow/.local/lib/python3.12/site-packages/airflow/example_dags/example_python_operator.py
[2024-09-22T23:59:04.999+0000] {processor.py:914} INFO - Processing file /home/airflow/.local/lib/python3.12/site-packages/airflow/example_dags/example_python_operator.py for tasks to queue
[2024-09-22T23:59:05.003+0000] {logging_mixin.py:190} INFO - [2024-09-22T23:59:05.002+0000] {dagbag.py:587} INFO - Filling up the DagBag from /home/airflow/.local/lib/python3.12/site-packages/airflow/example_dags/example_python_operator.py
[2024-09-22T23:59:05.031+0000] {processor.py:925} INFO - DAG(s) 'example_python_operator' retrieved from /home/airflow/.local/lib/python3.12/site-packages/airflow/example_dags/example_python_operator.py
[2024-09-22T23:59:05.061+0000] {logging_mixin.py:190} INFO - [2024-09-22T23:59:05.060+0000] {dag.py:3229} INFO - Sync 1 DAGs
[2024-09-22T23:59:05.081+0000] {logging_mixin.py:190} INFO - [2024-09-22T23:59:05.080+0000] {dag.py:4156} INFO - Setting next_dagrun for example_python_operator to None, run_after=None
[2024-09-22T23:59:05.104+0000] {processor.py:208} INFO - Processing /home/airflow/.local/lib/python3.12/site-packages/airflow/example_dags/example_python_operator.py took 0.118 seconds
[2024-09-22T23:59:35.611+0000] {processor.py:186} INFO - Started process (PID=279) to work on /home/airflow/.local/lib/python3.12/site-packages/airflow/example_dags/example_python_operator.py
[2024-09-22T23:59:35.613+0000] {processor.py:914} INFO - Processing file /home/airflow/.local/lib/python3.12/site-packages/airflow/example_dags/example_python_operator.py for tasks to queue
[2024-09-22T23:59:35.617+0000] {logging_mixin.py:190} INFO - [2024-09-22T23:59:35.616+0000] {dagbag.py:587} INFO - Filling up the DagBag from /home/airflow/.local/lib/python3.12/site-packages/airflow/example_dags/example_python_operator.py
[2024-09-22T23:59:35.643+0000] {processor.py:925} INFO - DAG(s) 'example_python_operator' retrieved from /home/airflow/.local/lib/python3.12/site-packages/airflow/example_dags/example_python_operator.py
[2024-09-22T23:59:35.674+0000] {logging_mixin.py:190} INFO - [2024-09-22T23:59:35.674+0000] {dag.py:3229} INFO - Sync 1 DAGs
[2024-09-22T23:59:35.694+0000] {logging_mixin.py:190} INFO - [2024-09-22T23:59:35.694+0000] {dag.py:4156} INFO - Setting next_dagrun for example_python_operator to None, run_after=None
[2024-09-22T23:59:35.719+0000] {processor.py:208} INFO - Processing /home/airflow/.local/lib/python3.12/site-packages/airflow/example_dags/example_python_operator.py took 0.119 seconds
