[2024-09-22T23:26:28.473+0000] {processor.py:186} INFO - Started process (PID=112) to work on /home/airflow/.local/lib/python3.12/site-packages/airflow/example_dags/example_branch_operator.py
[2024-09-22T23:26:28.474+0000] {processor.py:914} INFO - Processing file /home/airflow/.local/lib/python3.12/site-packages/airflow/example_dags/example_branch_operator.py for tasks to queue
[2024-09-22T23:26:28.478+0000] {logging_mixin.py:190} INFO - [2024-09-22T23:26:28.478+0000] {dagbag.py:587} INFO - Filling up the DagBag from /home/airflow/.local/lib/python3.12/site-packages/airflow/example_dags/example_branch_operator.py
[2024-09-22T23:26:28.522+0000] {processor.py:925} INFO - DAG(s) 'example_branch_operator' retrieved from /home/airflow/.local/lib/python3.12/site-packages/airflow/example_dags/example_branch_operator.py
[2024-09-22T23:26:28.827+0000] {logging_mixin.py:190} INFO - [2024-09-22T23:26:28.826+0000] {override.py:1900} INFO - Created Permission View: can edit on DAG:example_branch_operator
[2024-09-22T23:26:28.876+0000] {logging_mixin.py:190} INFO - [2024-09-22T23:26:28.875+0000] {override.py:1900} INFO - Created Permission View: can read on DAG:example_branch_operator
[2024-09-22T23:26:28.915+0000] {logging_mixin.py:190} INFO - [2024-09-22T23:26:28.915+0000] {override.py:1900} INFO - Created Permission View: can delete on DAG:example_branch_operator
[2024-09-22T23:26:28.948+0000] {logging_mixin.py:190} INFO - [2024-09-22T23:26:28.948+0000] {override.py:1900} INFO - Created Permission View: can create on DAG Run:example_branch_operator
[2024-09-22T23:26:28.973+0000] {logging_mixin.py:190} INFO - [2024-09-22T23:26:28.973+0000] {override.py:1900} INFO - Created Permission View: menu access on DAG Run:example_branch_operator
[2024-09-22T23:26:28.998+0000] {logging_mixin.py:190} INFO - [2024-09-22T23:26:28.997+0000] {override.py:1900} INFO - Created Permission View: can read on DAG Run:example_branch_operator
[2024-09-22T23:26:29.020+0000] {logging_mixin.py:190} INFO - [2024-09-22T23:26:29.019+0000] {override.py:1900} INFO - Created Permission View: can delete on DAG Run:example_branch_operator
[2024-09-22T23:26:29.020+0000] {logging_mixin.py:190} INFO - [2024-09-22T23:26:29.020+0000] {dag.py:3229} INFO - Sync 1 DAGs
[2024-09-22T23:26:29.070+0000] {logging_mixin.py:190} INFO - [2024-09-22T23:26:29.070+0000] {dag.py:3252} INFO - Creating ORM DAG for example_branch_operator
[2024-09-22T23:26:29.103+0000] {logging_mixin.py:190} INFO - [2024-09-22T23:26:29.101+0000] {dag.py:4156} INFO - Setting next_dagrun for example_branch_operator to 2024-09-21 00:00:00+00:00, run_after=2024-09-22 00:00:00+00:00
[2024-09-22T23:26:29.151+0000] {processor.py:208} INFO - Processing /home/airflow/.local/lib/python3.12/site-packages/airflow/example_dags/example_branch_operator.py took 0.691 seconds
[2024-09-22T23:26:59.255+0000] {processor.py:186} INFO - Started process (PID=174) to work on /home/airflow/.local/lib/python3.12/site-packages/airflow/example_dags/example_branch_operator.py
[2024-09-22T23:26:59.256+0000] {processor.py:914} INFO - Processing file /home/airflow/.local/lib/python3.12/site-packages/airflow/example_dags/example_branch_operator.py for tasks to queue
[2024-09-22T23:26:59.260+0000] {logging_mixin.py:190} INFO - [2024-09-22T23:26:59.260+0000] {dagbag.py:587} INFO - Filling up the DagBag from /home/airflow/.local/lib/python3.12/site-packages/airflow/example_dags/example_branch_operator.py
[2024-09-22T23:26:59.301+0000] {processor.py:925} INFO - DAG(s) 'example_branch_operator' retrieved from /home/airflow/.local/lib/python3.12/site-packages/airflow/example_dags/example_branch_operator.py
[2024-09-22T23:26:59.355+0000] {logging_mixin.py:190} INFO - [2024-09-22T23:26:59.355+0000] {dag.py:3229} INFO - Sync 1 DAGs
[2024-09-22T23:26:59.397+0000] {logging_mixin.py:190} INFO - [2024-09-22T23:26:59.397+0000] {dag.py:4156} INFO - Setting next_dagrun for example_branch_operator to 2024-09-21 00:00:00+00:00, run_after=2024-09-22 00:00:00+00:00
[2024-09-22T23:26:59.427+0000] {processor.py:208} INFO - Processing /home/airflow/.local/lib/python3.12/site-packages/airflow/example_dags/example_branch_operator.py took 0.183 seconds
[2024-09-22T23:27:30.358+0000] {processor.py:186} INFO - Started process (PID=242) to work on /home/airflow/.local/lib/python3.12/site-packages/airflow/example_dags/example_branch_operator.py
[2024-09-22T23:27:30.362+0000] {processor.py:914} INFO - Processing file /home/airflow/.local/lib/python3.12/site-packages/airflow/example_dags/example_branch_operator.py for tasks to queue
[2024-09-22T23:27:30.365+0000] {logging_mixin.py:190} INFO - [2024-09-22T23:27:30.365+0000] {dagbag.py:587} INFO - Filling up the DagBag from /home/airflow/.local/lib/python3.12/site-packages/airflow/example_dags/example_branch_operator.py
[2024-09-22T23:27:30.395+0000] {processor.py:925} INFO - DAG(s) 'example_branch_operator' retrieved from /home/airflow/.local/lib/python3.12/site-packages/airflow/example_dags/example_branch_operator.py
[2024-09-22T23:27:30.446+0000] {logging_mixin.py:190} INFO - [2024-09-22T23:27:30.445+0000] {dag.py:3229} INFO - Sync 1 DAGs
[2024-09-22T23:27:30.487+0000] {logging_mixin.py:190} INFO - [2024-09-22T23:27:30.486+0000] {dag.py:4156} INFO - Setting next_dagrun for example_branch_operator to 2024-09-21 00:00:00+00:00, run_after=2024-09-22 00:00:00+00:00
[2024-09-22T23:27:30.512+0000] {processor.py:208} INFO - Processing /home/airflow/.local/lib/python3.12/site-packages/airflow/example_dags/example_branch_operator.py took 0.164 seconds
[2024-09-22T23:28:00.836+0000] {processor.py:186} INFO - Started process (PID=304) to work on /home/airflow/.local/lib/python3.12/site-packages/airflow/example_dags/example_branch_operator.py
[2024-09-22T23:28:00.837+0000] {processor.py:914} INFO - Processing file /home/airflow/.local/lib/python3.12/site-packages/airflow/example_dags/example_branch_operator.py for tasks to queue
[2024-09-22T23:28:00.840+0000] {logging_mixin.py:190} INFO - [2024-09-22T23:28:00.840+0000] {dagbag.py:587} INFO - Filling up the DagBag from /home/airflow/.local/lib/python3.12/site-packages/airflow/example_dags/example_branch_operator.py
[2024-09-22T23:28:00.874+0000] {processor.py:925} INFO - DAG(s) 'example_branch_operator' retrieved from /home/airflow/.local/lib/python3.12/site-packages/airflow/example_dags/example_branch_operator.py
[2024-09-22T23:28:00.913+0000] {logging_mixin.py:190} INFO - [2024-09-22T23:28:00.912+0000] {dag.py:3229} INFO - Sync 1 DAGs
[2024-09-22T23:28:00.947+0000] {logging_mixin.py:190} INFO - [2024-09-22T23:28:00.947+0000] {dag.py:4156} INFO - Setting next_dagrun for example_branch_operator to 2024-09-21 00:00:00+00:00, run_after=2024-09-22 00:00:00+00:00
[2024-09-22T23:28:00.972+0000] {processor.py:208} INFO - Processing /home/airflow/.local/lib/python3.12/site-packages/airflow/example_dags/example_branch_operator.py took 0.146 seconds
[2024-09-22T23:28:31.014+0000] {processor.py:186} INFO - Started process (PID=365) to work on /home/airflow/.local/lib/python3.12/site-packages/airflow/example_dags/example_branch_operator.py
[2024-09-22T23:28:31.016+0000] {processor.py:914} INFO - Processing file /home/airflow/.local/lib/python3.12/site-packages/airflow/example_dags/example_branch_operator.py for tasks to queue
[2024-09-22T23:28:31.019+0000] {logging_mixin.py:190} INFO - [2024-09-22T23:28:31.019+0000] {dagbag.py:587} INFO - Filling up the DagBag from /home/airflow/.local/lib/python3.12/site-packages/airflow/example_dags/example_branch_operator.py
[2024-09-22T23:28:31.051+0000] {processor.py:925} INFO - DAG(s) 'example_branch_operator' retrieved from /home/airflow/.local/lib/python3.12/site-packages/airflow/example_dags/example_branch_operator.py
[2024-09-22T23:28:31.095+0000] {logging_mixin.py:190} INFO - [2024-09-22T23:28:31.095+0000] {dag.py:3229} INFO - Sync 1 DAGs
[2024-09-22T23:28:31.129+0000] {logging_mixin.py:190} INFO - [2024-09-22T23:28:31.129+0000] {dag.py:4156} INFO - Setting next_dagrun for example_branch_operator to 2024-09-21 00:00:00+00:00, run_after=2024-09-22 00:00:00+00:00
[2024-09-22T23:28:31.157+0000] {processor.py:208} INFO - Processing /home/airflow/.local/lib/python3.12/site-packages/airflow/example_dags/example_branch_operator.py took 0.152 seconds
[2024-09-22T23:29:01.715+0000] {processor.py:186} INFO - Started process (PID=427) to work on /home/airflow/.local/lib/python3.12/site-packages/airflow/example_dags/example_branch_operator.py
[2024-09-22T23:29:01.717+0000] {processor.py:914} INFO - Processing file /home/airflow/.local/lib/python3.12/site-packages/airflow/example_dags/example_branch_operator.py for tasks to queue
[2024-09-22T23:29:01.720+0000] {logging_mixin.py:190} INFO - [2024-09-22T23:29:01.719+0000] {dagbag.py:587} INFO - Filling up the DagBag from /home/airflow/.local/lib/python3.12/site-packages/airflow/example_dags/example_branch_operator.py
[2024-09-22T23:29:01.749+0000] {processor.py:925} INFO - DAG(s) 'example_branch_operator' retrieved from /home/airflow/.local/lib/python3.12/site-packages/airflow/example_dags/example_branch_operator.py
[2024-09-22T23:29:01.788+0000] {logging_mixin.py:190} INFO - [2024-09-22T23:29:01.788+0000] {dag.py:3229} INFO - Sync 1 DAGs
[2024-09-22T23:29:01.822+0000] {logging_mixin.py:190} INFO - [2024-09-22T23:29:01.822+0000] {dag.py:4156} INFO - Setting next_dagrun for example_branch_operator to 2024-09-21 00:00:00+00:00, run_after=2024-09-22 00:00:00+00:00
[2024-09-22T23:29:01.847+0000] {processor.py:208} INFO - Processing /home/airflow/.local/lib/python3.12/site-packages/airflow/example_dags/example_branch_operator.py took 0.141 seconds
[2024-09-22T23:29:32.163+0000] {processor.py:186} INFO - Started process (PID=489) to work on /home/airflow/.local/lib/python3.12/site-packages/airflow/example_dags/example_branch_operator.py
[2024-09-22T23:29:32.165+0000] {processor.py:914} INFO - Processing file /home/airflow/.local/lib/python3.12/site-packages/airflow/example_dags/example_branch_operator.py for tasks to queue
[2024-09-22T23:29:32.169+0000] {logging_mixin.py:190} INFO - [2024-09-22T23:29:32.168+0000] {dagbag.py:587} INFO - Filling up the DagBag from /home/airflow/.local/lib/python3.12/site-packages/airflow/example_dags/example_branch_operator.py
[2024-09-22T23:29:32.200+0000] {processor.py:925} INFO - DAG(s) 'example_branch_operator' retrieved from /home/airflow/.local/lib/python3.12/site-packages/airflow/example_dags/example_branch_operator.py
[2024-09-22T23:29:32.238+0000] {logging_mixin.py:190} INFO - [2024-09-22T23:29:32.238+0000] {dag.py:3229} INFO - Sync 1 DAGs
[2024-09-22T23:29:32.274+0000] {logging_mixin.py:190} INFO - [2024-09-22T23:29:32.274+0000] {dag.py:4156} INFO - Setting next_dagrun for example_branch_operator to 2024-09-21 00:00:00+00:00, run_after=2024-09-22 00:00:00+00:00
[2024-09-22T23:29:32.301+0000] {processor.py:208} INFO - Processing /home/airflow/.local/lib/python3.12/site-packages/airflow/example_dags/example_branch_operator.py took 0.148 seconds
[2024-09-22T23:30:03.371+0000] {processor.py:186} INFO - Started process (PID=552) to work on /home/airflow/.local/lib/python3.12/site-packages/airflow/example_dags/example_branch_operator.py
[2024-09-22T23:30:03.372+0000] {processor.py:914} INFO - Processing file /home/airflow/.local/lib/python3.12/site-packages/airflow/example_dags/example_branch_operator.py for tasks to queue
[2024-09-22T23:30:03.376+0000] {logging_mixin.py:190} INFO - [2024-09-22T23:30:03.375+0000] {dagbag.py:587} INFO - Filling up the DagBag from /home/airflow/.local/lib/python3.12/site-packages/airflow/example_dags/example_branch_operator.py
[2024-09-22T23:30:03.408+0000] {processor.py:925} INFO - DAG(s) 'example_branch_operator' retrieved from /home/airflow/.local/lib/python3.12/site-packages/airflow/example_dags/example_branch_operator.py
[2024-09-22T23:30:03.450+0000] {logging_mixin.py:190} INFO - [2024-09-22T23:30:03.450+0000] {dag.py:3229} INFO - Sync 1 DAGs
[2024-09-22T23:30:03.493+0000] {logging_mixin.py:190} INFO - [2024-09-22T23:30:03.492+0000] {dag.py:4156} INFO - Setting next_dagrun for example_branch_operator to 2024-09-21 00:00:00+00:00, run_after=2024-09-22 00:00:00+00:00
[2024-09-22T23:30:03.530+0000] {processor.py:208} INFO - Processing /home/airflow/.local/lib/python3.12/site-packages/airflow/example_dags/example_branch_operator.py took 0.168 seconds
[2024-09-22T23:30:34.675+0000] {processor.py:186} INFO - Started process (PID=614) to work on /home/airflow/.local/lib/python3.12/site-packages/airflow/example_dags/example_branch_operator.py
[2024-09-22T23:30:34.677+0000] {processor.py:914} INFO - Processing file /home/airflow/.local/lib/python3.12/site-packages/airflow/example_dags/example_branch_operator.py for tasks to queue
[2024-09-22T23:30:34.680+0000] {logging_mixin.py:190} INFO - [2024-09-22T23:30:34.680+0000] {dagbag.py:587} INFO - Filling up the DagBag from /home/airflow/.local/lib/python3.12/site-packages/airflow/example_dags/example_branch_operator.py
[2024-09-22T23:30:34.710+0000] {processor.py:925} INFO - DAG(s) 'example_branch_operator' retrieved from /home/airflow/.local/lib/python3.12/site-packages/airflow/example_dags/example_branch_operator.py
[2024-09-22T23:30:34.750+0000] {logging_mixin.py:190} INFO - [2024-09-22T23:30:34.750+0000] {dag.py:3229} INFO - Sync 1 DAGs
[2024-09-22T23:30:34.788+0000] {logging_mixin.py:190} INFO - [2024-09-22T23:30:34.788+0000] {dag.py:4156} INFO - Setting next_dagrun for example_branch_operator to 2024-09-21 00:00:00+00:00, run_after=2024-09-22 00:00:00+00:00
[2024-09-22T23:30:34.816+0000] {processor.py:208} INFO - Processing /home/airflow/.local/lib/python3.12/site-packages/airflow/example_dags/example_branch_operator.py took 0.151 seconds
[2024-09-22T23:31:05.805+0000] {processor.py:186} INFO - Started process (PID=676) to work on /home/airflow/.local/lib/python3.12/site-packages/airflow/example_dags/example_branch_operator.py
[2024-09-22T23:31:05.807+0000] {processor.py:914} INFO - Processing file /home/airflow/.local/lib/python3.12/site-packages/airflow/example_dags/example_branch_operator.py for tasks to queue
[2024-09-22T23:31:05.811+0000] {logging_mixin.py:190} INFO - [2024-09-22T23:31:05.810+0000] {dagbag.py:587} INFO - Filling up the DagBag from /home/airflow/.local/lib/python3.12/site-packages/airflow/example_dags/example_branch_operator.py
[2024-09-22T23:31:05.855+0000] {processor.py:925} INFO - DAG(s) 'example_branch_operator' retrieved from /home/airflow/.local/lib/python3.12/site-packages/airflow/example_dags/example_branch_operator.py
[2024-09-22T23:31:05.911+0000] {logging_mixin.py:190} INFO - [2024-09-22T23:31:05.910+0000] {dag.py:3229} INFO - Sync 1 DAGs
[2024-09-22T23:31:05.959+0000] {logging_mixin.py:190} INFO - [2024-09-22T23:31:05.958+0000] {dag.py:4156} INFO - Setting next_dagrun for example_branch_operator to 2024-09-21 00:00:00+00:00, run_after=2024-09-22 00:00:00+00:00
[2024-09-22T23:31:05.991+0000] {processor.py:208} INFO - Processing /home/airflow/.local/lib/python3.12/site-packages/airflow/example_dags/example_branch_operator.py took 0.199 seconds
[2024-09-22T23:31:36.701+0000] {processor.py:186} INFO - Started process (PID=738) to work on /home/airflow/.local/lib/python3.12/site-packages/airflow/example_dags/example_branch_operator.py
[2024-09-22T23:31:36.704+0000] {processor.py:914} INFO - Processing file /home/airflow/.local/lib/python3.12/site-packages/airflow/example_dags/example_branch_operator.py for tasks to queue
[2024-09-22T23:31:36.707+0000] {logging_mixin.py:190} INFO - [2024-09-22T23:31:36.706+0000] {dagbag.py:587} INFO - Filling up the DagBag from /home/airflow/.local/lib/python3.12/site-packages/airflow/example_dags/example_branch_operator.py
[2024-09-22T23:31:36.739+0000] {processor.py:925} INFO - DAG(s) 'example_branch_operator' retrieved from /home/airflow/.local/lib/python3.12/site-packages/airflow/example_dags/example_branch_operator.py
[2024-09-22T23:31:36.789+0000] {logging_mixin.py:190} INFO - [2024-09-22T23:31:36.789+0000] {dag.py:3229} INFO - Sync 1 DAGs
[2024-09-22T23:31:36.825+0000] {logging_mixin.py:190} INFO - [2024-09-22T23:31:36.825+0000] {dag.py:4156} INFO - Setting next_dagrun for example_branch_operator to 2024-09-21 00:00:00+00:00, run_after=2024-09-22 00:00:00+00:00
[2024-09-22T23:31:36.853+0000] {processor.py:208} INFO - Processing /home/airflow/.local/lib/python3.12/site-packages/airflow/example_dags/example_branch_operator.py took 0.161 seconds
[2024-09-22T23:32:08.145+0000] {processor.py:186} INFO - Started process (PID=801) to work on /home/airflow/.local/lib/python3.12/site-packages/airflow/example_dags/example_branch_operator.py
[2024-09-22T23:32:08.147+0000] {processor.py:914} INFO - Processing file /home/airflow/.local/lib/python3.12/site-packages/airflow/example_dags/example_branch_operator.py for tasks to queue
[2024-09-22T23:32:08.150+0000] {logging_mixin.py:190} INFO - [2024-09-22T23:32:08.150+0000] {dagbag.py:587} INFO - Filling up the DagBag from /home/airflow/.local/lib/python3.12/site-packages/airflow/example_dags/example_branch_operator.py
[2024-09-22T23:32:08.183+0000] {processor.py:925} INFO - DAG(s) 'example_branch_operator' retrieved from /home/airflow/.local/lib/python3.12/site-packages/airflow/example_dags/example_branch_operator.py
[2024-09-22T23:32:08.226+0000] {logging_mixin.py:190} INFO - [2024-09-22T23:32:08.226+0000] {dag.py:3229} INFO - Sync 1 DAGs
[2024-09-22T23:32:08.262+0000] {logging_mixin.py:190} INFO - [2024-09-22T23:32:08.262+0000] {dag.py:4156} INFO - Setting next_dagrun for example_branch_operator to 2024-09-21 00:00:00+00:00, run_after=2024-09-22 00:00:00+00:00
[2024-09-22T23:32:08.289+0000] {processor.py:208} INFO - Processing /home/airflow/.local/lib/python3.12/site-packages/airflow/example_dags/example_branch_operator.py took 0.153 seconds
[2024-09-22T23:32:38.985+0000] {processor.py:186} INFO - Started process (PID=864) to work on /home/airflow/.local/lib/python3.12/site-packages/airflow/example_dags/example_branch_operator.py
[2024-09-22T23:32:38.987+0000] {processor.py:914} INFO - Processing file /home/airflow/.local/lib/python3.12/site-packages/airflow/example_dags/example_branch_operator.py for tasks to queue
[2024-09-22T23:32:38.991+0000] {logging_mixin.py:190} INFO - [2024-09-22T23:32:38.990+0000] {dagbag.py:587} INFO - Filling up the DagBag from /home/airflow/.local/lib/python3.12/site-packages/airflow/example_dags/example_branch_operator.py
[2024-09-22T23:32:39.022+0000] {processor.py:925} INFO - DAG(s) 'example_branch_operator' retrieved from /home/airflow/.local/lib/python3.12/site-packages/airflow/example_dags/example_branch_operator.py
[2024-09-22T23:32:39.061+0000] {logging_mixin.py:190} INFO - [2024-09-22T23:32:39.061+0000] {dag.py:3229} INFO - Sync 1 DAGs
[2024-09-22T23:32:39.096+0000] {logging_mixin.py:190} INFO - [2024-09-22T23:32:39.095+0000] {dag.py:4156} INFO - Setting next_dagrun for example_branch_operator to 2024-09-21 00:00:00+00:00, run_after=2024-09-22 00:00:00+00:00
[2024-09-22T23:32:39.120+0000] {processor.py:208} INFO - Processing /home/airflow/.local/lib/python3.12/site-packages/airflow/example_dags/example_branch_operator.py took 0.144 seconds
[2024-09-22T23:33:10.208+0000] {processor.py:186} INFO - Started process (PID=927) to work on /home/airflow/.local/lib/python3.12/site-packages/airflow/example_dags/example_branch_operator.py
[2024-09-22T23:33:10.210+0000] {processor.py:914} INFO - Processing file /home/airflow/.local/lib/python3.12/site-packages/airflow/example_dags/example_branch_operator.py for tasks to queue
[2024-09-22T23:33:10.214+0000] {logging_mixin.py:190} INFO - [2024-09-22T23:33:10.214+0000] {dagbag.py:587} INFO - Filling up the DagBag from /home/airflow/.local/lib/python3.12/site-packages/airflow/example_dags/example_branch_operator.py
[2024-09-22T23:33:10.247+0000] {processor.py:925} INFO - DAG(s) 'example_branch_operator' retrieved from /home/airflow/.local/lib/python3.12/site-packages/airflow/example_dags/example_branch_operator.py
[2024-09-22T23:33:10.295+0000] {logging_mixin.py:190} INFO - [2024-09-22T23:33:10.295+0000] {dag.py:3229} INFO - Sync 1 DAGs
[2024-09-22T23:33:10.329+0000] {logging_mixin.py:190} INFO - [2024-09-22T23:33:10.328+0000] {dag.py:4156} INFO - Setting next_dagrun for example_branch_operator to 2024-09-21 00:00:00+00:00, run_after=2024-09-22 00:00:00+00:00
[2024-09-22T23:33:10.354+0000] {processor.py:208} INFO - Processing /home/airflow/.local/lib/python3.12/site-packages/airflow/example_dags/example_branch_operator.py took 0.155 seconds
[2024-09-22T23:33:41.291+0000] {processor.py:186} INFO - Started process (PID=990) to work on /home/airflow/.local/lib/python3.12/site-packages/airflow/example_dags/example_branch_operator.py
[2024-09-22T23:33:41.293+0000] {processor.py:914} INFO - Processing file /home/airflow/.local/lib/python3.12/site-packages/airflow/example_dags/example_branch_operator.py for tasks to queue
[2024-09-22T23:33:41.297+0000] {logging_mixin.py:190} INFO - [2024-09-22T23:33:41.296+0000] {dagbag.py:587} INFO - Filling up the DagBag from /home/airflow/.local/lib/python3.12/site-packages/airflow/example_dags/example_branch_operator.py
[2024-09-22T23:33:41.327+0000] {processor.py:925} INFO - DAG(s) 'example_branch_operator' retrieved from /home/airflow/.local/lib/python3.12/site-packages/airflow/example_dags/example_branch_operator.py
[2024-09-22T23:33:41.365+0000] {logging_mixin.py:190} INFO - [2024-09-22T23:33:41.365+0000] {dag.py:3229} INFO - Sync 1 DAGs
[2024-09-22T23:33:41.398+0000] {logging_mixin.py:190} INFO - [2024-09-22T23:33:41.397+0000] {dag.py:4156} INFO - Setting next_dagrun for example_branch_operator to 2024-09-21 00:00:00+00:00, run_after=2024-09-22 00:00:00+00:00
[2024-09-22T23:33:41.424+0000] {processor.py:208} INFO - Processing /home/airflow/.local/lib/python3.12/site-packages/airflow/example_dags/example_branch_operator.py took 0.147 seconds
[2024-09-22T23:34:12.438+0000] {processor.py:186} INFO - Started process (PID=1053) to work on /home/airflow/.local/lib/python3.12/site-packages/airflow/example_dags/example_branch_operator.py
[2024-09-22T23:34:12.439+0000] {processor.py:914} INFO - Processing file /home/airflow/.local/lib/python3.12/site-packages/airflow/example_dags/example_branch_operator.py for tasks to queue
[2024-09-22T23:34:12.443+0000] {logging_mixin.py:190} INFO - [2024-09-22T23:34:12.442+0000] {dagbag.py:587} INFO - Filling up the DagBag from /home/airflow/.local/lib/python3.12/site-packages/airflow/example_dags/example_branch_operator.py
[2024-09-22T23:34:12.473+0000] {processor.py:925} INFO - DAG(s) 'example_branch_operator' retrieved from /home/airflow/.local/lib/python3.12/site-packages/airflow/example_dags/example_branch_operator.py
[2024-09-22T23:34:12.517+0000] {logging_mixin.py:190} INFO - [2024-09-22T23:34:12.517+0000] {dag.py:3229} INFO - Sync 1 DAGs
[2024-09-22T23:34:12.552+0000] {logging_mixin.py:190} INFO - [2024-09-22T23:34:12.552+0000] {dag.py:4156} INFO - Setting next_dagrun for example_branch_operator to 2024-09-21 00:00:00+00:00, run_after=2024-09-22 00:00:00+00:00
[2024-09-22T23:34:12.578+0000] {processor.py:208} INFO - Processing /home/airflow/.local/lib/python3.12/site-packages/airflow/example_dags/example_branch_operator.py took 0.151 seconds
[2024-09-22T23:34:43.784+0000] {processor.py:186} INFO - Started process (PID=1115) to work on /home/airflow/.local/lib/python3.12/site-packages/airflow/example_dags/example_branch_operator.py
[2024-09-22T23:34:43.786+0000] {processor.py:914} INFO - Processing file /home/airflow/.local/lib/python3.12/site-packages/airflow/example_dags/example_branch_operator.py for tasks to queue
[2024-09-22T23:34:43.789+0000] {logging_mixin.py:190} INFO - [2024-09-22T23:34:43.788+0000] {dagbag.py:587} INFO - Filling up the DagBag from /home/airflow/.local/lib/python3.12/site-packages/airflow/example_dags/example_branch_operator.py
[2024-09-22T23:34:43.819+0000] {processor.py:925} INFO - DAG(s) 'example_branch_operator' retrieved from /home/airflow/.local/lib/python3.12/site-packages/airflow/example_dags/example_branch_operator.py
[2024-09-22T23:34:43.857+0000] {logging_mixin.py:190} INFO - [2024-09-22T23:34:43.856+0000] {dag.py:3229} INFO - Sync 1 DAGs
[2024-09-22T23:34:43.890+0000] {logging_mixin.py:190} INFO - [2024-09-22T23:34:43.889+0000] {dag.py:4156} INFO - Setting next_dagrun for example_branch_operator to 2024-09-21 00:00:00+00:00, run_after=2024-09-22 00:00:00+00:00
[2024-09-22T23:34:43.915+0000] {processor.py:208} INFO - Processing /home/airflow/.local/lib/python3.12/site-packages/airflow/example_dags/example_branch_operator.py took 0.143 seconds
[2024-09-22T23:35:15.052+0000] {processor.py:186} INFO - Started process (PID=1179) to work on /home/airflow/.local/lib/python3.12/site-packages/airflow/example_dags/example_branch_operator.py
[2024-09-22T23:35:15.053+0000] {processor.py:914} INFO - Processing file /home/airflow/.local/lib/python3.12/site-packages/airflow/example_dags/example_branch_operator.py for tasks to queue
[2024-09-22T23:35:15.056+0000] {logging_mixin.py:190} INFO - [2024-09-22T23:35:15.056+0000] {dagbag.py:587} INFO - Filling up the DagBag from /home/airflow/.local/lib/python3.12/site-packages/airflow/example_dags/example_branch_operator.py
[2024-09-22T23:35:15.087+0000] {processor.py:925} INFO - DAG(s) 'example_branch_operator' retrieved from /home/airflow/.local/lib/python3.12/site-packages/airflow/example_dags/example_branch_operator.py
[2024-09-22T23:35:15.126+0000] {logging_mixin.py:190} INFO - [2024-09-22T23:35:15.126+0000] {dag.py:3229} INFO - Sync 1 DAGs
[2024-09-22T23:35:15.158+0000] {logging_mixin.py:190} INFO - [2024-09-22T23:35:15.158+0000] {dag.py:4156} INFO - Setting next_dagrun for example_branch_operator to 2024-09-21 00:00:00+00:00, run_after=2024-09-22 00:00:00+00:00
[2024-09-22T23:35:15.183+0000] {processor.py:208} INFO - Processing /home/airflow/.local/lib/python3.12/site-packages/airflow/example_dags/example_branch_operator.py took 0.141 seconds
[2024-09-22T23:35:46.522+0000] {processor.py:186} INFO - Started process (PID=1242) to work on /home/airflow/.local/lib/python3.12/site-packages/airflow/example_dags/example_branch_operator.py
[2024-09-22T23:35:46.524+0000] {processor.py:914} INFO - Processing file /home/airflow/.local/lib/python3.12/site-packages/airflow/example_dags/example_branch_operator.py for tasks to queue
[2024-09-22T23:35:46.527+0000] {logging_mixin.py:190} INFO - [2024-09-22T23:35:46.527+0000] {dagbag.py:587} INFO - Filling up the DagBag from /home/airflow/.local/lib/python3.12/site-packages/airflow/example_dags/example_branch_operator.py
[2024-09-22T23:35:46.557+0000] {processor.py:925} INFO - DAG(s) 'example_branch_operator' retrieved from /home/airflow/.local/lib/python3.12/site-packages/airflow/example_dags/example_branch_operator.py
[2024-09-22T23:35:46.595+0000] {logging_mixin.py:190} INFO - [2024-09-22T23:35:46.595+0000] {dag.py:3229} INFO - Sync 1 DAGs
[2024-09-22T23:35:46.635+0000] {logging_mixin.py:190} INFO - [2024-09-22T23:35:46.635+0000] {dag.py:4156} INFO - Setting next_dagrun for example_branch_operator to 2024-09-21 00:00:00+00:00, run_after=2024-09-22 00:00:00+00:00
[2024-09-22T23:35:46.664+0000] {processor.py:208} INFO - Processing /home/airflow/.local/lib/python3.12/site-packages/airflow/example_dags/example_branch_operator.py took 0.151 seconds
[2024-09-22T23:36:17.845+0000] {processor.py:186} INFO - Started process (PID=1305) to work on /home/airflow/.local/lib/python3.12/site-packages/airflow/example_dags/example_branch_operator.py
[2024-09-22T23:36:17.847+0000] {processor.py:914} INFO - Processing file /home/airflow/.local/lib/python3.12/site-packages/airflow/example_dags/example_branch_operator.py for tasks to queue
[2024-09-22T23:36:17.851+0000] {logging_mixin.py:190} INFO - [2024-09-22T23:36:17.850+0000] {dagbag.py:587} INFO - Filling up the DagBag from /home/airflow/.local/lib/python3.12/site-packages/airflow/example_dags/example_branch_operator.py
[2024-09-22T23:36:17.887+0000] {processor.py:925} INFO - DAG(s) 'example_branch_operator' retrieved from /home/airflow/.local/lib/python3.12/site-packages/airflow/example_dags/example_branch_operator.py
[2024-09-22T23:36:17.935+0000] {logging_mixin.py:190} INFO - [2024-09-22T23:36:17.934+0000] {dag.py:3229} INFO - Sync 1 DAGs
[2024-09-22T23:36:17.966+0000] {logging_mixin.py:190} INFO - [2024-09-22T23:36:17.966+0000] {dag.py:4156} INFO - Setting next_dagrun for example_branch_operator to 2024-09-21 00:00:00+00:00, run_after=2024-09-22 00:00:00+00:00
[2024-09-22T23:36:17.990+0000] {processor.py:208} INFO - Processing /home/airflow/.local/lib/python3.12/site-packages/airflow/example_dags/example_branch_operator.py took 0.154 seconds
[2024-09-22T23:36:48.978+0000] {processor.py:186} INFO - Started process (PID=1368) to work on /home/airflow/.local/lib/python3.12/site-packages/airflow/example_dags/example_branch_operator.py
[2024-09-22T23:36:48.979+0000] {processor.py:914} INFO - Processing file /home/airflow/.local/lib/python3.12/site-packages/airflow/example_dags/example_branch_operator.py for tasks to queue
[2024-09-22T23:36:48.983+0000] {logging_mixin.py:190} INFO - [2024-09-22T23:36:48.982+0000] {dagbag.py:587} INFO - Filling up the DagBag from /home/airflow/.local/lib/python3.12/site-packages/airflow/example_dags/example_branch_operator.py
[2024-09-22T23:36:49.021+0000] {processor.py:925} INFO - DAG(s) 'example_branch_operator' retrieved from /home/airflow/.local/lib/python3.12/site-packages/airflow/example_dags/example_branch_operator.py
[2024-09-22T23:36:49.071+0000] {logging_mixin.py:190} INFO - [2024-09-22T23:36:49.071+0000] {dag.py:3229} INFO - Sync 1 DAGs
[2024-09-22T23:36:49.107+0000] {logging_mixin.py:190} INFO - [2024-09-22T23:36:49.107+0000] {dag.py:4156} INFO - Setting next_dagrun for example_branch_operator to 2024-09-21 00:00:00+00:00, run_after=2024-09-22 00:00:00+00:00
[2024-09-22T23:36:49.134+0000] {processor.py:208} INFO - Processing /home/airflow/.local/lib/python3.12/site-packages/airflow/example_dags/example_branch_operator.py took 0.165 seconds
[2024-09-22T23:37:20.681+0000] {processor.py:186} INFO - Started process (PID=1432) to work on /home/airflow/.local/lib/python3.12/site-packages/airflow/example_dags/example_branch_operator.py
[2024-09-22T23:37:20.683+0000] {processor.py:914} INFO - Processing file /home/airflow/.local/lib/python3.12/site-packages/airflow/example_dags/example_branch_operator.py for tasks to queue
[2024-09-22T23:37:20.687+0000] {logging_mixin.py:190} INFO - [2024-09-22T23:37:20.686+0000] {dagbag.py:587} INFO - Filling up the DagBag from /home/airflow/.local/lib/python3.12/site-packages/airflow/example_dags/example_branch_operator.py
[2024-09-22T23:37:20.719+0000] {processor.py:925} INFO - DAG(s) 'example_branch_operator' retrieved from /home/airflow/.local/lib/python3.12/site-packages/airflow/example_dags/example_branch_operator.py
[2024-09-22T23:37:20.759+0000] {logging_mixin.py:190} INFO - [2024-09-22T23:37:20.759+0000] {dag.py:3229} INFO - Sync 1 DAGs
[2024-09-22T23:37:20.794+0000] {logging_mixin.py:190} INFO - [2024-09-22T23:37:20.793+0000] {dag.py:4156} INFO - Setting next_dagrun for example_branch_operator to 2024-09-21 00:00:00+00:00, run_after=2024-09-22 00:00:00+00:00
[2024-09-22T23:37:20.817+0000] {processor.py:208} INFO - Processing /home/airflow/.local/lib/python3.12/site-packages/airflow/example_dags/example_branch_operator.py took 0.145 seconds
[2024-09-22T23:37:51.921+0000] {processor.py:186} INFO - Started process (PID=1495) to work on /home/airflow/.local/lib/python3.12/site-packages/airflow/example_dags/example_branch_operator.py
[2024-09-22T23:37:51.923+0000] {processor.py:914} INFO - Processing file /home/airflow/.local/lib/python3.12/site-packages/airflow/example_dags/example_branch_operator.py for tasks to queue
[2024-09-22T23:37:51.927+0000] {logging_mixin.py:190} INFO - [2024-09-22T23:37:51.927+0000] {dagbag.py:587} INFO - Filling up the DagBag from /home/airflow/.local/lib/python3.12/site-packages/airflow/example_dags/example_branch_operator.py
[2024-09-22T23:37:51.963+0000] {processor.py:925} INFO - DAG(s) 'example_branch_operator' retrieved from /home/airflow/.local/lib/python3.12/site-packages/airflow/example_dags/example_branch_operator.py
[2024-09-22T23:37:52.019+0000] {logging_mixin.py:190} INFO - [2024-09-22T23:37:52.019+0000] {dag.py:3229} INFO - Sync 1 DAGs
[2024-09-22T23:37:52.068+0000] {logging_mixin.py:190} INFO - [2024-09-22T23:37:52.068+0000] {dag.py:4156} INFO - Setting next_dagrun for example_branch_operator to 2024-09-21 00:00:00+00:00, run_after=2024-09-22 00:00:00+00:00
[2024-09-22T23:37:52.100+0000] {processor.py:208} INFO - Processing /home/airflow/.local/lib/python3.12/site-packages/airflow/example_dags/example_branch_operator.py took 0.190 seconds
[2024-09-22T23:38:23.275+0000] {processor.py:186} INFO - Started process (PID=1558) to work on /home/airflow/.local/lib/python3.12/site-packages/airflow/example_dags/example_branch_operator.py
[2024-09-22T23:38:23.277+0000] {processor.py:914} INFO - Processing file /home/airflow/.local/lib/python3.12/site-packages/airflow/example_dags/example_branch_operator.py for tasks to queue
[2024-09-22T23:38:23.280+0000] {logging_mixin.py:190} INFO - [2024-09-22T23:38:23.280+0000] {dagbag.py:587} INFO - Filling up the DagBag from /home/airflow/.local/lib/python3.12/site-packages/airflow/example_dags/example_branch_operator.py
[2024-09-22T23:38:23.318+0000] {processor.py:925} INFO - DAG(s) 'example_branch_operator' retrieved from /home/airflow/.local/lib/python3.12/site-packages/airflow/example_dags/example_branch_operator.py
[2024-09-22T23:38:23.360+0000] {logging_mixin.py:190} INFO - [2024-09-22T23:38:23.359+0000] {dag.py:3229} INFO - Sync 1 DAGs
[2024-09-22T23:38:23.397+0000] {logging_mixin.py:190} INFO - [2024-09-22T23:38:23.397+0000] {dag.py:4156} INFO - Setting next_dagrun for example_branch_operator to 2024-09-21 00:00:00+00:00, run_after=2024-09-22 00:00:00+00:00
[2024-09-22T23:38:23.425+0000] {processor.py:208} INFO - Processing /home/airflow/.local/lib/python3.12/site-packages/airflow/example_dags/example_branch_operator.py took 0.160 seconds
[2024-09-22T23:38:54.198+0000] {processor.py:186} INFO - Started process (PID=1624) to work on /home/airflow/.local/lib/python3.12/site-packages/airflow/example_dags/example_branch_operator.py
[2024-09-22T23:38:54.200+0000] {processor.py:914} INFO - Processing file /home/airflow/.local/lib/python3.12/site-packages/airflow/example_dags/example_branch_operator.py for tasks to queue
[2024-09-22T23:38:54.203+0000] {logging_mixin.py:190} INFO - [2024-09-22T23:38:54.202+0000] {dagbag.py:587} INFO - Filling up the DagBag from /home/airflow/.local/lib/python3.12/site-packages/airflow/example_dags/example_branch_operator.py
[2024-09-22T23:38:54.233+0000] {processor.py:925} INFO - DAG(s) 'example_branch_operator' retrieved from /home/airflow/.local/lib/python3.12/site-packages/airflow/example_dags/example_branch_operator.py
[2024-09-22T23:38:54.277+0000] {logging_mixin.py:190} INFO - [2024-09-22T23:38:54.277+0000] {dag.py:3229} INFO - Sync 1 DAGs
[2024-09-22T23:38:54.313+0000] {logging_mixin.py:190} INFO - [2024-09-22T23:38:54.312+0000] {dag.py:4156} INFO - Setting next_dagrun for example_branch_operator to 2024-09-21 00:00:00+00:00, run_after=2024-09-22 00:00:00+00:00
[2024-09-22T23:38:54.340+0000] {processor.py:208} INFO - Processing /home/airflow/.local/lib/python3.12/site-packages/airflow/example_dags/example_branch_operator.py took 0.150 seconds
[2024-09-22T23:39:24.897+0000] {processor.py:186} INFO - Started process (PID=1688) to work on /home/airflow/.local/lib/python3.12/site-packages/airflow/example_dags/example_branch_operator.py
[2024-09-22T23:39:24.899+0000] {processor.py:914} INFO - Processing file /home/airflow/.local/lib/python3.12/site-packages/airflow/example_dags/example_branch_operator.py for tasks to queue
[2024-09-22T23:39:24.902+0000] {logging_mixin.py:190} INFO - [2024-09-22T23:39:24.902+0000] {dagbag.py:587} INFO - Filling up the DagBag from /home/airflow/.local/lib/python3.12/site-packages/airflow/example_dags/example_branch_operator.py
[2024-09-22T23:39:24.933+0000] {processor.py:925} INFO - DAG(s) 'example_branch_operator' retrieved from /home/airflow/.local/lib/python3.12/site-packages/airflow/example_dags/example_branch_operator.py
[2024-09-22T23:39:24.972+0000] {logging_mixin.py:190} INFO - [2024-09-22T23:39:24.972+0000] {dag.py:3229} INFO - Sync 1 DAGs
[2024-09-22T23:39:25.009+0000] {logging_mixin.py:190} INFO - [2024-09-22T23:39:25.009+0000] {dag.py:4156} INFO - Setting next_dagrun for example_branch_operator to 2024-09-21 00:00:00+00:00, run_after=2024-09-22 00:00:00+00:00
[2024-09-22T23:39:25.039+0000] {processor.py:208} INFO - Processing /home/airflow/.local/lib/python3.12/site-packages/airflow/example_dags/example_branch_operator.py took 0.151 seconds
[2024-09-22T23:39:56.438+0000] {processor.py:186} INFO - Started process (PID=1751) to work on /home/airflow/.local/lib/python3.12/site-packages/airflow/example_dags/example_branch_operator.py
[2024-09-22T23:39:56.440+0000] {processor.py:914} INFO - Processing file /home/airflow/.local/lib/python3.12/site-packages/airflow/example_dags/example_branch_operator.py for tasks to queue
[2024-09-22T23:39:56.445+0000] {logging_mixin.py:190} INFO - [2024-09-22T23:39:56.444+0000] {dagbag.py:587} INFO - Filling up the DagBag from /home/airflow/.local/lib/python3.12/site-packages/airflow/example_dags/example_branch_operator.py
[2024-09-22T23:39:56.488+0000] {processor.py:925} INFO - DAG(s) 'example_branch_operator' retrieved from /home/airflow/.local/lib/python3.12/site-packages/airflow/example_dags/example_branch_operator.py
[2024-09-22T23:39:56.538+0000] {logging_mixin.py:190} INFO - [2024-09-22T23:39:56.537+0000] {dag.py:3229} INFO - Sync 1 DAGs
[2024-09-22T23:39:56.570+0000] {logging_mixin.py:190} INFO - [2024-09-22T23:39:56.569+0000] {dag.py:4156} INFO - Setting next_dagrun for example_branch_operator to 2024-09-21 00:00:00+00:00, run_after=2024-09-22 00:00:00+00:00
[2024-09-22T23:39:56.594+0000] {processor.py:208} INFO - Processing /home/airflow/.local/lib/python3.12/site-packages/airflow/example_dags/example_branch_operator.py took 0.169 seconds
[2024-09-22T23:40:28.284+0000] {processor.py:186} INFO - Started process (PID=1817) to work on /home/airflow/.local/lib/python3.12/site-packages/airflow/example_dags/example_branch_operator.py
[2024-09-22T23:40:28.286+0000] {processor.py:914} INFO - Processing file /home/airflow/.local/lib/python3.12/site-packages/airflow/example_dags/example_branch_operator.py for tasks to queue
[2024-09-22T23:40:28.291+0000] {logging_mixin.py:190} INFO - [2024-09-22T23:40:28.290+0000] {dagbag.py:587} INFO - Filling up the DagBag from /home/airflow/.local/lib/python3.12/site-packages/airflow/example_dags/example_branch_operator.py
[2024-09-22T23:40:28.332+0000] {processor.py:925} INFO - DAG(s) 'example_branch_operator' retrieved from /home/airflow/.local/lib/python3.12/site-packages/airflow/example_dags/example_branch_operator.py
[2024-09-22T23:40:28.387+0000] {logging_mixin.py:190} INFO - [2024-09-22T23:40:28.386+0000] {dag.py:3229} INFO - Sync 1 DAGs
[2024-09-22T23:40:28.755+0000] {logging_mixin.py:190} INFO - [2024-09-22T23:40:28.755+0000] {dag.py:4156} INFO - Setting next_dagrun for example_branch_operator to 2024-09-21 00:00:00+00:00, run_after=2024-09-22 00:00:00+00:00
[2024-09-22T23:40:28.789+0000] {processor.py:208} INFO - Processing /home/airflow/.local/lib/python3.12/site-packages/airflow/example_dags/example_branch_operator.py took 0.518 seconds
[2024-09-22T23:40:58.914+0000] {processor.py:186} INFO - Started process (PID=1880) to work on /home/airflow/.local/lib/python3.12/site-packages/airflow/example_dags/example_branch_operator.py
[2024-09-22T23:40:58.917+0000] {processor.py:914} INFO - Processing file /home/airflow/.local/lib/python3.12/site-packages/airflow/example_dags/example_branch_operator.py for tasks to queue
[2024-09-22T23:40:58.922+0000] {logging_mixin.py:190} INFO - [2024-09-22T23:40:58.921+0000] {dagbag.py:587} INFO - Filling up the DagBag from /home/airflow/.local/lib/python3.12/site-packages/airflow/example_dags/example_branch_operator.py
[2024-09-22T23:40:58.978+0000] {processor.py:925} INFO - DAG(s) 'example_branch_operator' retrieved from /home/airflow/.local/lib/python3.12/site-packages/airflow/example_dags/example_branch_operator.py
[2024-09-22T23:40:59.040+0000] {logging_mixin.py:190} INFO - [2024-09-22T23:40:59.039+0000] {dag.py:3229} INFO - Sync 1 DAGs
[2024-09-22T23:40:59.093+0000] {logging_mixin.py:190} INFO - [2024-09-22T23:40:59.093+0000] {dag.py:4156} INFO - Setting next_dagrun for example_branch_operator to 2024-09-21 00:00:00+00:00, run_after=2024-09-22 00:00:00+00:00
[2024-09-22T23:40:59.475+0000] {processor.py:208} INFO - Processing /home/airflow/.local/lib/python3.12/site-packages/airflow/example_dags/example_branch_operator.py took 0.570 seconds
[2024-09-22T23:41:30.051+0000] {processor.py:186} INFO - Started process (PID=1943) to work on /home/airflow/.local/lib/python3.12/site-packages/airflow/example_dags/example_branch_operator.py
[2024-09-22T23:41:30.053+0000] {processor.py:914} INFO - Processing file /home/airflow/.local/lib/python3.12/site-packages/airflow/example_dags/example_branch_operator.py for tasks to queue
[2024-09-22T23:41:30.057+0000] {logging_mixin.py:190} INFO - [2024-09-22T23:41:30.056+0000] {dagbag.py:587} INFO - Filling up the DagBag from /home/airflow/.local/lib/python3.12/site-packages/airflow/example_dags/example_branch_operator.py
[2024-09-22T23:41:30.090+0000] {processor.py:925} INFO - DAG(s) 'example_branch_operator' retrieved from /home/airflow/.local/lib/python3.12/site-packages/airflow/example_dags/example_branch_operator.py
[2024-09-22T23:41:30.140+0000] {logging_mixin.py:190} INFO - [2024-09-22T23:41:30.140+0000] {dag.py:3229} INFO - Sync 1 DAGs
[2024-09-22T23:41:30.171+0000] {logging_mixin.py:190} INFO - [2024-09-22T23:41:30.171+0000] {dag.py:4156} INFO - Setting next_dagrun for example_branch_operator to 2024-09-21 00:00:00+00:00, run_after=2024-09-22 00:00:00+00:00
[2024-09-22T23:41:30.194+0000] {processor.py:208} INFO - Processing /home/airflow/.local/lib/python3.12/site-packages/airflow/example_dags/example_branch_operator.py took 0.152 seconds
[2024-09-22T23:42:01.641+0000] {processor.py:186} INFO - Started process (PID=2006) to work on /home/airflow/.local/lib/python3.12/site-packages/airflow/example_dags/example_branch_operator.py
[2024-09-22T23:42:01.642+0000] {processor.py:914} INFO - Processing file /home/airflow/.local/lib/python3.12/site-packages/airflow/example_dags/example_branch_operator.py for tasks to queue
[2024-09-22T23:42:01.646+0000] {logging_mixin.py:190} INFO - [2024-09-22T23:42:01.645+0000] {dagbag.py:587} INFO - Filling up the DagBag from /home/airflow/.local/lib/python3.12/site-packages/airflow/example_dags/example_branch_operator.py
[2024-09-22T23:42:01.961+0000] {processor.py:925} INFO - DAG(s) 'example_branch_operator' retrieved from /home/airflow/.local/lib/python3.12/site-packages/airflow/example_dags/example_branch_operator.py
[2024-09-22T23:42:02.007+0000] {logging_mixin.py:190} INFO - [2024-09-22T23:42:02.007+0000] {dag.py:3229} INFO - Sync 1 DAGs
[2024-09-22T23:42:02.041+0000] {logging_mixin.py:190} INFO - [2024-09-22T23:42:02.041+0000] {dag.py:4156} INFO - Setting next_dagrun for example_branch_operator to 2024-09-21 00:00:00+00:00, run_after=2024-09-22 00:00:00+00:00
[2024-09-22T23:42:02.063+0000] {processor.py:208} INFO - Processing /home/airflow/.local/lib/python3.12/site-packages/airflow/example_dags/example_branch_operator.py took 0.431 seconds
[2024-09-22T23:42:32.218+0000] {processor.py:186} INFO - Started process (PID=2069) to work on /home/airflow/.local/lib/python3.12/site-packages/airflow/example_dags/example_branch_operator.py
[2024-09-22T23:42:32.220+0000] {processor.py:914} INFO - Processing file /home/airflow/.local/lib/python3.12/site-packages/airflow/example_dags/example_branch_operator.py for tasks to queue
[2024-09-22T23:42:32.224+0000] {logging_mixin.py:190} INFO - [2024-09-22T23:42:32.223+0000] {dagbag.py:587} INFO - Filling up the DagBag from /home/airflow/.local/lib/python3.12/site-packages/airflow/example_dags/example_branch_operator.py
[2024-09-22T23:42:32.255+0000] {processor.py:925} INFO - DAG(s) 'example_branch_operator' retrieved from /home/airflow/.local/lib/python3.12/site-packages/airflow/example_dags/example_branch_operator.py
[2024-09-22T23:42:32.297+0000] {logging_mixin.py:190} INFO - [2024-09-22T23:42:32.297+0000] {dag.py:3229} INFO - Sync 1 DAGs
[2024-09-22T23:42:32.332+0000] {logging_mixin.py:190} INFO - [2024-09-22T23:42:32.332+0000] {dag.py:4156} INFO - Setting next_dagrun for example_branch_operator to 2024-09-21 00:00:00+00:00, run_after=2024-09-22 00:00:00+00:00
[2024-09-22T23:42:32.361+0000] {processor.py:208} INFO - Processing /home/airflow/.local/lib/python3.12/site-packages/airflow/example_dags/example_branch_operator.py took 0.152 seconds
[2024-09-22T23:43:04.439+0000] {processor.py:186} INFO - Started process (PID=2139) to work on /home/airflow/.local/lib/python3.12/site-packages/airflow/example_dags/example_branch_operator.py
[2024-09-22T23:43:04.442+0000] {processor.py:914} INFO - Processing file /home/airflow/.local/lib/python3.12/site-packages/airflow/example_dags/example_branch_operator.py for tasks to queue
[2024-09-22T23:43:04.452+0000] {logging_mixin.py:190} INFO - [2024-09-22T23:43:04.451+0000] {dagbag.py:587} INFO - Filling up the DagBag from /home/airflow/.local/lib/python3.12/site-packages/airflow/example_dags/example_branch_operator.py
[2024-09-22T23:43:04.524+0000] {processor.py:925} INFO - DAG(s) 'example_branch_operator' retrieved from /home/airflow/.local/lib/python3.12/site-packages/airflow/example_dags/example_branch_operator.py
[2024-09-22T23:43:04.619+0000] {logging_mixin.py:190} INFO - [2024-09-22T23:43:04.618+0000] {dag.py:3229} INFO - Sync 1 DAGs
[2024-09-22T23:43:04.756+0000] {logging_mixin.py:190} INFO - [2024-09-22T23:43:04.754+0000] {dag.py:4156} INFO - Setting next_dagrun for example_branch_operator to 2024-09-21 00:00:00+00:00, run_after=2024-09-22 00:00:00+00:00
[2024-09-22T23:43:04.841+0000] {processor.py:208} INFO - Processing /home/airflow/.local/lib/python3.12/site-packages/airflow/example_dags/example_branch_operator.py took 0.430 seconds
[2024-09-22T23:43:34.987+0000] {processor.py:186} INFO - Started process (PID=2202) to work on /home/airflow/.local/lib/python3.12/site-packages/airflow/example_dags/example_branch_operator.py
[2024-09-22T23:43:34.989+0000] {processor.py:914} INFO - Processing file /home/airflow/.local/lib/python3.12/site-packages/airflow/example_dags/example_branch_operator.py for tasks to queue
[2024-09-22T23:43:34.992+0000] {logging_mixin.py:190} INFO - [2024-09-22T23:43:34.992+0000] {dagbag.py:587} INFO - Filling up the DagBag from /home/airflow/.local/lib/python3.12/site-packages/airflow/example_dags/example_branch_operator.py
[2024-09-22T23:43:35.024+0000] {processor.py:925} INFO - DAG(s) 'example_branch_operator' retrieved from /home/airflow/.local/lib/python3.12/site-packages/airflow/example_dags/example_branch_operator.py
[2024-09-22T23:43:35.071+0000] {logging_mixin.py:190} INFO - [2024-09-22T23:43:35.070+0000] {dag.py:3229} INFO - Sync 1 DAGs
[2024-09-22T23:43:35.104+0000] {logging_mixin.py:190} INFO - [2024-09-22T23:43:35.104+0000] {dag.py:4156} INFO - Setting next_dagrun for example_branch_operator to 2024-09-21 00:00:00+00:00, run_after=2024-09-22 00:00:00+00:00
[2024-09-22T23:43:35.128+0000] {processor.py:208} INFO - Processing /home/airflow/.local/lib/python3.12/site-packages/airflow/example_dags/example_branch_operator.py took 0.150 seconds
[2024-09-22T23:44:05.424+0000] {processor.py:186} INFO - Started process (PID=2265) to work on /home/airflow/.local/lib/python3.12/site-packages/airflow/example_dags/example_branch_operator.py
[2024-09-22T23:44:05.426+0000] {processor.py:914} INFO - Processing file /home/airflow/.local/lib/python3.12/site-packages/airflow/example_dags/example_branch_operator.py for tasks to queue
[2024-09-22T23:44:05.431+0000] {logging_mixin.py:190} INFO - [2024-09-22T23:44:05.430+0000] {dagbag.py:587} INFO - Filling up the DagBag from /home/airflow/.local/lib/python3.12/site-packages/airflow/example_dags/example_branch_operator.py
[2024-09-22T23:44:05.469+0000] {processor.py:925} INFO - DAG(s) 'example_branch_operator' retrieved from /home/airflow/.local/lib/python3.12/site-packages/airflow/example_dags/example_branch_operator.py
[2024-09-22T23:44:05.516+0000] {logging_mixin.py:190} INFO - [2024-09-22T23:44:05.516+0000] {dag.py:3229} INFO - Sync 1 DAGs
[2024-09-22T23:44:05.550+0000] {logging_mixin.py:190} INFO - [2024-09-22T23:44:05.550+0000] {dag.py:4156} INFO - Setting next_dagrun for example_branch_operator to 2024-09-21 00:00:00+00:00, run_after=2024-09-22 00:00:00+00:00
[2024-09-22T23:44:05.573+0000] {processor.py:208} INFO - Processing /home/airflow/.local/lib/python3.12/site-packages/airflow/example_dags/example_branch_operator.py took 0.162 seconds
[2024-09-22T23:47:00.798+0000] {processor.py:186} INFO - Started process (PID=114) to work on /home/airflow/.local/lib/python3.12/site-packages/airflow/example_dags/example_branch_operator.py
[2024-09-22T23:47:00.810+0000] {processor.py:914} INFO - Processing file /home/airflow/.local/lib/python3.12/site-packages/airflow/example_dags/example_branch_operator.py for tasks to queue
[2024-09-22T23:47:00.836+0000] {logging_mixin.py:190} INFO - [2024-09-22T23:47:00.835+0000] {dagbag.py:587} INFO - Filling up the DagBag from /home/airflow/.local/lib/python3.12/site-packages/airflow/example_dags/example_branch_operator.py
[2024-09-22T23:47:00.933+0000] {processor.py:925} INFO - DAG(s) 'example_branch_operator' retrieved from /home/airflow/.local/lib/python3.12/site-packages/airflow/example_dags/example_branch_operator.py
[2024-09-22T23:47:01.435+0000] {logging_mixin.py:190} INFO - [2024-09-22T23:47:01.434+0000] {dag.py:3229} INFO - Sync 1 DAGs
[2024-09-22T23:47:01.561+0000] {logging_mixin.py:190} INFO - [2024-09-22T23:47:01.561+0000] {dag.py:4156} INFO - Setting next_dagrun for example_branch_operator to 2024-09-21 00:00:00+00:00, run_after=2024-09-22 00:00:00+00:00
[2024-09-22T23:47:01.619+0000] {processor.py:208} INFO - Processing /home/airflow/.local/lib/python3.12/site-packages/airflow/example_dags/example_branch_operator.py took 0.865 seconds
[2024-09-22T23:47:31.804+0000] {processor.py:186} INFO - Started process (PID=177) to work on /home/airflow/.local/lib/python3.12/site-packages/airflow/example_dags/example_branch_operator.py
[2024-09-22T23:47:31.805+0000] {processor.py:914} INFO - Processing file /home/airflow/.local/lib/python3.12/site-packages/airflow/example_dags/example_branch_operator.py for tasks to queue
[2024-09-22T23:47:31.808+0000] {logging_mixin.py:190} INFO - [2024-09-22T23:47:31.808+0000] {dagbag.py:587} INFO - Filling up the DagBag from /home/airflow/.local/lib/python3.12/site-packages/airflow/example_dags/example_branch_operator.py
[2024-09-22T23:47:31.840+0000] {processor.py:925} INFO - DAG(s) 'example_branch_operator' retrieved from /home/airflow/.local/lib/python3.12/site-packages/airflow/example_dags/example_branch_operator.py
[2024-09-22T23:47:31.879+0000] {logging_mixin.py:190} INFO - [2024-09-22T23:47:31.879+0000] {dag.py:3229} INFO - Sync 1 DAGs
[2024-09-22T23:47:31.913+0000] {logging_mixin.py:190} INFO - [2024-09-22T23:47:31.912+0000] {dag.py:4156} INFO - Setting next_dagrun for example_branch_operator to 2024-09-21 00:00:00+00:00, run_after=2024-09-22 00:00:00+00:00
[2024-09-22T23:47:31.937+0000] {processor.py:208} INFO - Processing /home/airflow/.local/lib/python3.12/site-packages/airflow/example_dags/example_branch_operator.py took 0.143 seconds
[2024-09-22T23:48:02.089+0000] {processor.py:186} INFO - Started process (PID=239) to work on /home/airflow/.local/lib/python3.12/site-packages/airflow/example_dags/example_branch_operator.py
[2024-09-22T23:48:02.091+0000] {processor.py:914} INFO - Processing file /home/airflow/.local/lib/python3.12/site-packages/airflow/example_dags/example_branch_operator.py for tasks to queue
[2024-09-22T23:48:02.095+0000] {logging_mixin.py:190} INFO - [2024-09-22T23:48:02.095+0000] {dagbag.py:587} INFO - Filling up the DagBag from /home/airflow/.local/lib/python3.12/site-packages/airflow/example_dags/example_branch_operator.py
[2024-09-22T23:48:02.130+0000] {processor.py:925} INFO - DAG(s) 'example_branch_operator' retrieved from /home/airflow/.local/lib/python3.12/site-packages/airflow/example_dags/example_branch_operator.py
[2024-09-22T23:48:02.178+0000] {logging_mixin.py:190} INFO - [2024-09-22T23:48:02.178+0000] {dag.py:3229} INFO - Sync 1 DAGs
[2024-09-22T23:48:02.213+0000] {logging_mixin.py:190} INFO - [2024-09-22T23:48:02.212+0000] {dag.py:4156} INFO - Setting next_dagrun for example_branch_operator to 2024-09-21 00:00:00+00:00, run_after=2024-09-22 00:00:00+00:00
[2024-09-22T23:48:02.238+0000] {processor.py:208} INFO - Processing /home/airflow/.local/lib/python3.12/site-packages/airflow/example_dags/example_branch_operator.py took 0.159 seconds
[2024-09-22T23:48:32.619+0000] {processor.py:186} INFO - Started process (PID=302) to work on /home/airflow/.local/lib/python3.12/site-packages/airflow/example_dags/example_branch_operator.py
[2024-09-22T23:48:32.620+0000] {processor.py:914} INFO - Processing file /home/airflow/.local/lib/python3.12/site-packages/airflow/example_dags/example_branch_operator.py for tasks to queue
[2024-09-22T23:48:32.624+0000] {logging_mixin.py:190} INFO - [2024-09-22T23:48:32.623+0000] {dagbag.py:587} INFO - Filling up the DagBag from /home/airflow/.local/lib/python3.12/site-packages/airflow/example_dags/example_branch_operator.py
[2024-09-22T23:48:32.657+0000] {processor.py:925} INFO - DAG(s) 'example_branch_operator' retrieved from /home/airflow/.local/lib/python3.12/site-packages/airflow/example_dags/example_branch_operator.py
[2024-09-22T23:48:32.700+0000] {logging_mixin.py:190} INFO - [2024-09-22T23:48:32.700+0000] {dag.py:3229} INFO - Sync 1 DAGs
[2024-09-22T23:48:32.735+0000] {logging_mixin.py:190} INFO - [2024-09-22T23:48:32.735+0000] {dag.py:4156} INFO - Setting next_dagrun for example_branch_operator to 2024-09-21 00:00:00+00:00, run_after=2024-09-22 00:00:00+00:00
[2024-09-22T23:48:32.765+0000] {processor.py:208} INFO - Processing /home/airflow/.local/lib/python3.12/site-packages/airflow/example_dags/example_branch_operator.py took 0.156 seconds
[2024-09-22T23:49:03.191+0000] {processor.py:186} INFO - Started process (PID=365) to work on /home/airflow/.local/lib/python3.12/site-packages/airflow/example_dags/example_branch_operator.py
[2024-09-22T23:49:03.193+0000] {processor.py:914} INFO - Processing file /home/airflow/.local/lib/python3.12/site-packages/airflow/example_dags/example_branch_operator.py for tasks to queue
[2024-09-22T23:49:03.197+0000] {logging_mixin.py:190} INFO - [2024-09-22T23:49:03.196+0000] {dagbag.py:587} INFO - Filling up the DagBag from /home/airflow/.local/lib/python3.12/site-packages/airflow/example_dags/example_branch_operator.py
[2024-09-22T23:49:03.229+0000] {processor.py:925} INFO - DAG(s) 'example_branch_operator' retrieved from /home/airflow/.local/lib/python3.12/site-packages/airflow/example_dags/example_branch_operator.py
[2024-09-22T23:49:03.272+0000] {logging_mixin.py:190} INFO - [2024-09-22T23:49:03.271+0000] {dag.py:3229} INFO - Sync 1 DAGs
[2024-09-22T23:49:03.312+0000] {logging_mixin.py:190} INFO - [2024-09-22T23:49:03.311+0000] {dag.py:4156} INFO - Setting next_dagrun for example_branch_operator to 2024-09-21 00:00:00+00:00, run_after=2024-09-22 00:00:00+00:00
[2024-09-22T23:49:03.335+0000] {processor.py:208} INFO - Processing /home/airflow/.local/lib/python3.12/site-packages/airflow/example_dags/example_branch_operator.py took 0.154 seconds
[2024-09-22T23:49:33.732+0000] {processor.py:186} INFO - Started process (PID=428) to work on /home/airflow/.local/lib/python3.12/site-packages/airflow/example_dags/example_branch_operator.py
[2024-09-22T23:49:33.733+0000] {processor.py:914} INFO - Processing file /home/airflow/.local/lib/python3.12/site-packages/airflow/example_dags/example_branch_operator.py for tasks to queue
[2024-09-22T23:49:33.737+0000] {logging_mixin.py:190} INFO - [2024-09-22T23:49:33.736+0000] {dagbag.py:587} INFO - Filling up the DagBag from /home/airflow/.local/lib/python3.12/site-packages/airflow/example_dags/example_branch_operator.py
[2024-09-22T23:49:33.774+0000] {processor.py:925} INFO - DAG(s) 'example_branch_operator' retrieved from /home/airflow/.local/lib/python3.12/site-packages/airflow/example_dags/example_branch_operator.py
[2024-09-22T23:49:33.821+0000] {logging_mixin.py:190} INFO - [2024-09-22T23:49:33.820+0000] {dag.py:3229} INFO - Sync 1 DAGs
[2024-09-22T23:49:33.854+0000] {logging_mixin.py:190} INFO - [2024-09-22T23:49:33.853+0000] {dag.py:4156} INFO - Setting next_dagrun for example_branch_operator to 2024-09-21 00:00:00+00:00, run_after=2024-09-22 00:00:00+00:00
[2024-09-22T23:49:33.877+0000] {processor.py:208} INFO - Processing /home/airflow/.local/lib/python3.12/site-packages/airflow/example_dags/example_branch_operator.py took 0.155 seconds
[2024-09-22T23:50:05.132+0000] {processor.py:186} INFO - Started process (PID=491) to work on /home/airflow/.local/lib/python3.12/site-packages/airflow/example_dags/example_branch_operator.py
[2024-09-22T23:50:05.134+0000] {processor.py:914} INFO - Processing file /home/airflow/.local/lib/python3.12/site-packages/airflow/example_dags/example_branch_operator.py for tasks to queue
[2024-09-22T23:50:05.139+0000] {logging_mixin.py:190} INFO - [2024-09-22T23:50:05.139+0000] {dagbag.py:587} INFO - Filling up the DagBag from /home/airflow/.local/lib/python3.12/site-packages/airflow/example_dags/example_branch_operator.py
[2024-09-22T23:50:05.188+0000] {processor.py:925} INFO - DAG(s) 'example_branch_operator' retrieved from /home/airflow/.local/lib/python3.12/site-packages/airflow/example_dags/example_branch_operator.py
[2024-09-22T23:50:05.247+0000] {logging_mixin.py:190} INFO - [2024-09-22T23:50:05.247+0000] {dag.py:3229} INFO - Sync 1 DAGs
[2024-09-22T23:50:05.298+0000] {logging_mixin.py:190} INFO - [2024-09-22T23:50:05.297+0000] {dag.py:4156} INFO - Setting next_dagrun for example_branch_operator to 2024-09-21 00:00:00+00:00, run_after=2024-09-22 00:00:00+00:00
[2024-09-22T23:50:05.328+0000] {processor.py:208} INFO - Processing /home/airflow/.local/lib/python3.12/site-packages/airflow/example_dags/example_branch_operator.py took 0.210 seconds
[2024-09-22T23:50:35.742+0000] {processor.py:186} INFO - Started process (PID=554) to work on /home/airflow/.local/lib/python3.12/site-packages/airflow/example_dags/example_branch_operator.py
[2024-09-22T23:50:35.744+0000] {processor.py:914} INFO - Processing file /home/airflow/.local/lib/python3.12/site-packages/airflow/example_dags/example_branch_operator.py for tasks to queue
[2024-09-22T23:50:35.747+0000] {logging_mixin.py:190} INFO - [2024-09-22T23:50:35.747+0000] {dagbag.py:587} INFO - Filling up the DagBag from /home/airflow/.local/lib/python3.12/site-packages/airflow/example_dags/example_branch_operator.py
[2024-09-22T23:50:35.786+0000] {processor.py:925} INFO - DAG(s) 'example_branch_operator' retrieved from /home/airflow/.local/lib/python3.12/site-packages/airflow/example_dags/example_branch_operator.py
[2024-09-22T23:50:35.827+0000] {logging_mixin.py:190} INFO - [2024-09-22T23:50:35.827+0000] {dag.py:3229} INFO - Sync 1 DAGs
[2024-09-22T23:50:35.861+0000] {logging_mixin.py:190} INFO - [2024-09-22T23:50:35.861+0000] {dag.py:4156} INFO - Setting next_dagrun for example_branch_operator to 2024-09-21 00:00:00+00:00, run_after=2024-09-22 00:00:00+00:00
[2024-09-22T23:50:35.886+0000] {processor.py:208} INFO - Processing /home/airflow/.local/lib/python3.12/site-packages/airflow/example_dags/example_branch_operator.py took 0.155 seconds
[2024-09-22T23:51:06.292+0000] {processor.py:186} INFO - Started process (PID=617) to work on /home/airflow/.local/lib/python3.12/site-packages/airflow/example_dags/example_branch_operator.py
[2024-09-22T23:51:06.294+0000] {processor.py:914} INFO - Processing file /home/airflow/.local/lib/python3.12/site-packages/airflow/example_dags/example_branch_operator.py for tasks to queue
[2024-09-22T23:51:06.299+0000] {logging_mixin.py:190} INFO - [2024-09-22T23:51:06.298+0000] {dagbag.py:587} INFO - Filling up the DagBag from /home/airflow/.local/lib/python3.12/site-packages/airflow/example_dags/example_branch_operator.py
[2024-09-22T23:51:06.345+0000] {processor.py:925} INFO - DAG(s) 'example_branch_operator' retrieved from /home/airflow/.local/lib/python3.12/site-packages/airflow/example_dags/example_branch_operator.py
[2024-09-22T23:51:06.402+0000] {logging_mixin.py:190} INFO - [2024-09-22T23:51:06.402+0000] {dag.py:3229} INFO - Sync 1 DAGs
[2024-09-22T23:51:06.447+0000] {logging_mixin.py:190} INFO - [2024-09-22T23:51:06.446+0000] {dag.py:4156} INFO - Setting next_dagrun for example_branch_operator to 2024-09-21 00:00:00+00:00, run_after=2024-09-22 00:00:00+00:00
[2024-09-22T23:51:06.481+0000] {processor.py:208} INFO - Processing /home/airflow/.local/lib/python3.12/site-packages/airflow/example_dags/example_branch_operator.py took 0.202 seconds
[2024-09-22T23:51:36.550+0000] {processor.py:186} INFO - Started process (PID=682) to work on /home/airflow/.local/lib/python3.12/site-packages/airflow/example_dags/example_branch_operator.py
[2024-09-22T23:51:36.552+0000] {processor.py:914} INFO - Processing file /home/airflow/.local/lib/python3.12/site-packages/airflow/example_dags/example_branch_operator.py for tasks to queue
[2024-09-22T23:51:36.556+0000] {logging_mixin.py:190} INFO - [2024-09-22T23:51:36.556+0000] {dagbag.py:587} INFO - Filling up the DagBag from /home/airflow/.local/lib/python3.12/site-packages/airflow/example_dags/example_branch_operator.py
[2024-09-22T23:51:36.588+0000] {processor.py:925} INFO - DAG(s) 'example_branch_operator' retrieved from /home/airflow/.local/lib/python3.12/site-packages/airflow/example_dags/example_branch_operator.py
[2024-09-22T23:51:36.630+0000] {logging_mixin.py:190} INFO - [2024-09-22T23:51:36.630+0000] {dag.py:3229} INFO - Sync 1 DAGs
[2024-09-22T23:51:36.670+0000] {logging_mixin.py:190} INFO - [2024-09-22T23:51:36.670+0000] {dag.py:4156} INFO - Setting next_dagrun for example_branch_operator to 2024-09-21 00:00:00+00:00, run_after=2024-09-22 00:00:00+00:00
[2024-09-22T23:51:36.705+0000] {processor.py:208} INFO - Processing /home/airflow/.local/lib/python3.12/site-packages/airflow/example_dags/example_branch_operator.py took 0.164 seconds
[2024-09-22T23:52:07.944+0000] {processor.py:186} INFO - Started process (PID=751) to work on /home/airflow/.local/lib/python3.12/site-packages/airflow/example_dags/example_branch_operator.py
[2024-09-22T23:52:07.946+0000] {processor.py:914} INFO - Processing file /home/airflow/.local/lib/python3.12/site-packages/airflow/example_dags/example_branch_operator.py for tasks to queue
[2024-09-22T23:52:07.951+0000] {logging_mixin.py:190} INFO - [2024-09-22T23:52:07.950+0000] {dagbag.py:587} INFO - Filling up the DagBag from /home/airflow/.local/lib/python3.12/site-packages/airflow/example_dags/example_branch_operator.py
[2024-09-22T23:52:07.993+0000] {processor.py:925} INFO - DAG(s) 'example_branch_operator' retrieved from /home/airflow/.local/lib/python3.12/site-packages/airflow/example_dags/example_branch_operator.py
[2024-09-22T23:52:08.034+0000] {logging_mixin.py:190} INFO - [2024-09-22T23:52:08.034+0000] {dag.py:3229} INFO - Sync 1 DAGs
[2024-09-22T23:52:08.077+0000] {logging_mixin.py:190} INFO - [2024-09-22T23:52:08.077+0000] {dag.py:4156} INFO - Setting next_dagrun for example_branch_operator to 2024-09-21 00:00:00+00:00, run_after=2024-09-22 00:00:00+00:00
[2024-09-22T23:52:08.104+0000] {processor.py:208} INFO - Processing /home/airflow/.local/lib/python3.12/site-packages/airflow/example_dags/example_branch_operator.py took 0.170 seconds
[2024-09-22T23:52:38.681+0000] {processor.py:186} INFO - Started process (PID=814) to work on /home/airflow/.local/lib/python3.12/site-packages/airflow/example_dags/example_branch_operator.py
[2024-09-22T23:52:38.683+0000] {processor.py:914} INFO - Processing file /home/airflow/.local/lib/python3.12/site-packages/airflow/example_dags/example_branch_operator.py for tasks to queue
[2024-09-22T23:52:38.687+0000] {logging_mixin.py:190} INFO - [2024-09-22T23:52:38.687+0000] {dagbag.py:587} INFO - Filling up the DagBag from /home/airflow/.local/lib/python3.12/site-packages/airflow/example_dags/example_branch_operator.py
[2024-09-22T23:52:38.719+0000] {processor.py:925} INFO - DAG(s) 'example_branch_operator' retrieved from /home/airflow/.local/lib/python3.12/site-packages/airflow/example_dags/example_branch_operator.py
[2024-09-22T23:52:38.762+0000] {logging_mixin.py:190} INFO - [2024-09-22T23:52:38.761+0000] {dag.py:3229} INFO - Sync 1 DAGs
[2024-09-22T23:52:38.797+0000] {logging_mixin.py:190} INFO - [2024-09-22T23:52:38.797+0000] {dag.py:4156} INFO - Setting next_dagrun for example_branch_operator to 2024-09-21 00:00:00+00:00, run_after=2024-09-22 00:00:00+00:00
[2024-09-22T23:52:38.827+0000] {processor.py:208} INFO - Processing /home/airflow/.local/lib/python3.12/site-packages/airflow/example_dags/example_branch_operator.py took 0.155 seconds
[2024-09-22T23:53:09.571+0000] {processor.py:186} INFO - Started process (PID=876) to work on /home/airflow/.local/lib/python3.12/site-packages/airflow/example_dags/example_branch_operator.py
[2024-09-22T23:53:09.572+0000] {processor.py:914} INFO - Processing file /home/airflow/.local/lib/python3.12/site-packages/airflow/example_dags/example_branch_operator.py for tasks to queue
[2024-09-22T23:53:09.575+0000] {logging_mixin.py:190} INFO - [2024-09-22T23:53:09.575+0000] {dagbag.py:587} INFO - Filling up the DagBag from /home/airflow/.local/lib/python3.12/site-packages/airflow/example_dags/example_branch_operator.py
[2024-09-22T23:53:09.607+0000] {processor.py:925} INFO - DAG(s) 'example_branch_operator' retrieved from /home/airflow/.local/lib/python3.12/site-packages/airflow/example_dags/example_branch_operator.py
[2024-09-22T23:53:09.650+0000] {logging_mixin.py:190} INFO - [2024-09-22T23:53:09.650+0000] {dag.py:3229} INFO - Sync 1 DAGs
[2024-09-22T23:53:09.683+0000] {logging_mixin.py:190} INFO - [2024-09-22T23:53:09.683+0000] {dag.py:4156} INFO - Setting next_dagrun for example_branch_operator to 2024-09-21 00:00:00+00:00, run_after=2024-09-22 00:00:00+00:00
[2024-09-22T23:53:09.709+0000] {processor.py:208} INFO - Processing /home/airflow/.local/lib/python3.12/site-packages/airflow/example_dags/example_branch_operator.py took 0.148 seconds
[2024-09-22T23:53:43.467+0000] {processor.py:186} INFO - Started process (PID=940) to work on /home/airflow/.local/lib/python3.12/site-packages/airflow/example_dags/example_branch_operator.py
[2024-09-22T23:53:43.473+0000] {processor.py:914} INFO - Processing file /home/airflow/.local/lib/python3.12/site-packages/airflow/example_dags/example_branch_operator.py for tasks to queue
[2024-09-22T23:53:43.490+0000] {logging_mixin.py:190} INFO - [2024-09-22T23:53:43.488+0000] {dagbag.py:587} INFO - Filling up the DagBag from /home/airflow/.local/lib/python3.12/site-packages/airflow/example_dags/example_branch_operator.py
[2024-09-22T23:53:43.576+0000] {processor.py:925} INFO - DAG(s) 'example_branch_operator' retrieved from /home/airflow/.local/lib/python3.12/site-packages/airflow/example_dags/example_branch_operator.py
[2024-09-22T23:53:43.690+0000] {logging_mixin.py:190} INFO - [2024-09-22T23:53:43.689+0000] {dag.py:3229} INFO - Sync 1 DAGs
[2024-09-22T23:53:43.763+0000] {logging_mixin.py:190} INFO - [2024-09-22T23:53:43.762+0000] {dag.py:4156} INFO - Setting next_dagrun for example_branch_operator to 2024-09-21 00:00:00+00:00, run_after=2024-09-22 00:00:00+00:00
[2024-09-22T23:53:43.816+0000] {processor.py:208} INFO - Processing /home/airflow/.local/lib/python3.12/site-packages/airflow/example_dags/example_branch_operator.py took 0.379 seconds
[2024-09-22T23:54:14.409+0000] {processor.py:186} INFO - Started process (PID=1003) to work on /home/airflow/.local/lib/python3.12/site-packages/airflow/example_dags/example_branch_operator.py
[2024-09-22T23:54:14.410+0000] {processor.py:914} INFO - Processing file /home/airflow/.local/lib/python3.12/site-packages/airflow/example_dags/example_branch_operator.py for tasks to queue
[2024-09-22T23:54:14.415+0000] {logging_mixin.py:190} INFO - [2024-09-22T23:54:14.415+0000] {dagbag.py:587} INFO - Filling up the DagBag from /home/airflow/.local/lib/python3.12/site-packages/airflow/example_dags/example_branch_operator.py
[2024-09-22T23:54:14.458+0000] {processor.py:925} INFO - DAG(s) 'example_branch_operator' retrieved from /home/airflow/.local/lib/python3.12/site-packages/airflow/example_dags/example_branch_operator.py
[2024-09-22T23:54:14.514+0000] {logging_mixin.py:190} INFO - [2024-09-22T23:54:14.514+0000] {dag.py:3229} INFO - Sync 1 DAGs
[2024-09-22T23:54:14.565+0000] {logging_mixin.py:190} INFO - [2024-09-22T23:54:14.564+0000] {dag.py:4156} INFO - Setting next_dagrun for example_branch_operator to 2024-09-21 00:00:00+00:00, run_after=2024-09-22 00:00:00+00:00
[2024-09-22T23:54:14.591+0000] {processor.py:208} INFO - Processing /home/airflow/.local/lib/python3.12/site-packages/airflow/example_dags/example_branch_operator.py took 0.195 seconds
[2024-09-22T23:54:45.286+0000] {processor.py:186} INFO - Started process (PID=1066) to work on /home/airflow/.local/lib/python3.12/site-packages/airflow/example_dags/example_branch_operator.py
[2024-09-22T23:54:45.288+0000] {processor.py:914} INFO - Processing file /home/airflow/.local/lib/python3.12/site-packages/airflow/example_dags/example_branch_operator.py for tasks to queue
[2024-09-22T23:54:45.291+0000] {logging_mixin.py:190} INFO - [2024-09-22T23:54:45.291+0000] {dagbag.py:587} INFO - Filling up the DagBag from /home/airflow/.local/lib/python3.12/site-packages/airflow/example_dags/example_branch_operator.py
[2024-09-22T23:54:45.334+0000] {processor.py:925} INFO - DAG(s) 'example_branch_operator' retrieved from /home/airflow/.local/lib/python3.12/site-packages/airflow/example_dags/example_branch_operator.py
[2024-09-22T23:54:45.393+0000] {logging_mixin.py:190} INFO - [2024-09-22T23:54:45.393+0000] {dag.py:3229} INFO - Sync 1 DAGs
[2024-09-22T23:54:45.442+0000] {logging_mixin.py:190} INFO - [2024-09-22T23:54:45.441+0000] {dag.py:4156} INFO - Setting next_dagrun for example_branch_operator to 2024-09-21 00:00:00+00:00, run_after=2024-09-22 00:00:00+00:00
[2024-09-22T23:54:45.476+0000] {processor.py:208} INFO - Processing /home/airflow/.local/lib/python3.12/site-packages/airflow/example_dags/example_branch_operator.py took 0.203 seconds
[2024-09-22T23:55:15.586+0000] {processor.py:186} INFO - Started process (PID=1128) to work on /home/airflow/.local/lib/python3.12/site-packages/airflow/example_dags/example_branch_operator.py
[2024-09-22T23:55:15.587+0000] {processor.py:914} INFO - Processing file /home/airflow/.local/lib/python3.12/site-packages/airflow/example_dags/example_branch_operator.py for tasks to queue
[2024-09-22T23:55:15.591+0000] {logging_mixin.py:190} INFO - [2024-09-22T23:55:15.590+0000] {dagbag.py:587} INFO - Filling up the DagBag from /home/airflow/.local/lib/python3.12/site-packages/airflow/example_dags/example_branch_operator.py
[2024-09-22T23:55:15.622+0000] {processor.py:925} INFO - DAG(s) 'example_branch_operator' retrieved from /home/airflow/.local/lib/python3.12/site-packages/airflow/example_dags/example_branch_operator.py
[2024-09-22T23:55:15.662+0000] {logging_mixin.py:190} INFO - [2024-09-22T23:55:15.661+0000] {dag.py:3229} INFO - Sync 1 DAGs
[2024-09-22T23:55:15.695+0000] {logging_mixin.py:190} INFO - [2024-09-22T23:55:15.695+0000] {dag.py:4156} INFO - Setting next_dagrun for example_branch_operator to 2024-09-21 00:00:00+00:00, run_after=2024-09-22 00:00:00+00:00
[2024-09-22T23:55:15.720+0000] {processor.py:208} INFO - Processing /home/airflow/.local/lib/python3.12/site-packages/airflow/example_dags/example_branch_operator.py took 0.143 seconds
[2024-09-22T23:55:47.087+0000] {processor.py:186} INFO - Started process (PID=1191) to work on /home/airflow/.local/lib/python3.12/site-packages/airflow/example_dags/example_branch_operator.py
[2024-09-22T23:55:47.089+0000] {processor.py:914} INFO - Processing file /home/airflow/.local/lib/python3.12/site-packages/airflow/example_dags/example_branch_operator.py for tasks to queue
[2024-09-22T23:55:47.092+0000] {logging_mixin.py:190} INFO - [2024-09-22T23:55:47.092+0000] {dagbag.py:587} INFO - Filling up the DagBag from /home/airflow/.local/lib/python3.12/site-packages/airflow/example_dags/example_branch_operator.py
[2024-09-22T23:55:47.124+0000] {processor.py:925} INFO - DAG(s) 'example_branch_operator' retrieved from /home/airflow/.local/lib/python3.12/site-packages/airflow/example_dags/example_branch_operator.py
[2024-09-22T23:55:47.165+0000] {logging_mixin.py:190} INFO - [2024-09-22T23:55:47.164+0000] {dag.py:3229} INFO - Sync 1 DAGs
[2024-09-22T23:55:47.199+0000] {logging_mixin.py:190} INFO - [2024-09-22T23:55:47.199+0000] {dag.py:4156} INFO - Setting next_dagrun for example_branch_operator to 2024-09-21 00:00:00+00:00, run_after=2024-09-22 00:00:00+00:00
[2024-09-22T23:55:47.224+0000] {processor.py:208} INFO - Processing /home/airflow/.local/lib/python3.12/site-packages/airflow/example_dags/example_branch_operator.py took 0.147 seconds
[2024-09-22T23:58:08.219+0000] {processor.py:186} INFO - Started process (PID=112) to work on /home/airflow/.local/lib/python3.12/site-packages/airflow/example_dags/example_branch_operator.py
[2024-09-22T23:58:08.221+0000] {processor.py:914} INFO - Processing file /home/airflow/.local/lib/python3.12/site-packages/airflow/example_dags/example_branch_operator.py for tasks to queue
[2024-09-22T23:58:08.229+0000] {logging_mixin.py:190} INFO - [2024-09-22T23:58:08.226+0000] {dagbag.py:587} INFO - Filling up the DagBag from /home/airflow/.local/lib/python3.12/site-packages/airflow/example_dags/example_branch_operator.py
[2024-09-22T23:58:08.278+0000] {processor.py:925} INFO - DAG(s) 'example_branch_operator' retrieved from /home/airflow/.local/lib/python3.12/site-packages/airflow/example_dags/example_branch_operator.py
[2024-09-22T23:58:08.562+0000] {logging_mixin.py:190} INFO - [2024-09-22T23:58:08.561+0000] {dag.py:3229} INFO - Sync 1 DAGs
[2024-09-22T23:58:08.605+0000] {logging_mixin.py:190} INFO - [2024-09-22T23:58:08.604+0000] {dag.py:4156} INFO - Setting next_dagrun for example_branch_operator to 2024-09-21 00:00:00+00:00, run_after=2024-09-22 00:00:00+00:00
[2024-09-22T23:58:08.672+0000] {processor.py:208} INFO - Processing /home/airflow/.local/lib/python3.12/site-packages/airflow/example_dags/example_branch_operator.py took 0.489 seconds
[2024-09-22T23:58:39.149+0000] {processor.py:186} INFO - Started process (PID=175) to work on /home/airflow/.local/lib/python3.12/site-packages/airflow/example_dags/example_branch_operator.py
[2024-09-22T23:58:39.150+0000] {processor.py:914} INFO - Processing file /home/airflow/.local/lib/python3.12/site-packages/airflow/example_dags/example_branch_operator.py for tasks to queue
[2024-09-22T23:58:39.154+0000] {logging_mixin.py:190} INFO - [2024-09-22T23:58:39.153+0000] {dagbag.py:587} INFO - Filling up the DagBag from /home/airflow/.local/lib/python3.12/site-packages/airflow/example_dags/example_branch_operator.py
[2024-09-22T23:58:39.188+0000] {processor.py:925} INFO - DAG(s) 'example_branch_operator' retrieved from /home/airflow/.local/lib/python3.12/site-packages/airflow/example_dags/example_branch_operator.py
[2024-09-22T23:58:39.235+0000] {logging_mixin.py:190} INFO - [2024-09-22T23:58:39.235+0000] {dag.py:3229} INFO - Sync 1 DAGs
[2024-09-22T23:58:39.272+0000] {logging_mixin.py:190} INFO - [2024-09-22T23:58:39.272+0000] {dag.py:4156} INFO - Setting next_dagrun for example_branch_operator to 2024-09-21 00:00:00+00:00, run_after=2024-09-22 00:00:00+00:00
[2024-09-22T23:58:39.297+0000] {processor.py:208} INFO - Processing /home/airflow/.local/lib/python3.12/site-packages/airflow/example_dags/example_branch_operator.py took 0.157 seconds
[2024-09-22T23:59:09.789+0000] {processor.py:186} INFO - Started process (PID=238) to work on /home/airflow/.local/lib/python3.12/site-packages/airflow/example_dags/example_branch_operator.py
[2024-09-22T23:59:09.791+0000] {processor.py:914} INFO - Processing file /home/airflow/.local/lib/python3.12/site-packages/airflow/example_dags/example_branch_operator.py for tasks to queue
[2024-09-22T23:59:09.794+0000] {logging_mixin.py:190} INFO - [2024-09-22T23:59:09.794+0000] {dagbag.py:587} INFO - Filling up the DagBag from /home/airflow/.local/lib/python3.12/site-packages/airflow/example_dags/example_branch_operator.py
[2024-09-22T23:59:09.836+0000] {processor.py:925} INFO - DAG(s) 'example_branch_operator' retrieved from /home/airflow/.local/lib/python3.12/site-packages/airflow/example_dags/example_branch_operator.py
[2024-09-22T23:59:09.891+0000] {logging_mixin.py:190} INFO - [2024-09-22T23:59:09.891+0000] {dag.py:3229} INFO - Sync 1 DAGs
[2024-09-22T23:59:09.928+0000] {logging_mixin.py:190} INFO - [2024-09-22T23:59:09.928+0000] {dag.py:4156} INFO - Setting next_dagrun for example_branch_operator to 2024-09-21 00:00:00+00:00, run_after=2024-09-22 00:00:00+00:00
[2024-09-22T23:59:09.958+0000] {processor.py:208} INFO - Processing /home/airflow/.local/lib/python3.12/site-packages/airflow/example_dags/example_branch_operator.py took 0.179 seconds
[2024-09-22T23:59:40.336+0000] {processor.py:186} INFO - Started process (PID=301) to work on /home/airflow/.local/lib/python3.12/site-packages/airflow/example_dags/example_branch_operator.py
[2024-09-22T23:59:40.338+0000] {processor.py:914} INFO - Processing file /home/airflow/.local/lib/python3.12/site-packages/airflow/example_dags/example_branch_operator.py for tasks to queue
[2024-09-22T23:59:40.341+0000] {logging_mixin.py:190} INFO - [2024-09-22T23:59:40.341+0000] {dagbag.py:587} INFO - Filling up the DagBag from /home/airflow/.local/lib/python3.12/site-packages/airflow/example_dags/example_branch_operator.py
[2024-09-22T23:59:40.373+0000] {processor.py:925} INFO - DAG(s) 'example_branch_operator' retrieved from /home/airflow/.local/lib/python3.12/site-packages/airflow/example_dags/example_branch_operator.py
[2024-09-22T23:59:40.415+0000] {logging_mixin.py:190} INFO - [2024-09-22T23:59:40.415+0000] {dag.py:3229} INFO - Sync 1 DAGs
[2024-09-22T23:59:40.452+0000] {logging_mixin.py:190} INFO - [2024-09-22T23:59:40.452+0000] {dag.py:4156} INFO - Setting next_dagrun for example_branch_operator to 2024-09-21 00:00:00+00:00, run_after=2024-09-22 00:00:00+00:00
[2024-09-22T23:59:40.476+0000] {processor.py:208} INFO - Processing /home/airflow/.local/lib/python3.12/site-packages/airflow/example_dags/example_branch_operator.py took 0.149 seconds
