[2024-09-22T23:26:15.602+0000] {processor.py:186} INFO - Started process (PID=73) to work on /home/airflow/.local/lib/python3.12/site-packages/airflow/example_dags/example_xcomargs.py
[2024-09-22T23:26:15.604+0000] {processor.py:914} INFO - Processing file /home/airflow/.local/lib/python3.12/site-packages/airflow/example_dags/example_xcomargs.py for tasks to queue
[2024-09-22T23:26:15.608+0000] {logging_mixin.py:190} INFO - [2024-09-22T23:26:15.608+0000] {dagbag.py:587} INFO - Filling up the DagBag from /home/airflow/.local/lib/python3.12/site-packages/airflow/example_dags/example_xcomargs.py
[2024-09-22T23:26:15.638+0000] {processor.py:925} INFO - DAG(s) 'example_xcom_args_with_operators', 'example_xcom_args' retrieved from /home/airflow/.local/lib/python3.12/site-packages/airflow/example_dags/example_xcomargs.py
[2024-09-22T23:26:15.897+0000] {logging_mixin.py:190} INFO - [2024-09-22T23:26:15.896+0000] {override.py:1900} INFO - Created Permission View: can edit on DAG:example_xcom_args_with_operators
[2024-09-22T23:26:15.912+0000] {logging_mixin.py:190} INFO - [2024-09-22T23:26:15.912+0000] {override.py:1900} INFO - Created Permission View: can read on DAG:example_xcom_args_with_operators
[2024-09-22T23:26:15.923+0000] {logging_mixin.py:190} INFO - [2024-09-22T23:26:15.922+0000] {override.py:1900} INFO - Created Permission View: can delete on DAG:example_xcom_args_with_operators
[2024-09-22T23:26:15.933+0000] {logging_mixin.py:190} INFO - [2024-09-22T23:26:15.932+0000] {override.py:1900} INFO - Created Permission View: can create on DAG Run:example_xcom_args_with_operators
[2024-09-22T23:26:15.942+0000] {logging_mixin.py:190} INFO - [2024-09-22T23:26:15.941+0000] {override.py:1900} INFO - Created Permission View: menu access on DAG Run:example_xcom_args_with_operators
[2024-09-22T23:26:15.951+0000] {logging_mixin.py:190} INFO - [2024-09-22T23:26:15.951+0000] {override.py:1900} INFO - Created Permission View: can read on DAG Run:example_xcom_args_with_operators
[2024-09-22T23:26:15.960+0000] {logging_mixin.py:190} INFO - [2024-09-22T23:26:15.959+0000] {override.py:1900} INFO - Created Permission View: can delete on DAG Run:example_xcom_args_with_operators
[2024-09-22T23:26:15.981+0000] {logging_mixin.py:190} INFO - [2024-09-22T23:26:15.978+0000] {override.py:1900} INFO - Created Permission View: can edit on DAG:example_xcom_args
[2024-09-22T23:26:15.994+0000] {logging_mixin.py:190} INFO - [2024-09-22T23:26:15.994+0000] {override.py:1900} INFO - Created Permission View: can read on DAG:example_xcom_args
[2024-09-22T23:26:16.003+0000] {logging_mixin.py:190} INFO - [2024-09-22T23:26:16.003+0000] {override.py:1900} INFO - Created Permission View: can delete on DAG:example_xcom_args
[2024-09-22T23:26:16.015+0000] {logging_mixin.py:190} INFO - [2024-09-22T23:26:16.014+0000] {override.py:1900} INFO - Created Permission View: can create on DAG Run:example_xcom_args
[2024-09-22T23:26:16.025+0000] {logging_mixin.py:190} INFO - [2024-09-22T23:26:16.025+0000] {override.py:1900} INFO - Created Permission View: menu access on DAG Run:example_xcom_args
[2024-09-22T23:26:16.034+0000] {logging_mixin.py:190} INFO - [2024-09-22T23:26:16.034+0000] {override.py:1900} INFO - Created Permission View: can read on DAG Run:example_xcom_args
[2024-09-22T23:26:16.044+0000] {logging_mixin.py:190} INFO - [2024-09-22T23:26:16.043+0000] {override.py:1900} INFO - Created Permission View: can delete on DAG Run:example_xcom_args
[2024-09-22T23:26:16.044+0000] {logging_mixin.py:190} INFO - [2024-09-22T23:26:16.044+0000] {dag.py:3229} INFO - Sync 2 DAGs
[2024-09-22T23:26:16.069+0000] {logging_mixin.py:190} INFO - [2024-09-22T23:26:16.068+0000] {dag.py:3252} INFO - Creating ORM DAG for example_xcom_args
[2024-09-22T23:26:16.070+0000] {logging_mixin.py:190} INFO - [2024-09-22T23:26:16.070+0000] {dag.py:3252} INFO - Creating ORM DAG for example_xcom_args_with_operators
[2024-09-22T23:26:16.071+0000] {logging_mixin.py:190} INFO - [2024-09-22T23:26:16.071+0000] {dag.py:4156} INFO - Setting next_dagrun for example_xcom_args to None, run_after=None
[2024-09-22T23:26:16.072+0000] {logging_mixin.py:190} INFO - [2024-09-22T23:26:16.072+0000] {dag.py:4156} INFO - Setting next_dagrun for example_xcom_args_with_operators to None, run_after=None
[2024-09-22T23:26:16.105+0000] {processor.py:208} INFO - Processing /home/airflow/.local/lib/python3.12/site-packages/airflow/example_dags/example_xcomargs.py took 0.521 seconds
[2024-09-22T23:26:46.400+0000] {processor.py:186} INFO - Started process (PID=135) to work on /home/airflow/.local/lib/python3.12/site-packages/airflow/example_dags/example_xcomargs.py
[2024-09-22T23:26:46.401+0000] {processor.py:914} INFO - Processing file /home/airflow/.local/lib/python3.12/site-packages/airflow/example_dags/example_xcomargs.py for tasks to queue
[2024-09-22T23:26:46.405+0000] {logging_mixin.py:190} INFO - [2024-09-22T23:26:46.404+0000] {dagbag.py:587} INFO - Filling up the DagBag from /home/airflow/.local/lib/python3.12/site-packages/airflow/example_dags/example_xcomargs.py
[2024-09-22T23:26:46.425+0000] {processor.py:925} INFO - DAG(s) 'example_xcom_args', 'example_xcom_args_with_operators' retrieved from /home/airflow/.local/lib/python3.12/site-packages/airflow/example_dags/example_xcomargs.py
[2024-09-22T23:26:46.463+0000] {logging_mixin.py:190} INFO - [2024-09-22T23:26:46.463+0000] {dag.py:3229} INFO - Sync 2 DAGs
[2024-09-22T23:26:46.482+0000] {logging_mixin.py:190} INFO - [2024-09-22T23:26:46.482+0000] {dag.py:4156} INFO - Setting next_dagrun for example_xcom_args to None, run_after=None
[2024-09-22T23:26:46.487+0000] {logging_mixin.py:190} INFO - [2024-09-22T23:26:46.487+0000] {dag.py:4156} INFO - Setting next_dagrun for example_xcom_args_with_operators to None, run_after=None
[2024-09-22T23:26:46.510+0000] {processor.py:208} INFO - Processing /home/airflow/.local/lib/python3.12/site-packages/airflow/example_dags/example_xcomargs.py took 0.119 seconds
[2024-09-22T23:27:16.590+0000] {processor.py:186} INFO - Started process (PID=197) to work on /home/airflow/.local/lib/python3.12/site-packages/airflow/example_dags/example_xcomargs.py
[2024-09-22T23:27:16.595+0000] {processor.py:914} INFO - Processing file /home/airflow/.local/lib/python3.12/site-packages/airflow/example_dags/example_xcomargs.py for tasks to queue
[2024-09-22T23:27:16.599+0000] {logging_mixin.py:190} INFO - [2024-09-22T23:27:16.598+0000] {dagbag.py:587} INFO - Filling up the DagBag from /home/airflow/.local/lib/python3.12/site-packages/airflow/example_dags/example_xcomargs.py
[2024-09-22T23:27:16.620+0000] {processor.py:925} INFO - DAG(s) 'example_xcom_args', 'example_xcom_args_with_operators' retrieved from /home/airflow/.local/lib/python3.12/site-packages/airflow/example_dags/example_xcomargs.py
[2024-09-22T23:27:16.652+0000] {logging_mixin.py:190} INFO - [2024-09-22T23:27:16.652+0000] {dag.py:3229} INFO - Sync 2 DAGs
[2024-09-22T23:27:16.672+0000] {logging_mixin.py:190} INFO - [2024-09-22T23:27:16.672+0000] {dag.py:4156} INFO - Setting next_dagrun for example_xcom_args to None, run_after=None
[2024-09-22T23:27:16.677+0000] {logging_mixin.py:190} INFO - [2024-09-22T23:27:16.676+0000] {dag.py:4156} INFO - Setting next_dagrun for example_xcom_args_with_operators to None, run_after=None
[2024-09-22T23:27:16.697+0000] {processor.py:208} INFO - Processing /home/airflow/.local/lib/python3.12/site-packages/airflow/example_dags/example_xcomargs.py took 0.117 seconds
[2024-09-22T23:27:46.793+0000] {processor.py:186} INFO - Started process (PID=259) to work on /home/airflow/.local/lib/python3.12/site-packages/airflow/example_dags/example_xcomargs.py
[2024-09-22T23:27:46.794+0000] {processor.py:914} INFO - Processing file /home/airflow/.local/lib/python3.12/site-packages/airflow/example_dags/example_xcomargs.py for tasks to queue
[2024-09-22T23:27:46.798+0000] {logging_mixin.py:190} INFO - [2024-09-22T23:27:46.797+0000] {dagbag.py:587} INFO - Filling up the DagBag from /home/airflow/.local/lib/python3.12/site-packages/airflow/example_dags/example_xcomargs.py
[2024-09-22T23:27:46.817+0000] {processor.py:925} INFO - DAG(s) 'example_xcom_args', 'example_xcom_args_with_operators' retrieved from /home/airflow/.local/lib/python3.12/site-packages/airflow/example_dags/example_xcomargs.py
[2024-09-22T23:27:46.848+0000] {logging_mixin.py:190} INFO - [2024-09-22T23:27:46.848+0000] {dag.py:3229} INFO - Sync 2 DAGs
[2024-09-22T23:27:46.868+0000] {logging_mixin.py:190} INFO - [2024-09-22T23:27:46.868+0000] {dag.py:4156} INFO - Setting next_dagrun for example_xcom_args to None, run_after=None
[2024-09-22T23:27:46.873+0000] {logging_mixin.py:190} INFO - [2024-09-22T23:27:46.872+0000] {dag.py:4156} INFO - Setting next_dagrun for example_xcom_args_with_operators to None, run_after=None
[2024-09-22T23:27:46.893+0000] {processor.py:208} INFO - Processing /home/airflow/.local/lib/python3.12/site-packages/airflow/example_dags/example_xcomargs.py took 0.109 seconds
[2024-09-22T23:28:17.172+0000] {processor.py:186} INFO - Started process (PID=321) to work on /home/airflow/.local/lib/python3.12/site-packages/airflow/example_dags/example_xcomargs.py
[2024-09-22T23:28:17.174+0000] {processor.py:914} INFO - Processing file /home/airflow/.local/lib/python3.12/site-packages/airflow/example_dags/example_xcomargs.py for tasks to queue
[2024-09-22T23:28:17.178+0000] {logging_mixin.py:190} INFO - [2024-09-22T23:28:17.178+0000] {dagbag.py:587} INFO - Filling up the DagBag from /home/airflow/.local/lib/python3.12/site-packages/airflow/example_dags/example_xcomargs.py
[2024-09-22T23:28:17.208+0000] {processor.py:925} INFO - DAG(s) 'example_xcom_args', 'example_xcom_args_with_operators' retrieved from /home/airflow/.local/lib/python3.12/site-packages/airflow/example_dags/example_xcomargs.py
[2024-09-22T23:28:17.253+0000] {logging_mixin.py:190} INFO - [2024-09-22T23:28:17.253+0000] {dag.py:3229} INFO - Sync 2 DAGs
[2024-09-22T23:28:17.282+0000] {logging_mixin.py:190} INFO - [2024-09-22T23:28:17.281+0000] {dag.py:4156} INFO - Setting next_dagrun for example_xcom_args to None, run_after=None
[2024-09-22T23:28:17.287+0000] {logging_mixin.py:190} INFO - [2024-09-22T23:28:17.286+0000] {dag.py:4156} INFO - Setting next_dagrun for example_xcom_args_with_operators to None, run_after=None
[2024-09-22T23:28:17.309+0000] {processor.py:208} INFO - Processing /home/airflow/.local/lib/python3.12/site-packages/airflow/example_dags/example_xcomargs.py took 0.150 seconds
[2024-09-22T23:28:47.446+0000] {processor.py:186} INFO - Started process (PID=383) to work on /home/airflow/.local/lib/python3.12/site-packages/airflow/example_dags/example_xcomargs.py
[2024-09-22T23:28:47.449+0000] {processor.py:914} INFO - Processing file /home/airflow/.local/lib/python3.12/site-packages/airflow/example_dags/example_xcomargs.py for tasks to queue
[2024-09-22T23:28:47.453+0000] {logging_mixin.py:190} INFO - [2024-09-22T23:28:47.453+0000] {dagbag.py:587} INFO - Filling up the DagBag from /home/airflow/.local/lib/python3.12/site-packages/airflow/example_dags/example_xcomargs.py
[2024-09-22T23:28:47.482+0000] {processor.py:925} INFO - DAG(s) 'example_xcom_args', 'example_xcom_args_with_operators' retrieved from /home/airflow/.local/lib/python3.12/site-packages/airflow/example_dags/example_xcomargs.py
[2024-09-22T23:28:47.526+0000] {logging_mixin.py:190} INFO - [2024-09-22T23:28:47.526+0000] {dag.py:3229} INFO - Sync 2 DAGs
[2024-09-22T23:28:47.555+0000] {logging_mixin.py:190} INFO - [2024-09-22T23:28:47.554+0000] {dag.py:4156} INFO - Setting next_dagrun for example_xcom_args to None, run_after=None
[2024-09-22T23:28:47.562+0000] {logging_mixin.py:190} INFO - [2024-09-22T23:28:47.561+0000] {dag.py:4156} INFO - Setting next_dagrun for example_xcom_args_with_operators to None, run_after=None
[2024-09-22T23:28:47.588+0000] {processor.py:208} INFO - Processing /home/airflow/.local/lib/python3.12/site-packages/airflow/example_dags/example_xcomargs.py took 0.154 seconds
[2024-09-22T23:29:18.233+0000] {processor.py:186} INFO - Started process (PID=445) to work on /home/airflow/.local/lib/python3.12/site-packages/airflow/example_dags/example_xcomargs.py
[2024-09-22T23:29:18.235+0000] {processor.py:914} INFO - Processing file /home/airflow/.local/lib/python3.12/site-packages/airflow/example_dags/example_xcomargs.py for tasks to queue
[2024-09-22T23:29:18.239+0000] {logging_mixin.py:190} INFO - [2024-09-22T23:29:18.238+0000] {dagbag.py:587} INFO - Filling up the DagBag from /home/airflow/.local/lib/python3.12/site-packages/airflow/example_dags/example_xcomargs.py
[2024-09-22T23:29:18.259+0000] {processor.py:925} INFO - DAG(s) 'example_xcom_args_with_operators', 'example_xcom_args' retrieved from /home/airflow/.local/lib/python3.12/site-packages/airflow/example_dags/example_xcomargs.py
[2024-09-22T23:29:18.289+0000] {logging_mixin.py:190} INFO - [2024-09-22T23:29:18.289+0000] {dag.py:3229} INFO - Sync 2 DAGs
[2024-09-22T23:29:18.310+0000] {logging_mixin.py:190} INFO - [2024-09-22T23:29:18.309+0000] {dag.py:4156} INFO - Setting next_dagrun for example_xcom_args to None, run_after=None
[2024-09-22T23:29:18.315+0000] {logging_mixin.py:190} INFO - [2024-09-22T23:29:18.314+0000] {dag.py:4156} INFO - Setting next_dagrun for example_xcom_args_with_operators to None, run_after=None
[2024-09-22T23:29:18.336+0000] {processor.py:208} INFO - Processing /home/airflow/.local/lib/python3.12/site-packages/airflow/example_dags/example_xcomargs.py took 0.113 seconds
[2024-09-22T23:29:48.647+0000] {processor.py:186} INFO - Started process (PID=507) to work on /home/airflow/.local/lib/python3.12/site-packages/airflow/example_dags/example_xcomargs.py
[2024-09-22T23:29:48.650+0000] {processor.py:914} INFO - Processing file /home/airflow/.local/lib/python3.12/site-packages/airflow/example_dags/example_xcomargs.py for tasks to queue
[2024-09-22T23:29:48.654+0000] {logging_mixin.py:190} INFO - [2024-09-22T23:29:48.653+0000] {dagbag.py:587} INFO - Filling up the DagBag from /home/airflow/.local/lib/python3.12/site-packages/airflow/example_dags/example_xcomargs.py
[2024-09-22T23:29:48.675+0000] {processor.py:925} INFO - DAG(s) 'example_xcom_args', 'example_xcom_args_with_operators' retrieved from /home/airflow/.local/lib/python3.12/site-packages/airflow/example_dags/example_xcomargs.py
[2024-09-22T23:29:48.708+0000] {logging_mixin.py:190} INFO - [2024-09-22T23:29:48.707+0000] {dag.py:3229} INFO - Sync 2 DAGs
[2024-09-22T23:29:48.728+0000] {logging_mixin.py:190} INFO - [2024-09-22T23:29:48.728+0000] {dag.py:4156} INFO - Setting next_dagrun for example_xcom_args to None, run_after=None
[2024-09-22T23:29:48.733+0000] {logging_mixin.py:190} INFO - [2024-09-22T23:29:48.733+0000] {dag.py:4156} INFO - Setting next_dagrun for example_xcom_args_with_operators to None, run_after=None
[2024-09-22T23:29:48.755+0000] {processor.py:208} INFO - Processing /home/airflow/.local/lib/python3.12/site-packages/airflow/example_dags/example_xcomargs.py took 0.119 seconds
[2024-09-22T23:30:18.819+0000] {processor.py:186} INFO - Started process (PID=569) to work on /home/airflow/.local/lib/python3.12/site-packages/airflow/example_dags/example_xcomargs.py
[2024-09-22T23:30:18.821+0000] {processor.py:914} INFO - Processing file /home/airflow/.local/lib/python3.12/site-packages/airflow/example_dags/example_xcomargs.py for tasks to queue
[2024-09-22T23:30:18.825+0000] {logging_mixin.py:190} INFO - [2024-09-22T23:30:18.825+0000] {dagbag.py:587} INFO - Filling up the DagBag from /home/airflow/.local/lib/python3.12/site-packages/airflow/example_dags/example_xcomargs.py
[2024-09-22T23:30:18.847+0000] {processor.py:925} INFO - DAG(s) 'example_xcom_args_with_operators', 'example_xcom_args' retrieved from /home/airflow/.local/lib/python3.12/site-packages/airflow/example_dags/example_xcomargs.py
[2024-09-22T23:30:18.880+0000] {logging_mixin.py:190} INFO - [2024-09-22T23:30:18.879+0000] {dag.py:3229} INFO - Sync 2 DAGs
[2024-09-22T23:30:18.901+0000] {logging_mixin.py:190} INFO - [2024-09-22T23:30:18.900+0000] {dag.py:4156} INFO - Setting next_dagrun for example_xcom_args to None, run_after=None
[2024-09-22T23:30:18.906+0000] {logging_mixin.py:190} INFO - [2024-09-22T23:30:18.905+0000] {dag.py:4156} INFO - Setting next_dagrun for example_xcom_args_with_operators to None, run_after=None
[2024-09-22T23:30:18.930+0000] {processor.py:208} INFO - Processing /home/airflow/.local/lib/python3.12/site-packages/airflow/example_dags/example_xcomargs.py took 0.120 seconds
[2024-09-22T23:30:49.103+0000] {processor.py:186} INFO - Started process (PID=631) to work on /home/airflow/.local/lib/python3.12/site-packages/airflow/example_dags/example_xcomargs.py
[2024-09-22T23:30:49.105+0000] {processor.py:914} INFO - Processing file /home/airflow/.local/lib/python3.12/site-packages/airflow/example_dags/example_xcomargs.py for tasks to queue
[2024-09-22T23:30:49.108+0000] {logging_mixin.py:190} INFO - [2024-09-22T23:30:49.107+0000] {dagbag.py:587} INFO - Filling up the DagBag from /home/airflow/.local/lib/python3.12/site-packages/airflow/example_dags/example_xcomargs.py
[2024-09-22T23:30:49.127+0000] {processor.py:925} INFO - DAG(s) 'example_xcom_args_with_operators', 'example_xcom_args' retrieved from /home/airflow/.local/lib/python3.12/site-packages/airflow/example_dags/example_xcomargs.py
[2024-09-22T23:30:49.158+0000] {logging_mixin.py:190} INFO - [2024-09-22T23:30:49.158+0000] {dag.py:3229} INFO - Sync 2 DAGs
[2024-09-22T23:30:49.177+0000] {logging_mixin.py:190} INFO - [2024-09-22T23:30:49.177+0000] {dag.py:4156} INFO - Setting next_dagrun for example_xcom_args to None, run_after=None
[2024-09-22T23:30:49.182+0000] {logging_mixin.py:190} INFO - [2024-09-22T23:30:49.182+0000] {dag.py:4156} INFO - Setting next_dagrun for example_xcom_args_with_operators to None, run_after=None
[2024-09-22T23:30:49.203+0000] {processor.py:208} INFO - Processing /home/airflow/.local/lib/python3.12/site-packages/airflow/example_dags/example_xcomargs.py took 0.112 seconds
[2024-09-22T23:31:19.460+0000] {processor.py:186} INFO - Started process (PID=694) to work on /home/airflow/.local/lib/python3.12/site-packages/airflow/example_dags/example_xcomargs.py
[2024-09-22T23:31:19.462+0000] {processor.py:914} INFO - Processing file /home/airflow/.local/lib/python3.12/site-packages/airflow/example_dags/example_xcomargs.py for tasks to queue
[2024-09-22T23:31:19.465+0000] {logging_mixin.py:190} INFO - [2024-09-22T23:31:19.465+0000] {dagbag.py:587} INFO - Filling up the DagBag from /home/airflow/.local/lib/python3.12/site-packages/airflow/example_dags/example_xcomargs.py
[2024-09-22T23:31:19.488+0000] {processor.py:925} INFO - DAG(s) 'example_xcom_args', 'example_xcom_args_with_operators' retrieved from /home/airflow/.local/lib/python3.12/site-packages/airflow/example_dags/example_xcomargs.py
[2024-09-22T23:31:19.521+0000] {logging_mixin.py:190} INFO - [2024-09-22T23:31:19.521+0000] {dag.py:3229} INFO - Sync 2 DAGs
[2024-09-22T23:31:19.542+0000] {logging_mixin.py:190} INFO - [2024-09-22T23:31:19.541+0000] {dag.py:4156} INFO - Setting next_dagrun for example_xcom_args to None, run_after=None
[2024-09-22T23:31:19.547+0000] {logging_mixin.py:190} INFO - [2024-09-22T23:31:19.546+0000] {dag.py:4156} INFO - Setting next_dagrun for example_xcom_args_with_operators to None, run_after=None
[2024-09-22T23:31:19.567+0000] {processor.py:208} INFO - Processing /home/airflow/.local/lib/python3.12/site-packages/airflow/example_dags/example_xcomargs.py took 0.119 seconds
[2024-09-22T23:31:50.107+0000] {processor.py:186} INFO - Started process (PID=756) to work on /home/airflow/.local/lib/python3.12/site-packages/airflow/example_dags/example_xcomargs.py
[2024-09-22T23:31:50.109+0000] {processor.py:914} INFO - Processing file /home/airflow/.local/lib/python3.12/site-packages/airflow/example_dags/example_xcomargs.py for tasks to queue
[2024-09-22T23:31:50.113+0000] {logging_mixin.py:190} INFO - [2024-09-22T23:31:50.112+0000] {dagbag.py:587} INFO - Filling up the DagBag from /home/airflow/.local/lib/python3.12/site-packages/airflow/example_dags/example_xcomargs.py
[2024-09-22T23:31:50.134+0000] {processor.py:925} INFO - DAG(s) 'example_xcom_args', 'example_xcom_args_with_operators' retrieved from /home/airflow/.local/lib/python3.12/site-packages/airflow/example_dags/example_xcomargs.py
[2024-09-22T23:31:50.169+0000] {logging_mixin.py:190} INFO - [2024-09-22T23:31:50.169+0000] {dag.py:3229} INFO - Sync 2 DAGs
[2024-09-22T23:31:50.189+0000] {logging_mixin.py:190} INFO - [2024-09-22T23:31:50.188+0000] {dag.py:4156} INFO - Setting next_dagrun for example_xcom_args to None, run_after=None
[2024-09-22T23:31:50.193+0000] {logging_mixin.py:190} INFO - [2024-09-22T23:31:50.193+0000] {dag.py:4156} INFO - Setting next_dagrun for example_xcom_args_with_operators to None, run_after=None
[2024-09-22T23:31:50.214+0000] {processor.py:208} INFO - Processing /home/airflow/.local/lib/python3.12/site-packages/airflow/example_dags/example_xcomargs.py took 0.117 seconds
[2024-09-22T23:32:20.501+0000] {processor.py:186} INFO - Started process (PID=819) to work on /home/airflow/.local/lib/python3.12/site-packages/airflow/example_dags/example_xcomargs.py
[2024-09-22T23:32:20.503+0000] {processor.py:914} INFO - Processing file /home/airflow/.local/lib/python3.12/site-packages/airflow/example_dags/example_xcomargs.py for tasks to queue
[2024-09-22T23:32:20.507+0000] {logging_mixin.py:190} INFO - [2024-09-22T23:32:20.507+0000] {dagbag.py:587} INFO - Filling up the DagBag from /home/airflow/.local/lib/python3.12/site-packages/airflow/example_dags/example_xcomargs.py
[2024-09-22T23:32:20.537+0000] {processor.py:925} INFO - DAG(s) 'example_xcom_args', 'example_xcom_args_with_operators' retrieved from /home/airflow/.local/lib/python3.12/site-packages/airflow/example_dags/example_xcomargs.py
[2024-09-22T23:32:20.578+0000] {logging_mixin.py:190} INFO - [2024-09-22T23:32:20.578+0000] {dag.py:3229} INFO - Sync 2 DAGs
[2024-09-22T23:32:20.606+0000] {logging_mixin.py:190} INFO - [2024-09-22T23:32:20.605+0000] {dag.py:4156} INFO - Setting next_dagrun for example_xcom_args to None, run_after=None
[2024-09-22T23:32:20.613+0000] {logging_mixin.py:190} INFO - [2024-09-22T23:32:20.612+0000] {dag.py:4156} INFO - Setting next_dagrun for example_xcom_args_with_operators to None, run_after=None
[2024-09-22T23:32:20.638+0000] {processor.py:208} INFO - Processing /home/airflow/.local/lib/python3.12/site-packages/airflow/example_dags/example_xcomargs.py took 0.150 seconds
[2024-09-22T23:32:51.406+0000] {processor.py:186} INFO - Started process (PID=882) to work on /home/airflow/.local/lib/python3.12/site-packages/airflow/example_dags/example_xcomargs.py
[2024-09-22T23:32:51.408+0000] {processor.py:914} INFO - Processing file /home/airflow/.local/lib/python3.12/site-packages/airflow/example_dags/example_xcomargs.py for tasks to queue
[2024-09-22T23:32:51.412+0000] {logging_mixin.py:190} INFO - [2024-09-22T23:32:51.411+0000] {dagbag.py:587} INFO - Filling up the DagBag from /home/airflow/.local/lib/python3.12/site-packages/airflow/example_dags/example_xcomargs.py
[2024-09-22T23:32:51.431+0000] {processor.py:925} INFO - DAG(s) 'example_xcom_args_with_operators', 'example_xcom_args' retrieved from /home/airflow/.local/lib/python3.12/site-packages/airflow/example_dags/example_xcomargs.py
[2024-09-22T23:32:51.461+0000] {logging_mixin.py:190} INFO - [2024-09-22T23:32:51.461+0000] {dag.py:3229} INFO - Sync 2 DAGs
[2024-09-22T23:32:51.481+0000] {logging_mixin.py:190} INFO - [2024-09-22T23:32:51.480+0000] {dag.py:4156} INFO - Setting next_dagrun for example_xcom_args to None, run_after=None
[2024-09-22T23:32:51.486+0000] {logging_mixin.py:190} INFO - [2024-09-22T23:32:51.485+0000] {dag.py:4156} INFO - Setting next_dagrun for example_xcom_args_with_operators to None, run_after=None
[2024-09-22T23:32:51.507+0000] {processor.py:208} INFO - Processing /home/airflow/.local/lib/python3.12/site-packages/airflow/example_dags/example_xcomargs.py took 0.113 seconds
[2024-09-22T23:33:21.619+0000] {processor.py:186} INFO - Started process (PID=945) to work on /home/airflow/.local/lib/python3.12/site-packages/airflow/example_dags/example_xcomargs.py
[2024-09-22T23:33:21.621+0000] {processor.py:914} INFO - Processing file /home/airflow/.local/lib/python3.12/site-packages/airflow/example_dags/example_xcomargs.py for tasks to queue
[2024-09-22T23:33:21.626+0000] {logging_mixin.py:190} INFO - [2024-09-22T23:33:21.625+0000] {dagbag.py:587} INFO - Filling up the DagBag from /home/airflow/.local/lib/python3.12/site-packages/airflow/example_dags/example_xcomargs.py
[2024-09-22T23:33:21.650+0000] {processor.py:925} INFO - DAG(s) 'example_xcom_args', 'example_xcom_args_with_operators' retrieved from /home/airflow/.local/lib/python3.12/site-packages/airflow/example_dags/example_xcomargs.py
[2024-09-22T23:33:21.687+0000] {logging_mixin.py:190} INFO - [2024-09-22T23:33:21.687+0000] {dag.py:3229} INFO - Sync 2 DAGs
[2024-09-22T23:33:21.712+0000] {logging_mixin.py:190} INFO - [2024-09-22T23:33:21.712+0000] {dag.py:4156} INFO - Setting next_dagrun for example_xcom_args to None, run_after=None
[2024-09-22T23:33:21.718+0000] {logging_mixin.py:190} INFO - [2024-09-22T23:33:21.717+0000] {dag.py:4156} INFO - Setting next_dagrun for example_xcom_args_with_operators to None, run_after=None
[2024-09-22T23:33:21.741+0000] {processor.py:208} INFO - Processing /home/airflow/.local/lib/python3.12/site-packages/airflow/example_dags/example_xcomargs.py took 0.135 seconds
[2024-09-22T23:33:51.843+0000] {processor.py:186} INFO - Started process (PID=1008) to work on /home/airflow/.local/lib/python3.12/site-packages/airflow/example_dags/example_xcomargs.py
[2024-09-22T23:33:51.845+0000] {processor.py:914} INFO - Processing file /home/airflow/.local/lib/python3.12/site-packages/airflow/example_dags/example_xcomargs.py for tasks to queue
[2024-09-22T23:33:51.849+0000] {logging_mixin.py:190} INFO - [2024-09-22T23:33:51.848+0000] {dagbag.py:587} INFO - Filling up the DagBag from /home/airflow/.local/lib/python3.12/site-packages/airflow/example_dags/example_xcomargs.py
[2024-09-22T23:33:51.875+0000] {processor.py:925} INFO - DAG(s) 'example_xcom_args_with_operators', 'example_xcom_args' retrieved from /home/airflow/.local/lib/python3.12/site-packages/airflow/example_dags/example_xcomargs.py
[2024-09-22T23:33:51.914+0000] {logging_mixin.py:190} INFO - [2024-09-22T23:33:51.913+0000] {dag.py:3229} INFO - Sync 2 DAGs
[2024-09-22T23:33:51.936+0000] {logging_mixin.py:190} INFO - [2024-09-22T23:33:51.936+0000] {dag.py:4156} INFO - Setting next_dagrun for example_xcom_args to None, run_after=None
[2024-09-22T23:33:51.941+0000] {logging_mixin.py:190} INFO - [2024-09-22T23:33:51.941+0000] {dag.py:4156} INFO - Setting next_dagrun for example_xcom_args_with_operators to None, run_after=None
[2024-09-22T23:33:51.969+0000] {processor.py:208} INFO - Processing /home/airflow/.local/lib/python3.12/site-packages/airflow/example_dags/example_xcomargs.py took 0.135 seconds
[2024-09-22T23:34:22.097+0000] {processor.py:186} INFO - Started process (PID=1071) to work on /home/airflow/.local/lib/python3.12/site-packages/airflow/example_dags/example_xcomargs.py
[2024-09-22T23:34:22.098+0000] {processor.py:914} INFO - Processing file /home/airflow/.local/lib/python3.12/site-packages/airflow/example_dags/example_xcomargs.py for tasks to queue
[2024-09-22T23:34:22.102+0000] {logging_mixin.py:190} INFO - [2024-09-22T23:34:22.101+0000] {dagbag.py:587} INFO - Filling up the DagBag from /home/airflow/.local/lib/python3.12/site-packages/airflow/example_dags/example_xcomargs.py
[2024-09-22T23:34:22.127+0000] {processor.py:925} INFO - DAG(s) 'example_xcom_args', 'example_xcom_args_with_operators' retrieved from /home/airflow/.local/lib/python3.12/site-packages/airflow/example_dags/example_xcomargs.py
[2024-09-22T23:34:22.162+0000] {logging_mixin.py:190} INFO - [2024-09-22T23:34:22.162+0000] {dag.py:3229} INFO - Sync 2 DAGs
[2024-09-22T23:34:22.184+0000] {logging_mixin.py:190} INFO - [2024-09-22T23:34:22.183+0000] {dag.py:4156} INFO - Setting next_dagrun for example_xcom_args to None, run_after=None
[2024-09-22T23:34:22.188+0000] {logging_mixin.py:190} INFO - [2024-09-22T23:34:22.188+0000] {dag.py:4156} INFO - Setting next_dagrun for example_xcom_args_with_operators to None, run_after=None
[2024-09-22T23:34:22.208+0000] {processor.py:208} INFO - Processing /home/airflow/.local/lib/python3.12/site-packages/airflow/example_dags/example_xcomargs.py took 0.120 seconds
[2024-09-22T23:34:52.510+0000] {processor.py:186} INFO - Started process (PID=1134) to work on /home/airflow/.local/lib/python3.12/site-packages/airflow/example_dags/example_xcomargs.py
[2024-09-22T23:34:52.512+0000] {processor.py:914} INFO - Processing file /home/airflow/.local/lib/python3.12/site-packages/airflow/example_dags/example_xcomargs.py for tasks to queue
[2024-09-22T23:34:52.516+0000] {logging_mixin.py:190} INFO - [2024-09-22T23:34:52.515+0000] {dagbag.py:587} INFO - Filling up the DagBag from /home/airflow/.local/lib/python3.12/site-packages/airflow/example_dags/example_xcomargs.py
[2024-09-22T23:34:52.536+0000] {processor.py:925} INFO - DAG(s) 'example_xcom_args_with_operators', 'example_xcom_args' retrieved from /home/airflow/.local/lib/python3.12/site-packages/airflow/example_dags/example_xcomargs.py
[2024-09-22T23:34:52.570+0000] {logging_mixin.py:190} INFO - [2024-09-22T23:34:52.569+0000] {dag.py:3229} INFO - Sync 2 DAGs
[2024-09-22T23:34:52.589+0000] {logging_mixin.py:190} INFO - [2024-09-22T23:34:52.589+0000] {dag.py:4156} INFO - Setting next_dagrun for example_xcom_args to None, run_after=None
[2024-09-22T23:34:52.594+0000] {logging_mixin.py:190} INFO - [2024-09-22T23:34:52.594+0000] {dag.py:4156} INFO - Setting next_dagrun for example_xcom_args_with_operators to None, run_after=None
[2024-09-22T23:34:52.616+0000] {processor.py:208} INFO - Processing /home/airflow/.local/lib/python3.12/site-packages/airflow/example_dags/example_xcomargs.py took 0.117 seconds
[2024-09-22T23:35:22.767+0000] {processor.py:186} INFO - Started process (PID=1197) to work on /home/airflow/.local/lib/python3.12/site-packages/airflow/example_dags/example_xcomargs.py
[2024-09-22T23:35:22.768+0000] {processor.py:914} INFO - Processing file /home/airflow/.local/lib/python3.12/site-packages/airflow/example_dags/example_xcomargs.py for tasks to queue
[2024-09-22T23:35:22.772+0000] {logging_mixin.py:190} INFO - [2024-09-22T23:35:22.771+0000] {dagbag.py:587} INFO - Filling up the DagBag from /home/airflow/.local/lib/python3.12/site-packages/airflow/example_dags/example_xcomargs.py
[2024-09-22T23:35:22.792+0000] {processor.py:925} INFO - DAG(s) 'example_xcom_args_with_operators', 'example_xcom_args' retrieved from /home/airflow/.local/lib/python3.12/site-packages/airflow/example_dags/example_xcomargs.py
[2024-09-22T23:35:22.826+0000] {logging_mixin.py:190} INFO - [2024-09-22T23:35:22.825+0000] {dag.py:3229} INFO - Sync 2 DAGs
[2024-09-22T23:35:22.846+0000] {logging_mixin.py:190} INFO - [2024-09-22T23:35:22.845+0000] {dag.py:4156} INFO - Setting next_dagrun for example_xcom_args to None, run_after=None
[2024-09-22T23:35:22.851+0000] {logging_mixin.py:190} INFO - [2024-09-22T23:35:22.851+0000] {dag.py:4156} INFO - Setting next_dagrun for example_xcom_args_with_operators to None, run_after=None
[2024-09-22T23:35:22.873+0000] {processor.py:208} INFO - Processing /home/airflow/.local/lib/python3.12/site-packages/airflow/example_dags/example_xcomargs.py took 0.116 seconds
[2024-09-22T23:35:53.189+0000] {processor.py:186} INFO - Started process (PID=1260) to work on /home/airflow/.local/lib/python3.12/site-packages/airflow/example_dags/example_xcomargs.py
[2024-09-22T23:35:53.192+0000] {processor.py:914} INFO - Processing file /home/airflow/.local/lib/python3.12/site-packages/airflow/example_dags/example_xcomargs.py for tasks to queue
[2024-09-22T23:35:53.195+0000] {logging_mixin.py:190} INFO - [2024-09-22T23:35:53.195+0000] {dagbag.py:587} INFO - Filling up the DagBag from /home/airflow/.local/lib/python3.12/site-packages/airflow/example_dags/example_xcomargs.py
[2024-09-22T23:35:53.217+0000] {processor.py:925} INFO - DAG(s) 'example_xcom_args_with_operators', 'example_xcom_args' retrieved from /home/airflow/.local/lib/python3.12/site-packages/airflow/example_dags/example_xcomargs.py
[2024-09-22T23:35:53.254+0000] {logging_mixin.py:190} INFO - [2024-09-22T23:35:53.254+0000] {dag.py:3229} INFO - Sync 2 DAGs
[2024-09-22T23:35:53.276+0000] {logging_mixin.py:190} INFO - [2024-09-22T23:35:53.276+0000] {dag.py:4156} INFO - Setting next_dagrun for example_xcom_args to None, run_after=None
[2024-09-22T23:35:53.283+0000] {logging_mixin.py:190} INFO - [2024-09-22T23:35:53.282+0000] {dag.py:4156} INFO - Setting next_dagrun for example_xcom_args_with_operators to None, run_after=None
[2024-09-22T23:35:53.310+0000] {processor.py:208} INFO - Processing /home/airflow/.local/lib/python3.12/site-packages/airflow/example_dags/example_xcomargs.py took 0.129 seconds
[2024-09-22T23:36:24.231+0000] {processor.py:186} INFO - Started process (PID=1323) to work on /home/airflow/.local/lib/python3.12/site-packages/airflow/example_dags/example_xcomargs.py
[2024-09-22T23:36:24.233+0000] {processor.py:914} INFO - Processing file /home/airflow/.local/lib/python3.12/site-packages/airflow/example_dags/example_xcomargs.py for tasks to queue
[2024-09-22T23:36:24.238+0000] {logging_mixin.py:190} INFO - [2024-09-22T23:36:24.237+0000] {dagbag.py:587} INFO - Filling up the DagBag from /home/airflow/.local/lib/python3.12/site-packages/airflow/example_dags/example_xcomargs.py
[2024-09-22T23:36:24.261+0000] {processor.py:925} INFO - DAG(s) 'example_xcom_args', 'example_xcom_args_with_operators' retrieved from /home/airflow/.local/lib/python3.12/site-packages/airflow/example_dags/example_xcomargs.py
[2024-09-22T23:36:24.294+0000] {logging_mixin.py:190} INFO - [2024-09-22T23:36:24.294+0000] {dag.py:3229} INFO - Sync 2 DAGs
[2024-09-22T23:36:24.314+0000] {logging_mixin.py:190} INFO - [2024-09-22T23:36:24.314+0000] {dag.py:4156} INFO - Setting next_dagrun for example_xcom_args to None, run_after=None
[2024-09-22T23:36:24.319+0000] {logging_mixin.py:190} INFO - [2024-09-22T23:36:24.319+0000] {dag.py:4156} INFO - Setting next_dagrun for example_xcom_args_with_operators to None, run_after=None
[2024-09-22T23:36:24.345+0000] {processor.py:208} INFO - Processing /home/airflow/.local/lib/python3.12/site-packages/airflow/example_dags/example_xcomargs.py took 0.127 seconds
[2024-09-22T23:36:54.478+0000] {processor.py:186} INFO - Started process (PID=1386) to work on /home/airflow/.local/lib/python3.12/site-packages/airflow/example_dags/example_xcomargs.py
[2024-09-22T23:36:54.480+0000] {processor.py:914} INFO - Processing file /home/airflow/.local/lib/python3.12/site-packages/airflow/example_dags/example_xcomargs.py for tasks to queue
[2024-09-22T23:36:54.484+0000] {logging_mixin.py:190} INFO - [2024-09-22T23:36:54.483+0000] {dagbag.py:587} INFO - Filling up the DagBag from /home/airflow/.local/lib/python3.12/site-packages/airflow/example_dags/example_xcomargs.py
[2024-09-22T23:36:54.508+0000] {processor.py:925} INFO - DAG(s) 'example_xcom_args', 'example_xcom_args_with_operators' retrieved from /home/airflow/.local/lib/python3.12/site-packages/airflow/example_dags/example_xcomargs.py
[2024-09-22T23:36:54.542+0000] {logging_mixin.py:190} INFO - [2024-09-22T23:36:54.542+0000] {dag.py:3229} INFO - Sync 2 DAGs
[2024-09-22T23:36:54.566+0000] {logging_mixin.py:190} INFO - [2024-09-22T23:36:54.566+0000] {dag.py:4156} INFO - Setting next_dagrun for example_xcom_args to None, run_after=None
[2024-09-22T23:36:54.571+0000] {logging_mixin.py:190} INFO - [2024-09-22T23:36:54.571+0000] {dag.py:4156} INFO - Setting next_dagrun for example_xcom_args_with_operators to None, run_after=None
[2024-09-22T23:36:54.596+0000] {processor.py:208} INFO - Processing /home/airflow/.local/lib/python3.12/site-packages/airflow/example_dags/example_xcomargs.py took 0.128 seconds
[2024-09-22T23:37:25.040+0000] {processor.py:186} INFO - Started process (PID=1449) to work on /home/airflow/.local/lib/python3.12/site-packages/airflow/example_dags/example_xcomargs.py
[2024-09-22T23:37:25.041+0000] {processor.py:914} INFO - Processing file /home/airflow/.local/lib/python3.12/site-packages/airflow/example_dags/example_xcomargs.py for tasks to queue
[2024-09-22T23:37:25.045+0000] {logging_mixin.py:190} INFO - [2024-09-22T23:37:25.044+0000] {dagbag.py:587} INFO - Filling up the DagBag from /home/airflow/.local/lib/python3.12/site-packages/airflow/example_dags/example_xcomargs.py
[2024-09-22T23:37:25.069+0000] {processor.py:925} INFO - DAG(s) 'example_xcom_args_with_operators', 'example_xcom_args' retrieved from /home/airflow/.local/lib/python3.12/site-packages/airflow/example_dags/example_xcomargs.py
[2024-09-22T23:37:25.103+0000] {logging_mixin.py:190} INFO - [2024-09-22T23:37:25.103+0000] {dag.py:3229} INFO - Sync 2 DAGs
[2024-09-22T23:37:25.124+0000] {logging_mixin.py:190} INFO - [2024-09-22T23:37:25.124+0000] {dag.py:4156} INFO - Setting next_dagrun for example_xcom_args to None, run_after=None
[2024-09-22T23:37:25.129+0000] {logging_mixin.py:190} INFO - [2024-09-22T23:37:25.128+0000] {dag.py:4156} INFO - Setting next_dagrun for example_xcom_args_with_operators to None, run_after=None
[2024-09-22T23:37:25.150+0000] {processor.py:208} INFO - Processing /home/airflow/.local/lib/python3.12/site-packages/airflow/example_dags/example_xcomargs.py took 0.120 seconds
[2024-09-22T23:37:55.410+0000] {processor.py:186} INFO - Started process (PID=1512) to work on /home/airflow/.local/lib/python3.12/site-packages/airflow/example_dags/example_xcomargs.py
[2024-09-22T23:37:55.411+0000] {processor.py:914} INFO - Processing file /home/airflow/.local/lib/python3.12/site-packages/airflow/example_dags/example_xcomargs.py for tasks to queue
[2024-09-22T23:37:55.415+0000] {logging_mixin.py:190} INFO - [2024-09-22T23:37:55.414+0000] {dagbag.py:587} INFO - Filling up the DagBag from /home/airflow/.local/lib/python3.12/site-packages/airflow/example_dags/example_xcomargs.py
[2024-09-22T23:37:55.435+0000] {processor.py:925} INFO - DAG(s) 'example_xcom_args_with_operators', 'example_xcom_args' retrieved from /home/airflow/.local/lib/python3.12/site-packages/airflow/example_dags/example_xcomargs.py
[2024-09-22T23:37:55.467+0000] {logging_mixin.py:190} INFO - [2024-09-22T23:37:55.466+0000] {dag.py:3229} INFO - Sync 2 DAGs
[2024-09-22T23:37:55.488+0000] {logging_mixin.py:190} INFO - [2024-09-22T23:37:55.487+0000] {dag.py:4156} INFO - Setting next_dagrun for example_xcom_args to None, run_after=None
[2024-09-22T23:37:55.492+0000] {logging_mixin.py:190} INFO - [2024-09-22T23:37:55.492+0000] {dag.py:4156} INFO - Setting next_dagrun for example_xcom_args_with_operators to None, run_after=None
[2024-09-22T23:37:55.515+0000] {processor.py:208} INFO - Processing /home/airflow/.local/lib/python3.12/site-packages/airflow/example_dags/example_xcomargs.py took 0.116 seconds
[2024-09-22T23:38:25.802+0000] {processor.py:186} INFO - Started process (PID=1575) to work on /home/airflow/.local/lib/python3.12/site-packages/airflow/example_dags/example_xcomargs.py
[2024-09-22T23:38:25.803+0000] {processor.py:914} INFO - Processing file /home/airflow/.local/lib/python3.12/site-packages/airflow/example_dags/example_xcomargs.py for tasks to queue
[2024-09-22T23:38:25.806+0000] {logging_mixin.py:190} INFO - [2024-09-22T23:38:25.806+0000] {dagbag.py:587} INFO - Filling up the DagBag from /home/airflow/.local/lib/python3.12/site-packages/airflow/example_dags/example_xcomargs.py
[2024-09-22T23:38:25.827+0000] {processor.py:925} INFO - DAG(s) 'example_xcom_args', 'example_xcom_args_with_operators' retrieved from /home/airflow/.local/lib/python3.12/site-packages/airflow/example_dags/example_xcomargs.py
[2024-09-22T23:38:25.874+0000] {logging_mixin.py:190} INFO - [2024-09-22T23:38:25.873+0000] {dag.py:3229} INFO - Sync 2 DAGs
[2024-09-22T23:38:25.898+0000] {logging_mixin.py:190} INFO - [2024-09-22T23:38:25.897+0000] {dag.py:4156} INFO - Setting next_dagrun for example_xcom_args to None, run_after=None
[2024-09-22T23:38:25.904+0000] {logging_mixin.py:190} INFO - [2024-09-22T23:38:25.904+0000] {dag.py:4156} INFO - Setting next_dagrun for example_xcom_args_with_operators to None, run_after=None
[2024-09-22T23:38:25.932+0000] {processor.py:208} INFO - Processing /home/airflow/.local/lib/python3.12/site-packages/airflow/example_dags/example_xcomargs.py took 0.140 seconds
[2024-09-22T23:38:56.523+0000] {processor.py:186} INFO - Started process (PID=1638) to work on /home/airflow/.local/lib/python3.12/site-packages/airflow/example_dags/example_xcomargs.py
[2024-09-22T23:38:56.525+0000] {processor.py:914} INFO - Processing file /home/airflow/.local/lib/python3.12/site-packages/airflow/example_dags/example_xcomargs.py for tasks to queue
[2024-09-22T23:38:56.528+0000] {logging_mixin.py:190} INFO - [2024-09-22T23:38:56.528+0000] {dagbag.py:587} INFO - Filling up the DagBag from /home/airflow/.local/lib/python3.12/site-packages/airflow/example_dags/example_xcomargs.py
[2024-09-22T23:38:56.547+0000] {processor.py:925} INFO - DAG(s) 'example_xcom_args_with_operators', 'example_xcom_args' retrieved from /home/airflow/.local/lib/python3.12/site-packages/airflow/example_dags/example_xcomargs.py
[2024-09-22T23:38:56.578+0000] {logging_mixin.py:190} INFO - [2024-09-22T23:38:56.578+0000] {dag.py:3229} INFO - Sync 2 DAGs
[2024-09-22T23:38:56.598+0000] {logging_mixin.py:190} INFO - [2024-09-22T23:38:56.598+0000] {dag.py:4156} INFO - Setting next_dagrun for example_xcom_args to None, run_after=None
[2024-09-22T23:38:56.603+0000] {logging_mixin.py:190} INFO - [2024-09-22T23:38:56.603+0000] {dag.py:4156} INFO - Setting next_dagrun for example_xcom_args_with_operators to None, run_after=None
[2024-09-22T23:38:56.626+0000] {processor.py:208} INFO - Processing /home/airflow/.local/lib/python3.12/site-packages/airflow/example_dags/example_xcomargs.py took 0.114 seconds
[2024-09-22T23:39:27.040+0000] {processor.py:186} INFO - Started process (PID=1701) to work on /home/airflow/.local/lib/python3.12/site-packages/airflow/example_dags/example_xcomargs.py
[2024-09-22T23:39:27.041+0000] {processor.py:914} INFO - Processing file /home/airflow/.local/lib/python3.12/site-packages/airflow/example_dags/example_xcomargs.py for tasks to queue
[2024-09-22T23:39:27.046+0000] {logging_mixin.py:190} INFO - [2024-09-22T23:39:27.045+0000] {dagbag.py:587} INFO - Filling up the DagBag from /home/airflow/.local/lib/python3.12/site-packages/airflow/example_dags/example_xcomargs.py
[2024-09-22T23:39:27.066+0000] {processor.py:925} INFO - DAG(s) 'example_xcom_args', 'example_xcom_args_with_operators' retrieved from /home/airflow/.local/lib/python3.12/site-packages/airflow/example_dags/example_xcomargs.py
[2024-09-22T23:39:27.098+0000] {logging_mixin.py:190} INFO - [2024-09-22T23:39:27.098+0000] {dag.py:3229} INFO - Sync 2 DAGs
[2024-09-22T23:39:27.117+0000] {logging_mixin.py:190} INFO - [2024-09-22T23:39:27.117+0000] {dag.py:4156} INFO - Setting next_dagrun for example_xcom_args to None, run_after=None
[2024-09-22T23:39:27.122+0000] {logging_mixin.py:190} INFO - [2024-09-22T23:39:27.122+0000] {dag.py:4156} INFO - Setting next_dagrun for example_xcom_args_with_operators to None, run_after=None
[2024-09-22T23:39:27.142+0000] {processor.py:208} INFO - Processing /home/airflow/.local/lib/python3.12/site-packages/airflow/example_dags/example_xcomargs.py took 0.113 seconds
[2024-09-22T23:39:57.551+0000] {processor.py:186} INFO - Started process (PID=1764) to work on /home/airflow/.local/lib/python3.12/site-packages/airflow/example_dags/example_xcomargs.py
[2024-09-22T23:39:57.553+0000] {processor.py:914} INFO - Processing file /home/airflow/.local/lib/python3.12/site-packages/airflow/example_dags/example_xcomargs.py for tasks to queue
[2024-09-22T23:39:57.557+0000] {logging_mixin.py:190} INFO - [2024-09-22T23:39:57.556+0000] {dagbag.py:587} INFO - Filling up the DagBag from /home/airflow/.local/lib/python3.12/site-packages/airflow/example_dags/example_xcomargs.py
[2024-09-22T23:39:57.581+0000] {processor.py:925} INFO - DAG(s) 'example_xcom_args_with_operators', 'example_xcom_args' retrieved from /home/airflow/.local/lib/python3.12/site-packages/airflow/example_dags/example_xcomargs.py
[2024-09-22T23:39:57.618+0000] {logging_mixin.py:190} INFO - [2024-09-22T23:39:57.618+0000] {dag.py:3229} INFO - Sync 2 DAGs
[2024-09-22T23:39:57.640+0000] {logging_mixin.py:190} INFO - [2024-09-22T23:39:57.639+0000] {dag.py:4156} INFO - Setting next_dagrun for example_xcom_args to None, run_after=None
[2024-09-22T23:39:57.644+0000] {logging_mixin.py:190} INFO - [2024-09-22T23:39:57.644+0000] {dag.py:4156} INFO - Setting next_dagrun for example_xcom_args_with_operators to None, run_after=None
[2024-09-22T23:39:57.668+0000] {processor.py:208} INFO - Processing /home/airflow/.local/lib/python3.12/site-packages/airflow/example_dags/example_xcomargs.py took 0.127 seconds
[2024-09-22T23:40:30.193+0000] {processor.py:186} INFO - Started process (PID=1825) to work on /home/airflow/.local/lib/python3.12/site-packages/airflow/example_dags/example_xcomargs.py
[2024-09-22T23:40:30.196+0000] {processor.py:914} INFO - Processing file /home/airflow/.local/lib/python3.12/site-packages/airflow/example_dags/example_xcomargs.py for tasks to queue
[2024-09-22T23:40:30.200+0000] {logging_mixin.py:190} INFO - [2024-09-22T23:40:30.200+0000] {dagbag.py:587} INFO - Filling up the DagBag from /home/airflow/.local/lib/python3.12/site-packages/airflow/example_dags/example_xcomargs.py
[2024-09-22T23:40:30.227+0000] {processor.py:925} INFO - DAG(s) 'example_xcom_args_with_operators', 'example_xcom_args' retrieved from /home/airflow/.local/lib/python3.12/site-packages/airflow/example_dags/example_xcomargs.py
[2024-09-22T23:40:30.264+0000] {logging_mixin.py:190} INFO - [2024-09-22T23:40:30.263+0000] {dag.py:3229} INFO - Sync 2 DAGs
[2024-09-22T23:40:30.583+0000] {logging_mixin.py:190} INFO - [2024-09-22T23:40:30.583+0000] {dag.py:4156} INFO - Setting next_dagrun for example_xcom_args to None, run_after=None
[2024-09-22T23:40:30.589+0000] {logging_mixin.py:190} INFO - [2024-09-22T23:40:30.588+0000] {dag.py:4156} INFO - Setting next_dagrun for example_xcom_args_with_operators to None, run_after=None
[2024-09-22T23:40:30.609+0000] {processor.py:208} INFO - Processing /home/airflow/.local/lib/python3.12/site-packages/airflow/example_dags/example_xcomargs.py took 0.427 seconds
[2024-09-22T23:41:01.216+0000] {processor.py:186} INFO - Started process (PID=1888) to work on /home/airflow/.local/lib/python3.12/site-packages/airflow/example_dags/example_xcomargs.py
[2024-09-22T23:41:01.217+0000] {processor.py:914} INFO - Processing file /home/airflow/.local/lib/python3.12/site-packages/airflow/example_dags/example_xcomargs.py for tasks to queue
[2024-09-22T23:41:01.221+0000] {logging_mixin.py:190} INFO - [2024-09-22T23:41:01.220+0000] {dagbag.py:587} INFO - Filling up the DagBag from /home/airflow/.local/lib/python3.12/site-packages/airflow/example_dags/example_xcomargs.py
[2024-09-22T23:41:01.240+0000] {processor.py:925} INFO - DAG(s) 'example_xcom_args_with_operators', 'example_xcom_args' retrieved from /home/airflow/.local/lib/python3.12/site-packages/airflow/example_dags/example_xcomargs.py
[2024-09-22T23:41:01.274+0000] {logging_mixin.py:190} INFO - [2024-09-22T23:41:01.274+0000] {dag.py:3229} INFO - Sync 2 DAGs
[2024-09-22T23:41:01.294+0000] {logging_mixin.py:190} INFO - [2024-09-22T23:41:01.294+0000] {dag.py:4156} INFO - Setting next_dagrun for example_xcom_args to None, run_after=None
[2024-09-22T23:41:01.299+0000] {logging_mixin.py:190} INFO - [2024-09-22T23:41:01.299+0000] {dag.py:4156} INFO - Setting next_dagrun for example_xcom_args_with_operators to None, run_after=None
[2024-09-22T23:41:01.321+0000] {processor.py:208} INFO - Processing /home/airflow/.local/lib/python3.12/site-packages/airflow/example_dags/example_xcomargs.py took 0.114 seconds
[2024-09-22T23:41:31.744+0000] {processor.py:186} INFO - Started process (PID=1951) to work on /home/airflow/.local/lib/python3.12/site-packages/airflow/example_dags/example_xcomargs.py
[2024-09-22T23:41:31.745+0000] {processor.py:914} INFO - Processing file /home/airflow/.local/lib/python3.12/site-packages/airflow/example_dags/example_xcomargs.py for tasks to queue
[2024-09-22T23:41:31.749+0000] {logging_mixin.py:190} INFO - [2024-09-22T23:41:31.748+0000] {dagbag.py:587} INFO - Filling up the DagBag from /home/airflow/.local/lib/python3.12/site-packages/airflow/example_dags/example_xcomargs.py
[2024-09-22T23:41:31.771+0000] {processor.py:925} INFO - DAG(s) 'example_xcom_args', 'example_xcom_args_with_operators' retrieved from /home/airflow/.local/lib/python3.12/site-packages/airflow/example_dags/example_xcomargs.py
[2024-09-22T23:41:31.810+0000] {logging_mixin.py:190} INFO - [2024-09-22T23:41:31.809+0000] {dag.py:3229} INFO - Sync 2 DAGs
[2024-09-22T23:41:31.834+0000] {logging_mixin.py:190} INFO - [2024-09-22T23:41:31.834+0000] {dag.py:4156} INFO - Setting next_dagrun for example_xcom_args to None, run_after=None
[2024-09-22T23:41:31.840+0000] {logging_mixin.py:190} INFO - [2024-09-22T23:41:31.840+0000] {dag.py:4156} INFO - Setting next_dagrun for example_xcom_args_with_operators to None, run_after=None
[2024-09-22T23:41:31.863+0000] {processor.py:208} INFO - Processing /home/airflow/.local/lib/python3.12/site-packages/airflow/example_dags/example_xcomargs.py took 0.129 seconds
[2024-09-22T23:42:03.857+0000] {processor.py:186} INFO - Started process (PID=2019) to work on /home/airflow/.local/lib/python3.12/site-packages/airflow/example_dags/example_xcomargs.py
[2024-09-22T23:42:03.858+0000] {processor.py:914} INFO - Processing file /home/airflow/.local/lib/python3.12/site-packages/airflow/example_dags/example_xcomargs.py for tasks to queue
[2024-09-22T23:42:03.862+0000] {logging_mixin.py:190} INFO - [2024-09-22T23:42:03.861+0000] {dagbag.py:587} INFO - Filling up the DagBag from /home/airflow/.local/lib/python3.12/site-packages/airflow/example_dags/example_xcomargs.py
[2024-09-22T23:42:04.168+0000] {processor.py:925} INFO - DAG(s) 'example_xcom_args_with_operators', 'example_xcom_args' retrieved from /home/airflow/.local/lib/python3.12/site-packages/airflow/example_dags/example_xcomargs.py
[2024-09-22T23:42:04.202+0000] {logging_mixin.py:190} INFO - [2024-09-22T23:42:04.202+0000] {dag.py:3229} INFO - Sync 2 DAGs
[2024-09-22T23:42:04.219+0000] {logging_mixin.py:190} INFO - [2024-09-22T23:42:04.218+0000] {dag.py:4156} INFO - Setting next_dagrun for example_xcom_args to None, run_after=None
[2024-09-22T23:42:04.223+0000] {logging_mixin.py:190} INFO - [2024-09-22T23:42:04.223+0000] {dag.py:4156} INFO - Setting next_dagrun for example_xcom_args_with_operators to None, run_after=None
[2024-09-22T23:42:04.245+0000] {processor.py:208} INFO - Processing /home/airflow/.local/lib/python3.12/site-packages/airflow/example_dags/example_xcomargs.py took 0.400 seconds
[2024-09-22T23:42:34.574+0000] {processor.py:186} INFO - Started process (PID=2082) to work on /home/airflow/.local/lib/python3.12/site-packages/airflow/example_dags/example_xcomargs.py
[2024-09-22T23:42:34.576+0000] {processor.py:914} INFO - Processing file /home/airflow/.local/lib/python3.12/site-packages/airflow/example_dags/example_xcomargs.py for tasks to queue
[2024-09-22T23:42:34.580+0000] {logging_mixin.py:190} INFO - [2024-09-22T23:42:34.579+0000] {dagbag.py:587} INFO - Filling up the DagBag from /home/airflow/.local/lib/python3.12/site-packages/airflow/example_dags/example_xcomargs.py
[2024-09-22T23:42:34.603+0000] {processor.py:925} INFO - DAG(s) 'example_xcom_args_with_operators', 'example_xcom_args' retrieved from /home/airflow/.local/lib/python3.12/site-packages/airflow/example_dags/example_xcomargs.py
[2024-09-22T23:42:34.637+0000] {logging_mixin.py:190} INFO - [2024-09-22T23:42:34.637+0000] {dag.py:3229} INFO - Sync 2 DAGs
[2024-09-22T23:42:34.661+0000] {logging_mixin.py:190} INFO - [2024-09-22T23:42:34.660+0000] {dag.py:4156} INFO - Setting next_dagrun for example_xcom_args to None, run_after=None
[2024-09-22T23:42:34.668+0000] {logging_mixin.py:190} INFO - [2024-09-22T23:42:34.667+0000] {dag.py:4156} INFO - Setting next_dagrun for example_xcom_args_with_operators to None, run_after=None
[2024-09-22T23:42:34.694+0000] {processor.py:208} INFO - Processing /home/airflow/.local/lib/python3.12/site-packages/airflow/example_dags/example_xcomargs.py took 0.129 seconds
[2024-09-22T23:43:05.611+0000] {processor.py:186} INFO - Started process (PID=2144) to work on /home/airflow/.local/lib/python3.12/site-packages/airflow/example_dags/example_xcomargs.py
[2024-09-22T23:43:05.614+0000] {processor.py:914} INFO - Processing file /home/airflow/.local/lib/python3.12/site-packages/airflow/example_dags/example_xcomargs.py for tasks to queue
[2024-09-22T23:43:05.620+0000] {logging_mixin.py:190} INFO - [2024-09-22T23:43:05.619+0000] {dagbag.py:587} INFO - Filling up the DagBag from /home/airflow/.local/lib/python3.12/site-packages/airflow/example_dags/example_xcomargs.py
[2024-09-22T23:43:05.668+0000] {processor.py:925} INFO - DAG(s) 'example_xcom_args', 'example_xcom_args_with_operators' retrieved from /home/airflow/.local/lib/python3.12/site-packages/airflow/example_dags/example_xcomargs.py
[2024-09-22T23:43:05.761+0000] {logging_mixin.py:190} INFO - [2024-09-22T23:43:05.760+0000] {dag.py:3229} INFO - Sync 2 DAGs
[2024-09-22T23:43:05.821+0000] {logging_mixin.py:190} INFO - [2024-09-22T23:43:05.819+0000] {dag.py:4156} INFO - Setting next_dagrun for example_xcom_args to None, run_after=None
[2024-09-22T23:43:05.830+0000] {logging_mixin.py:190} INFO - [2024-09-22T23:43:05.830+0000] {dag.py:4156} INFO - Setting next_dagrun for example_xcom_args_with_operators to None, run_after=None
[2024-09-22T23:43:05.879+0000] {processor.py:208} INFO - Processing /home/airflow/.local/lib/python3.12/site-packages/airflow/example_dags/example_xcomargs.py took 0.289 seconds
[2024-09-22T23:43:36.415+0000] {processor.py:186} INFO - Started process (PID=2206) to work on /home/airflow/.local/lib/python3.12/site-packages/airflow/example_dags/example_xcomargs.py
[2024-09-22T23:43:36.417+0000] {processor.py:914} INFO - Processing file /home/airflow/.local/lib/python3.12/site-packages/airflow/example_dags/example_xcomargs.py for tasks to queue
[2024-09-22T23:43:36.420+0000] {logging_mixin.py:190} INFO - [2024-09-22T23:43:36.420+0000] {dagbag.py:587} INFO - Filling up the DagBag from /home/airflow/.local/lib/python3.12/site-packages/airflow/example_dags/example_xcomargs.py
[2024-09-22T23:43:36.443+0000] {processor.py:925} INFO - DAG(s) 'example_xcom_args', 'example_xcom_args_with_operators' retrieved from /home/airflow/.local/lib/python3.12/site-packages/airflow/example_dags/example_xcomargs.py
[2024-09-22T23:43:36.481+0000] {logging_mixin.py:190} INFO - [2024-09-22T23:43:36.481+0000] {dag.py:3229} INFO - Sync 2 DAGs
[2024-09-22T23:43:36.516+0000] {logging_mixin.py:190} INFO - [2024-09-22T23:43:36.516+0000] {dag.py:4156} INFO - Setting next_dagrun for example_xcom_args to None, run_after=None
[2024-09-22T23:43:36.531+0000] {logging_mixin.py:190} INFO - [2024-09-22T23:43:36.531+0000] {dag.py:4156} INFO - Setting next_dagrun for example_xcom_args_with_operators to None, run_after=None
[2024-09-22T23:43:36.585+0000] {processor.py:208} INFO - Processing /home/airflow/.local/lib/python3.12/site-packages/airflow/example_dags/example_xcomargs.py took 0.183 seconds
[2024-09-22T23:44:06.716+0000] {processor.py:186} INFO - Started process (PID=2269) to work on /home/airflow/.local/lib/python3.12/site-packages/airflow/example_dags/example_xcomargs.py
[2024-09-22T23:44:06.717+0000] {processor.py:914} INFO - Processing file /home/airflow/.local/lib/python3.12/site-packages/airflow/example_dags/example_xcomargs.py for tasks to queue
[2024-09-22T23:44:06.722+0000] {logging_mixin.py:190} INFO - [2024-09-22T23:44:06.721+0000] {dagbag.py:587} INFO - Filling up the DagBag from /home/airflow/.local/lib/python3.12/site-packages/airflow/example_dags/example_xcomargs.py
[2024-09-22T23:44:06.746+0000] {processor.py:925} INFO - DAG(s) 'example_xcom_args', 'example_xcom_args_with_operators' retrieved from /home/airflow/.local/lib/python3.12/site-packages/airflow/example_dags/example_xcomargs.py
[2024-09-22T23:44:06.781+0000] {logging_mixin.py:190} INFO - [2024-09-22T23:44:06.781+0000] {dag.py:3229} INFO - Sync 2 DAGs
[2024-09-22T23:44:06.805+0000] {logging_mixin.py:190} INFO - [2024-09-22T23:44:06.804+0000] {dag.py:4156} INFO - Setting next_dagrun for example_xcom_args to None, run_after=None
[2024-09-22T23:44:06.810+0000] {logging_mixin.py:190} INFO - [2024-09-22T23:44:06.810+0000] {dag.py:4156} INFO - Setting next_dagrun for example_xcom_args_with_operators to None, run_after=None
[2024-09-22T23:44:06.835+0000] {processor.py:208} INFO - Processing /home/airflow/.local/lib/python3.12/site-packages/airflow/example_dags/example_xcomargs.py took 0.129 seconds
[2024-09-22T23:46:52.320+0000] {processor.py:186} INFO - Started process (PID=75) to work on /home/airflow/.local/lib/python3.12/site-packages/airflow/example_dags/example_xcomargs.py
[2024-09-22T23:46:52.322+0000] {processor.py:914} INFO - Processing file /home/airflow/.local/lib/python3.12/site-packages/airflow/example_dags/example_xcomargs.py for tasks to queue
[2024-09-22T23:46:52.327+0000] {logging_mixin.py:190} INFO - [2024-09-22T23:46:52.327+0000] {dagbag.py:587} INFO - Filling up the DagBag from /home/airflow/.local/lib/python3.12/site-packages/airflow/example_dags/example_xcomargs.py
[2024-09-22T23:46:52.359+0000] {processor.py:925} INFO - DAG(s) 'example_xcom_args', 'example_xcom_args_with_operators' retrieved from /home/airflow/.local/lib/python3.12/site-packages/airflow/example_dags/example_xcomargs.py
[2024-09-22T23:46:52.434+0000] {logging_mixin.py:190} INFO - [2024-09-22T23:46:52.434+0000] {dag.py:3229} INFO - Sync 2 DAGs
[2024-09-22T23:46:52.469+0000] {logging_mixin.py:190} INFO - [2024-09-22T23:46:52.469+0000] {dag.py:4156} INFO - Setting next_dagrun for example_xcom_args to None, run_after=None
[2024-09-22T23:46:52.477+0000] {logging_mixin.py:190} INFO - [2024-09-22T23:46:52.476+0000] {dag.py:4156} INFO - Setting next_dagrun for example_xcom_args_with_operators to None, run_after=None
[2024-09-22T23:46:52.509+0000] {processor.py:208} INFO - Processing /home/airflow/.local/lib/python3.12/site-packages/airflow/example_dags/example_xcomargs.py took 0.203 seconds
[2024-09-22T23:47:23.256+0000] {processor.py:186} INFO - Started process (PID=137) to work on /home/airflow/.local/lib/python3.12/site-packages/airflow/example_dags/example_xcomargs.py
[2024-09-22T23:47:23.258+0000] {processor.py:914} INFO - Processing file /home/airflow/.local/lib/python3.12/site-packages/airflow/example_dags/example_xcomargs.py for tasks to queue
[2024-09-22T23:47:23.261+0000] {logging_mixin.py:190} INFO - [2024-09-22T23:47:23.261+0000] {dagbag.py:587} INFO - Filling up the DagBag from /home/airflow/.local/lib/python3.12/site-packages/airflow/example_dags/example_xcomargs.py
[2024-09-22T23:47:23.283+0000] {processor.py:925} INFO - DAG(s) 'example_xcom_args_with_operators', 'example_xcom_args' retrieved from /home/airflow/.local/lib/python3.12/site-packages/airflow/example_dags/example_xcomargs.py
[2024-09-22T23:47:23.321+0000] {logging_mixin.py:190} INFO - [2024-09-22T23:47:23.321+0000] {dag.py:3229} INFO - Sync 2 DAGs
[2024-09-22T23:47:23.344+0000] {logging_mixin.py:190} INFO - [2024-09-22T23:47:23.344+0000] {dag.py:4156} INFO - Setting next_dagrun for example_xcom_args to None, run_after=None
[2024-09-22T23:47:23.350+0000] {logging_mixin.py:190} INFO - [2024-09-22T23:47:23.349+0000] {dag.py:4156} INFO - Setting next_dagrun for example_xcom_args_with_operators to None, run_after=None
[2024-09-22T23:47:23.373+0000] {processor.py:208} INFO - Processing /home/airflow/.local/lib/python3.12/site-packages/airflow/example_dags/example_xcomargs.py took 0.128 seconds
[2024-09-22T23:47:54.117+0000] {processor.py:186} INFO - Started process (PID=200) to work on /home/airflow/.local/lib/python3.12/site-packages/airflow/example_dags/example_xcomargs.py
[2024-09-22T23:47:54.119+0000] {processor.py:914} INFO - Processing file /home/airflow/.local/lib/python3.12/site-packages/airflow/example_dags/example_xcomargs.py for tasks to queue
[2024-09-22T23:47:54.123+0000] {logging_mixin.py:190} INFO - [2024-09-22T23:47:54.122+0000] {dagbag.py:587} INFO - Filling up the DagBag from /home/airflow/.local/lib/python3.12/site-packages/airflow/example_dags/example_xcomargs.py
[2024-09-22T23:47:54.149+0000] {processor.py:925} INFO - DAG(s) 'example_xcom_args', 'example_xcom_args_with_operators' retrieved from /home/airflow/.local/lib/python3.12/site-packages/airflow/example_dags/example_xcomargs.py
[2024-09-22T23:47:54.182+0000] {logging_mixin.py:190} INFO - [2024-09-22T23:47:54.182+0000] {dag.py:3229} INFO - Sync 2 DAGs
[2024-09-22T23:47:54.208+0000] {logging_mixin.py:190} INFO - [2024-09-22T23:47:54.207+0000] {dag.py:4156} INFO - Setting next_dagrun for example_xcom_args to None, run_after=None
[2024-09-22T23:47:54.213+0000] {logging_mixin.py:190} INFO - [2024-09-22T23:47:54.212+0000] {dag.py:4156} INFO - Setting next_dagrun for example_xcom_args_with_operators to None, run_after=None
[2024-09-22T23:47:54.237+0000] {processor.py:208} INFO - Processing /home/airflow/.local/lib/python3.12/site-packages/airflow/example_dags/example_xcomargs.py took 0.130 seconds
[2024-09-22T23:48:24.653+0000] {processor.py:186} INFO - Started process (PID=263) to work on /home/airflow/.local/lib/python3.12/site-packages/airflow/example_dags/example_xcomargs.py
[2024-09-22T23:48:24.654+0000] {processor.py:914} INFO - Processing file /home/airflow/.local/lib/python3.12/site-packages/airflow/example_dags/example_xcomargs.py for tasks to queue
[2024-09-22T23:48:24.657+0000] {logging_mixin.py:190} INFO - [2024-09-22T23:48:24.657+0000] {dagbag.py:587} INFO - Filling up the DagBag from /home/airflow/.local/lib/python3.12/site-packages/airflow/example_dags/example_xcomargs.py
[2024-09-22T23:48:24.677+0000] {processor.py:925} INFO - DAG(s) 'example_xcom_args_with_operators', 'example_xcom_args' retrieved from /home/airflow/.local/lib/python3.12/site-packages/airflow/example_dags/example_xcomargs.py
[2024-09-22T23:48:24.720+0000] {logging_mixin.py:190} INFO - [2024-09-22T23:48:24.719+0000] {dag.py:3229} INFO - Sync 2 DAGs
[2024-09-22T23:48:24.744+0000] {logging_mixin.py:190} INFO - [2024-09-22T23:48:24.743+0000] {dag.py:4156} INFO - Setting next_dagrun for example_xcom_args to None, run_after=None
[2024-09-22T23:48:24.749+0000] {logging_mixin.py:190} INFO - [2024-09-22T23:48:24.749+0000] {dag.py:4156} INFO - Setting next_dagrun for example_xcom_args_with_operators to None, run_after=None
[2024-09-22T23:48:24.770+0000] {processor.py:208} INFO - Processing /home/airflow/.local/lib/python3.12/site-packages/airflow/example_dags/example_xcomargs.py took 0.127 seconds
[2024-09-22T23:48:55.358+0000] {processor.py:186} INFO - Started process (PID=326) to work on /home/airflow/.local/lib/python3.12/site-packages/airflow/example_dags/example_xcomargs.py
[2024-09-22T23:48:55.360+0000] {processor.py:914} INFO - Processing file /home/airflow/.local/lib/python3.12/site-packages/airflow/example_dags/example_xcomargs.py for tasks to queue
[2024-09-22T23:48:55.364+0000] {logging_mixin.py:190} INFO - [2024-09-22T23:48:55.363+0000] {dagbag.py:587} INFO - Filling up the DagBag from /home/airflow/.local/lib/python3.12/site-packages/airflow/example_dags/example_xcomargs.py
[2024-09-22T23:48:55.384+0000] {processor.py:925} INFO - DAG(s) 'example_xcom_args', 'example_xcom_args_with_operators' retrieved from /home/airflow/.local/lib/python3.12/site-packages/airflow/example_dags/example_xcomargs.py
[2024-09-22T23:48:55.422+0000] {logging_mixin.py:190} INFO - [2024-09-22T23:48:55.421+0000] {dag.py:3229} INFO - Sync 2 DAGs
[2024-09-22T23:48:55.443+0000] {logging_mixin.py:190} INFO - [2024-09-22T23:48:55.443+0000] {dag.py:4156} INFO - Setting next_dagrun for example_xcom_args to None, run_after=None
[2024-09-22T23:48:55.448+0000] {logging_mixin.py:190} INFO - [2024-09-22T23:48:55.448+0000] {dag.py:4156} INFO - Setting next_dagrun for example_xcom_args_with_operators to None, run_after=None
[2024-09-22T23:48:55.470+0000] {processor.py:208} INFO - Processing /home/airflow/.local/lib/python3.12/site-packages/airflow/example_dags/example_xcomargs.py took 0.125 seconds
[2024-09-22T23:49:25.940+0000] {processor.py:186} INFO - Started process (PID=389) to work on /home/airflow/.local/lib/python3.12/site-packages/airflow/example_dags/example_xcomargs.py
[2024-09-22T23:49:25.944+0000] {processor.py:914} INFO - Processing file /home/airflow/.local/lib/python3.12/site-packages/airflow/example_dags/example_xcomargs.py for tasks to queue
[2024-09-22T23:49:25.950+0000] {logging_mixin.py:190} INFO - [2024-09-22T23:49:25.949+0000] {dagbag.py:587} INFO - Filling up the DagBag from /home/airflow/.local/lib/python3.12/site-packages/airflow/example_dags/example_xcomargs.py
[2024-09-22T23:49:25.974+0000] {processor.py:925} INFO - DAG(s) 'example_xcom_args', 'example_xcom_args_with_operators' retrieved from /home/airflow/.local/lib/python3.12/site-packages/airflow/example_dags/example_xcomargs.py
[2024-09-22T23:49:26.026+0000] {logging_mixin.py:190} INFO - [2024-09-22T23:49:26.026+0000] {dag.py:3229} INFO - Sync 2 DAGs
[2024-09-22T23:49:26.066+0000] {logging_mixin.py:190} INFO - [2024-09-22T23:49:26.065+0000] {dag.py:4156} INFO - Setting next_dagrun for example_xcom_args to None, run_after=None
[2024-09-22T23:49:26.074+0000] {logging_mixin.py:190} INFO - [2024-09-22T23:49:26.073+0000] {dag.py:4156} INFO - Setting next_dagrun for example_xcom_args_with_operators to None, run_after=None
[2024-09-22T23:49:26.113+0000] {processor.py:208} INFO - Processing /home/airflow/.local/lib/python3.12/site-packages/airflow/example_dags/example_xcomargs.py took 0.192 seconds
[2024-09-22T23:49:56.183+0000] {processor.py:186} INFO - Started process (PID=452) to work on /home/airflow/.local/lib/python3.12/site-packages/airflow/example_dags/example_xcomargs.py
[2024-09-22T23:49:56.185+0000] {processor.py:914} INFO - Processing file /home/airflow/.local/lib/python3.12/site-packages/airflow/example_dags/example_xcomargs.py for tasks to queue
[2024-09-22T23:49:56.188+0000] {logging_mixin.py:190} INFO - [2024-09-22T23:49:56.188+0000] {dagbag.py:587} INFO - Filling up the DagBag from /home/airflow/.local/lib/python3.12/site-packages/airflow/example_dags/example_xcomargs.py
[2024-09-22T23:49:56.211+0000] {processor.py:925} INFO - DAG(s) 'example_xcom_args', 'example_xcom_args_with_operators' retrieved from /home/airflow/.local/lib/python3.12/site-packages/airflow/example_dags/example_xcomargs.py
[2024-09-22T23:49:56.246+0000] {logging_mixin.py:190} INFO - [2024-09-22T23:49:56.246+0000] {dag.py:3229} INFO - Sync 2 DAGs
[2024-09-22T23:49:56.266+0000] {logging_mixin.py:190} INFO - [2024-09-22T23:49:56.266+0000] {dag.py:4156} INFO - Setting next_dagrun for example_xcom_args to None, run_after=None
[2024-09-22T23:49:56.271+0000] {logging_mixin.py:190} INFO - [2024-09-22T23:49:56.271+0000] {dag.py:4156} INFO - Setting next_dagrun for example_xcom_args_with_operators to None, run_after=None
[2024-09-22T23:49:56.296+0000] {processor.py:208} INFO - Processing /home/airflow/.local/lib/python3.12/site-packages/airflow/example_dags/example_xcomargs.py took 0.122 seconds
[2024-09-22T23:50:26.809+0000] {processor.py:186} INFO - Started process (PID=515) to work on /home/airflow/.local/lib/python3.12/site-packages/airflow/example_dags/example_xcomargs.py
[2024-09-22T23:50:26.811+0000] {processor.py:914} INFO - Processing file /home/airflow/.local/lib/python3.12/site-packages/airflow/example_dags/example_xcomargs.py for tasks to queue
[2024-09-22T23:50:26.814+0000] {logging_mixin.py:190} INFO - [2024-09-22T23:50:26.814+0000] {dagbag.py:587} INFO - Filling up the DagBag from /home/airflow/.local/lib/python3.12/site-packages/airflow/example_dags/example_xcomargs.py
[2024-09-22T23:50:26.837+0000] {processor.py:925} INFO - DAG(s) 'example_xcom_args_with_operators', 'example_xcom_args' retrieved from /home/airflow/.local/lib/python3.12/site-packages/airflow/example_dags/example_xcomargs.py
[2024-09-22T23:50:26.870+0000] {logging_mixin.py:190} INFO - [2024-09-22T23:50:26.870+0000] {dag.py:3229} INFO - Sync 2 DAGs
[2024-09-22T23:50:26.891+0000] {logging_mixin.py:190} INFO - [2024-09-22T23:50:26.891+0000] {dag.py:4156} INFO - Setting next_dagrun for example_xcom_args to None, run_after=None
[2024-09-22T23:50:26.896+0000] {logging_mixin.py:190} INFO - [2024-09-22T23:50:26.896+0000] {dag.py:4156} INFO - Setting next_dagrun for example_xcom_args_with_operators to None, run_after=None
[2024-09-22T23:50:26.916+0000] {processor.py:208} INFO - Processing /home/airflow/.local/lib/python3.12/site-packages/airflow/example_dags/example_xcomargs.py took 0.117 seconds
[2024-09-22T23:50:57.153+0000] {processor.py:186} INFO - Started process (PID=578) to work on /home/airflow/.local/lib/python3.12/site-packages/airflow/example_dags/example_xcomargs.py
[2024-09-22T23:50:57.155+0000] {processor.py:914} INFO - Processing file /home/airflow/.local/lib/python3.12/site-packages/airflow/example_dags/example_xcomargs.py for tasks to queue
[2024-09-22T23:50:57.159+0000] {logging_mixin.py:190} INFO - [2024-09-22T23:50:57.158+0000] {dagbag.py:587} INFO - Filling up the DagBag from /home/airflow/.local/lib/python3.12/site-packages/airflow/example_dags/example_xcomargs.py
[2024-09-22T23:50:57.182+0000] {processor.py:925} INFO - DAG(s) 'example_xcom_args', 'example_xcom_args_with_operators' retrieved from /home/airflow/.local/lib/python3.12/site-packages/airflow/example_dags/example_xcomargs.py
[2024-09-22T23:50:57.219+0000] {logging_mixin.py:190} INFO - [2024-09-22T23:50:57.219+0000] {dag.py:3229} INFO - Sync 2 DAGs
[2024-09-22T23:50:57.241+0000] {logging_mixin.py:190} INFO - [2024-09-22T23:50:57.241+0000] {dag.py:4156} INFO - Setting next_dagrun for example_xcom_args to None, run_after=None
[2024-09-22T23:50:57.247+0000] {logging_mixin.py:190} INFO - [2024-09-22T23:50:57.246+0000] {dag.py:4156} INFO - Setting next_dagrun for example_xcom_args_with_operators to None, run_after=None
[2024-09-22T23:50:57.273+0000] {processor.py:208} INFO - Processing /home/airflow/.local/lib/python3.12/site-packages/airflow/example_dags/example_xcomargs.py took 0.131 seconds
[2024-09-22T23:51:27.887+0000] {processor.py:186} INFO - Started process (PID=642) to work on /home/airflow/.local/lib/python3.12/site-packages/airflow/example_dags/example_xcomargs.py
[2024-09-22T23:51:27.889+0000] {processor.py:914} INFO - Processing file /home/airflow/.local/lib/python3.12/site-packages/airflow/example_dags/example_xcomargs.py for tasks to queue
[2024-09-22T23:51:27.894+0000] {logging_mixin.py:190} INFO - [2024-09-22T23:51:27.893+0000] {dagbag.py:587} INFO - Filling up the DagBag from /home/airflow/.local/lib/python3.12/site-packages/airflow/example_dags/example_xcomargs.py
[2024-09-22T23:51:27.924+0000] {processor.py:925} INFO - DAG(s) 'example_xcom_args', 'example_xcom_args_with_operators' retrieved from /home/airflow/.local/lib/python3.12/site-packages/airflow/example_dags/example_xcomargs.py
[2024-09-22T23:51:27.958+0000] {logging_mixin.py:190} INFO - [2024-09-22T23:51:27.958+0000] {dag.py:3229} INFO - Sync 2 DAGs
[2024-09-22T23:51:27.986+0000] {logging_mixin.py:190} INFO - [2024-09-22T23:51:27.986+0000] {dag.py:4156} INFO - Setting next_dagrun for example_xcom_args to None, run_after=None
[2024-09-22T23:51:27.994+0000] {logging_mixin.py:190} INFO - [2024-09-22T23:51:27.993+0000] {dag.py:4156} INFO - Setting next_dagrun for example_xcom_args_with_operators to None, run_after=None
[2024-09-22T23:51:28.023+0000] {processor.py:208} INFO - Processing /home/airflow/.local/lib/python3.12/site-packages/airflow/example_dags/example_xcomargs.py took 0.145 seconds
[2024-09-22T23:51:58.219+0000] {processor.py:186} INFO - Started process (PID=706) to work on /home/airflow/.local/lib/python3.12/site-packages/airflow/example_dags/example_xcomargs.py
[2024-09-22T23:51:58.221+0000] {processor.py:914} INFO - Processing file /home/airflow/.local/lib/python3.12/site-packages/airflow/example_dags/example_xcomargs.py for tasks to queue
[2024-09-22T23:51:58.225+0000] {logging_mixin.py:190} INFO - [2024-09-22T23:51:58.224+0000] {dagbag.py:587} INFO - Filling up the DagBag from /home/airflow/.local/lib/python3.12/site-packages/airflow/example_dags/example_xcomargs.py
[2024-09-22T23:51:58.247+0000] {processor.py:925} INFO - DAG(s) 'example_xcom_args_with_operators', 'example_xcom_args' retrieved from /home/airflow/.local/lib/python3.12/site-packages/airflow/example_dags/example_xcomargs.py
[2024-09-22T23:51:58.290+0000] {logging_mixin.py:190} INFO - [2024-09-22T23:51:58.289+0000] {dag.py:3229} INFO - Sync 2 DAGs
[2024-09-22T23:51:58.315+0000] {logging_mixin.py:190} INFO - [2024-09-22T23:51:58.314+0000] {dag.py:4156} INFO - Setting next_dagrun for example_xcom_args to None, run_after=None
[2024-09-22T23:51:58.320+0000] {logging_mixin.py:190} INFO - [2024-09-22T23:51:58.320+0000] {dag.py:4156} INFO - Setting next_dagrun for example_xcom_args_with_operators to None, run_after=None
[2024-09-22T23:51:58.343+0000] {processor.py:208} INFO - Processing /home/airflow/.local/lib/python3.12/site-packages/airflow/example_dags/example_xcomargs.py took 0.133 seconds
[2024-09-22T23:52:28.563+0000] {processor.py:186} INFO - Started process (PID=769) to work on /home/airflow/.local/lib/python3.12/site-packages/airflow/example_dags/example_xcomargs.py
[2024-09-22T23:52:28.565+0000] {processor.py:914} INFO - Processing file /home/airflow/.local/lib/python3.12/site-packages/airflow/example_dags/example_xcomargs.py for tasks to queue
[2024-09-22T23:52:28.570+0000] {logging_mixin.py:190} INFO - [2024-09-22T23:52:28.569+0000] {dagbag.py:587} INFO - Filling up the DagBag from /home/airflow/.local/lib/python3.12/site-packages/airflow/example_dags/example_xcomargs.py
[2024-09-22T23:52:28.601+0000] {processor.py:925} INFO - DAG(s) 'example_xcom_args', 'example_xcom_args_with_operators' retrieved from /home/airflow/.local/lib/python3.12/site-packages/airflow/example_dags/example_xcomargs.py
[2024-09-22T23:52:28.648+0000] {logging_mixin.py:190} INFO - [2024-09-22T23:52:28.648+0000] {dag.py:3229} INFO - Sync 2 DAGs
[2024-09-22T23:52:28.675+0000] {logging_mixin.py:190} INFO - [2024-09-22T23:52:28.675+0000] {dag.py:4156} INFO - Setting next_dagrun for example_xcom_args to None, run_after=None
[2024-09-22T23:52:28.681+0000] {logging_mixin.py:190} INFO - [2024-09-22T23:52:28.681+0000] {dag.py:4156} INFO - Setting next_dagrun for example_xcom_args_with_operators to None, run_after=None
[2024-09-22T23:52:28.707+0000] {processor.py:208} INFO - Processing /home/airflow/.local/lib/python3.12/site-packages/airflow/example_dags/example_xcomargs.py took 0.158 seconds
[2024-09-22T23:52:59.161+0000] {processor.py:186} INFO - Started process (PID=832) to work on /home/airflow/.local/lib/python3.12/site-packages/airflow/example_dags/example_xcomargs.py
[2024-09-22T23:52:59.164+0000] {processor.py:914} INFO - Processing file /home/airflow/.local/lib/python3.12/site-packages/airflow/example_dags/example_xcomargs.py for tasks to queue
[2024-09-22T23:52:59.169+0000] {logging_mixin.py:190} INFO - [2024-09-22T23:52:59.168+0000] {dagbag.py:587} INFO - Filling up the DagBag from /home/airflow/.local/lib/python3.12/site-packages/airflow/example_dags/example_xcomargs.py
[2024-09-22T23:52:59.197+0000] {processor.py:925} INFO - DAG(s) 'example_xcom_args_with_operators', 'example_xcom_args' retrieved from /home/airflow/.local/lib/python3.12/site-packages/airflow/example_dags/example_xcomargs.py
[2024-09-22T23:52:59.233+0000] {logging_mixin.py:190} INFO - [2024-09-22T23:52:59.233+0000] {dag.py:3229} INFO - Sync 2 DAGs
[2024-09-22T23:52:59.263+0000] {logging_mixin.py:190} INFO - [2024-09-22T23:52:59.263+0000] {dag.py:4156} INFO - Setting next_dagrun for example_xcom_args to None, run_after=None
[2024-09-22T23:52:59.270+0000] {logging_mixin.py:190} INFO - [2024-09-22T23:52:59.270+0000] {dag.py:4156} INFO - Setting next_dagrun for example_xcom_args_with_operators to None, run_after=None
[2024-09-22T23:52:59.293+0000] {processor.py:208} INFO - Processing /home/airflow/.local/lib/python3.12/site-packages/airflow/example_dags/example_xcomargs.py took 0.143 seconds
[2024-09-22T23:53:30.393+0000] {processor.py:186} INFO - Started process (PID=894) to work on /home/airflow/.local/lib/python3.12/site-packages/airflow/example_dags/example_xcomargs.py
[2024-09-22T23:53:30.396+0000] {processor.py:914} INFO - Processing file /home/airflow/.local/lib/python3.12/site-packages/airflow/example_dags/example_xcomargs.py for tasks to queue
[2024-09-22T23:53:30.405+0000] {logging_mixin.py:190} INFO - [2024-09-22T23:53:30.404+0000] {dagbag.py:587} INFO - Filling up the DagBag from /home/airflow/.local/lib/python3.12/site-packages/airflow/example_dags/example_xcomargs.py
[2024-09-22T23:53:30.455+0000] {processor.py:925} INFO - DAG(s) 'example_xcom_args', 'example_xcom_args_with_operators' retrieved from /home/airflow/.local/lib/python3.12/site-packages/airflow/example_dags/example_xcomargs.py
[2024-09-22T23:53:30.531+0000] {logging_mixin.py:190} INFO - [2024-09-22T23:53:30.531+0000] {dag.py:3229} INFO - Sync 2 DAGs
[2024-09-22T23:53:30.579+0000] {logging_mixin.py:190} INFO - [2024-09-22T23:53:30.578+0000] {dag.py:4156} INFO - Setting next_dagrun for example_xcom_args to None, run_after=None
[2024-09-22T23:53:30.590+0000] {logging_mixin.py:190} INFO - [2024-09-22T23:53:30.590+0000] {dag.py:4156} INFO - Setting next_dagrun for example_xcom_args_with_operators to None, run_after=None
[2024-09-22T23:53:30.641+0000] {processor.py:208} INFO - Processing /home/airflow/.local/lib/python3.12/site-packages/airflow/example_dags/example_xcomargs.py took 0.275 seconds
[2024-09-22T23:54:00.854+0000] {processor.py:186} INFO - Started process (PID=957) to work on /home/airflow/.local/lib/python3.12/site-packages/airflow/example_dags/example_xcomargs.py
[2024-09-22T23:54:00.856+0000] {processor.py:914} INFO - Processing file /home/airflow/.local/lib/python3.12/site-packages/airflow/example_dags/example_xcomargs.py for tasks to queue
[2024-09-22T23:54:00.861+0000] {logging_mixin.py:190} INFO - [2024-09-22T23:54:00.860+0000] {dagbag.py:587} INFO - Filling up the DagBag from /home/airflow/.local/lib/python3.12/site-packages/airflow/example_dags/example_xcomargs.py
[2024-09-22T23:54:00.901+0000] {processor.py:925} INFO - DAG(s) 'example_xcom_args', 'example_xcom_args_with_operators' retrieved from /home/airflow/.local/lib/python3.12/site-packages/airflow/example_dags/example_xcomargs.py
[2024-09-22T23:54:00.953+0000] {logging_mixin.py:190} INFO - [2024-09-22T23:54:00.953+0000] {dag.py:3229} INFO - Sync 2 DAGs
[2024-09-22T23:54:00.985+0000] {logging_mixin.py:190} INFO - [2024-09-22T23:54:00.984+0000] {dag.py:4156} INFO - Setting next_dagrun for example_xcom_args to None, run_after=None
[2024-09-22T23:54:00.990+0000] {logging_mixin.py:190} INFO - [2024-09-22T23:54:00.990+0000] {dag.py:4156} INFO - Setting next_dagrun for example_xcom_args_with_operators to None, run_after=None
[2024-09-22T23:54:01.020+0000] {processor.py:208} INFO - Processing /home/airflow/.local/lib/python3.12/site-packages/airflow/example_dags/example_xcomargs.py took 0.180 seconds
[2024-09-22T23:54:31.857+0000] {processor.py:186} INFO - Started process (PID=1020) to work on /home/airflow/.local/lib/python3.12/site-packages/airflow/example_dags/example_xcomargs.py
[2024-09-22T23:54:31.859+0000] {processor.py:914} INFO - Processing file /home/airflow/.local/lib/python3.12/site-packages/airflow/example_dags/example_xcomargs.py for tasks to queue
[2024-09-22T23:54:31.863+0000] {logging_mixin.py:190} INFO - [2024-09-22T23:54:31.863+0000] {dagbag.py:587} INFO - Filling up the DagBag from /home/airflow/.local/lib/python3.12/site-packages/airflow/example_dags/example_xcomargs.py
[2024-09-22T23:54:31.884+0000] {processor.py:925} INFO - DAG(s) 'example_xcom_args_with_operators', 'example_xcom_args' retrieved from /home/airflow/.local/lib/python3.12/site-packages/airflow/example_dags/example_xcomargs.py
[2024-09-22T23:54:31.921+0000] {logging_mixin.py:190} INFO - [2024-09-22T23:54:31.920+0000] {dag.py:3229} INFO - Sync 2 DAGs
[2024-09-22T23:54:31.945+0000] {logging_mixin.py:190} INFO - [2024-09-22T23:54:31.944+0000] {dag.py:4156} INFO - Setting next_dagrun for example_xcom_args to None, run_after=None
[2024-09-22T23:54:31.950+0000] {logging_mixin.py:190} INFO - [2024-09-22T23:54:31.950+0000] {dag.py:4156} INFO - Setting next_dagrun for example_xcom_args_with_operators to None, run_after=None
[2024-09-22T23:54:31.976+0000] {processor.py:208} INFO - Processing /home/airflow/.local/lib/python3.12/site-packages/airflow/example_dags/example_xcomargs.py took 0.128 seconds
[2024-09-22T23:55:02.841+0000] {processor.py:186} INFO - Started process (PID=1083) to work on /home/airflow/.local/lib/python3.12/site-packages/airflow/example_dags/example_xcomargs.py
[2024-09-22T23:55:02.843+0000] {processor.py:914} INFO - Processing file /home/airflow/.local/lib/python3.12/site-packages/airflow/example_dags/example_xcomargs.py for tasks to queue
[2024-09-22T23:55:02.847+0000] {logging_mixin.py:190} INFO - [2024-09-22T23:55:02.846+0000] {dagbag.py:587} INFO - Filling up the DagBag from /home/airflow/.local/lib/python3.12/site-packages/airflow/example_dags/example_xcomargs.py
[2024-09-22T23:55:02.869+0000] {processor.py:925} INFO - DAG(s) 'example_xcom_args', 'example_xcom_args_with_operators' retrieved from /home/airflow/.local/lib/python3.12/site-packages/airflow/example_dags/example_xcomargs.py
[2024-09-22T23:55:02.910+0000] {logging_mixin.py:190} INFO - [2024-09-22T23:55:02.910+0000] {dag.py:3229} INFO - Sync 2 DAGs
[2024-09-22T23:55:02.944+0000] {logging_mixin.py:190} INFO - [2024-09-22T23:55:02.943+0000] {dag.py:4156} INFO - Setting next_dagrun for example_xcom_args to None, run_after=None
[2024-09-22T23:55:02.952+0000] {logging_mixin.py:190} INFO - [2024-09-22T23:55:02.951+0000] {dag.py:4156} INFO - Setting next_dagrun for example_xcom_args_with_operators to None, run_after=None
[2024-09-22T23:55:02.978+0000] {processor.py:208} INFO - Processing /home/airflow/.local/lib/python3.12/site-packages/airflow/example_dags/example_xcomargs.py took 0.148 seconds
[2024-09-22T23:55:33.219+0000] {processor.py:186} INFO - Started process (PID=1145) to work on /home/airflow/.local/lib/python3.12/site-packages/airflow/example_dags/example_xcomargs.py
[2024-09-22T23:55:33.220+0000] {processor.py:914} INFO - Processing file /home/airflow/.local/lib/python3.12/site-packages/airflow/example_dags/example_xcomargs.py for tasks to queue
[2024-09-22T23:55:33.224+0000] {logging_mixin.py:190} INFO - [2024-09-22T23:55:33.223+0000] {dagbag.py:587} INFO - Filling up the DagBag from /home/airflow/.local/lib/python3.12/site-packages/airflow/example_dags/example_xcomargs.py
[2024-09-22T23:55:33.247+0000] {processor.py:925} INFO - DAG(s) 'example_xcom_args', 'example_xcom_args_with_operators' retrieved from /home/airflow/.local/lib/python3.12/site-packages/airflow/example_dags/example_xcomargs.py
[2024-09-22T23:55:33.286+0000] {logging_mixin.py:190} INFO - [2024-09-22T23:55:33.286+0000] {dag.py:3229} INFO - Sync 2 DAGs
[2024-09-22T23:55:33.308+0000] {logging_mixin.py:190} INFO - [2024-09-22T23:55:33.308+0000] {dag.py:4156} INFO - Setting next_dagrun for example_xcom_args to None, run_after=None
[2024-09-22T23:55:33.314+0000] {logging_mixin.py:190} INFO - [2024-09-22T23:55:33.313+0000] {dag.py:4156} INFO - Setting next_dagrun for example_xcom_args_with_operators to None, run_after=None
[2024-09-22T23:55:33.340+0000] {processor.py:208} INFO - Processing /home/airflow/.local/lib/python3.12/site-packages/airflow/example_dags/example_xcomargs.py took 0.131 seconds
[2024-09-22T23:58:00.952+0000] {processor.py:186} INFO - Started process (PID=73) to work on /home/airflow/.local/lib/python3.12/site-packages/airflow/example_dags/example_xcomargs.py
[2024-09-22T23:58:00.955+0000] {processor.py:914} INFO - Processing file /home/airflow/.local/lib/python3.12/site-packages/airflow/example_dags/example_xcomargs.py for tasks to queue
[2024-09-22T23:58:00.960+0000] {logging_mixin.py:190} INFO - [2024-09-22T23:58:00.959+0000] {dagbag.py:587} INFO - Filling up the DagBag from /home/airflow/.local/lib/python3.12/site-packages/airflow/example_dags/example_xcomargs.py
[2024-09-22T23:58:00.994+0000] {processor.py:925} INFO - DAG(s) 'example_xcom_args_with_operators', 'example_xcom_args' retrieved from /home/airflow/.local/lib/python3.12/site-packages/airflow/example_dags/example_xcomargs.py
[2024-09-22T23:58:01.077+0000] {logging_mixin.py:190} INFO - [2024-09-22T23:58:01.076+0000] {dag.py:3229} INFO - Sync 2 DAGs
[2024-09-22T23:58:01.110+0000] {logging_mixin.py:190} INFO - [2024-09-22T23:58:01.110+0000] {dag.py:4156} INFO - Setting next_dagrun for example_xcom_args to None, run_after=None
[2024-09-22T23:58:01.117+0000] {logging_mixin.py:190} INFO - [2024-09-22T23:58:01.117+0000] {dag.py:4156} INFO - Setting next_dagrun for example_xcom_args_with_operators to None, run_after=None
[2024-09-22T23:58:01.148+0000] {processor.py:208} INFO - Processing /home/airflow/.local/lib/python3.12/site-packages/airflow/example_dags/example_xcomargs.py took 0.210 seconds
[2024-09-22T23:58:31.773+0000] {processor.py:186} INFO - Started process (PID=136) to work on /home/airflow/.local/lib/python3.12/site-packages/airflow/example_dags/example_xcomargs.py
[2024-09-22T23:58:31.774+0000] {processor.py:914} INFO - Processing file /home/airflow/.local/lib/python3.12/site-packages/airflow/example_dags/example_xcomargs.py for tasks to queue
[2024-09-22T23:58:31.778+0000] {logging_mixin.py:190} INFO - [2024-09-22T23:58:31.777+0000] {dagbag.py:587} INFO - Filling up the DagBag from /home/airflow/.local/lib/python3.12/site-packages/airflow/example_dags/example_xcomargs.py
[2024-09-22T23:58:31.798+0000] {processor.py:925} INFO - DAG(s) 'example_xcom_args_with_operators', 'example_xcom_args' retrieved from /home/airflow/.local/lib/python3.12/site-packages/airflow/example_dags/example_xcomargs.py
[2024-09-22T23:58:31.838+0000] {logging_mixin.py:190} INFO - [2024-09-22T23:58:31.837+0000] {dag.py:3229} INFO - Sync 2 DAGs
[2024-09-22T23:58:31.864+0000] {logging_mixin.py:190} INFO - [2024-09-22T23:58:31.863+0000] {dag.py:4156} INFO - Setting next_dagrun for example_xcom_args to None, run_after=None
[2024-09-22T23:58:31.871+0000] {logging_mixin.py:190} INFO - [2024-09-22T23:58:31.870+0000] {dag.py:4156} INFO - Setting next_dagrun for example_xcom_args_with_operators to None, run_after=None
[2024-09-22T23:58:31.896+0000] {processor.py:208} INFO - Processing /home/airflow/.local/lib/python3.12/site-packages/airflow/example_dags/example_xcomargs.py took 0.134 seconds
[2024-09-22T23:59:02.633+0000] {processor.py:186} INFO - Started process (PID=199) to work on /home/airflow/.local/lib/python3.12/site-packages/airflow/example_dags/example_xcomargs.py
[2024-09-22T23:59:02.635+0000] {processor.py:914} INFO - Processing file /home/airflow/.local/lib/python3.12/site-packages/airflow/example_dags/example_xcomargs.py for tasks to queue
[2024-09-22T23:59:02.639+0000] {logging_mixin.py:190} INFO - [2024-09-22T23:59:02.638+0000] {dagbag.py:587} INFO - Filling up the DagBag from /home/airflow/.local/lib/python3.12/site-packages/airflow/example_dags/example_xcomargs.py
[2024-09-22T23:59:02.660+0000] {processor.py:925} INFO - DAG(s) 'example_xcom_args', 'example_xcom_args_with_operators' retrieved from /home/airflow/.local/lib/python3.12/site-packages/airflow/example_dags/example_xcomargs.py
[2024-09-22T23:59:02.696+0000] {logging_mixin.py:190} INFO - [2024-09-22T23:59:02.695+0000] {dag.py:3229} INFO - Sync 2 DAGs
[2024-09-22T23:59:02.720+0000] {logging_mixin.py:190} INFO - [2024-09-22T23:59:02.720+0000] {dag.py:4156} INFO - Setting next_dagrun for example_xcom_args to None, run_after=None
[2024-09-22T23:59:02.727+0000] {logging_mixin.py:190} INFO - [2024-09-22T23:59:02.727+0000] {dag.py:4156} INFO - Setting next_dagrun for example_xcom_args_with_operators to None, run_after=None
[2024-09-22T23:59:02.750+0000] {processor.py:208} INFO - Processing /home/airflow/.local/lib/python3.12/site-packages/airflow/example_dags/example_xcomargs.py took 0.129 seconds
[2024-09-22T23:59:33.257+0000] {processor.py:186} INFO - Started process (PID=262) to work on /home/airflow/.local/lib/python3.12/site-packages/airflow/example_dags/example_xcomargs.py
[2024-09-22T23:59:33.259+0000] {processor.py:914} INFO - Processing file /home/airflow/.local/lib/python3.12/site-packages/airflow/example_dags/example_xcomargs.py for tasks to queue
[2024-09-22T23:59:33.264+0000] {logging_mixin.py:190} INFO - [2024-09-22T23:59:33.263+0000] {dagbag.py:587} INFO - Filling up the DagBag from /home/airflow/.local/lib/python3.12/site-packages/airflow/example_dags/example_xcomargs.py
[2024-09-22T23:59:33.289+0000] {processor.py:925} INFO - DAG(s) 'example_xcom_args', 'example_xcom_args_with_operators' retrieved from /home/airflow/.local/lib/python3.12/site-packages/airflow/example_dags/example_xcomargs.py
[2024-09-22T23:59:33.325+0000] {logging_mixin.py:190} INFO - [2024-09-22T23:59:33.325+0000] {dag.py:3229} INFO - Sync 2 DAGs
[2024-09-22T23:59:33.350+0000] {logging_mixin.py:190} INFO - [2024-09-22T23:59:33.349+0000] {dag.py:4156} INFO - Setting next_dagrun for example_xcom_args to None, run_after=None
[2024-09-22T23:59:33.355+0000] {logging_mixin.py:190} INFO - [2024-09-22T23:59:33.354+0000] {dag.py:4156} INFO - Setting next_dagrun for example_xcom_args_with_operators to None, run_after=None
[2024-09-22T23:59:33.376+0000] {processor.py:208} INFO - Processing /home/airflow/.local/lib/python3.12/site-packages/airflow/example_dags/example_xcomargs.py took 0.130 seconds
