[2024-09-22T23:26:28.738+0000] {processor.py:186} INFO - Started process (PID=113) to work on /home/airflow/.local/lib/python3.12/site-packages/airflow/example_dags/example_branch_python_dop_operator_3.py
[2024-09-22T23:26:28.740+0000] {processor.py:914} INFO - Processing file /home/airflow/.local/lib/python3.12/site-packages/airflow/example_dags/example_branch_python_dop_operator_3.py for tasks to queue
[2024-09-22T23:26:28.744+0000] {logging_mixin.py:190} INFO - [2024-09-22T23:26:28.744+0000] {dagbag.py:587} INFO - Filling up the DagBag from /home/airflow/.local/lib/python3.12/site-packages/airflow/example_dags/example_branch_python_dop_operator_3.py
[2024-09-22T23:26:28.772+0000] {processor.py:925} INFO - DAG(s) 'example_branch_dop_operator_v3' retrieved from /home/airflow/.local/lib/python3.12/site-packages/airflow/example_dags/example_branch_python_dop_operator_3.py
[2024-09-22T23:26:29.005+0000] {logging_mixin.py:190} INFO - [2024-09-22T23:26:29.004+0000] {override.py:1900} INFO - Created Permission View: can edit on DAG:example_branch_dop_operator_v3
[2024-09-22T23:26:29.046+0000] {logging_mixin.py:190} INFO - [2024-09-22T23:26:29.046+0000] {override.py:1900} INFO - Created Permission View: can read on DAG:example_branch_dop_operator_v3
[2024-09-22T23:26:29.077+0000] {logging_mixin.py:190} INFO - [2024-09-22T23:26:29.077+0000] {override.py:1900} INFO - Created Permission View: can delete on DAG:example_branch_dop_operator_v3
[2024-09-22T23:26:29.102+0000] {logging_mixin.py:190} INFO - [2024-09-22T23:26:29.101+0000] {override.py:1900} INFO - Created Permission View: can create on DAG Run:example_branch_dop_operator_v3
[2024-09-22T23:26:29.122+0000] {logging_mixin.py:190} INFO - [2024-09-22T23:26:29.122+0000] {override.py:1900} INFO - Created Permission View: menu access on DAG Run:example_branch_dop_operator_v3
[2024-09-22T23:26:29.148+0000] {logging_mixin.py:190} INFO - [2024-09-22T23:26:29.148+0000] {override.py:1900} INFO - Created Permission View: can read on DAG Run:example_branch_dop_operator_v3
[2024-09-22T23:26:29.176+0000] {logging_mixin.py:190} INFO - [2024-09-22T23:26:29.175+0000] {override.py:1900} INFO - Created Permission View: can delete on DAG Run:example_branch_dop_operator_v3
[2024-09-22T23:26:29.177+0000] {logging_mixin.py:190} INFO - [2024-09-22T23:26:29.176+0000] {dag.py:3229} INFO - Sync 1 DAGs
[2024-09-22T23:26:29.223+0000] {logging_mixin.py:190} INFO - [2024-09-22T23:26:29.222+0000] {dag.py:3252} INFO - Creating ORM DAG for example_branch_dop_operator_v3
[2024-09-22T23:26:29.248+0000] {logging_mixin.py:190} INFO - [2024-09-22T23:26:29.248+0000] {dag.py:4156} INFO - Setting next_dagrun for example_branch_dop_operator_v3 to 2024-09-22 23:25:00+00:00, run_after=2024-09-22 23:26:00+00:00
[2024-09-22T23:26:29.294+0000] {processor.py:208} INFO - Processing /home/airflow/.local/lib/python3.12/site-packages/airflow/example_dags/example_branch_python_dop_operator_3.py took 0.568 seconds
[2024-09-22T23:26:59.454+0000] {processor.py:186} INFO - Started process (PID=175) to work on /home/airflow/.local/lib/python3.12/site-packages/airflow/example_dags/example_branch_python_dop_operator_3.py
[2024-09-22T23:26:59.455+0000] {processor.py:914} INFO - Processing file /home/airflow/.local/lib/python3.12/site-packages/airflow/example_dags/example_branch_python_dop_operator_3.py for tasks to queue
[2024-09-22T23:26:59.459+0000] {logging_mixin.py:190} INFO - [2024-09-22T23:26:59.459+0000] {dagbag.py:587} INFO - Filling up the DagBag from /home/airflow/.local/lib/python3.12/site-packages/airflow/example_dags/example_branch_python_dop_operator_3.py
[2024-09-22T23:26:59.484+0000] {processor.py:925} INFO - DAG(s) 'example_branch_dop_operator_v3' retrieved from /home/airflow/.local/lib/python3.12/site-packages/airflow/example_dags/example_branch_python_dop_operator_3.py
[2024-09-22T23:26:59.512+0000] {logging_mixin.py:190} INFO - [2024-09-22T23:26:59.512+0000] {dag.py:3229} INFO - Sync 1 DAGs
[2024-09-22T23:26:59.547+0000] {logging_mixin.py:190} INFO - [2024-09-22T23:26:59.547+0000] {dag.py:4156} INFO - Setting next_dagrun for example_branch_dop_operator_v3 to 2024-09-22 23:25:00+00:00, run_after=2024-09-22 23:26:00+00:00
[2024-09-22T23:26:59.572+0000] {processor.py:208} INFO - Processing /home/airflow/.local/lib/python3.12/site-packages/airflow/example_dags/example_branch_python_dop_operator_3.py took 0.129 seconds
[2024-09-22T23:27:30.555+0000] {processor.py:186} INFO - Started process (PID=243) to work on /home/airflow/.local/lib/python3.12/site-packages/airflow/example_dags/example_branch_python_dop_operator_3.py
[2024-09-22T23:27:30.558+0000] {processor.py:914} INFO - Processing file /home/airflow/.local/lib/python3.12/site-packages/airflow/example_dags/example_branch_python_dop_operator_3.py for tasks to queue
[2024-09-22T23:27:30.562+0000] {logging_mixin.py:190} INFO - [2024-09-22T23:27:30.562+0000] {dagbag.py:587} INFO - Filling up the DagBag from /home/airflow/.local/lib/python3.12/site-packages/airflow/example_dags/example_branch_python_dop_operator_3.py
[2024-09-22T23:27:30.582+0000] {processor.py:925} INFO - DAG(s) 'example_branch_dop_operator_v3' retrieved from /home/airflow/.local/lib/python3.12/site-packages/airflow/example_dags/example_branch_python_dop_operator_3.py
[2024-09-22T23:27:30.608+0000] {logging_mixin.py:190} INFO - [2024-09-22T23:27:30.608+0000] {dag.py:3229} INFO - Sync 1 DAGs
[2024-09-22T23:27:30.644+0000] {logging_mixin.py:190} INFO - [2024-09-22T23:27:30.643+0000] {dag.py:4156} INFO - Setting next_dagrun for example_branch_dop_operator_v3 to 2024-09-22 23:26:00+00:00, run_after=2024-09-22 23:27:00+00:00
[2024-09-22T23:27:30.667+0000] {processor.py:208} INFO - Processing /home/airflow/.local/lib/python3.12/site-packages/airflow/example_dags/example_branch_python_dop_operator_3.py took 0.122 seconds
[2024-09-22T23:28:01.022+0000] {processor.py:186} INFO - Started process (PID=305) to work on /home/airflow/.local/lib/python3.12/site-packages/airflow/example_dags/example_branch_python_dop_operator_3.py
[2024-09-22T23:28:01.024+0000] {processor.py:914} INFO - Processing file /home/airflow/.local/lib/python3.12/site-packages/airflow/example_dags/example_branch_python_dop_operator_3.py for tasks to queue
[2024-09-22T23:28:01.028+0000] {logging_mixin.py:190} INFO - [2024-09-22T23:28:01.027+0000] {dagbag.py:587} INFO - Filling up the DagBag from /home/airflow/.local/lib/python3.12/site-packages/airflow/example_dags/example_branch_python_dop_operator_3.py
[2024-09-22T23:28:01.048+0000] {processor.py:925} INFO - DAG(s) 'example_branch_dop_operator_v3' retrieved from /home/airflow/.local/lib/python3.12/site-packages/airflow/example_dags/example_branch_python_dop_operator_3.py
[2024-09-22T23:28:01.077+0000] {logging_mixin.py:190} INFO - [2024-09-22T23:28:01.076+0000] {dag.py:3229} INFO - Sync 1 DAGs
[2024-09-22T23:28:01.112+0000] {logging_mixin.py:190} INFO - [2024-09-22T23:28:01.112+0000] {dag.py:4156} INFO - Setting next_dagrun for example_branch_dop_operator_v3 to 2024-09-22 23:27:00+00:00, run_after=2024-09-22 23:28:00+00:00
[2024-09-22T23:28:01.137+0000] {processor.py:208} INFO - Processing /home/airflow/.local/lib/python3.12/site-packages/airflow/example_dags/example_branch_python_dop_operator_3.py took 0.128 seconds
[2024-09-22T23:28:31.207+0000] {processor.py:186} INFO - Started process (PID=367) to work on /home/airflow/.local/lib/python3.12/site-packages/airflow/example_dags/example_branch_python_dop_operator_3.py
[2024-09-22T23:28:31.209+0000] {processor.py:914} INFO - Processing file /home/airflow/.local/lib/python3.12/site-packages/airflow/example_dags/example_branch_python_dop_operator_3.py for tasks to queue
[2024-09-22T23:28:31.213+0000] {logging_mixin.py:190} INFO - [2024-09-22T23:28:31.212+0000] {dagbag.py:587} INFO - Filling up the DagBag from /home/airflow/.local/lib/python3.12/site-packages/airflow/example_dags/example_branch_python_dop_operator_3.py
[2024-09-22T23:28:31.232+0000] {processor.py:925} INFO - DAG(s) 'example_branch_dop_operator_v3' retrieved from /home/airflow/.local/lib/python3.12/site-packages/airflow/example_dags/example_branch_python_dop_operator_3.py
[2024-09-22T23:28:31.261+0000] {logging_mixin.py:190} INFO - [2024-09-22T23:28:31.260+0000] {dag.py:3229} INFO - Sync 1 DAGs
[2024-09-22T23:28:31.299+0000] {logging_mixin.py:190} INFO - [2024-09-22T23:28:31.298+0000] {dag.py:4156} INFO - Setting next_dagrun for example_branch_dop_operator_v3 to 2024-09-22 23:27:00+00:00, run_after=2024-09-22 23:28:00+00:00
[2024-09-22T23:28:31.325+0000] {processor.py:208} INFO - Processing /home/airflow/.local/lib/python3.12/site-packages/airflow/example_dags/example_branch_python_dop_operator_3.py took 0.127 seconds
[2024-09-22T23:29:01.898+0000] {processor.py:186} INFO - Started process (PID=429) to work on /home/airflow/.local/lib/python3.12/site-packages/airflow/example_dags/example_branch_python_dop_operator_3.py
[2024-09-22T23:29:01.899+0000] {processor.py:914} INFO - Processing file /home/airflow/.local/lib/python3.12/site-packages/airflow/example_dags/example_branch_python_dop_operator_3.py for tasks to queue
[2024-09-22T23:29:01.902+0000] {logging_mixin.py:190} INFO - [2024-09-22T23:29:01.902+0000] {dagbag.py:587} INFO - Filling up the DagBag from /home/airflow/.local/lib/python3.12/site-packages/airflow/example_dags/example_branch_python_dop_operator_3.py
[2024-09-22T23:29:01.922+0000] {processor.py:925} INFO - DAG(s) 'example_branch_dop_operator_v3' retrieved from /home/airflow/.local/lib/python3.12/site-packages/airflow/example_dags/example_branch_python_dop_operator_3.py
[2024-09-22T23:29:01.953+0000] {logging_mixin.py:190} INFO - [2024-09-22T23:29:01.952+0000] {dag.py:3229} INFO - Sync 1 DAGs
[2024-09-22T23:29:01.991+0000] {logging_mixin.py:190} INFO - [2024-09-22T23:29:01.991+0000] {dag.py:4156} INFO - Setting next_dagrun for example_branch_dop_operator_v3 to 2024-09-22 23:28:00+00:00, run_after=2024-09-22 23:29:00+00:00
[2024-09-22T23:29:02.022+0000] {processor.py:208} INFO - Processing /home/airflow/.local/lib/python3.12/site-packages/airflow/example_dags/example_branch_python_dop_operator_3.py took 0.134 seconds
[2024-09-22T23:29:32.231+0000] {processor.py:186} INFO - Started process (PID=490) to work on /home/airflow/.local/lib/python3.12/site-packages/airflow/example_dags/example_branch_python_dop_operator_3.py
[2024-09-22T23:29:32.233+0000] {processor.py:914} INFO - Processing file /home/airflow/.local/lib/python3.12/site-packages/airflow/example_dags/example_branch_python_dop_operator_3.py for tasks to queue
[2024-09-22T23:29:32.237+0000] {logging_mixin.py:190} INFO - [2024-09-22T23:29:32.236+0000] {dagbag.py:587} INFO - Filling up the DagBag from /home/airflow/.local/lib/python3.12/site-packages/airflow/example_dags/example_branch_python_dop_operator_3.py
[2024-09-22T23:29:32.257+0000] {processor.py:925} INFO - DAG(s) 'example_branch_dop_operator_v3' retrieved from /home/airflow/.local/lib/python3.12/site-packages/airflow/example_dags/example_branch_python_dop_operator_3.py
[2024-09-22T23:29:32.286+0000] {logging_mixin.py:190} INFO - [2024-09-22T23:29:32.286+0000] {dag.py:3229} INFO - Sync 1 DAGs
[2024-09-22T23:29:32.327+0000] {logging_mixin.py:190} INFO - [2024-09-22T23:29:32.326+0000] {dag.py:4156} INFO - Setting next_dagrun for example_branch_dop_operator_v3 to 2024-09-22 23:28:00+00:00, run_after=2024-09-22 23:29:00+00:00
[2024-09-22T23:29:32.353+0000] {processor.py:208} INFO - Processing /home/airflow/.local/lib/python3.12/site-packages/airflow/example_dags/example_branch_python_dop_operator_3.py took 0.131 seconds
[2024-09-22T23:30:03.542+0000] {processor.py:186} INFO - Started process (PID=553) to work on /home/airflow/.local/lib/python3.12/site-packages/airflow/example_dags/example_branch_python_dop_operator_3.py
[2024-09-22T23:30:03.543+0000] {processor.py:914} INFO - Processing file /home/airflow/.local/lib/python3.12/site-packages/airflow/example_dags/example_branch_python_dop_operator_3.py for tasks to queue
[2024-09-22T23:30:03.547+0000] {logging_mixin.py:190} INFO - [2024-09-22T23:30:03.546+0000] {dagbag.py:587} INFO - Filling up the DagBag from /home/airflow/.local/lib/python3.12/site-packages/airflow/example_dags/example_branch_python_dop_operator_3.py
[2024-09-22T23:30:03.576+0000] {processor.py:925} INFO - DAG(s) 'example_branch_dop_operator_v3' retrieved from /home/airflow/.local/lib/python3.12/site-packages/airflow/example_dags/example_branch_python_dop_operator_3.py
[2024-09-22T23:30:03.607+0000] {logging_mixin.py:190} INFO - [2024-09-22T23:30:03.606+0000] {dag.py:3229} INFO - Sync 1 DAGs
[2024-09-22T23:30:03.651+0000] {logging_mixin.py:190} INFO - [2024-09-22T23:30:03.651+0000] {dag.py:4156} INFO - Setting next_dagrun for example_branch_dop_operator_v3 to 2024-09-22 23:29:00+00:00, run_after=2024-09-22 23:30:00+00:00
[2024-09-22T23:30:03.682+0000] {processor.py:208} INFO - Processing /home/airflow/.local/lib/python3.12/site-packages/airflow/example_dags/example_branch_python_dop_operator_3.py took 0.153 seconds
[2024-09-22T23:30:34.870+0000] {processor.py:186} INFO - Started process (PID=615) to work on /home/airflow/.local/lib/python3.12/site-packages/airflow/example_dags/example_branch_python_dop_operator_3.py
[2024-09-22T23:30:34.872+0000] {processor.py:914} INFO - Processing file /home/airflow/.local/lib/python3.12/site-packages/airflow/example_dags/example_branch_python_dop_operator_3.py for tasks to queue
[2024-09-22T23:30:34.876+0000] {logging_mixin.py:190} INFO - [2024-09-22T23:30:34.876+0000] {dagbag.py:587} INFO - Filling up the DagBag from /home/airflow/.local/lib/python3.12/site-packages/airflow/example_dags/example_branch_python_dop_operator_3.py
[2024-09-22T23:30:34.909+0000] {processor.py:925} INFO - DAG(s) 'example_branch_dop_operator_v3' retrieved from /home/airflow/.local/lib/python3.12/site-packages/airflow/example_dags/example_branch_python_dop_operator_3.py
[2024-09-22T23:30:34.951+0000] {logging_mixin.py:190} INFO - [2024-09-22T23:30:34.951+0000] {dag.py:3229} INFO - Sync 1 DAGs
[2024-09-22T23:30:35.007+0000] {logging_mixin.py:190} INFO - [2024-09-22T23:30:35.007+0000] {dag.py:4156} INFO - Setting next_dagrun for example_branch_dop_operator_v3 to 2024-09-22 23:29:00+00:00, run_after=2024-09-22 23:30:00+00:00
[2024-09-22T23:30:35.040+0000] {processor.py:208} INFO - Processing /home/airflow/.local/lib/python3.12/site-packages/airflow/example_dags/example_branch_python_dop_operator_3.py took 0.182 seconds
[2024-09-22T23:31:05.843+0000] {processor.py:186} INFO - Started process (PID=677) to work on /home/airflow/.local/lib/python3.12/site-packages/airflow/example_dags/example_branch_python_dop_operator_3.py
[2024-09-22T23:31:05.844+0000] {processor.py:914} INFO - Processing file /home/airflow/.local/lib/python3.12/site-packages/airflow/example_dags/example_branch_python_dop_operator_3.py for tasks to queue
[2024-09-22T23:31:05.847+0000] {logging_mixin.py:190} INFO - [2024-09-22T23:31:05.847+0000] {dagbag.py:587} INFO - Filling up the DagBag from /home/airflow/.local/lib/python3.12/site-packages/airflow/example_dags/example_branch_python_dop_operator_3.py
[2024-09-22T23:31:05.869+0000] {processor.py:925} INFO - DAG(s) 'example_branch_dop_operator_v3' retrieved from /home/airflow/.local/lib/python3.12/site-packages/airflow/example_dags/example_branch_python_dop_operator_3.py
[2024-09-22T23:31:05.897+0000] {logging_mixin.py:190} INFO - [2024-09-22T23:31:05.897+0000] {dag.py:3229} INFO - Sync 1 DAGs
[2024-09-22T23:31:05.933+0000] {logging_mixin.py:190} INFO - [2024-09-22T23:31:05.932+0000] {dag.py:4156} INFO - Setting next_dagrun for example_branch_dop_operator_v3 to 2024-09-22 23:30:00+00:00, run_after=2024-09-22 23:31:00+00:00
[2024-09-22T23:31:05.957+0000] {processor.py:208} INFO - Processing /home/airflow/.local/lib/python3.12/site-packages/airflow/example_dags/example_branch_python_dop_operator_3.py took 0.124 seconds
[2024-09-22T23:31:36.803+0000] {processor.py:186} INFO - Started process (PID=739) to work on /home/airflow/.local/lib/python3.12/site-packages/airflow/example_dags/example_branch_python_dop_operator_3.py
[2024-09-22T23:31:36.805+0000] {processor.py:914} INFO - Processing file /home/airflow/.local/lib/python3.12/site-packages/airflow/example_dags/example_branch_python_dop_operator_3.py for tasks to queue
[2024-09-22T23:31:36.809+0000] {logging_mixin.py:190} INFO - [2024-09-22T23:31:36.809+0000] {dagbag.py:587} INFO - Filling up the DagBag from /home/airflow/.local/lib/python3.12/site-packages/airflow/example_dags/example_branch_python_dop_operator_3.py
[2024-09-22T23:31:36.830+0000] {processor.py:925} INFO - DAG(s) 'example_branch_dop_operator_v3' retrieved from /home/airflow/.local/lib/python3.12/site-packages/airflow/example_dags/example_branch_python_dop_operator_3.py
[2024-09-22T23:31:36.865+0000] {logging_mixin.py:190} INFO - [2024-09-22T23:31:36.865+0000] {dag.py:3229} INFO - Sync 1 DAGs
[2024-09-22T23:31:36.905+0000] {logging_mixin.py:190} INFO - [2024-09-22T23:31:36.904+0000] {dag.py:4156} INFO - Setting next_dagrun for example_branch_dop_operator_v3 to 2024-09-22 23:30:00+00:00, run_after=2024-09-22 23:31:00+00:00
[2024-09-22T23:31:36.929+0000] {processor.py:208} INFO - Processing /home/airflow/.local/lib/python3.12/site-packages/airflow/example_dags/example_branch_python_dop_operator_3.py took 0.136 seconds
[2024-09-22T23:32:08.236+0000] {processor.py:186} INFO - Started process (PID=802) to work on /home/airflow/.local/lib/python3.12/site-packages/airflow/example_dags/example_branch_python_dop_operator_3.py
[2024-09-22T23:32:08.238+0000] {processor.py:914} INFO - Processing file /home/airflow/.local/lib/python3.12/site-packages/airflow/example_dags/example_branch_python_dop_operator_3.py for tasks to queue
[2024-09-22T23:32:08.242+0000] {logging_mixin.py:190} INFO - [2024-09-22T23:32:08.241+0000] {dagbag.py:587} INFO - Filling up the DagBag from /home/airflow/.local/lib/python3.12/site-packages/airflow/example_dags/example_branch_python_dop_operator_3.py
[2024-09-22T23:32:08.263+0000] {processor.py:925} INFO - DAG(s) 'example_branch_dop_operator_v3' retrieved from /home/airflow/.local/lib/python3.12/site-packages/airflow/example_dags/example_branch_python_dop_operator_3.py
[2024-09-22T23:32:08.297+0000] {logging_mixin.py:190} INFO - [2024-09-22T23:32:08.296+0000] {dag.py:3229} INFO - Sync 1 DAGs
[2024-09-22T23:32:08.332+0000] {logging_mixin.py:190} INFO - [2024-09-22T23:32:08.332+0000] {dag.py:4156} INFO - Setting next_dagrun for example_branch_dop_operator_v3 to 2024-09-22 23:31:00+00:00, run_after=2024-09-22 23:32:00+00:00
[2024-09-22T23:32:08.356+0000] {processor.py:208} INFO - Processing /home/airflow/.local/lib/python3.12/site-packages/airflow/example_dags/example_branch_python_dop_operator_3.py took 0.129 seconds
[2024-09-22T23:32:38.996+0000] {processor.py:186} INFO - Started process (PID=865) to work on /home/airflow/.local/lib/python3.12/site-packages/airflow/example_dags/example_branch_python_dop_operator_3.py
[2024-09-22T23:32:38.999+0000] {processor.py:914} INFO - Processing file /home/airflow/.local/lib/python3.12/site-packages/airflow/example_dags/example_branch_python_dop_operator_3.py for tasks to queue
[2024-09-22T23:32:39.002+0000] {logging_mixin.py:190} INFO - [2024-09-22T23:32:39.002+0000] {dagbag.py:587} INFO - Filling up the DagBag from /home/airflow/.local/lib/python3.12/site-packages/airflow/example_dags/example_branch_python_dop_operator_3.py
[2024-09-22T23:32:39.021+0000] {processor.py:925} INFO - DAG(s) 'example_branch_dop_operator_v3' retrieved from /home/airflow/.local/lib/python3.12/site-packages/airflow/example_dags/example_branch_python_dop_operator_3.py
[2024-09-22T23:32:39.051+0000] {logging_mixin.py:190} INFO - [2024-09-22T23:32:39.051+0000] {dag.py:3229} INFO - Sync 1 DAGs
[2024-09-22T23:32:39.088+0000] {logging_mixin.py:190} INFO - [2024-09-22T23:32:39.088+0000] {dag.py:4156} INFO - Setting next_dagrun for example_branch_dop_operator_v3 to 2024-09-22 23:31:00+00:00, run_after=2024-09-22 23:32:00+00:00
[2024-09-22T23:32:39.113+0000] {processor.py:208} INFO - Processing /home/airflow/.local/lib/python3.12/site-packages/airflow/example_dags/example_branch_python_dop_operator_3.py took 0.126 seconds
[2024-09-22T23:33:10.315+0000] {processor.py:186} INFO - Started process (PID=928) to work on /home/airflow/.local/lib/python3.12/site-packages/airflow/example_dags/example_branch_python_dop_operator_3.py
[2024-09-22T23:33:10.317+0000] {processor.py:914} INFO - Processing file /home/airflow/.local/lib/python3.12/site-packages/airflow/example_dags/example_branch_python_dop_operator_3.py for tasks to queue
[2024-09-22T23:33:10.321+0000] {logging_mixin.py:190} INFO - [2024-09-22T23:33:10.320+0000] {dagbag.py:587} INFO - Filling up the DagBag from /home/airflow/.local/lib/python3.12/site-packages/airflow/example_dags/example_branch_python_dop_operator_3.py
[2024-09-22T23:33:10.340+0000] {processor.py:925} INFO - DAG(s) 'example_branch_dop_operator_v3' retrieved from /home/airflow/.local/lib/python3.12/site-packages/airflow/example_dags/example_branch_python_dop_operator_3.py
[2024-09-22T23:33:10.372+0000] {logging_mixin.py:190} INFO - [2024-09-22T23:33:10.371+0000] {dag.py:3229} INFO - Sync 1 DAGs
[2024-09-22T23:33:10.411+0000] {logging_mixin.py:190} INFO - [2024-09-22T23:33:10.411+0000] {dag.py:4156} INFO - Setting next_dagrun for example_branch_dop_operator_v3 to 2024-09-22 23:32:00+00:00, run_after=2024-09-22 23:33:00+00:00
[2024-09-22T23:33:10.439+0000] {processor.py:208} INFO - Processing /home/airflow/.local/lib/python3.12/site-packages/airflow/example_dags/example_branch_python_dop_operator_3.py took 0.133 seconds
[2024-09-22T23:33:41.466+0000] {processor.py:186} INFO - Started process (PID=991) to work on /home/airflow/.local/lib/python3.12/site-packages/airflow/example_dags/example_branch_python_dop_operator_3.py
[2024-09-22T23:33:41.468+0000] {processor.py:914} INFO - Processing file /home/airflow/.local/lib/python3.12/site-packages/airflow/example_dags/example_branch_python_dop_operator_3.py for tasks to queue
[2024-09-22T23:33:41.472+0000] {logging_mixin.py:190} INFO - [2024-09-22T23:33:41.471+0000] {dagbag.py:587} INFO - Filling up the DagBag from /home/airflow/.local/lib/python3.12/site-packages/airflow/example_dags/example_branch_python_dop_operator_3.py
[2024-09-22T23:33:41.491+0000] {processor.py:925} INFO - DAG(s) 'example_branch_dop_operator_v3' retrieved from /home/airflow/.local/lib/python3.12/site-packages/airflow/example_dags/example_branch_python_dop_operator_3.py
[2024-09-22T23:33:41.521+0000] {logging_mixin.py:190} INFO - [2024-09-22T23:33:41.521+0000] {dag.py:3229} INFO - Sync 1 DAGs
[2024-09-22T23:33:41.568+0000] {logging_mixin.py:190} INFO - [2024-09-22T23:33:41.568+0000] {dag.py:4156} INFO - Setting next_dagrun for example_branch_dop_operator_v3 to 2024-09-22 23:32:00+00:00, run_after=2024-09-22 23:33:00+00:00
[2024-09-22T23:33:41.594+0000] {processor.py:208} INFO - Processing /home/airflow/.local/lib/python3.12/site-packages/airflow/example_dags/example_branch_python_dop_operator_3.py took 0.136 seconds
[2024-09-22T23:34:12.619+0000] {processor.py:186} INFO - Started process (PID=1054) to work on /home/airflow/.local/lib/python3.12/site-packages/airflow/example_dags/example_branch_python_dop_operator_3.py
[2024-09-22T23:34:12.620+0000] {processor.py:914} INFO - Processing file /home/airflow/.local/lib/python3.12/site-packages/airflow/example_dags/example_branch_python_dop_operator_3.py for tasks to queue
[2024-09-22T23:34:12.623+0000] {logging_mixin.py:190} INFO - [2024-09-22T23:34:12.623+0000] {dagbag.py:587} INFO - Filling up the DagBag from /home/airflow/.local/lib/python3.12/site-packages/airflow/example_dags/example_branch_python_dop_operator_3.py
[2024-09-22T23:34:12.642+0000] {processor.py:925} INFO - DAG(s) 'example_branch_dop_operator_v3' retrieved from /home/airflow/.local/lib/python3.12/site-packages/airflow/example_dags/example_branch_python_dop_operator_3.py
[2024-09-22T23:34:12.670+0000] {logging_mixin.py:190} INFO - [2024-09-22T23:34:12.670+0000] {dag.py:3229} INFO - Sync 1 DAGs
[2024-09-22T23:34:12.707+0000] {logging_mixin.py:190} INFO - [2024-09-22T23:34:12.707+0000] {dag.py:4156} INFO - Setting next_dagrun for example_branch_dop_operator_v3 to 2024-09-22 23:33:00+00:00, run_after=2024-09-22 23:34:00+00:00
[2024-09-22T23:34:12.733+0000] {processor.py:208} INFO - Processing /home/airflow/.local/lib/python3.12/site-packages/airflow/example_dags/example_branch_python_dop_operator_3.py took 0.123 seconds
[2024-09-22T23:34:43.959+0000] {processor.py:186} INFO - Started process (PID=1117) to work on /home/airflow/.local/lib/python3.12/site-packages/airflow/example_dags/example_branch_python_dop_operator_3.py
[2024-09-22T23:34:43.961+0000] {processor.py:914} INFO - Processing file /home/airflow/.local/lib/python3.12/site-packages/airflow/example_dags/example_branch_python_dop_operator_3.py for tasks to queue
[2024-09-22T23:34:43.964+0000] {logging_mixin.py:190} INFO - [2024-09-22T23:34:43.964+0000] {dagbag.py:587} INFO - Filling up the DagBag from /home/airflow/.local/lib/python3.12/site-packages/airflow/example_dags/example_branch_python_dop_operator_3.py
[2024-09-22T23:34:43.983+0000] {processor.py:925} INFO - DAG(s) 'example_branch_dop_operator_v3' retrieved from /home/airflow/.local/lib/python3.12/site-packages/airflow/example_dags/example_branch_python_dop_operator_3.py
[2024-09-22T23:34:44.015+0000] {logging_mixin.py:190} INFO - [2024-09-22T23:34:44.014+0000] {dag.py:3229} INFO - Sync 1 DAGs
[2024-09-22T23:34:44.052+0000] {logging_mixin.py:190} INFO - [2024-09-22T23:34:44.051+0000] {dag.py:4156} INFO - Setting next_dagrun for example_branch_dop_operator_v3 to 2024-09-22 23:33:00+00:00, run_after=2024-09-22 23:34:00+00:00
[2024-09-22T23:34:44.075+0000] {processor.py:208} INFO - Processing /home/airflow/.local/lib/python3.12/site-packages/airflow/example_dags/example_branch_python_dop_operator_3.py took 0.125 seconds
[2024-09-22T23:35:15.224+0000] {processor.py:186} INFO - Started process (PID=1180) to work on /home/airflow/.local/lib/python3.12/site-packages/airflow/example_dags/example_branch_python_dop_operator_3.py
[2024-09-22T23:35:15.225+0000] {processor.py:914} INFO - Processing file /home/airflow/.local/lib/python3.12/site-packages/airflow/example_dags/example_branch_python_dop_operator_3.py for tasks to queue
[2024-09-22T23:35:15.229+0000] {logging_mixin.py:190} INFO - [2024-09-22T23:35:15.228+0000] {dagbag.py:587} INFO - Filling up the DagBag from /home/airflow/.local/lib/python3.12/site-packages/airflow/example_dags/example_branch_python_dop_operator_3.py
[2024-09-22T23:35:15.248+0000] {processor.py:925} INFO - DAG(s) 'example_branch_dop_operator_v3' retrieved from /home/airflow/.local/lib/python3.12/site-packages/airflow/example_dags/example_branch_python_dop_operator_3.py
[2024-09-22T23:35:15.277+0000] {logging_mixin.py:190} INFO - [2024-09-22T23:35:15.276+0000] {dag.py:3229} INFO - Sync 1 DAGs
[2024-09-22T23:35:15.311+0000] {logging_mixin.py:190} INFO - [2024-09-22T23:35:15.311+0000] {dag.py:4156} INFO - Setting next_dagrun for example_branch_dop_operator_v3 to 2024-09-22 23:34:00+00:00, run_after=2024-09-22 23:35:00+00:00
[2024-09-22T23:35:15.336+0000] {processor.py:208} INFO - Processing /home/airflow/.local/lib/python3.12/site-packages/airflow/example_dags/example_branch_python_dop_operator_3.py took 0.121 seconds
[2024-09-22T23:35:46.710+0000] {processor.py:186} INFO - Started process (PID=1243) to work on /home/airflow/.local/lib/python3.12/site-packages/airflow/example_dags/example_branch_python_dop_operator_3.py
[2024-09-22T23:35:46.712+0000] {processor.py:914} INFO - Processing file /home/airflow/.local/lib/python3.12/site-packages/airflow/example_dags/example_branch_python_dop_operator_3.py for tasks to queue
[2024-09-22T23:35:46.717+0000] {logging_mixin.py:190} INFO - [2024-09-22T23:35:46.716+0000] {dagbag.py:587} INFO - Filling up the DagBag from /home/airflow/.local/lib/python3.12/site-packages/airflow/example_dags/example_branch_python_dop_operator_3.py
[2024-09-22T23:35:46.737+0000] {processor.py:925} INFO - DAG(s) 'example_branch_dop_operator_v3' retrieved from /home/airflow/.local/lib/python3.12/site-packages/airflow/example_dags/example_branch_python_dop_operator_3.py
[2024-09-22T23:35:46.767+0000] {logging_mixin.py:190} INFO - [2024-09-22T23:35:46.767+0000] {dag.py:3229} INFO - Sync 1 DAGs
[2024-09-22T23:35:46.807+0000] {logging_mixin.py:190} INFO - [2024-09-22T23:35:46.807+0000] {dag.py:4156} INFO - Setting next_dagrun for example_branch_dop_operator_v3 to 2024-09-22 23:34:00+00:00, run_after=2024-09-22 23:35:00+00:00
[2024-09-22T23:35:46.839+0000] {processor.py:208} INFO - Processing /home/airflow/.local/lib/python3.12/site-packages/airflow/example_dags/example_branch_python_dop_operator_3.py took 0.140 seconds
[2024-09-22T23:36:18.033+0000] {processor.py:186} INFO - Started process (PID=1306) to work on /home/airflow/.local/lib/python3.12/site-packages/airflow/example_dags/example_branch_python_dop_operator_3.py
[2024-09-22T23:36:18.035+0000] {processor.py:914} INFO - Processing file /home/airflow/.local/lib/python3.12/site-packages/airflow/example_dags/example_branch_python_dop_operator_3.py for tasks to queue
[2024-09-22T23:36:18.039+0000] {logging_mixin.py:190} INFO - [2024-09-22T23:36:18.038+0000] {dagbag.py:587} INFO - Filling up the DagBag from /home/airflow/.local/lib/python3.12/site-packages/airflow/example_dags/example_branch_python_dop_operator_3.py
[2024-09-22T23:36:18.058+0000] {processor.py:925} INFO - DAG(s) 'example_branch_dop_operator_v3' retrieved from /home/airflow/.local/lib/python3.12/site-packages/airflow/example_dags/example_branch_python_dop_operator_3.py
[2024-09-22T23:36:18.089+0000] {logging_mixin.py:190} INFO - [2024-09-22T23:36:18.089+0000] {dag.py:3229} INFO - Sync 1 DAGs
[2024-09-22T23:36:18.131+0000] {logging_mixin.py:190} INFO - [2024-09-22T23:36:18.130+0000] {dag.py:4156} INFO - Setting next_dagrun for example_branch_dop_operator_v3 to 2024-09-22 23:35:00+00:00, run_after=2024-09-22 23:36:00+00:00
[2024-09-22T23:36:18.160+0000] {processor.py:208} INFO - Processing /home/airflow/.local/lib/python3.12/site-packages/airflow/example_dags/example_branch_python_dop_operator_3.py took 0.136 seconds
[2024-09-22T23:36:49.178+0000] {processor.py:186} INFO - Started process (PID=1369) to work on /home/airflow/.local/lib/python3.12/site-packages/airflow/example_dags/example_branch_python_dop_operator_3.py
[2024-09-22T23:36:49.179+0000] {processor.py:914} INFO - Processing file /home/airflow/.local/lib/python3.12/site-packages/airflow/example_dags/example_branch_python_dop_operator_3.py for tasks to queue
[2024-09-22T23:36:49.182+0000] {logging_mixin.py:190} INFO - [2024-09-22T23:36:49.182+0000] {dagbag.py:587} INFO - Filling up the DagBag from /home/airflow/.local/lib/python3.12/site-packages/airflow/example_dags/example_branch_python_dop_operator_3.py
[2024-09-22T23:36:49.201+0000] {processor.py:925} INFO - DAG(s) 'example_branch_dop_operator_v3' retrieved from /home/airflow/.local/lib/python3.12/site-packages/airflow/example_dags/example_branch_python_dop_operator_3.py
[2024-09-22T23:36:49.228+0000] {logging_mixin.py:190} INFO - [2024-09-22T23:36:49.228+0000] {dag.py:3229} INFO - Sync 1 DAGs
[2024-09-22T23:36:49.262+0000] {logging_mixin.py:190} INFO - [2024-09-22T23:36:49.262+0000] {dag.py:4156} INFO - Setting next_dagrun for example_branch_dop_operator_v3 to 2024-09-22 23:35:00+00:00, run_after=2024-09-22 23:36:00+00:00
[2024-09-22T23:36:49.285+0000] {processor.py:208} INFO - Processing /home/airflow/.local/lib/python3.12/site-packages/airflow/example_dags/example_branch_python_dop_operator_3.py took 0.116 seconds
[2024-09-22T23:37:20.862+0000] {processor.py:186} INFO - Started process (PID=1433) to work on /home/airflow/.local/lib/python3.12/site-packages/airflow/example_dags/example_branch_python_dop_operator_3.py
[2024-09-22T23:37:20.864+0000] {processor.py:914} INFO - Processing file /home/airflow/.local/lib/python3.12/site-packages/airflow/example_dags/example_branch_python_dop_operator_3.py for tasks to queue
[2024-09-22T23:37:20.869+0000] {logging_mixin.py:190} INFO - [2024-09-22T23:37:20.868+0000] {dagbag.py:587} INFO - Filling up the DagBag from /home/airflow/.local/lib/python3.12/site-packages/airflow/example_dags/example_branch_python_dop_operator_3.py
[2024-09-22T23:37:20.892+0000] {processor.py:925} INFO - DAG(s) 'example_branch_dop_operator_v3' retrieved from /home/airflow/.local/lib/python3.12/site-packages/airflow/example_dags/example_branch_python_dop_operator_3.py
[2024-09-22T23:37:20.923+0000] {logging_mixin.py:190} INFO - [2024-09-22T23:37:20.923+0000] {dag.py:3229} INFO - Sync 1 DAGs
[2024-09-22T23:37:20.959+0000] {logging_mixin.py:190} INFO - [2024-09-22T23:37:20.958+0000] {dag.py:4156} INFO - Setting next_dagrun for example_branch_dop_operator_v3 to 2024-09-22 23:36:00+00:00, run_after=2024-09-22 23:37:00+00:00
[2024-09-22T23:37:20.982+0000] {processor.py:208} INFO - Processing /home/airflow/.local/lib/python3.12/site-packages/airflow/example_dags/example_branch_python_dop_operator_3.py took 0.134 seconds
[2024-09-22T23:37:51.977+0000] {processor.py:186} INFO - Started process (PID=1496) to work on /home/airflow/.local/lib/python3.12/site-packages/airflow/example_dags/example_branch_python_dop_operator_3.py
[2024-09-22T23:37:51.978+0000] {processor.py:914} INFO - Processing file /home/airflow/.local/lib/python3.12/site-packages/airflow/example_dags/example_branch_python_dop_operator_3.py for tasks to queue
[2024-09-22T23:37:51.982+0000] {logging_mixin.py:190} INFO - [2024-09-22T23:37:51.982+0000] {dagbag.py:587} INFO - Filling up the DagBag from /home/airflow/.local/lib/python3.12/site-packages/airflow/example_dags/example_branch_python_dop_operator_3.py
[2024-09-22T23:37:52.008+0000] {processor.py:925} INFO - DAG(s) 'example_branch_dop_operator_v3' retrieved from /home/airflow/.local/lib/python3.12/site-packages/airflow/example_dags/example_branch_python_dop_operator_3.py
[2024-09-22T23:37:52.039+0000] {logging_mixin.py:190} INFO - [2024-09-22T23:37:52.038+0000] {dag.py:3229} INFO - Sync 1 DAGs
[2024-09-22T23:37:52.076+0000] {logging_mixin.py:190} INFO - [2024-09-22T23:37:52.075+0000] {dag.py:4156} INFO - Setting next_dagrun for example_branch_dop_operator_v3 to 2024-09-22 23:36:00+00:00, run_after=2024-09-22 23:37:00+00:00
[2024-09-22T23:37:52.102+0000] {processor.py:208} INFO - Processing /home/airflow/.local/lib/python3.12/site-packages/airflow/example_dags/example_branch_python_dop_operator_3.py took 0.138 seconds
[2024-09-22T23:38:23.287+0000] {processor.py:186} INFO - Started process (PID=1559) to work on /home/airflow/.local/lib/python3.12/site-packages/airflow/example_dags/example_branch_python_dop_operator_3.py
[2024-09-22T23:38:23.289+0000] {processor.py:914} INFO - Processing file /home/airflow/.local/lib/python3.12/site-packages/airflow/example_dags/example_branch_python_dop_operator_3.py for tasks to queue
[2024-09-22T23:38:23.293+0000] {logging_mixin.py:190} INFO - [2024-09-22T23:38:23.292+0000] {dagbag.py:587} INFO - Filling up the DagBag from /home/airflow/.local/lib/python3.12/site-packages/airflow/example_dags/example_branch_python_dop_operator_3.py
[2024-09-22T23:38:23.315+0000] {processor.py:925} INFO - DAG(s) 'example_branch_dop_operator_v3' retrieved from /home/airflow/.local/lib/python3.12/site-packages/airflow/example_dags/example_branch_python_dop_operator_3.py
[2024-09-22T23:38:23.346+0000] {logging_mixin.py:190} INFO - [2024-09-22T23:38:23.345+0000] {dag.py:3229} INFO - Sync 1 DAGs
[2024-09-22T23:38:23.384+0000] {logging_mixin.py:190} INFO - [2024-09-22T23:38:23.384+0000] {dag.py:4156} INFO - Setting next_dagrun for example_branch_dop_operator_v3 to 2024-09-22 23:37:00+00:00, run_after=2024-09-22 23:38:00+00:00
[2024-09-22T23:38:23.410+0000] {processor.py:208} INFO - Processing /home/airflow/.local/lib/python3.12/site-packages/airflow/example_dags/example_branch_python_dop_operator_3.py took 0.133 seconds
[2024-09-22T23:38:54.210+0000] {processor.py:186} INFO - Started process (PID=1625) to work on /home/airflow/.local/lib/python3.12/site-packages/airflow/example_dags/example_branch_python_dop_operator_3.py
[2024-09-22T23:38:54.211+0000] {processor.py:914} INFO - Processing file /home/airflow/.local/lib/python3.12/site-packages/airflow/example_dags/example_branch_python_dop_operator_3.py for tasks to queue
[2024-09-22T23:38:54.215+0000] {logging_mixin.py:190} INFO - [2024-09-22T23:38:54.214+0000] {dagbag.py:587} INFO - Filling up the DagBag from /home/airflow/.local/lib/python3.12/site-packages/airflow/example_dags/example_branch_python_dop_operator_3.py
[2024-09-22T23:38:54.233+0000] {processor.py:925} INFO - DAG(s) 'example_branch_dop_operator_v3' retrieved from /home/airflow/.local/lib/python3.12/site-packages/airflow/example_dags/example_branch_python_dop_operator_3.py
[2024-09-22T23:38:54.266+0000] {logging_mixin.py:190} INFO - [2024-09-22T23:38:54.265+0000] {dag.py:3229} INFO - Sync 1 DAGs
[2024-09-22T23:38:54.303+0000] {logging_mixin.py:190} INFO - [2024-09-22T23:38:54.303+0000] {dag.py:4156} INFO - Setting next_dagrun for example_branch_dop_operator_v3 to 2024-09-22 23:37:00+00:00, run_after=2024-09-22 23:38:00+00:00
[2024-09-22T23:38:54.330+0000] {processor.py:208} INFO - Processing /home/airflow/.local/lib/python3.12/site-packages/airflow/example_dags/example_branch_python_dop_operator_3.py took 0.129 seconds
[2024-09-22T23:39:25.075+0000] {processor.py:186} INFO - Started process (PID=1689) to work on /home/airflow/.local/lib/python3.12/site-packages/airflow/example_dags/example_branch_python_dop_operator_3.py
[2024-09-22T23:39:25.077+0000] {processor.py:914} INFO - Processing file /home/airflow/.local/lib/python3.12/site-packages/airflow/example_dags/example_branch_python_dop_operator_3.py for tasks to queue
[2024-09-22T23:39:25.080+0000] {logging_mixin.py:190} INFO - [2024-09-22T23:39:25.080+0000] {dagbag.py:587} INFO - Filling up the DagBag from /home/airflow/.local/lib/python3.12/site-packages/airflow/example_dags/example_branch_python_dop_operator_3.py
[2024-09-22T23:39:25.099+0000] {processor.py:925} INFO - DAG(s) 'example_branch_dop_operator_v3' retrieved from /home/airflow/.local/lib/python3.12/site-packages/airflow/example_dags/example_branch_python_dop_operator_3.py
[2024-09-22T23:39:25.127+0000] {logging_mixin.py:190} INFO - [2024-09-22T23:39:25.126+0000] {dag.py:3229} INFO - Sync 1 DAGs
[2024-09-22T23:39:25.162+0000] {logging_mixin.py:190} INFO - [2024-09-22T23:39:25.161+0000] {dag.py:4156} INFO - Setting next_dagrun for example_branch_dop_operator_v3 to 2024-09-22 23:38:00+00:00, run_after=2024-09-22 23:39:00+00:00
[2024-09-22T23:39:25.187+0000] {processor.py:208} INFO - Processing /home/airflow/.local/lib/python3.12/site-packages/airflow/example_dags/example_branch_python_dop_operator_3.py took 0.124 seconds
[2024-09-22T23:39:56.539+0000] {processor.py:186} INFO - Started process (PID=1752) to work on /home/airflow/.local/lib/python3.12/site-packages/airflow/example_dags/example_branch_python_dop_operator_3.py
[2024-09-22T23:39:56.541+0000] {processor.py:914} INFO - Processing file /home/airflow/.local/lib/python3.12/site-packages/airflow/example_dags/example_branch_python_dop_operator_3.py for tasks to queue
[2024-09-22T23:39:56.544+0000] {logging_mixin.py:190} INFO - [2024-09-22T23:39:56.543+0000] {dagbag.py:587} INFO - Filling up the DagBag from /home/airflow/.local/lib/python3.12/site-packages/airflow/example_dags/example_branch_python_dop_operator_3.py
[2024-09-22T23:39:56.564+0000] {processor.py:925} INFO - DAG(s) 'example_branch_dop_operator_v3' retrieved from /home/airflow/.local/lib/python3.12/site-packages/airflow/example_dags/example_branch_python_dop_operator_3.py
[2024-09-22T23:39:56.592+0000] {logging_mixin.py:190} INFO - [2024-09-22T23:39:56.591+0000] {dag.py:3229} INFO - Sync 1 DAGs
[2024-09-22T23:39:56.638+0000] {logging_mixin.py:190} INFO - [2024-09-22T23:39:56.637+0000] {dag.py:4156} INFO - Setting next_dagrun for example_branch_dop_operator_v3 to 2024-09-22 23:38:00+00:00, run_after=2024-09-22 23:39:00+00:00
[2024-09-22T23:39:56.665+0000] {processor.py:208} INFO - Processing /home/airflow/.local/lib/python3.12/site-packages/airflow/example_dags/example_branch_python_dop_operator_3.py took 0.134 seconds
[2024-09-22T23:40:28.550+0000] {processor.py:186} INFO - Started process (PID=1818) to work on /home/airflow/.local/lib/python3.12/site-packages/airflow/example_dags/example_branch_python_dop_operator_3.py
[2024-09-22T23:40:28.553+0000] {processor.py:914} INFO - Processing file /home/airflow/.local/lib/python3.12/site-packages/airflow/example_dags/example_branch_python_dop_operator_3.py for tasks to queue
[2024-09-22T23:40:28.557+0000] {logging_mixin.py:190} INFO - [2024-09-22T23:40:28.557+0000] {dagbag.py:587} INFO - Filling up the DagBag from /home/airflow/.local/lib/python3.12/site-packages/airflow/example_dags/example_branch_python_dop_operator_3.py
[2024-09-22T23:40:28.584+0000] {processor.py:925} INFO - DAG(s) 'example_branch_dop_operator_v3' retrieved from /home/airflow/.local/lib/python3.12/site-packages/airflow/example_dags/example_branch_python_dop_operator_3.py
[2024-09-22T23:40:28.619+0000] {logging_mixin.py:190} INFO - [2024-09-22T23:40:28.618+0000] {dag.py:3229} INFO - Sync 1 DAGs
[2024-09-22T23:40:28.978+0000] {logging_mixin.py:190} INFO - [2024-09-22T23:40:28.978+0000] {dag.py:4156} INFO - Setting next_dagrun for example_branch_dop_operator_v3 to 2024-09-22 23:39:00+00:00, run_after=2024-09-22 23:40:00+00:00
[2024-09-22T23:40:29.000+0000] {processor.py:208} INFO - Processing /home/airflow/.local/lib/python3.12/site-packages/airflow/example_dags/example_branch_python_dop_operator_3.py took 0.462 seconds
[2024-09-22T23:40:59.384+0000] {processor.py:186} INFO - Started process (PID=1881) to work on /home/airflow/.local/lib/python3.12/site-packages/airflow/example_dags/example_branch_python_dop_operator_3.py
[2024-09-22T23:40:59.385+0000] {processor.py:914} INFO - Processing file /home/airflow/.local/lib/python3.12/site-packages/airflow/example_dags/example_branch_python_dop_operator_3.py for tasks to queue
[2024-09-22T23:40:59.388+0000] {logging_mixin.py:190} INFO - [2024-09-22T23:40:59.388+0000] {dagbag.py:587} INFO - Filling up the DagBag from /home/airflow/.local/lib/python3.12/site-packages/airflow/example_dags/example_branch_python_dop_operator_3.py
[2024-09-22T23:40:59.407+0000] {processor.py:925} INFO - DAG(s) 'example_branch_dop_operator_v3' retrieved from /home/airflow/.local/lib/python3.12/site-packages/airflow/example_dags/example_branch_python_dop_operator_3.py
[2024-09-22T23:40:59.434+0000] {logging_mixin.py:190} INFO - [2024-09-22T23:40:59.434+0000] {dag.py:3229} INFO - Sync 1 DAGs
[2024-09-22T23:40:59.469+0000] {logging_mixin.py:190} INFO - [2024-09-22T23:40:59.469+0000] {dag.py:4156} INFO - Setting next_dagrun for example_branch_dop_operator_v3 to 2024-09-22 23:39:00+00:00, run_after=2024-09-22 23:40:00+00:00
[2024-09-22T23:40:59.495+0000] {processor.py:208} INFO - Processing /home/airflow/.local/lib/python3.12/site-packages/airflow/example_dags/example_branch_python_dop_operator_3.py took 0.121 seconds
[2024-09-22T23:41:30.165+0000] {processor.py:186} INFO - Started process (PID=1944) to work on /home/airflow/.local/lib/python3.12/site-packages/airflow/example_dags/example_branch_python_dop_operator_3.py
[2024-09-22T23:41:30.167+0000] {processor.py:914} INFO - Processing file /home/airflow/.local/lib/python3.12/site-packages/airflow/example_dags/example_branch_python_dop_operator_3.py for tasks to queue
[2024-09-22T23:41:30.170+0000] {logging_mixin.py:190} INFO - [2024-09-22T23:41:30.170+0000] {dagbag.py:587} INFO - Filling up the DagBag from /home/airflow/.local/lib/python3.12/site-packages/airflow/example_dags/example_branch_python_dop_operator_3.py
[2024-09-22T23:41:30.190+0000] {processor.py:925} INFO - DAG(s) 'example_branch_dop_operator_v3' retrieved from /home/airflow/.local/lib/python3.12/site-packages/airflow/example_dags/example_branch_python_dop_operator_3.py
[2024-09-22T23:41:30.224+0000] {logging_mixin.py:190} INFO - [2024-09-22T23:41:30.224+0000] {dag.py:3229} INFO - Sync 1 DAGs
[2024-09-22T23:41:30.258+0000] {logging_mixin.py:190} INFO - [2024-09-22T23:41:30.258+0000] {dag.py:4156} INFO - Setting next_dagrun for example_branch_dop_operator_v3 to 2024-09-22 23:40:00+00:00, run_after=2024-09-22 23:41:00+00:00
[2024-09-22T23:41:30.284+0000] {processor.py:208} INFO - Processing /home/airflow/.local/lib/python3.12/site-packages/airflow/example_dags/example_branch_python_dop_operator_3.py took 0.129 seconds
[2024-09-22T23:42:01.652+0000] {processor.py:186} INFO - Started process (PID=2007) to work on /home/airflow/.local/lib/python3.12/site-packages/airflow/example_dags/example_branch_python_dop_operator_3.py
[2024-09-22T23:42:01.653+0000] {processor.py:914} INFO - Processing file /home/airflow/.local/lib/python3.12/site-packages/airflow/example_dags/example_branch_python_dop_operator_3.py for tasks to queue
[2024-09-22T23:42:01.657+0000] {logging_mixin.py:190} INFO - [2024-09-22T23:42:01.656+0000] {dagbag.py:587} INFO - Filling up the DagBag from /home/airflow/.local/lib/python3.12/site-packages/airflow/example_dags/example_branch_python_dop_operator_3.py
[2024-09-22T23:42:01.967+0000] {processor.py:925} INFO - DAG(s) 'example_branch_dop_operator_v3' retrieved from /home/airflow/.local/lib/python3.12/site-packages/airflow/example_dags/example_branch_python_dop_operator_3.py
[2024-09-22T23:42:01.994+0000] {logging_mixin.py:190} INFO - [2024-09-22T23:42:01.993+0000] {dag.py:3229} INFO - Sync 1 DAGs
[2024-09-22T23:42:02.030+0000] {logging_mixin.py:190} INFO - [2024-09-22T23:42:02.030+0000] {dag.py:4156} INFO - Setting next_dagrun for example_branch_dop_operator_v3 to 2024-09-22 23:41:00+00:00, run_after=2024-09-22 23:42:00+00:00
[2024-09-22T23:42:02.054+0000] {processor.py:208} INFO - Processing /home/airflow/.local/lib/python3.12/site-packages/airflow/example_dags/example_branch_python_dop_operator_3.py took 0.411 seconds
[2024-09-22T23:42:32.230+0000] {processor.py:186} INFO - Started process (PID=2070) to work on /home/airflow/.local/lib/python3.12/site-packages/airflow/example_dags/example_branch_python_dop_operator_3.py
[2024-09-22T23:42:32.232+0000] {processor.py:914} INFO - Processing file /home/airflow/.local/lib/python3.12/site-packages/airflow/example_dags/example_branch_python_dop_operator_3.py for tasks to queue
[2024-09-22T23:42:32.235+0000] {logging_mixin.py:190} INFO - [2024-09-22T23:42:32.234+0000] {dagbag.py:587} INFO - Filling up the DagBag from /home/airflow/.local/lib/python3.12/site-packages/airflow/example_dags/example_branch_python_dop_operator_3.py
[2024-09-22T23:42:32.254+0000] {processor.py:925} INFO - DAG(s) 'example_branch_dop_operator_v3' retrieved from /home/airflow/.local/lib/python3.12/site-packages/airflow/example_dags/example_branch_python_dop_operator_3.py
[2024-09-22T23:42:32.287+0000] {logging_mixin.py:190} INFO - [2024-09-22T23:42:32.287+0000] {dag.py:3229} INFO - Sync 1 DAGs
[2024-09-22T23:42:32.325+0000] {logging_mixin.py:190} INFO - [2024-09-22T23:42:32.324+0000] {dag.py:4156} INFO - Setting next_dagrun for example_branch_dop_operator_v3 to 2024-09-22 23:41:00+00:00, run_after=2024-09-22 23:42:00+00:00
[2024-09-22T23:42:32.352+0000] {processor.py:208} INFO - Processing /home/airflow/.local/lib/python3.12/site-packages/airflow/example_dags/example_branch_python_dop_operator_3.py took 0.132 seconds
[2024-09-22T23:43:04.843+0000] {processor.py:186} INFO - Started process (PID=2140) to work on /home/airflow/.local/lib/python3.12/site-packages/airflow/example_dags/example_branch_python_dop_operator_3.py
[2024-09-22T23:43:04.848+0000] {processor.py:914} INFO - Processing file /home/airflow/.local/lib/python3.12/site-packages/airflow/example_dags/example_branch_python_dop_operator_3.py for tasks to queue
[2024-09-22T23:43:04.859+0000] {logging_mixin.py:190} INFO - [2024-09-22T23:43:04.857+0000] {dagbag.py:587} INFO - Filling up the DagBag from /home/airflow/.local/lib/python3.12/site-packages/airflow/example_dags/example_branch_python_dop_operator_3.py
[2024-09-22T23:43:04.918+0000] {processor.py:925} INFO - DAG(s) 'example_branch_dop_operator_v3' retrieved from /home/airflow/.local/lib/python3.12/site-packages/airflow/example_dags/example_branch_python_dop_operator_3.py
[2024-09-22T23:43:04.981+0000] {logging_mixin.py:190} INFO - [2024-09-22T23:43:04.980+0000] {dag.py:3229} INFO - Sync 1 DAGs
[2024-09-22T23:43:05.064+0000] {logging_mixin.py:190} INFO - [2024-09-22T23:43:05.063+0000] {dag.py:4156} INFO - Setting next_dagrun for example_branch_dop_operator_v3 to 2024-09-22 23:42:00+00:00, run_after=2024-09-22 23:43:00+00:00
[2024-09-22T23:43:05.111+0000] {processor.py:208} INFO - Processing /home/airflow/.local/lib/python3.12/site-packages/airflow/example_dags/example_branch_python_dop_operator_3.py took 0.295 seconds
[2024-09-22T23:43:36.430+0000] {processor.py:186} INFO - Started process (PID=2207) to work on /home/airflow/.local/lib/python3.12/site-packages/airflow/example_dags/example_branch_python_dop_operator_3.py
[2024-09-22T23:43:36.433+0000] {processor.py:914} INFO - Processing file /home/airflow/.local/lib/python3.12/site-packages/airflow/example_dags/example_branch_python_dop_operator_3.py for tasks to queue
[2024-09-22T23:43:36.438+0000] {logging_mixin.py:190} INFO - [2024-09-22T23:43:36.437+0000] {dagbag.py:587} INFO - Filling up the DagBag from /home/airflow/.local/lib/python3.12/site-packages/airflow/example_dags/example_branch_python_dop_operator_3.py
[2024-09-22T23:43:36.466+0000] {processor.py:925} INFO - DAG(s) 'example_branch_dop_operator_v3' retrieved from /home/airflow/.local/lib/python3.12/site-packages/airflow/example_dags/example_branch_python_dop_operator_3.py
[2024-09-22T23:43:36.510+0000] {logging_mixin.py:190} INFO - [2024-09-22T23:43:36.509+0000] {dag.py:3229} INFO - Sync 1 DAGs
[2024-09-22T23:43:36.575+0000] {logging_mixin.py:190} INFO - [2024-09-22T23:43:36.574+0000] {dag.py:4156} INFO - Setting next_dagrun for example_branch_dop_operator_v3 to 2024-09-22 23:42:00+00:00, run_after=2024-09-22 23:43:00+00:00
[2024-09-22T23:43:36.643+0000] {processor.py:208} INFO - Processing /home/airflow/.local/lib/python3.12/site-packages/airflow/example_dags/example_branch_python_dop_operator_3.py took 0.226 seconds
[2024-09-22T23:44:06.853+0000] {processor.py:186} INFO - Started process (PID=2270) to work on /home/airflow/.local/lib/python3.12/site-packages/airflow/example_dags/example_branch_python_dop_operator_3.py
[2024-09-22T23:44:06.856+0000] {processor.py:914} INFO - Processing file /home/airflow/.local/lib/python3.12/site-packages/airflow/example_dags/example_branch_python_dop_operator_3.py for tasks to queue
[2024-09-22T23:44:06.861+0000] {logging_mixin.py:190} INFO - [2024-09-22T23:44:06.860+0000] {dagbag.py:587} INFO - Filling up the DagBag from /home/airflow/.local/lib/python3.12/site-packages/airflow/example_dags/example_branch_python_dop_operator_3.py
[2024-09-22T23:44:06.881+0000] {processor.py:925} INFO - DAG(s) 'example_branch_dop_operator_v3' retrieved from /home/airflow/.local/lib/python3.12/site-packages/airflow/example_dags/example_branch_python_dop_operator_3.py
[2024-09-22T23:44:06.908+0000] {logging_mixin.py:190} INFO - [2024-09-22T23:44:06.908+0000] {dag.py:3229} INFO - Sync 1 DAGs
[2024-09-22T23:44:06.944+0000] {logging_mixin.py:190} INFO - [2024-09-22T23:44:06.943+0000] {dag.py:4156} INFO - Setting next_dagrun for example_branch_dop_operator_v3 to 2024-09-22 23:43:00+00:00, run_after=2024-09-22 23:44:00+00:00
[2024-09-22T23:44:06.970+0000] {processor.py:208} INFO - Processing /home/airflow/.local/lib/python3.12/site-packages/airflow/example_dags/example_branch_python_dop_operator_3.py took 0.128 seconds
[2024-09-22T23:47:01.022+0000] {processor.py:186} INFO - Started process (PID=115) to work on /home/airflow/.local/lib/python3.12/site-packages/airflow/example_dags/example_branch_python_dop_operator_3.py
[2024-09-22T23:47:01.025+0000] {processor.py:914} INFO - Processing file /home/airflow/.local/lib/python3.12/site-packages/airflow/example_dags/example_branch_python_dop_operator_3.py for tasks to queue
[2024-09-22T23:47:01.035+0000] {logging_mixin.py:190} INFO - [2024-09-22T23:47:01.034+0000] {dagbag.py:587} INFO - Filling up the DagBag from /home/airflow/.local/lib/python3.12/site-packages/airflow/example_dags/example_branch_python_dop_operator_3.py
[2024-09-22T23:47:01.086+0000] {processor.py:925} INFO - DAG(s) 'example_branch_dop_operator_v3' retrieved from /home/airflow/.local/lib/python3.12/site-packages/airflow/example_dags/example_branch_python_dop_operator_3.py
[2024-09-22T23:47:01.150+0000] {logging_mixin.py:190} INFO - [2024-09-22T23:47:01.147+0000] {dag.py:3229} INFO - Sync 1 DAGs
[2024-09-22T23:47:01.266+0000] {logging_mixin.py:190} INFO - [2024-09-22T23:47:01.265+0000] {dag.py:4156} INFO - Setting next_dagrun for example_branch_dop_operator_v3 to 2024-09-22 23:46:00+00:00, run_after=2024-09-22 23:47:00+00:00
[2024-09-22T23:47:01.339+0000] {processor.py:208} INFO - Processing /home/airflow/.local/lib/python3.12/site-packages/airflow/example_dags/example_branch_python_dop_operator_3.py took 0.333 seconds
[2024-09-22T23:47:31.620+0000] {processor.py:186} INFO - Started process (PID=176) to work on /home/airflow/.local/lib/python3.12/site-packages/airflow/example_dags/example_branch_python_dop_operator_3.py
[2024-09-22T23:47:31.621+0000] {processor.py:914} INFO - Processing file /home/airflow/.local/lib/python3.12/site-packages/airflow/example_dags/example_branch_python_dop_operator_3.py for tasks to queue
[2024-09-22T23:47:31.625+0000] {logging_mixin.py:190} INFO - [2024-09-22T23:47:31.625+0000] {dagbag.py:587} INFO - Filling up the DagBag from /home/airflow/.local/lib/python3.12/site-packages/airflow/example_dags/example_branch_python_dop_operator_3.py
[2024-09-22T23:47:31.646+0000] {processor.py:925} INFO - DAG(s) 'example_branch_dop_operator_v3' retrieved from /home/airflow/.local/lib/python3.12/site-packages/airflow/example_dags/example_branch_python_dop_operator_3.py
[2024-09-22T23:47:31.684+0000] {logging_mixin.py:190} INFO - [2024-09-22T23:47:31.683+0000] {dag.py:3229} INFO - Sync 1 DAGs
[2024-09-22T23:47:31.731+0000] {logging_mixin.py:190} INFO - [2024-09-22T23:47:31.730+0000] {dag.py:4156} INFO - Setting next_dagrun for example_branch_dop_operator_v3 to 2024-09-22 23:46:00+00:00, run_after=2024-09-22 23:47:00+00:00
[2024-09-22T23:47:31.758+0000] {processor.py:208} INFO - Processing /home/airflow/.local/lib/python3.12/site-packages/airflow/example_dags/example_branch_python_dop_operator_3.py took 0.147 seconds
[2024-09-22T23:48:02.275+0000] {processor.py:186} INFO - Started process (PID=240) to work on /home/airflow/.local/lib/python3.12/site-packages/airflow/example_dags/example_branch_python_dop_operator_3.py
[2024-09-22T23:48:02.277+0000] {processor.py:914} INFO - Processing file /home/airflow/.local/lib/python3.12/site-packages/airflow/example_dags/example_branch_python_dop_operator_3.py for tasks to queue
[2024-09-22T23:48:02.280+0000] {logging_mixin.py:190} INFO - [2024-09-22T23:48:02.280+0000] {dagbag.py:587} INFO - Filling up the DagBag from /home/airflow/.local/lib/python3.12/site-packages/airflow/example_dags/example_branch_python_dop_operator_3.py
[2024-09-22T23:48:02.301+0000] {processor.py:925} INFO - DAG(s) 'example_branch_dop_operator_v3' retrieved from /home/airflow/.local/lib/python3.12/site-packages/airflow/example_dags/example_branch_python_dop_operator_3.py
[2024-09-22T23:48:02.332+0000] {logging_mixin.py:190} INFO - [2024-09-22T23:48:02.331+0000] {dag.py:3229} INFO - Sync 1 DAGs
[2024-09-22T23:48:02.372+0000] {logging_mixin.py:190} INFO - [2024-09-22T23:48:02.372+0000] {dag.py:4156} INFO - Setting next_dagrun for example_branch_dop_operator_v3 to 2024-09-22 23:47:00+00:00, run_after=2024-09-22 23:48:00+00:00
[2024-09-22T23:48:02.399+0000] {processor.py:208} INFO - Processing /home/airflow/.local/lib/python3.12/site-packages/airflow/example_dags/example_branch_python_dop_operator_3.py took 0.134 seconds
[2024-09-22T23:48:32.795+0000] {processor.py:186} INFO - Started process (PID=303) to work on /home/airflow/.local/lib/python3.12/site-packages/airflow/example_dags/example_branch_python_dop_operator_3.py
[2024-09-22T23:48:32.797+0000] {processor.py:914} INFO - Processing file /home/airflow/.local/lib/python3.12/site-packages/airflow/example_dags/example_branch_python_dop_operator_3.py for tasks to queue
[2024-09-22T23:48:32.801+0000] {logging_mixin.py:190} INFO - [2024-09-22T23:48:32.800+0000] {dagbag.py:587} INFO - Filling up the DagBag from /home/airflow/.local/lib/python3.12/site-packages/airflow/example_dags/example_branch_python_dop_operator_3.py
[2024-09-22T23:48:32.821+0000] {processor.py:925} INFO - DAG(s) 'example_branch_dop_operator_v3' retrieved from /home/airflow/.local/lib/python3.12/site-packages/airflow/example_dags/example_branch_python_dop_operator_3.py
[2024-09-22T23:48:32.850+0000] {logging_mixin.py:190} INFO - [2024-09-22T23:48:32.850+0000] {dag.py:3229} INFO - Sync 1 DAGs
[2024-09-22T23:48:32.886+0000] {logging_mixin.py:190} INFO - [2024-09-22T23:48:32.885+0000] {dag.py:4156} INFO - Setting next_dagrun for example_branch_dop_operator_v3 to 2024-09-22 23:47:00+00:00, run_after=2024-09-22 23:48:00+00:00
[2024-09-22T23:48:32.911+0000] {processor.py:208} INFO - Processing /home/airflow/.local/lib/python3.12/site-packages/airflow/example_dags/example_branch_python_dop_operator_3.py took 0.125 seconds
[2024-09-22T23:49:03.368+0000] {processor.py:186} INFO - Started process (PID=366) to work on /home/airflow/.local/lib/python3.12/site-packages/airflow/example_dags/example_branch_python_dop_operator_3.py
[2024-09-22T23:49:03.370+0000] {processor.py:914} INFO - Processing file /home/airflow/.local/lib/python3.12/site-packages/airflow/example_dags/example_branch_python_dop_operator_3.py for tasks to queue
[2024-09-22T23:49:03.374+0000] {logging_mixin.py:190} INFO - [2024-09-22T23:49:03.373+0000] {dagbag.py:587} INFO - Filling up the DagBag from /home/airflow/.local/lib/python3.12/site-packages/airflow/example_dags/example_branch_python_dop_operator_3.py
[2024-09-22T23:49:03.393+0000] {processor.py:925} INFO - DAG(s) 'example_branch_dop_operator_v3' retrieved from /home/airflow/.local/lib/python3.12/site-packages/airflow/example_dags/example_branch_python_dop_operator_3.py
[2024-09-22T23:49:03.423+0000] {logging_mixin.py:190} INFO - [2024-09-22T23:49:03.423+0000] {dag.py:3229} INFO - Sync 1 DAGs
[2024-09-22T23:49:03.459+0000] {logging_mixin.py:190} INFO - [2024-09-22T23:49:03.458+0000] {dag.py:4156} INFO - Setting next_dagrun for example_branch_dop_operator_v3 to 2024-09-22 23:48:00+00:00, run_after=2024-09-22 23:49:00+00:00
[2024-09-22T23:49:03.483+0000] {processor.py:208} INFO - Processing /home/airflow/.local/lib/python3.12/site-packages/airflow/example_dags/example_branch_python_dop_operator_3.py took 0.125 seconds
[2024-09-22T23:49:33.916+0000] {processor.py:186} INFO - Started process (PID=429) to work on /home/airflow/.local/lib/python3.12/site-packages/airflow/example_dags/example_branch_python_dop_operator_3.py
[2024-09-22T23:49:33.917+0000] {processor.py:914} INFO - Processing file /home/airflow/.local/lib/python3.12/site-packages/airflow/example_dags/example_branch_python_dop_operator_3.py for tasks to queue
[2024-09-22T23:49:33.920+0000] {logging_mixin.py:190} INFO - [2024-09-22T23:49:33.920+0000] {dagbag.py:587} INFO - Filling up the DagBag from /home/airflow/.local/lib/python3.12/site-packages/airflow/example_dags/example_branch_python_dop_operator_3.py
[2024-09-22T23:49:33.940+0000] {processor.py:925} INFO - DAG(s) 'example_branch_dop_operator_v3' retrieved from /home/airflow/.local/lib/python3.12/site-packages/airflow/example_dags/example_branch_python_dop_operator_3.py
[2024-09-22T23:49:33.969+0000] {logging_mixin.py:190} INFO - [2024-09-22T23:49:33.969+0000] {dag.py:3229} INFO - Sync 1 DAGs
[2024-09-22T23:49:34.006+0000] {logging_mixin.py:190} INFO - [2024-09-22T23:49:34.005+0000] {dag.py:4156} INFO - Setting next_dagrun for example_branch_dop_operator_v3 to 2024-09-22 23:48:00+00:00, run_after=2024-09-22 23:49:00+00:00
[2024-09-22T23:49:34.031+0000] {processor.py:208} INFO - Processing /home/airflow/.local/lib/python3.12/site-packages/airflow/example_dags/example_branch_python_dop_operator_3.py took 0.124 seconds
[2024-09-22T23:50:05.337+0000] {processor.py:186} INFO - Started process (PID=492) to work on /home/airflow/.local/lib/python3.12/site-packages/airflow/example_dags/example_branch_python_dop_operator_3.py
[2024-09-22T23:50:05.340+0000] {processor.py:914} INFO - Processing file /home/airflow/.local/lib/python3.12/site-packages/airflow/example_dags/example_branch_python_dop_operator_3.py for tasks to queue
[2024-09-22T23:50:05.345+0000] {logging_mixin.py:190} INFO - [2024-09-22T23:50:05.344+0000] {dagbag.py:587} INFO - Filling up the DagBag from /home/airflow/.local/lib/python3.12/site-packages/airflow/example_dags/example_branch_python_dop_operator_3.py
[2024-09-22T23:50:05.373+0000] {processor.py:925} INFO - DAG(s) 'example_branch_dop_operator_v3' retrieved from /home/airflow/.local/lib/python3.12/site-packages/airflow/example_dags/example_branch_python_dop_operator_3.py
[2024-09-22T23:50:05.410+0000] {logging_mixin.py:190} INFO - [2024-09-22T23:50:05.409+0000] {dag.py:3229} INFO - Sync 1 DAGs
[2024-09-22T23:50:05.465+0000] {logging_mixin.py:190} INFO - [2024-09-22T23:50:05.465+0000] {dag.py:4156} INFO - Setting next_dagrun for example_branch_dop_operator_v3 to 2024-09-22 23:49:00+00:00, run_after=2024-09-22 23:50:00+00:00
[2024-09-22T23:50:05.499+0000] {processor.py:208} INFO - Processing /home/airflow/.local/lib/python3.12/site-packages/airflow/example_dags/example_branch_python_dop_operator_3.py took 0.175 seconds
[2024-09-22T23:50:35.848+0000] {processor.py:186} INFO - Started process (PID=555) to work on /home/airflow/.local/lib/python3.12/site-packages/airflow/example_dags/example_branch_python_dop_operator_3.py
[2024-09-22T23:50:35.851+0000] {processor.py:914} INFO - Processing file /home/airflow/.local/lib/python3.12/site-packages/airflow/example_dags/example_branch_python_dop_operator_3.py for tasks to queue
[2024-09-22T23:50:35.854+0000] {logging_mixin.py:190} INFO - [2024-09-22T23:50:35.854+0000] {dagbag.py:587} INFO - Filling up the DagBag from /home/airflow/.local/lib/python3.12/site-packages/airflow/example_dags/example_branch_python_dop_operator_3.py
[2024-09-22T23:50:35.873+0000] {processor.py:925} INFO - DAG(s) 'example_branch_dop_operator_v3' retrieved from /home/airflow/.local/lib/python3.12/site-packages/airflow/example_dags/example_branch_python_dop_operator_3.py
[2024-09-22T23:50:35.909+0000] {logging_mixin.py:190} INFO - [2024-09-22T23:50:35.909+0000] {dag.py:3229} INFO - Sync 1 DAGs
[2024-09-22T23:50:35.953+0000] {logging_mixin.py:190} INFO - [2024-09-22T23:50:35.953+0000] {dag.py:4156} INFO - Setting next_dagrun for example_branch_dop_operator_v3 to 2024-09-22 23:49:00+00:00, run_after=2024-09-22 23:50:00+00:00
[2024-09-22T23:50:35.981+0000] {processor.py:208} INFO - Processing /home/airflow/.local/lib/python3.12/site-packages/airflow/example_dags/example_branch_python_dop_operator_3.py took 0.142 seconds
[2024-09-22T23:51:06.454+0000] {processor.py:186} INFO - Started process (PID=618) to work on /home/airflow/.local/lib/python3.12/site-packages/airflow/example_dags/example_branch_python_dop_operator_3.py
[2024-09-22T23:51:06.457+0000] {processor.py:914} INFO - Processing file /home/airflow/.local/lib/python3.12/site-packages/airflow/example_dags/example_branch_python_dop_operator_3.py for tasks to queue
[2024-09-22T23:51:06.461+0000] {logging_mixin.py:190} INFO - [2024-09-22T23:51:06.461+0000] {dagbag.py:587} INFO - Filling up the DagBag from /home/airflow/.local/lib/python3.12/site-packages/airflow/example_dags/example_branch_python_dop_operator_3.py
[2024-09-22T23:51:06.489+0000] {processor.py:925} INFO - DAG(s) 'example_branch_dop_operator_v3' retrieved from /home/airflow/.local/lib/python3.12/site-packages/airflow/example_dags/example_branch_python_dop_operator_3.py
[2024-09-22T23:51:06.519+0000] {logging_mixin.py:190} INFO - [2024-09-22T23:51:06.519+0000] {dag.py:3229} INFO - Sync 1 DAGs
[2024-09-22T23:51:06.576+0000] {logging_mixin.py:190} INFO - [2024-09-22T23:51:06.576+0000] {dag.py:4156} INFO - Setting next_dagrun for example_branch_dop_operator_v3 to 2024-09-22 23:50:00+00:00, run_after=2024-09-22 23:51:00+00:00
[2024-09-22T23:51:06.606+0000] {processor.py:208} INFO - Processing /home/airflow/.local/lib/python3.12/site-packages/airflow/example_dags/example_branch_python_dop_operator_3.py took 0.164 seconds
[2024-09-22T23:51:36.752+0000] {processor.py:186} INFO - Started process (PID=683) to work on /home/airflow/.local/lib/python3.12/site-packages/airflow/example_dags/example_branch_python_dop_operator_3.py
[2024-09-22T23:51:36.754+0000] {processor.py:914} INFO - Processing file /home/airflow/.local/lib/python3.12/site-packages/airflow/example_dags/example_branch_python_dop_operator_3.py for tasks to queue
[2024-09-22T23:51:36.759+0000] {logging_mixin.py:190} INFO - [2024-09-22T23:51:36.758+0000] {dagbag.py:587} INFO - Filling up the DagBag from /home/airflow/.local/lib/python3.12/site-packages/airflow/example_dags/example_branch_python_dop_operator_3.py
[2024-09-22T23:51:36.787+0000] {processor.py:925} INFO - DAG(s) 'example_branch_dop_operator_v3' retrieved from /home/airflow/.local/lib/python3.12/site-packages/airflow/example_dags/example_branch_python_dop_operator_3.py
[2024-09-22T23:51:36.824+0000] {logging_mixin.py:190} INFO - [2024-09-22T23:51:36.824+0000] {dag.py:3229} INFO - Sync 1 DAGs
[2024-09-22T23:51:36.872+0000] {logging_mixin.py:190} INFO - [2024-09-22T23:51:36.871+0000] {dag.py:4156} INFO - Setting next_dagrun for example_branch_dop_operator_v3 to 2024-09-22 23:50:00+00:00, run_after=2024-09-22 23:51:00+00:00
[2024-09-22T23:51:36.901+0000] {processor.py:208} INFO - Processing /home/airflow/.local/lib/python3.12/site-packages/airflow/example_dags/example_branch_python_dop_operator_3.py took 0.158 seconds
[2024-09-22T23:52:08.011+0000] {processor.py:186} INFO - Started process (PID=752) to work on /home/airflow/.local/lib/python3.12/site-packages/airflow/example_dags/example_branch_python_dop_operator_3.py
[2024-09-22T23:52:08.013+0000] {processor.py:914} INFO - Processing file /home/airflow/.local/lib/python3.12/site-packages/airflow/example_dags/example_branch_python_dop_operator_3.py for tasks to queue
[2024-09-22T23:52:08.017+0000] {logging_mixin.py:190} INFO - [2024-09-22T23:52:08.016+0000] {dagbag.py:587} INFO - Filling up the DagBag from /home/airflow/.local/lib/python3.12/site-packages/airflow/example_dags/example_branch_python_dop_operator_3.py
[2024-09-22T23:52:08.038+0000] {processor.py:925} INFO - DAG(s) 'example_branch_dop_operator_v3' retrieved from /home/airflow/.local/lib/python3.12/site-packages/airflow/example_dags/example_branch_python_dop_operator_3.py
[2024-09-22T23:52:08.075+0000] {logging_mixin.py:190} INFO - [2024-09-22T23:52:08.075+0000] {dag.py:3229} INFO - Sync 1 DAGs
[2024-09-22T23:52:08.114+0000] {logging_mixin.py:190} INFO - [2024-09-22T23:52:08.113+0000] {dag.py:4156} INFO - Setting next_dagrun for example_branch_dop_operator_v3 to 2024-09-22 23:51:00+00:00, run_after=2024-09-22 23:52:00+00:00
[2024-09-22T23:52:08.143+0000] {processor.py:208} INFO - Processing /home/airflow/.local/lib/python3.12/site-packages/airflow/example_dags/example_branch_python_dop_operator_3.py took 0.142 seconds
[2024-09-22T23:52:38.909+0000] {processor.py:186} INFO - Started process (PID=816) to work on /home/airflow/.local/lib/python3.12/site-packages/airflow/example_dags/example_branch_python_dop_operator_3.py
[2024-09-22T23:52:38.912+0000] {processor.py:914} INFO - Processing file /home/airflow/.local/lib/python3.12/site-packages/airflow/example_dags/example_branch_python_dop_operator_3.py for tasks to queue
[2024-09-22T23:52:38.916+0000] {logging_mixin.py:190} INFO - [2024-09-22T23:52:38.915+0000] {dagbag.py:587} INFO - Filling up the DagBag from /home/airflow/.local/lib/python3.12/site-packages/airflow/example_dags/example_branch_python_dop_operator_3.py
[2024-09-22T23:52:38.936+0000] {processor.py:925} INFO - DAG(s) 'example_branch_dop_operator_v3' retrieved from /home/airflow/.local/lib/python3.12/site-packages/airflow/example_dags/example_branch_python_dop_operator_3.py
[2024-09-22T23:52:38.964+0000] {logging_mixin.py:190} INFO - [2024-09-22T23:52:38.964+0000] {dag.py:3229} INFO - Sync 1 DAGs
[2024-09-22T23:52:39.000+0000] {logging_mixin.py:190} INFO - [2024-09-22T23:52:39.000+0000] {dag.py:4156} INFO - Setting next_dagrun for example_branch_dop_operator_v3 to 2024-09-22 23:51:00+00:00, run_after=2024-09-22 23:52:00+00:00
[2024-09-22T23:52:39.024+0000] {processor.py:208} INFO - Processing /home/airflow/.local/lib/python3.12/site-packages/airflow/example_dags/example_branch_python_dop_operator_3.py took 0.129 seconds
[2024-09-22T23:53:09.898+0000] {processor.py:186} INFO - Started process (PID=878) to work on /home/airflow/.local/lib/python3.12/site-packages/airflow/example_dags/example_branch_python_dop_operator_3.py
[2024-09-22T23:53:09.899+0000] {processor.py:914} INFO - Processing file /home/airflow/.local/lib/python3.12/site-packages/airflow/example_dags/example_branch_python_dop_operator_3.py for tasks to queue
[2024-09-22T23:53:09.903+0000] {logging_mixin.py:190} INFO - [2024-09-22T23:53:09.903+0000] {dagbag.py:587} INFO - Filling up the DagBag from /home/airflow/.local/lib/python3.12/site-packages/airflow/example_dags/example_branch_python_dop_operator_3.py
[2024-09-22T23:53:09.924+0000] {processor.py:925} INFO - DAG(s) 'example_branch_dop_operator_v3' retrieved from /home/airflow/.local/lib/python3.12/site-packages/airflow/example_dags/example_branch_python_dop_operator_3.py
[2024-09-22T23:53:09.955+0000] {logging_mixin.py:190} INFO - [2024-09-22T23:53:09.955+0000] {dag.py:3229} INFO - Sync 1 DAGs
[2024-09-22T23:53:09.992+0000] {logging_mixin.py:190} INFO - [2024-09-22T23:53:09.992+0000] {dag.py:4156} INFO - Setting next_dagrun for example_branch_dop_operator_v3 to 2024-09-22 23:52:00+00:00, run_after=2024-09-22 23:53:00+00:00
[2024-09-22T23:53:10.017+0000] {processor.py:208} INFO - Processing /home/airflow/.local/lib/python3.12/site-packages/airflow/example_dags/example_branch_python_dop_operator_3.py took 0.133 seconds
[2024-09-22T23:53:43.723+0000] {processor.py:186} INFO - Started process (PID=941) to work on /home/airflow/.local/lib/python3.12/site-packages/airflow/example_dags/example_branch_python_dop_operator_3.py
[2024-09-22T23:53:43.728+0000] {processor.py:914} INFO - Processing file /home/airflow/.local/lib/python3.12/site-packages/airflow/example_dags/example_branch_python_dop_operator_3.py for tasks to queue
[2024-09-22T23:53:43.740+0000] {logging_mixin.py:190} INFO - [2024-09-22T23:53:43.738+0000] {dagbag.py:587} INFO - Filling up the DagBag from /home/airflow/.local/lib/python3.12/site-packages/airflow/example_dags/example_branch_python_dop_operator_3.py
[2024-09-22T23:53:43.797+0000] {processor.py:925} INFO - DAG(s) 'example_branch_dop_operator_v3' retrieved from /home/airflow/.local/lib/python3.12/site-packages/airflow/example_dags/example_branch_python_dop_operator_3.py
[2024-09-22T23:53:43.859+0000] {logging_mixin.py:190} INFO - [2024-09-22T23:53:43.858+0000] {dag.py:3229} INFO - Sync 1 DAGs
[2024-09-22T23:53:43.958+0000] {logging_mixin.py:190} INFO - [2024-09-22T23:53:43.957+0000] {dag.py:4156} INFO - Setting next_dagrun for example_branch_dop_operator_v3 to 2024-09-22 23:52:00+00:00, run_after=2024-09-22 23:53:00+00:00
[2024-09-22T23:53:44.013+0000] {processor.py:208} INFO - Processing /home/airflow/.local/lib/python3.12/site-packages/airflow/example_dags/example_branch_python_dop_operator_3.py took 0.318 seconds
[2024-09-22T23:54:14.417+0000] {processor.py:186} INFO - Started process (PID=1004) to work on /home/airflow/.local/lib/python3.12/site-packages/airflow/example_dags/example_branch_python_dop_operator_3.py
[2024-09-22T23:54:14.418+0000] {processor.py:914} INFO - Processing file /home/airflow/.local/lib/python3.12/site-packages/airflow/example_dags/example_branch_python_dop_operator_3.py for tasks to queue
[2024-09-22T23:54:14.422+0000] {logging_mixin.py:190} INFO - [2024-09-22T23:54:14.421+0000] {dagbag.py:587} INFO - Filling up the DagBag from /home/airflow/.local/lib/python3.12/site-packages/airflow/example_dags/example_branch_python_dop_operator_3.py
[2024-09-22T23:54:14.441+0000] {processor.py:925} INFO - DAG(s) 'example_branch_dop_operator_v3' retrieved from /home/airflow/.local/lib/python3.12/site-packages/airflow/example_dags/example_branch_python_dop_operator_3.py
[2024-09-22T23:54:14.472+0000] {logging_mixin.py:190} INFO - [2024-09-22T23:54:14.472+0000] {dag.py:3229} INFO - Sync 1 DAGs
[2024-09-22T23:54:14.517+0000] {logging_mixin.py:190} INFO - [2024-09-22T23:54:14.516+0000] {dag.py:4156} INFO - Setting next_dagrun for example_branch_dop_operator_v3 to 2024-09-22 23:53:00+00:00, run_after=2024-09-22 23:54:00+00:00
[2024-09-22T23:54:14.548+0000] {processor.py:208} INFO - Processing /home/airflow/.local/lib/python3.12/site-packages/airflow/example_dags/example_branch_python_dop_operator_3.py took 0.141 seconds
[2024-09-22T23:54:45.302+0000] {processor.py:186} INFO - Started process (PID=1067) to work on /home/airflow/.local/lib/python3.12/site-packages/airflow/example_dags/example_branch_python_dop_operator_3.py
[2024-09-22T23:54:45.304+0000] {processor.py:914} INFO - Processing file /home/airflow/.local/lib/python3.12/site-packages/airflow/example_dags/example_branch_python_dop_operator_3.py for tasks to queue
[2024-09-22T23:54:45.309+0000] {logging_mixin.py:190} INFO - [2024-09-22T23:54:45.308+0000] {dagbag.py:587} INFO - Filling up the DagBag from /home/airflow/.local/lib/python3.12/site-packages/airflow/example_dags/example_branch_python_dop_operator_3.py
[2024-09-22T23:54:45.337+0000] {processor.py:925} INFO - DAG(s) 'example_branch_dop_operator_v3' retrieved from /home/airflow/.local/lib/python3.12/site-packages/airflow/example_dags/example_branch_python_dop_operator_3.py
[2024-09-22T23:54:45.372+0000] {logging_mixin.py:190} INFO - [2024-09-22T23:54:45.372+0000] {dag.py:3229} INFO - Sync 1 DAGs
[2024-09-22T23:54:45.424+0000] {logging_mixin.py:190} INFO - [2024-09-22T23:54:45.424+0000] {dag.py:4156} INFO - Setting next_dagrun for example_branch_dop_operator_v3 to 2024-09-22 23:53:00+00:00, run_after=2024-09-22 23:54:00+00:00
[2024-09-22T23:54:45.455+0000] {processor.py:208} INFO - Processing /home/airflow/.local/lib/python3.12/site-packages/airflow/example_dags/example_branch_python_dop_operator_3.py took 0.166 seconds
[2024-09-22T23:55:15.764+0000] {processor.py:186} INFO - Started process (PID=1129) to work on /home/airflow/.local/lib/python3.12/site-packages/airflow/example_dags/example_branch_python_dop_operator_3.py
[2024-09-22T23:55:15.766+0000] {processor.py:914} INFO - Processing file /home/airflow/.local/lib/python3.12/site-packages/airflow/example_dags/example_branch_python_dop_operator_3.py for tasks to queue
[2024-09-22T23:55:15.769+0000] {logging_mixin.py:190} INFO - [2024-09-22T23:55:15.769+0000] {dagbag.py:587} INFO - Filling up the DagBag from /home/airflow/.local/lib/python3.12/site-packages/airflow/example_dags/example_branch_python_dop_operator_3.py
[2024-09-22T23:55:15.790+0000] {processor.py:925} INFO - DAG(s) 'example_branch_dop_operator_v3' retrieved from /home/airflow/.local/lib/python3.12/site-packages/airflow/example_dags/example_branch_python_dop_operator_3.py
[2024-09-22T23:55:15.820+0000] {logging_mixin.py:190} INFO - [2024-09-22T23:55:15.820+0000] {dag.py:3229} INFO - Sync 1 DAGs
[2024-09-22T23:55:15.858+0000] {logging_mixin.py:190} INFO - [2024-09-22T23:55:15.858+0000] {dag.py:4156} INFO - Setting next_dagrun for example_branch_dop_operator_v3 to 2024-09-22 23:54:00+00:00, run_after=2024-09-22 23:55:00+00:00
[2024-09-22T23:55:15.886+0000] {processor.py:208} INFO - Processing /home/airflow/.local/lib/python3.12/site-packages/airflow/example_dags/example_branch_python_dop_operator_3.py took 0.132 seconds
[2024-09-22T23:55:47.265+0000] {processor.py:186} INFO - Started process (PID=1192) to work on /home/airflow/.local/lib/python3.12/site-packages/airflow/example_dags/example_branch_python_dop_operator_3.py
[2024-09-22T23:55:47.267+0000] {processor.py:914} INFO - Processing file /home/airflow/.local/lib/python3.12/site-packages/airflow/example_dags/example_branch_python_dop_operator_3.py for tasks to queue
[2024-09-22T23:55:47.271+0000] {logging_mixin.py:190} INFO - [2024-09-22T23:55:47.270+0000] {dagbag.py:587} INFO - Filling up the DagBag from /home/airflow/.local/lib/python3.12/site-packages/airflow/example_dags/example_branch_python_dop_operator_3.py
[2024-09-22T23:55:47.292+0000] {processor.py:925} INFO - DAG(s) 'example_branch_dop_operator_v3' retrieved from /home/airflow/.local/lib/python3.12/site-packages/airflow/example_dags/example_branch_python_dop_operator_3.py
[2024-09-22T23:55:47.321+0000] {logging_mixin.py:190} INFO - [2024-09-22T23:55:47.321+0000] {dag.py:3229} INFO - Sync 1 DAGs
[2024-09-22T23:55:47.357+0000] {logging_mixin.py:190} INFO - [2024-09-22T23:55:47.357+0000] {dag.py:4156} INFO - Setting next_dagrun for example_branch_dop_operator_v3 to 2024-09-22 23:54:00+00:00, run_after=2024-09-22 23:55:00+00:00
[2024-09-22T23:55:47.381+0000] {processor.py:208} INFO - Processing /home/airflow/.local/lib/python3.12/site-packages/airflow/example_dags/example_branch_python_dop_operator_3.py took 0.125 seconds
[2024-09-22T23:58:08.746+0000] {processor.py:186} INFO - Started process (PID=113) to work on /home/airflow/.local/lib/python3.12/site-packages/airflow/example_dags/example_branch_python_dop_operator_3.py
[2024-09-22T23:58:08.749+0000] {processor.py:914} INFO - Processing file /home/airflow/.local/lib/python3.12/site-packages/airflow/example_dags/example_branch_python_dop_operator_3.py for tasks to queue
[2024-09-22T23:58:08.755+0000] {logging_mixin.py:190} INFO - [2024-09-22T23:58:08.754+0000] {dagbag.py:587} INFO - Filling up the DagBag from /home/airflow/.local/lib/python3.12/site-packages/airflow/example_dags/example_branch_python_dop_operator_3.py
[2024-09-22T23:58:08.788+0000] {processor.py:925} INFO - DAG(s) 'example_branch_dop_operator_v3' retrieved from /home/airflow/.local/lib/python3.12/site-packages/airflow/example_dags/example_branch_python_dop_operator_3.py
[2024-09-22T23:58:08.830+0000] {logging_mixin.py:190} INFO - [2024-09-22T23:58:08.829+0000] {dag.py:3229} INFO - Sync 1 DAGs
[2024-09-22T23:58:08.884+0000] {logging_mixin.py:190} INFO - [2024-09-22T23:58:08.883+0000] {dag.py:4156} INFO - Setting next_dagrun for example_branch_dop_operator_v3 to 2024-09-22 23:57:00+00:00, run_after=2024-09-22 23:58:00+00:00
[2024-09-22T23:58:08.918+0000] {processor.py:208} INFO - Processing /home/airflow/.local/lib/python3.12/site-packages/airflow/example_dags/example_branch_python_dop_operator_3.py took 0.188 seconds
[2024-09-22T23:58:39.260+0000] {processor.py:186} INFO - Started process (PID=176) to work on /home/airflow/.local/lib/python3.12/site-packages/airflow/example_dags/example_branch_python_dop_operator_3.py
[2024-09-22T23:58:39.261+0000] {processor.py:914} INFO - Processing file /home/airflow/.local/lib/python3.12/site-packages/airflow/example_dags/example_branch_python_dop_operator_3.py for tasks to queue
[2024-09-22T23:58:39.264+0000] {logging_mixin.py:190} INFO - [2024-09-22T23:58:39.264+0000] {dagbag.py:587} INFO - Filling up the DagBag from /home/airflow/.local/lib/python3.12/site-packages/airflow/example_dags/example_branch_python_dop_operator_3.py
[2024-09-22T23:58:39.285+0000] {processor.py:925} INFO - DAG(s) 'example_branch_dop_operator_v3' retrieved from /home/airflow/.local/lib/python3.12/site-packages/airflow/example_dags/example_branch_python_dop_operator_3.py
[2024-09-22T23:58:39.317+0000] {logging_mixin.py:190} INFO - [2024-09-22T23:58:39.316+0000] {dag.py:3229} INFO - Sync 1 DAGs
[2024-09-22T23:58:39.353+0000] {logging_mixin.py:190} INFO - [2024-09-22T23:58:39.353+0000] {dag.py:4156} INFO - Setting next_dagrun for example_branch_dop_operator_v3 to 2024-09-22 23:57:00+00:00, run_after=2024-09-22 23:58:00+00:00
[2024-09-22T23:58:39.378+0000] {processor.py:208} INFO - Processing /home/airflow/.local/lib/python3.12/site-packages/airflow/example_dags/example_branch_python_dop_operator_3.py took 0.128 seconds
[2024-09-22T23:59:09.912+0000] {processor.py:186} INFO - Started process (PID=239) to work on /home/airflow/.local/lib/python3.12/site-packages/airflow/example_dags/example_branch_python_dop_operator_3.py
[2024-09-22T23:59:09.914+0000] {processor.py:914} INFO - Processing file /home/airflow/.local/lib/python3.12/site-packages/airflow/example_dags/example_branch_python_dop_operator_3.py for tasks to queue
[2024-09-22T23:59:09.918+0000] {logging_mixin.py:190} INFO - [2024-09-22T23:59:09.917+0000] {dagbag.py:587} INFO - Filling up the DagBag from /home/airflow/.local/lib/python3.12/site-packages/airflow/example_dags/example_branch_python_dop_operator_3.py
[2024-09-22T23:59:09.943+0000] {processor.py:925} INFO - DAG(s) 'example_branch_dop_operator_v3' retrieved from /home/airflow/.local/lib/python3.12/site-packages/airflow/example_dags/example_branch_python_dop_operator_3.py
[2024-09-22T23:59:09.980+0000] {logging_mixin.py:190} INFO - [2024-09-22T23:59:09.980+0000] {dag.py:3229} INFO - Sync 1 DAGs
[2024-09-22T23:59:10.023+0000] {logging_mixin.py:190} INFO - [2024-09-22T23:59:10.022+0000] {dag.py:4156} INFO - Setting next_dagrun for example_branch_dop_operator_v3 to 2024-09-22 23:58:00+00:00, run_after=2024-09-22 23:59:00+00:00
[2024-09-22T23:59:10.049+0000] {processor.py:208} INFO - Processing /home/airflow/.local/lib/python3.12/site-packages/airflow/example_dags/example_branch_python_dop_operator_3.py took 0.148 seconds
[2024-09-22T23:59:40.362+0000] {processor.py:186} INFO - Started process (PID=302) to work on /home/airflow/.local/lib/python3.12/site-packages/airflow/example_dags/example_branch_python_dop_operator_3.py
[2024-09-22T23:59:40.364+0000] {processor.py:914} INFO - Processing file /home/airflow/.local/lib/python3.12/site-packages/airflow/example_dags/example_branch_python_dop_operator_3.py for tasks to queue
[2024-09-22T23:59:40.367+0000] {logging_mixin.py:190} INFO - [2024-09-22T23:59:40.367+0000] {dagbag.py:587} INFO - Filling up the DagBag from /home/airflow/.local/lib/python3.12/site-packages/airflow/example_dags/example_branch_python_dop_operator_3.py
[2024-09-22T23:59:40.392+0000] {processor.py:925} INFO - DAG(s) 'example_branch_dop_operator_v3' retrieved from /home/airflow/.local/lib/python3.12/site-packages/airflow/example_dags/example_branch_python_dop_operator_3.py
[2024-09-22T23:59:40.420+0000] {logging_mixin.py:190} INFO - [2024-09-22T23:59:40.420+0000] {dag.py:3229} INFO - Sync 1 DAGs
[2024-09-22T23:59:40.458+0000] {logging_mixin.py:190} INFO - [2024-09-22T23:59:40.458+0000] {dag.py:4156} INFO - Setting next_dagrun for example_branch_dop_operator_v3 to 2024-09-22 23:58:00+00:00, run_after=2024-09-22 23:59:00+00:00
[2024-09-22T23:59:40.483+0000] {processor.py:208} INFO - Processing /home/airflow/.local/lib/python3.12/site-packages/airflow/example_dags/example_branch_python_dop_operator_3.py took 0.130 seconds
