[2024-09-22T23:26:29.275+0000] {processor.py:186} INFO - Started process (PID=114) to work on /home/airflow/.local/lib/python3.12/site-packages/airflow/example_dags/example_branch_labels.py
[2024-09-22T23:26:29.276+0000] {processor.py:914} INFO - Processing file /home/airflow/.local/lib/python3.12/site-packages/airflow/example_dags/example_branch_labels.py for tasks to queue
[2024-09-22T23:26:29.287+0000] {logging_mixin.py:190} INFO - [2024-09-22T23:26:29.284+0000] {dagbag.py:587} INFO - Filling up the DagBag from /home/airflow/.local/lib/python3.12/site-packages/airflow/example_dags/example_branch_labels.py
[2024-09-22T23:26:29.347+0000] {processor.py:925} INFO - DAG(s) 'example_branch_labels' retrieved from /home/airflow/.local/lib/python3.12/site-packages/airflow/example_dags/example_branch_labels.py
[2024-09-22T23:26:30.008+0000] {logging_mixin.py:190} INFO - [2024-09-22T23:26:30.005+0000] {override.py:1900} INFO - Created Permission View: can edit on DAG:example_branch_labels
[2024-09-22T23:26:30.057+0000] {logging_mixin.py:190} INFO - [2024-09-22T23:26:30.057+0000] {override.py:1900} INFO - Created Permission View: can read on DAG:example_branch_labels
[2024-09-22T23:26:30.083+0000] {logging_mixin.py:190} INFO - [2024-09-22T23:26:30.082+0000] {override.py:1900} INFO - Created Permission View: can delete on DAG:example_branch_labels
[2024-09-22T23:26:30.104+0000] {logging_mixin.py:190} INFO - [2024-09-22T23:26:30.103+0000] {override.py:1900} INFO - Created Permission View: can create on DAG Run:example_branch_labels
[2024-09-22T23:26:30.126+0000] {logging_mixin.py:190} INFO - [2024-09-22T23:26:30.126+0000] {override.py:1900} INFO - Created Permission View: menu access on DAG Run:example_branch_labels
[2024-09-22T23:26:30.144+0000] {logging_mixin.py:190} INFO - [2024-09-22T23:26:30.143+0000] {override.py:1900} INFO - Created Permission View: can read on DAG Run:example_branch_labels
[2024-09-22T23:26:30.160+0000] {logging_mixin.py:190} INFO - [2024-09-22T23:26:30.160+0000] {override.py:1900} INFO - Created Permission View: can delete on DAG Run:example_branch_labels
[2024-09-22T23:26:30.161+0000] {logging_mixin.py:190} INFO - [2024-09-22T23:26:30.161+0000] {dag.py:3229} INFO - Sync 1 DAGs
[2024-09-22T23:26:30.196+0000] {logging_mixin.py:190} INFO - [2024-09-22T23:26:30.195+0000] {dag.py:3252} INFO - Creating ORM DAG for example_branch_labels
[2024-09-22T23:26:30.228+0000] {logging_mixin.py:190} INFO - [2024-09-22T23:26:30.228+0000] {dag.py:4156} INFO - Setting next_dagrun for example_branch_labels to 2024-09-21 00:00:00+00:00, run_after=2024-09-22 00:00:00+00:00
[2024-09-22T23:26:30.278+0000] {processor.py:208} INFO - Processing /home/airflow/.local/lib/python3.12/site-packages/airflow/example_dags/example_branch_labels.py took 1.042 seconds
[2024-09-22T23:27:00.489+0000] {processor.py:186} INFO - Started process (PID=182) to work on /home/airflow/.local/lib/python3.12/site-packages/airflow/example_dags/example_branch_labels.py
[2024-09-22T23:27:00.490+0000] {processor.py:914} INFO - Processing file /home/airflow/.local/lib/python3.12/site-packages/airflow/example_dags/example_branch_labels.py for tasks to queue
[2024-09-22T23:27:00.496+0000] {logging_mixin.py:190} INFO - [2024-09-22T23:27:00.495+0000] {dagbag.py:587} INFO - Filling up the DagBag from /home/airflow/.local/lib/python3.12/site-packages/airflow/example_dags/example_branch_labels.py
[2024-09-22T23:27:00.524+0000] {processor.py:925} INFO - DAG(s) 'example_branch_labels' retrieved from /home/airflow/.local/lib/python3.12/site-packages/airflow/example_dags/example_branch_labels.py
[2024-09-22T23:27:00.564+0000] {logging_mixin.py:190} INFO - [2024-09-22T23:27:00.564+0000] {dag.py:3229} INFO - Sync 1 DAGs
[2024-09-22T23:27:00.610+0000] {logging_mixin.py:190} INFO - [2024-09-22T23:27:00.610+0000] {dag.py:4156} INFO - Setting next_dagrun for example_branch_labels to 2024-09-21 00:00:00+00:00, run_after=2024-09-22 00:00:00+00:00
[2024-09-22T23:27:00.644+0000] {processor.py:208} INFO - Processing /home/airflow/.local/lib/python3.12/site-packages/airflow/example_dags/example_branch_labels.py took 0.172 seconds
[2024-09-22T23:27:30.702+0000] {processor.py:186} INFO - Started process (PID=244) to work on /home/airflow/.local/lib/python3.12/site-packages/airflow/example_dags/example_branch_labels.py
[2024-09-22T23:27:30.710+0000] {processor.py:914} INFO - Processing file /home/airflow/.local/lib/python3.12/site-packages/airflow/example_dags/example_branch_labels.py for tasks to queue
[2024-09-22T23:27:30.713+0000] {logging_mixin.py:190} INFO - [2024-09-22T23:27:30.713+0000] {dagbag.py:587} INFO - Filling up the DagBag from /home/airflow/.local/lib/python3.12/site-packages/airflow/example_dags/example_branch_labels.py
[2024-09-22T23:27:30.732+0000] {processor.py:925} INFO - DAG(s) 'example_branch_labels' retrieved from /home/airflow/.local/lib/python3.12/site-packages/airflow/example_dags/example_branch_labels.py
[2024-09-22T23:27:30.765+0000] {logging_mixin.py:190} INFO - [2024-09-22T23:27:30.764+0000] {dag.py:3229} INFO - Sync 1 DAGs
[2024-09-22T23:27:30.797+0000] {logging_mixin.py:190} INFO - [2024-09-22T23:27:30.797+0000] {dag.py:4156} INFO - Setting next_dagrun for example_branch_labels to 2024-09-21 00:00:00+00:00, run_after=2024-09-22 00:00:00+00:00
[2024-09-22T23:27:30.820+0000] {processor.py:208} INFO - Processing /home/airflow/.local/lib/python3.12/site-packages/airflow/example_dags/example_branch_labels.py took 0.127 seconds
[2024-09-22T23:28:01.044+0000] {processor.py:186} INFO - Started process (PID=306) to work on /home/airflow/.local/lib/python3.12/site-packages/airflow/example_dags/example_branch_labels.py
[2024-09-22T23:28:01.045+0000] {processor.py:914} INFO - Processing file /home/airflow/.local/lib/python3.12/site-packages/airflow/example_dags/example_branch_labels.py for tasks to queue
[2024-09-22T23:28:01.048+0000] {logging_mixin.py:190} INFO - [2024-09-22T23:28:01.048+0000] {dagbag.py:587} INFO - Filling up the DagBag from /home/airflow/.local/lib/python3.12/site-packages/airflow/example_dags/example_branch_labels.py
[2024-09-22T23:28:01.067+0000] {processor.py:925} INFO - DAG(s) 'example_branch_labels' retrieved from /home/airflow/.local/lib/python3.12/site-packages/airflow/example_dags/example_branch_labels.py
[2024-09-22T23:28:01.097+0000] {logging_mixin.py:190} INFO - [2024-09-22T23:28:01.096+0000] {dag.py:3229} INFO - Sync 1 DAGs
[2024-09-22T23:28:01.130+0000] {logging_mixin.py:190} INFO - [2024-09-22T23:28:01.130+0000] {dag.py:4156} INFO - Setting next_dagrun for example_branch_labels to 2024-09-21 00:00:00+00:00, run_after=2024-09-22 00:00:00+00:00
[2024-09-22T23:28:01.154+0000] {processor.py:208} INFO - Processing /home/airflow/.local/lib/python3.12/site-packages/airflow/example_dags/example_branch_labels.py took 0.119 seconds
[2024-09-22T23:28:31.371+0000] {processor.py:186} INFO - Started process (PID=368) to work on /home/airflow/.local/lib/python3.12/site-packages/airflow/example_dags/example_branch_labels.py
[2024-09-22T23:28:31.373+0000] {processor.py:914} INFO - Processing file /home/airflow/.local/lib/python3.12/site-packages/airflow/example_dags/example_branch_labels.py for tasks to queue
[2024-09-22T23:28:31.377+0000] {logging_mixin.py:190} INFO - [2024-09-22T23:28:31.377+0000] {dagbag.py:587} INFO - Filling up the DagBag from /home/airflow/.local/lib/python3.12/site-packages/airflow/example_dags/example_branch_labels.py
[2024-09-22T23:28:31.397+0000] {processor.py:925} INFO - DAG(s) 'example_branch_labels' retrieved from /home/airflow/.local/lib/python3.12/site-packages/airflow/example_dags/example_branch_labels.py
[2024-09-22T23:28:31.430+0000] {logging_mixin.py:190} INFO - [2024-09-22T23:28:31.430+0000] {dag.py:3229} INFO - Sync 1 DAGs
[2024-09-22T23:28:31.469+0000] {logging_mixin.py:190} INFO - [2024-09-22T23:28:31.468+0000] {dag.py:4156} INFO - Setting next_dagrun for example_branch_labels to 2024-09-21 00:00:00+00:00, run_after=2024-09-22 00:00:00+00:00
[2024-09-22T23:28:31.494+0000] {processor.py:208} INFO - Processing /home/airflow/.local/lib/python3.12/site-packages/airflow/example_dags/example_branch_labels.py took 0.136 seconds
[2024-09-22T23:29:02.065+0000] {processor.py:186} INFO - Started process (PID=430) to work on /home/airflow/.local/lib/python3.12/site-packages/airflow/example_dags/example_branch_labels.py
[2024-09-22T23:29:02.066+0000] {processor.py:914} INFO - Processing file /home/airflow/.local/lib/python3.12/site-packages/airflow/example_dags/example_branch_labels.py for tasks to queue
[2024-09-22T23:29:02.070+0000] {logging_mixin.py:190} INFO - [2024-09-22T23:29:02.070+0000] {dagbag.py:587} INFO - Filling up the DagBag from /home/airflow/.local/lib/python3.12/site-packages/airflow/example_dags/example_branch_labels.py
[2024-09-22T23:29:02.090+0000] {processor.py:925} INFO - DAG(s) 'example_branch_labels' retrieved from /home/airflow/.local/lib/python3.12/site-packages/airflow/example_dags/example_branch_labels.py
[2024-09-22T23:29:02.121+0000] {logging_mixin.py:190} INFO - [2024-09-22T23:29:02.120+0000] {dag.py:3229} INFO - Sync 1 DAGs
[2024-09-22T23:29:02.169+0000] {logging_mixin.py:190} INFO - [2024-09-22T23:29:02.169+0000] {dag.py:4156} INFO - Setting next_dagrun for example_branch_labels to 2024-09-21 00:00:00+00:00, run_after=2024-09-22 00:00:00+00:00
[2024-09-22T23:29:02.202+0000] {processor.py:208} INFO - Processing /home/airflow/.local/lib/python3.12/site-packages/airflow/example_dags/example_branch_labels.py took 0.147 seconds
[2024-09-22T23:29:32.405+0000] {processor.py:186} INFO - Started process (PID=492) to work on /home/airflow/.local/lib/python3.12/site-packages/airflow/example_dags/example_branch_labels.py
[2024-09-22T23:29:32.407+0000] {processor.py:914} INFO - Processing file /home/airflow/.local/lib/python3.12/site-packages/airflow/example_dags/example_branch_labels.py for tasks to queue
[2024-09-22T23:29:32.412+0000] {logging_mixin.py:190} INFO - [2024-09-22T23:29:32.412+0000] {dagbag.py:587} INFO - Filling up the DagBag from /home/airflow/.local/lib/python3.12/site-packages/airflow/example_dags/example_branch_labels.py
[2024-09-22T23:29:32.436+0000] {processor.py:925} INFO - DAG(s) 'example_branch_labels' retrieved from /home/airflow/.local/lib/python3.12/site-packages/airflow/example_dags/example_branch_labels.py
[2024-09-22T23:29:32.469+0000] {logging_mixin.py:190} INFO - [2024-09-22T23:29:32.468+0000] {dag.py:3229} INFO - Sync 1 DAGs
[2024-09-22T23:29:32.501+0000] {logging_mixin.py:190} INFO - [2024-09-22T23:29:32.501+0000] {dag.py:4156} INFO - Setting next_dagrun for example_branch_labels to 2024-09-21 00:00:00+00:00, run_after=2024-09-22 00:00:00+00:00
[2024-09-22T23:29:32.525+0000] {processor.py:208} INFO - Processing /home/airflow/.local/lib/python3.12/site-packages/airflow/example_dags/example_branch_labels.py took 0.131 seconds
[2024-09-22T23:30:03.594+0000] {processor.py:186} INFO - Started process (PID=554) to work on /home/airflow/.local/lib/python3.12/site-packages/airflow/example_dags/example_branch_labels.py
[2024-09-22T23:30:03.595+0000] {processor.py:914} INFO - Processing file /home/airflow/.local/lib/python3.12/site-packages/airflow/example_dags/example_branch_labels.py for tasks to queue
[2024-09-22T23:30:03.601+0000] {logging_mixin.py:190} INFO - [2024-09-22T23:30:03.600+0000] {dagbag.py:587} INFO - Filling up the DagBag from /home/airflow/.local/lib/python3.12/site-packages/airflow/example_dags/example_branch_labels.py
[2024-09-22T23:30:03.630+0000] {processor.py:925} INFO - DAG(s) 'example_branch_labels' retrieved from /home/airflow/.local/lib/python3.12/site-packages/airflow/example_dags/example_branch_labels.py
[2024-09-22T23:30:03.674+0000] {logging_mixin.py:190} INFO - [2024-09-22T23:30:03.673+0000] {dag.py:3229} INFO - Sync 1 DAGs
[2024-09-22T23:30:03.726+0000] {logging_mixin.py:190} INFO - [2024-09-22T23:30:03.726+0000] {dag.py:4156} INFO - Setting next_dagrun for example_branch_labels to 2024-09-21 00:00:00+00:00, run_after=2024-09-22 00:00:00+00:00
[2024-09-22T23:30:03.758+0000] {processor.py:208} INFO - Processing /home/airflow/.local/lib/python3.12/site-packages/airflow/example_dags/example_branch_labels.py took 0.178 seconds
[2024-09-22T23:30:34.880+0000] {processor.py:186} INFO - Started process (PID=616) to work on /home/airflow/.local/lib/python3.12/site-packages/airflow/example_dags/example_branch_labels.py
[2024-09-22T23:30:34.882+0000] {processor.py:914} INFO - Processing file /home/airflow/.local/lib/python3.12/site-packages/airflow/example_dags/example_branch_labels.py for tasks to queue
[2024-09-22T23:30:34.886+0000] {logging_mixin.py:190} INFO - [2024-09-22T23:30:34.886+0000] {dagbag.py:587} INFO - Filling up the DagBag from /home/airflow/.local/lib/python3.12/site-packages/airflow/example_dags/example_branch_labels.py
[2024-09-22T23:30:34.916+0000] {processor.py:925} INFO - DAG(s) 'example_branch_labels' retrieved from /home/airflow/.local/lib/python3.12/site-packages/airflow/example_dags/example_branch_labels.py
[2024-09-22T23:30:34.957+0000] {logging_mixin.py:190} INFO - [2024-09-22T23:30:34.956+0000] {dag.py:3229} INFO - Sync 1 DAGs
[2024-09-22T23:30:35.011+0000] {logging_mixin.py:190} INFO - [2024-09-22T23:30:35.011+0000] {dag.py:4156} INFO - Setting next_dagrun for example_branch_labels to 2024-09-21 00:00:00+00:00, run_after=2024-09-22 00:00:00+00:00
[2024-09-22T23:30:35.041+0000] {processor.py:208} INFO - Processing /home/airflow/.local/lib/python3.12/site-packages/airflow/example_dags/example_branch_labels.py took 0.174 seconds
[2024-09-22T23:31:06.000+0000] {processor.py:186} INFO - Started process (PID=678) to work on /home/airflow/.local/lib/python3.12/site-packages/airflow/example_dags/example_branch_labels.py
[2024-09-22T23:31:06.002+0000] {processor.py:914} INFO - Processing file /home/airflow/.local/lib/python3.12/site-packages/airflow/example_dags/example_branch_labels.py for tasks to queue
[2024-09-22T23:31:06.005+0000] {logging_mixin.py:190} INFO - [2024-09-22T23:31:06.005+0000] {dagbag.py:587} INFO - Filling up the DagBag from /home/airflow/.local/lib/python3.12/site-packages/airflow/example_dags/example_branch_labels.py
[2024-09-22T23:31:06.027+0000] {processor.py:925} INFO - DAG(s) 'example_branch_labels' retrieved from /home/airflow/.local/lib/python3.12/site-packages/airflow/example_dags/example_branch_labels.py
[2024-09-22T23:31:06.067+0000] {logging_mixin.py:190} INFO - [2024-09-22T23:31:06.067+0000] {dag.py:3229} INFO - Sync 1 DAGs
[2024-09-22T23:31:06.121+0000] {logging_mixin.py:190} INFO - [2024-09-22T23:31:06.121+0000] {dag.py:4156} INFO - Setting next_dagrun for example_branch_labels to 2024-09-21 00:00:00+00:00, run_after=2024-09-22 00:00:00+00:00
[2024-09-22T23:31:06.153+0000] {processor.py:208} INFO - Processing /home/airflow/.local/lib/python3.12/site-packages/airflow/example_dags/example_branch_labels.py took 0.164 seconds
[2024-09-22T23:31:36.899+0000] {processor.py:186} INFO - Started process (PID=740) to work on /home/airflow/.local/lib/python3.12/site-packages/airflow/example_dags/example_branch_labels.py
[2024-09-22T23:31:36.901+0000] {processor.py:914} INFO - Processing file /home/airflow/.local/lib/python3.12/site-packages/airflow/example_dags/example_branch_labels.py for tasks to queue
[2024-09-22T23:31:36.904+0000] {logging_mixin.py:190} INFO - [2024-09-22T23:31:36.904+0000] {dagbag.py:587} INFO - Filling up the DagBag from /home/airflow/.local/lib/python3.12/site-packages/airflow/example_dags/example_branch_labels.py
[2024-09-22T23:31:36.923+0000] {processor.py:925} INFO - DAG(s) 'example_branch_labels' retrieved from /home/airflow/.local/lib/python3.12/site-packages/airflow/example_dags/example_branch_labels.py
[2024-09-22T23:31:36.962+0000] {logging_mixin.py:190} INFO - [2024-09-22T23:31:36.961+0000] {dag.py:3229} INFO - Sync 1 DAGs
[2024-09-22T23:31:36.999+0000] {logging_mixin.py:190} INFO - [2024-09-22T23:31:36.998+0000] {dag.py:4156} INFO - Setting next_dagrun for example_branch_labels to 2024-09-21 00:00:00+00:00, run_after=2024-09-22 00:00:00+00:00
[2024-09-22T23:31:37.022+0000] {processor.py:208} INFO - Processing /home/airflow/.local/lib/python3.12/site-packages/airflow/example_dags/example_branch_labels.py took 0.133 seconds
[2024-09-22T23:32:08.331+0000] {processor.py:186} INFO - Started process (PID=803) to work on /home/airflow/.local/lib/python3.12/site-packages/airflow/example_dags/example_branch_labels.py
[2024-09-22T23:32:08.333+0000] {processor.py:914} INFO - Processing file /home/airflow/.local/lib/python3.12/site-packages/airflow/example_dags/example_branch_labels.py for tasks to queue
[2024-09-22T23:32:08.336+0000] {logging_mixin.py:190} INFO - [2024-09-22T23:32:08.336+0000] {dagbag.py:587} INFO - Filling up the DagBag from /home/airflow/.local/lib/python3.12/site-packages/airflow/example_dags/example_branch_labels.py
[2024-09-22T23:32:08.355+0000] {processor.py:925} INFO - DAG(s) 'example_branch_labels' retrieved from /home/airflow/.local/lib/python3.12/site-packages/airflow/example_dags/example_branch_labels.py
[2024-09-22T23:32:08.386+0000] {logging_mixin.py:190} INFO - [2024-09-22T23:32:08.385+0000] {dag.py:3229} INFO - Sync 1 DAGs
[2024-09-22T23:32:08.419+0000] {logging_mixin.py:190} INFO - [2024-09-22T23:32:08.418+0000] {dag.py:4156} INFO - Setting next_dagrun for example_branch_labels to 2024-09-21 00:00:00+00:00, run_after=2024-09-22 00:00:00+00:00
[2024-09-22T23:32:08.442+0000] {processor.py:208} INFO - Processing /home/airflow/.local/lib/python3.12/site-packages/airflow/example_dags/example_branch_labels.py took 0.120 seconds
[2024-09-22T23:32:39.155+0000] {processor.py:186} INFO - Started process (PID=866) to work on /home/airflow/.local/lib/python3.12/site-packages/airflow/example_dags/example_branch_labels.py
[2024-09-22T23:32:39.156+0000] {processor.py:914} INFO - Processing file /home/airflow/.local/lib/python3.12/site-packages/airflow/example_dags/example_branch_labels.py for tasks to queue
[2024-09-22T23:32:39.160+0000] {logging_mixin.py:190} INFO - [2024-09-22T23:32:39.159+0000] {dagbag.py:587} INFO - Filling up the DagBag from /home/airflow/.local/lib/python3.12/site-packages/airflow/example_dags/example_branch_labels.py
[2024-09-22T23:32:39.178+0000] {processor.py:925} INFO - DAG(s) 'example_branch_labels' retrieved from /home/airflow/.local/lib/python3.12/site-packages/airflow/example_dags/example_branch_labels.py
[2024-09-22T23:32:39.209+0000] {logging_mixin.py:190} INFO - [2024-09-22T23:32:39.208+0000] {dag.py:3229} INFO - Sync 1 DAGs
[2024-09-22T23:32:39.241+0000] {logging_mixin.py:190} INFO - [2024-09-22T23:32:39.241+0000] {dag.py:4156} INFO - Setting next_dagrun for example_branch_labels to 2024-09-21 00:00:00+00:00, run_after=2024-09-22 00:00:00+00:00
[2024-09-22T23:32:39.265+0000] {processor.py:208} INFO - Processing /home/airflow/.local/lib/python3.12/site-packages/airflow/example_dags/example_branch_labels.py took 0.120 seconds
[2024-09-22T23:33:10.398+0000] {processor.py:186} INFO - Started process (PID=929) to work on /home/airflow/.local/lib/python3.12/site-packages/airflow/example_dags/example_branch_labels.py
[2024-09-22T23:33:10.400+0000] {processor.py:914} INFO - Processing file /home/airflow/.local/lib/python3.12/site-packages/airflow/example_dags/example_branch_labels.py for tasks to queue
[2024-09-22T23:33:10.404+0000] {logging_mixin.py:190} INFO - [2024-09-22T23:33:10.403+0000] {dagbag.py:587} INFO - Filling up the DagBag from /home/airflow/.local/lib/python3.12/site-packages/airflow/example_dags/example_branch_labels.py
[2024-09-22T23:33:10.422+0000] {processor.py:925} INFO - DAG(s) 'example_branch_labels' retrieved from /home/airflow/.local/lib/python3.12/site-packages/airflow/example_dags/example_branch_labels.py
[2024-09-22T23:33:10.456+0000] {logging_mixin.py:190} INFO - [2024-09-22T23:33:10.456+0000] {dag.py:3229} INFO - Sync 1 DAGs
[2024-09-22T23:33:10.491+0000] {logging_mixin.py:190} INFO - [2024-09-22T23:33:10.491+0000] {dag.py:4156} INFO - Setting next_dagrun for example_branch_labels to 2024-09-21 00:00:00+00:00, run_after=2024-09-22 00:00:00+00:00
[2024-09-22T23:33:10.517+0000] {processor.py:208} INFO - Processing /home/airflow/.local/lib/python3.12/site-packages/airflow/example_dags/example_branch_labels.py took 0.127 seconds
[2024-09-22T23:33:41.606+0000] {processor.py:186} INFO - Started process (PID=992) to work on /home/airflow/.local/lib/python3.12/site-packages/airflow/example_dags/example_branch_labels.py
[2024-09-22T23:33:41.609+0000] {processor.py:914} INFO - Processing file /home/airflow/.local/lib/python3.12/site-packages/airflow/example_dags/example_branch_labels.py for tasks to queue
[2024-09-22T23:33:41.612+0000] {logging_mixin.py:190} INFO - [2024-09-22T23:33:41.612+0000] {dagbag.py:587} INFO - Filling up the DagBag from /home/airflow/.local/lib/python3.12/site-packages/airflow/example_dags/example_branch_labels.py
[2024-09-22T23:33:41.630+0000] {processor.py:925} INFO - DAG(s) 'example_branch_labels' retrieved from /home/airflow/.local/lib/python3.12/site-packages/airflow/example_dags/example_branch_labels.py
[2024-09-22T23:33:41.657+0000] {logging_mixin.py:190} INFO - [2024-09-22T23:33:41.657+0000] {dag.py:3229} INFO - Sync 1 DAGs
[2024-09-22T23:33:41.693+0000] {logging_mixin.py:190} INFO - [2024-09-22T23:33:41.693+0000] {dag.py:4156} INFO - Setting next_dagrun for example_branch_labels to 2024-09-21 00:00:00+00:00, run_after=2024-09-22 00:00:00+00:00
[2024-09-22T23:33:41.716+0000] {processor.py:208} INFO - Processing /home/airflow/.local/lib/python3.12/site-packages/airflow/example_dags/example_branch_labels.py took 0.121 seconds
[2024-09-22T23:34:12.774+0000] {processor.py:186} INFO - Started process (PID=1055) to work on /home/airflow/.local/lib/python3.12/site-packages/airflow/example_dags/example_branch_labels.py
[2024-09-22T23:34:12.775+0000] {processor.py:914} INFO - Processing file /home/airflow/.local/lib/python3.12/site-packages/airflow/example_dags/example_branch_labels.py for tasks to queue
[2024-09-22T23:34:12.779+0000] {logging_mixin.py:190} INFO - [2024-09-22T23:34:12.778+0000] {dagbag.py:587} INFO - Filling up the DagBag from /home/airflow/.local/lib/python3.12/site-packages/airflow/example_dags/example_branch_labels.py
[2024-09-22T23:34:12.799+0000] {processor.py:925} INFO - DAG(s) 'example_branch_labels' retrieved from /home/airflow/.local/lib/python3.12/site-packages/airflow/example_dags/example_branch_labels.py
[2024-09-22T23:34:12.836+0000] {logging_mixin.py:190} INFO - [2024-09-22T23:34:12.835+0000] {dag.py:3229} INFO - Sync 1 DAGs
[2024-09-22T23:34:12.875+0000] {logging_mixin.py:190} INFO - [2024-09-22T23:34:12.875+0000] {dag.py:4156} INFO - Setting next_dagrun for example_branch_labels to 2024-09-21 00:00:00+00:00, run_after=2024-09-22 00:00:00+00:00
[2024-09-22T23:34:12.900+0000] {processor.py:208} INFO - Processing /home/airflow/.local/lib/python3.12/site-packages/airflow/example_dags/example_branch_labels.py took 0.135 seconds
[2024-09-22T23:34:44.117+0000] {processor.py:186} INFO - Started process (PID=1118) to work on /home/airflow/.local/lib/python3.12/site-packages/airflow/example_dags/example_branch_labels.py
[2024-09-22T23:34:44.120+0000] {processor.py:914} INFO - Processing file /home/airflow/.local/lib/python3.12/site-packages/airflow/example_dags/example_branch_labels.py for tasks to queue
[2024-09-22T23:34:44.124+0000] {logging_mixin.py:190} INFO - [2024-09-22T23:34:44.123+0000] {dagbag.py:587} INFO - Filling up the DagBag from /home/airflow/.local/lib/python3.12/site-packages/airflow/example_dags/example_branch_labels.py
[2024-09-22T23:34:44.143+0000] {processor.py:925} INFO - DAG(s) 'example_branch_labels' retrieved from /home/airflow/.local/lib/python3.12/site-packages/airflow/example_dags/example_branch_labels.py
[2024-09-22T23:34:44.177+0000] {logging_mixin.py:190} INFO - [2024-09-22T23:34:44.176+0000] {dag.py:3229} INFO - Sync 1 DAGs
[2024-09-22T23:34:44.209+0000] {logging_mixin.py:190} INFO - [2024-09-22T23:34:44.208+0000] {dag.py:4156} INFO - Setting next_dagrun for example_branch_labels to 2024-09-21 00:00:00+00:00, run_after=2024-09-22 00:00:00+00:00
[2024-09-22T23:34:44.231+0000] {processor.py:208} INFO - Processing /home/airflow/.local/lib/python3.12/site-packages/airflow/example_dags/example_branch_labels.py took 0.124 seconds
[2024-09-22T23:35:15.377+0000] {processor.py:186} INFO - Started process (PID=1181) to work on /home/airflow/.local/lib/python3.12/site-packages/airflow/example_dags/example_branch_labels.py
[2024-09-22T23:35:15.379+0000] {processor.py:914} INFO - Processing file /home/airflow/.local/lib/python3.12/site-packages/airflow/example_dags/example_branch_labels.py for tasks to queue
[2024-09-22T23:35:15.383+0000] {logging_mixin.py:190} INFO - [2024-09-22T23:35:15.382+0000] {dagbag.py:587} INFO - Filling up the DagBag from /home/airflow/.local/lib/python3.12/site-packages/airflow/example_dags/example_branch_labels.py
[2024-09-22T23:35:15.402+0000] {processor.py:925} INFO - DAG(s) 'example_branch_labels' retrieved from /home/airflow/.local/lib/python3.12/site-packages/airflow/example_dags/example_branch_labels.py
[2024-09-22T23:35:15.431+0000] {logging_mixin.py:190} INFO - [2024-09-22T23:35:15.431+0000] {dag.py:3229} INFO - Sync 1 DAGs
[2024-09-22T23:35:15.464+0000] {logging_mixin.py:190} INFO - [2024-09-22T23:35:15.463+0000] {dag.py:4156} INFO - Setting next_dagrun for example_branch_labels to 2024-09-21 00:00:00+00:00, run_after=2024-09-22 00:00:00+00:00
[2024-09-22T23:35:15.487+0000] {processor.py:208} INFO - Processing /home/airflow/.local/lib/python3.12/site-packages/airflow/example_dags/example_branch_labels.py took 0.119 seconds
[2024-09-22T23:35:46.889+0000] {processor.py:186} INFO - Started process (PID=1244) to work on /home/airflow/.local/lib/python3.12/site-packages/airflow/example_dags/example_branch_labels.py
[2024-09-22T23:35:46.894+0000] {processor.py:914} INFO - Processing file /home/airflow/.local/lib/python3.12/site-packages/airflow/example_dags/example_branch_labels.py for tasks to queue
[2024-09-22T23:35:46.900+0000] {logging_mixin.py:190} INFO - [2024-09-22T23:35:46.899+0000] {dagbag.py:587} INFO - Filling up the DagBag from /home/airflow/.local/lib/python3.12/site-packages/airflow/example_dags/example_branch_labels.py
[2024-09-22T23:35:46.926+0000] {processor.py:925} INFO - DAG(s) 'example_branch_labels' retrieved from /home/airflow/.local/lib/python3.12/site-packages/airflow/example_dags/example_branch_labels.py
[2024-09-22T23:35:46.967+0000] {logging_mixin.py:190} INFO - [2024-09-22T23:35:46.966+0000] {dag.py:3229} INFO - Sync 1 DAGs
[2024-09-22T23:35:47.017+0000] {logging_mixin.py:190} INFO - [2024-09-22T23:35:47.016+0000] {dag.py:4156} INFO - Setting next_dagrun for example_branch_labels to 2024-09-21 00:00:00+00:00, run_after=2024-09-22 00:00:00+00:00
[2024-09-22T23:35:47.049+0000] {processor.py:208} INFO - Processing /home/airflow/.local/lib/python3.12/site-packages/airflow/example_dags/example_branch_labels.py took 0.173 seconds
[2024-09-22T23:36:18.205+0000] {processor.py:186} INFO - Started process (PID=1307) to work on /home/airflow/.local/lib/python3.12/site-packages/airflow/example_dags/example_branch_labels.py
[2024-09-22T23:36:18.207+0000] {processor.py:914} INFO - Processing file /home/airflow/.local/lib/python3.12/site-packages/airflow/example_dags/example_branch_labels.py for tasks to queue
[2024-09-22T23:36:18.210+0000] {logging_mixin.py:190} INFO - [2024-09-22T23:36:18.209+0000] {dagbag.py:587} INFO - Filling up the DagBag from /home/airflow/.local/lib/python3.12/site-packages/airflow/example_dags/example_branch_labels.py
[2024-09-22T23:36:18.230+0000] {processor.py:925} INFO - DAG(s) 'example_branch_labels' retrieved from /home/airflow/.local/lib/python3.12/site-packages/airflow/example_dags/example_branch_labels.py
[2024-09-22T23:36:18.259+0000] {logging_mixin.py:190} INFO - [2024-09-22T23:36:18.258+0000] {dag.py:3229} INFO - Sync 1 DAGs
[2024-09-22T23:36:18.296+0000] {logging_mixin.py:190} INFO - [2024-09-22T23:36:18.295+0000] {dag.py:4156} INFO - Setting next_dagrun for example_branch_labels to 2024-09-21 00:00:00+00:00, run_after=2024-09-22 00:00:00+00:00
[2024-09-22T23:36:18.322+0000] {processor.py:208} INFO - Processing /home/airflow/.local/lib/python3.12/site-packages/airflow/example_dags/example_branch_labels.py took 0.128 seconds
[2024-09-22T23:36:49.333+0000] {processor.py:186} INFO - Started process (PID=1371) to work on /home/airflow/.local/lib/python3.12/site-packages/airflow/example_dags/example_branch_labels.py
[2024-09-22T23:36:49.335+0000] {processor.py:914} INFO - Processing file /home/airflow/.local/lib/python3.12/site-packages/airflow/example_dags/example_branch_labels.py for tasks to queue
[2024-09-22T23:36:49.338+0000] {logging_mixin.py:190} INFO - [2024-09-22T23:36:49.338+0000] {dagbag.py:587} INFO - Filling up the DagBag from /home/airflow/.local/lib/python3.12/site-packages/airflow/example_dags/example_branch_labels.py
[2024-09-22T23:36:49.357+0000] {processor.py:925} INFO - DAG(s) 'example_branch_labels' retrieved from /home/airflow/.local/lib/python3.12/site-packages/airflow/example_dags/example_branch_labels.py
[2024-09-22T23:36:49.388+0000] {logging_mixin.py:190} INFO - [2024-09-22T23:36:49.387+0000] {dag.py:3229} INFO - Sync 1 DAGs
[2024-09-22T23:36:49.422+0000] {logging_mixin.py:190} INFO - [2024-09-22T23:36:49.422+0000] {dag.py:4156} INFO - Setting next_dagrun for example_branch_labels to 2024-09-21 00:00:00+00:00, run_after=2024-09-22 00:00:00+00:00
[2024-09-22T23:36:49.449+0000] {processor.py:208} INFO - Processing /home/airflow/.local/lib/python3.12/site-packages/airflow/example_dags/example_branch_labels.py took 0.126 seconds
[2024-09-22T23:37:20.876+0000] {processor.py:186} INFO - Started process (PID=1434) to work on /home/airflow/.local/lib/python3.12/site-packages/airflow/example_dags/example_branch_labels.py
[2024-09-22T23:37:20.877+0000] {processor.py:914} INFO - Processing file /home/airflow/.local/lib/python3.12/site-packages/airflow/example_dags/example_branch_labels.py for tasks to queue
[2024-09-22T23:37:20.882+0000] {logging_mixin.py:190} INFO - [2024-09-22T23:37:20.881+0000] {dagbag.py:587} INFO - Filling up the DagBag from /home/airflow/.local/lib/python3.12/site-packages/airflow/example_dags/example_branch_labels.py
[2024-09-22T23:37:20.910+0000] {processor.py:925} INFO - DAG(s) 'example_branch_labels' retrieved from /home/airflow/.local/lib/python3.12/site-packages/airflow/example_dags/example_branch_labels.py
[2024-09-22T23:37:20.940+0000] {logging_mixin.py:190} INFO - [2024-09-22T23:37:20.940+0000] {dag.py:3229} INFO - Sync 1 DAGs
[2024-09-22T23:37:20.972+0000] {logging_mixin.py:190} INFO - [2024-09-22T23:37:20.972+0000] {dag.py:4156} INFO - Setting next_dagrun for example_branch_labels to 2024-09-21 00:00:00+00:00, run_after=2024-09-22 00:00:00+00:00
[2024-09-22T23:37:20.995+0000] {processor.py:208} INFO - Processing /home/airflow/.local/lib/python3.12/site-packages/airflow/example_dags/example_branch_labels.py took 0.132 seconds
[2024-09-22T23:37:52.145+0000] {processor.py:186} INFO - Started process (PID=1497) to work on /home/airflow/.local/lib/python3.12/site-packages/airflow/example_dags/example_branch_labels.py
[2024-09-22T23:37:52.147+0000] {processor.py:914} INFO - Processing file /home/airflow/.local/lib/python3.12/site-packages/airflow/example_dags/example_branch_labels.py for tasks to queue
[2024-09-22T23:37:52.151+0000] {logging_mixin.py:190} INFO - [2024-09-22T23:37:52.150+0000] {dagbag.py:587} INFO - Filling up the DagBag from /home/airflow/.local/lib/python3.12/site-packages/airflow/example_dags/example_branch_labels.py
[2024-09-22T23:37:52.170+0000] {processor.py:925} INFO - DAG(s) 'example_branch_labels' retrieved from /home/airflow/.local/lib/python3.12/site-packages/airflow/example_dags/example_branch_labels.py
[2024-09-22T23:37:52.200+0000] {logging_mixin.py:190} INFO - [2024-09-22T23:37:52.200+0000] {dag.py:3229} INFO - Sync 1 DAGs
[2024-09-22T23:37:52.232+0000] {logging_mixin.py:190} INFO - [2024-09-22T23:37:52.232+0000] {dag.py:4156} INFO - Setting next_dagrun for example_branch_labels to 2024-09-21 00:00:00+00:00, run_after=2024-09-22 00:00:00+00:00
[2024-09-22T23:37:52.255+0000] {processor.py:208} INFO - Processing /home/airflow/.local/lib/python3.12/site-packages/airflow/example_dags/example_branch_labels.py took 0.119 seconds
[2024-09-22T23:38:23.451+0000] {processor.py:186} INFO - Started process (PID=1560) to work on /home/airflow/.local/lib/python3.12/site-packages/airflow/example_dags/example_branch_labels.py
[2024-09-22T23:38:23.452+0000] {processor.py:914} INFO - Processing file /home/airflow/.local/lib/python3.12/site-packages/airflow/example_dags/example_branch_labels.py for tasks to queue
[2024-09-22T23:38:23.456+0000] {logging_mixin.py:190} INFO - [2024-09-22T23:38:23.455+0000] {dagbag.py:587} INFO - Filling up the DagBag from /home/airflow/.local/lib/python3.12/site-packages/airflow/example_dags/example_branch_labels.py
[2024-09-22T23:38:23.474+0000] {processor.py:925} INFO - DAG(s) 'example_branch_labels' retrieved from /home/airflow/.local/lib/python3.12/site-packages/airflow/example_dags/example_branch_labels.py
[2024-09-22T23:38:23.503+0000] {logging_mixin.py:190} INFO - [2024-09-22T23:38:23.503+0000] {dag.py:3229} INFO - Sync 1 DAGs
[2024-09-22T23:38:23.535+0000] {logging_mixin.py:190} INFO - [2024-09-22T23:38:23.535+0000] {dag.py:4156} INFO - Setting next_dagrun for example_branch_labels to 2024-09-21 00:00:00+00:00, run_after=2024-09-22 00:00:00+00:00
[2024-09-22T23:38:23.558+0000] {processor.py:208} INFO - Processing /home/airflow/.local/lib/python3.12/site-packages/airflow/example_dags/example_branch_labels.py took 0.116 seconds
[2024-09-22T23:38:54.368+0000] {processor.py:186} INFO - Started process (PID=1626) to work on /home/airflow/.local/lib/python3.12/site-packages/airflow/example_dags/example_branch_labels.py
[2024-09-22T23:38:54.370+0000] {processor.py:914} INFO - Processing file /home/airflow/.local/lib/python3.12/site-packages/airflow/example_dags/example_branch_labels.py for tasks to queue
[2024-09-22T23:38:54.374+0000] {logging_mixin.py:190} INFO - [2024-09-22T23:38:54.373+0000] {dagbag.py:587} INFO - Filling up the DagBag from /home/airflow/.local/lib/python3.12/site-packages/airflow/example_dags/example_branch_labels.py
[2024-09-22T23:38:54.391+0000] {processor.py:925} INFO - DAG(s) 'example_branch_labels' retrieved from /home/airflow/.local/lib/python3.12/site-packages/airflow/example_dags/example_branch_labels.py
[2024-09-22T23:38:54.420+0000] {logging_mixin.py:190} INFO - [2024-09-22T23:38:54.419+0000] {dag.py:3229} INFO - Sync 1 DAGs
[2024-09-22T23:38:54.451+0000] {logging_mixin.py:190} INFO - [2024-09-22T23:38:54.451+0000] {dag.py:4156} INFO - Setting next_dagrun for example_branch_labels to 2024-09-21 00:00:00+00:00, run_after=2024-09-22 00:00:00+00:00
[2024-09-22T23:38:54.474+0000] {processor.py:208} INFO - Processing /home/airflow/.local/lib/python3.12/site-packages/airflow/example_dags/example_branch_labels.py took 0.115 seconds
[2024-09-22T23:39:25.224+0000] {processor.py:186} INFO - Started process (PID=1690) to work on /home/airflow/.local/lib/python3.12/site-packages/airflow/example_dags/example_branch_labels.py
[2024-09-22T23:39:25.225+0000] {processor.py:914} INFO - Processing file /home/airflow/.local/lib/python3.12/site-packages/airflow/example_dags/example_branch_labels.py for tasks to queue
[2024-09-22T23:39:25.229+0000] {logging_mixin.py:190} INFO - [2024-09-22T23:39:25.228+0000] {dagbag.py:587} INFO - Filling up the DagBag from /home/airflow/.local/lib/python3.12/site-packages/airflow/example_dags/example_branch_labels.py
[2024-09-22T23:39:25.248+0000] {processor.py:925} INFO - DAG(s) 'example_branch_labels' retrieved from /home/airflow/.local/lib/python3.12/site-packages/airflow/example_dags/example_branch_labels.py
[2024-09-22T23:39:25.278+0000] {logging_mixin.py:190} INFO - [2024-09-22T23:39:25.278+0000] {dag.py:3229} INFO - Sync 1 DAGs
[2024-09-22T23:39:25.314+0000] {logging_mixin.py:190} INFO - [2024-09-22T23:39:25.314+0000] {dag.py:4156} INFO - Setting next_dagrun for example_branch_labels to 2024-09-21 00:00:00+00:00, run_after=2024-09-22 00:00:00+00:00
[2024-09-22T23:39:25.338+0000] {processor.py:208} INFO - Processing /home/airflow/.local/lib/python3.12/site-packages/airflow/example_dags/example_branch_labels.py took 0.123 seconds
[2024-09-22T23:39:56.640+0000] {processor.py:186} INFO - Started process (PID=1753) to work on /home/airflow/.local/lib/python3.12/site-packages/airflow/example_dags/example_branch_labels.py
[2024-09-22T23:39:56.643+0000] {processor.py:914} INFO - Processing file /home/airflow/.local/lib/python3.12/site-packages/airflow/example_dags/example_branch_labels.py for tasks to queue
[2024-09-22T23:39:56.647+0000] {logging_mixin.py:190} INFO - [2024-09-22T23:39:56.646+0000] {dagbag.py:587} INFO - Filling up the DagBag from /home/airflow/.local/lib/python3.12/site-packages/airflow/example_dags/example_branch_labels.py
[2024-09-22T23:39:56.666+0000] {processor.py:925} INFO - DAG(s) 'example_branch_labels' retrieved from /home/airflow/.local/lib/python3.12/site-packages/airflow/example_dags/example_branch_labels.py
[2024-09-22T23:39:56.705+0000] {logging_mixin.py:190} INFO - [2024-09-22T23:39:56.705+0000] {dag.py:3229} INFO - Sync 1 DAGs
[2024-09-22T23:39:56.747+0000] {logging_mixin.py:190} INFO - [2024-09-22T23:39:56.747+0000] {dag.py:4156} INFO - Setting next_dagrun for example_branch_labels to 2024-09-21 00:00:00+00:00, run_after=2024-09-22 00:00:00+00:00
[2024-09-22T23:39:56.778+0000] {processor.py:208} INFO - Processing /home/airflow/.local/lib/python3.12/site-packages/airflow/example_dags/example_branch_labels.py took 0.150 seconds
[2024-09-22T23:40:28.851+0000] {processor.py:186} INFO - Started process (PID=1819) to work on /home/airflow/.local/lib/python3.12/site-packages/airflow/example_dags/example_branch_labels.py
[2024-09-22T23:40:28.853+0000] {processor.py:914} INFO - Processing file /home/airflow/.local/lib/python3.12/site-packages/airflow/example_dags/example_branch_labels.py for tasks to queue
[2024-09-22T23:40:28.858+0000] {logging_mixin.py:190} INFO - [2024-09-22T23:40:28.857+0000] {dagbag.py:587} INFO - Filling up the DagBag from /home/airflow/.local/lib/python3.12/site-packages/airflow/example_dags/example_branch_labels.py
[2024-09-22T23:40:28.884+0000] {processor.py:925} INFO - DAG(s) 'example_branch_labels' retrieved from /home/airflow/.local/lib/python3.12/site-packages/airflow/example_dags/example_branch_labels.py
[2024-09-22T23:40:28.923+0000] {logging_mixin.py:190} INFO - [2024-09-22T23:40:28.923+0000] {dag.py:3229} INFO - Sync 1 DAGs
[2024-09-22T23:40:29.236+0000] {logging_mixin.py:190} INFO - [2024-09-22T23:40:29.236+0000] {dag.py:4156} INFO - Setting next_dagrun for example_branch_labels to 2024-09-21 00:00:00+00:00, run_after=2024-09-22 00:00:00+00:00
[2024-09-22T23:40:29.260+0000] {processor.py:208} INFO - Processing /home/airflow/.local/lib/python3.12/site-packages/airflow/example_dags/example_branch_labels.py took 0.421 seconds
[2024-09-22T23:40:59.529+0000] {processor.py:186} INFO - Started process (PID=1882) to work on /home/airflow/.local/lib/python3.12/site-packages/airflow/example_dags/example_branch_labels.py
[2024-09-22T23:40:59.531+0000] {processor.py:914} INFO - Processing file /home/airflow/.local/lib/python3.12/site-packages/airflow/example_dags/example_branch_labels.py for tasks to queue
[2024-09-22T23:40:59.534+0000] {logging_mixin.py:190} INFO - [2024-09-22T23:40:59.533+0000] {dagbag.py:587} INFO - Filling up the DagBag from /home/airflow/.local/lib/python3.12/site-packages/airflow/example_dags/example_branch_labels.py
[2024-09-22T23:40:59.553+0000] {processor.py:925} INFO - DAG(s) 'example_branch_labels' retrieved from /home/airflow/.local/lib/python3.12/site-packages/airflow/example_dags/example_branch_labels.py
[2024-09-22T23:40:59.583+0000] {logging_mixin.py:190} INFO - [2024-09-22T23:40:59.583+0000] {dag.py:3229} INFO - Sync 1 DAGs
[2024-09-22T23:40:59.617+0000] {logging_mixin.py:190} INFO - [2024-09-22T23:40:59.616+0000] {dag.py:4156} INFO - Setting next_dagrun for example_branch_labels to 2024-09-21 00:00:00+00:00, run_after=2024-09-22 00:00:00+00:00
[2024-09-22T23:40:59.639+0000] {processor.py:208} INFO - Processing /home/airflow/.local/lib/python3.12/site-packages/airflow/example_dags/example_branch_labels.py took 0.119 seconds
[2024-09-22T23:41:30.239+0000] {processor.py:186} INFO - Started process (PID=1945) to work on /home/airflow/.local/lib/python3.12/site-packages/airflow/example_dags/example_branch_labels.py
[2024-09-22T23:41:30.241+0000] {processor.py:914} INFO - Processing file /home/airflow/.local/lib/python3.12/site-packages/airflow/example_dags/example_branch_labels.py for tasks to queue
[2024-09-22T23:41:30.244+0000] {logging_mixin.py:190} INFO - [2024-09-22T23:41:30.244+0000] {dagbag.py:587} INFO - Filling up the DagBag from /home/airflow/.local/lib/python3.12/site-packages/airflow/example_dags/example_branch_labels.py
[2024-09-22T23:41:30.263+0000] {processor.py:925} INFO - DAG(s) 'example_branch_labels' retrieved from /home/airflow/.local/lib/python3.12/site-packages/airflow/example_dags/example_branch_labels.py
[2024-09-22T23:41:30.302+0000] {logging_mixin.py:190} INFO - [2024-09-22T23:41:30.302+0000] {dag.py:3229} INFO - Sync 1 DAGs
[2024-09-22T23:41:30.336+0000] {logging_mixin.py:190} INFO - [2024-09-22T23:41:30.336+0000] {dag.py:4156} INFO - Setting next_dagrun for example_branch_labels to 2024-09-21 00:00:00+00:00, run_after=2024-09-22 00:00:00+00:00
[2024-09-22T23:41:30.360+0000] {processor.py:208} INFO - Processing /home/airflow/.local/lib/python3.12/site-packages/airflow/example_dags/example_branch_labels.py took 0.130 seconds
[2024-09-22T23:42:02.103+0000] {processor.py:186} INFO - Started process (PID=2008) to work on /home/airflow/.local/lib/python3.12/site-packages/airflow/example_dags/example_branch_labels.py
[2024-09-22T23:42:02.104+0000] {processor.py:914} INFO - Processing file /home/airflow/.local/lib/python3.12/site-packages/airflow/example_dags/example_branch_labels.py for tasks to queue
[2024-09-22T23:42:02.108+0000] {logging_mixin.py:190} INFO - [2024-09-22T23:42:02.107+0000] {dagbag.py:587} INFO - Filling up the DagBag from /home/airflow/.local/lib/python3.12/site-packages/airflow/example_dags/example_branch_labels.py
[2024-09-22T23:42:02.410+0000] {processor.py:925} INFO - DAG(s) 'example_branch_labels' retrieved from /home/airflow/.local/lib/python3.12/site-packages/airflow/example_dags/example_branch_labels.py
[2024-09-22T23:42:02.433+0000] {logging_mixin.py:190} INFO - [2024-09-22T23:42:02.433+0000] {dag.py:3229} INFO - Sync 1 DAGs
[2024-09-22T23:42:02.461+0000] {logging_mixin.py:190} INFO - [2024-09-22T23:42:02.460+0000] {dag.py:4156} INFO - Setting next_dagrun for example_branch_labels to 2024-09-21 00:00:00+00:00, run_after=2024-09-22 00:00:00+00:00
[2024-09-22T23:42:02.481+0000] {processor.py:208} INFO - Processing /home/airflow/.local/lib/python3.12/site-packages/airflow/example_dags/example_branch_labels.py took 0.388 seconds
[2024-09-22T23:42:33.245+0000] {processor.py:186} INFO - Started process (PID=2077) to work on /home/airflow/.local/lib/python3.12/site-packages/airflow/example_dags/example_branch_labels.py
[2024-09-22T23:42:33.247+0000] {processor.py:914} INFO - Processing file /home/airflow/.local/lib/python3.12/site-packages/airflow/example_dags/example_branch_labels.py for tasks to queue
[2024-09-22T23:42:33.251+0000] {logging_mixin.py:190} INFO - [2024-09-22T23:42:33.251+0000] {dagbag.py:587} INFO - Filling up the DagBag from /home/airflow/.local/lib/python3.12/site-packages/airflow/example_dags/example_branch_labels.py
[2024-09-22T23:42:33.271+0000] {processor.py:925} INFO - DAG(s) 'example_branch_labels' retrieved from /home/airflow/.local/lib/python3.12/site-packages/airflow/example_dags/example_branch_labels.py
[2024-09-22T23:42:33.304+0000] {logging_mixin.py:190} INFO - [2024-09-22T23:42:33.303+0000] {dag.py:3229} INFO - Sync 1 DAGs
[2024-09-22T23:42:33.335+0000] {logging_mixin.py:190} INFO - [2024-09-22T23:42:33.335+0000] {dag.py:4156} INFO - Setting next_dagrun for example_branch_labels to 2024-09-21 00:00:00+00:00, run_after=2024-09-22 00:00:00+00:00
[2024-09-22T23:42:33.358+0000] {processor.py:208} INFO - Processing /home/airflow/.local/lib/python3.12/site-packages/airflow/example_dags/example_branch_labels.py took 0.122 seconds
[2024-09-22T23:43:05.982+0000] {processor.py:186} INFO - Started process (PID=2146) to work on /home/airflow/.local/lib/python3.12/site-packages/airflow/example_dags/example_branch_labels.py
[2024-09-22T23:43:05.986+0000] {processor.py:914} INFO - Processing file /home/airflow/.local/lib/python3.12/site-packages/airflow/example_dags/example_branch_labels.py for tasks to queue
[2024-09-22T23:43:05.995+0000] {logging_mixin.py:190} INFO - [2024-09-22T23:43:05.993+0000] {dagbag.py:587} INFO - Filling up the DagBag from /home/airflow/.local/lib/python3.12/site-packages/airflow/example_dags/example_branch_labels.py
[2024-09-22T23:43:06.059+0000] {processor.py:925} INFO - DAG(s) 'example_branch_labels' retrieved from /home/airflow/.local/lib/python3.12/site-packages/airflow/example_dags/example_branch_labels.py
[2024-09-22T23:43:06.158+0000] {logging_mixin.py:190} INFO - [2024-09-22T23:43:06.157+0000] {dag.py:3229} INFO - Sync 1 DAGs
[2024-09-22T23:43:06.285+0000] {logging_mixin.py:190} INFO - [2024-09-22T23:43:06.283+0000] {dag.py:4156} INFO - Setting next_dagrun for example_branch_labels to 2024-09-21 00:00:00+00:00, run_after=2024-09-22 00:00:00+00:00
[2024-09-22T23:43:06.362+0000] {processor.py:208} INFO - Processing /home/airflow/.local/lib/python3.12/site-packages/airflow/example_dags/example_branch_labels.py took 0.405 seconds
[2024-09-22T23:43:36.741+0000] {processor.py:186} INFO - Started process (PID=2209) to work on /home/airflow/.local/lib/python3.12/site-packages/airflow/example_dags/example_branch_labels.py
[2024-09-22T23:43:36.743+0000] {processor.py:914} INFO - Processing file /home/airflow/.local/lib/python3.12/site-packages/airflow/example_dags/example_branch_labels.py for tasks to queue
[2024-09-22T23:43:36.749+0000] {logging_mixin.py:190} INFO - [2024-09-22T23:43:36.748+0000] {dagbag.py:587} INFO - Filling up the DagBag from /home/airflow/.local/lib/python3.12/site-packages/airflow/example_dags/example_branch_labels.py
[2024-09-22T23:43:36.779+0000] {processor.py:925} INFO - DAG(s) 'example_branch_labels' retrieved from /home/airflow/.local/lib/python3.12/site-packages/airflow/example_dags/example_branch_labels.py
[2024-09-22T23:43:36.820+0000] {logging_mixin.py:190} INFO - [2024-09-22T23:43:36.820+0000] {dag.py:3229} INFO - Sync 1 DAGs
[2024-09-22T23:43:36.870+0000] {logging_mixin.py:190} INFO - [2024-09-22T23:43:36.869+0000] {dag.py:4156} INFO - Setting next_dagrun for example_branch_labels to 2024-09-21 00:00:00+00:00, run_after=2024-09-22 00:00:00+00:00
[2024-09-22T23:43:36.900+0000] {processor.py:208} INFO - Processing /home/airflow/.local/lib/python3.12/site-packages/airflow/example_dags/example_branch_labels.py took 0.182 seconds
[2024-09-22T23:44:07.021+0000] {processor.py:186} INFO - Started process (PID=2272) to work on /home/airflow/.local/lib/python3.12/site-packages/airflow/example_dags/example_branch_labels.py
[2024-09-22T23:44:07.023+0000] {processor.py:914} INFO - Processing file /home/airflow/.local/lib/python3.12/site-packages/airflow/example_dags/example_branch_labels.py for tasks to queue
[2024-09-22T23:44:07.027+0000] {logging_mixin.py:190} INFO - [2024-09-22T23:44:07.026+0000] {dagbag.py:587} INFO - Filling up the DagBag from /home/airflow/.local/lib/python3.12/site-packages/airflow/example_dags/example_branch_labels.py
[2024-09-22T23:44:07.049+0000] {processor.py:925} INFO - DAG(s) 'example_branch_labels' retrieved from /home/airflow/.local/lib/python3.12/site-packages/airflow/example_dags/example_branch_labels.py
[2024-09-22T23:44:07.081+0000] {logging_mixin.py:190} INFO - [2024-09-22T23:44:07.081+0000] {dag.py:3229} INFO - Sync 1 DAGs
[2024-09-22T23:44:07.115+0000] {logging_mixin.py:190} INFO - [2024-09-22T23:44:07.114+0000] {dag.py:4156} INFO - Setting next_dagrun for example_branch_labels to 2024-09-21 00:00:00+00:00, run_after=2024-09-22 00:00:00+00:00
[2024-09-22T23:44:07.140+0000] {processor.py:208} INFO - Processing /home/airflow/.local/lib/python3.12/site-packages/airflow/example_dags/example_branch_labels.py took 0.129 seconds
[2024-09-22T23:47:01.431+0000] {processor.py:186} INFO - Started process (PID=116) to work on /home/airflow/.local/lib/python3.12/site-packages/airflow/example_dags/example_branch_labels.py
[2024-09-22T23:47:01.436+0000] {processor.py:914} INFO - Processing file /home/airflow/.local/lib/python3.12/site-packages/airflow/example_dags/example_branch_labels.py for tasks to queue
[2024-09-22T23:47:01.449+0000] {logging_mixin.py:190} INFO - [2024-09-22T23:47:01.445+0000] {dagbag.py:587} INFO - Filling up the DagBag from /home/airflow/.local/lib/python3.12/site-packages/airflow/example_dags/example_branch_labels.py
[2024-09-22T23:47:01.533+0000] {processor.py:925} INFO - DAG(s) 'example_branch_labels' retrieved from /home/airflow/.local/lib/python3.12/site-packages/airflow/example_dags/example_branch_labels.py
[2024-09-22T23:47:01.620+0000] {logging_mixin.py:190} INFO - [2024-09-22T23:47:01.619+0000] {dag.py:3229} INFO - Sync 1 DAGs
[2024-09-22T23:47:01.700+0000] {logging_mixin.py:190} INFO - [2024-09-22T23:47:01.700+0000] {dag.py:4156} INFO - Setting next_dagrun for example_branch_labels to 2024-09-21 00:00:00+00:00, run_after=2024-09-22 00:00:00+00:00
[2024-09-22T23:47:01.759+0000] {processor.py:208} INFO - Processing /home/airflow/.local/lib/python3.12/site-packages/airflow/example_dags/example_branch_labels.py took 0.350 seconds
[2024-09-22T23:47:31.978+0000] {processor.py:186} INFO - Started process (PID=178) to work on /home/airflow/.local/lib/python3.12/site-packages/airflow/example_dags/example_branch_labels.py
[2024-09-22T23:47:31.979+0000] {processor.py:914} INFO - Processing file /home/airflow/.local/lib/python3.12/site-packages/airflow/example_dags/example_branch_labels.py for tasks to queue
[2024-09-22T23:47:31.983+0000] {logging_mixin.py:190} INFO - [2024-09-22T23:47:31.982+0000] {dagbag.py:587} INFO - Filling up the DagBag from /home/airflow/.local/lib/python3.12/site-packages/airflow/example_dags/example_branch_labels.py
[2024-09-22T23:47:32.002+0000] {processor.py:925} INFO - DAG(s) 'example_branch_labels' retrieved from /home/airflow/.local/lib/python3.12/site-packages/airflow/example_dags/example_branch_labels.py
[2024-09-22T23:47:32.035+0000] {logging_mixin.py:190} INFO - [2024-09-22T23:47:32.034+0000] {dag.py:3229} INFO - Sync 1 DAGs
[2024-09-22T23:47:32.069+0000] {logging_mixin.py:190} INFO - [2024-09-22T23:47:32.068+0000] {dag.py:4156} INFO - Setting next_dagrun for example_branch_labels to 2024-09-21 00:00:00+00:00, run_after=2024-09-22 00:00:00+00:00
[2024-09-22T23:47:32.094+0000] {processor.py:208} INFO - Processing /home/airflow/.local/lib/python3.12/site-packages/airflow/example_dags/example_branch_labels.py took 0.125 seconds
[2024-09-22T23:48:02.439+0000] {processor.py:186} INFO - Started process (PID=241) to work on /home/airflow/.local/lib/python3.12/site-packages/airflow/example_dags/example_branch_labels.py
[2024-09-22T23:48:02.441+0000] {processor.py:914} INFO - Processing file /home/airflow/.local/lib/python3.12/site-packages/airflow/example_dags/example_branch_labels.py for tasks to queue
[2024-09-22T23:48:02.445+0000] {logging_mixin.py:190} INFO - [2024-09-22T23:48:02.444+0000] {dagbag.py:587} INFO - Filling up the DagBag from /home/airflow/.local/lib/python3.12/site-packages/airflow/example_dags/example_branch_labels.py
[2024-09-22T23:48:02.464+0000] {processor.py:925} INFO - DAG(s) 'example_branch_labels' retrieved from /home/airflow/.local/lib/python3.12/site-packages/airflow/example_dags/example_branch_labels.py
[2024-09-22T23:48:02.496+0000] {logging_mixin.py:190} INFO - [2024-09-22T23:48:02.496+0000] {dag.py:3229} INFO - Sync 1 DAGs
[2024-09-22T23:48:02.529+0000] {logging_mixin.py:190} INFO - [2024-09-22T23:48:02.529+0000] {dag.py:4156} INFO - Setting next_dagrun for example_branch_labels to 2024-09-21 00:00:00+00:00, run_after=2024-09-22 00:00:00+00:00
[2024-09-22T23:48:02.556+0000] {processor.py:208} INFO - Processing /home/airflow/.local/lib/python3.12/site-packages/airflow/example_dags/example_branch_labels.py took 0.126 seconds
[2024-09-22T23:48:32.950+0000] {processor.py:186} INFO - Started process (PID=304) to work on /home/airflow/.local/lib/python3.12/site-packages/airflow/example_dags/example_branch_labels.py
[2024-09-22T23:48:32.951+0000] {processor.py:914} INFO - Processing file /home/airflow/.local/lib/python3.12/site-packages/airflow/example_dags/example_branch_labels.py for tasks to queue
[2024-09-22T23:48:32.955+0000] {logging_mixin.py:190} INFO - [2024-09-22T23:48:32.954+0000] {dagbag.py:587} INFO - Filling up the DagBag from /home/airflow/.local/lib/python3.12/site-packages/airflow/example_dags/example_branch_labels.py
[2024-09-22T23:48:32.975+0000] {processor.py:925} INFO - DAG(s) 'example_branch_labels' retrieved from /home/airflow/.local/lib/python3.12/site-packages/airflow/example_dags/example_branch_labels.py
[2024-09-22T23:48:33.004+0000] {logging_mixin.py:190} INFO - [2024-09-22T23:48:33.004+0000] {dag.py:3229} INFO - Sync 1 DAGs
[2024-09-22T23:48:33.038+0000] {logging_mixin.py:190} INFO - [2024-09-22T23:48:33.038+0000] {dag.py:4156} INFO - Setting next_dagrun for example_branch_labels to 2024-09-21 00:00:00+00:00, run_after=2024-09-22 00:00:00+00:00
[2024-09-22T23:48:33.063+0000] {processor.py:208} INFO - Processing /home/airflow/.local/lib/python3.12/site-packages/airflow/example_dags/example_branch_labels.py took 0.122 seconds
[2024-09-22T23:49:03.521+0000] {processor.py:186} INFO - Started process (PID=367) to work on /home/airflow/.local/lib/python3.12/site-packages/airflow/example_dags/example_branch_labels.py
[2024-09-22T23:49:03.524+0000] {processor.py:914} INFO - Processing file /home/airflow/.local/lib/python3.12/site-packages/airflow/example_dags/example_branch_labels.py for tasks to queue
[2024-09-22T23:49:03.527+0000] {logging_mixin.py:190} INFO - [2024-09-22T23:49:03.527+0000] {dagbag.py:587} INFO - Filling up the DagBag from /home/airflow/.local/lib/python3.12/site-packages/airflow/example_dags/example_branch_labels.py
[2024-09-22T23:49:03.546+0000] {processor.py:925} INFO - DAG(s) 'example_branch_labels' retrieved from /home/airflow/.local/lib/python3.12/site-packages/airflow/example_dags/example_branch_labels.py
[2024-09-22T23:49:03.576+0000] {logging_mixin.py:190} INFO - [2024-09-22T23:49:03.576+0000] {dag.py:3229} INFO - Sync 1 DAGs
[2024-09-22T23:49:03.609+0000] {logging_mixin.py:190} INFO - [2024-09-22T23:49:03.609+0000] {dag.py:4156} INFO - Setting next_dagrun for example_branch_labels to 2024-09-21 00:00:00+00:00, run_after=2024-09-22 00:00:00+00:00
[2024-09-22T23:49:03.634+0000] {processor.py:208} INFO - Processing /home/airflow/.local/lib/python3.12/site-packages/airflow/example_dags/example_branch_labels.py took 0.122 seconds
[2024-09-22T23:49:34.071+0000] {processor.py:186} INFO - Started process (PID=430) to work on /home/airflow/.local/lib/python3.12/site-packages/airflow/example_dags/example_branch_labels.py
[2024-09-22T23:49:34.084+0000] {processor.py:914} INFO - Processing file /home/airflow/.local/lib/python3.12/site-packages/airflow/example_dags/example_branch_labels.py for tasks to queue
[2024-09-22T23:49:34.089+0000] {logging_mixin.py:190} INFO - [2024-09-22T23:49:34.088+0000] {dagbag.py:587} INFO - Filling up the DagBag from /home/airflow/.local/lib/python3.12/site-packages/airflow/example_dags/example_branch_labels.py
[2024-09-22T23:49:34.108+0000] {processor.py:925} INFO - DAG(s) 'example_branch_labels' retrieved from /home/airflow/.local/lib/python3.12/site-packages/airflow/example_dags/example_branch_labels.py
[2024-09-22T23:49:34.142+0000] {logging_mixin.py:190} INFO - [2024-09-22T23:49:34.142+0000] {dag.py:3229} INFO - Sync 1 DAGs
[2024-09-22T23:49:34.176+0000] {logging_mixin.py:190} INFO - [2024-09-22T23:49:34.176+0000] {dag.py:4156} INFO - Setting next_dagrun for example_branch_labels to 2024-09-21 00:00:00+00:00, run_after=2024-09-22 00:00:00+00:00
[2024-09-22T23:49:34.200+0000] {processor.py:208} INFO - Processing /home/airflow/.local/lib/python3.12/site-packages/airflow/example_dags/example_branch_labels.py took 0.139 seconds
[2024-09-22T23:50:05.374+0000] {processor.py:186} INFO - Started process (PID=493) to work on /home/airflow/.local/lib/python3.12/site-packages/airflow/example_dags/example_branch_labels.py
[2024-09-22T23:50:05.376+0000] {processor.py:914} INFO - Processing file /home/airflow/.local/lib/python3.12/site-packages/airflow/example_dags/example_branch_labels.py for tasks to queue
[2024-09-22T23:50:05.380+0000] {logging_mixin.py:190} INFO - [2024-09-22T23:50:05.379+0000] {dagbag.py:587} INFO - Filling up the DagBag from /home/airflow/.local/lib/python3.12/site-packages/airflow/example_dags/example_branch_labels.py
[2024-09-22T23:50:05.402+0000] {processor.py:925} INFO - DAG(s) 'example_branch_labels' retrieved from /home/airflow/.local/lib/python3.12/site-packages/airflow/example_dags/example_branch_labels.py
[2024-09-22T23:50:05.434+0000] {logging_mixin.py:190} INFO - [2024-09-22T23:50:05.433+0000] {dag.py:3229} INFO - Sync 1 DAGs
[2024-09-22T23:50:05.480+0000] {logging_mixin.py:190} INFO - [2024-09-22T23:50:05.479+0000] {dag.py:4156} INFO - Setting next_dagrun for example_branch_labels to 2024-09-21 00:00:00+00:00, run_after=2024-09-22 00:00:00+00:00
[2024-09-22T23:50:05.507+0000] {processor.py:208} INFO - Processing /home/airflow/.local/lib/python3.12/site-packages/airflow/example_dags/example_branch_labels.py took 0.143 seconds
[2024-09-22T23:50:35.934+0000] {processor.py:186} INFO - Started process (PID=556) to work on /home/airflow/.local/lib/python3.12/site-packages/airflow/example_dags/example_branch_labels.py
[2024-09-22T23:50:35.936+0000] {processor.py:914} INFO - Processing file /home/airflow/.local/lib/python3.12/site-packages/airflow/example_dags/example_branch_labels.py for tasks to queue
[2024-09-22T23:50:35.940+0000] {logging_mixin.py:190} INFO - [2024-09-22T23:50:35.939+0000] {dagbag.py:587} INFO - Filling up the DagBag from /home/airflow/.local/lib/python3.12/site-packages/airflow/example_dags/example_branch_labels.py
[2024-09-22T23:50:35.961+0000] {processor.py:925} INFO - DAG(s) 'example_branch_labels' retrieved from /home/airflow/.local/lib/python3.12/site-packages/airflow/example_dags/example_branch_labels.py
[2024-09-22T23:50:35.997+0000] {logging_mixin.py:190} INFO - [2024-09-22T23:50:35.997+0000] {dag.py:3229} INFO - Sync 1 DAGs
[2024-09-22T23:50:36.032+0000] {logging_mixin.py:190} INFO - [2024-09-22T23:50:36.032+0000] {dag.py:4156} INFO - Setting next_dagrun for example_branch_labels to 2024-09-21 00:00:00+00:00, run_after=2024-09-22 00:00:00+00:00
[2024-09-22T23:50:36.056+0000] {processor.py:208} INFO - Processing /home/airflow/.local/lib/python3.12/site-packages/airflow/example_dags/example_branch_labels.py took 0.133 seconds
[2024-09-22T23:51:06.538+0000] {processor.py:186} INFO - Started process (PID=619) to work on /home/airflow/.local/lib/python3.12/site-packages/airflow/example_dags/example_branch_labels.py
[2024-09-22T23:51:06.542+0000] {processor.py:914} INFO - Processing file /home/airflow/.local/lib/python3.12/site-packages/airflow/example_dags/example_branch_labels.py for tasks to queue
[2024-09-22T23:51:06.547+0000] {logging_mixin.py:190} INFO - [2024-09-22T23:51:06.546+0000] {dagbag.py:587} INFO - Filling up the DagBag from /home/airflow/.local/lib/python3.12/site-packages/airflow/example_dags/example_branch_labels.py
[2024-09-22T23:51:06.574+0000] {processor.py:925} INFO - DAG(s) 'example_branch_labels' retrieved from /home/airflow/.local/lib/python3.12/site-packages/airflow/example_dags/example_branch_labels.py
[2024-09-22T23:51:06.614+0000] {logging_mixin.py:190} INFO - [2024-09-22T23:51:06.613+0000] {dag.py:3229} INFO - Sync 1 DAGs
[2024-09-22T23:51:06.663+0000] {logging_mixin.py:190} INFO - [2024-09-22T23:51:06.663+0000] {dag.py:4156} INFO - Setting next_dagrun for example_branch_labels to 2024-09-21 00:00:00+00:00, run_after=2024-09-22 00:00:00+00:00
[2024-09-22T23:51:06.700+0000] {processor.py:208} INFO - Processing /home/airflow/.local/lib/python3.12/site-packages/airflow/example_dags/example_branch_labels.py took 0.175 seconds
[2024-09-22T23:51:36.947+0000] {processor.py:186} INFO - Started process (PID=684) to work on /home/airflow/.local/lib/python3.12/site-packages/airflow/example_dags/example_branch_labels.py
[2024-09-22T23:51:36.949+0000] {processor.py:914} INFO - Processing file /home/airflow/.local/lib/python3.12/site-packages/airflow/example_dags/example_branch_labels.py for tasks to queue
[2024-09-22T23:51:36.952+0000] {logging_mixin.py:190} INFO - [2024-09-22T23:51:36.952+0000] {dagbag.py:587} INFO - Filling up the DagBag from /home/airflow/.local/lib/python3.12/site-packages/airflow/example_dags/example_branch_labels.py
[2024-09-22T23:51:36.972+0000] {processor.py:925} INFO - DAG(s) 'example_branch_labels' retrieved from /home/airflow/.local/lib/python3.12/site-packages/airflow/example_dags/example_branch_labels.py
[2024-09-22T23:51:37.008+0000] {logging_mixin.py:190} INFO - [2024-09-22T23:51:37.008+0000] {dag.py:3229} INFO - Sync 1 DAGs
[2024-09-22T23:51:37.042+0000] {logging_mixin.py:190} INFO - [2024-09-22T23:51:37.042+0000] {dag.py:4156} INFO - Setting next_dagrun for example_branch_labels to 2024-09-21 00:00:00+00:00, run_after=2024-09-22 00:00:00+00:00
[2024-09-22T23:51:37.066+0000] {processor.py:208} INFO - Processing /home/airflow/.local/lib/python3.12/site-packages/airflow/example_dags/example_branch_labels.py took 0.129 seconds
[2024-09-22T23:52:08.151+0000] {processor.py:186} INFO - Started process (PID=753) to work on /home/airflow/.local/lib/python3.12/site-packages/airflow/example_dags/example_branch_labels.py
[2024-09-22T23:52:08.153+0000] {processor.py:914} INFO - Processing file /home/airflow/.local/lib/python3.12/site-packages/airflow/example_dags/example_branch_labels.py for tasks to queue
[2024-09-22T23:52:08.158+0000] {logging_mixin.py:190} INFO - [2024-09-22T23:52:08.158+0000] {dagbag.py:587} INFO - Filling up the DagBag from /home/airflow/.local/lib/python3.12/site-packages/airflow/example_dags/example_branch_labels.py
[2024-09-22T23:52:08.180+0000] {processor.py:925} INFO - DAG(s) 'example_branch_labels' retrieved from /home/airflow/.local/lib/python3.12/site-packages/airflow/example_dags/example_branch_labels.py
[2024-09-22T23:52:08.217+0000] {logging_mixin.py:190} INFO - [2024-09-22T23:52:08.216+0000] {dag.py:3229} INFO - Sync 1 DAGs
[2024-09-22T23:52:08.261+0000] {logging_mixin.py:190} INFO - [2024-09-22T23:52:08.261+0000] {dag.py:4156} INFO - Setting next_dagrun for example_branch_labels to 2024-09-21 00:00:00+00:00, run_after=2024-09-22 00:00:00+00:00
[2024-09-22T23:52:08.289+0000] {processor.py:208} INFO - Processing /home/airflow/.local/lib/python3.12/site-packages/airflow/example_dags/example_branch_labels.py took 0.148 seconds
[2024-09-22T23:52:39.021+0000] {processor.py:186} INFO - Started process (PID=817) to work on /home/airflow/.local/lib/python3.12/site-packages/airflow/example_dags/example_branch_labels.py
[2024-09-22T23:52:39.023+0000] {processor.py:914} INFO - Processing file /home/airflow/.local/lib/python3.12/site-packages/airflow/example_dags/example_branch_labels.py for tasks to queue
[2024-09-22T23:52:39.027+0000] {logging_mixin.py:190} INFO - [2024-09-22T23:52:39.026+0000] {dagbag.py:587} INFO - Filling up the DagBag from /home/airflow/.local/lib/python3.12/site-packages/airflow/example_dags/example_branch_labels.py
[2024-09-22T23:52:39.053+0000] {processor.py:925} INFO - DAG(s) 'example_branch_labels' retrieved from /home/airflow/.local/lib/python3.12/site-packages/airflow/example_dags/example_branch_labels.py
[2024-09-22T23:52:39.092+0000] {logging_mixin.py:190} INFO - [2024-09-22T23:52:39.091+0000] {dag.py:3229} INFO - Sync 1 DAGs
[2024-09-22T23:52:39.128+0000] {logging_mixin.py:190} INFO - [2024-09-22T23:52:39.128+0000] {dag.py:4156} INFO - Setting next_dagrun for example_branch_labels to 2024-09-21 00:00:00+00:00, run_after=2024-09-22 00:00:00+00:00
[2024-09-22T23:52:39.154+0000] {processor.py:208} INFO - Processing /home/airflow/.local/lib/python3.12/site-packages/airflow/example_dags/example_branch_labels.py took 0.142 seconds
[2024-09-22T23:53:09.909+0000] {processor.py:186} INFO - Started process (PID=879) to work on /home/airflow/.local/lib/python3.12/site-packages/airflow/example_dags/example_branch_labels.py
[2024-09-22T23:53:09.910+0000] {processor.py:914} INFO - Processing file /home/airflow/.local/lib/python3.12/site-packages/airflow/example_dags/example_branch_labels.py for tasks to queue
[2024-09-22T23:53:09.914+0000] {logging_mixin.py:190} INFO - [2024-09-22T23:53:09.913+0000] {dagbag.py:587} INFO - Filling up the DagBag from /home/airflow/.local/lib/python3.12/site-packages/airflow/example_dags/example_branch_labels.py
[2024-09-22T23:53:09.936+0000] {processor.py:925} INFO - DAG(s) 'example_branch_labels' retrieved from /home/airflow/.local/lib/python3.12/site-packages/airflow/example_dags/example_branch_labels.py
[2024-09-22T23:53:09.967+0000] {logging_mixin.py:190} INFO - [2024-09-22T23:53:09.966+0000] {dag.py:3229} INFO - Sync 1 DAGs
[2024-09-22T23:53:10.001+0000] {logging_mixin.py:190} INFO - [2024-09-22T23:53:10.000+0000] {dag.py:4156} INFO - Setting next_dagrun for example_branch_labels to 2024-09-21 00:00:00+00:00, run_after=2024-09-22 00:00:00+00:00
[2024-09-22T23:53:10.025+0000] {processor.py:208} INFO - Processing /home/airflow/.local/lib/python3.12/site-packages/airflow/example_dags/example_branch_labels.py took 0.126 seconds
[2024-09-22T23:53:43.905+0000] {processor.py:186} INFO - Started process (PID=942) to work on /home/airflow/.local/lib/python3.12/site-packages/airflow/example_dags/example_branch_labels.py
[2024-09-22T23:53:43.909+0000] {processor.py:914} INFO - Processing file /home/airflow/.local/lib/python3.12/site-packages/airflow/example_dags/example_branch_labels.py for tasks to queue
[2024-09-22T23:53:43.917+0000] {logging_mixin.py:190} INFO - [2024-09-22T23:53:43.917+0000] {dagbag.py:587} INFO - Filling up the DagBag from /home/airflow/.local/lib/python3.12/site-packages/airflow/example_dags/example_branch_labels.py
[2024-09-22T23:53:43.961+0000] {processor.py:925} INFO - DAG(s) 'example_branch_labels' retrieved from /home/airflow/.local/lib/python3.12/site-packages/airflow/example_dags/example_branch_labels.py
[2024-09-22T23:53:44.028+0000] {logging_mixin.py:190} INFO - [2024-09-22T23:53:44.027+0000] {dag.py:3229} INFO - Sync 1 DAGs
[2024-09-22T23:53:44.124+0000] {logging_mixin.py:190} INFO - [2024-09-22T23:53:44.123+0000] {dag.py:4156} INFO - Setting next_dagrun for example_branch_labels to 2024-09-21 00:00:00+00:00, run_after=2024-09-22 00:00:00+00:00
[2024-09-22T23:53:44.163+0000] {processor.py:208} INFO - Processing /home/airflow/.local/lib/python3.12/site-packages/airflow/example_dags/example_branch_labels.py took 0.281 seconds
[2024-09-22T23:54:14.597+0000] {processor.py:186} INFO - Started process (PID=1005) to work on /home/airflow/.local/lib/python3.12/site-packages/airflow/example_dags/example_branch_labels.py
[2024-09-22T23:54:14.599+0000] {processor.py:914} INFO - Processing file /home/airflow/.local/lib/python3.12/site-packages/airflow/example_dags/example_branch_labels.py for tasks to queue
[2024-09-22T23:54:14.603+0000] {logging_mixin.py:190} INFO - [2024-09-22T23:54:14.602+0000] {dagbag.py:587} INFO - Filling up the DagBag from /home/airflow/.local/lib/python3.12/site-packages/airflow/example_dags/example_branch_labels.py
[2024-09-22T23:54:14.631+0000] {processor.py:925} INFO - DAG(s) 'example_branch_labels' retrieved from /home/airflow/.local/lib/python3.12/site-packages/airflow/example_dags/example_branch_labels.py
[2024-09-22T23:54:14.663+0000] {logging_mixin.py:190} INFO - [2024-09-22T23:54:14.663+0000] {dag.py:3229} INFO - Sync 1 DAGs
[2024-09-22T23:54:14.704+0000] {logging_mixin.py:190} INFO - [2024-09-22T23:54:14.703+0000] {dag.py:4156} INFO - Setting next_dagrun for example_branch_labels to 2024-09-21 00:00:00+00:00, run_after=2024-09-22 00:00:00+00:00
[2024-09-22T23:54:14.732+0000] {processor.py:208} INFO - Processing /home/airflow/.local/lib/python3.12/site-packages/airflow/example_dags/example_branch_labels.py took 0.145 seconds
[2024-09-22T23:54:45.502+0000] {processor.py:186} INFO - Started process (PID=1068) to work on /home/airflow/.local/lib/python3.12/site-packages/airflow/example_dags/example_branch_labels.py
[2024-09-22T23:54:45.504+0000] {processor.py:914} INFO - Processing file /home/airflow/.local/lib/python3.12/site-packages/airflow/example_dags/example_branch_labels.py for tasks to queue
[2024-09-22T23:54:45.508+0000] {logging_mixin.py:190} INFO - [2024-09-22T23:54:45.507+0000] {dagbag.py:587} INFO - Filling up the DagBag from /home/airflow/.local/lib/python3.12/site-packages/airflow/example_dags/example_branch_labels.py
[2024-09-22T23:54:45.527+0000] {processor.py:925} INFO - DAG(s) 'example_branch_labels' retrieved from /home/airflow/.local/lib/python3.12/site-packages/airflow/example_dags/example_branch_labels.py
[2024-09-22T23:54:45.556+0000] {logging_mixin.py:190} INFO - [2024-09-22T23:54:45.556+0000] {dag.py:3229} INFO - Sync 1 DAGs
[2024-09-22T23:54:45.593+0000] {logging_mixin.py:190} INFO - [2024-09-22T23:54:45.593+0000] {dag.py:4156} INFO - Setting next_dagrun for example_branch_labels to 2024-09-21 00:00:00+00:00, run_after=2024-09-22 00:00:00+00:00
[2024-09-22T23:54:45.618+0000] {processor.py:208} INFO - Processing /home/airflow/.local/lib/python3.12/site-packages/airflow/example_dags/example_branch_labels.py took 0.125 seconds
[2024-09-22T23:55:15.933+0000] {processor.py:186} INFO - Started process (PID=1130) to work on /home/airflow/.local/lib/python3.12/site-packages/airflow/example_dags/example_branch_labels.py
[2024-09-22T23:55:15.934+0000] {processor.py:914} INFO - Processing file /home/airflow/.local/lib/python3.12/site-packages/airflow/example_dags/example_branch_labels.py for tasks to queue
[2024-09-22T23:55:15.938+0000] {logging_mixin.py:190} INFO - [2024-09-22T23:55:15.937+0000] {dagbag.py:587} INFO - Filling up the DagBag from /home/airflow/.local/lib/python3.12/site-packages/airflow/example_dags/example_branch_labels.py
[2024-09-22T23:55:15.957+0000] {processor.py:925} INFO - DAG(s) 'example_branch_labels' retrieved from /home/airflow/.local/lib/python3.12/site-packages/airflow/example_dags/example_branch_labels.py
[2024-09-22T23:55:15.988+0000] {logging_mixin.py:190} INFO - [2024-09-22T23:55:15.988+0000] {dag.py:3229} INFO - Sync 1 DAGs
[2024-09-22T23:55:16.022+0000] {logging_mixin.py:190} INFO - [2024-09-22T23:55:16.021+0000] {dag.py:4156} INFO - Setting next_dagrun for example_branch_labels to 2024-09-21 00:00:00+00:00, run_after=2024-09-22 00:00:00+00:00
[2024-09-22T23:55:16.047+0000] {processor.py:208} INFO - Processing /home/airflow/.local/lib/python3.12/site-packages/airflow/example_dags/example_branch_labels.py took 0.124 seconds
[2024-09-22T23:55:47.425+0000] {processor.py:186} INFO - Started process (PID=1193) to work on /home/airflow/.local/lib/python3.12/site-packages/airflow/example_dags/example_branch_labels.py
[2024-09-22T23:55:47.428+0000] {processor.py:914} INFO - Processing file /home/airflow/.local/lib/python3.12/site-packages/airflow/example_dags/example_branch_labels.py for tasks to queue
[2024-09-22T23:55:47.432+0000] {logging_mixin.py:190} INFO - [2024-09-22T23:55:47.431+0000] {dagbag.py:587} INFO - Filling up the DagBag from /home/airflow/.local/lib/python3.12/site-packages/airflow/example_dags/example_branch_labels.py
[2024-09-22T23:55:47.452+0000] {processor.py:925} INFO - DAG(s) 'example_branch_labels' retrieved from /home/airflow/.local/lib/python3.12/site-packages/airflow/example_dags/example_branch_labels.py
[2024-09-22T23:55:47.483+0000] {logging_mixin.py:190} INFO - [2024-09-22T23:55:47.482+0000] {dag.py:3229} INFO - Sync 1 DAGs
[2024-09-22T23:55:47.515+0000] {logging_mixin.py:190} INFO - [2024-09-22T23:55:47.515+0000] {dag.py:4156} INFO - Setting next_dagrun for example_branch_labels to 2024-09-21 00:00:00+00:00, run_after=2024-09-22 00:00:00+00:00
[2024-09-22T23:55:47.537+0000] {processor.py:208} INFO - Processing /home/airflow/.local/lib/python3.12/site-packages/airflow/example_dags/example_branch_labels.py took 0.123 seconds
[2024-09-22T23:58:08.995+0000] {processor.py:186} INFO - Started process (PID=114) to work on /home/airflow/.local/lib/python3.12/site-packages/airflow/example_dags/example_branch_labels.py
[2024-09-22T23:58:09.000+0000] {processor.py:914} INFO - Processing file /home/airflow/.local/lib/python3.12/site-packages/airflow/example_dags/example_branch_labels.py for tasks to queue
[2024-09-22T23:58:09.021+0000] {logging_mixin.py:190} INFO - [2024-09-22T23:58:09.021+0000] {dagbag.py:587} INFO - Filling up the DagBag from /home/airflow/.local/lib/python3.12/site-packages/airflow/example_dags/example_branch_labels.py
[2024-09-22T23:58:09.079+0000] {processor.py:925} INFO - DAG(s) 'example_branch_labels' retrieved from /home/airflow/.local/lib/python3.12/site-packages/airflow/example_dags/example_branch_labels.py
[2024-09-22T23:58:09.125+0000] {logging_mixin.py:190} INFO - [2024-09-22T23:58:09.125+0000] {dag.py:3229} INFO - Sync 1 DAGs
[2024-09-22T23:58:09.174+0000] {logging_mixin.py:190} INFO - [2024-09-22T23:58:09.173+0000] {dag.py:4156} INFO - Setting next_dagrun for example_branch_labels to 2024-09-21 00:00:00+00:00, run_after=2024-09-22 00:00:00+00:00
[2024-09-22T23:58:09.207+0000] {processor.py:208} INFO - Processing /home/airflow/.local/lib/python3.12/site-packages/airflow/example_dags/example_branch_labels.py took 0.238 seconds
[2024-09-22T23:58:39.340+0000] {processor.py:186} INFO - Started process (PID=177) to work on /home/airflow/.local/lib/python3.12/site-packages/airflow/example_dags/example_branch_labels.py
[2024-09-22T23:58:39.341+0000] {processor.py:914} INFO - Processing file /home/airflow/.local/lib/python3.12/site-packages/airflow/example_dags/example_branch_labels.py for tasks to queue
[2024-09-22T23:58:39.344+0000] {logging_mixin.py:190} INFO - [2024-09-22T23:58:39.344+0000] {dagbag.py:587} INFO - Filling up the DagBag from /home/airflow/.local/lib/python3.12/site-packages/airflow/example_dags/example_branch_labels.py
[2024-09-22T23:58:39.364+0000] {processor.py:925} INFO - DAG(s) 'example_branch_labels' retrieved from /home/airflow/.local/lib/python3.12/site-packages/airflow/example_dags/example_branch_labels.py
[2024-09-22T23:58:39.402+0000] {logging_mixin.py:190} INFO - [2024-09-22T23:58:39.401+0000] {dag.py:3229} INFO - Sync 1 DAGs
[2024-09-22T23:58:39.435+0000] {logging_mixin.py:190} INFO - [2024-09-22T23:58:39.434+0000] {dag.py:4156} INFO - Setting next_dagrun for example_branch_labels to 2024-09-21 00:00:00+00:00, run_after=2024-09-22 00:00:00+00:00
[2024-09-22T23:58:39.458+0000] {processor.py:208} INFO - Processing /home/airflow/.local/lib/python3.12/site-packages/airflow/example_dags/example_branch_labels.py took 0.128 seconds
[2024-09-22T23:59:10.005+0000] {processor.py:186} INFO - Started process (PID=240) to work on /home/airflow/.local/lib/python3.12/site-packages/airflow/example_dags/example_branch_labels.py
[2024-09-22T23:59:10.007+0000] {processor.py:914} INFO - Processing file /home/airflow/.local/lib/python3.12/site-packages/airflow/example_dags/example_branch_labels.py for tasks to queue
[2024-09-22T23:59:10.011+0000] {logging_mixin.py:190} INFO - [2024-09-22T23:59:10.010+0000] {dagbag.py:587} INFO - Filling up the DagBag from /home/airflow/.local/lib/python3.12/site-packages/airflow/example_dags/example_branch_labels.py
[2024-09-22T23:59:10.032+0000] {processor.py:925} INFO - DAG(s) 'example_branch_labels' retrieved from /home/airflow/.local/lib/python3.12/site-packages/airflow/example_dags/example_branch_labels.py
[2024-09-22T23:59:10.064+0000] {logging_mixin.py:190} INFO - [2024-09-22T23:59:10.063+0000] {dag.py:3229} INFO - Sync 1 DAGs
[2024-09-22T23:59:10.103+0000] {logging_mixin.py:190} INFO - [2024-09-22T23:59:10.102+0000] {dag.py:4156} INFO - Setting next_dagrun for example_branch_labels to 2024-09-21 00:00:00+00:00, run_after=2024-09-22 00:00:00+00:00
[2024-09-22T23:59:10.128+0000] {processor.py:208} INFO - Processing /home/airflow/.local/lib/python3.12/site-packages/airflow/example_dags/example_branch_labels.py took 0.134 seconds
[2024-09-22T23:59:40.518+0000] {processor.py:186} INFO - Started process (PID=303) to work on /home/airflow/.local/lib/python3.12/site-packages/airflow/example_dags/example_branch_labels.py
[2024-09-22T23:59:40.520+0000] {processor.py:914} INFO - Processing file /home/airflow/.local/lib/python3.12/site-packages/airflow/example_dags/example_branch_labels.py for tasks to queue
[2024-09-22T23:59:40.523+0000] {logging_mixin.py:190} INFO - [2024-09-22T23:59:40.523+0000] {dagbag.py:587} INFO - Filling up the DagBag from /home/airflow/.local/lib/python3.12/site-packages/airflow/example_dags/example_branch_labels.py
[2024-09-22T23:59:40.544+0000] {processor.py:925} INFO - DAG(s) 'example_branch_labels' retrieved from /home/airflow/.local/lib/python3.12/site-packages/airflow/example_dags/example_branch_labels.py
[2024-09-22T23:59:40.573+0000] {logging_mixin.py:190} INFO - [2024-09-22T23:59:40.573+0000] {dag.py:3229} INFO - Sync 1 DAGs
[2024-09-22T23:59:40.604+0000] {logging_mixin.py:190} INFO - [2024-09-22T23:59:40.604+0000] {dag.py:4156} INFO - Setting next_dagrun for example_branch_labels to 2024-09-21 00:00:00+00:00, run_after=2024-09-22 00:00:00+00:00
[2024-09-22T23:59:40.628+0000] {processor.py:208} INFO - Processing /home/airflow/.local/lib/python3.12/site-packages/airflow/example_dags/example_branch_labels.py took 0.121 seconds
