[2024-09-22T23:26:22.110+0000] {processor.py:186} INFO - Started process (PID=96) to work on /home/airflow/.local/lib/python3.12/site-packages/airflow/example_dags/example_latest_only_with_trigger.py
[2024-09-22T23:26:22.112+0000] {processor.py:914} INFO - Processing file /home/airflow/.local/lib/python3.12/site-packages/airflow/example_dags/example_latest_only_with_trigger.py for tasks to queue
[2024-09-22T23:26:22.116+0000] {logging_mixin.py:190} INFO - [2024-09-22T23:26:22.115+0000] {dagbag.py:587} INFO - Filling up the DagBag from /home/airflow/.local/lib/python3.12/site-packages/airflow/example_dags/example_latest_only_with_trigger.py
[2024-09-22T23:26:22.137+0000] {processor.py:925} INFO - DAG(s) 'latest_only_with_trigger' retrieved from /home/airflow/.local/lib/python3.12/site-packages/airflow/example_dags/example_latest_only_with_trigger.py
[2024-09-22T23:26:22.408+0000] {logging_mixin.py:190} INFO - [2024-09-22T23:26:22.407+0000] {override.py:1900} INFO - Created Permission View: can edit on DAG:latest_only_with_trigger
[2024-09-22T23:26:22.422+0000] {logging_mixin.py:190} INFO - [2024-09-22T23:26:22.422+0000] {override.py:1900} INFO - Created Permission View: can read on DAG:latest_only_with_trigger
[2024-09-22T23:26:22.431+0000] {logging_mixin.py:190} INFO - [2024-09-22T23:26:22.431+0000] {override.py:1900} INFO - Created Permission View: can delete on DAG:latest_only_with_trigger
[2024-09-22T23:26:22.441+0000] {logging_mixin.py:190} INFO - [2024-09-22T23:26:22.440+0000] {override.py:1900} INFO - Created Permission View: can create on DAG Run:latest_only_with_trigger
[2024-09-22T23:26:22.449+0000] {logging_mixin.py:190} INFO - [2024-09-22T23:26:22.449+0000] {override.py:1900} INFO - Created Permission View: menu access on DAG Run:latest_only_with_trigger
[2024-09-22T23:26:22.458+0000] {logging_mixin.py:190} INFO - [2024-09-22T23:26:22.457+0000] {override.py:1900} INFO - Created Permission View: can read on DAG Run:latest_only_with_trigger
[2024-09-22T23:26:22.466+0000] {logging_mixin.py:190} INFO - [2024-09-22T23:26:22.466+0000] {override.py:1900} INFO - Created Permission View: can delete on DAG Run:latest_only_with_trigger
[2024-09-22T23:26:22.467+0000] {logging_mixin.py:190} INFO - [2024-09-22T23:26:22.467+0000] {dag.py:3229} INFO - Sync 1 DAGs
[2024-09-22T23:26:22.491+0000] {logging_mixin.py:190} INFO - [2024-09-22T23:26:22.491+0000] {dag.py:3252} INFO - Creating ORM DAG for latest_only_with_trigger
[2024-09-22T23:26:22.509+0000] {logging_mixin.py:190} INFO - [2024-09-22T23:26:22.508+0000] {dag.py:4156} INFO - Setting next_dagrun for latest_only_with_trigger to 2024-09-22 16:00:00+00:00, run_after=2024-09-22 20:00:00+00:00
[2024-09-22T23:26:22.534+0000] {processor.py:208} INFO - Processing /home/airflow/.local/lib/python3.12/site-packages/airflow/example_dags/example_latest_only_with_trigger.py took 0.436 seconds
[2024-09-22T23:26:53.273+0000] {processor.py:186} INFO - Started process (PID=158) to work on /home/airflow/.local/lib/python3.12/site-packages/airflow/example_dags/example_latest_only_with_trigger.py
[2024-09-22T23:26:53.275+0000] {processor.py:914} INFO - Processing file /home/airflow/.local/lib/python3.12/site-packages/airflow/example_dags/example_latest_only_with_trigger.py for tasks to queue
[2024-09-22T23:26:53.278+0000] {logging_mixin.py:190} INFO - [2024-09-22T23:26:53.278+0000] {dagbag.py:587} INFO - Filling up the DagBag from /home/airflow/.local/lib/python3.12/site-packages/airflow/example_dags/example_latest_only_with_trigger.py
[2024-09-22T23:26:53.293+0000] {processor.py:925} INFO - DAG(s) 'latest_only_with_trigger' retrieved from /home/airflow/.local/lib/python3.12/site-packages/airflow/example_dags/example_latest_only_with_trigger.py
[2024-09-22T23:26:53.326+0000] {logging_mixin.py:190} INFO - [2024-09-22T23:26:53.326+0000] {dag.py:3229} INFO - Sync 1 DAGs
[2024-09-22T23:26:53.358+0000] {logging_mixin.py:190} INFO - [2024-09-22T23:26:53.358+0000] {dag.py:4156} INFO - Setting next_dagrun for latest_only_with_trigger to 2024-09-22 16:00:00+00:00, run_after=2024-09-22 20:00:00+00:00
[2024-09-22T23:26:53.387+0000] {processor.py:208} INFO - Processing /home/airflow/.local/lib/python3.12/site-packages/airflow/example_dags/example_latest_only_with_trigger.py took 0.122 seconds
[2024-09-22T23:27:23.456+0000] {processor.py:186} INFO - Started process (PID=220) to work on /home/airflow/.local/lib/python3.12/site-packages/airflow/example_dags/example_latest_only_with_trigger.py
[2024-09-22T23:27:23.458+0000] {processor.py:914} INFO - Processing file /home/airflow/.local/lib/python3.12/site-packages/airflow/example_dags/example_latest_only_with_trigger.py for tasks to queue
[2024-09-22T23:27:23.461+0000] {logging_mixin.py:190} INFO - [2024-09-22T23:27:23.461+0000] {dagbag.py:587} INFO - Filling up the DagBag from /home/airflow/.local/lib/python3.12/site-packages/airflow/example_dags/example_latest_only_with_trigger.py
[2024-09-22T23:27:23.477+0000] {processor.py:925} INFO - DAG(s) 'latest_only_with_trigger' retrieved from /home/airflow/.local/lib/python3.12/site-packages/airflow/example_dags/example_latest_only_with_trigger.py
[2024-09-22T23:27:23.510+0000] {logging_mixin.py:190} INFO - [2024-09-22T23:27:23.510+0000] {dag.py:3229} INFO - Sync 1 DAGs
[2024-09-22T23:27:23.541+0000] {logging_mixin.py:190} INFO - [2024-09-22T23:27:23.541+0000] {dag.py:4156} INFO - Setting next_dagrun for latest_only_with_trigger to 2024-09-22 16:00:00+00:00, run_after=2024-09-22 20:00:00+00:00
[2024-09-22T23:27:23.566+0000] {processor.py:208} INFO - Processing /home/airflow/.local/lib/python3.12/site-packages/airflow/example_dags/example_latest_only_with_trigger.py took 0.118 seconds
[2024-09-22T23:27:53.909+0000] {processor.py:186} INFO - Started process (PID=282) to work on /home/airflow/.local/lib/python3.12/site-packages/airflow/example_dags/example_latest_only_with_trigger.py
[2024-09-22T23:27:53.910+0000] {processor.py:914} INFO - Processing file /home/airflow/.local/lib/python3.12/site-packages/airflow/example_dags/example_latest_only_with_trigger.py for tasks to queue
[2024-09-22T23:27:53.914+0000] {logging_mixin.py:190} INFO - [2024-09-22T23:27:53.913+0000] {dagbag.py:587} INFO - Filling up the DagBag from /home/airflow/.local/lib/python3.12/site-packages/airflow/example_dags/example_latest_only_with_trigger.py
[2024-09-22T23:27:53.929+0000] {processor.py:925} INFO - DAG(s) 'latest_only_with_trigger' retrieved from /home/airflow/.local/lib/python3.12/site-packages/airflow/example_dags/example_latest_only_with_trigger.py
[2024-09-22T23:27:53.960+0000] {logging_mixin.py:190} INFO - [2024-09-22T23:27:53.960+0000] {dag.py:3229} INFO - Sync 1 DAGs
[2024-09-22T23:27:53.994+0000] {logging_mixin.py:190} INFO - [2024-09-22T23:27:53.994+0000] {dag.py:4156} INFO - Setting next_dagrun for latest_only_with_trigger to 2024-09-22 16:00:00+00:00, run_after=2024-09-22 20:00:00+00:00
[2024-09-22T23:27:54.020+0000] {processor.py:208} INFO - Processing /home/airflow/.local/lib/python3.12/site-packages/airflow/example_dags/example_latest_only_with_trigger.py took 0.120 seconds
[2024-09-22T23:28:24.180+0000] {processor.py:186} INFO - Started process (PID=344) to work on /home/airflow/.local/lib/python3.12/site-packages/airflow/example_dags/example_latest_only_with_trigger.py
[2024-09-22T23:28:24.182+0000] {processor.py:914} INFO - Processing file /home/airflow/.local/lib/python3.12/site-packages/airflow/example_dags/example_latest_only_with_trigger.py for tasks to queue
[2024-09-22T23:28:24.186+0000] {logging_mixin.py:190} INFO - [2024-09-22T23:28:24.185+0000] {dagbag.py:587} INFO - Filling up the DagBag from /home/airflow/.local/lib/python3.12/site-packages/airflow/example_dags/example_latest_only_with_trigger.py
[2024-09-22T23:28:24.202+0000] {processor.py:925} INFO - DAG(s) 'latest_only_with_trigger' retrieved from /home/airflow/.local/lib/python3.12/site-packages/airflow/example_dags/example_latest_only_with_trigger.py
[2024-09-22T23:28:24.233+0000] {logging_mixin.py:190} INFO - [2024-09-22T23:28:24.233+0000] {dag.py:3229} INFO - Sync 1 DAGs
[2024-09-22T23:28:24.273+0000] {logging_mixin.py:190} INFO - [2024-09-22T23:28:24.272+0000] {dag.py:4156} INFO - Setting next_dagrun for latest_only_with_trigger to 2024-09-22 16:00:00+00:00, run_after=2024-09-22 20:00:00+00:00
[2024-09-22T23:28:24.303+0000] {processor.py:208} INFO - Processing /home/airflow/.local/lib/python3.12/site-packages/airflow/example_dags/example_latest_only_with_trigger.py took 0.132 seconds
[2024-09-22T23:28:54.767+0000] {processor.py:186} INFO - Started process (PID=406) to work on /home/airflow/.local/lib/python3.12/site-packages/airflow/example_dags/example_latest_only_with_trigger.py
[2024-09-22T23:28:54.769+0000] {processor.py:914} INFO - Processing file /home/airflow/.local/lib/python3.12/site-packages/airflow/example_dags/example_latest_only_with_trigger.py for tasks to queue
[2024-09-22T23:28:54.772+0000] {logging_mixin.py:190} INFO - [2024-09-22T23:28:54.772+0000] {dagbag.py:587} INFO - Filling up the DagBag from /home/airflow/.local/lib/python3.12/site-packages/airflow/example_dags/example_latest_only_with_trigger.py
[2024-09-22T23:28:54.789+0000] {processor.py:925} INFO - DAG(s) 'latest_only_with_trigger' retrieved from /home/airflow/.local/lib/python3.12/site-packages/airflow/example_dags/example_latest_only_with_trigger.py
[2024-09-22T23:28:54.822+0000] {logging_mixin.py:190} INFO - [2024-09-22T23:28:54.821+0000] {dag.py:3229} INFO - Sync 1 DAGs
[2024-09-22T23:28:54.859+0000] {logging_mixin.py:190} INFO - [2024-09-22T23:28:54.858+0000] {dag.py:4156} INFO - Setting next_dagrun for latest_only_with_trigger to 2024-09-22 16:00:00+00:00, run_after=2024-09-22 20:00:00+00:00
[2024-09-22T23:28:54.883+0000] {processor.py:208} INFO - Processing /home/airflow/.local/lib/python3.12/site-packages/airflow/example_dags/example_latest_only_with_trigger.py took 0.125 seconds
[2024-09-22T23:29:25.338+0000] {processor.py:186} INFO - Started process (PID=468) to work on /home/airflow/.local/lib/python3.12/site-packages/airflow/example_dags/example_latest_only_with_trigger.py
[2024-09-22T23:29:25.340+0000] {processor.py:914} INFO - Processing file /home/airflow/.local/lib/python3.12/site-packages/airflow/example_dags/example_latest_only_with_trigger.py for tasks to queue
[2024-09-22T23:29:25.343+0000] {logging_mixin.py:190} INFO - [2024-09-22T23:29:25.342+0000] {dagbag.py:587} INFO - Filling up the DagBag from /home/airflow/.local/lib/python3.12/site-packages/airflow/example_dags/example_latest_only_with_trigger.py
[2024-09-22T23:29:25.359+0000] {processor.py:925} INFO - DAG(s) 'latest_only_with_trigger' retrieved from /home/airflow/.local/lib/python3.12/site-packages/airflow/example_dags/example_latest_only_with_trigger.py
[2024-09-22T23:29:25.389+0000] {logging_mixin.py:190} INFO - [2024-09-22T23:29:25.388+0000] {dag.py:3229} INFO - Sync 1 DAGs
[2024-09-22T23:29:25.429+0000] {logging_mixin.py:190} INFO - [2024-09-22T23:29:25.428+0000] {dag.py:4156} INFO - Setting next_dagrun for latest_only_with_trigger to 2024-09-22 16:00:00+00:00, run_after=2024-09-22 20:00:00+00:00
[2024-09-22T23:29:25.452+0000] {processor.py:208} INFO - Processing /home/airflow/.local/lib/python3.12/site-packages/airflow/example_dags/example_latest_only_with_trigger.py took 0.127 seconds
[2024-09-22T23:29:55.512+0000] {processor.py:186} INFO - Started process (PID=530) to work on /home/airflow/.local/lib/python3.12/site-packages/airflow/example_dags/example_latest_only_with_trigger.py
[2024-09-22T23:29:55.513+0000] {processor.py:914} INFO - Processing file /home/airflow/.local/lib/python3.12/site-packages/airflow/example_dags/example_latest_only_with_trigger.py for tasks to queue
[2024-09-22T23:29:55.516+0000] {logging_mixin.py:190} INFO - [2024-09-22T23:29:55.516+0000] {dagbag.py:587} INFO - Filling up the DagBag from /home/airflow/.local/lib/python3.12/site-packages/airflow/example_dags/example_latest_only_with_trigger.py
[2024-09-22T23:29:55.533+0000] {processor.py:925} INFO - DAG(s) 'latest_only_with_trigger' retrieved from /home/airflow/.local/lib/python3.12/site-packages/airflow/example_dags/example_latest_only_with_trigger.py
[2024-09-22T23:29:55.562+0000] {logging_mixin.py:190} INFO - [2024-09-22T23:29:55.562+0000] {dag.py:3229} INFO - Sync 1 DAGs
[2024-09-22T23:29:55.596+0000] {logging_mixin.py:190} INFO - [2024-09-22T23:29:55.595+0000] {dag.py:4156} INFO - Setting next_dagrun for latest_only_with_trigger to 2024-09-22 16:00:00+00:00, run_after=2024-09-22 20:00:00+00:00
[2024-09-22T23:29:55.622+0000] {processor.py:208} INFO - Processing /home/airflow/.local/lib/python3.12/site-packages/airflow/example_dags/example_latest_only_with_trigger.py took 0.120 seconds
[2024-09-22T23:30:25.707+0000] {processor.py:186} INFO - Started process (PID=592) to work on /home/airflow/.local/lib/python3.12/site-packages/airflow/example_dags/example_latest_only_with_trigger.py
[2024-09-22T23:30:25.710+0000] {processor.py:914} INFO - Processing file /home/airflow/.local/lib/python3.12/site-packages/airflow/example_dags/example_latest_only_with_trigger.py for tasks to queue
[2024-09-22T23:30:25.715+0000] {logging_mixin.py:190} INFO - [2024-09-22T23:30:25.714+0000] {dagbag.py:587} INFO - Filling up the DagBag from /home/airflow/.local/lib/python3.12/site-packages/airflow/example_dags/example_latest_only_with_trigger.py
[2024-09-22T23:30:25.732+0000] {processor.py:925} INFO - DAG(s) 'latest_only_with_trigger' retrieved from /home/airflow/.local/lib/python3.12/site-packages/airflow/example_dags/example_latest_only_with_trigger.py
[2024-09-22T23:30:25.765+0000] {logging_mixin.py:190} INFO - [2024-09-22T23:30:25.765+0000] {dag.py:3229} INFO - Sync 1 DAGs
[2024-09-22T23:30:25.801+0000] {logging_mixin.py:190} INFO - [2024-09-22T23:30:25.801+0000] {dag.py:4156} INFO - Setting next_dagrun for latest_only_with_trigger to 2024-09-22 16:00:00+00:00, run_after=2024-09-22 20:00:00+00:00
[2024-09-22T23:30:25.829+0000] {processor.py:208} INFO - Processing /home/airflow/.local/lib/python3.12/site-packages/airflow/example_dags/example_latest_only_with_trigger.py took 0.131 seconds
[2024-09-22T23:30:55.926+0000] {processor.py:186} INFO - Started process (PID=654) to work on /home/airflow/.local/lib/python3.12/site-packages/airflow/example_dags/example_latest_only_with_trigger.py
[2024-09-22T23:30:55.928+0000] {processor.py:914} INFO - Processing file /home/airflow/.local/lib/python3.12/site-packages/airflow/example_dags/example_latest_only_with_trigger.py for tasks to queue
[2024-09-22T23:30:55.931+0000] {logging_mixin.py:190} INFO - [2024-09-22T23:30:55.930+0000] {dagbag.py:587} INFO - Filling up the DagBag from /home/airflow/.local/lib/python3.12/site-packages/airflow/example_dags/example_latest_only_with_trigger.py
[2024-09-22T23:30:55.946+0000] {processor.py:925} INFO - DAG(s) 'latest_only_with_trigger' retrieved from /home/airflow/.local/lib/python3.12/site-packages/airflow/example_dags/example_latest_only_with_trigger.py
[2024-09-22T23:30:55.976+0000] {logging_mixin.py:190} INFO - [2024-09-22T23:30:55.976+0000] {dag.py:3229} INFO - Sync 1 DAGs
[2024-09-22T23:30:56.010+0000] {logging_mixin.py:190} INFO - [2024-09-22T23:30:56.010+0000] {dag.py:4156} INFO - Setting next_dagrun for latest_only_with_trigger to 2024-09-22 16:00:00+00:00, run_after=2024-09-22 20:00:00+00:00
[2024-09-22T23:30:56.037+0000] {processor.py:208} INFO - Processing /home/airflow/.local/lib/python3.12/site-packages/airflow/example_dags/example_latest_only_with_trigger.py took 0.120 seconds
[2024-09-22T23:31:26.146+0000] {processor.py:186} INFO - Started process (PID=717) to work on /home/airflow/.local/lib/python3.12/site-packages/airflow/example_dags/example_latest_only_with_trigger.py
[2024-09-22T23:31:26.147+0000] {processor.py:914} INFO - Processing file /home/airflow/.local/lib/python3.12/site-packages/airflow/example_dags/example_latest_only_with_trigger.py for tasks to queue
[2024-09-22T23:31:26.151+0000] {logging_mixin.py:190} INFO - [2024-09-22T23:31:26.150+0000] {dagbag.py:587} INFO - Filling up the DagBag from /home/airflow/.local/lib/python3.12/site-packages/airflow/example_dags/example_latest_only_with_trigger.py
[2024-09-22T23:31:26.166+0000] {processor.py:925} INFO - DAG(s) 'latest_only_with_trigger' retrieved from /home/airflow/.local/lib/python3.12/site-packages/airflow/example_dags/example_latest_only_with_trigger.py
[2024-09-22T23:31:26.195+0000] {logging_mixin.py:190} INFO - [2024-09-22T23:31:26.194+0000] {dag.py:3229} INFO - Sync 1 DAGs
[2024-09-22T23:31:26.228+0000] {logging_mixin.py:190} INFO - [2024-09-22T23:31:26.227+0000] {dag.py:4156} INFO - Setting next_dagrun for latest_only_with_trigger to 2024-09-22 16:00:00+00:00, run_after=2024-09-22 20:00:00+00:00
[2024-09-22T23:31:26.251+0000] {processor.py:208} INFO - Processing /home/airflow/.local/lib/python3.12/site-packages/airflow/example_dags/example_latest_only_with_trigger.py took 0.114 seconds
[2024-09-22T23:31:56.833+0000] {processor.py:186} INFO - Started process (PID=779) to work on /home/airflow/.local/lib/python3.12/site-packages/airflow/example_dags/example_latest_only_with_trigger.py
[2024-09-22T23:31:56.834+0000] {processor.py:914} INFO - Processing file /home/airflow/.local/lib/python3.12/site-packages/airflow/example_dags/example_latest_only_with_trigger.py for tasks to queue
[2024-09-22T23:31:56.837+0000] {logging_mixin.py:190} INFO - [2024-09-22T23:31:56.837+0000] {dagbag.py:587} INFO - Filling up the DagBag from /home/airflow/.local/lib/python3.12/site-packages/airflow/example_dags/example_latest_only_with_trigger.py
[2024-09-22T23:31:56.852+0000] {processor.py:925} INFO - DAG(s) 'latest_only_with_trigger' retrieved from /home/airflow/.local/lib/python3.12/site-packages/airflow/example_dags/example_latest_only_with_trigger.py
[2024-09-22T23:31:56.881+0000] {logging_mixin.py:190} INFO - [2024-09-22T23:31:56.881+0000] {dag.py:3229} INFO - Sync 1 DAGs
[2024-09-22T23:31:56.912+0000] {logging_mixin.py:190} INFO - [2024-09-22T23:31:56.912+0000] {dag.py:4156} INFO - Setting next_dagrun for latest_only_with_trigger to 2024-09-22 16:00:00+00:00, run_after=2024-09-22 20:00:00+00:00
[2024-09-22T23:31:56.938+0000] {processor.py:208} INFO - Processing /home/airflow/.local/lib/python3.12/site-packages/airflow/example_dags/example_latest_only_with_trigger.py took 0.115 seconds
[2024-09-22T23:32:27.457+0000] {processor.py:186} INFO - Started process (PID=842) to work on /home/airflow/.local/lib/python3.12/site-packages/airflow/example_dags/example_latest_only_with_trigger.py
[2024-09-22T23:32:27.459+0000] {processor.py:914} INFO - Processing file /home/airflow/.local/lib/python3.12/site-packages/airflow/example_dags/example_latest_only_with_trigger.py for tasks to queue
[2024-09-22T23:32:27.462+0000] {logging_mixin.py:190} INFO - [2024-09-22T23:32:27.462+0000] {dagbag.py:587} INFO - Filling up the DagBag from /home/airflow/.local/lib/python3.12/site-packages/airflow/example_dags/example_latest_only_with_trigger.py
[2024-09-22T23:32:27.478+0000] {processor.py:925} INFO - DAG(s) 'latest_only_with_trigger' retrieved from /home/airflow/.local/lib/python3.12/site-packages/airflow/example_dags/example_latest_only_with_trigger.py
[2024-09-22T23:32:27.509+0000] {logging_mixin.py:190} INFO - [2024-09-22T23:32:27.509+0000] {dag.py:3229} INFO - Sync 1 DAGs
[2024-09-22T23:32:27.541+0000] {logging_mixin.py:190} INFO - [2024-09-22T23:32:27.541+0000] {dag.py:4156} INFO - Setting next_dagrun for latest_only_with_trigger to 2024-09-22 16:00:00+00:00, run_after=2024-09-22 20:00:00+00:00
[2024-09-22T23:32:27.567+0000] {processor.py:208} INFO - Processing /home/airflow/.local/lib/python3.12/site-packages/airflow/example_dags/example_latest_only_with_trigger.py took 0.119 seconds
[2024-09-22T23:32:58.316+0000] {processor.py:186} INFO - Started process (PID=905) to work on /home/airflow/.local/lib/python3.12/site-packages/airflow/example_dags/example_latest_only_with_trigger.py
[2024-09-22T23:32:58.318+0000] {processor.py:914} INFO - Processing file /home/airflow/.local/lib/python3.12/site-packages/airflow/example_dags/example_latest_only_with_trigger.py for tasks to queue
[2024-09-22T23:32:58.322+0000] {logging_mixin.py:190} INFO - [2024-09-22T23:32:58.321+0000] {dagbag.py:587} INFO - Filling up the DagBag from /home/airflow/.local/lib/python3.12/site-packages/airflow/example_dags/example_latest_only_with_trigger.py
[2024-09-22T23:32:58.338+0000] {processor.py:925} INFO - DAG(s) 'latest_only_with_trigger' retrieved from /home/airflow/.local/lib/python3.12/site-packages/airflow/example_dags/example_latest_only_with_trigger.py
[2024-09-22T23:32:58.365+0000] {logging_mixin.py:190} INFO - [2024-09-22T23:32:58.365+0000] {dag.py:3229} INFO - Sync 1 DAGs
[2024-09-22T23:32:58.397+0000] {logging_mixin.py:190} INFO - [2024-09-22T23:32:58.396+0000] {dag.py:4156} INFO - Setting next_dagrun for latest_only_with_trigger to 2024-09-22 16:00:00+00:00, run_after=2024-09-22 20:00:00+00:00
[2024-09-22T23:32:58.422+0000] {processor.py:208} INFO - Processing /home/airflow/.local/lib/python3.12/site-packages/airflow/example_dags/example_latest_only_with_trigger.py took 0.115 seconds
[2024-09-22T23:33:28.579+0000] {processor.py:186} INFO - Started process (PID=968) to work on /home/airflow/.local/lib/python3.12/site-packages/airflow/example_dags/example_latest_only_with_trigger.py
[2024-09-22T23:33:28.582+0000] {processor.py:914} INFO - Processing file /home/airflow/.local/lib/python3.12/site-packages/airflow/example_dags/example_latest_only_with_trigger.py for tasks to queue
[2024-09-22T23:33:28.585+0000] {logging_mixin.py:190} INFO - [2024-09-22T23:33:28.585+0000] {dagbag.py:587} INFO - Filling up the DagBag from /home/airflow/.local/lib/python3.12/site-packages/airflow/example_dags/example_latest_only_with_trigger.py
[2024-09-22T23:33:28.606+0000] {processor.py:925} INFO - DAG(s) 'latest_only_with_trigger' retrieved from /home/airflow/.local/lib/python3.12/site-packages/airflow/example_dags/example_latest_only_with_trigger.py
[2024-09-22T23:33:28.642+0000] {logging_mixin.py:190} INFO - [2024-09-22T23:33:28.641+0000] {dag.py:3229} INFO - Sync 1 DAGs
[2024-09-22T23:33:28.684+0000] {logging_mixin.py:190} INFO - [2024-09-22T23:33:28.683+0000] {dag.py:4156} INFO - Setting next_dagrun for latest_only_with_trigger to 2024-09-22 16:00:00+00:00, run_after=2024-09-22 20:00:00+00:00
[2024-09-22T23:33:28.721+0000] {processor.py:208} INFO - Processing /home/airflow/.local/lib/python3.12/site-packages/airflow/example_dags/example_latest_only_with_trigger.py took 0.152 seconds
[2024-09-22T23:33:58.922+0000] {processor.py:186} INFO - Started process (PID=1031) to work on /home/airflow/.local/lib/python3.12/site-packages/airflow/example_dags/example_latest_only_with_trigger.py
[2024-09-22T23:33:58.924+0000] {processor.py:914} INFO - Processing file /home/airflow/.local/lib/python3.12/site-packages/airflow/example_dags/example_latest_only_with_trigger.py for tasks to queue
[2024-09-22T23:33:58.927+0000] {logging_mixin.py:190} INFO - [2024-09-22T23:33:58.926+0000] {dagbag.py:587} INFO - Filling up the DagBag from /home/airflow/.local/lib/python3.12/site-packages/airflow/example_dags/example_latest_only_with_trigger.py
[2024-09-22T23:33:58.943+0000] {processor.py:925} INFO - DAG(s) 'latest_only_with_trigger' retrieved from /home/airflow/.local/lib/python3.12/site-packages/airflow/example_dags/example_latest_only_with_trigger.py
[2024-09-22T23:33:58.972+0000] {logging_mixin.py:190} INFO - [2024-09-22T23:33:58.972+0000] {dag.py:3229} INFO - Sync 1 DAGs
[2024-09-22T23:33:59.008+0000] {logging_mixin.py:190} INFO - [2024-09-22T23:33:59.008+0000] {dag.py:4156} INFO - Setting next_dagrun for latest_only_with_trigger to 2024-09-22 16:00:00+00:00, run_after=2024-09-22 20:00:00+00:00
[2024-09-22T23:33:59.033+0000] {processor.py:208} INFO - Processing /home/airflow/.local/lib/python3.12/site-packages/airflow/example_dags/example_latest_only_with_trigger.py took 0.120 seconds
[2024-09-22T23:34:29.163+0000] {processor.py:186} INFO - Started process (PID=1094) to work on /home/airflow/.local/lib/python3.12/site-packages/airflow/example_dags/example_latest_only_with_trigger.py
[2024-09-22T23:34:29.166+0000] {processor.py:914} INFO - Processing file /home/airflow/.local/lib/python3.12/site-packages/airflow/example_dags/example_latest_only_with_trigger.py for tasks to queue
[2024-09-22T23:34:29.170+0000] {logging_mixin.py:190} INFO - [2024-09-22T23:34:29.170+0000] {dagbag.py:587} INFO - Filling up the DagBag from /home/airflow/.local/lib/python3.12/site-packages/airflow/example_dags/example_latest_only_with_trigger.py
[2024-09-22T23:34:29.189+0000] {processor.py:925} INFO - DAG(s) 'latest_only_with_trigger' retrieved from /home/airflow/.local/lib/python3.12/site-packages/airflow/example_dags/example_latest_only_with_trigger.py
[2024-09-22T23:34:29.216+0000] {logging_mixin.py:190} INFO - [2024-09-22T23:34:29.216+0000] {dag.py:3229} INFO - Sync 1 DAGs
[2024-09-22T23:34:29.248+0000] {logging_mixin.py:190} INFO - [2024-09-22T23:34:29.247+0000] {dag.py:4156} INFO - Setting next_dagrun for latest_only_with_trigger to 2024-09-22 16:00:00+00:00, run_after=2024-09-22 20:00:00+00:00
[2024-09-22T23:34:29.279+0000] {processor.py:208} INFO - Processing /home/airflow/.local/lib/python3.12/site-packages/airflow/example_dags/example_latest_only_with_trigger.py took 0.127 seconds
[2024-09-22T23:34:59.398+0000] {processor.py:186} INFO - Started process (PID=1157) to work on /home/airflow/.local/lib/python3.12/site-packages/airflow/example_dags/example_latest_only_with_trigger.py
[2024-09-22T23:34:59.400+0000] {processor.py:914} INFO - Processing file /home/airflow/.local/lib/python3.12/site-packages/airflow/example_dags/example_latest_only_with_trigger.py for tasks to queue
[2024-09-22T23:34:59.403+0000] {logging_mixin.py:190} INFO - [2024-09-22T23:34:59.403+0000] {dagbag.py:587} INFO - Filling up the DagBag from /home/airflow/.local/lib/python3.12/site-packages/airflow/example_dags/example_latest_only_with_trigger.py
[2024-09-22T23:34:59.419+0000] {processor.py:925} INFO - DAG(s) 'latest_only_with_trigger' retrieved from /home/airflow/.local/lib/python3.12/site-packages/airflow/example_dags/example_latest_only_with_trigger.py
[2024-09-22T23:34:59.448+0000] {logging_mixin.py:190} INFO - [2024-09-22T23:34:59.447+0000] {dag.py:3229} INFO - Sync 1 DAGs
[2024-09-22T23:34:59.479+0000] {logging_mixin.py:190} INFO - [2024-09-22T23:34:59.479+0000] {dag.py:4156} INFO - Setting next_dagrun for latest_only_with_trigger to 2024-09-22 16:00:00+00:00, run_after=2024-09-22 20:00:00+00:00
[2024-09-22T23:34:59.504+0000] {processor.py:208} INFO - Processing /home/airflow/.local/lib/python3.12/site-packages/airflow/example_dags/example_latest_only_with_trigger.py took 0.115 seconds
[2024-09-22T23:35:29.690+0000] {processor.py:186} INFO - Started process (PID=1220) to work on /home/airflow/.local/lib/python3.12/site-packages/airflow/example_dags/example_latest_only_with_trigger.py
[2024-09-22T23:35:29.692+0000] {processor.py:914} INFO - Processing file /home/airflow/.local/lib/python3.12/site-packages/airflow/example_dags/example_latest_only_with_trigger.py for tasks to queue
[2024-09-22T23:35:29.696+0000] {logging_mixin.py:190} INFO - [2024-09-22T23:35:29.696+0000] {dagbag.py:587} INFO - Filling up the DagBag from /home/airflow/.local/lib/python3.12/site-packages/airflow/example_dags/example_latest_only_with_trigger.py
[2024-09-22T23:35:29.714+0000] {processor.py:925} INFO - DAG(s) 'latest_only_with_trigger' retrieved from /home/airflow/.local/lib/python3.12/site-packages/airflow/example_dags/example_latest_only_with_trigger.py
[2024-09-22T23:35:29.744+0000] {logging_mixin.py:190} INFO - [2024-09-22T23:35:29.744+0000] {dag.py:3229} INFO - Sync 1 DAGs
[2024-09-22T23:35:29.777+0000] {logging_mixin.py:190} INFO - [2024-09-22T23:35:29.776+0000] {dag.py:4156} INFO - Setting next_dagrun for latest_only_with_trigger to 2024-09-22 16:00:00+00:00, run_after=2024-09-22 20:00:00+00:00
[2024-09-22T23:35:29.804+0000] {processor.py:208} INFO - Processing /home/airflow/.local/lib/python3.12/site-packages/airflow/example_dags/example_latest_only_with_trigger.py took 0.126 seconds
[2024-09-22T23:36:00.002+0000] {processor.py:186} INFO - Started process (PID=1283) to work on /home/airflow/.local/lib/python3.12/site-packages/airflow/example_dags/example_latest_only_with_trigger.py
[2024-09-22T23:36:00.003+0000] {processor.py:914} INFO - Processing file /home/airflow/.local/lib/python3.12/site-packages/airflow/example_dags/example_latest_only_with_trigger.py for tasks to queue
[2024-09-22T23:36:00.006+0000] {logging_mixin.py:190} INFO - [2024-09-22T23:36:00.006+0000] {dagbag.py:587} INFO - Filling up the DagBag from /home/airflow/.local/lib/python3.12/site-packages/airflow/example_dags/example_latest_only_with_trigger.py
[2024-09-22T23:36:00.024+0000] {processor.py:925} INFO - DAG(s) 'latest_only_with_trigger' retrieved from /home/airflow/.local/lib/python3.12/site-packages/airflow/example_dags/example_latest_only_with_trigger.py
[2024-09-22T23:36:00.054+0000] {logging_mixin.py:190} INFO - [2024-09-22T23:36:00.053+0000] {dag.py:3229} INFO - Sync 1 DAGs
[2024-09-22T23:36:00.085+0000] {logging_mixin.py:190} INFO - [2024-09-22T23:36:00.085+0000] {dag.py:4156} INFO - Setting next_dagrun for latest_only_with_trigger to 2024-09-22 16:00:00+00:00, run_after=2024-09-22 20:00:00+00:00
[2024-09-22T23:36:00.110+0000] {processor.py:208} INFO - Processing /home/airflow/.local/lib/python3.12/site-packages/airflow/example_dags/example_latest_only_with_trigger.py took 0.118 seconds
[2024-09-22T23:36:31.023+0000] {processor.py:186} INFO - Started process (PID=1346) to work on /home/airflow/.local/lib/python3.12/site-packages/airflow/example_dags/example_latest_only_with_trigger.py
[2024-09-22T23:36:31.025+0000] {processor.py:914} INFO - Processing file /home/airflow/.local/lib/python3.12/site-packages/airflow/example_dags/example_latest_only_with_trigger.py for tasks to queue
[2024-09-22T23:36:31.029+0000] {logging_mixin.py:190} INFO - [2024-09-22T23:36:31.028+0000] {dagbag.py:587} INFO - Filling up the DagBag from /home/airflow/.local/lib/python3.12/site-packages/airflow/example_dags/example_latest_only_with_trigger.py
[2024-09-22T23:36:31.044+0000] {processor.py:925} INFO - DAG(s) 'latest_only_with_trigger' retrieved from /home/airflow/.local/lib/python3.12/site-packages/airflow/example_dags/example_latest_only_with_trigger.py
[2024-09-22T23:36:31.074+0000] {logging_mixin.py:190} INFO - [2024-09-22T23:36:31.073+0000] {dag.py:3229} INFO - Sync 1 DAGs
[2024-09-22T23:36:31.105+0000] {logging_mixin.py:190} INFO - [2024-09-22T23:36:31.105+0000] {dag.py:4156} INFO - Setting next_dagrun for latest_only_with_trigger to 2024-09-22 16:00:00+00:00, run_after=2024-09-22 20:00:00+00:00
[2024-09-22T23:36:31.129+0000] {processor.py:208} INFO - Processing /home/airflow/.local/lib/python3.12/site-packages/airflow/example_dags/example_latest_only_with_trigger.py took 0.115 seconds
[2024-09-22T23:37:01.538+0000] {processor.py:186} INFO - Started process (PID=1409) to work on /home/airflow/.local/lib/python3.12/site-packages/airflow/example_dags/example_latest_only_with_trigger.py
[2024-09-22T23:37:01.539+0000] {processor.py:914} INFO - Processing file /home/airflow/.local/lib/python3.12/site-packages/airflow/example_dags/example_latest_only_with_trigger.py for tasks to queue
[2024-09-22T23:37:01.542+0000] {logging_mixin.py:190} INFO - [2024-09-22T23:37:01.541+0000] {dagbag.py:587} INFO - Filling up the DagBag from /home/airflow/.local/lib/python3.12/site-packages/airflow/example_dags/example_latest_only_with_trigger.py
[2024-09-22T23:37:01.557+0000] {processor.py:925} INFO - DAG(s) 'latest_only_with_trigger' retrieved from /home/airflow/.local/lib/python3.12/site-packages/airflow/example_dags/example_latest_only_with_trigger.py
[2024-09-22T23:37:01.585+0000] {logging_mixin.py:190} INFO - [2024-09-22T23:37:01.584+0000] {dag.py:3229} INFO - Sync 1 DAGs
[2024-09-22T23:37:01.616+0000] {logging_mixin.py:190} INFO - [2024-09-22T23:37:01.616+0000] {dag.py:4156} INFO - Setting next_dagrun for latest_only_with_trigger to 2024-09-22 16:00:00+00:00, run_after=2024-09-22 20:00:00+00:00
[2024-09-22T23:37:01.641+0000] {processor.py:208} INFO - Processing /home/airflow/.local/lib/python3.12/site-packages/airflow/example_dags/example_latest_only_with_trigger.py took 0.112 seconds
[2024-09-22T23:37:31.853+0000] {processor.py:186} INFO - Started process (PID=1472) to work on /home/airflow/.local/lib/python3.12/site-packages/airflow/example_dags/example_latest_only_with_trigger.py
[2024-09-22T23:37:31.855+0000] {processor.py:914} INFO - Processing file /home/airflow/.local/lib/python3.12/site-packages/airflow/example_dags/example_latest_only_with_trigger.py for tasks to queue
[2024-09-22T23:37:31.860+0000] {logging_mixin.py:190} INFO - [2024-09-22T23:37:31.859+0000] {dagbag.py:587} INFO - Filling up the DagBag from /home/airflow/.local/lib/python3.12/site-packages/airflow/example_dags/example_latest_only_with_trigger.py
[2024-09-22T23:37:31.885+0000] {processor.py:925} INFO - DAG(s) 'latest_only_with_trigger' retrieved from /home/airflow/.local/lib/python3.12/site-packages/airflow/example_dags/example_latest_only_with_trigger.py
[2024-09-22T23:37:31.930+0000] {logging_mixin.py:190} INFO - [2024-09-22T23:37:31.930+0000] {dag.py:3229} INFO - Sync 1 DAGs
[2024-09-22T23:37:32.007+0000] {logging_mixin.py:190} INFO - [2024-09-22T23:37:32.007+0000] {dag.py:4156} INFO - Setting next_dagrun for latest_only_with_trigger to 2024-09-22 16:00:00+00:00, run_after=2024-09-22 20:00:00+00:00
[2024-09-22T23:37:32.042+0000] {processor.py:208} INFO - Processing /home/airflow/.local/lib/python3.12/site-packages/airflow/example_dags/example_latest_only_with_trigger.py took 0.199 seconds
[2024-09-22T23:38:02.169+0000] {processor.py:186} INFO - Started process (PID=1541) to work on /home/airflow/.local/lib/python3.12/site-packages/airflow/example_dags/example_latest_only_with_trigger.py
[2024-09-22T23:38:02.170+0000] {processor.py:914} INFO - Processing file /home/airflow/.local/lib/python3.12/site-packages/airflow/example_dags/example_latest_only_with_trigger.py for tasks to queue
[2024-09-22T23:38:02.174+0000] {logging_mixin.py:190} INFO - [2024-09-22T23:38:02.174+0000] {dagbag.py:587} INFO - Filling up the DagBag from /home/airflow/.local/lib/python3.12/site-packages/airflow/example_dags/example_latest_only_with_trigger.py
[2024-09-22T23:38:02.193+0000] {processor.py:925} INFO - DAG(s) 'latest_only_with_trigger' retrieved from /home/airflow/.local/lib/python3.12/site-packages/airflow/example_dags/example_latest_only_with_trigger.py
[2024-09-22T23:38:02.226+0000] {logging_mixin.py:190} INFO - [2024-09-22T23:38:02.225+0000] {dag.py:3229} INFO - Sync 1 DAGs
[2024-09-22T23:38:02.261+0000] {logging_mixin.py:190} INFO - [2024-09-22T23:38:02.260+0000] {dag.py:4156} INFO - Setting next_dagrun for latest_only_with_trigger to 2024-09-22 16:00:00+00:00, run_after=2024-09-22 20:00:00+00:00
[2024-09-22T23:38:02.291+0000] {processor.py:208} INFO - Processing /home/airflow/.local/lib/python3.12/site-packages/airflow/example_dags/example_latest_only_with_trigger.py took 0.132 seconds
[2024-09-22T23:38:32.806+0000] {processor.py:186} INFO - Started process (PID=1604) to work on /home/airflow/.local/lib/python3.12/site-packages/airflow/example_dags/example_latest_only_with_trigger.py
[2024-09-22T23:38:32.808+0000] {processor.py:914} INFO - Processing file /home/airflow/.local/lib/python3.12/site-packages/airflow/example_dags/example_latest_only_with_trigger.py for tasks to queue
[2024-09-22T23:38:32.811+0000] {logging_mixin.py:190} INFO - [2024-09-22T23:38:32.811+0000] {dagbag.py:587} INFO - Filling up the DagBag from /home/airflow/.local/lib/python3.12/site-packages/airflow/example_dags/example_latest_only_with_trigger.py
[2024-09-22T23:38:32.827+0000] {processor.py:925} INFO - DAG(s) 'latest_only_with_trigger' retrieved from /home/airflow/.local/lib/python3.12/site-packages/airflow/example_dags/example_latest_only_with_trigger.py
[2024-09-22T23:38:32.856+0000] {logging_mixin.py:190} INFO - [2024-09-22T23:38:32.855+0000] {dag.py:3229} INFO - Sync 1 DAGs
[2024-09-22T23:38:32.888+0000] {logging_mixin.py:190} INFO - [2024-09-22T23:38:32.887+0000] {dag.py:4156} INFO - Setting next_dagrun for latest_only_with_trigger to 2024-09-22 16:00:00+00:00, run_after=2024-09-22 20:00:00+00:00
[2024-09-22T23:38:32.912+0000] {processor.py:208} INFO - Processing /home/airflow/.local/lib/python3.12/site-packages/airflow/example_dags/example_latest_only_with_trigger.py took 0.116 seconds
[2024-09-22T23:39:03.736+0000] {processor.py:186} INFO - Started process (PID=1667) to work on /home/airflow/.local/lib/python3.12/site-packages/airflow/example_dags/example_latest_only_with_trigger.py
[2024-09-22T23:39:03.737+0000] {processor.py:914} INFO - Processing file /home/airflow/.local/lib/python3.12/site-packages/airflow/example_dags/example_latest_only_with_trigger.py for tasks to queue
[2024-09-22T23:39:03.742+0000] {logging_mixin.py:190} INFO - [2024-09-22T23:39:03.741+0000] {dagbag.py:587} INFO - Filling up the DagBag from /home/airflow/.local/lib/python3.12/site-packages/airflow/example_dags/example_latest_only_with_trigger.py
[2024-09-22T23:39:03.764+0000] {processor.py:925} INFO - DAG(s) 'latest_only_with_trigger' retrieved from /home/airflow/.local/lib/python3.12/site-packages/airflow/example_dags/example_latest_only_with_trigger.py
[2024-09-22T23:39:03.792+0000] {logging_mixin.py:190} INFO - [2024-09-22T23:39:03.792+0000] {dag.py:3229} INFO - Sync 1 DAGs
[2024-09-22T23:39:03.827+0000] {logging_mixin.py:190} INFO - [2024-09-22T23:39:03.826+0000] {dag.py:4156} INFO - Setting next_dagrun for latest_only_with_trigger to 2024-09-22 16:00:00+00:00, run_after=2024-09-22 20:00:00+00:00
[2024-09-22T23:39:04.126+0000] {processor.py:208} INFO - Processing /home/airflow/.local/lib/python3.12/site-packages/airflow/example_dags/example_latest_only_with_trigger.py took 0.401 seconds
[2024-09-22T23:39:34.783+0000] {processor.py:186} INFO - Started process (PID=1730) to work on /home/airflow/.local/lib/python3.12/site-packages/airflow/example_dags/example_latest_only_with_trigger.py
[2024-09-22T23:39:34.785+0000] {processor.py:914} INFO - Processing file /home/airflow/.local/lib/python3.12/site-packages/airflow/example_dags/example_latest_only_with_trigger.py for tasks to queue
[2024-09-22T23:39:34.790+0000] {logging_mixin.py:190} INFO - [2024-09-22T23:39:34.789+0000] {dagbag.py:587} INFO - Filling up the DagBag from /home/airflow/.local/lib/python3.12/site-packages/airflow/example_dags/example_latest_only_with_trigger.py
[2024-09-22T23:39:34.812+0000] {processor.py:925} INFO - DAG(s) 'latest_only_with_trigger' retrieved from /home/airflow/.local/lib/python3.12/site-packages/airflow/example_dags/example_latest_only_with_trigger.py
[2024-09-22T23:39:34.851+0000] {logging_mixin.py:190} INFO - [2024-09-22T23:39:34.851+0000] {dag.py:3229} INFO - Sync 1 DAGs
[2024-09-22T23:39:34.902+0000] {logging_mixin.py:190} INFO - [2024-09-22T23:39:34.901+0000] {dag.py:4156} INFO - Setting next_dagrun for latest_only_with_trigger to 2024-09-22 16:00:00+00:00, run_after=2024-09-22 20:00:00+00:00
[2024-09-22T23:39:34.934+0000] {processor.py:208} INFO - Processing /home/airflow/.local/lib/python3.12/site-packages/airflow/example_dags/example_latest_only_with_trigger.py took 0.160 seconds
[2024-09-22T23:40:05.302+0000] {processor.py:186} INFO - Started process (PID=1793) to work on /home/airflow/.local/lib/python3.12/site-packages/airflow/example_dags/example_latest_only_with_trigger.py
[2024-09-22T23:40:05.304+0000] {processor.py:914} INFO - Processing file /home/airflow/.local/lib/python3.12/site-packages/airflow/example_dags/example_latest_only_with_trigger.py for tasks to queue
[2024-09-22T23:40:05.307+0000] {logging_mixin.py:190} INFO - [2024-09-22T23:40:05.306+0000] {dagbag.py:587} INFO - Filling up the DagBag from /home/airflow/.local/lib/python3.12/site-packages/airflow/example_dags/example_latest_only_with_trigger.py
[2024-09-22T23:40:05.323+0000] {processor.py:925} INFO - DAG(s) 'latest_only_with_trigger' retrieved from /home/airflow/.local/lib/python3.12/site-packages/airflow/example_dags/example_latest_only_with_trigger.py
[2024-09-22T23:40:05.351+0000] {logging_mixin.py:190} INFO - [2024-09-22T23:40:05.351+0000] {dag.py:3229} INFO - Sync 1 DAGs
[2024-09-22T23:40:05.381+0000] {logging_mixin.py:190} INFO - [2024-09-22T23:40:05.381+0000] {dag.py:4156} INFO - Setting next_dagrun for latest_only_with_trigger to 2024-09-22 16:00:00+00:00, run_after=2024-09-22 20:00:00+00:00
[2024-09-22T23:40:05.404+0000] {processor.py:208} INFO - Processing /home/airflow/.local/lib/python3.12/site-packages/airflow/example_dags/example_latest_only_with_trigger.py took 0.110 seconds
[2024-09-22T23:40:35.507+0000] {processor.py:186} INFO - Started process (PID=1856) to work on /home/airflow/.local/lib/python3.12/site-packages/airflow/example_dags/example_latest_only_with_trigger.py
[2024-09-22T23:40:35.509+0000] {processor.py:914} INFO - Processing file /home/airflow/.local/lib/python3.12/site-packages/airflow/example_dags/example_latest_only_with_trigger.py for tasks to queue
[2024-09-22T23:40:35.513+0000] {logging_mixin.py:190} INFO - [2024-09-22T23:40:35.512+0000] {dagbag.py:587} INFO - Filling up the DagBag from /home/airflow/.local/lib/python3.12/site-packages/airflow/example_dags/example_latest_only_with_trigger.py
[2024-09-22T23:40:35.529+0000] {processor.py:925} INFO - DAG(s) 'latest_only_with_trigger' retrieved from /home/airflow/.local/lib/python3.12/site-packages/airflow/example_dags/example_latest_only_with_trigger.py
[2024-09-22T23:40:35.556+0000] {logging_mixin.py:190} INFO - [2024-09-22T23:40:35.556+0000] {dag.py:3229} INFO - Sync 1 DAGs
[2024-09-22T23:40:35.586+0000] {logging_mixin.py:190} INFO - [2024-09-22T23:40:35.586+0000] {dag.py:4156} INFO - Setting next_dagrun for latest_only_with_trigger to 2024-09-22 16:00:00+00:00, run_after=2024-09-22 20:00:00+00:00
[2024-09-22T23:40:35.608+0000] {processor.py:208} INFO - Processing /home/airflow/.local/lib/python3.12/site-packages/airflow/example_dags/example_latest_only_with_trigger.py took 0.109 seconds
[2024-09-22T23:41:06.291+0000] {processor.py:186} INFO - Started process (PID=1919) to work on /home/airflow/.local/lib/python3.12/site-packages/airflow/example_dags/example_latest_only_with_trigger.py
[2024-09-22T23:41:06.292+0000] {processor.py:914} INFO - Processing file /home/airflow/.local/lib/python3.12/site-packages/airflow/example_dags/example_latest_only_with_trigger.py for tasks to queue
[2024-09-22T23:41:06.296+0000] {logging_mixin.py:190} INFO - [2024-09-22T23:41:06.295+0000] {dagbag.py:587} INFO - Filling up the DagBag from /home/airflow/.local/lib/python3.12/site-packages/airflow/example_dags/example_latest_only_with_trigger.py
[2024-09-22T23:41:06.314+0000] {processor.py:925} INFO - DAG(s) 'latest_only_with_trigger' retrieved from /home/airflow/.local/lib/python3.12/site-packages/airflow/example_dags/example_latest_only_with_trigger.py
[2024-09-22T23:41:06.346+0000] {logging_mixin.py:190} INFO - [2024-09-22T23:41:06.345+0000] {dag.py:3229} INFO - Sync 1 DAGs
[2024-09-22T23:41:06.656+0000] {logging_mixin.py:190} INFO - [2024-09-22T23:41:06.656+0000] {dag.py:4156} INFO - Setting next_dagrun for latest_only_with_trigger to 2024-09-22 16:00:00+00:00, run_after=2024-09-22 20:00:00+00:00
[2024-09-22T23:41:06.680+0000] {processor.py:208} INFO - Processing /home/airflow/.local/lib/python3.12/site-packages/airflow/example_dags/example_latest_only_with_trigger.py took 0.398 seconds
[2024-09-22T23:41:37.391+0000] {processor.py:186} INFO - Started process (PID=1982) to work on /home/airflow/.local/lib/python3.12/site-packages/airflow/example_dags/example_latest_only_with_trigger.py
[2024-09-22T23:41:37.393+0000] {processor.py:914} INFO - Processing file /home/airflow/.local/lib/python3.12/site-packages/airflow/example_dags/example_latest_only_with_trigger.py for tasks to queue
[2024-09-22T23:41:37.397+0000] {logging_mixin.py:190} INFO - [2024-09-22T23:41:37.397+0000] {dagbag.py:587} INFO - Filling up the DagBag from /home/airflow/.local/lib/python3.12/site-packages/airflow/example_dags/example_latest_only_with_trigger.py
[2024-09-22T23:41:37.413+0000] {processor.py:925} INFO - DAG(s) 'latest_only_with_trigger' retrieved from /home/airflow/.local/lib/python3.12/site-packages/airflow/example_dags/example_latest_only_with_trigger.py
[2024-09-22T23:41:37.451+0000] {logging_mixin.py:190} INFO - [2024-09-22T23:41:37.450+0000] {dag.py:3229} INFO - Sync 1 DAGs
[2024-09-22T23:41:37.496+0000] {logging_mixin.py:190} INFO - [2024-09-22T23:41:37.496+0000] {dag.py:4156} INFO - Setting next_dagrun for latest_only_with_trigger to 2024-09-22 16:00:00+00:00, run_after=2024-09-22 20:00:00+00:00
[2024-09-22T23:41:37.528+0000] {processor.py:208} INFO - Processing /home/airflow/.local/lib/python3.12/site-packages/airflow/example_dags/example_latest_only_with_trigger.py took 0.146 seconds
[2024-09-22T23:42:08.524+0000] {processor.py:186} INFO - Started process (PID=2045) to work on /home/airflow/.local/lib/python3.12/site-packages/airflow/example_dags/example_latest_only_with_trigger.py
[2024-09-22T23:42:08.525+0000] {processor.py:914} INFO - Processing file /home/airflow/.local/lib/python3.12/site-packages/airflow/example_dags/example_latest_only_with_trigger.py for tasks to queue
[2024-09-22T23:42:08.528+0000] {logging_mixin.py:190} INFO - [2024-09-22T23:42:08.528+0000] {dagbag.py:587} INFO - Filling up the DagBag from /home/airflow/.local/lib/python3.12/site-packages/airflow/example_dags/example_latest_only_with_trigger.py
[2024-09-22T23:42:08.544+0000] {processor.py:925} INFO - DAG(s) 'latest_only_with_trigger' retrieved from /home/airflow/.local/lib/python3.12/site-packages/airflow/example_dags/example_latest_only_with_trigger.py
[2024-09-22T23:42:08.573+0000] {logging_mixin.py:190} INFO - [2024-09-22T23:42:08.572+0000] {dag.py:3229} INFO - Sync 1 DAGs
[2024-09-22T23:42:08.604+0000] {logging_mixin.py:190} INFO - [2024-09-22T23:42:08.604+0000] {dag.py:4156} INFO - Setting next_dagrun for latest_only_with_trigger to 2024-09-22 16:00:00+00:00, run_after=2024-09-22 20:00:00+00:00
[2024-09-22T23:42:08.631+0000] {processor.py:208} INFO - Processing /home/airflow/.local/lib/python3.12/site-packages/airflow/example_dags/example_latest_only_with_trigger.py took 0.116 seconds
[2024-09-22T23:42:38.936+0000] {processor.py:186} INFO - Started process (PID=2108) to work on /home/airflow/.local/lib/python3.12/site-packages/airflow/example_dags/example_latest_only_with_trigger.py
[2024-09-22T23:42:38.938+0000] {processor.py:914} INFO - Processing file /home/airflow/.local/lib/python3.12/site-packages/airflow/example_dags/example_latest_only_with_trigger.py for tasks to queue
[2024-09-22T23:42:38.943+0000] {logging_mixin.py:190} INFO - [2024-09-22T23:42:38.942+0000] {dagbag.py:587} INFO - Filling up the DagBag from /home/airflow/.local/lib/python3.12/site-packages/airflow/example_dags/example_latest_only_with_trigger.py
[2024-09-22T23:42:38.964+0000] {processor.py:925} INFO - DAG(s) 'latest_only_with_trigger' retrieved from /home/airflow/.local/lib/python3.12/site-packages/airflow/example_dags/example_latest_only_with_trigger.py
[2024-09-22T23:42:38.992+0000] {logging_mixin.py:190} INFO - [2024-09-22T23:42:38.992+0000] {dag.py:3229} INFO - Sync 1 DAGs
[2024-09-22T23:42:39.023+0000] {logging_mixin.py:190} INFO - [2024-09-22T23:42:39.023+0000] {dag.py:4156} INFO - Setting next_dagrun for latest_only_with_trigger to 2024-09-22 16:00:00+00:00, run_after=2024-09-22 20:00:00+00:00
[2024-09-22T23:42:39.047+0000] {processor.py:208} INFO - Processing /home/airflow/.local/lib/python3.12/site-packages/airflow/example_dags/example_latest_only_with_trigger.py took 0.120 seconds
[2024-09-22T23:43:10.320+0000] {processor.py:186} INFO - Started process (PID=2170) to work on /home/airflow/.local/lib/python3.12/site-packages/airflow/example_dags/example_latest_only_with_trigger.py
[2024-09-22T23:43:10.325+0000] {processor.py:914} INFO - Processing file /home/airflow/.local/lib/python3.12/site-packages/airflow/example_dags/example_latest_only_with_trigger.py for tasks to queue
[2024-09-22T23:43:10.334+0000] {logging_mixin.py:190} INFO - [2024-09-22T23:43:10.333+0000] {dagbag.py:587} INFO - Filling up the DagBag from /home/airflow/.local/lib/python3.12/site-packages/airflow/example_dags/example_latest_only_with_trigger.py
[2024-09-22T23:43:10.368+0000] {processor.py:925} INFO - DAG(s) 'latest_only_with_trigger' retrieved from /home/airflow/.local/lib/python3.12/site-packages/airflow/example_dags/example_latest_only_with_trigger.py
[2024-09-22T23:43:10.445+0000] {logging_mixin.py:190} INFO - [2024-09-22T23:43:10.444+0000] {dag.py:3229} INFO - Sync 1 DAGs
[2024-09-22T23:43:10.533+0000] {logging_mixin.py:190} INFO - [2024-09-22T23:43:10.533+0000] {dag.py:4156} INFO - Setting next_dagrun for latest_only_with_trigger to 2024-09-22 16:00:00+00:00, run_after=2024-09-22 20:00:00+00:00
[2024-09-22T23:43:10.579+0000] {processor.py:208} INFO - Processing /home/airflow/.local/lib/python3.12/site-packages/airflow/example_dags/example_latest_only_with_trigger.py took 0.280 seconds
[2024-09-22T23:43:41.467+0000] {processor.py:186} INFO - Started process (PID=2233) to work on /home/airflow/.local/lib/python3.12/site-packages/airflow/example_dags/example_latest_only_with_trigger.py
[2024-09-22T23:43:41.469+0000] {processor.py:914} INFO - Processing file /home/airflow/.local/lib/python3.12/site-packages/airflow/example_dags/example_latest_only_with_trigger.py for tasks to queue
[2024-09-22T23:43:41.473+0000] {logging_mixin.py:190} INFO - [2024-09-22T23:43:41.473+0000] {dagbag.py:587} INFO - Filling up the DagBag from /home/airflow/.local/lib/python3.12/site-packages/airflow/example_dags/example_latest_only_with_trigger.py
[2024-09-22T23:43:41.489+0000] {processor.py:925} INFO - DAG(s) 'latest_only_with_trigger' retrieved from /home/airflow/.local/lib/python3.12/site-packages/airflow/example_dags/example_latest_only_with_trigger.py
[2024-09-22T23:43:41.527+0000] {logging_mixin.py:190} INFO - [2024-09-22T23:43:41.526+0000] {dag.py:3229} INFO - Sync 1 DAGs
[2024-09-22T23:43:41.562+0000] {logging_mixin.py:190} INFO - [2024-09-22T23:43:41.562+0000] {dag.py:4156} INFO - Setting next_dagrun for latest_only_with_trigger to 2024-09-22 16:00:00+00:00, run_after=2024-09-22 20:00:00+00:00
[2024-09-22T23:43:41.588+0000] {processor.py:208} INFO - Processing /home/airflow/.local/lib/python3.12/site-packages/airflow/example_dags/example_latest_only_with_trigger.py took 0.130 seconds
[2024-09-22T23:44:11.822+0000] {processor.py:186} INFO - Started process (PID=2296) to work on /home/airflow/.local/lib/python3.12/site-packages/airflow/example_dags/example_latest_only_with_trigger.py
[2024-09-22T23:44:11.823+0000] {processor.py:914} INFO - Processing file /home/airflow/.local/lib/python3.12/site-packages/airflow/example_dags/example_latest_only_with_trigger.py for tasks to queue
[2024-09-22T23:44:11.827+0000] {logging_mixin.py:190} INFO - [2024-09-22T23:44:11.826+0000] {dagbag.py:587} INFO - Filling up the DagBag from /home/airflow/.local/lib/python3.12/site-packages/airflow/example_dags/example_latest_only_with_trigger.py
[2024-09-22T23:44:11.844+0000] {processor.py:925} INFO - DAG(s) 'latest_only_with_trigger' retrieved from /home/airflow/.local/lib/python3.12/site-packages/airflow/example_dags/example_latest_only_with_trigger.py
[2024-09-22T23:44:11.875+0000] {logging_mixin.py:190} INFO - [2024-09-22T23:44:11.874+0000] {dag.py:3229} INFO - Sync 1 DAGs
[2024-09-22T23:44:11.925+0000] {logging_mixin.py:190} INFO - [2024-09-22T23:44:11.924+0000] {dag.py:4156} INFO - Setting next_dagrun for latest_only_with_trigger to 2024-09-22 16:00:00+00:00, run_after=2024-09-22 20:00:00+00:00
[2024-09-22T23:44:11.959+0000] {processor.py:208} INFO - Processing /home/airflow/.local/lib/python3.12/site-packages/airflow/example_dags/example_latest_only_with_trigger.py took 0.152 seconds
[2024-09-22T23:46:55.908+0000] {processor.py:186} INFO - Started process (PID=98) to work on /home/airflow/.local/lib/python3.12/site-packages/airflow/example_dags/example_latest_only_with_trigger.py
[2024-09-22T23:46:55.910+0000] {processor.py:914} INFO - Processing file /home/airflow/.local/lib/python3.12/site-packages/airflow/example_dags/example_latest_only_with_trigger.py for tasks to queue
[2024-09-22T23:46:55.915+0000] {logging_mixin.py:190} INFO - [2024-09-22T23:46:55.914+0000] {dagbag.py:587} INFO - Filling up the DagBag from /home/airflow/.local/lib/python3.12/site-packages/airflow/example_dags/example_latest_only_with_trigger.py
[2024-09-22T23:46:55.938+0000] {processor.py:925} INFO - DAG(s) 'latest_only_with_trigger' retrieved from /home/airflow/.local/lib/python3.12/site-packages/airflow/example_dags/example_latest_only_with_trigger.py
[2024-09-22T23:46:55.987+0000] {logging_mixin.py:190} INFO - [2024-09-22T23:46:55.987+0000] {dag.py:3229} INFO - Sync 1 DAGs
[2024-09-22T23:46:56.036+0000] {logging_mixin.py:190} INFO - [2024-09-22T23:46:56.035+0000] {dag.py:4156} INFO - Setting next_dagrun for latest_only_with_trigger to 2024-09-22 16:00:00+00:00, run_after=2024-09-22 20:00:00+00:00
[2024-09-22T23:46:56.076+0000] {processor.py:208} INFO - Processing /home/airflow/.local/lib/python3.12/site-packages/airflow/example_dags/example_latest_only_with_trigger.py took 0.182 seconds
[2024-09-22T23:47:26.503+0000] {processor.py:186} INFO - Started process (PID=160) to work on /home/airflow/.local/lib/python3.12/site-packages/airflow/example_dags/example_latest_only_with_trigger.py
[2024-09-22T23:47:26.505+0000] {processor.py:914} INFO - Processing file /home/airflow/.local/lib/python3.12/site-packages/airflow/example_dags/example_latest_only_with_trigger.py for tasks to queue
[2024-09-22T23:47:26.508+0000] {logging_mixin.py:190} INFO - [2024-09-22T23:47:26.508+0000] {dagbag.py:587} INFO - Filling up the DagBag from /home/airflow/.local/lib/python3.12/site-packages/airflow/example_dags/example_latest_only_with_trigger.py
[2024-09-22T23:47:26.524+0000] {processor.py:925} INFO - DAG(s) 'latest_only_with_trigger' retrieved from /home/airflow/.local/lib/python3.12/site-packages/airflow/example_dags/example_latest_only_with_trigger.py
[2024-09-22T23:47:26.557+0000] {logging_mixin.py:190} INFO - [2024-09-22T23:47:26.556+0000] {dag.py:3229} INFO - Sync 1 DAGs
[2024-09-22T23:47:26.590+0000] {logging_mixin.py:190} INFO - [2024-09-22T23:47:26.590+0000] {dag.py:4156} INFO - Setting next_dagrun for latest_only_with_trigger to 2024-09-22 16:00:00+00:00, run_after=2024-09-22 20:00:00+00:00
[2024-09-22T23:47:26.618+0000] {processor.py:208} INFO - Processing /home/airflow/.local/lib/python3.12/site-packages/airflow/example_dags/example_latest_only_with_trigger.py took 0.124 seconds
[2024-09-22T23:47:57.007+0000] {processor.py:186} INFO - Started process (PID=223) to work on /home/airflow/.local/lib/python3.12/site-packages/airflow/example_dags/example_latest_only_with_trigger.py
[2024-09-22T23:47:57.009+0000] {processor.py:914} INFO - Processing file /home/airflow/.local/lib/python3.12/site-packages/airflow/example_dags/example_latest_only_with_trigger.py for tasks to queue
[2024-09-22T23:47:57.013+0000] {logging_mixin.py:190} INFO - [2024-09-22T23:47:57.012+0000] {dagbag.py:587} INFO - Filling up the DagBag from /home/airflow/.local/lib/python3.12/site-packages/airflow/example_dags/example_latest_only_with_trigger.py
[2024-09-22T23:47:57.032+0000] {processor.py:925} INFO - DAG(s) 'latest_only_with_trigger' retrieved from /home/airflow/.local/lib/python3.12/site-packages/airflow/example_dags/example_latest_only_with_trigger.py
[2024-09-22T23:47:57.068+0000] {logging_mixin.py:190} INFO - [2024-09-22T23:47:57.067+0000] {dag.py:3229} INFO - Sync 1 DAGs
[2024-09-22T23:47:57.105+0000] {logging_mixin.py:190} INFO - [2024-09-22T23:47:57.104+0000] {dag.py:4156} INFO - Setting next_dagrun for latest_only_with_trigger to 2024-09-22 16:00:00+00:00, run_after=2024-09-22 20:00:00+00:00
[2024-09-22T23:47:57.134+0000] {processor.py:208} INFO - Processing /home/airflow/.local/lib/python3.12/site-packages/airflow/example_dags/example_latest_only_with_trigger.py took 0.137 seconds
[2024-09-22T23:48:27.646+0000] {processor.py:186} INFO - Started process (PID=286) to work on /home/airflow/.local/lib/python3.12/site-packages/airflow/example_dags/example_latest_only_with_trigger.py
[2024-09-22T23:48:27.647+0000] {processor.py:914} INFO - Processing file /home/airflow/.local/lib/python3.12/site-packages/airflow/example_dags/example_latest_only_with_trigger.py for tasks to queue
[2024-09-22T23:48:27.650+0000] {logging_mixin.py:190} INFO - [2024-09-22T23:48:27.650+0000] {dagbag.py:587} INFO - Filling up the DagBag from /home/airflow/.local/lib/python3.12/site-packages/airflow/example_dags/example_latest_only_with_trigger.py
[2024-09-22T23:48:27.667+0000] {processor.py:925} INFO - DAG(s) 'latest_only_with_trigger' retrieved from /home/airflow/.local/lib/python3.12/site-packages/airflow/example_dags/example_latest_only_with_trigger.py
[2024-09-22T23:48:27.698+0000] {logging_mixin.py:190} INFO - [2024-09-22T23:48:27.697+0000] {dag.py:3229} INFO - Sync 1 DAGs
[2024-09-22T23:48:27.730+0000] {logging_mixin.py:190} INFO - [2024-09-22T23:48:27.730+0000] {dag.py:4156} INFO - Setting next_dagrun for latest_only_with_trigger to 2024-09-22 16:00:00+00:00, run_after=2024-09-22 20:00:00+00:00
[2024-09-22T23:48:27.757+0000] {processor.py:208} INFO - Processing /home/airflow/.local/lib/python3.12/site-packages/airflow/example_dags/example_latest_only_with_trigger.py took 0.121 seconds
[2024-09-22T23:48:58.273+0000] {processor.py:186} INFO - Started process (PID=349) to work on /home/airflow/.local/lib/python3.12/site-packages/airflow/example_dags/example_latest_only_with_trigger.py
[2024-09-22T23:48:58.275+0000] {processor.py:914} INFO - Processing file /home/airflow/.local/lib/python3.12/site-packages/airflow/example_dags/example_latest_only_with_trigger.py for tasks to queue
[2024-09-22T23:48:58.279+0000] {logging_mixin.py:190} INFO - [2024-09-22T23:48:58.278+0000] {dagbag.py:587} INFO - Filling up the DagBag from /home/airflow/.local/lib/python3.12/site-packages/airflow/example_dags/example_latest_only_with_trigger.py
[2024-09-22T23:48:58.297+0000] {processor.py:925} INFO - DAG(s) 'latest_only_with_trigger' retrieved from /home/airflow/.local/lib/python3.12/site-packages/airflow/example_dags/example_latest_only_with_trigger.py
[2024-09-22T23:48:58.328+0000] {logging_mixin.py:190} INFO - [2024-09-22T23:48:58.327+0000] {dag.py:3229} INFO - Sync 1 DAGs
[2024-09-22T23:48:58.360+0000] {logging_mixin.py:190} INFO - [2024-09-22T23:48:58.360+0000] {dag.py:4156} INFO - Setting next_dagrun for latest_only_with_trigger to 2024-09-22 16:00:00+00:00, run_after=2024-09-22 20:00:00+00:00
[2024-09-22T23:48:58.387+0000] {processor.py:208} INFO - Processing /home/airflow/.local/lib/python3.12/site-packages/airflow/example_dags/example_latest_only_with_trigger.py took 0.124 seconds
[2024-09-22T23:49:29.215+0000] {processor.py:186} INFO - Started process (PID=412) to work on /home/airflow/.local/lib/python3.12/site-packages/airflow/example_dags/example_latest_only_with_trigger.py
[2024-09-22T23:49:29.217+0000] {processor.py:914} INFO - Processing file /home/airflow/.local/lib/python3.12/site-packages/airflow/example_dags/example_latest_only_with_trigger.py for tasks to queue
[2024-09-22T23:49:29.220+0000] {logging_mixin.py:190} INFO - [2024-09-22T23:49:29.220+0000] {dagbag.py:587} INFO - Filling up the DagBag from /home/airflow/.local/lib/python3.12/site-packages/airflow/example_dags/example_latest_only_with_trigger.py
[2024-09-22T23:49:29.236+0000] {processor.py:925} INFO - DAG(s) 'latest_only_with_trigger' retrieved from /home/airflow/.local/lib/python3.12/site-packages/airflow/example_dags/example_latest_only_with_trigger.py
[2024-09-22T23:49:29.269+0000] {logging_mixin.py:190} INFO - [2024-09-22T23:49:29.269+0000] {dag.py:3229} INFO - Sync 1 DAGs
[2024-09-22T23:49:29.305+0000] {logging_mixin.py:190} INFO - [2024-09-22T23:49:29.304+0000] {dag.py:4156} INFO - Setting next_dagrun for latest_only_with_trigger to 2024-09-22 16:00:00+00:00, run_after=2024-09-22 20:00:00+00:00
[2024-09-22T23:49:29.332+0000] {processor.py:208} INFO - Processing /home/airflow/.local/lib/python3.12/site-packages/airflow/example_dags/example_latest_only_with_trigger.py took 0.126 seconds
[2024-09-22T23:49:59.841+0000] {processor.py:186} INFO - Started process (PID=475) to work on /home/airflow/.local/lib/python3.12/site-packages/airflow/example_dags/example_latest_only_with_trigger.py
[2024-09-22T23:49:59.844+0000] {processor.py:914} INFO - Processing file /home/airflow/.local/lib/python3.12/site-packages/airflow/example_dags/example_latest_only_with_trigger.py for tasks to queue
[2024-09-22T23:49:59.848+0000] {logging_mixin.py:190} INFO - [2024-09-22T23:49:59.847+0000] {dagbag.py:587} INFO - Filling up the DagBag from /home/airflow/.local/lib/python3.12/site-packages/airflow/example_dags/example_latest_only_with_trigger.py
[2024-09-22T23:49:59.870+0000] {processor.py:925} INFO - DAG(s) 'latest_only_with_trigger' retrieved from /home/airflow/.local/lib/python3.12/site-packages/airflow/example_dags/example_latest_only_with_trigger.py
[2024-09-22T23:49:59.900+0000] {logging_mixin.py:190} INFO - [2024-09-22T23:49:59.900+0000] {dag.py:3229} INFO - Sync 1 DAGs
[2024-09-22T23:49:59.942+0000] {logging_mixin.py:190} INFO - [2024-09-22T23:49:59.942+0000] {dag.py:4156} INFO - Setting next_dagrun for latest_only_with_trigger to 2024-09-22 16:00:00+00:00, run_after=2024-09-22 20:00:00+00:00
[2024-09-22T23:49:59.970+0000] {processor.py:208} INFO - Processing /home/airflow/.local/lib/python3.12/site-packages/airflow/example_dags/example_latest_only_with_trigger.py took 0.142 seconds
[2024-09-22T23:50:30.073+0000] {processor.py:186} INFO - Started process (PID=538) to work on /home/airflow/.local/lib/python3.12/site-packages/airflow/example_dags/example_latest_only_with_trigger.py
[2024-09-22T23:50:30.075+0000] {processor.py:914} INFO - Processing file /home/airflow/.local/lib/python3.12/site-packages/airflow/example_dags/example_latest_only_with_trigger.py for tasks to queue
[2024-09-22T23:50:30.078+0000] {logging_mixin.py:190} INFO - [2024-09-22T23:50:30.078+0000] {dagbag.py:587} INFO - Filling up the DagBag from /home/airflow/.local/lib/python3.12/site-packages/airflow/example_dags/example_latest_only_with_trigger.py
[2024-09-22T23:50:30.094+0000] {processor.py:925} INFO - DAG(s) 'latest_only_with_trigger' retrieved from /home/airflow/.local/lib/python3.12/site-packages/airflow/example_dags/example_latest_only_with_trigger.py
[2024-09-22T23:50:30.125+0000] {logging_mixin.py:190} INFO - [2024-09-22T23:50:30.124+0000] {dag.py:3229} INFO - Sync 1 DAGs
[2024-09-22T23:50:30.157+0000] {logging_mixin.py:190} INFO - [2024-09-22T23:50:30.157+0000] {dag.py:4156} INFO - Setting next_dagrun for latest_only_with_trigger to 2024-09-22 16:00:00+00:00, run_after=2024-09-22 20:00:00+00:00
[2024-09-22T23:50:30.181+0000] {processor.py:208} INFO - Processing /home/airflow/.local/lib/python3.12/site-packages/airflow/example_dags/example_latest_only_with_trigger.py took 0.118 seconds
[2024-09-22T23:51:00.424+0000] {processor.py:186} INFO - Started process (PID=601) to work on /home/airflow/.local/lib/python3.12/site-packages/airflow/example_dags/example_latest_only_with_trigger.py
[2024-09-22T23:51:00.427+0000] {processor.py:914} INFO - Processing file /home/airflow/.local/lib/python3.12/site-packages/airflow/example_dags/example_latest_only_with_trigger.py for tasks to queue
[2024-09-22T23:51:00.430+0000] {logging_mixin.py:190} INFO - [2024-09-22T23:51:00.430+0000] {dagbag.py:587} INFO - Filling up the DagBag from /home/airflow/.local/lib/python3.12/site-packages/airflow/example_dags/example_latest_only_with_trigger.py
[2024-09-22T23:51:00.447+0000] {processor.py:925} INFO - DAG(s) 'latest_only_with_trigger' retrieved from /home/airflow/.local/lib/python3.12/site-packages/airflow/example_dags/example_latest_only_with_trigger.py
[2024-09-22T23:51:00.483+0000] {logging_mixin.py:190} INFO - [2024-09-22T23:51:00.482+0000] {dag.py:3229} INFO - Sync 1 DAGs
[2024-09-22T23:51:00.519+0000] {logging_mixin.py:190} INFO - [2024-09-22T23:51:00.519+0000] {dag.py:4156} INFO - Setting next_dagrun for latest_only_with_trigger to 2024-09-22 16:00:00+00:00, run_after=2024-09-22 20:00:00+00:00
[2024-09-22T23:51:00.544+0000] {processor.py:208} INFO - Processing /home/airflow/.local/lib/python3.12/site-packages/airflow/example_dags/example_latest_only_with_trigger.py took 0.129 seconds
[2024-09-22T23:51:31.078+0000] {processor.py:186} INFO - Started process (PID=665) to work on /home/airflow/.local/lib/python3.12/site-packages/airflow/example_dags/example_latest_only_with_trigger.py
[2024-09-22T23:51:31.081+0000] {processor.py:914} INFO - Processing file /home/airflow/.local/lib/python3.12/site-packages/airflow/example_dags/example_latest_only_with_trigger.py for tasks to queue
[2024-09-22T23:51:31.086+0000] {logging_mixin.py:190} INFO - [2024-09-22T23:51:31.085+0000] {dagbag.py:587} INFO - Filling up the DagBag from /home/airflow/.local/lib/python3.12/site-packages/airflow/example_dags/example_latest_only_with_trigger.py
[2024-09-22T23:51:31.108+0000] {processor.py:925} INFO - DAG(s) 'latest_only_with_trigger' retrieved from /home/airflow/.local/lib/python3.12/site-packages/airflow/example_dags/example_latest_only_with_trigger.py
[2024-09-22T23:51:31.144+0000] {logging_mixin.py:190} INFO - [2024-09-22T23:51:31.144+0000] {dag.py:3229} INFO - Sync 1 DAGs
[2024-09-22T23:51:31.181+0000] {logging_mixin.py:190} INFO - [2024-09-22T23:51:31.180+0000] {dag.py:4156} INFO - Setting next_dagrun for latest_only_with_trigger to 2024-09-22 16:00:00+00:00, run_after=2024-09-22 20:00:00+00:00
[2024-09-22T23:51:31.209+0000] {processor.py:208} INFO - Processing /home/airflow/.local/lib/python3.12/site-packages/airflow/example_dags/example_latest_only_with_trigger.py took 0.144 seconds
[2024-09-22T23:52:01.730+0000] {processor.py:186} INFO - Started process (PID=729) to work on /home/airflow/.local/lib/python3.12/site-packages/airflow/example_dags/example_latest_only_with_trigger.py
[2024-09-22T23:52:01.732+0000] {processor.py:914} INFO - Processing file /home/airflow/.local/lib/python3.12/site-packages/airflow/example_dags/example_latest_only_with_trigger.py for tasks to queue
[2024-09-22T23:52:01.736+0000] {logging_mixin.py:190} INFO - [2024-09-22T23:52:01.735+0000] {dagbag.py:587} INFO - Filling up the DagBag from /home/airflow/.local/lib/python3.12/site-packages/airflow/example_dags/example_latest_only_with_trigger.py
[2024-09-22T23:52:01.752+0000] {processor.py:925} INFO - DAG(s) 'latest_only_with_trigger' retrieved from /home/airflow/.local/lib/python3.12/site-packages/airflow/example_dags/example_latest_only_with_trigger.py
[2024-09-22T23:52:01.788+0000] {logging_mixin.py:190} INFO - [2024-09-22T23:52:01.788+0000] {dag.py:3229} INFO - Sync 1 DAGs
[2024-09-22T23:52:01.836+0000] {logging_mixin.py:190} INFO - [2024-09-22T23:52:01.835+0000] {dag.py:4156} INFO - Setting next_dagrun for latest_only_with_trigger to 2024-09-22 16:00:00+00:00, run_after=2024-09-22 20:00:00+00:00
[2024-09-22T23:52:01.869+0000] {processor.py:208} INFO - Processing /home/airflow/.local/lib/python3.12/site-packages/airflow/example_dags/example_latest_only_with_trigger.py took 0.150 seconds
[2024-09-22T23:52:32.106+0000] {processor.py:186} INFO - Started process (PID=792) to work on /home/airflow/.local/lib/python3.12/site-packages/airflow/example_dags/example_latest_only_with_trigger.py
[2024-09-22T23:52:32.108+0000] {processor.py:914} INFO - Processing file /home/airflow/.local/lib/python3.12/site-packages/airflow/example_dags/example_latest_only_with_trigger.py for tasks to queue
[2024-09-22T23:52:32.113+0000] {logging_mixin.py:190} INFO - [2024-09-22T23:52:32.113+0000] {dagbag.py:587} INFO - Filling up the DagBag from /home/airflow/.local/lib/python3.12/site-packages/airflow/example_dags/example_latest_only_with_trigger.py
[2024-09-22T23:52:32.133+0000] {processor.py:925} INFO - DAG(s) 'latest_only_with_trigger' retrieved from /home/airflow/.local/lib/python3.12/site-packages/airflow/example_dags/example_latest_only_with_trigger.py
[2024-09-22T23:52:32.167+0000] {logging_mixin.py:190} INFO - [2024-09-22T23:52:32.167+0000] {dag.py:3229} INFO - Sync 1 DAGs
[2024-09-22T23:52:32.207+0000] {logging_mixin.py:190} INFO - [2024-09-22T23:52:32.206+0000] {dag.py:4156} INFO - Setting next_dagrun for latest_only_with_trigger to 2024-09-22 16:00:00+00:00, run_after=2024-09-22 20:00:00+00:00
[2024-09-22T23:52:32.229+0000] {processor.py:208} INFO - Processing /home/airflow/.local/lib/python3.12/site-packages/airflow/example_dags/example_latest_only_with_trigger.py took 0.133 seconds
[2024-09-22T23:53:02.474+0000] {processor.py:186} INFO - Started process (PID=855) to work on /home/airflow/.local/lib/python3.12/site-packages/airflow/example_dags/example_latest_only_with_trigger.py
[2024-09-22T23:53:02.475+0000] {processor.py:914} INFO - Processing file /home/airflow/.local/lib/python3.12/site-packages/airflow/example_dags/example_latest_only_with_trigger.py for tasks to queue
[2024-09-22T23:53:02.480+0000] {logging_mixin.py:190} INFO - [2024-09-22T23:53:02.479+0000] {dagbag.py:587} INFO - Filling up the DagBag from /home/airflow/.local/lib/python3.12/site-packages/airflow/example_dags/example_latest_only_with_trigger.py
[2024-09-22T23:53:02.504+0000] {processor.py:925} INFO - DAG(s) 'latest_only_with_trigger' retrieved from /home/airflow/.local/lib/python3.12/site-packages/airflow/example_dags/example_latest_only_with_trigger.py
[2024-09-22T23:53:02.537+0000] {logging_mixin.py:190} INFO - [2024-09-22T23:53:02.537+0000] {dag.py:3229} INFO - Sync 1 DAGs
[2024-09-22T23:53:02.570+0000] {logging_mixin.py:190} INFO - [2024-09-22T23:53:02.570+0000] {dag.py:4156} INFO - Setting next_dagrun for latest_only_with_trigger to 2024-09-22 16:00:00+00:00, run_after=2024-09-22 20:00:00+00:00
[2024-09-22T23:53:02.594+0000] {processor.py:208} INFO - Processing /home/airflow/.local/lib/python3.12/site-packages/airflow/example_dags/example_latest_only_with_trigger.py took 0.134 seconds
[2024-09-22T23:53:35.596+0000] {processor.py:186} INFO - Started process (PID=917) to work on /home/airflow/.local/lib/python3.12/site-packages/airflow/example_dags/example_latest_only_with_trigger.py
[2024-09-22T23:53:35.601+0000] {processor.py:914} INFO - Processing file /home/airflow/.local/lib/python3.12/site-packages/airflow/example_dags/example_latest_only_with_trigger.py for tasks to queue
[2024-09-22T23:53:35.614+0000] {logging_mixin.py:190} INFO - [2024-09-22T23:53:35.612+0000] {dagbag.py:587} INFO - Filling up the DagBag from /home/airflow/.local/lib/python3.12/site-packages/airflow/example_dags/example_latest_only_with_trigger.py
[2024-09-22T23:53:35.670+0000] {processor.py:925} INFO - DAG(s) 'latest_only_with_trigger' retrieved from /home/airflow/.local/lib/python3.12/site-packages/airflow/example_dags/example_latest_only_with_trigger.py
[2024-09-22T23:53:35.769+0000] {logging_mixin.py:190} INFO - [2024-09-22T23:53:35.768+0000] {dag.py:3229} INFO - Sync 1 DAGs
[2024-09-22T23:53:35.905+0000] {logging_mixin.py:190} INFO - [2024-09-22T23:53:35.904+0000] {dag.py:4156} INFO - Setting next_dagrun for latest_only_with_trigger to 2024-09-22 16:00:00+00:00, run_after=2024-09-22 20:00:00+00:00
[2024-09-22T23:53:35.958+0000] {processor.py:208} INFO - Processing /home/airflow/.local/lib/python3.12/site-packages/airflow/example_dags/example_latest_only_with_trigger.py took 0.387 seconds
[2024-09-22T23:54:06.385+0000] {processor.py:186} INFO - Started process (PID=980) to work on /home/airflow/.local/lib/python3.12/site-packages/airflow/example_dags/example_latest_only_with_trigger.py
[2024-09-22T23:54:06.387+0000] {processor.py:914} INFO - Processing file /home/airflow/.local/lib/python3.12/site-packages/airflow/example_dags/example_latest_only_with_trigger.py for tasks to queue
[2024-09-22T23:54:06.391+0000] {logging_mixin.py:190} INFO - [2024-09-22T23:54:06.390+0000] {dagbag.py:587} INFO - Filling up the DagBag from /home/airflow/.local/lib/python3.12/site-packages/airflow/example_dags/example_latest_only_with_trigger.py
[2024-09-22T23:54:06.407+0000] {processor.py:925} INFO - DAG(s) 'latest_only_with_trigger' retrieved from /home/airflow/.local/lib/python3.12/site-packages/airflow/example_dags/example_latest_only_with_trigger.py
[2024-09-22T23:54:06.439+0000] {logging_mixin.py:190} INFO - [2024-09-22T23:54:06.438+0000] {dag.py:3229} INFO - Sync 1 DAGs
[2024-09-22T23:54:06.471+0000] {logging_mixin.py:190} INFO - [2024-09-22T23:54:06.471+0000] {dag.py:4156} INFO - Setting next_dagrun for latest_only_with_trigger to 2024-09-22 16:00:00+00:00, run_after=2024-09-22 20:00:00+00:00
[2024-09-22T23:54:06.497+0000] {processor.py:208} INFO - Processing /home/airflow/.local/lib/python3.12/site-packages/airflow/example_dags/example_latest_only_with_trigger.py took 0.122 seconds
[2024-09-22T23:54:37.046+0000] {processor.py:186} INFO - Started process (PID=1043) to work on /home/airflow/.local/lib/python3.12/site-packages/airflow/example_dags/example_latest_only_with_trigger.py
[2024-09-22T23:54:37.049+0000] {processor.py:914} INFO - Processing file /home/airflow/.local/lib/python3.12/site-packages/airflow/example_dags/example_latest_only_with_trigger.py for tasks to queue
[2024-09-22T23:54:37.052+0000] {logging_mixin.py:190} INFO - [2024-09-22T23:54:37.052+0000] {dagbag.py:587} INFO - Filling up the DagBag from /home/airflow/.local/lib/python3.12/site-packages/airflow/example_dags/example_latest_only_with_trigger.py
[2024-09-22T23:54:37.069+0000] {processor.py:925} INFO - DAG(s) 'latest_only_with_trigger' retrieved from /home/airflow/.local/lib/python3.12/site-packages/airflow/example_dags/example_latest_only_with_trigger.py
[2024-09-22T23:54:37.100+0000] {logging_mixin.py:190} INFO - [2024-09-22T23:54:37.100+0000] {dag.py:3229} INFO - Sync 1 DAGs
[2024-09-22T23:54:37.134+0000] {logging_mixin.py:190} INFO - [2024-09-22T23:54:37.133+0000] {dag.py:4156} INFO - Setting next_dagrun for latest_only_with_trigger to 2024-09-22 16:00:00+00:00, run_after=2024-09-22 20:00:00+00:00
[2024-09-22T23:54:37.158+0000] {processor.py:208} INFO - Processing /home/airflow/.local/lib/python3.12/site-packages/airflow/example_dags/example_latest_only_with_trigger.py took 0.125 seconds
[2024-09-22T23:55:07.921+0000] {processor.py:186} INFO - Started process (PID=1106) to work on /home/airflow/.local/lib/python3.12/site-packages/airflow/example_dags/example_latest_only_with_trigger.py
[2024-09-22T23:55:07.923+0000] {processor.py:914} INFO - Processing file /home/airflow/.local/lib/python3.12/site-packages/airflow/example_dags/example_latest_only_with_trigger.py for tasks to queue
[2024-09-22T23:55:07.927+0000] {logging_mixin.py:190} INFO - [2024-09-22T23:55:07.926+0000] {dagbag.py:587} INFO - Filling up the DagBag from /home/airflow/.local/lib/python3.12/site-packages/airflow/example_dags/example_latest_only_with_trigger.py
[2024-09-22T23:55:07.944+0000] {processor.py:925} INFO - DAG(s) 'latest_only_with_trigger' retrieved from /home/airflow/.local/lib/python3.12/site-packages/airflow/example_dags/example_latest_only_with_trigger.py
[2024-09-22T23:55:07.975+0000] {logging_mixin.py:190} INFO - [2024-09-22T23:55:07.975+0000] {dag.py:3229} INFO - Sync 1 DAGs
[2024-09-22T23:55:08.011+0000] {logging_mixin.py:190} INFO - [2024-09-22T23:55:08.010+0000] {dag.py:4156} INFO - Setting next_dagrun for latest_only_with_trigger to 2024-09-22 16:00:00+00:00, run_after=2024-09-22 20:00:00+00:00
[2024-09-22T23:55:08.039+0000] {processor.py:208} INFO - Processing /home/airflow/.local/lib/python3.12/site-packages/airflow/example_dags/example_latest_only_with_trigger.py took 0.127 seconds
[2024-09-22T23:55:38.257+0000] {processor.py:186} INFO - Started process (PID=1168) to work on /home/airflow/.local/lib/python3.12/site-packages/airflow/example_dags/example_latest_only_with_trigger.py
[2024-09-22T23:55:38.258+0000] {processor.py:914} INFO - Processing file /home/airflow/.local/lib/python3.12/site-packages/airflow/example_dags/example_latest_only_with_trigger.py for tasks to queue
[2024-09-22T23:55:38.262+0000] {logging_mixin.py:190} INFO - [2024-09-22T23:55:38.261+0000] {dagbag.py:587} INFO - Filling up the DagBag from /home/airflow/.local/lib/python3.12/site-packages/airflow/example_dags/example_latest_only_with_trigger.py
[2024-09-22T23:55:38.278+0000] {processor.py:925} INFO - DAG(s) 'latest_only_with_trigger' retrieved from /home/airflow/.local/lib/python3.12/site-packages/airflow/example_dags/example_latest_only_with_trigger.py
[2024-09-22T23:55:38.309+0000] {logging_mixin.py:190} INFO - [2024-09-22T23:55:38.309+0000] {dag.py:3229} INFO - Sync 1 DAGs
[2024-09-22T23:55:38.341+0000] {logging_mixin.py:190} INFO - [2024-09-22T23:55:38.341+0000] {dag.py:4156} INFO - Setting next_dagrun for latest_only_with_trigger to 2024-09-22 16:00:00+00:00, run_after=2024-09-22 20:00:00+00:00
[2024-09-22T23:55:38.364+0000] {processor.py:208} INFO - Processing /home/airflow/.local/lib/python3.12/site-packages/airflow/example_dags/example_latest_only_with_trigger.py took 0.117 seconds
[2024-09-22T23:58:04.123+0000] {processor.py:186} INFO - Started process (PID=96) to work on /home/airflow/.local/lib/python3.12/site-packages/airflow/example_dags/example_latest_only_with_trigger.py
[2024-09-22T23:58:04.126+0000] {processor.py:914} INFO - Processing file /home/airflow/.local/lib/python3.12/site-packages/airflow/example_dags/example_latest_only_with_trigger.py for tasks to queue
[2024-09-22T23:58:04.130+0000] {logging_mixin.py:190} INFO - [2024-09-22T23:58:04.130+0000] {dagbag.py:587} INFO - Filling up the DagBag from /home/airflow/.local/lib/python3.12/site-packages/airflow/example_dags/example_latest_only_with_trigger.py
[2024-09-22T23:58:04.154+0000] {processor.py:925} INFO - DAG(s) 'latest_only_with_trigger' retrieved from /home/airflow/.local/lib/python3.12/site-packages/airflow/example_dags/example_latest_only_with_trigger.py
[2024-09-22T23:58:04.207+0000] {logging_mixin.py:190} INFO - [2024-09-22T23:58:04.206+0000] {dag.py:3229} INFO - Sync 1 DAGs
[2024-09-22T23:58:04.261+0000] {logging_mixin.py:190} INFO - [2024-09-22T23:58:04.261+0000] {dag.py:4156} INFO - Setting next_dagrun for latest_only_with_trigger to 2024-09-22 16:00:00+00:00, run_after=2024-09-22 20:00:00+00:00
[2024-09-22T23:58:04.308+0000] {processor.py:208} INFO - Processing /home/airflow/.local/lib/python3.12/site-packages/airflow/example_dags/example_latest_only_with_trigger.py took 0.198 seconds
[2024-09-22T23:58:34.781+0000] {processor.py:186} INFO - Started process (PID=159) to work on /home/airflow/.local/lib/python3.12/site-packages/airflow/example_dags/example_latest_only_with_trigger.py
[2024-09-22T23:58:34.783+0000] {processor.py:914} INFO - Processing file /home/airflow/.local/lib/python3.12/site-packages/airflow/example_dags/example_latest_only_with_trigger.py for tasks to queue
[2024-09-22T23:58:34.787+0000] {logging_mixin.py:190} INFO - [2024-09-22T23:58:34.786+0000] {dagbag.py:587} INFO - Filling up the DagBag from /home/airflow/.local/lib/python3.12/site-packages/airflow/example_dags/example_latest_only_with_trigger.py
[2024-09-22T23:58:34.803+0000] {processor.py:925} INFO - DAG(s) 'latest_only_with_trigger' retrieved from /home/airflow/.local/lib/python3.12/site-packages/airflow/example_dags/example_latest_only_with_trigger.py
[2024-09-22T23:58:34.835+0000] {logging_mixin.py:190} INFO - [2024-09-22T23:58:34.835+0000] {dag.py:3229} INFO - Sync 1 DAGs
[2024-09-22T23:58:34.874+0000] {logging_mixin.py:190} INFO - [2024-09-22T23:58:34.873+0000] {dag.py:4156} INFO - Setting next_dagrun for latest_only_with_trigger to 2024-09-22 16:00:00+00:00, run_after=2024-09-22 20:00:00+00:00
[2024-09-22T23:58:34.905+0000] {processor.py:208} INFO - Processing /home/airflow/.local/lib/python3.12/site-packages/airflow/example_dags/example_latest_only_with_trigger.py took 0.133 seconds
[2024-09-22T23:59:05.630+0000] {processor.py:186} INFO - Started process (PID=222) to work on /home/airflow/.local/lib/python3.12/site-packages/airflow/example_dags/example_latest_only_with_trigger.py
[2024-09-22T23:59:05.632+0000] {processor.py:914} INFO - Processing file /home/airflow/.local/lib/python3.12/site-packages/airflow/example_dags/example_latest_only_with_trigger.py for tasks to queue
[2024-09-22T23:59:05.635+0000] {logging_mixin.py:190} INFO - [2024-09-22T23:59:05.635+0000] {dagbag.py:587} INFO - Filling up the DagBag from /home/airflow/.local/lib/python3.12/site-packages/airflow/example_dags/example_latest_only_with_trigger.py
[2024-09-22T23:59:05.651+0000] {processor.py:925} INFO - DAG(s) 'latest_only_with_trigger' retrieved from /home/airflow/.local/lib/python3.12/site-packages/airflow/example_dags/example_latest_only_with_trigger.py
[2024-09-22T23:59:05.687+0000] {logging_mixin.py:190} INFO - [2024-09-22T23:59:05.686+0000] {dag.py:3229} INFO - Sync 1 DAGs
[2024-09-22T23:59:05.718+0000] {logging_mixin.py:190} INFO - [2024-09-22T23:59:05.718+0000] {dag.py:4156} INFO - Setting next_dagrun for latest_only_with_trigger to 2024-09-22 16:00:00+00:00, run_after=2024-09-22 20:00:00+00:00
[2024-09-22T23:59:05.745+0000] {processor.py:208} INFO - Processing /home/airflow/.local/lib/python3.12/site-packages/airflow/example_dags/example_latest_only_with_trigger.py took 0.124 seconds
[2024-09-22T23:59:36.260+0000] {processor.py:186} INFO - Started process (PID=285) to work on /home/airflow/.local/lib/python3.12/site-packages/airflow/example_dags/example_latest_only_with_trigger.py
[2024-09-22T23:59:36.262+0000] {processor.py:914} INFO - Processing file /home/airflow/.local/lib/python3.12/site-packages/airflow/example_dags/example_latest_only_with_trigger.py for tasks to queue
[2024-09-22T23:59:36.266+0000] {logging_mixin.py:190} INFO - [2024-09-22T23:59:36.265+0000] {dagbag.py:587} INFO - Filling up the DagBag from /home/airflow/.local/lib/python3.12/site-packages/airflow/example_dags/example_latest_only_with_trigger.py
[2024-09-22T23:59:36.283+0000] {processor.py:925} INFO - DAG(s) 'latest_only_with_trigger' retrieved from /home/airflow/.local/lib/python3.12/site-packages/airflow/example_dags/example_latest_only_with_trigger.py
[2024-09-22T23:59:36.318+0000] {logging_mixin.py:190} INFO - [2024-09-22T23:59:36.317+0000] {dag.py:3229} INFO - Sync 1 DAGs
[2024-09-22T23:59:36.355+0000] {logging_mixin.py:190} INFO - [2024-09-22T23:59:36.355+0000] {dag.py:4156} INFO - Setting next_dagrun for latest_only_with_trigger to 2024-09-22 16:00:00+00:00, run_after=2024-09-22 20:00:00+00:00
[2024-09-22T23:59:36.381+0000] {processor.py:208} INFO - Processing /home/airflow/.local/lib/python3.12/site-packages/airflow/example_dags/example_latest_only_with_trigger.py took 0.130 seconds
