[2024-09-22T23:26:17.165+0000] {processor.py:186} INFO - Started process (PID=79) to work on /home/airflow/.local/lib/python3.12/site-packages/airflow/example_dags/example_task_group_decorator.py
[2024-09-22T23:26:17.166+0000] {processor.py:914} INFO - Processing file /home/airflow/.local/lib/python3.12/site-packages/airflow/example_dags/example_task_group_decorator.py for tasks to queue
[2024-09-22T23:26:17.170+0000] {logging_mixin.py:190} INFO - [2024-09-22T23:26:17.170+0000] {dagbag.py:587} INFO - Filling up the DagBag from /home/airflow/.local/lib/python3.12/site-packages/airflow/example_dags/example_task_group_decorator.py
[2024-09-22T23:26:17.210+0000] {processor.py:925} INFO - DAG(s) 'example_task_group_decorator' retrieved from /home/airflow/.local/lib/python3.12/site-packages/airflow/example_dags/example_task_group_decorator.py
[2024-09-22T23:26:17.469+0000] {logging_mixin.py:190} INFO - [2024-09-22T23:26:17.467+0000] {override.py:1900} INFO - Created Permission View: can edit on DAG:example_task_group_decorator
[2024-09-22T23:26:17.503+0000] {logging_mixin.py:190} INFO - [2024-09-22T23:26:17.503+0000] {override.py:1900} INFO - Created Permission View: can read on DAG:example_task_group_decorator
[2024-09-22T23:26:17.524+0000] {logging_mixin.py:190} INFO - [2024-09-22T23:26:17.523+0000] {override.py:1900} INFO - Created Permission View: can delete on DAG:example_task_group_decorator
[2024-09-22T23:26:17.538+0000] {logging_mixin.py:190} INFO - [2024-09-22T23:26:17.538+0000] {override.py:1900} INFO - Created Permission View: can create on DAG Run:example_task_group_decorator
[2024-09-22T23:26:17.561+0000] {logging_mixin.py:190} INFO - [2024-09-22T23:26:17.561+0000] {override.py:1900} INFO - Created Permission View: menu access on DAG Run:example_task_group_decorator
[2024-09-22T23:26:17.578+0000] {logging_mixin.py:190} INFO - [2024-09-22T23:26:17.577+0000] {override.py:1900} INFO - Created Permission View: can read on DAG Run:example_task_group_decorator
[2024-09-22T23:26:17.599+0000] {logging_mixin.py:190} INFO - [2024-09-22T23:26:17.598+0000] {override.py:1900} INFO - Created Permission View: can delete on DAG Run:example_task_group_decorator
[2024-09-22T23:26:17.600+0000] {logging_mixin.py:190} INFO - [2024-09-22T23:26:17.599+0000] {dag.py:3229} INFO - Sync 1 DAGs
[2024-09-22T23:26:17.629+0000] {logging_mixin.py:190} INFO - [2024-09-22T23:26:17.628+0000] {dag.py:3252} INFO - Creating ORM DAG for example_task_group_decorator
[2024-09-22T23:26:17.630+0000] {logging_mixin.py:190} INFO - [2024-09-22T23:26:17.630+0000] {dag.py:4156} INFO - Setting next_dagrun for example_task_group_decorator to None, run_after=None
[2024-09-22T23:26:17.656+0000] {processor.py:208} INFO - Processing /home/airflow/.local/lib/python3.12/site-packages/airflow/example_dags/example_task_group_decorator.py took 0.503 seconds
[2024-09-22T23:26:47.795+0000] {processor.py:186} INFO - Started process (PID=141) to work on /home/airflow/.local/lib/python3.12/site-packages/airflow/example_dags/example_task_group_decorator.py
[2024-09-22T23:26:47.796+0000] {processor.py:914} INFO - Processing file /home/airflow/.local/lib/python3.12/site-packages/airflow/example_dags/example_task_group_decorator.py for tasks to queue
[2024-09-22T23:26:47.800+0000] {logging_mixin.py:190} INFO - [2024-09-22T23:26:47.800+0000] {dagbag.py:587} INFO - Filling up the DagBag from /home/airflow/.local/lib/python3.12/site-packages/airflow/example_dags/example_task_group_decorator.py
[2024-09-22T23:26:47.841+0000] {processor.py:925} INFO - DAG(s) 'example_task_group_decorator' retrieved from /home/airflow/.local/lib/python3.12/site-packages/airflow/example_dags/example_task_group_decorator.py
[2024-09-22T23:26:47.918+0000] {logging_mixin.py:190} INFO - [2024-09-22T23:26:47.916+0000] {dag.py:3229} INFO - Sync 1 DAGs
[2024-09-22T23:26:47.939+0000] {logging_mixin.py:190} INFO - [2024-09-22T23:26:47.939+0000] {dag.py:4156} INFO - Setting next_dagrun for example_task_group_decorator to None, run_after=None
[2024-09-22T23:26:47.966+0000] {processor.py:208} INFO - Processing /home/airflow/.local/lib/python3.12/site-packages/airflow/example_dags/example_task_group_decorator.py took 0.181 seconds
[2024-09-22T23:27:18.024+0000] {processor.py:186} INFO - Started process (PID=203) to work on /home/airflow/.local/lib/python3.12/site-packages/airflow/example_dags/example_task_group_decorator.py
[2024-09-22T23:27:18.027+0000] {processor.py:914} INFO - Processing file /home/airflow/.local/lib/python3.12/site-packages/airflow/example_dags/example_task_group_decorator.py for tasks to queue
[2024-09-22T23:27:18.033+0000] {logging_mixin.py:190} INFO - [2024-09-22T23:27:18.032+0000] {dagbag.py:587} INFO - Filling up the DagBag from /home/airflow/.local/lib/python3.12/site-packages/airflow/example_dags/example_task_group_decorator.py
[2024-09-22T23:27:18.072+0000] {processor.py:925} INFO - DAG(s) 'example_task_group_decorator' retrieved from /home/airflow/.local/lib/python3.12/site-packages/airflow/example_dags/example_task_group_decorator.py
[2024-09-22T23:27:18.110+0000] {logging_mixin.py:190} INFO - [2024-09-22T23:27:18.110+0000] {dag.py:3229} INFO - Sync 1 DAGs
[2024-09-22T23:27:18.130+0000] {logging_mixin.py:190} INFO - [2024-09-22T23:27:18.130+0000] {dag.py:4156} INFO - Setting next_dagrun for example_task_group_decorator to None, run_after=None
[2024-09-22T23:27:18.154+0000] {processor.py:208} INFO - Processing /home/airflow/.local/lib/python3.12/site-packages/airflow/example_dags/example_task_group_decorator.py took 0.143 seconds
[2024-09-22T23:27:48.272+0000] {processor.py:186} INFO - Started process (PID=265) to work on /home/airflow/.local/lib/python3.12/site-packages/airflow/example_dags/example_task_group_decorator.py
[2024-09-22T23:27:48.273+0000] {processor.py:914} INFO - Processing file /home/airflow/.local/lib/python3.12/site-packages/airflow/example_dags/example_task_group_decorator.py for tasks to queue
[2024-09-22T23:27:48.277+0000] {logging_mixin.py:190} INFO - [2024-09-22T23:27:48.276+0000] {dagbag.py:587} INFO - Filling up the DagBag from /home/airflow/.local/lib/python3.12/site-packages/airflow/example_dags/example_task_group_decorator.py
[2024-09-22T23:27:48.307+0000] {processor.py:925} INFO - DAG(s) 'example_task_group_decorator' retrieved from /home/airflow/.local/lib/python3.12/site-packages/airflow/example_dags/example_task_group_decorator.py
[2024-09-22T23:27:48.340+0000] {logging_mixin.py:190} INFO - [2024-09-22T23:27:48.339+0000] {dag.py:3229} INFO - Sync 1 DAGs
[2024-09-22T23:27:48.359+0000] {logging_mixin.py:190} INFO - [2024-09-22T23:27:48.358+0000] {dag.py:4156} INFO - Setting next_dagrun for example_task_group_decorator to None, run_after=None
[2024-09-22T23:27:48.381+0000] {processor.py:208} INFO - Processing /home/airflow/.local/lib/python3.12/site-packages/airflow/example_dags/example_task_group_decorator.py took 0.118 seconds
[2024-09-22T23:28:18.831+0000] {processor.py:186} INFO - Started process (PID=327) to work on /home/airflow/.local/lib/python3.12/site-packages/airflow/example_dags/example_task_group_decorator.py
[2024-09-22T23:28:18.833+0000] {processor.py:914} INFO - Processing file /home/airflow/.local/lib/python3.12/site-packages/airflow/example_dags/example_task_group_decorator.py for tasks to queue
[2024-09-22T23:28:18.839+0000] {logging_mixin.py:190} INFO - [2024-09-22T23:28:18.838+0000] {dagbag.py:587} INFO - Filling up the DagBag from /home/airflow/.local/lib/python3.12/site-packages/airflow/example_dags/example_task_group_decorator.py
[2024-09-22T23:28:18.876+0000] {processor.py:925} INFO - DAG(s) 'example_task_group_decorator' retrieved from /home/airflow/.local/lib/python3.12/site-packages/airflow/example_dags/example_task_group_decorator.py
[2024-09-22T23:28:18.911+0000] {logging_mixin.py:190} INFO - [2024-09-22T23:28:18.911+0000] {dag.py:3229} INFO - Sync 1 DAGs
[2024-09-22T23:28:18.931+0000] {logging_mixin.py:190} INFO - [2024-09-22T23:28:18.931+0000] {dag.py:4156} INFO - Setting next_dagrun for example_task_group_decorator to None, run_after=None
[2024-09-22T23:28:18.955+0000] {processor.py:208} INFO - Processing /home/airflow/.local/lib/python3.12/site-packages/airflow/example_dags/example_task_group_decorator.py took 0.135 seconds
[2024-09-22T23:28:49.210+0000] {processor.py:186} INFO - Started process (PID=389) to work on /home/airflow/.local/lib/python3.12/site-packages/airflow/example_dags/example_task_group_decorator.py
[2024-09-22T23:28:49.211+0000] {processor.py:914} INFO - Processing file /home/airflow/.local/lib/python3.12/site-packages/airflow/example_dags/example_task_group_decorator.py for tasks to queue
[2024-09-22T23:28:49.215+0000] {logging_mixin.py:190} INFO - [2024-09-22T23:28:49.214+0000] {dagbag.py:587} INFO - Filling up the DagBag from /home/airflow/.local/lib/python3.12/site-packages/airflow/example_dags/example_task_group_decorator.py
[2024-09-22T23:28:49.242+0000] {processor.py:925} INFO - DAG(s) 'example_task_group_decorator' retrieved from /home/airflow/.local/lib/python3.12/site-packages/airflow/example_dags/example_task_group_decorator.py
[2024-09-22T23:28:49.277+0000] {logging_mixin.py:190} INFO - [2024-09-22T23:28:49.276+0000] {dag.py:3229} INFO - Sync 1 DAGs
[2024-09-22T23:28:49.297+0000] {logging_mixin.py:190} INFO - [2024-09-22T23:28:49.296+0000] {dag.py:4156} INFO - Setting next_dagrun for example_task_group_decorator to None, run_after=None
[2024-09-22T23:28:49.325+0000] {processor.py:208} INFO - Processing /home/airflow/.local/lib/python3.12/site-packages/airflow/example_dags/example_task_group_decorator.py took 0.125 seconds
[2024-09-22T23:29:19.650+0000] {processor.py:186} INFO - Started process (PID=451) to work on /home/airflow/.local/lib/python3.12/site-packages/airflow/example_dags/example_task_group_decorator.py
[2024-09-22T23:29:19.652+0000] {processor.py:914} INFO - Processing file /home/airflow/.local/lib/python3.12/site-packages/airflow/example_dags/example_task_group_decorator.py for tasks to queue
[2024-09-22T23:29:19.656+0000] {logging_mixin.py:190} INFO - [2024-09-22T23:29:19.655+0000] {dagbag.py:587} INFO - Filling up the DagBag from /home/airflow/.local/lib/python3.12/site-packages/airflow/example_dags/example_task_group_decorator.py
[2024-09-22T23:29:19.686+0000] {processor.py:925} INFO - DAG(s) 'example_task_group_decorator' retrieved from /home/airflow/.local/lib/python3.12/site-packages/airflow/example_dags/example_task_group_decorator.py
[2024-09-22T23:29:19.727+0000] {logging_mixin.py:190} INFO - [2024-09-22T23:29:19.727+0000] {dag.py:3229} INFO - Sync 1 DAGs
[2024-09-22T23:29:19.752+0000] {logging_mixin.py:190} INFO - [2024-09-22T23:29:19.752+0000] {dag.py:4156} INFO - Setting next_dagrun for example_task_group_decorator to None, run_after=None
[2024-09-22T23:29:19.778+0000] {processor.py:208} INFO - Processing /home/airflow/.local/lib/python3.12/site-packages/airflow/example_dags/example_task_group_decorator.py took 0.139 seconds
[2024-09-22T23:29:50.059+0000] {processor.py:186} INFO - Started process (PID=513) to work on /home/airflow/.local/lib/python3.12/site-packages/airflow/example_dags/example_task_group_decorator.py
[2024-09-22T23:29:50.061+0000] {processor.py:914} INFO - Processing file /home/airflow/.local/lib/python3.12/site-packages/airflow/example_dags/example_task_group_decorator.py for tasks to queue
[2024-09-22T23:29:50.065+0000] {logging_mixin.py:190} INFO - [2024-09-22T23:29:50.065+0000] {dagbag.py:587} INFO - Filling up the DagBag from /home/airflow/.local/lib/python3.12/site-packages/airflow/example_dags/example_task_group_decorator.py
[2024-09-22T23:29:50.092+0000] {processor.py:925} INFO - DAG(s) 'example_task_group_decorator' retrieved from /home/airflow/.local/lib/python3.12/site-packages/airflow/example_dags/example_task_group_decorator.py
[2024-09-22T23:29:50.138+0000] {logging_mixin.py:190} INFO - [2024-09-22T23:29:50.138+0000] {dag.py:3229} INFO - Sync 1 DAGs
[2024-09-22T23:29:50.160+0000] {logging_mixin.py:190} INFO - [2024-09-22T23:29:50.160+0000] {dag.py:4156} INFO - Setting next_dagrun for example_task_group_decorator to None, run_after=None
[2024-09-22T23:29:50.184+0000] {processor.py:208} INFO - Processing /home/airflow/.local/lib/python3.12/site-packages/airflow/example_dags/example_task_group_decorator.py took 0.134 seconds
[2024-09-22T23:30:20.311+0000] {processor.py:186} INFO - Started process (PID=575) to work on /home/airflow/.local/lib/python3.12/site-packages/airflow/example_dags/example_task_group_decorator.py
[2024-09-22T23:30:20.312+0000] {processor.py:914} INFO - Processing file /home/airflow/.local/lib/python3.12/site-packages/airflow/example_dags/example_task_group_decorator.py for tasks to queue
[2024-09-22T23:30:20.316+0000] {logging_mixin.py:190} INFO - [2024-09-22T23:30:20.316+0000] {dagbag.py:587} INFO - Filling up the DagBag from /home/airflow/.local/lib/python3.12/site-packages/airflow/example_dags/example_task_group_decorator.py
[2024-09-22T23:30:20.346+0000] {processor.py:925} INFO - DAG(s) 'example_task_group_decorator' retrieved from /home/airflow/.local/lib/python3.12/site-packages/airflow/example_dags/example_task_group_decorator.py
[2024-09-22T23:30:20.380+0000] {logging_mixin.py:190} INFO - [2024-09-22T23:30:20.380+0000] {dag.py:3229} INFO - Sync 1 DAGs
[2024-09-22T23:30:20.402+0000] {logging_mixin.py:190} INFO - [2024-09-22T23:30:20.402+0000] {dag.py:4156} INFO - Setting next_dagrun for example_task_group_decorator to None, run_after=None
[2024-09-22T23:30:20.427+0000] {processor.py:208} INFO - Processing /home/airflow/.local/lib/python3.12/site-packages/airflow/example_dags/example_task_group_decorator.py took 0.125 seconds
[2024-09-22T23:30:50.580+0000] {processor.py:186} INFO - Started process (PID=637) to work on /home/airflow/.local/lib/python3.12/site-packages/airflow/example_dags/example_task_group_decorator.py
[2024-09-22T23:30:50.582+0000] {processor.py:914} INFO - Processing file /home/airflow/.local/lib/python3.12/site-packages/airflow/example_dags/example_task_group_decorator.py for tasks to queue
[2024-09-22T23:30:50.587+0000] {logging_mixin.py:190} INFO - [2024-09-22T23:30:50.586+0000] {dagbag.py:587} INFO - Filling up the DagBag from /home/airflow/.local/lib/python3.12/site-packages/airflow/example_dags/example_task_group_decorator.py
[2024-09-22T23:30:50.619+0000] {processor.py:925} INFO - DAG(s) 'example_task_group_decorator' retrieved from /home/airflow/.local/lib/python3.12/site-packages/airflow/example_dags/example_task_group_decorator.py
[2024-09-22T23:30:50.651+0000] {logging_mixin.py:190} INFO - [2024-09-22T23:30:50.651+0000] {dag.py:3229} INFO - Sync 1 DAGs
[2024-09-22T23:30:50.672+0000] {logging_mixin.py:190} INFO - [2024-09-22T23:30:50.672+0000] {dag.py:4156} INFO - Setting next_dagrun for example_task_group_decorator to None, run_after=None
[2024-09-22T23:30:50.695+0000] {processor.py:208} INFO - Processing /home/airflow/.local/lib/python3.12/site-packages/airflow/example_dags/example_task_group_decorator.py took 0.124 seconds
[2024-09-22T23:31:20.863+0000] {processor.py:186} INFO - Started process (PID=700) to work on /home/airflow/.local/lib/python3.12/site-packages/airflow/example_dags/example_task_group_decorator.py
[2024-09-22T23:31:20.864+0000] {processor.py:914} INFO - Processing file /home/airflow/.local/lib/python3.12/site-packages/airflow/example_dags/example_task_group_decorator.py for tasks to queue
[2024-09-22T23:31:20.869+0000] {logging_mixin.py:190} INFO - [2024-09-22T23:31:20.868+0000] {dagbag.py:587} INFO - Filling up the DagBag from /home/airflow/.local/lib/python3.12/site-packages/airflow/example_dags/example_task_group_decorator.py
[2024-09-22T23:31:20.895+0000] {processor.py:925} INFO - DAG(s) 'example_task_group_decorator' retrieved from /home/airflow/.local/lib/python3.12/site-packages/airflow/example_dags/example_task_group_decorator.py
[2024-09-22T23:31:20.938+0000] {logging_mixin.py:190} INFO - [2024-09-22T23:31:20.937+0000] {dag.py:3229} INFO - Sync 1 DAGs
[2024-09-22T23:31:20.957+0000] {logging_mixin.py:190} INFO - [2024-09-22T23:31:20.957+0000] {dag.py:4156} INFO - Setting next_dagrun for example_task_group_decorator to None, run_after=None
[2024-09-22T23:31:20.982+0000] {processor.py:208} INFO - Processing /home/airflow/.local/lib/python3.12/site-packages/airflow/example_dags/example_task_group_decorator.py took 0.128 seconds
[2024-09-22T23:31:51.510+0000] {processor.py:186} INFO - Started process (PID=762) to work on /home/airflow/.local/lib/python3.12/site-packages/airflow/example_dags/example_task_group_decorator.py
[2024-09-22T23:31:51.512+0000] {processor.py:914} INFO - Processing file /home/airflow/.local/lib/python3.12/site-packages/airflow/example_dags/example_task_group_decorator.py for tasks to queue
[2024-09-22T23:31:51.516+0000] {logging_mixin.py:190} INFO - [2024-09-22T23:31:51.516+0000] {dagbag.py:587} INFO - Filling up the DagBag from /home/airflow/.local/lib/python3.12/site-packages/airflow/example_dags/example_task_group_decorator.py
[2024-09-22T23:31:51.542+0000] {processor.py:925} INFO - DAG(s) 'example_task_group_decorator' retrieved from /home/airflow/.local/lib/python3.12/site-packages/airflow/example_dags/example_task_group_decorator.py
[2024-09-22T23:31:51.589+0000] {logging_mixin.py:190} INFO - [2024-09-22T23:31:51.589+0000] {dag.py:3229} INFO - Sync 1 DAGs
[2024-09-22T23:31:51.609+0000] {logging_mixin.py:190} INFO - [2024-09-22T23:31:51.609+0000] {dag.py:4156} INFO - Setting next_dagrun for example_task_group_decorator to None, run_after=None
[2024-09-22T23:31:51.634+0000] {processor.py:208} INFO - Processing /home/airflow/.local/lib/python3.12/site-packages/airflow/example_dags/example_task_group_decorator.py took 0.133 seconds
[2024-09-22T23:32:22.099+0000] {processor.py:186} INFO - Started process (PID=825) to work on /home/airflow/.local/lib/python3.12/site-packages/airflow/example_dags/example_task_group_decorator.py
[2024-09-22T23:32:22.100+0000] {processor.py:914} INFO - Processing file /home/airflow/.local/lib/python3.12/site-packages/airflow/example_dags/example_task_group_decorator.py for tasks to queue
[2024-09-22T23:32:22.104+0000] {logging_mixin.py:190} INFO - [2024-09-22T23:32:22.104+0000] {dagbag.py:587} INFO - Filling up the DagBag from /home/airflow/.local/lib/python3.12/site-packages/airflow/example_dags/example_task_group_decorator.py
[2024-09-22T23:32:22.140+0000] {processor.py:925} INFO - DAG(s) 'example_task_group_decorator' retrieved from /home/airflow/.local/lib/python3.12/site-packages/airflow/example_dags/example_task_group_decorator.py
[2024-09-22T23:32:22.186+0000] {logging_mixin.py:190} INFO - [2024-09-22T23:32:22.185+0000] {dag.py:3229} INFO - Sync 1 DAGs
[2024-09-22T23:32:22.213+0000] {logging_mixin.py:190} INFO - [2024-09-22T23:32:22.212+0000] {dag.py:4156} INFO - Setting next_dagrun for example_task_group_decorator to None, run_after=None
[2024-09-22T23:32:22.239+0000] {processor.py:208} INFO - Processing /home/airflow/.local/lib/python3.12/site-packages/airflow/example_dags/example_task_group_decorator.py took 0.149 seconds
[2024-09-22T23:32:52.811+0000] {processor.py:186} INFO - Started process (PID=888) to work on /home/airflow/.local/lib/python3.12/site-packages/airflow/example_dags/example_task_group_decorator.py
[2024-09-22T23:32:52.813+0000] {processor.py:914} INFO - Processing file /home/airflow/.local/lib/python3.12/site-packages/airflow/example_dags/example_task_group_decorator.py for tasks to queue
[2024-09-22T23:32:52.819+0000] {logging_mixin.py:190} INFO - [2024-09-22T23:32:52.818+0000] {dagbag.py:587} INFO - Filling up the DagBag from /home/airflow/.local/lib/python3.12/site-packages/airflow/example_dags/example_task_group_decorator.py
[2024-09-22T23:32:52.855+0000] {processor.py:925} INFO - DAG(s) 'example_task_group_decorator' retrieved from /home/airflow/.local/lib/python3.12/site-packages/airflow/example_dags/example_task_group_decorator.py
[2024-09-22T23:32:52.897+0000] {logging_mixin.py:190} INFO - [2024-09-22T23:32:52.896+0000] {dag.py:3229} INFO - Sync 1 DAGs
[2024-09-22T23:32:52.920+0000] {logging_mixin.py:190} INFO - [2024-09-22T23:32:52.920+0000] {dag.py:4156} INFO - Setting next_dagrun for example_task_group_decorator to None, run_after=None
[2024-09-22T23:32:52.944+0000] {processor.py:208} INFO - Processing /home/airflow/.local/lib/python3.12/site-packages/airflow/example_dags/example_task_group_decorator.py took 0.146 seconds
[2024-09-22T23:33:23.099+0000] {processor.py:186} INFO - Started process (PID=951) to work on /home/airflow/.local/lib/python3.12/site-packages/airflow/example_dags/example_task_group_decorator.py
[2024-09-22T23:33:23.101+0000] {processor.py:914} INFO - Processing file /home/airflow/.local/lib/python3.12/site-packages/airflow/example_dags/example_task_group_decorator.py for tasks to queue
[2024-09-22T23:33:23.105+0000] {logging_mixin.py:190} INFO - [2024-09-22T23:33:23.105+0000] {dagbag.py:587} INFO - Filling up the DagBag from /home/airflow/.local/lib/python3.12/site-packages/airflow/example_dags/example_task_group_decorator.py
[2024-09-22T23:33:23.141+0000] {processor.py:925} INFO - DAG(s) 'example_task_group_decorator' retrieved from /home/airflow/.local/lib/python3.12/site-packages/airflow/example_dags/example_task_group_decorator.py
[2024-09-22T23:33:23.186+0000] {logging_mixin.py:190} INFO - [2024-09-22T23:33:23.186+0000] {dag.py:3229} INFO - Sync 1 DAGs
[2024-09-22T23:33:23.206+0000] {logging_mixin.py:190} INFO - [2024-09-22T23:33:23.205+0000] {dag.py:4156} INFO - Setting next_dagrun for example_task_group_decorator to None, run_after=None
[2024-09-22T23:33:23.230+0000] {processor.py:208} INFO - Processing /home/airflow/.local/lib/python3.12/site-packages/airflow/example_dags/example_task_group_decorator.py took 0.141 seconds
[2024-09-22T23:33:53.434+0000] {processor.py:186} INFO - Started process (PID=1014) to work on /home/airflow/.local/lib/python3.12/site-packages/airflow/example_dags/example_task_group_decorator.py
[2024-09-22T23:33:53.437+0000] {processor.py:914} INFO - Processing file /home/airflow/.local/lib/python3.12/site-packages/airflow/example_dags/example_task_group_decorator.py for tasks to queue
[2024-09-22T23:33:53.442+0000] {logging_mixin.py:190} INFO - [2024-09-22T23:33:53.442+0000] {dagbag.py:587} INFO - Filling up the DagBag from /home/airflow/.local/lib/python3.12/site-packages/airflow/example_dags/example_task_group_decorator.py
[2024-09-22T23:33:53.469+0000] {processor.py:925} INFO - DAG(s) 'example_task_group_decorator' retrieved from /home/airflow/.local/lib/python3.12/site-packages/airflow/example_dags/example_task_group_decorator.py
[2024-09-22T23:33:53.506+0000] {logging_mixin.py:190} INFO - [2024-09-22T23:33:53.505+0000] {dag.py:3229} INFO - Sync 1 DAGs
[2024-09-22T23:33:53.525+0000] {logging_mixin.py:190} INFO - [2024-09-22T23:33:53.525+0000] {dag.py:4156} INFO - Setting next_dagrun for example_task_group_decorator to None, run_after=None
[2024-09-22T23:33:53.551+0000] {processor.py:208} INFO - Processing /home/airflow/.local/lib/python3.12/site-packages/airflow/example_dags/example_task_group_decorator.py took 0.129 seconds
[2024-09-22T23:34:23.682+0000] {processor.py:186} INFO - Started process (PID=1077) to work on /home/airflow/.local/lib/python3.12/site-packages/airflow/example_dags/example_task_group_decorator.py
[2024-09-22T23:34:23.684+0000] {processor.py:914} INFO - Processing file /home/airflow/.local/lib/python3.12/site-packages/airflow/example_dags/example_task_group_decorator.py for tasks to queue
[2024-09-22T23:34:23.689+0000] {logging_mixin.py:190} INFO - [2024-09-22T23:34:23.688+0000] {dagbag.py:587} INFO - Filling up the DagBag from /home/airflow/.local/lib/python3.12/site-packages/airflow/example_dags/example_task_group_decorator.py
[2024-09-22T23:34:23.719+0000] {processor.py:925} INFO - DAG(s) 'example_task_group_decorator' retrieved from /home/airflow/.local/lib/python3.12/site-packages/airflow/example_dags/example_task_group_decorator.py
[2024-09-22T23:34:23.755+0000] {logging_mixin.py:190} INFO - [2024-09-22T23:34:23.754+0000] {dag.py:3229} INFO - Sync 1 DAGs
[2024-09-22T23:34:23.774+0000] {logging_mixin.py:190} INFO - [2024-09-22T23:34:23.773+0000] {dag.py:4156} INFO - Setting next_dagrun for example_task_group_decorator to None, run_after=None
[2024-09-22T23:34:23.798+0000] {processor.py:208} INFO - Processing /home/airflow/.local/lib/python3.12/site-packages/airflow/example_dags/example_task_group_decorator.py took 0.125 seconds
[2024-09-22T23:34:54.028+0000] {processor.py:186} INFO - Started process (PID=1140) to work on /home/airflow/.local/lib/python3.12/site-packages/airflow/example_dags/example_task_group_decorator.py
[2024-09-22T23:34:54.031+0000] {processor.py:914} INFO - Processing file /home/airflow/.local/lib/python3.12/site-packages/airflow/example_dags/example_task_group_decorator.py for tasks to queue
[2024-09-22T23:34:54.035+0000] {logging_mixin.py:190} INFO - [2024-09-22T23:34:54.034+0000] {dagbag.py:587} INFO - Filling up the DagBag from /home/airflow/.local/lib/python3.12/site-packages/airflow/example_dags/example_task_group_decorator.py
[2024-09-22T23:34:54.062+0000] {processor.py:925} INFO - DAG(s) 'example_task_group_decorator' retrieved from /home/airflow/.local/lib/python3.12/site-packages/airflow/example_dags/example_task_group_decorator.py
[2024-09-22T23:34:54.097+0000] {logging_mixin.py:190} INFO - [2024-09-22T23:34:54.096+0000] {dag.py:3229} INFO - Sync 1 DAGs
[2024-09-22T23:34:54.117+0000] {logging_mixin.py:190} INFO - [2024-09-22T23:34:54.116+0000] {dag.py:4156} INFO - Setting next_dagrun for example_task_group_decorator to None, run_after=None
[2024-09-22T23:34:54.143+0000] {processor.py:208} INFO - Processing /home/airflow/.local/lib/python3.12/site-packages/airflow/example_dags/example_task_group_decorator.py took 0.128 seconds
[2024-09-22T23:35:24.282+0000] {processor.py:186} INFO - Started process (PID=1203) to work on /home/airflow/.local/lib/python3.12/site-packages/airflow/example_dags/example_task_group_decorator.py
[2024-09-22T23:35:24.284+0000] {processor.py:914} INFO - Processing file /home/airflow/.local/lib/python3.12/site-packages/airflow/example_dags/example_task_group_decorator.py for tasks to queue
[2024-09-22T23:35:24.287+0000] {logging_mixin.py:190} INFO - [2024-09-22T23:35:24.287+0000] {dagbag.py:587} INFO - Filling up the DagBag from /home/airflow/.local/lib/python3.12/site-packages/airflow/example_dags/example_task_group_decorator.py
[2024-09-22T23:35:24.313+0000] {processor.py:925} INFO - DAG(s) 'example_task_group_decorator' retrieved from /home/airflow/.local/lib/python3.12/site-packages/airflow/example_dags/example_task_group_decorator.py
[2024-09-22T23:35:24.349+0000] {logging_mixin.py:190} INFO - [2024-09-22T23:35:24.349+0000] {dag.py:3229} INFO - Sync 1 DAGs
[2024-09-22T23:35:24.368+0000] {logging_mixin.py:190} INFO - [2024-09-22T23:35:24.367+0000] {dag.py:4156} INFO - Setting next_dagrun for example_task_group_decorator to None, run_after=None
[2024-09-22T23:35:24.391+0000] {processor.py:208} INFO - Processing /home/airflow/.local/lib/python3.12/site-packages/airflow/example_dags/example_task_group_decorator.py took 0.119 seconds
[2024-09-22T23:35:54.701+0000] {processor.py:186} INFO - Started process (PID=1266) to work on /home/airflow/.local/lib/python3.12/site-packages/airflow/example_dags/example_task_group_decorator.py
[2024-09-22T23:35:54.703+0000] {processor.py:914} INFO - Processing file /home/airflow/.local/lib/python3.12/site-packages/airflow/example_dags/example_task_group_decorator.py for tasks to queue
[2024-09-22T23:35:54.707+0000] {logging_mixin.py:190} INFO - [2024-09-22T23:35:54.707+0000] {dagbag.py:587} INFO - Filling up the DagBag from /home/airflow/.local/lib/python3.12/site-packages/airflow/example_dags/example_task_group_decorator.py
[2024-09-22T23:35:54.734+0000] {processor.py:925} INFO - DAG(s) 'example_task_group_decorator' retrieved from /home/airflow/.local/lib/python3.12/site-packages/airflow/example_dags/example_task_group_decorator.py
[2024-09-22T23:35:54.775+0000] {logging_mixin.py:190} INFO - [2024-09-22T23:35:54.775+0000] {dag.py:3229} INFO - Sync 1 DAGs
[2024-09-22T23:35:54.795+0000] {logging_mixin.py:190} INFO - [2024-09-22T23:35:54.794+0000] {dag.py:4156} INFO - Setting next_dagrun for example_task_group_decorator to None, run_after=None
[2024-09-22T23:35:54.818+0000] {processor.py:208} INFO - Processing /home/airflow/.local/lib/python3.12/site-packages/airflow/example_dags/example_task_group_decorator.py took 0.125 seconds
[2024-09-22T23:36:25.705+0000] {processor.py:186} INFO - Started process (PID=1329) to work on /home/airflow/.local/lib/python3.12/site-packages/airflow/example_dags/example_task_group_decorator.py
[2024-09-22T23:36:25.707+0000] {processor.py:914} INFO - Processing file /home/airflow/.local/lib/python3.12/site-packages/airflow/example_dags/example_task_group_decorator.py for tasks to queue
[2024-09-22T23:36:25.712+0000] {logging_mixin.py:190} INFO - [2024-09-22T23:36:25.712+0000] {dagbag.py:587} INFO - Filling up the DagBag from /home/airflow/.local/lib/python3.12/site-packages/airflow/example_dags/example_task_group_decorator.py
[2024-09-22T23:36:25.746+0000] {processor.py:925} INFO - DAG(s) 'example_task_group_decorator' retrieved from /home/airflow/.local/lib/python3.12/site-packages/airflow/example_dags/example_task_group_decorator.py
[2024-09-22T23:36:25.786+0000] {logging_mixin.py:190} INFO - [2024-09-22T23:36:25.785+0000] {dag.py:3229} INFO - Sync 1 DAGs
[2024-09-22T23:36:25.808+0000] {logging_mixin.py:190} INFO - [2024-09-22T23:36:25.808+0000] {dag.py:4156} INFO - Setting next_dagrun for example_task_group_decorator to None, run_after=None
[2024-09-22T23:36:25.837+0000] {processor.py:208} INFO - Processing /home/airflow/.local/lib/python3.12/site-packages/airflow/example_dags/example_task_group_decorator.py took 0.144 seconds
[2024-09-22T23:36:56.128+0000] {processor.py:186} INFO - Started process (PID=1392) to work on /home/airflow/.local/lib/python3.12/site-packages/airflow/example_dags/example_task_group_decorator.py
[2024-09-22T23:36:56.130+0000] {processor.py:914} INFO - Processing file /home/airflow/.local/lib/python3.12/site-packages/airflow/example_dags/example_task_group_decorator.py for tasks to queue
[2024-09-22T23:36:56.133+0000] {logging_mixin.py:190} INFO - [2024-09-22T23:36:56.133+0000] {dagbag.py:587} INFO - Filling up the DagBag from /home/airflow/.local/lib/python3.12/site-packages/airflow/example_dags/example_task_group_decorator.py
[2024-09-22T23:36:56.160+0000] {processor.py:925} INFO - DAG(s) 'example_task_group_decorator' retrieved from /home/airflow/.local/lib/python3.12/site-packages/airflow/example_dags/example_task_group_decorator.py
[2024-09-22T23:36:56.193+0000] {logging_mixin.py:190} INFO - [2024-09-22T23:36:56.193+0000] {dag.py:3229} INFO - Sync 1 DAGs
[2024-09-22T23:36:56.212+0000] {logging_mixin.py:190} INFO - [2024-09-22T23:36:56.212+0000] {dag.py:4156} INFO - Setting next_dagrun for example_task_group_decorator to None, run_after=None
[2024-09-22T23:36:56.236+0000] {processor.py:208} INFO - Processing /home/airflow/.local/lib/python3.12/site-packages/airflow/example_dags/example_task_group_decorator.py took 0.119 seconds
[2024-09-22T23:37:26.535+0000] {processor.py:186} INFO - Started process (PID=1455) to work on /home/airflow/.local/lib/python3.12/site-packages/airflow/example_dags/example_task_group_decorator.py
[2024-09-22T23:37:26.536+0000] {processor.py:914} INFO - Processing file /home/airflow/.local/lib/python3.12/site-packages/airflow/example_dags/example_task_group_decorator.py for tasks to queue
[2024-09-22T23:37:26.540+0000] {logging_mixin.py:190} INFO - [2024-09-22T23:37:26.539+0000] {dagbag.py:587} INFO - Filling up the DagBag from /home/airflow/.local/lib/python3.12/site-packages/airflow/example_dags/example_task_group_decorator.py
[2024-09-22T23:37:26.568+0000] {processor.py:925} INFO - DAG(s) 'example_task_group_decorator' retrieved from /home/airflow/.local/lib/python3.12/site-packages/airflow/example_dags/example_task_group_decorator.py
[2024-09-22T23:37:26.602+0000] {logging_mixin.py:190} INFO - [2024-09-22T23:37:26.602+0000] {dag.py:3229} INFO - Sync 1 DAGs
[2024-09-22T23:37:26.625+0000] {logging_mixin.py:190} INFO - [2024-09-22T23:37:26.624+0000] {dag.py:4156} INFO - Setting next_dagrun for example_task_group_decorator to None, run_after=None
[2024-09-22T23:37:26.649+0000] {processor.py:208} INFO - Processing /home/airflow/.local/lib/python3.12/site-packages/airflow/example_dags/example_task_group_decorator.py took 0.124 seconds
[2024-09-22T23:37:56.815+0000] {processor.py:186} INFO - Started process (PID=1518) to work on /home/airflow/.local/lib/python3.12/site-packages/airflow/example_dags/example_task_group_decorator.py
[2024-09-22T23:37:56.817+0000] {processor.py:914} INFO - Processing file /home/airflow/.local/lib/python3.12/site-packages/airflow/example_dags/example_task_group_decorator.py for tasks to queue
[2024-09-22T23:37:56.822+0000] {logging_mixin.py:190} INFO - [2024-09-22T23:37:56.821+0000] {dagbag.py:587} INFO - Filling up the DagBag from /home/airflow/.local/lib/python3.12/site-packages/airflow/example_dags/example_task_group_decorator.py
[2024-09-22T23:37:56.850+0000] {processor.py:925} INFO - DAG(s) 'example_task_group_decorator' retrieved from /home/airflow/.local/lib/python3.12/site-packages/airflow/example_dags/example_task_group_decorator.py
[2024-09-22T23:37:56.898+0000] {logging_mixin.py:190} INFO - [2024-09-22T23:37:56.898+0000] {dag.py:3229} INFO - Sync 1 DAGs
[2024-09-22T23:37:56.921+0000] {logging_mixin.py:190} INFO - [2024-09-22T23:37:56.921+0000] {dag.py:4156} INFO - Setting next_dagrun for example_task_group_decorator to None, run_after=None
[2024-09-22T23:37:56.944+0000] {processor.py:208} INFO - Processing /home/airflow/.local/lib/python3.12/site-packages/airflow/example_dags/example_task_group_decorator.py took 0.139 seconds
[2024-09-22T23:38:27.342+0000] {processor.py:186} INFO - Started process (PID=1581) to work on /home/airflow/.local/lib/python3.12/site-packages/airflow/example_dags/example_task_group_decorator.py
[2024-09-22T23:38:27.344+0000] {processor.py:914} INFO - Processing file /home/airflow/.local/lib/python3.12/site-packages/airflow/example_dags/example_task_group_decorator.py for tasks to queue
[2024-09-22T23:38:27.350+0000] {logging_mixin.py:190} INFO - [2024-09-22T23:38:27.349+0000] {dagbag.py:587} INFO - Filling up the DagBag from /home/airflow/.local/lib/python3.12/site-packages/airflow/example_dags/example_task_group_decorator.py
[2024-09-22T23:38:27.388+0000] {processor.py:925} INFO - DAG(s) 'example_task_group_decorator' retrieved from /home/airflow/.local/lib/python3.12/site-packages/airflow/example_dags/example_task_group_decorator.py
[2024-09-22T23:38:27.429+0000] {logging_mixin.py:190} INFO - [2024-09-22T23:38:27.429+0000] {dag.py:3229} INFO - Sync 1 DAGs
[2024-09-22T23:38:27.454+0000] {logging_mixin.py:190} INFO - [2024-09-22T23:38:27.453+0000] {dag.py:4156} INFO - Setting next_dagrun for example_task_group_decorator to None, run_after=None
[2024-09-22T23:38:27.488+0000] {processor.py:208} INFO - Processing /home/airflow/.local/lib/python3.12/site-packages/airflow/example_dags/example_task_group_decorator.py took 0.159 seconds
[2024-09-22T23:38:57.937+0000] {processor.py:186} INFO - Started process (PID=1644) to work on /home/airflow/.local/lib/python3.12/site-packages/airflow/example_dags/example_task_group_decorator.py
[2024-09-22T23:38:57.939+0000] {processor.py:914} INFO - Processing file /home/airflow/.local/lib/python3.12/site-packages/airflow/example_dags/example_task_group_decorator.py for tasks to queue
[2024-09-22T23:38:57.943+0000] {logging_mixin.py:190} INFO - [2024-09-22T23:38:57.943+0000] {dagbag.py:587} INFO - Filling up the DagBag from /home/airflow/.local/lib/python3.12/site-packages/airflow/example_dags/example_task_group_decorator.py
[2024-09-22T23:38:57.973+0000] {processor.py:925} INFO - DAG(s) 'example_task_group_decorator' retrieved from /home/airflow/.local/lib/python3.12/site-packages/airflow/example_dags/example_task_group_decorator.py
[2024-09-22T23:38:58.018+0000] {logging_mixin.py:190} INFO - [2024-09-22T23:38:58.017+0000] {dag.py:3229} INFO - Sync 1 DAGs
[2024-09-22T23:38:58.037+0000] {logging_mixin.py:190} INFO - [2024-09-22T23:38:58.037+0000] {dag.py:4156} INFO - Setting next_dagrun for example_task_group_decorator to None, run_after=None
[2024-09-22T23:38:58.060+0000] {processor.py:208} INFO - Processing /home/airflow/.local/lib/python3.12/site-packages/airflow/example_dags/example_task_group_decorator.py took 0.132 seconds
[2024-09-22T23:39:28.438+0000] {processor.py:186} INFO - Started process (PID=1707) to work on /home/airflow/.local/lib/python3.12/site-packages/airflow/example_dags/example_task_group_decorator.py
[2024-09-22T23:39:28.439+0000] {processor.py:914} INFO - Processing file /home/airflow/.local/lib/python3.12/site-packages/airflow/example_dags/example_task_group_decorator.py for tasks to queue
[2024-09-22T23:39:28.443+0000] {logging_mixin.py:190} INFO - [2024-09-22T23:39:28.443+0000] {dagbag.py:587} INFO - Filling up the DagBag from /home/airflow/.local/lib/python3.12/site-packages/airflow/example_dags/example_task_group_decorator.py
[2024-09-22T23:39:28.470+0000] {processor.py:925} INFO - DAG(s) 'example_task_group_decorator' retrieved from /home/airflow/.local/lib/python3.12/site-packages/airflow/example_dags/example_task_group_decorator.py
[2024-09-22T23:39:28.504+0000] {logging_mixin.py:190} INFO - [2024-09-22T23:39:28.504+0000] {dag.py:3229} INFO - Sync 1 DAGs
[2024-09-22T23:39:28.525+0000] {logging_mixin.py:190} INFO - [2024-09-22T23:39:28.525+0000] {dag.py:4156} INFO - Setting next_dagrun for example_task_group_decorator to None, run_after=None
[2024-09-22T23:39:28.547+0000] {processor.py:208} INFO - Processing /home/airflow/.local/lib/python3.12/site-packages/airflow/example_dags/example_task_group_decorator.py took 0.118 seconds
[2024-09-22T23:39:59.000+0000] {processor.py:186} INFO - Started process (PID=1770) to work on /home/airflow/.local/lib/python3.12/site-packages/airflow/example_dags/example_task_group_decorator.py
[2024-09-22T23:39:59.003+0000] {processor.py:914} INFO - Processing file /home/airflow/.local/lib/python3.12/site-packages/airflow/example_dags/example_task_group_decorator.py for tasks to queue
[2024-09-22T23:39:59.007+0000] {logging_mixin.py:190} INFO - [2024-09-22T23:39:59.006+0000] {dagbag.py:587} INFO - Filling up the DagBag from /home/airflow/.local/lib/python3.12/site-packages/airflow/example_dags/example_task_group_decorator.py
[2024-09-22T23:39:59.037+0000] {processor.py:925} INFO - DAG(s) 'example_task_group_decorator' retrieved from /home/airflow/.local/lib/python3.12/site-packages/airflow/example_dags/example_task_group_decorator.py
[2024-09-22T23:39:59.072+0000] {logging_mixin.py:190} INFO - [2024-09-22T23:39:59.072+0000] {dag.py:3229} INFO - Sync 1 DAGs
[2024-09-22T23:39:59.092+0000] {logging_mixin.py:190} INFO - [2024-09-22T23:39:59.091+0000] {dag.py:4156} INFO - Setting next_dagrun for example_task_group_decorator to None, run_after=None
[2024-09-22T23:39:59.116+0000] {processor.py:208} INFO - Processing /home/airflow/.local/lib/python3.12/site-packages/airflow/example_dags/example_task_group_decorator.py took 0.128 seconds
[2024-09-22T23:40:31.539+0000] {processor.py:186} INFO - Started process (PID=1831) to work on /home/airflow/.local/lib/python3.12/site-packages/airflow/example_dags/example_task_group_decorator.py
[2024-09-22T23:40:31.541+0000] {processor.py:914} INFO - Processing file /home/airflow/.local/lib/python3.12/site-packages/airflow/example_dags/example_task_group_decorator.py for tasks to queue
[2024-09-22T23:40:31.546+0000] {logging_mixin.py:190} INFO - [2024-09-22T23:40:31.545+0000] {dagbag.py:587} INFO - Filling up the DagBag from /home/airflow/.local/lib/python3.12/site-packages/airflow/example_dags/example_task_group_decorator.py
[2024-09-22T23:40:31.572+0000] {processor.py:925} INFO - DAG(s) 'example_task_group_decorator' retrieved from /home/airflow/.local/lib/python3.12/site-packages/airflow/example_dags/example_task_group_decorator.py
[2024-09-22T23:40:31.608+0000] {logging_mixin.py:190} INFO - [2024-09-22T23:40:31.607+0000] {dag.py:3229} INFO - Sync 1 DAGs
[2024-09-22T23:40:31.949+0000] {logging_mixin.py:190} INFO - [2024-09-22T23:40:31.949+0000] {dag.py:4156} INFO - Setting next_dagrun for example_task_group_decorator to None, run_after=None
[2024-09-22T23:40:31.977+0000] {processor.py:208} INFO - Processing /home/airflow/.local/lib/python3.12/site-packages/airflow/example_dags/example_task_group_decorator.py took 0.449 seconds
[2024-09-22T23:41:02.899+0000] {processor.py:186} INFO - Started process (PID=1900) to work on /home/airflow/.local/lib/python3.12/site-packages/airflow/example_dags/example_task_group_decorator.py
[2024-09-22T23:41:02.901+0000] {processor.py:914} INFO - Processing file /home/airflow/.local/lib/python3.12/site-packages/airflow/example_dags/example_task_group_decorator.py for tasks to queue
[2024-09-22T23:41:02.907+0000] {logging_mixin.py:190} INFO - [2024-09-22T23:41:02.907+0000] {dagbag.py:587} INFO - Filling up the DagBag from /home/airflow/.local/lib/python3.12/site-packages/airflow/example_dags/example_task_group_decorator.py
[2024-09-22T23:41:02.968+0000] {processor.py:925} INFO - DAG(s) 'example_task_group_decorator' retrieved from /home/airflow/.local/lib/python3.12/site-packages/airflow/example_dags/example_task_group_decorator.py
[2024-09-22T23:41:03.015+0000] {logging_mixin.py:190} INFO - [2024-09-22T23:41:03.015+0000] {dag.py:3229} INFO - Sync 1 DAGs
[2024-09-22T23:41:03.043+0000] {logging_mixin.py:190} INFO - [2024-09-22T23:41:03.042+0000] {dag.py:4156} INFO - Setting next_dagrun for example_task_group_decorator to None, run_after=None
[2024-09-22T23:41:03.075+0000] {processor.py:208} INFO - Processing /home/airflow/.local/lib/python3.12/site-packages/airflow/example_dags/example_task_group_decorator.py took 0.189 seconds
[2024-09-22T23:41:33.213+0000] {processor.py:186} INFO - Started process (PID=1963) to work on /home/airflow/.local/lib/python3.12/site-packages/airflow/example_dags/example_task_group_decorator.py
[2024-09-22T23:41:33.214+0000] {processor.py:914} INFO - Processing file /home/airflow/.local/lib/python3.12/site-packages/airflow/example_dags/example_task_group_decorator.py for tasks to queue
[2024-09-22T23:41:33.218+0000] {logging_mixin.py:190} INFO - [2024-09-22T23:41:33.217+0000] {dagbag.py:587} INFO - Filling up the DagBag from /home/airflow/.local/lib/python3.12/site-packages/airflow/example_dags/example_task_group_decorator.py
[2024-09-22T23:41:33.244+0000] {processor.py:925} INFO - DAG(s) 'example_task_group_decorator' retrieved from /home/airflow/.local/lib/python3.12/site-packages/airflow/example_dags/example_task_group_decorator.py
[2024-09-22T23:41:33.280+0000] {logging_mixin.py:190} INFO - [2024-09-22T23:41:33.280+0000] {dag.py:3229} INFO - Sync 1 DAGs
[2024-09-22T23:41:33.301+0000] {logging_mixin.py:190} INFO - [2024-09-22T23:41:33.300+0000] {dag.py:4156} INFO - Setting next_dagrun for example_task_group_decorator to None, run_after=None
[2024-09-22T23:41:33.325+0000] {processor.py:208} INFO - Processing /home/airflow/.local/lib/python3.12/site-packages/airflow/example_dags/example_task_group_decorator.py took 0.122 seconds
[2024-09-22T23:42:05.229+0000] {processor.py:186} INFO - Started process (PID=2026) to work on /home/airflow/.local/lib/python3.12/site-packages/airflow/example_dags/example_task_group_decorator.py
[2024-09-22T23:42:05.232+0000] {processor.py:914} INFO - Processing file /home/airflow/.local/lib/python3.12/site-packages/airflow/example_dags/example_task_group_decorator.py for tasks to queue
[2024-09-22T23:42:05.236+0000] {logging_mixin.py:190} INFO - [2024-09-22T23:42:05.235+0000] {dagbag.py:587} INFO - Filling up the DagBag from /home/airflow/.local/lib/python3.12/site-packages/airflow/example_dags/example_task_group_decorator.py
[2024-09-22T23:42:05.550+0000] {processor.py:925} INFO - DAG(s) 'example_task_group_decorator' retrieved from /home/airflow/.local/lib/python3.12/site-packages/airflow/example_dags/example_task_group_decorator.py
[2024-09-22T23:42:05.580+0000] {logging_mixin.py:190} INFO - [2024-09-22T23:42:05.579+0000] {dag.py:3229} INFO - Sync 1 DAGs
[2024-09-22T23:42:05.596+0000] {logging_mixin.py:190} INFO - [2024-09-22T23:42:05.596+0000] {dag.py:4156} INFO - Setting next_dagrun for example_task_group_decorator to None, run_after=None
[2024-09-22T23:42:05.618+0000] {processor.py:208} INFO - Processing /home/airflow/.local/lib/python3.12/site-packages/airflow/example_dags/example_task_group_decorator.py took 0.401 seconds
[2024-09-22T23:42:36.071+0000] {processor.py:186} INFO - Started process (PID=2088) to work on /home/airflow/.local/lib/python3.12/site-packages/airflow/example_dags/example_task_group_decorator.py
[2024-09-22T23:42:36.074+0000] {processor.py:914} INFO - Processing file /home/airflow/.local/lib/python3.12/site-packages/airflow/example_dags/example_task_group_decorator.py for tasks to queue
[2024-09-22T23:42:36.080+0000] {logging_mixin.py:190} INFO - [2024-09-22T23:42:36.079+0000] {dagbag.py:587} INFO - Filling up the DagBag from /home/airflow/.local/lib/python3.12/site-packages/airflow/example_dags/example_task_group_decorator.py
[2024-09-22T23:42:36.109+0000] {processor.py:925} INFO - DAG(s) 'example_task_group_decorator' retrieved from /home/airflow/.local/lib/python3.12/site-packages/airflow/example_dags/example_task_group_decorator.py
[2024-09-22T23:42:36.143+0000] {logging_mixin.py:190} INFO - [2024-09-22T23:42:36.142+0000] {dag.py:3229} INFO - Sync 1 DAGs
[2024-09-22T23:42:36.166+0000] {logging_mixin.py:190} INFO - [2024-09-22T23:42:36.165+0000] {dag.py:4156} INFO - Setting next_dagrun for example_task_group_decorator to None, run_after=None
[2024-09-22T23:42:36.190+0000] {processor.py:208} INFO - Processing /home/airflow/.local/lib/python3.12/site-packages/airflow/example_dags/example_task_group_decorator.py took 0.130 seconds
[2024-09-22T23:43:07.242+0000] {processor.py:186} INFO - Started process (PID=2152) to work on /home/airflow/.local/lib/python3.12/site-packages/airflow/example_dags/example_task_group_decorator.py
[2024-09-22T23:43:07.245+0000] {processor.py:914} INFO - Processing file /home/airflow/.local/lib/python3.12/site-packages/airflow/example_dags/example_task_group_decorator.py for tasks to queue
[2024-09-22T23:43:07.252+0000] {logging_mixin.py:190} INFO - [2024-09-22T23:43:07.251+0000] {dagbag.py:587} INFO - Filling up the DagBag from /home/airflow/.local/lib/python3.12/site-packages/airflow/example_dags/example_task_group_decorator.py
[2024-09-22T23:43:07.322+0000] {processor.py:925} INFO - DAG(s) 'example_task_group_decorator' retrieved from /home/airflow/.local/lib/python3.12/site-packages/airflow/example_dags/example_task_group_decorator.py
[2024-09-22T23:43:07.429+0000] {logging_mixin.py:190} INFO - [2024-09-22T23:43:07.428+0000] {dag.py:3229} INFO - Sync 1 DAGs
[2024-09-22T23:43:07.481+0000] {logging_mixin.py:190} INFO - [2024-09-22T23:43:07.481+0000] {dag.py:4156} INFO - Setting next_dagrun for example_task_group_decorator to None, run_after=None
[2024-09-22T23:43:07.533+0000] {processor.py:208} INFO - Processing /home/airflow/.local/lib/python3.12/site-packages/airflow/example_dags/example_task_group_decorator.py took 0.321 seconds
[2024-09-22T23:43:37.669+0000] {processor.py:186} INFO - Started process (PID=2215) to work on /home/airflow/.local/lib/python3.12/site-packages/airflow/example_dags/example_task_group_decorator.py
[2024-09-22T23:43:37.670+0000] {processor.py:914} INFO - Processing file /home/airflow/.local/lib/python3.12/site-packages/airflow/example_dags/example_task_group_decorator.py for tasks to queue
[2024-09-22T23:43:37.673+0000] {logging_mixin.py:190} INFO - [2024-09-22T23:43:37.673+0000] {dagbag.py:587} INFO - Filling up the DagBag from /home/airflow/.local/lib/python3.12/site-packages/airflow/example_dags/example_task_group_decorator.py
[2024-09-22T23:43:37.704+0000] {processor.py:925} INFO - DAG(s) 'example_task_group_decorator' retrieved from /home/airflow/.local/lib/python3.12/site-packages/airflow/example_dags/example_task_group_decorator.py
[2024-09-22T23:43:37.744+0000] {logging_mixin.py:190} INFO - [2024-09-22T23:43:37.743+0000] {dag.py:3229} INFO - Sync 1 DAGs
[2024-09-22T23:43:37.766+0000] {logging_mixin.py:190} INFO - [2024-09-22T23:43:37.765+0000] {dag.py:4156} INFO - Setting next_dagrun for example_task_group_decorator to None, run_after=None
[2024-09-22T23:43:37.791+0000] {processor.py:208} INFO - Processing /home/airflow/.local/lib/python3.12/site-packages/airflow/example_dags/example_task_group_decorator.py took 0.137 seconds
[2024-09-22T23:44:07.833+0000] {processor.py:186} INFO - Started process (PID=2278) to work on /home/airflow/.local/lib/python3.12/site-packages/airflow/example_dags/example_task_group_decorator.py
[2024-09-22T23:44:07.835+0000] {processor.py:914} INFO - Processing file /home/airflow/.local/lib/python3.12/site-packages/airflow/example_dags/example_task_group_decorator.py for tasks to queue
[2024-09-22T23:44:07.839+0000] {logging_mixin.py:190} INFO - [2024-09-22T23:44:07.839+0000] {dagbag.py:587} INFO - Filling up the DagBag from /home/airflow/.local/lib/python3.12/site-packages/airflow/example_dags/example_task_group_decorator.py
[2024-09-22T23:44:07.867+0000] {processor.py:925} INFO - DAG(s) 'example_task_group_decorator' retrieved from /home/airflow/.local/lib/python3.12/site-packages/airflow/example_dags/example_task_group_decorator.py
[2024-09-22T23:44:07.901+0000] {logging_mixin.py:190} INFO - [2024-09-22T23:44:07.901+0000] {dag.py:3229} INFO - Sync 1 DAGs
[2024-09-22T23:44:07.922+0000] {logging_mixin.py:190} INFO - [2024-09-22T23:44:07.922+0000] {dag.py:4156} INFO - Setting next_dagrun for example_task_group_decorator to None, run_after=None
[2024-09-22T23:44:07.946+0000] {processor.py:208} INFO - Processing /home/airflow/.local/lib/python3.12/site-packages/airflow/example_dags/example_task_group_decorator.py took 0.123 seconds
[2024-09-22T23:46:53.338+0000] {processor.py:186} INFO - Started process (PID=81) to work on /home/airflow/.local/lib/python3.12/site-packages/airflow/example_dags/example_task_group_decorator.py
[2024-09-22T23:46:53.340+0000] {processor.py:914} INFO - Processing file /home/airflow/.local/lib/python3.12/site-packages/airflow/example_dags/example_task_group_decorator.py for tasks to queue
[2024-09-22T23:46:53.345+0000] {logging_mixin.py:190} INFO - [2024-09-22T23:46:53.344+0000] {dagbag.py:587} INFO - Filling up the DagBag from /home/airflow/.local/lib/python3.12/site-packages/airflow/example_dags/example_task_group_decorator.py
[2024-09-22T23:46:53.387+0000] {processor.py:925} INFO - DAG(s) 'example_task_group_decorator' retrieved from /home/airflow/.local/lib/python3.12/site-packages/airflow/example_dags/example_task_group_decorator.py
[2024-09-22T23:46:53.446+0000] {logging_mixin.py:190} INFO - [2024-09-22T23:46:53.446+0000] {dag.py:3229} INFO - Sync 1 DAGs
[2024-09-22T23:46:53.475+0000] {logging_mixin.py:190} INFO - [2024-09-22T23:46:53.475+0000] {dag.py:4156} INFO - Setting next_dagrun for example_task_group_decorator to None, run_after=None
[2024-09-22T23:46:53.528+0000] {processor.py:208} INFO - Processing /home/airflow/.local/lib/python3.12/site-packages/airflow/example_dags/example_task_group_decorator.py took 0.203 seconds
[2024-09-22T23:47:23.744+0000] {processor.py:186} INFO - Started process (PID=143) to work on /home/airflow/.local/lib/python3.12/site-packages/airflow/example_dags/example_task_group_decorator.py
[2024-09-22T23:47:23.745+0000] {processor.py:914} INFO - Processing file /home/airflow/.local/lib/python3.12/site-packages/airflow/example_dags/example_task_group_decorator.py for tasks to queue
[2024-09-22T23:47:23.749+0000] {logging_mixin.py:190} INFO - [2024-09-22T23:47:23.748+0000] {dagbag.py:587} INFO - Filling up the DagBag from /home/airflow/.local/lib/python3.12/site-packages/airflow/example_dags/example_task_group_decorator.py
[2024-09-22T23:47:23.782+0000] {processor.py:925} INFO - DAG(s) 'example_task_group_decorator' retrieved from /home/airflow/.local/lib/python3.12/site-packages/airflow/example_dags/example_task_group_decorator.py
[2024-09-22T23:47:23.819+0000] {logging_mixin.py:190} INFO - [2024-09-22T23:47:23.819+0000] {dag.py:3229} INFO - Sync 1 DAGs
[2024-09-22T23:47:23.839+0000] {logging_mixin.py:190} INFO - [2024-09-22T23:47:23.839+0000] {dag.py:4156} INFO - Setting next_dagrun for example_task_group_decorator to None, run_after=None
[2024-09-22T23:47:23.863+0000] {processor.py:208} INFO - Processing /home/airflow/.local/lib/python3.12/site-packages/airflow/example_dags/example_task_group_decorator.py took 0.128 seconds
[2024-09-22T23:47:54.590+0000] {processor.py:186} INFO - Started process (PID=206) to work on /home/airflow/.local/lib/python3.12/site-packages/airflow/example_dags/example_task_group_decorator.py
[2024-09-22T23:47:54.593+0000] {processor.py:914} INFO - Processing file /home/airflow/.local/lib/python3.12/site-packages/airflow/example_dags/example_task_group_decorator.py for tasks to queue
[2024-09-22T23:47:54.596+0000] {logging_mixin.py:190} INFO - [2024-09-22T23:47:54.596+0000] {dagbag.py:587} INFO - Filling up the DagBag from /home/airflow/.local/lib/python3.12/site-packages/airflow/example_dags/example_task_group_decorator.py
[2024-09-22T23:47:54.624+0000] {processor.py:925} INFO - DAG(s) 'example_task_group_decorator' retrieved from /home/airflow/.local/lib/python3.12/site-packages/airflow/example_dags/example_task_group_decorator.py
[2024-09-22T23:47:54.661+0000] {logging_mixin.py:190} INFO - [2024-09-22T23:47:54.661+0000] {dag.py:3229} INFO - Sync 1 DAGs
[2024-09-22T23:47:54.682+0000] {logging_mixin.py:190} INFO - [2024-09-22T23:47:54.681+0000] {dag.py:4156} INFO - Setting next_dagrun for example_task_group_decorator to None, run_after=None
[2024-09-22T23:47:54.706+0000] {processor.py:208} INFO - Processing /home/airflow/.local/lib/python3.12/site-packages/airflow/example_dags/example_task_group_decorator.py took 0.126 seconds
[2024-09-22T23:48:25.116+0000] {processor.py:186} INFO - Started process (PID=269) to work on /home/airflow/.local/lib/python3.12/site-packages/airflow/example_dags/example_task_group_decorator.py
[2024-09-22T23:48:25.118+0000] {processor.py:914} INFO - Processing file /home/airflow/.local/lib/python3.12/site-packages/airflow/example_dags/example_task_group_decorator.py for tasks to queue
[2024-09-22T23:48:25.121+0000] {logging_mixin.py:190} INFO - [2024-09-22T23:48:25.121+0000] {dagbag.py:587} INFO - Filling up the DagBag from /home/airflow/.local/lib/python3.12/site-packages/airflow/example_dags/example_task_group_decorator.py
[2024-09-22T23:48:25.155+0000] {processor.py:925} INFO - DAG(s) 'example_task_group_decorator' retrieved from /home/airflow/.local/lib/python3.12/site-packages/airflow/example_dags/example_task_group_decorator.py
[2024-09-22T23:48:25.194+0000] {logging_mixin.py:190} INFO - [2024-09-22T23:48:25.194+0000] {dag.py:3229} INFO - Sync 1 DAGs
[2024-09-22T23:48:25.214+0000] {logging_mixin.py:190} INFO - [2024-09-22T23:48:25.214+0000] {dag.py:4156} INFO - Setting next_dagrun for example_task_group_decorator to None, run_after=None
[2024-09-22T23:48:25.241+0000] {processor.py:208} INFO - Processing /home/airflow/.local/lib/python3.12/site-packages/airflow/example_dags/example_task_group_decorator.py took 0.135 seconds
[2024-09-22T23:48:55.833+0000] {processor.py:186} INFO - Started process (PID=332) to work on /home/airflow/.local/lib/python3.12/site-packages/airflow/example_dags/example_task_group_decorator.py
[2024-09-22T23:48:55.836+0000] {processor.py:914} INFO - Processing file /home/airflow/.local/lib/python3.12/site-packages/airflow/example_dags/example_task_group_decorator.py for tasks to queue
[2024-09-22T23:48:55.839+0000] {logging_mixin.py:190} INFO - [2024-09-22T23:48:55.839+0000] {dagbag.py:587} INFO - Filling up the DagBag from /home/airflow/.local/lib/python3.12/site-packages/airflow/example_dags/example_task_group_decorator.py
[2024-09-22T23:48:55.875+0000] {processor.py:925} INFO - DAG(s) 'example_task_group_decorator' retrieved from /home/airflow/.local/lib/python3.12/site-packages/airflow/example_dags/example_task_group_decorator.py
[2024-09-22T23:48:55.915+0000] {logging_mixin.py:190} INFO - [2024-09-22T23:48:55.915+0000] {dag.py:3229} INFO - Sync 1 DAGs
[2024-09-22T23:48:55.936+0000] {logging_mixin.py:190} INFO - [2024-09-22T23:48:55.935+0000] {dag.py:4156} INFO - Setting next_dagrun for example_task_group_decorator to None, run_after=None
[2024-09-22T23:48:55.962+0000] {processor.py:208} INFO - Processing /home/airflow/.local/lib/python3.12/site-packages/airflow/example_dags/example_task_group_decorator.py took 0.137 seconds
[2024-09-22T23:49:26.619+0000] {processor.py:186} INFO - Started process (PID=395) to work on /home/airflow/.local/lib/python3.12/site-packages/airflow/example_dags/example_task_group_decorator.py
[2024-09-22T23:49:26.621+0000] {processor.py:914} INFO - Processing file /home/airflow/.local/lib/python3.12/site-packages/airflow/example_dags/example_task_group_decorator.py for tasks to queue
[2024-09-22T23:49:26.624+0000] {logging_mixin.py:190} INFO - [2024-09-22T23:49:26.624+0000] {dagbag.py:587} INFO - Filling up the DagBag from /home/airflow/.local/lib/python3.12/site-packages/airflow/example_dags/example_task_group_decorator.py
[2024-09-22T23:49:26.654+0000] {processor.py:925} INFO - DAG(s) 'example_task_group_decorator' retrieved from /home/airflow/.local/lib/python3.12/site-packages/airflow/example_dags/example_task_group_decorator.py
[2024-09-22T23:49:26.703+0000] {logging_mixin.py:190} INFO - [2024-09-22T23:49:26.703+0000] {dag.py:3229} INFO - Sync 1 DAGs
[2024-09-22T23:49:26.723+0000] {logging_mixin.py:190} INFO - [2024-09-22T23:49:26.723+0000] {dag.py:4156} INFO - Setting next_dagrun for example_task_group_decorator to None, run_after=None
[2024-09-22T23:49:26.746+0000] {processor.py:208} INFO - Processing /home/airflow/.local/lib/python3.12/site-packages/airflow/example_dags/example_task_group_decorator.py took 0.137 seconds
[2024-09-22T23:49:57.041+0000] {processor.py:186} INFO - Started process (PID=458) to work on /home/airflow/.local/lib/python3.12/site-packages/airflow/example_dags/example_task_group_decorator.py
[2024-09-22T23:49:57.043+0000] {processor.py:914} INFO - Processing file /home/airflow/.local/lib/python3.12/site-packages/airflow/example_dags/example_task_group_decorator.py for tasks to queue
[2024-09-22T23:49:57.046+0000] {logging_mixin.py:190} INFO - [2024-09-22T23:49:57.046+0000] {dagbag.py:587} INFO - Filling up the DagBag from /home/airflow/.local/lib/python3.12/site-packages/airflow/example_dags/example_task_group_decorator.py
[2024-09-22T23:49:57.075+0000] {processor.py:925} INFO - DAG(s) 'example_task_group_decorator' retrieved from /home/airflow/.local/lib/python3.12/site-packages/airflow/example_dags/example_task_group_decorator.py
[2024-09-22T23:49:57.122+0000] {logging_mixin.py:190} INFO - [2024-09-22T23:49:57.121+0000] {dag.py:3229} INFO - Sync 1 DAGs
[2024-09-22T23:49:57.152+0000] {logging_mixin.py:190} INFO - [2024-09-22T23:49:57.151+0000] {dag.py:4156} INFO - Setting next_dagrun for example_task_group_decorator to None, run_after=None
[2024-09-22T23:49:57.183+0000] {processor.py:208} INFO - Processing /home/airflow/.local/lib/python3.12/site-packages/airflow/example_dags/example_task_group_decorator.py took 0.157 seconds
[2024-09-22T23:50:27.444+0000] {processor.py:186} INFO - Started process (PID=521) to work on /home/airflow/.local/lib/python3.12/site-packages/airflow/example_dags/example_task_group_decorator.py
[2024-09-22T23:50:27.446+0000] {processor.py:914} INFO - Processing file /home/airflow/.local/lib/python3.12/site-packages/airflow/example_dags/example_task_group_decorator.py for tasks to queue
[2024-09-22T23:50:27.449+0000] {logging_mixin.py:190} INFO - [2024-09-22T23:50:27.449+0000] {dagbag.py:587} INFO - Filling up the DagBag from /home/airflow/.local/lib/python3.12/site-packages/airflow/example_dags/example_task_group_decorator.py
[2024-09-22T23:50:27.481+0000] {processor.py:925} INFO - DAG(s) 'example_task_group_decorator' retrieved from /home/airflow/.local/lib/python3.12/site-packages/airflow/example_dags/example_task_group_decorator.py
[2024-09-22T23:50:27.525+0000] {logging_mixin.py:190} INFO - [2024-09-22T23:50:27.525+0000] {dag.py:3229} INFO - Sync 1 DAGs
[2024-09-22T23:50:27.552+0000] {logging_mixin.py:190} INFO - [2024-09-22T23:50:27.552+0000] {dag.py:4156} INFO - Setting next_dagrun for example_task_group_decorator to None, run_after=None
[2024-09-22T23:50:27.576+0000] {processor.py:208} INFO - Processing /home/airflow/.local/lib/python3.12/site-packages/airflow/example_dags/example_task_group_decorator.py took 0.142 seconds
[2024-09-22T23:50:57.947+0000] {processor.py:186} INFO - Started process (PID=584) to work on /home/airflow/.local/lib/python3.12/site-packages/airflow/example_dags/example_task_group_decorator.py
[2024-09-22T23:50:57.949+0000] {processor.py:914} INFO - Processing file /home/airflow/.local/lib/python3.12/site-packages/airflow/example_dags/example_task_group_decorator.py for tasks to queue
[2024-09-22T23:50:57.953+0000] {logging_mixin.py:190} INFO - [2024-09-22T23:50:57.952+0000] {dagbag.py:587} INFO - Filling up the DagBag from /home/airflow/.local/lib/python3.12/site-packages/airflow/example_dags/example_task_group_decorator.py
[2024-09-22T23:50:57.980+0000] {processor.py:925} INFO - DAG(s) 'example_task_group_decorator' retrieved from /home/airflow/.local/lib/python3.12/site-packages/airflow/example_dags/example_task_group_decorator.py
[2024-09-22T23:50:58.015+0000] {logging_mixin.py:190} INFO - [2024-09-22T23:50:58.014+0000] {dag.py:3229} INFO - Sync 1 DAGs
[2024-09-22T23:50:58.035+0000] {logging_mixin.py:190} INFO - [2024-09-22T23:50:58.035+0000] {dag.py:4156} INFO - Setting next_dagrun for example_task_group_decorator to None, run_after=None
[2024-09-22T23:50:58.060+0000] {processor.py:208} INFO - Processing /home/airflow/.local/lib/python3.12/site-packages/airflow/example_dags/example_task_group_decorator.py took 0.123 seconds
[2024-09-22T23:51:28.407+0000] {processor.py:186} INFO - Started process (PID=648) to work on /home/airflow/.local/lib/python3.12/site-packages/airflow/example_dags/example_task_group_decorator.py
[2024-09-22T23:51:28.412+0000] {processor.py:914} INFO - Processing file /home/airflow/.local/lib/python3.12/site-packages/airflow/example_dags/example_task_group_decorator.py for tasks to queue
[2024-09-22T23:51:28.416+0000] {logging_mixin.py:190} INFO - [2024-09-22T23:51:28.416+0000] {dagbag.py:587} INFO - Filling up the DagBag from /home/airflow/.local/lib/python3.12/site-packages/airflow/example_dags/example_task_group_decorator.py
[2024-09-22T23:51:28.456+0000] {processor.py:925} INFO - DAG(s) 'example_task_group_decorator' retrieved from /home/airflow/.local/lib/python3.12/site-packages/airflow/example_dags/example_task_group_decorator.py
[2024-09-22T23:51:28.504+0000] {logging_mixin.py:190} INFO - [2024-09-22T23:51:28.504+0000] {dag.py:3229} INFO - Sync 1 DAGs
[2024-09-22T23:51:28.541+0000] {logging_mixin.py:190} INFO - [2024-09-22T23:51:28.540+0000] {dag.py:4156} INFO - Setting next_dagrun for example_task_group_decorator to None, run_after=None
[2024-09-22T23:51:28.576+0000] {processor.py:208} INFO - Processing /home/airflow/.local/lib/python3.12/site-packages/airflow/example_dags/example_task_group_decorator.py took 0.182 seconds
[2024-09-22T23:51:59.022+0000] {processor.py:186} INFO - Started process (PID=712) to work on /home/airflow/.local/lib/python3.12/site-packages/airflow/example_dags/example_task_group_decorator.py
[2024-09-22T23:51:59.024+0000] {processor.py:914} INFO - Processing file /home/airflow/.local/lib/python3.12/site-packages/airflow/example_dags/example_task_group_decorator.py for tasks to queue
[2024-09-22T23:51:59.028+0000] {logging_mixin.py:190} INFO - [2024-09-22T23:51:59.027+0000] {dagbag.py:587} INFO - Filling up the DagBag from /home/airflow/.local/lib/python3.12/site-packages/airflow/example_dags/example_task_group_decorator.py
[2024-09-22T23:51:59.058+0000] {processor.py:925} INFO - DAG(s) 'example_task_group_decorator' retrieved from /home/airflow/.local/lib/python3.12/site-packages/airflow/example_dags/example_task_group_decorator.py
[2024-09-22T23:51:59.099+0000] {logging_mixin.py:190} INFO - [2024-09-22T23:51:59.098+0000] {dag.py:3229} INFO - Sync 1 DAGs
[2024-09-22T23:51:59.121+0000] {logging_mixin.py:190} INFO - [2024-09-22T23:51:59.120+0000] {dag.py:4156} INFO - Setting next_dagrun for example_task_group_decorator to None, run_after=None
[2024-09-22T23:51:59.148+0000] {processor.py:208} INFO - Processing /home/airflow/.local/lib/python3.12/site-packages/airflow/example_dags/example_task_group_decorator.py took 0.135 seconds
[2024-09-22T23:52:29.262+0000] {processor.py:186} INFO - Started process (PID=775) to work on /home/airflow/.local/lib/python3.12/site-packages/airflow/example_dags/example_task_group_decorator.py
[2024-09-22T23:52:29.264+0000] {processor.py:914} INFO - Processing file /home/airflow/.local/lib/python3.12/site-packages/airflow/example_dags/example_task_group_decorator.py for tasks to queue
[2024-09-22T23:52:29.267+0000] {logging_mixin.py:190} INFO - [2024-09-22T23:52:29.267+0000] {dagbag.py:587} INFO - Filling up the DagBag from /home/airflow/.local/lib/python3.12/site-packages/airflow/example_dags/example_task_group_decorator.py
[2024-09-22T23:52:29.309+0000] {processor.py:925} INFO - DAG(s) 'example_task_group_decorator' retrieved from /home/airflow/.local/lib/python3.12/site-packages/airflow/example_dags/example_task_group_decorator.py
[2024-09-22T23:52:29.388+0000] {logging_mixin.py:190} INFO - [2024-09-22T23:52:29.387+0000] {dag.py:3229} INFO - Sync 1 DAGs
[2024-09-22T23:52:29.420+0000] {logging_mixin.py:190} INFO - [2024-09-22T23:52:29.420+0000] {dag.py:4156} INFO - Setting next_dagrun for example_task_group_decorator to None, run_after=None
[2024-09-22T23:52:29.462+0000] {processor.py:208} INFO - Processing /home/airflow/.local/lib/python3.12/site-packages/airflow/example_dags/example_task_group_decorator.py took 0.210 seconds
[2024-09-22T23:52:59.645+0000] {processor.py:186} INFO - Started process (PID=838) to work on /home/airflow/.local/lib/python3.12/site-packages/airflow/example_dags/example_task_group_decorator.py
[2024-09-22T23:52:59.648+0000] {processor.py:914} INFO - Processing file /home/airflow/.local/lib/python3.12/site-packages/airflow/example_dags/example_task_group_decorator.py for tasks to queue
[2024-09-22T23:52:59.652+0000] {logging_mixin.py:190} INFO - [2024-09-22T23:52:59.651+0000] {dagbag.py:587} INFO - Filling up the DagBag from /home/airflow/.local/lib/python3.12/site-packages/airflow/example_dags/example_task_group_decorator.py
[2024-09-22T23:52:59.681+0000] {processor.py:925} INFO - DAG(s) 'example_task_group_decorator' retrieved from /home/airflow/.local/lib/python3.12/site-packages/airflow/example_dags/example_task_group_decorator.py
[2024-09-22T23:52:59.730+0000] {logging_mixin.py:190} INFO - [2024-09-22T23:52:59.730+0000] {dag.py:3229} INFO - Sync 1 DAGs
[2024-09-22T23:52:59.751+0000] {logging_mixin.py:190} INFO - [2024-09-22T23:52:59.751+0000] {dag.py:4156} INFO - Setting next_dagrun for example_task_group_decorator to None, run_after=None
[2024-09-22T23:52:59.778+0000] {processor.py:208} INFO - Processing /home/airflow/.local/lib/python3.12/site-packages/airflow/example_dags/example_task_group_decorator.py took 0.142 seconds
[2024-09-22T23:53:31.492+0000] {processor.py:186} INFO - Started process (PID=900) to work on /home/airflow/.local/lib/python3.12/site-packages/airflow/example_dags/example_task_group_decorator.py
[2024-09-22T23:53:31.497+0000] {processor.py:914} INFO - Processing file /home/airflow/.local/lib/python3.12/site-packages/airflow/example_dags/example_task_group_decorator.py for tasks to queue
[2024-09-22T23:53:31.507+0000] {logging_mixin.py:190} INFO - [2024-09-22T23:53:31.506+0000] {dagbag.py:587} INFO - Filling up the DagBag from /home/airflow/.local/lib/python3.12/site-packages/airflow/example_dags/example_task_group_decorator.py
[2024-09-22T23:53:31.597+0000] {processor.py:925} INFO - DAG(s) 'example_task_group_decorator' retrieved from /home/airflow/.local/lib/python3.12/site-packages/airflow/example_dags/example_task_group_decorator.py
[2024-09-22T23:53:31.685+0000] {logging_mixin.py:190} INFO - [2024-09-22T23:53:31.684+0000] {dag.py:3229} INFO - Sync 1 DAGs
[2024-09-22T23:53:31.734+0000] {logging_mixin.py:190} INFO - [2024-09-22T23:53:31.733+0000] {dag.py:4156} INFO - Setting next_dagrun for example_task_group_decorator to None, run_after=None
[2024-09-22T23:53:31.786+0000] {processor.py:208} INFO - Processing /home/airflow/.local/lib/python3.12/site-packages/airflow/example_dags/example_task_group_decorator.py took 0.320 seconds
[2024-09-22T23:54:02.655+0000] {processor.py:186} INFO - Started process (PID=963) to work on /home/airflow/.local/lib/python3.12/site-packages/airflow/example_dags/example_task_group_decorator.py
[2024-09-22T23:54:02.657+0000] {processor.py:914} INFO - Processing file /home/airflow/.local/lib/python3.12/site-packages/airflow/example_dags/example_task_group_decorator.py for tasks to queue
[2024-09-22T23:54:02.661+0000] {logging_mixin.py:190} INFO - [2024-09-22T23:54:02.661+0000] {dagbag.py:587} INFO - Filling up the DagBag from /home/airflow/.local/lib/python3.12/site-packages/airflow/example_dags/example_task_group_decorator.py
[2024-09-22T23:54:02.689+0000] {processor.py:925} INFO - DAG(s) 'example_task_group_decorator' retrieved from /home/airflow/.local/lib/python3.12/site-packages/airflow/example_dags/example_task_group_decorator.py
[2024-09-22T23:54:02.729+0000] {logging_mixin.py:190} INFO - [2024-09-22T23:54:02.728+0000] {dag.py:3229} INFO - Sync 1 DAGs
[2024-09-22T23:54:02.751+0000] {logging_mixin.py:190} INFO - [2024-09-22T23:54:02.751+0000] {dag.py:4156} INFO - Setting next_dagrun for example_task_group_decorator to None, run_after=None
[2024-09-22T23:54:02.784+0000] {processor.py:208} INFO - Processing /home/airflow/.local/lib/python3.12/site-packages/airflow/example_dags/example_task_group_decorator.py took 0.143 seconds
[2024-09-22T23:54:33.353+0000] {processor.py:186} INFO - Started process (PID=1026) to work on /home/airflow/.local/lib/python3.12/site-packages/airflow/example_dags/example_task_group_decorator.py
[2024-09-22T23:54:33.355+0000] {processor.py:914} INFO - Processing file /home/airflow/.local/lib/python3.12/site-packages/airflow/example_dags/example_task_group_decorator.py for tasks to queue
[2024-09-22T23:54:33.360+0000] {logging_mixin.py:190} INFO - [2024-09-22T23:54:33.359+0000] {dagbag.py:587} INFO - Filling up the DagBag from /home/airflow/.local/lib/python3.12/site-packages/airflow/example_dags/example_task_group_decorator.py
[2024-09-22T23:54:33.387+0000] {processor.py:925} INFO - DAG(s) 'example_task_group_decorator' retrieved from /home/airflow/.local/lib/python3.12/site-packages/airflow/example_dags/example_task_group_decorator.py
[2024-09-22T23:54:33.432+0000] {logging_mixin.py:190} INFO - [2024-09-22T23:54:33.432+0000] {dag.py:3229} INFO - Sync 1 DAGs
[2024-09-22T23:54:33.453+0000] {logging_mixin.py:190} INFO - [2024-09-22T23:54:33.453+0000] {dag.py:4156} INFO - Setting next_dagrun for example_task_group_decorator to None, run_after=None
[2024-09-22T23:54:33.477+0000] {processor.py:208} INFO - Processing /home/airflow/.local/lib/python3.12/site-packages/airflow/example_dags/example_task_group_decorator.py took 0.133 seconds
[2024-09-22T23:55:04.358+0000] {processor.py:186} INFO - Started process (PID=1089) to work on /home/airflow/.local/lib/python3.12/site-packages/airflow/example_dags/example_task_group_decorator.py
[2024-09-22T23:55:04.360+0000] {processor.py:914} INFO - Processing file /home/airflow/.local/lib/python3.12/site-packages/airflow/example_dags/example_task_group_decorator.py for tasks to queue
[2024-09-22T23:55:04.365+0000] {logging_mixin.py:190} INFO - [2024-09-22T23:55:04.364+0000] {dagbag.py:587} INFO - Filling up the DagBag from /home/airflow/.local/lib/python3.12/site-packages/airflow/example_dags/example_task_group_decorator.py
[2024-09-22T23:55:04.392+0000] {processor.py:925} INFO - DAG(s) 'example_task_group_decorator' retrieved from /home/airflow/.local/lib/python3.12/site-packages/airflow/example_dags/example_task_group_decorator.py
[2024-09-22T23:55:04.430+0000] {logging_mixin.py:190} INFO - [2024-09-22T23:55:04.430+0000] {dag.py:3229} INFO - Sync 1 DAGs
[2024-09-22T23:55:04.451+0000] {logging_mixin.py:190} INFO - [2024-09-22T23:55:04.451+0000] {dag.py:4156} INFO - Setting next_dagrun for example_task_group_decorator to None, run_after=None
[2024-09-22T23:55:04.477+0000] {processor.py:208} INFO - Processing /home/airflow/.local/lib/python3.12/site-packages/airflow/example_dags/example_task_group_decorator.py took 0.128 seconds
[2024-09-22T23:55:34.702+0000] {processor.py:186} INFO - Started process (PID=1151) to work on /home/airflow/.local/lib/python3.12/site-packages/airflow/example_dags/example_task_group_decorator.py
[2024-09-22T23:55:34.703+0000] {processor.py:914} INFO - Processing file /home/airflow/.local/lib/python3.12/site-packages/airflow/example_dags/example_task_group_decorator.py for tasks to queue
[2024-09-22T23:55:34.708+0000] {logging_mixin.py:190} INFO - [2024-09-22T23:55:34.707+0000] {dagbag.py:587} INFO - Filling up the DagBag from /home/airflow/.local/lib/python3.12/site-packages/airflow/example_dags/example_task_group_decorator.py
[2024-09-22T23:55:34.738+0000] {processor.py:925} INFO - DAG(s) 'example_task_group_decorator' retrieved from /home/airflow/.local/lib/python3.12/site-packages/airflow/example_dags/example_task_group_decorator.py
[2024-09-22T23:55:34.778+0000] {logging_mixin.py:190} INFO - [2024-09-22T23:55:34.778+0000] {dag.py:3229} INFO - Sync 1 DAGs
[2024-09-22T23:55:34.802+0000] {logging_mixin.py:190} INFO - [2024-09-22T23:55:34.801+0000] {dag.py:4156} INFO - Setting next_dagrun for example_task_group_decorator to None, run_after=None
[2024-09-22T23:55:34.828+0000] {processor.py:208} INFO - Processing /home/airflow/.local/lib/python3.12/site-packages/airflow/example_dags/example_task_group_decorator.py took 0.135 seconds
[2024-09-22T23:58:01.815+0000] {processor.py:186} INFO - Started process (PID=79) to work on /home/airflow/.local/lib/python3.12/site-packages/airflow/example_dags/example_task_group_decorator.py
[2024-09-22T23:58:01.817+0000] {processor.py:914} INFO - Processing file /home/airflow/.local/lib/python3.12/site-packages/airflow/example_dags/example_task_group_decorator.py for tasks to queue
[2024-09-22T23:58:01.822+0000] {logging_mixin.py:190} INFO - [2024-09-22T23:58:01.822+0000] {dagbag.py:587} INFO - Filling up the DagBag from /home/airflow/.local/lib/python3.12/site-packages/airflow/example_dags/example_task_group_decorator.py
[2024-09-22T23:58:01.865+0000] {processor.py:925} INFO - DAG(s) 'example_task_group_decorator' retrieved from /home/airflow/.local/lib/python3.12/site-packages/airflow/example_dags/example_task_group_decorator.py
[2024-09-22T23:58:01.928+0000] {logging_mixin.py:190} INFO - [2024-09-22T23:58:01.928+0000] {dag.py:3229} INFO - Sync 1 DAGs
[2024-09-22T23:58:01.957+0000] {logging_mixin.py:190} INFO - [2024-09-22T23:58:01.957+0000] {dag.py:4156} INFO - Setting next_dagrun for example_task_group_decorator to None, run_after=None
[2024-09-22T23:58:01.991+0000] {processor.py:208} INFO - Processing /home/airflow/.local/lib/python3.12/site-packages/airflow/example_dags/example_task_group_decorator.py took 0.190 seconds
[2024-09-22T23:58:32.267+0000] {processor.py:186} INFO - Started process (PID=142) to work on /home/airflow/.local/lib/python3.12/site-packages/airflow/example_dags/example_task_group_decorator.py
[2024-09-22T23:58:32.269+0000] {processor.py:914} INFO - Processing file /home/airflow/.local/lib/python3.12/site-packages/airflow/example_dags/example_task_group_decorator.py for tasks to queue
[2024-09-22T23:58:32.273+0000] {logging_mixin.py:190} INFO - [2024-09-22T23:58:32.272+0000] {dagbag.py:587} INFO - Filling up the DagBag from /home/airflow/.local/lib/python3.12/site-packages/airflow/example_dags/example_task_group_decorator.py
[2024-09-22T23:58:32.302+0000] {processor.py:925} INFO - DAG(s) 'example_task_group_decorator' retrieved from /home/airflow/.local/lib/python3.12/site-packages/airflow/example_dags/example_task_group_decorator.py
[2024-09-22T23:58:32.338+0000] {logging_mixin.py:190} INFO - [2024-09-22T23:58:32.338+0000] {dag.py:3229} INFO - Sync 1 DAGs
[2024-09-22T23:58:32.360+0000] {logging_mixin.py:190} INFO - [2024-09-22T23:58:32.360+0000] {dag.py:4156} INFO - Setting next_dagrun for example_task_group_decorator to None, run_after=None
[2024-09-22T23:58:32.392+0000] {processor.py:208} INFO - Processing /home/airflow/.local/lib/python3.12/site-packages/airflow/example_dags/example_task_group_decorator.py took 0.135 seconds
[2024-09-22T23:59:03.126+0000] {processor.py:186} INFO - Started process (PID=205) to work on /home/airflow/.local/lib/python3.12/site-packages/airflow/example_dags/example_task_group_decorator.py
[2024-09-22T23:59:03.128+0000] {processor.py:914} INFO - Processing file /home/airflow/.local/lib/python3.12/site-packages/airflow/example_dags/example_task_group_decorator.py for tasks to queue
[2024-09-22T23:59:03.132+0000] {logging_mixin.py:190} INFO - [2024-09-22T23:59:03.131+0000] {dagbag.py:587} INFO - Filling up the DagBag from /home/airflow/.local/lib/python3.12/site-packages/airflow/example_dags/example_task_group_decorator.py
[2024-09-22T23:59:03.159+0000] {processor.py:925} INFO - DAG(s) 'example_task_group_decorator' retrieved from /home/airflow/.local/lib/python3.12/site-packages/airflow/example_dags/example_task_group_decorator.py
[2024-09-22T23:59:03.198+0000] {logging_mixin.py:190} INFO - [2024-09-22T23:59:03.197+0000] {dag.py:3229} INFO - Sync 1 DAGs
[2024-09-22T23:59:03.219+0000] {logging_mixin.py:190} INFO - [2024-09-22T23:59:03.219+0000] {dag.py:4156} INFO - Setting next_dagrun for example_task_group_decorator to None, run_after=None
[2024-09-22T23:59:03.251+0000] {processor.py:208} INFO - Processing /home/airflow/.local/lib/python3.12/site-packages/airflow/example_dags/example_task_group_decorator.py took 0.135 seconds
[2024-09-22T23:59:33.739+0000] {processor.py:186} INFO - Started process (PID=268) to work on /home/airflow/.local/lib/python3.12/site-packages/airflow/example_dags/example_task_group_decorator.py
[2024-09-22T23:59:33.741+0000] {processor.py:914} INFO - Processing file /home/airflow/.local/lib/python3.12/site-packages/airflow/example_dags/example_task_group_decorator.py for tasks to queue
[2024-09-22T23:59:33.745+0000] {logging_mixin.py:190} INFO - [2024-09-22T23:59:33.745+0000] {dagbag.py:587} INFO - Filling up the DagBag from /home/airflow/.local/lib/python3.12/site-packages/airflow/example_dags/example_task_group_decorator.py
[2024-09-22T23:59:33.776+0000] {processor.py:925} INFO - DAG(s) 'example_task_group_decorator' retrieved from /home/airflow/.local/lib/python3.12/site-packages/airflow/example_dags/example_task_group_decorator.py
[2024-09-22T23:59:33.813+0000] {logging_mixin.py:190} INFO - [2024-09-22T23:59:33.813+0000] {dag.py:3229} INFO - Sync 1 DAGs
[2024-09-22T23:59:33.833+0000] {logging_mixin.py:190} INFO - [2024-09-22T23:59:33.833+0000] {dag.py:4156} INFO - Setting next_dagrun for example_task_group_decorator to None, run_after=None
[2024-09-22T23:59:33.859+0000] {processor.py:208} INFO - Processing /home/airflow/.local/lib/python3.12/site-packages/airflow/example_dags/example_task_group_decorator.py took 0.131 seconds
