[2024-09-22T23:26:21.603+0000] {processor.py:186} INFO - Started process (PID=95) to work on /home/airflow/.local/lib/python3.12/site-packages/airflow/example_dags/example_nested_branch_dag.py
[2024-09-22T23:26:21.605+0000] {processor.py:914} INFO - Processing file /home/airflow/.local/lib/python3.12/site-packages/airflow/example_dags/example_nested_branch_dag.py for tasks to queue
[2024-09-22T23:26:21.609+0000] {logging_mixin.py:190} INFO - [2024-09-22T23:26:21.609+0000] {dagbag.py:587} INFO - Filling up the DagBag from /home/airflow/.local/lib/python3.12/site-packages/airflow/example_dags/example_nested_branch_dag.py
[2024-09-22T23:26:21.641+0000] {processor.py:925} INFO - DAG(s) 'example_nested_branch_dag' retrieved from /home/airflow/.local/lib/python3.12/site-packages/airflow/example_dags/example_nested_branch_dag.py
[2024-09-22T23:26:21.952+0000] {logging_mixin.py:190} INFO - [2024-09-22T23:26:21.951+0000] {override.py:1900} INFO - Created Permission View: can edit on DAG:example_nested_branch_dag
[2024-09-22T23:26:21.981+0000] {logging_mixin.py:190} INFO - [2024-09-22T23:26:21.981+0000] {override.py:1900} INFO - Created Permission View: can read on DAG:example_nested_branch_dag
[2024-09-22T23:26:22.004+0000] {logging_mixin.py:190} INFO - [2024-09-22T23:26:22.003+0000] {override.py:1900} INFO - Created Permission View: can delete on DAG:example_nested_branch_dag
[2024-09-22T23:26:22.029+0000] {logging_mixin.py:190} INFO - [2024-09-22T23:26:22.028+0000] {override.py:1900} INFO - Created Permission View: can create on DAG Run:example_nested_branch_dag
[2024-09-22T23:26:22.039+0000] {logging_mixin.py:190} INFO - [2024-09-22T23:26:22.039+0000] {override.py:1900} INFO - Created Permission View: menu access on DAG Run:example_nested_branch_dag
[2024-09-22T23:26:22.049+0000] {logging_mixin.py:190} INFO - [2024-09-22T23:26:22.049+0000] {override.py:1900} INFO - Created Permission View: can read on DAG Run:example_nested_branch_dag
[2024-09-22T23:26:22.059+0000] {logging_mixin.py:190} INFO - [2024-09-22T23:26:22.058+0000] {override.py:1900} INFO - Created Permission View: can delete on DAG Run:example_nested_branch_dag
[2024-09-22T23:26:22.059+0000] {logging_mixin.py:190} INFO - [2024-09-22T23:26:22.059+0000] {dag.py:3229} INFO - Sync 1 DAGs
[2024-09-22T23:26:22.084+0000] {logging_mixin.py:190} INFO - [2024-09-22T23:26:22.084+0000] {dag.py:3252} INFO - Creating ORM DAG for example_nested_branch_dag
[2024-09-22T23:26:22.107+0000] {logging_mixin.py:190} INFO - [2024-09-22T23:26:22.107+0000] {dag.py:4156} INFO - Setting next_dagrun for example_nested_branch_dag to 2024-09-21 00:00:00+00:00, run_after=2024-09-22 00:00:00+00:00
[2024-09-22T23:26:22.133+0000] {processor.py:208} INFO - Processing /home/airflow/.local/lib/python3.12/site-packages/airflow/example_dags/example_nested_branch_dag.py took 0.543 seconds
[2024-09-22T23:26:52.259+0000] {processor.py:186} INFO - Started process (PID=157) to work on /home/airflow/.local/lib/python3.12/site-packages/airflow/example_dags/example_nested_branch_dag.py
[2024-09-22T23:26:52.260+0000] {processor.py:914} INFO - Processing file /home/airflow/.local/lib/python3.12/site-packages/airflow/example_dags/example_nested_branch_dag.py for tasks to queue
[2024-09-22T23:26:52.263+0000] {logging_mixin.py:190} INFO - [2024-09-22T23:26:52.263+0000] {dagbag.py:587} INFO - Filling up the DagBag from /home/airflow/.local/lib/python3.12/site-packages/airflow/example_dags/example_nested_branch_dag.py
[2024-09-22T23:26:52.284+0000] {processor.py:925} INFO - DAG(s) 'example_nested_branch_dag' retrieved from /home/airflow/.local/lib/python3.12/site-packages/airflow/example_dags/example_nested_branch_dag.py
[2024-09-22T23:26:52.318+0000] {logging_mixin.py:190} INFO - [2024-09-22T23:26:52.318+0000] {dag.py:3229} INFO - Sync 1 DAGs
[2024-09-22T23:26:52.352+0000] {logging_mixin.py:190} INFO - [2024-09-22T23:26:52.352+0000] {dag.py:4156} INFO - Setting next_dagrun for example_nested_branch_dag to 2024-09-21 00:00:00+00:00, run_after=2024-09-22 00:00:00+00:00
[2024-09-22T23:26:52.381+0000] {processor.py:208} INFO - Processing /home/airflow/.local/lib/python3.12/site-packages/airflow/example_dags/example_nested_branch_dag.py took 0.131 seconds
[2024-09-22T23:27:22.441+0000] {processor.py:186} INFO - Started process (PID=219) to work on /home/airflow/.local/lib/python3.12/site-packages/airflow/example_dags/example_nested_branch_dag.py
[2024-09-22T23:27:22.444+0000] {processor.py:914} INFO - Processing file /home/airflow/.local/lib/python3.12/site-packages/airflow/example_dags/example_nested_branch_dag.py for tasks to queue
[2024-09-22T23:27:22.447+0000] {logging_mixin.py:190} INFO - [2024-09-22T23:27:22.446+0000] {dagbag.py:587} INFO - Filling up the DagBag from /home/airflow/.local/lib/python3.12/site-packages/airflow/example_dags/example_nested_branch_dag.py
[2024-09-22T23:27:22.467+0000] {processor.py:925} INFO - DAG(s) 'example_nested_branch_dag' retrieved from /home/airflow/.local/lib/python3.12/site-packages/airflow/example_dags/example_nested_branch_dag.py
[2024-09-22T23:27:22.497+0000] {logging_mixin.py:190} INFO - [2024-09-22T23:27:22.497+0000] {dag.py:3229} INFO - Sync 1 DAGs
[2024-09-22T23:27:22.529+0000] {logging_mixin.py:190} INFO - [2024-09-22T23:27:22.528+0000] {dag.py:4156} INFO - Setting next_dagrun for example_nested_branch_dag to 2024-09-21 00:00:00+00:00, run_after=2024-09-22 00:00:00+00:00
[2024-09-22T23:27:22.552+0000] {processor.py:208} INFO - Processing /home/airflow/.local/lib/python3.12/site-packages/airflow/example_dags/example_nested_branch_dag.py took 0.119 seconds
[2024-09-22T23:27:52.856+0000] {processor.py:186} INFO - Started process (PID=281) to work on /home/airflow/.local/lib/python3.12/site-packages/airflow/example_dags/example_nested_branch_dag.py
[2024-09-22T23:27:52.857+0000] {processor.py:914} INFO - Processing file /home/airflow/.local/lib/python3.12/site-packages/airflow/example_dags/example_nested_branch_dag.py for tasks to queue
[2024-09-22T23:27:52.861+0000] {logging_mixin.py:190} INFO - [2024-09-22T23:27:52.861+0000] {dagbag.py:587} INFO - Filling up the DagBag from /home/airflow/.local/lib/python3.12/site-packages/airflow/example_dags/example_nested_branch_dag.py
[2024-09-22T23:27:52.888+0000] {processor.py:925} INFO - DAG(s) 'example_nested_branch_dag' retrieved from /home/airflow/.local/lib/python3.12/site-packages/airflow/example_dags/example_nested_branch_dag.py
[2024-09-22T23:27:52.916+0000] {logging_mixin.py:190} INFO - [2024-09-22T23:27:52.916+0000] {dag.py:3229} INFO - Sync 1 DAGs
[2024-09-22T23:27:52.954+0000] {logging_mixin.py:190} INFO - [2024-09-22T23:27:52.954+0000] {dag.py:4156} INFO - Setting next_dagrun for example_nested_branch_dag to 2024-09-21 00:00:00+00:00, run_after=2024-09-22 00:00:00+00:00
[2024-09-22T23:27:52.980+0000] {processor.py:208} INFO - Processing /home/airflow/.local/lib/python3.12/site-packages/airflow/example_dags/example_nested_branch_dag.py took 0.134 seconds
[2024-09-22T23:28:23.118+0000] {processor.py:186} INFO - Started process (PID=343) to work on /home/airflow/.local/lib/python3.12/site-packages/airflow/example_dags/example_nested_branch_dag.py
[2024-09-22T23:28:23.120+0000] {processor.py:914} INFO - Processing file /home/airflow/.local/lib/python3.12/site-packages/airflow/example_dags/example_nested_branch_dag.py for tasks to queue
[2024-09-22T23:28:23.124+0000] {logging_mixin.py:190} INFO - [2024-09-22T23:28:23.123+0000] {dagbag.py:587} INFO - Filling up the DagBag from /home/airflow/.local/lib/python3.12/site-packages/airflow/example_dags/example_nested_branch_dag.py
[2024-09-22T23:28:23.145+0000] {processor.py:925} INFO - DAG(s) 'example_nested_branch_dag' retrieved from /home/airflow/.local/lib/python3.12/site-packages/airflow/example_dags/example_nested_branch_dag.py
[2024-09-22T23:28:23.174+0000] {logging_mixin.py:190} INFO - [2024-09-22T23:28:23.174+0000] {dag.py:3229} INFO - Sync 1 DAGs
[2024-09-22T23:28:23.206+0000] {logging_mixin.py:190} INFO - [2024-09-22T23:28:23.206+0000] {dag.py:4156} INFO - Setting next_dagrun for example_nested_branch_dag to 2024-09-21 00:00:00+00:00, run_after=2024-09-22 00:00:00+00:00
[2024-09-22T23:28:23.229+0000] {processor.py:208} INFO - Processing /home/airflow/.local/lib/python3.12/site-packages/airflow/example_dags/example_nested_branch_dag.py took 0.120 seconds
[2024-09-22T23:28:53.653+0000] {processor.py:186} INFO - Started process (PID=405) to work on /home/airflow/.local/lib/python3.12/site-packages/airflow/example_dags/example_nested_branch_dag.py
[2024-09-22T23:28:53.655+0000] {processor.py:914} INFO - Processing file /home/airflow/.local/lib/python3.12/site-packages/airflow/example_dags/example_nested_branch_dag.py for tasks to queue
[2024-09-22T23:28:53.660+0000] {logging_mixin.py:190} INFO - [2024-09-22T23:28:53.659+0000] {dagbag.py:587} INFO - Filling up the DagBag from /home/airflow/.local/lib/python3.12/site-packages/airflow/example_dags/example_nested_branch_dag.py
[2024-09-22T23:28:53.706+0000] {processor.py:925} INFO - DAG(s) 'example_nested_branch_dag' retrieved from /home/airflow/.local/lib/python3.12/site-packages/airflow/example_dags/example_nested_branch_dag.py
[2024-09-22T23:28:53.749+0000] {logging_mixin.py:190} INFO - [2024-09-22T23:28:53.748+0000] {dag.py:3229} INFO - Sync 1 DAGs
[2024-09-22T23:28:53.784+0000] {logging_mixin.py:190} INFO - [2024-09-22T23:28:53.784+0000] {dag.py:4156} INFO - Setting next_dagrun for example_nested_branch_dag to 2024-09-21 00:00:00+00:00, run_after=2024-09-22 00:00:00+00:00
[2024-09-22T23:28:53.809+0000] {processor.py:208} INFO - Processing /home/airflow/.local/lib/python3.12/site-packages/airflow/example_dags/example_nested_branch_dag.py took 0.169 seconds
[2024-09-22T23:29:24.253+0000] {processor.py:186} INFO - Started process (PID=467) to work on /home/airflow/.local/lib/python3.12/site-packages/airflow/example_dags/example_nested_branch_dag.py
[2024-09-22T23:29:24.255+0000] {processor.py:914} INFO - Processing file /home/airflow/.local/lib/python3.12/site-packages/airflow/example_dags/example_nested_branch_dag.py for tasks to queue
[2024-09-22T23:29:24.259+0000] {logging_mixin.py:190} INFO - [2024-09-22T23:29:24.258+0000] {dagbag.py:587} INFO - Filling up the DagBag from /home/airflow/.local/lib/python3.12/site-packages/airflow/example_dags/example_nested_branch_dag.py
[2024-09-22T23:29:24.283+0000] {processor.py:925} INFO - DAG(s) 'example_nested_branch_dag' retrieved from /home/airflow/.local/lib/python3.12/site-packages/airflow/example_dags/example_nested_branch_dag.py
[2024-09-22T23:29:24.316+0000] {logging_mixin.py:190} INFO - [2024-09-22T23:29:24.315+0000] {dag.py:3229} INFO - Sync 1 DAGs
[2024-09-22T23:29:24.352+0000] {logging_mixin.py:190} INFO - [2024-09-22T23:29:24.352+0000] {dag.py:4156} INFO - Setting next_dagrun for example_nested_branch_dag to 2024-09-21 00:00:00+00:00, run_after=2024-09-22 00:00:00+00:00
[2024-09-22T23:29:24.377+0000] {processor.py:208} INFO - Processing /home/airflow/.local/lib/python3.12/site-packages/airflow/example_dags/example_nested_branch_dag.py took 0.133 seconds
[2024-09-22T23:29:54.498+0000] {processor.py:186} INFO - Started process (PID=529) to work on /home/airflow/.local/lib/python3.12/site-packages/airflow/example_dags/example_nested_branch_dag.py
[2024-09-22T23:29:54.499+0000] {processor.py:914} INFO - Processing file /home/airflow/.local/lib/python3.12/site-packages/airflow/example_dags/example_nested_branch_dag.py for tasks to queue
[2024-09-22T23:29:54.504+0000] {logging_mixin.py:190} INFO - [2024-09-22T23:29:54.504+0000] {dagbag.py:587} INFO - Filling up the DagBag from /home/airflow/.local/lib/python3.12/site-packages/airflow/example_dags/example_nested_branch_dag.py
[2024-09-22T23:29:54.536+0000] {processor.py:925} INFO - DAG(s) 'example_nested_branch_dag' retrieved from /home/airflow/.local/lib/python3.12/site-packages/airflow/example_dags/example_nested_branch_dag.py
[2024-09-22T23:29:54.578+0000] {logging_mixin.py:190} INFO - [2024-09-22T23:29:54.577+0000] {dag.py:3229} INFO - Sync 1 DAGs
[2024-09-22T23:29:54.625+0000] {logging_mixin.py:190} INFO - [2024-09-22T23:29:54.624+0000] {dag.py:4156} INFO - Setting next_dagrun for example_nested_branch_dag to 2024-09-21 00:00:00+00:00, run_after=2024-09-22 00:00:00+00:00
[2024-09-22T23:29:54.656+0000] {processor.py:208} INFO - Processing /home/airflow/.local/lib/python3.12/site-packages/airflow/example_dags/example_nested_branch_dag.py took 0.172 seconds
[2024-09-22T23:30:25.530+0000] {processor.py:186} INFO - Started process (PID=591) to work on /home/airflow/.local/lib/python3.12/site-packages/airflow/example_dags/example_nested_branch_dag.py
[2024-09-22T23:30:25.532+0000] {processor.py:914} INFO - Processing file /home/airflow/.local/lib/python3.12/site-packages/airflow/example_dags/example_nested_branch_dag.py for tasks to queue
[2024-09-22T23:30:25.535+0000] {logging_mixin.py:190} INFO - [2024-09-22T23:30:25.535+0000] {dagbag.py:587} INFO - Filling up the DagBag from /home/airflow/.local/lib/python3.12/site-packages/airflow/example_dags/example_nested_branch_dag.py
[2024-09-22T23:30:25.560+0000] {processor.py:925} INFO - DAG(s) 'example_nested_branch_dag' retrieved from /home/airflow/.local/lib/python3.12/site-packages/airflow/example_dags/example_nested_branch_dag.py
[2024-09-22T23:30:25.600+0000] {logging_mixin.py:190} INFO - [2024-09-22T23:30:25.600+0000] {dag.py:3229} INFO - Sync 1 DAGs
[2024-09-22T23:30:25.636+0000] {logging_mixin.py:190} INFO - [2024-09-22T23:30:25.635+0000] {dag.py:4156} INFO - Setting next_dagrun for example_nested_branch_dag to 2024-09-21 00:00:00+00:00, run_after=2024-09-22 00:00:00+00:00
[2024-09-22T23:30:25.665+0000] {processor.py:208} INFO - Processing /home/airflow/.local/lib/python3.12/site-packages/airflow/example_dags/example_nested_branch_dag.py took 0.146 seconds
[2024-09-22T23:30:55.749+0000] {processor.py:186} INFO - Started process (PID=653) to work on /home/airflow/.local/lib/python3.12/site-packages/airflow/example_dags/example_nested_branch_dag.py
[2024-09-22T23:30:55.751+0000] {processor.py:914} INFO - Processing file /home/airflow/.local/lib/python3.12/site-packages/airflow/example_dags/example_nested_branch_dag.py for tasks to queue
[2024-09-22T23:30:55.754+0000] {logging_mixin.py:190} INFO - [2024-09-22T23:30:55.754+0000] {dagbag.py:587} INFO - Filling up the DagBag from /home/airflow/.local/lib/python3.12/site-packages/airflow/example_dags/example_nested_branch_dag.py
[2024-09-22T23:30:55.779+0000] {processor.py:925} INFO - DAG(s) 'example_nested_branch_dag' retrieved from /home/airflow/.local/lib/python3.12/site-packages/airflow/example_dags/example_nested_branch_dag.py
[2024-09-22T23:30:55.818+0000] {logging_mixin.py:190} INFO - [2024-09-22T23:30:55.818+0000] {dag.py:3229} INFO - Sync 1 DAGs
[2024-09-22T23:30:55.854+0000] {logging_mixin.py:190} INFO - [2024-09-22T23:30:55.854+0000] {dag.py:4156} INFO - Setting next_dagrun for example_nested_branch_dag to 2024-09-21 00:00:00+00:00, run_after=2024-09-22 00:00:00+00:00
[2024-09-22T23:30:55.885+0000] {processor.py:208} INFO - Processing /home/airflow/.local/lib/python3.12/site-packages/airflow/example_dags/example_nested_branch_dag.py took 0.145 seconds
[2024-09-22T23:31:25.980+0000] {processor.py:186} INFO - Started process (PID=716) to work on /home/airflow/.local/lib/python3.12/site-packages/airflow/example_dags/example_nested_branch_dag.py
[2024-09-22T23:31:25.982+0000] {processor.py:914} INFO - Processing file /home/airflow/.local/lib/python3.12/site-packages/airflow/example_dags/example_nested_branch_dag.py for tasks to queue
[2024-09-22T23:31:25.986+0000] {logging_mixin.py:190} INFO - [2024-09-22T23:31:25.985+0000] {dagbag.py:587} INFO - Filling up the DagBag from /home/airflow/.local/lib/python3.12/site-packages/airflow/example_dags/example_nested_branch_dag.py
[2024-09-22T23:31:26.011+0000] {processor.py:925} INFO - DAG(s) 'example_nested_branch_dag' retrieved from /home/airflow/.local/lib/python3.12/site-packages/airflow/example_dags/example_nested_branch_dag.py
[2024-09-22T23:31:26.043+0000] {logging_mixin.py:190} INFO - [2024-09-22T23:31:26.043+0000] {dag.py:3229} INFO - Sync 1 DAGs
[2024-09-22T23:31:26.079+0000] {logging_mixin.py:190} INFO - [2024-09-22T23:31:26.079+0000] {dag.py:4156} INFO - Setting next_dagrun for example_nested_branch_dag to 2024-09-21 00:00:00+00:00, run_after=2024-09-22 00:00:00+00:00
[2024-09-22T23:31:26.105+0000] {processor.py:208} INFO - Processing /home/airflow/.local/lib/python3.12/site-packages/airflow/example_dags/example_nested_branch_dag.py took 0.134 seconds
[2024-09-22T23:31:56.666+0000] {processor.py:186} INFO - Started process (PID=778) to work on /home/airflow/.local/lib/python3.12/site-packages/airflow/example_dags/example_nested_branch_dag.py
[2024-09-22T23:31:56.668+0000] {processor.py:914} INFO - Processing file /home/airflow/.local/lib/python3.12/site-packages/airflow/example_dags/example_nested_branch_dag.py for tasks to queue
[2024-09-22T23:31:56.671+0000] {logging_mixin.py:190} INFO - [2024-09-22T23:31:56.670+0000] {dagbag.py:587} INFO - Filling up the DagBag from /home/airflow/.local/lib/python3.12/site-packages/airflow/example_dags/example_nested_branch_dag.py
[2024-09-22T23:31:56.696+0000] {processor.py:925} INFO - DAG(s) 'example_nested_branch_dag' retrieved from /home/airflow/.local/lib/python3.12/site-packages/airflow/example_dags/example_nested_branch_dag.py
[2024-09-22T23:31:56.726+0000] {logging_mixin.py:190} INFO - [2024-09-22T23:31:56.726+0000] {dag.py:3229} INFO - Sync 1 DAGs
[2024-09-22T23:31:56.762+0000] {logging_mixin.py:190} INFO - [2024-09-22T23:31:56.761+0000] {dag.py:4156} INFO - Setting next_dagrun for example_nested_branch_dag to 2024-09-21 00:00:00+00:00, run_after=2024-09-22 00:00:00+00:00
[2024-09-22T23:31:56.793+0000] {processor.py:208} INFO - Processing /home/airflow/.local/lib/python3.12/site-packages/airflow/example_dags/example_nested_branch_dag.py took 0.135 seconds
[2024-09-22T23:32:27.300+0000] {processor.py:186} INFO - Started process (PID=841) to work on /home/airflow/.local/lib/python3.12/site-packages/airflow/example_dags/example_nested_branch_dag.py
[2024-09-22T23:32:27.303+0000] {processor.py:914} INFO - Processing file /home/airflow/.local/lib/python3.12/site-packages/airflow/example_dags/example_nested_branch_dag.py for tasks to queue
[2024-09-22T23:32:27.306+0000] {logging_mixin.py:190} INFO - [2024-09-22T23:32:27.306+0000] {dagbag.py:587} INFO - Filling up the DagBag from /home/airflow/.local/lib/python3.12/site-packages/airflow/example_dags/example_nested_branch_dag.py
[2024-09-22T23:32:27.331+0000] {processor.py:925} INFO - DAG(s) 'example_nested_branch_dag' retrieved from /home/airflow/.local/lib/python3.12/site-packages/airflow/example_dags/example_nested_branch_dag.py
[2024-09-22T23:32:27.364+0000] {logging_mixin.py:190} INFO - [2024-09-22T23:32:27.364+0000] {dag.py:3229} INFO - Sync 1 DAGs
[2024-09-22T23:32:27.401+0000] {logging_mixin.py:190} INFO - [2024-09-22T23:32:27.400+0000] {dag.py:4156} INFO - Setting next_dagrun for example_nested_branch_dag to 2024-09-21 00:00:00+00:00, run_after=2024-09-22 00:00:00+00:00
[2024-09-22T23:32:27.424+0000] {processor.py:208} INFO - Processing /home/airflow/.local/lib/python3.12/site-packages/airflow/example_dags/example_nested_branch_dag.py took 0.133 seconds
[2024-09-22T23:32:58.145+0000] {processor.py:186} INFO - Started process (PID=904) to work on /home/airflow/.local/lib/python3.12/site-packages/airflow/example_dags/example_nested_branch_dag.py
[2024-09-22T23:32:58.147+0000] {processor.py:914} INFO - Processing file /home/airflow/.local/lib/python3.12/site-packages/airflow/example_dags/example_nested_branch_dag.py for tasks to queue
[2024-09-22T23:32:58.151+0000] {logging_mixin.py:190} INFO - [2024-09-22T23:32:58.150+0000] {dagbag.py:587} INFO - Filling up the DagBag from /home/airflow/.local/lib/python3.12/site-packages/airflow/example_dags/example_nested_branch_dag.py
[2024-09-22T23:32:58.174+0000] {processor.py:925} INFO - DAG(s) 'example_nested_branch_dag' retrieved from /home/airflow/.local/lib/python3.12/site-packages/airflow/example_dags/example_nested_branch_dag.py
[2024-09-22T23:32:58.212+0000] {logging_mixin.py:190} INFO - [2024-09-22T23:32:58.212+0000] {dag.py:3229} INFO - Sync 1 DAGs
[2024-09-22T23:32:58.249+0000] {logging_mixin.py:190} INFO - [2024-09-22T23:32:58.249+0000] {dag.py:4156} INFO - Setting next_dagrun for example_nested_branch_dag to 2024-09-21 00:00:00+00:00, run_after=2024-09-22 00:00:00+00:00
[2024-09-22T23:32:58.276+0000] {processor.py:208} INFO - Processing /home/airflow/.local/lib/python3.12/site-packages/airflow/example_dags/example_nested_branch_dag.py took 0.141 seconds
[2024-09-22T23:33:28.419+0000] {processor.py:186} INFO - Started process (PID=967) to work on /home/airflow/.local/lib/python3.12/site-packages/airflow/example_dags/example_nested_branch_dag.py
[2024-09-22T23:33:28.421+0000] {processor.py:914} INFO - Processing file /home/airflow/.local/lib/python3.12/site-packages/airflow/example_dags/example_nested_branch_dag.py for tasks to queue
[2024-09-22T23:33:28.426+0000] {logging_mixin.py:190} INFO - [2024-09-22T23:33:28.425+0000] {dagbag.py:587} INFO - Filling up the DagBag from /home/airflow/.local/lib/python3.12/site-packages/airflow/example_dags/example_nested_branch_dag.py
[2024-09-22T23:33:28.453+0000] {processor.py:925} INFO - DAG(s) 'example_nested_branch_dag' retrieved from /home/airflow/.local/lib/python3.12/site-packages/airflow/example_dags/example_nested_branch_dag.py
[2024-09-22T23:33:28.483+0000] {logging_mixin.py:190} INFO - [2024-09-22T23:33:28.483+0000] {dag.py:3229} INFO - Sync 1 DAGs
[2024-09-22T23:33:28.519+0000] {logging_mixin.py:190} INFO - [2024-09-22T23:33:28.519+0000] {dag.py:4156} INFO - Setting next_dagrun for example_nested_branch_dag to 2024-09-21 00:00:00+00:00, run_after=2024-09-22 00:00:00+00:00
[2024-09-22T23:33:28.542+0000] {processor.py:208} INFO - Processing /home/airflow/.local/lib/python3.12/site-packages/airflow/example_dags/example_nested_branch_dag.py took 0.136 seconds
[2024-09-22T23:33:58.763+0000] {processor.py:186} INFO - Started process (PID=1030) to work on /home/airflow/.local/lib/python3.12/site-packages/airflow/example_dags/example_nested_branch_dag.py
[2024-09-22T23:33:58.765+0000] {processor.py:914} INFO - Processing file /home/airflow/.local/lib/python3.12/site-packages/airflow/example_dags/example_nested_branch_dag.py for tasks to queue
[2024-09-22T23:33:58.768+0000] {logging_mixin.py:190} INFO - [2024-09-22T23:33:58.768+0000] {dagbag.py:587} INFO - Filling up the DagBag from /home/airflow/.local/lib/python3.12/site-packages/airflow/example_dags/example_nested_branch_dag.py
[2024-09-22T23:33:58.791+0000] {processor.py:925} INFO - DAG(s) 'example_nested_branch_dag' retrieved from /home/airflow/.local/lib/python3.12/site-packages/airflow/example_dags/example_nested_branch_dag.py
[2024-09-22T23:33:58.826+0000] {logging_mixin.py:190} INFO - [2024-09-22T23:33:58.825+0000] {dag.py:3229} INFO - Sync 1 DAGs
[2024-09-22T23:33:58.863+0000] {logging_mixin.py:190} INFO - [2024-09-22T23:33:58.863+0000] {dag.py:4156} INFO - Setting next_dagrun for example_nested_branch_dag to 2024-09-21 00:00:00+00:00, run_after=2024-09-22 00:00:00+00:00
[2024-09-22T23:33:58.887+0000] {processor.py:208} INFO - Processing /home/airflow/.local/lib/python3.12/site-packages/airflow/example_dags/example_nested_branch_dag.py took 0.133 seconds
[2024-09-22T23:34:28.996+0000] {processor.py:186} INFO - Started process (PID=1093) to work on /home/airflow/.local/lib/python3.12/site-packages/airflow/example_dags/example_nested_branch_dag.py
[2024-09-22T23:34:28.999+0000] {processor.py:914} INFO - Processing file /home/airflow/.local/lib/python3.12/site-packages/airflow/example_dags/example_nested_branch_dag.py for tasks to queue
[2024-09-22T23:34:29.003+0000] {logging_mixin.py:190} INFO - [2024-09-22T23:34:29.002+0000] {dagbag.py:587} INFO - Filling up the DagBag from /home/airflow/.local/lib/python3.12/site-packages/airflow/example_dags/example_nested_branch_dag.py
[2024-09-22T23:34:29.033+0000] {processor.py:925} INFO - DAG(s) 'example_nested_branch_dag' retrieved from /home/airflow/.local/lib/python3.12/site-packages/airflow/example_dags/example_nested_branch_dag.py
[2024-09-22T23:34:29.079+0000] {logging_mixin.py:190} INFO - [2024-09-22T23:34:29.079+0000] {dag.py:3229} INFO - Sync 1 DAGs
[2024-09-22T23:34:29.131+0000] {logging_mixin.py:190} INFO - [2024-09-22T23:34:29.131+0000] {dag.py:4156} INFO - Setting next_dagrun for example_nested_branch_dag to 2024-09-21 00:00:00+00:00, run_after=2024-09-22 00:00:00+00:00
[2024-09-22T23:34:29.164+0000] {processor.py:208} INFO - Processing /home/airflow/.local/lib/python3.12/site-packages/airflow/example_dags/example_nested_branch_dag.py took 0.180 seconds
[2024-09-22T23:34:59.242+0000] {processor.py:186} INFO - Started process (PID=1156) to work on /home/airflow/.local/lib/python3.12/site-packages/airflow/example_dags/example_nested_branch_dag.py
[2024-09-22T23:34:59.244+0000] {processor.py:914} INFO - Processing file /home/airflow/.local/lib/python3.12/site-packages/airflow/example_dags/example_nested_branch_dag.py for tasks to queue
[2024-09-22T23:34:59.247+0000] {logging_mixin.py:190} INFO - [2024-09-22T23:34:59.246+0000] {dagbag.py:587} INFO - Filling up the DagBag from /home/airflow/.local/lib/python3.12/site-packages/airflow/example_dags/example_nested_branch_dag.py
[2024-09-22T23:34:59.271+0000] {processor.py:925} INFO - DAG(s) 'example_nested_branch_dag' retrieved from /home/airflow/.local/lib/python3.12/site-packages/airflow/example_dags/example_nested_branch_dag.py
[2024-09-22T23:34:59.301+0000] {logging_mixin.py:190} INFO - [2024-09-22T23:34:59.301+0000] {dag.py:3229} INFO - Sync 1 DAGs
[2024-09-22T23:34:59.338+0000] {logging_mixin.py:190} INFO - [2024-09-22T23:34:59.338+0000] {dag.py:4156} INFO - Setting next_dagrun for example_nested_branch_dag to 2024-09-21 00:00:00+00:00, run_after=2024-09-22 00:00:00+00:00
[2024-09-22T23:34:59.363+0000] {processor.py:208} INFO - Processing /home/airflow/.local/lib/python3.12/site-packages/airflow/example_dags/example_nested_branch_dag.py took 0.130 seconds
[2024-09-22T23:35:29.527+0000] {processor.py:186} INFO - Started process (PID=1219) to work on /home/airflow/.local/lib/python3.12/site-packages/airflow/example_dags/example_nested_branch_dag.py
[2024-09-22T23:35:29.530+0000] {processor.py:914} INFO - Processing file /home/airflow/.local/lib/python3.12/site-packages/airflow/example_dags/example_nested_branch_dag.py for tasks to queue
[2024-09-22T23:35:29.533+0000] {logging_mixin.py:190} INFO - [2024-09-22T23:35:29.533+0000] {dagbag.py:587} INFO - Filling up the DagBag from /home/airflow/.local/lib/python3.12/site-packages/airflow/example_dags/example_nested_branch_dag.py
[2024-09-22T23:35:29.560+0000] {processor.py:925} INFO - DAG(s) 'example_nested_branch_dag' retrieved from /home/airflow/.local/lib/python3.12/site-packages/airflow/example_dags/example_nested_branch_dag.py
[2024-09-22T23:35:29.590+0000] {logging_mixin.py:190} INFO - [2024-09-22T23:35:29.590+0000] {dag.py:3229} INFO - Sync 1 DAGs
[2024-09-22T23:35:29.624+0000] {logging_mixin.py:190} INFO - [2024-09-22T23:35:29.623+0000] {dag.py:4156} INFO - Setting next_dagrun for example_nested_branch_dag to 2024-09-21 00:00:00+00:00, run_after=2024-09-22 00:00:00+00:00
[2024-09-22T23:35:29.648+0000] {processor.py:208} INFO - Processing /home/airflow/.local/lib/python3.12/site-packages/airflow/example_dags/example_nested_branch_dag.py took 0.130 seconds
[2024-09-22T23:35:59.833+0000] {processor.py:186} INFO - Started process (PID=1282) to work on /home/airflow/.local/lib/python3.12/site-packages/airflow/example_dags/example_nested_branch_dag.py
[2024-09-22T23:35:59.835+0000] {processor.py:914} INFO - Processing file /home/airflow/.local/lib/python3.12/site-packages/airflow/example_dags/example_nested_branch_dag.py for tasks to queue
[2024-09-22T23:35:59.838+0000] {logging_mixin.py:190} INFO - [2024-09-22T23:35:59.838+0000] {dagbag.py:587} INFO - Filling up the DagBag from /home/airflow/.local/lib/python3.12/site-packages/airflow/example_dags/example_nested_branch_dag.py
[2024-09-22T23:35:59.861+0000] {processor.py:925} INFO - DAG(s) 'example_nested_branch_dag' retrieved from /home/airflow/.local/lib/python3.12/site-packages/airflow/example_dags/example_nested_branch_dag.py
[2024-09-22T23:35:59.898+0000] {logging_mixin.py:190} INFO - [2024-09-22T23:35:59.898+0000] {dag.py:3229} INFO - Sync 1 DAGs
[2024-09-22T23:35:59.937+0000] {logging_mixin.py:190} INFO - [2024-09-22T23:35:59.937+0000] {dag.py:4156} INFO - Setting next_dagrun for example_nested_branch_dag to 2024-09-21 00:00:00+00:00, run_after=2024-09-22 00:00:00+00:00
[2024-09-22T23:35:59.963+0000] {processor.py:208} INFO - Processing /home/airflow/.local/lib/python3.12/site-packages/airflow/example_dags/example_nested_branch_dag.py took 0.139 seconds
[2024-09-22T23:36:30.857+0000] {processor.py:186} INFO - Started process (PID=1345) to work on /home/airflow/.local/lib/python3.12/site-packages/airflow/example_dags/example_nested_branch_dag.py
[2024-09-22T23:36:30.859+0000] {processor.py:914} INFO - Processing file /home/airflow/.local/lib/python3.12/site-packages/airflow/example_dags/example_nested_branch_dag.py for tasks to queue
[2024-09-22T23:36:30.863+0000] {logging_mixin.py:190} INFO - [2024-09-22T23:36:30.862+0000] {dagbag.py:587} INFO - Filling up the DagBag from /home/airflow/.local/lib/python3.12/site-packages/airflow/example_dags/example_nested_branch_dag.py
[2024-09-22T23:36:30.889+0000] {processor.py:925} INFO - DAG(s) 'example_nested_branch_dag' retrieved from /home/airflow/.local/lib/python3.12/site-packages/airflow/example_dags/example_nested_branch_dag.py
[2024-09-22T23:36:30.923+0000] {logging_mixin.py:190} INFO - [2024-09-22T23:36:30.922+0000] {dag.py:3229} INFO - Sync 1 DAGs
[2024-09-22T23:36:30.960+0000] {logging_mixin.py:190} INFO - [2024-09-22T23:36:30.960+0000] {dag.py:4156} INFO - Setting next_dagrun for example_nested_branch_dag to 2024-09-21 00:00:00+00:00, run_after=2024-09-22 00:00:00+00:00
[2024-09-22T23:36:30.984+0000] {processor.py:208} INFO - Processing /home/airflow/.local/lib/python3.12/site-packages/airflow/example_dags/example_nested_branch_dag.py took 0.136 seconds
[2024-09-22T23:37:01.359+0000] {processor.py:186} INFO - Started process (PID=1408) to work on /home/airflow/.local/lib/python3.12/site-packages/airflow/example_dags/example_nested_branch_dag.py
[2024-09-22T23:37:01.360+0000] {processor.py:914} INFO - Processing file /home/airflow/.local/lib/python3.12/site-packages/airflow/example_dags/example_nested_branch_dag.py for tasks to queue
[2024-09-22T23:37:01.363+0000] {logging_mixin.py:190} INFO - [2024-09-22T23:37:01.363+0000] {dagbag.py:587} INFO - Filling up the DagBag from /home/airflow/.local/lib/python3.12/site-packages/airflow/example_dags/example_nested_branch_dag.py
[2024-09-22T23:37:01.388+0000] {processor.py:925} INFO - DAG(s) 'example_nested_branch_dag' retrieved from /home/airflow/.local/lib/python3.12/site-packages/airflow/example_dags/example_nested_branch_dag.py
[2024-09-22T23:37:01.427+0000] {logging_mixin.py:190} INFO - [2024-09-22T23:37:01.426+0000] {dag.py:3229} INFO - Sync 1 DAGs
[2024-09-22T23:37:01.471+0000] {logging_mixin.py:190} INFO - [2024-09-22T23:37:01.471+0000] {dag.py:4156} INFO - Setting next_dagrun for example_nested_branch_dag to 2024-09-21 00:00:00+00:00, run_after=2024-09-22 00:00:00+00:00
[2024-09-22T23:37:01.499+0000] {processor.py:208} INFO - Processing /home/airflow/.local/lib/python3.12/site-packages/airflow/example_dags/example_nested_branch_dag.py took 0.150 seconds
[2024-09-22T23:37:31.690+0000] {processor.py:186} INFO - Started process (PID=1471) to work on /home/airflow/.local/lib/python3.12/site-packages/airflow/example_dags/example_nested_branch_dag.py
[2024-09-22T23:37:31.693+0000] {processor.py:914} INFO - Processing file /home/airflow/.local/lib/python3.12/site-packages/airflow/example_dags/example_nested_branch_dag.py for tasks to queue
[2024-09-22T23:37:31.697+0000] {logging_mixin.py:190} INFO - [2024-09-22T23:37:31.696+0000] {dagbag.py:587} INFO - Filling up the DagBag from /home/airflow/.local/lib/python3.12/site-packages/airflow/example_dags/example_nested_branch_dag.py
[2024-09-22T23:37:31.726+0000] {processor.py:925} INFO - DAG(s) 'example_nested_branch_dag' retrieved from /home/airflow/.local/lib/python3.12/site-packages/airflow/example_dags/example_nested_branch_dag.py
[2024-09-22T23:37:31.767+0000] {logging_mixin.py:190} INFO - [2024-09-22T23:37:31.767+0000] {dag.py:3229} INFO - Sync 1 DAGs
[2024-09-22T23:37:31.819+0000] {logging_mixin.py:190} INFO - [2024-09-22T23:37:31.819+0000] {dag.py:4156} INFO - Setting next_dagrun for example_nested_branch_dag to 2024-09-21 00:00:00+00:00, run_after=2024-09-22 00:00:00+00:00
[2024-09-22T23:37:31.851+0000] {processor.py:208} INFO - Processing /home/airflow/.local/lib/python3.12/site-packages/airflow/example_dags/example_nested_branch_dag.py took 0.172 seconds
[2024-09-22T23:38:01.966+0000] {processor.py:186} INFO - Started process (PID=1534) to work on /home/airflow/.local/lib/python3.12/site-packages/airflow/example_dags/example_nested_branch_dag.py
[2024-09-22T23:38:01.967+0000] {processor.py:914} INFO - Processing file /home/airflow/.local/lib/python3.12/site-packages/airflow/example_dags/example_nested_branch_dag.py for tasks to queue
[2024-09-22T23:38:01.971+0000] {logging_mixin.py:190} INFO - [2024-09-22T23:38:01.970+0000] {dagbag.py:587} INFO - Filling up the DagBag from /home/airflow/.local/lib/python3.12/site-packages/airflow/example_dags/example_nested_branch_dag.py
[2024-09-22T23:38:01.995+0000] {processor.py:925} INFO - DAG(s) 'example_nested_branch_dag' retrieved from /home/airflow/.local/lib/python3.12/site-packages/airflow/example_dags/example_nested_branch_dag.py
[2024-09-22T23:38:02.040+0000] {logging_mixin.py:190} INFO - [2024-09-22T23:38:02.039+0000] {dag.py:3229} INFO - Sync 1 DAGs
[2024-09-22T23:38:02.082+0000] {logging_mixin.py:190} INFO - [2024-09-22T23:38:02.082+0000] {dag.py:4156} INFO - Setting next_dagrun for example_nested_branch_dag to 2024-09-21 00:00:00+00:00, run_after=2024-09-22 00:00:00+00:00
[2024-09-22T23:38:02.115+0000] {processor.py:208} INFO - Processing /home/airflow/.local/lib/python3.12/site-packages/airflow/example_dags/example_nested_branch_dag.py took 0.158 seconds
[2024-09-22T23:38:32.640+0000] {processor.py:186} INFO - Started process (PID=1603) to work on /home/airflow/.local/lib/python3.12/site-packages/airflow/example_dags/example_nested_branch_dag.py
[2024-09-22T23:38:32.641+0000] {processor.py:914} INFO - Processing file /home/airflow/.local/lib/python3.12/site-packages/airflow/example_dags/example_nested_branch_dag.py for tasks to queue
[2024-09-22T23:38:32.645+0000] {logging_mixin.py:190} INFO - [2024-09-22T23:38:32.644+0000] {dagbag.py:587} INFO - Filling up the DagBag from /home/airflow/.local/lib/python3.12/site-packages/airflow/example_dags/example_nested_branch_dag.py
[2024-09-22T23:38:32.669+0000] {processor.py:925} INFO - DAG(s) 'example_nested_branch_dag' retrieved from /home/airflow/.local/lib/python3.12/site-packages/airflow/example_dags/example_nested_branch_dag.py
[2024-09-22T23:38:32.704+0000] {logging_mixin.py:190} INFO - [2024-09-22T23:38:32.704+0000] {dag.py:3229} INFO - Sync 1 DAGs
[2024-09-22T23:38:32.742+0000] {logging_mixin.py:190} INFO - [2024-09-22T23:38:32.742+0000] {dag.py:4156} INFO - Setting next_dagrun for example_nested_branch_dag to 2024-09-21 00:00:00+00:00, run_after=2024-09-22 00:00:00+00:00
[2024-09-22T23:38:32.766+0000] {processor.py:208} INFO - Processing /home/airflow/.local/lib/python3.12/site-packages/airflow/example_dags/example_nested_branch_dag.py took 0.136 seconds
[2024-09-22T23:39:03.211+0000] {processor.py:186} INFO - Started process (PID=1666) to work on /home/airflow/.local/lib/python3.12/site-packages/airflow/example_dags/example_nested_branch_dag.py
[2024-09-22T23:39:03.212+0000] {processor.py:914} INFO - Processing file /home/airflow/.local/lib/python3.12/site-packages/airflow/example_dags/example_nested_branch_dag.py for tasks to queue
[2024-09-22T23:39:03.217+0000] {logging_mixin.py:190} INFO - [2024-09-22T23:39:03.216+0000] {dagbag.py:587} INFO - Filling up the DagBag from /home/airflow/.local/lib/python3.12/site-packages/airflow/example_dags/example_nested_branch_dag.py
[2024-09-22T23:39:03.246+0000] {processor.py:925} INFO - DAG(s) 'example_nested_branch_dag' retrieved from /home/airflow/.local/lib/python3.12/site-packages/airflow/example_dags/example_nested_branch_dag.py
[2024-09-22T23:39:03.287+0000] {logging_mixin.py:190} INFO - [2024-09-22T23:39:03.286+0000] {dag.py:3229} INFO - Sync 1 DAGs
[2024-09-22T23:39:03.338+0000] {logging_mixin.py:190} INFO - [2024-09-22T23:39:03.338+0000] {dag.py:4156} INFO - Setting next_dagrun for example_nested_branch_dag to 2024-09-21 00:00:00+00:00, run_after=2024-09-22 00:00:00+00:00
[2024-09-22T23:39:03.722+0000] {processor.py:208} INFO - Processing /home/airflow/.local/lib/python3.12/site-packages/airflow/example_dags/example_nested_branch_dag.py took 0.524 seconds
[2024-09-22T23:39:34.612+0000] {processor.py:186} INFO - Started process (PID=1729) to work on /home/airflow/.local/lib/python3.12/site-packages/airflow/example_dags/example_nested_branch_dag.py
[2024-09-22T23:39:34.614+0000] {processor.py:914} INFO - Processing file /home/airflow/.local/lib/python3.12/site-packages/airflow/example_dags/example_nested_branch_dag.py for tasks to queue
[2024-09-22T23:39:34.619+0000] {logging_mixin.py:190} INFO - [2024-09-22T23:39:34.618+0000] {dagbag.py:587} INFO - Filling up the DagBag from /home/airflow/.local/lib/python3.12/site-packages/airflow/example_dags/example_nested_branch_dag.py
[2024-09-22T23:39:34.648+0000] {processor.py:925} INFO - DAG(s) 'example_nested_branch_dag' retrieved from /home/airflow/.local/lib/python3.12/site-packages/airflow/example_dags/example_nested_branch_dag.py
[2024-09-22T23:39:34.689+0000] {logging_mixin.py:190} INFO - [2024-09-22T23:39:34.688+0000] {dag.py:3229} INFO - Sync 1 DAGs
[2024-09-22T23:39:34.735+0000] {logging_mixin.py:190} INFO - [2024-09-22T23:39:34.735+0000] {dag.py:4156} INFO - Setting next_dagrun for example_nested_branch_dag to 2024-09-21 00:00:00+00:00, run_after=2024-09-22 00:00:00+00:00
[2024-09-22T23:39:34.768+0000] {processor.py:208} INFO - Processing /home/airflow/.local/lib/python3.12/site-packages/airflow/example_dags/example_nested_branch_dag.py took 0.168 seconds
[2024-09-22T23:40:05.138+0000] {processor.py:186} INFO - Started process (PID=1792) to work on /home/airflow/.local/lib/python3.12/site-packages/airflow/example_dags/example_nested_branch_dag.py
[2024-09-22T23:40:05.139+0000] {processor.py:914} INFO - Processing file /home/airflow/.local/lib/python3.12/site-packages/airflow/example_dags/example_nested_branch_dag.py for tasks to queue
[2024-09-22T23:40:05.143+0000] {logging_mixin.py:190} INFO - [2024-09-22T23:40:05.142+0000] {dagbag.py:587} INFO - Filling up the DagBag from /home/airflow/.local/lib/python3.12/site-packages/airflow/example_dags/example_nested_branch_dag.py
[2024-09-22T23:40:05.165+0000] {processor.py:925} INFO - DAG(s) 'example_nested_branch_dag' retrieved from /home/airflow/.local/lib/python3.12/site-packages/airflow/example_dags/example_nested_branch_dag.py
[2024-09-22T23:40:05.197+0000] {logging_mixin.py:190} INFO - [2024-09-22T23:40:05.197+0000] {dag.py:3229} INFO - Sync 1 DAGs
[2024-09-22T23:40:05.240+0000] {logging_mixin.py:190} INFO - [2024-09-22T23:40:05.239+0000] {dag.py:4156} INFO - Setting next_dagrun for example_nested_branch_dag to 2024-09-21 00:00:00+00:00, run_after=2024-09-22 00:00:00+00:00
[2024-09-22T23:40:05.266+0000] {processor.py:208} INFO - Processing /home/airflow/.local/lib/python3.12/site-packages/airflow/example_dags/example_nested_branch_dag.py took 0.137 seconds
[2024-09-22T23:40:35.340+0000] {processor.py:186} INFO - Started process (PID=1855) to work on /home/airflow/.local/lib/python3.12/site-packages/airflow/example_dags/example_nested_branch_dag.py
[2024-09-22T23:40:35.342+0000] {processor.py:914} INFO - Processing file /home/airflow/.local/lib/python3.12/site-packages/airflow/example_dags/example_nested_branch_dag.py for tasks to queue
[2024-09-22T23:40:35.347+0000] {logging_mixin.py:190} INFO - [2024-09-22T23:40:35.346+0000] {dagbag.py:587} INFO - Filling up the DagBag from /home/airflow/.local/lib/python3.12/site-packages/airflow/example_dags/example_nested_branch_dag.py
[2024-09-22T23:40:35.376+0000] {processor.py:925} INFO - DAG(s) 'example_nested_branch_dag' retrieved from /home/airflow/.local/lib/python3.12/site-packages/airflow/example_dags/example_nested_branch_dag.py
[2024-09-22T23:40:35.406+0000] {logging_mixin.py:190} INFO - [2024-09-22T23:40:35.406+0000] {dag.py:3229} INFO - Sync 1 DAGs
[2024-09-22T23:40:35.440+0000] {logging_mixin.py:190} INFO - [2024-09-22T23:40:35.440+0000] {dag.py:4156} INFO - Setting next_dagrun for example_nested_branch_dag to 2024-09-21 00:00:00+00:00, run_after=2024-09-22 00:00:00+00:00
[2024-09-22T23:40:35.468+0000] {processor.py:208} INFO - Processing /home/airflow/.local/lib/python3.12/site-packages/airflow/example_dags/example_nested_branch_dag.py took 0.141 seconds
[2024-09-22T23:41:06.265+0000] {processor.py:186} INFO - Started process (PID=1918) to work on /home/airflow/.local/lib/python3.12/site-packages/airflow/example_dags/example_nested_branch_dag.py
[2024-09-22T23:41:06.266+0000] {processor.py:914} INFO - Processing file /home/airflow/.local/lib/python3.12/site-packages/airflow/example_dags/example_nested_branch_dag.py for tasks to queue
[2024-09-22T23:41:06.270+0000] {logging_mixin.py:190} INFO - [2024-09-22T23:41:06.269+0000] {dagbag.py:587} INFO - Filling up the DagBag from /home/airflow/.local/lib/python3.12/site-packages/airflow/example_dags/example_nested_branch_dag.py
[2024-09-22T23:41:06.290+0000] {processor.py:925} INFO - DAG(s) 'example_nested_branch_dag' retrieved from /home/airflow/.local/lib/python3.12/site-packages/airflow/example_dags/example_nested_branch_dag.py
[2024-09-22T23:41:06.322+0000] {logging_mixin.py:190} INFO - [2024-09-22T23:41:06.321+0000] {dag.py:3229} INFO - Sync 1 DAGs
[2024-09-22T23:41:06.643+0000] {logging_mixin.py:190} INFO - [2024-09-22T23:41:06.642+0000] {dag.py:4156} INFO - Setting next_dagrun for example_nested_branch_dag to 2024-09-21 00:00:00+00:00, run_after=2024-09-22 00:00:00+00:00
[2024-09-22T23:41:06.667+0000] {processor.py:208} INFO - Processing /home/airflow/.local/lib/python3.12/site-packages/airflow/example_dags/example_nested_branch_dag.py took 0.413 seconds
[2024-09-22T23:41:37.319+0000] {processor.py:186} INFO - Started process (PID=1981) to work on /home/airflow/.local/lib/python3.12/site-packages/airflow/example_dags/example_nested_branch_dag.py
[2024-09-22T23:41:37.321+0000] {processor.py:914} INFO - Processing file /home/airflow/.local/lib/python3.12/site-packages/airflow/example_dags/example_nested_branch_dag.py for tasks to queue
[2024-09-22T23:41:37.326+0000] {logging_mixin.py:190} INFO - [2024-09-22T23:41:37.325+0000] {dagbag.py:587} INFO - Filling up the DagBag from /home/airflow/.local/lib/python3.12/site-packages/airflow/example_dags/example_nested_branch_dag.py
[2024-09-22T23:41:37.356+0000] {processor.py:925} INFO - DAG(s) 'example_nested_branch_dag' retrieved from /home/airflow/.local/lib/python3.12/site-packages/airflow/example_dags/example_nested_branch_dag.py
[2024-09-22T23:41:37.396+0000] {logging_mixin.py:190} INFO - [2024-09-22T23:41:37.396+0000] {dag.py:3229} INFO - Sync 1 DAGs
[2024-09-22T23:41:37.443+0000] {logging_mixin.py:190} INFO - [2024-09-22T23:41:37.443+0000] {dag.py:4156} INFO - Setting next_dagrun for example_nested_branch_dag to 2024-09-21 00:00:00+00:00, run_after=2024-09-22 00:00:00+00:00
[2024-09-22T23:41:37.475+0000] {processor.py:208} INFO - Processing /home/airflow/.local/lib/python3.12/site-packages/airflow/example_dags/example_nested_branch_dag.py took 0.168 seconds
[2024-09-22T23:42:08.433+0000] {processor.py:186} INFO - Started process (PID=2044) to work on /home/airflow/.local/lib/python3.12/site-packages/airflow/example_dags/example_nested_branch_dag.py
[2024-09-22T23:42:08.434+0000] {processor.py:914} INFO - Processing file /home/airflow/.local/lib/python3.12/site-packages/airflow/example_dags/example_nested_branch_dag.py for tasks to queue
[2024-09-22T23:42:08.438+0000] {logging_mixin.py:190} INFO - [2024-09-22T23:42:08.437+0000] {dagbag.py:587} INFO - Filling up the DagBag from /home/airflow/.local/lib/python3.12/site-packages/airflow/example_dags/example_nested_branch_dag.py
[2024-09-22T23:42:08.461+0000] {processor.py:925} INFO - DAG(s) 'example_nested_branch_dag' retrieved from /home/airflow/.local/lib/python3.12/site-packages/airflow/example_dags/example_nested_branch_dag.py
[2024-09-22T23:42:08.491+0000] {logging_mixin.py:190} INFO - [2024-09-22T23:42:08.491+0000] {dag.py:3229} INFO - Sync 1 DAGs
[2024-09-22T23:42:08.523+0000] {logging_mixin.py:190} INFO - [2024-09-22T23:42:08.523+0000] {dag.py:4156} INFO - Setting next_dagrun for example_nested_branch_dag to 2024-09-21 00:00:00+00:00, run_after=2024-09-22 00:00:00+00:00
[2024-09-22T23:42:08.547+0000] {processor.py:208} INFO - Processing /home/airflow/.local/lib/python3.12/site-packages/airflow/example_dags/example_nested_branch_dag.py took 0.123 seconds
[2024-09-22T23:42:38.904+0000] {processor.py:186} INFO - Started process (PID=2107) to work on /home/airflow/.local/lib/python3.12/site-packages/airflow/example_dags/example_nested_branch_dag.py
[2024-09-22T23:42:38.906+0000] {processor.py:914} INFO - Processing file /home/airflow/.local/lib/python3.12/site-packages/airflow/example_dags/example_nested_branch_dag.py for tasks to queue
[2024-09-22T23:42:38.912+0000] {logging_mixin.py:190} INFO - [2024-09-22T23:42:38.911+0000] {dagbag.py:587} INFO - Filling up the DagBag from /home/airflow/.local/lib/python3.12/site-packages/airflow/example_dags/example_nested_branch_dag.py
[2024-09-22T23:42:38.937+0000] {processor.py:925} INFO - DAG(s) 'example_nested_branch_dag' retrieved from /home/airflow/.local/lib/python3.12/site-packages/airflow/example_dags/example_nested_branch_dag.py
[2024-09-22T23:42:38.971+0000] {logging_mixin.py:190} INFO - [2024-09-22T23:42:38.970+0000] {dag.py:3229} INFO - Sync 1 DAGs
[2024-09-22T23:42:39.002+0000] {logging_mixin.py:190} INFO - [2024-09-22T23:42:39.002+0000] {dag.py:4156} INFO - Setting next_dagrun for example_nested_branch_dag to 2024-09-21 00:00:00+00:00, run_after=2024-09-22 00:00:00+00:00
[2024-09-22T23:42:39.025+0000] {processor.py:208} INFO - Processing /home/airflow/.local/lib/python3.12/site-packages/airflow/example_dags/example_nested_branch_dag.py took 0.133 seconds
[2024-09-22T23:43:10.096+0000] {processor.py:186} INFO - Started process (PID=2169) to work on /home/airflow/.local/lib/python3.12/site-packages/airflow/example_dags/example_nested_branch_dag.py
[2024-09-22T23:43:10.099+0000] {processor.py:914} INFO - Processing file /home/airflow/.local/lib/python3.12/site-packages/airflow/example_dags/example_nested_branch_dag.py for tasks to queue
[2024-09-22T23:43:10.106+0000] {logging_mixin.py:190} INFO - [2024-09-22T23:43:10.105+0000] {dagbag.py:587} INFO - Filling up the DagBag from /home/airflow/.local/lib/python3.12/site-packages/airflow/example_dags/example_nested_branch_dag.py
[2024-09-22T23:43:10.152+0000] {processor.py:925} INFO - DAG(s) 'example_nested_branch_dag' retrieved from /home/airflow/.local/lib/python3.12/site-packages/airflow/example_dags/example_nested_branch_dag.py
[2024-09-22T23:43:10.238+0000] {logging_mixin.py:190} INFO - [2024-09-22T23:43:10.237+0000] {dag.py:3229} INFO - Sync 1 DAGs
[2024-09-22T23:43:10.319+0000] {logging_mixin.py:190} INFO - [2024-09-22T23:43:10.319+0000] {dag.py:4156} INFO - Setting next_dagrun for example_nested_branch_dag to 2024-09-21 00:00:00+00:00, run_after=2024-09-22 00:00:00+00:00
[2024-09-22T23:43:10.364+0000] {processor.py:208} INFO - Processing /home/airflow/.local/lib/python3.12/site-packages/airflow/example_dags/example_nested_branch_dag.py took 0.295 seconds
[2024-09-22T23:43:40.452+0000] {processor.py:186} INFO - Started process (PID=2232) to work on /home/airflow/.local/lib/python3.12/site-packages/airflow/example_dags/example_nested_branch_dag.py
[2024-09-22T23:43:40.453+0000] {processor.py:914} INFO - Processing file /home/airflow/.local/lib/python3.12/site-packages/airflow/example_dags/example_nested_branch_dag.py for tasks to queue
[2024-09-22T23:43:40.457+0000] {logging_mixin.py:190} INFO - [2024-09-22T23:43:40.456+0000] {dagbag.py:587} INFO - Filling up the DagBag from /home/airflow/.local/lib/python3.12/site-packages/airflow/example_dags/example_nested_branch_dag.py
[2024-09-22T23:43:40.479+0000] {processor.py:925} INFO - DAG(s) 'example_nested_branch_dag' retrieved from /home/airflow/.local/lib/python3.12/site-packages/airflow/example_dags/example_nested_branch_dag.py
[2024-09-22T23:43:40.512+0000] {logging_mixin.py:190} INFO - [2024-09-22T23:43:40.512+0000] {dag.py:3229} INFO - Sync 1 DAGs
[2024-09-22T23:43:40.552+0000] {logging_mixin.py:190} INFO - [2024-09-22T23:43:40.552+0000] {dag.py:4156} INFO - Setting next_dagrun for example_nested_branch_dag to 2024-09-21 00:00:00+00:00, run_after=2024-09-22 00:00:00+00:00
[2024-09-22T23:43:40.576+0000] {processor.py:208} INFO - Processing /home/airflow/.local/lib/python3.12/site-packages/airflow/example_dags/example_nested_branch_dag.py took 0.135 seconds
[2024-09-22T23:44:10.798+0000] {processor.py:186} INFO - Started process (PID=2295) to work on /home/airflow/.local/lib/python3.12/site-packages/airflow/example_dags/example_nested_branch_dag.py
[2024-09-22T23:44:10.800+0000] {processor.py:914} INFO - Processing file /home/airflow/.local/lib/python3.12/site-packages/airflow/example_dags/example_nested_branch_dag.py for tasks to queue
[2024-09-22T23:44:10.804+0000] {logging_mixin.py:190} INFO - [2024-09-22T23:44:10.803+0000] {dagbag.py:587} INFO - Filling up the DagBag from /home/airflow/.local/lib/python3.12/site-packages/airflow/example_dags/example_nested_branch_dag.py
[2024-09-22T23:44:10.830+0000] {processor.py:925} INFO - DAG(s) 'example_nested_branch_dag' retrieved from /home/airflow/.local/lib/python3.12/site-packages/airflow/example_dags/example_nested_branch_dag.py
[2024-09-22T23:44:10.871+0000] {logging_mixin.py:190} INFO - [2024-09-22T23:44:10.870+0000] {dag.py:3229} INFO - Sync 1 DAGs
[2024-09-22T23:44:10.909+0000] {logging_mixin.py:190} INFO - [2024-09-22T23:44:10.909+0000] {dag.py:4156} INFO - Setting next_dagrun for example_nested_branch_dag to 2024-09-21 00:00:00+00:00, run_after=2024-09-22 00:00:00+00:00
[2024-09-22T23:44:10.935+0000] {processor.py:208} INFO - Processing /home/airflow/.local/lib/python3.12/site-packages/airflow/example_dags/example_nested_branch_dag.py took 0.147 seconds
[2024-09-22T23:46:55.837+0000] {processor.py:186} INFO - Started process (PID=97) to work on /home/airflow/.local/lib/python3.12/site-packages/airflow/example_dags/example_nested_branch_dag.py
[2024-09-22T23:46:55.840+0000] {processor.py:914} INFO - Processing file /home/airflow/.local/lib/python3.12/site-packages/airflow/example_dags/example_nested_branch_dag.py for tasks to queue
[2024-09-22T23:46:55.844+0000] {logging_mixin.py:190} INFO - [2024-09-22T23:46:55.844+0000] {dagbag.py:587} INFO - Filling up the DagBag from /home/airflow/.local/lib/python3.12/site-packages/airflow/example_dags/example_nested_branch_dag.py
[2024-09-22T23:46:55.878+0000] {processor.py:925} INFO - DAG(s) 'example_nested_branch_dag' retrieved from /home/airflow/.local/lib/python3.12/site-packages/airflow/example_dags/example_nested_branch_dag.py
[2024-09-22T23:46:55.934+0000] {logging_mixin.py:190} INFO - [2024-09-22T23:46:55.934+0000] {dag.py:3229} INFO - Sync 1 DAGs
[2024-09-22T23:46:55.993+0000] {logging_mixin.py:190} INFO - [2024-09-22T23:46:55.992+0000] {dag.py:4156} INFO - Setting next_dagrun for example_nested_branch_dag to 2024-09-21 00:00:00+00:00, run_after=2024-09-22 00:00:00+00:00
[2024-09-22T23:46:56.043+0000] {processor.py:208} INFO - Processing /home/airflow/.local/lib/python3.12/site-packages/airflow/example_dags/example_nested_branch_dag.py took 0.218 seconds
[2024-09-22T23:47:26.492+0000] {processor.py:186} INFO - Started process (PID=159) to work on /home/airflow/.local/lib/python3.12/site-packages/airflow/example_dags/example_nested_branch_dag.py
[2024-09-22T23:47:26.493+0000] {processor.py:914} INFO - Processing file /home/airflow/.local/lib/python3.12/site-packages/airflow/example_dags/example_nested_branch_dag.py for tasks to queue
[2024-09-22T23:47:26.497+0000] {logging_mixin.py:190} INFO - [2024-09-22T23:47:26.496+0000] {dagbag.py:587} INFO - Filling up the DagBag from /home/airflow/.local/lib/python3.12/site-packages/airflow/example_dags/example_nested_branch_dag.py
[2024-09-22T23:47:26.519+0000] {processor.py:925} INFO - DAG(s) 'example_nested_branch_dag' retrieved from /home/airflow/.local/lib/python3.12/site-packages/airflow/example_dags/example_nested_branch_dag.py
[2024-09-22T23:47:26.554+0000] {logging_mixin.py:190} INFO - [2024-09-22T23:47:26.553+0000] {dag.py:3229} INFO - Sync 1 DAGs
[2024-09-22T23:47:26.591+0000] {logging_mixin.py:190} INFO - [2024-09-22T23:47:26.590+0000] {dag.py:4156} INFO - Setting next_dagrun for example_nested_branch_dag to 2024-09-21 00:00:00+00:00, run_after=2024-09-22 00:00:00+00:00
[2024-09-22T23:47:26.619+0000] {processor.py:208} INFO - Processing /home/airflow/.local/lib/python3.12/site-packages/airflow/example_dags/example_nested_branch_dag.py took 0.137 seconds
[2024-09-22T23:47:56.981+0000] {processor.py:186} INFO - Started process (PID=222) to work on /home/airflow/.local/lib/python3.12/site-packages/airflow/example_dags/example_nested_branch_dag.py
[2024-09-22T23:47:56.983+0000] {processor.py:914} INFO - Processing file /home/airflow/.local/lib/python3.12/site-packages/airflow/example_dags/example_nested_branch_dag.py for tasks to queue
[2024-09-22T23:47:56.986+0000] {logging_mixin.py:190} INFO - [2024-09-22T23:47:56.985+0000] {dagbag.py:587} INFO - Filling up the DagBag from /home/airflow/.local/lib/python3.12/site-packages/airflow/example_dags/example_nested_branch_dag.py
[2024-09-22T23:47:57.009+0000] {processor.py:925} INFO - DAG(s) 'example_nested_branch_dag' retrieved from /home/airflow/.local/lib/python3.12/site-packages/airflow/example_dags/example_nested_branch_dag.py
[2024-09-22T23:47:57.043+0000] {logging_mixin.py:190} INFO - [2024-09-22T23:47:57.042+0000] {dag.py:3229} INFO - Sync 1 DAGs
[2024-09-22T23:47:57.081+0000] {logging_mixin.py:190} INFO - [2024-09-22T23:47:57.081+0000] {dag.py:4156} INFO - Setting next_dagrun for example_nested_branch_dag to 2024-09-21 00:00:00+00:00, run_after=2024-09-22 00:00:00+00:00
[2024-09-22T23:47:57.109+0000] {processor.py:208} INFO - Processing /home/airflow/.local/lib/python3.12/site-packages/airflow/example_dags/example_nested_branch_dag.py took 0.138 seconds
[2024-09-22T23:48:27.482+0000] {processor.py:186} INFO - Started process (PID=285) to work on /home/airflow/.local/lib/python3.12/site-packages/airflow/example_dags/example_nested_branch_dag.py
[2024-09-22T23:48:27.483+0000] {processor.py:914} INFO - Processing file /home/airflow/.local/lib/python3.12/site-packages/airflow/example_dags/example_nested_branch_dag.py for tasks to queue
[2024-09-22T23:48:27.487+0000] {logging_mixin.py:190} INFO - [2024-09-22T23:48:27.486+0000] {dagbag.py:587} INFO - Filling up the DagBag from /home/airflow/.local/lib/python3.12/site-packages/airflow/example_dags/example_nested_branch_dag.py
[2024-09-22T23:48:27.514+0000] {processor.py:925} INFO - DAG(s) 'example_nested_branch_dag' retrieved from /home/airflow/.local/lib/python3.12/site-packages/airflow/example_dags/example_nested_branch_dag.py
[2024-09-22T23:48:27.548+0000] {logging_mixin.py:190} INFO - [2024-09-22T23:48:27.548+0000] {dag.py:3229} INFO - Sync 1 DAGs
[2024-09-22T23:48:27.582+0000] {logging_mixin.py:190} INFO - [2024-09-22T23:48:27.581+0000] {dag.py:4156} INFO - Setting next_dagrun for example_nested_branch_dag to 2024-09-21 00:00:00+00:00, run_after=2024-09-22 00:00:00+00:00
[2024-09-22T23:48:27.605+0000] {processor.py:208} INFO - Processing /home/airflow/.local/lib/python3.12/site-packages/airflow/example_dags/example_nested_branch_dag.py took 0.132 seconds
[2024-09-22T23:48:58.246+0000] {processor.py:186} INFO - Started process (PID=348) to work on /home/airflow/.local/lib/python3.12/site-packages/airflow/example_dags/example_nested_branch_dag.py
[2024-09-22T23:48:58.248+0000] {processor.py:914} INFO - Processing file /home/airflow/.local/lib/python3.12/site-packages/airflow/example_dags/example_nested_branch_dag.py for tasks to queue
[2024-09-22T23:48:58.252+0000] {logging_mixin.py:190} INFO - [2024-09-22T23:48:58.251+0000] {dagbag.py:587} INFO - Filling up the DagBag from /home/airflow/.local/lib/python3.12/site-packages/airflow/example_dags/example_nested_branch_dag.py
[2024-09-22T23:48:58.273+0000] {processor.py:925} INFO - DAG(s) 'example_nested_branch_dag' retrieved from /home/airflow/.local/lib/python3.12/site-packages/airflow/example_dags/example_nested_branch_dag.py
[2024-09-22T23:48:58.305+0000] {logging_mixin.py:190} INFO - [2024-09-22T23:48:58.305+0000] {dag.py:3229} INFO - Sync 1 DAGs
[2024-09-22T23:48:58.340+0000] {logging_mixin.py:190} INFO - [2024-09-22T23:48:58.339+0000] {dag.py:4156} INFO - Setting next_dagrun for example_nested_branch_dag to 2024-09-21 00:00:00+00:00, run_after=2024-09-22 00:00:00+00:00
[2024-09-22T23:48:58.363+0000] {processor.py:208} INFO - Processing /home/airflow/.local/lib/python3.12/site-packages/airflow/example_dags/example_nested_branch_dag.py took 0.127 seconds
[2024-09-22T23:49:29.042+0000] {processor.py:186} INFO - Started process (PID=411) to work on /home/airflow/.local/lib/python3.12/site-packages/airflow/example_dags/example_nested_branch_dag.py
[2024-09-22T23:49:29.044+0000] {processor.py:914} INFO - Processing file /home/airflow/.local/lib/python3.12/site-packages/airflow/example_dags/example_nested_branch_dag.py for tasks to queue
[2024-09-22T23:49:29.048+0000] {logging_mixin.py:190} INFO - [2024-09-22T23:49:29.047+0000] {dagbag.py:587} INFO - Filling up the DagBag from /home/airflow/.local/lib/python3.12/site-packages/airflow/example_dags/example_nested_branch_dag.py
[2024-09-22T23:49:29.070+0000] {processor.py:925} INFO - DAG(s) 'example_nested_branch_dag' retrieved from /home/airflow/.local/lib/python3.12/site-packages/airflow/example_dags/example_nested_branch_dag.py
[2024-09-22T23:49:29.114+0000] {logging_mixin.py:190} INFO - [2024-09-22T23:49:29.114+0000] {dag.py:3229} INFO - Sync 1 DAGs
[2024-09-22T23:49:29.151+0000] {logging_mixin.py:190} INFO - [2024-09-22T23:49:29.151+0000] {dag.py:4156} INFO - Setting next_dagrun for example_nested_branch_dag to 2024-09-21 00:00:00+00:00, run_after=2024-09-22 00:00:00+00:00
[2024-09-22T23:49:29.177+0000] {processor.py:208} INFO - Processing /home/airflow/.local/lib/python3.12/site-packages/airflow/example_dags/example_nested_branch_dag.py took 0.145 seconds
[2024-09-22T23:49:59.669+0000] {processor.py:186} INFO - Started process (PID=474) to work on /home/airflow/.local/lib/python3.12/site-packages/airflow/example_dags/example_nested_branch_dag.py
[2024-09-22T23:49:59.671+0000] {processor.py:914} INFO - Processing file /home/airflow/.local/lib/python3.12/site-packages/airflow/example_dags/example_nested_branch_dag.py for tasks to queue
[2024-09-22T23:49:59.676+0000] {logging_mixin.py:190} INFO - [2024-09-22T23:49:59.675+0000] {dagbag.py:587} INFO - Filling up the DagBag from /home/airflow/.local/lib/python3.12/site-packages/airflow/example_dags/example_nested_branch_dag.py
[2024-09-22T23:49:59.707+0000] {processor.py:925} INFO - DAG(s) 'example_nested_branch_dag' retrieved from /home/airflow/.local/lib/python3.12/site-packages/airflow/example_dags/example_nested_branch_dag.py
[2024-09-22T23:49:59.751+0000] {logging_mixin.py:190} INFO - [2024-09-22T23:49:59.751+0000] {dag.py:3229} INFO - Sync 1 DAGs
[2024-09-22T23:49:59.800+0000] {logging_mixin.py:190} INFO - [2024-09-22T23:49:59.800+0000] {dag.py:4156} INFO - Setting next_dagrun for example_nested_branch_dag to 2024-09-21 00:00:00+00:00, run_after=2024-09-22 00:00:00+00:00
[2024-09-22T23:49:59.831+0000] {processor.py:208} INFO - Processing /home/airflow/.local/lib/python3.12/site-packages/airflow/example_dags/example_nested_branch_dag.py took 0.175 seconds
[2024-09-22T23:50:29.903+0000] {processor.py:186} INFO - Started process (PID=537) to work on /home/airflow/.local/lib/python3.12/site-packages/airflow/example_dags/example_nested_branch_dag.py
[2024-09-22T23:50:29.905+0000] {processor.py:914} INFO - Processing file /home/airflow/.local/lib/python3.12/site-packages/airflow/example_dags/example_nested_branch_dag.py for tasks to queue
[2024-09-22T23:50:29.909+0000] {logging_mixin.py:190} INFO - [2024-09-22T23:50:29.908+0000] {dagbag.py:587} INFO - Filling up the DagBag from /home/airflow/.local/lib/python3.12/site-packages/airflow/example_dags/example_nested_branch_dag.py
[2024-09-22T23:50:29.934+0000] {processor.py:925} INFO - DAG(s) 'example_nested_branch_dag' retrieved from /home/airflow/.local/lib/python3.12/site-packages/airflow/example_dags/example_nested_branch_dag.py
[2024-09-22T23:50:29.965+0000] {logging_mixin.py:190} INFO - [2024-09-22T23:50:29.964+0000] {dag.py:3229} INFO - Sync 1 DAGs
[2024-09-22T23:50:30.003+0000] {logging_mixin.py:190} INFO - [2024-09-22T23:50:30.003+0000] {dag.py:4156} INFO - Setting next_dagrun for example_nested_branch_dag to 2024-09-21 00:00:00+00:00, run_after=2024-09-22 00:00:00+00:00
[2024-09-22T23:50:30.034+0000] {processor.py:208} INFO - Processing /home/airflow/.local/lib/python3.12/site-packages/airflow/example_dags/example_nested_branch_dag.py took 0.140 seconds
[2024-09-22T23:51:00.413+0000] {processor.py:186} INFO - Started process (PID=600) to work on /home/airflow/.local/lib/python3.12/site-packages/airflow/example_dags/example_nested_branch_dag.py
[2024-09-22T23:51:00.416+0000] {processor.py:914} INFO - Processing file /home/airflow/.local/lib/python3.12/site-packages/airflow/example_dags/example_nested_branch_dag.py for tasks to queue
[2024-09-22T23:51:00.420+0000] {logging_mixin.py:190} INFO - [2024-09-22T23:51:00.419+0000] {dagbag.py:587} INFO - Filling up the DagBag from /home/airflow/.local/lib/python3.12/site-packages/airflow/example_dags/example_nested_branch_dag.py
[2024-09-22T23:51:00.443+0000] {processor.py:925} INFO - DAG(s) 'example_nested_branch_dag' retrieved from /home/airflow/.local/lib/python3.12/site-packages/airflow/example_dags/example_nested_branch_dag.py
[2024-09-22T23:51:00.483+0000] {logging_mixin.py:190} INFO - [2024-09-22T23:51:00.482+0000] {dag.py:3229} INFO - Sync 1 DAGs
[2024-09-22T23:51:00.520+0000] {logging_mixin.py:190} INFO - [2024-09-22T23:51:00.520+0000] {dag.py:4156} INFO - Setting next_dagrun for example_nested_branch_dag to 2024-09-21 00:00:00+00:00, run_after=2024-09-22 00:00:00+00:00
[2024-09-22T23:51:00.545+0000] {processor.py:208} INFO - Processing /home/airflow/.local/lib/python3.12/site-packages/airflow/example_dags/example_nested_branch_dag.py took 0.141 seconds
[2024-09-22T23:51:30.892+0000] {processor.py:186} INFO - Started process (PID=664) to work on /home/airflow/.local/lib/python3.12/site-packages/airflow/example_dags/example_nested_branch_dag.py
[2024-09-22T23:51:30.895+0000] {processor.py:914} INFO - Processing file /home/airflow/.local/lib/python3.12/site-packages/airflow/example_dags/example_nested_branch_dag.py for tasks to queue
[2024-09-22T23:51:30.899+0000] {logging_mixin.py:190} INFO - [2024-09-22T23:51:30.898+0000] {dagbag.py:587} INFO - Filling up the DagBag from /home/airflow/.local/lib/python3.12/site-packages/airflow/example_dags/example_nested_branch_dag.py
[2024-09-22T23:51:30.924+0000] {processor.py:925} INFO - DAG(s) 'example_nested_branch_dag' retrieved from /home/airflow/.local/lib/python3.12/site-packages/airflow/example_dags/example_nested_branch_dag.py
[2024-09-22T23:51:30.959+0000] {logging_mixin.py:190} INFO - [2024-09-22T23:51:30.959+0000] {dag.py:3229} INFO - Sync 1 DAGs
[2024-09-22T23:51:31.000+0000] {logging_mixin.py:190} INFO - [2024-09-22T23:51:30.999+0000] {dag.py:4156} INFO - Setting next_dagrun for example_nested_branch_dag to 2024-09-21 00:00:00+00:00, run_after=2024-09-22 00:00:00+00:00
[2024-09-22T23:51:31.039+0000] {processor.py:208} INFO - Processing /home/airflow/.local/lib/python3.12/site-packages/airflow/example_dags/example_nested_branch_dag.py took 0.160 seconds
[2024-09-22T23:52:01.572+0000] {processor.py:186} INFO - Started process (PID=728) to work on /home/airflow/.local/lib/python3.12/site-packages/airflow/example_dags/example_nested_branch_dag.py
[2024-09-22T23:52:01.575+0000] {processor.py:914} INFO - Processing file /home/airflow/.local/lib/python3.12/site-packages/airflow/example_dags/example_nested_branch_dag.py for tasks to queue
[2024-09-22T23:52:01.579+0000] {logging_mixin.py:190} INFO - [2024-09-22T23:52:01.578+0000] {dagbag.py:587} INFO - Filling up the DagBag from /home/airflow/.local/lib/python3.12/site-packages/airflow/example_dags/example_nested_branch_dag.py
[2024-09-22T23:52:01.605+0000] {processor.py:925} INFO - DAG(s) 'example_nested_branch_dag' retrieved from /home/airflow/.local/lib/python3.12/site-packages/airflow/example_dags/example_nested_branch_dag.py
[2024-09-22T23:52:01.642+0000] {logging_mixin.py:190} INFO - [2024-09-22T23:52:01.642+0000] {dag.py:3229} INFO - Sync 1 DAGs
[2024-09-22T23:52:01.680+0000] {logging_mixin.py:190} INFO - [2024-09-22T23:52:01.680+0000] {dag.py:4156} INFO - Setting next_dagrun for example_nested_branch_dag to 2024-09-21 00:00:00+00:00, run_after=2024-09-22 00:00:00+00:00
[2024-09-22T23:52:01.709+0000] {processor.py:208} INFO - Processing /home/airflow/.local/lib/python3.12/site-packages/airflow/example_dags/example_nested_branch_dag.py took 0.148 seconds
[2024-09-22T23:52:31.936+0000] {processor.py:186} INFO - Started process (PID=791) to work on /home/airflow/.local/lib/python3.12/site-packages/airflow/example_dags/example_nested_branch_dag.py
[2024-09-22T23:52:31.938+0000] {processor.py:914} INFO - Processing file /home/airflow/.local/lib/python3.12/site-packages/airflow/example_dags/example_nested_branch_dag.py for tasks to queue
[2024-09-22T23:52:31.942+0000] {logging_mixin.py:190} INFO - [2024-09-22T23:52:31.941+0000] {dagbag.py:587} INFO - Filling up the DagBag from /home/airflow/.local/lib/python3.12/site-packages/airflow/example_dags/example_nested_branch_dag.py
[2024-09-22T23:52:31.968+0000] {processor.py:925} INFO - DAG(s) 'example_nested_branch_dag' retrieved from /home/airflow/.local/lib/python3.12/site-packages/airflow/example_dags/example_nested_branch_dag.py
[2024-09-22T23:52:32.004+0000] {logging_mixin.py:190} INFO - [2024-09-22T23:52:32.003+0000] {dag.py:3229} INFO - Sync 1 DAGs
[2024-09-22T23:52:32.038+0000] {logging_mixin.py:190} INFO - [2024-09-22T23:52:32.038+0000] {dag.py:4156} INFO - Setting next_dagrun for example_nested_branch_dag to 2024-09-21 00:00:00+00:00, run_after=2024-09-22 00:00:00+00:00
[2024-09-22T23:52:32.062+0000] {processor.py:208} INFO - Processing /home/airflow/.local/lib/python3.12/site-packages/airflow/example_dags/example_nested_branch_dag.py took 0.137 seconds
[2024-09-22T23:53:02.192+0000] {processor.py:186} INFO - Started process (PID=854) to work on /home/airflow/.local/lib/python3.12/site-packages/airflow/example_dags/example_nested_branch_dag.py
[2024-09-22T23:53:02.195+0000] {processor.py:914} INFO - Processing file /home/airflow/.local/lib/python3.12/site-packages/airflow/example_dags/example_nested_branch_dag.py for tasks to queue
[2024-09-22T23:53:02.199+0000] {logging_mixin.py:190} INFO - [2024-09-22T23:53:02.199+0000] {dagbag.py:587} INFO - Filling up the DagBag from /home/airflow/.local/lib/python3.12/site-packages/airflow/example_dags/example_nested_branch_dag.py
[2024-09-22T23:53:02.227+0000] {processor.py:925} INFO - DAG(s) 'example_nested_branch_dag' retrieved from /home/airflow/.local/lib/python3.12/site-packages/airflow/example_dags/example_nested_branch_dag.py
[2024-09-22T23:53:02.262+0000] {logging_mixin.py:190} INFO - [2024-09-22T23:53:02.261+0000] {dag.py:3229} INFO - Sync 1 DAGs
[2024-09-22T23:53:02.316+0000] {logging_mixin.py:190} INFO - [2024-09-22T23:53:02.315+0000] {dag.py:4156} INFO - Setting next_dagrun for example_nested_branch_dag to 2024-09-21 00:00:00+00:00, run_after=2024-09-22 00:00:00+00:00
[2024-09-22T23:53:02.396+0000] {processor.py:208} INFO - Processing /home/airflow/.local/lib/python3.12/site-packages/airflow/example_dags/example_nested_branch_dag.py took 0.215 seconds
[2024-09-22T23:53:35.143+0000] {processor.py:186} INFO - Started process (PID=916) to work on /home/airflow/.local/lib/python3.12/site-packages/airflow/example_dags/example_nested_branch_dag.py
[2024-09-22T23:53:35.150+0000] {processor.py:914} INFO - Processing file /home/airflow/.local/lib/python3.12/site-packages/airflow/example_dags/example_nested_branch_dag.py for tasks to queue
[2024-09-22T23:53:35.168+0000] {logging_mixin.py:190} INFO - [2024-09-22T23:53:35.164+0000] {dagbag.py:587} INFO - Filling up the DagBag from /home/airflow/.local/lib/python3.12/site-packages/airflow/example_dags/example_nested_branch_dag.py
[2024-09-22T23:53:35.236+0000] {processor.py:925} INFO - DAG(s) 'example_nested_branch_dag' retrieved from /home/airflow/.local/lib/python3.12/site-packages/airflow/example_dags/example_nested_branch_dag.py
[2024-09-22T23:53:35.324+0000] {logging_mixin.py:190} INFO - [2024-09-22T23:53:35.323+0000] {dag.py:3229} INFO - Sync 1 DAGs
[2024-09-22T23:53:35.421+0000] {logging_mixin.py:190} INFO - [2024-09-22T23:53:35.420+0000] {dag.py:4156} INFO - Setting next_dagrun for example_nested_branch_dag to 2024-09-21 00:00:00+00:00, run_after=2024-09-22 00:00:00+00:00
[2024-09-22T23:53:35.485+0000] {processor.py:208} INFO - Processing /home/airflow/.local/lib/python3.12/site-packages/airflow/example_dags/example_nested_branch_dag.py took 0.384 seconds
[2024-09-22T23:54:06.221+0000] {processor.py:186} INFO - Started process (PID=979) to work on /home/airflow/.local/lib/python3.12/site-packages/airflow/example_dags/example_nested_branch_dag.py
[2024-09-22T23:54:06.222+0000] {processor.py:914} INFO - Processing file /home/airflow/.local/lib/python3.12/site-packages/airflow/example_dags/example_nested_branch_dag.py for tasks to queue
[2024-09-22T23:54:06.226+0000] {logging_mixin.py:190} INFO - [2024-09-22T23:54:06.225+0000] {dagbag.py:587} INFO - Filling up the DagBag from /home/airflow/.local/lib/python3.12/site-packages/airflow/example_dags/example_nested_branch_dag.py
[2024-09-22T23:54:06.251+0000] {processor.py:925} INFO - DAG(s) 'example_nested_branch_dag' retrieved from /home/airflow/.local/lib/python3.12/site-packages/airflow/example_dags/example_nested_branch_dag.py
[2024-09-22T23:54:06.281+0000] {logging_mixin.py:190} INFO - [2024-09-22T23:54:06.281+0000] {dag.py:3229} INFO - Sync 1 DAGs
[2024-09-22T23:54:06.319+0000] {logging_mixin.py:190} INFO - [2024-09-22T23:54:06.318+0000] {dag.py:4156} INFO - Setting next_dagrun for example_nested_branch_dag to 2024-09-21 00:00:00+00:00, run_after=2024-09-22 00:00:00+00:00
[2024-09-22T23:54:06.346+0000] {processor.py:208} INFO - Processing /home/airflow/.local/lib/python3.12/site-packages/airflow/example_dags/example_nested_branch_dag.py took 0.137 seconds
[2024-09-22T23:54:36.847+0000] {processor.py:186} INFO - Started process (PID=1042) to work on /home/airflow/.local/lib/python3.12/site-packages/airflow/example_dags/example_nested_branch_dag.py
[2024-09-22T23:54:36.850+0000] {processor.py:914} INFO - Processing file /home/airflow/.local/lib/python3.12/site-packages/airflow/example_dags/example_nested_branch_dag.py for tasks to queue
[2024-09-22T23:54:36.855+0000] {logging_mixin.py:190} INFO - [2024-09-22T23:54:36.854+0000] {dagbag.py:587} INFO - Filling up the DagBag from /home/airflow/.local/lib/python3.12/site-packages/airflow/example_dags/example_nested_branch_dag.py
[2024-09-22T23:54:36.886+0000] {processor.py:925} INFO - DAG(s) 'example_nested_branch_dag' retrieved from /home/airflow/.local/lib/python3.12/site-packages/airflow/example_dags/example_nested_branch_dag.py
[2024-09-22T23:54:36.927+0000] {logging_mixin.py:190} INFO - [2024-09-22T23:54:36.926+0000] {dag.py:3229} INFO - Sync 1 DAGs
[2024-09-22T23:54:36.974+0000] {logging_mixin.py:190} INFO - [2024-09-22T23:54:36.973+0000] {dag.py:4156} INFO - Setting next_dagrun for example_nested_branch_dag to 2024-09-21 00:00:00+00:00, run_after=2024-09-22 00:00:00+00:00
[2024-09-22T23:54:37.000+0000] {processor.py:208} INFO - Processing /home/airflow/.local/lib/python3.12/site-packages/airflow/example_dags/example_nested_branch_dag.py took 0.166 seconds
[2024-09-22T23:55:07.748+0000] {processor.py:186} INFO - Started process (PID=1105) to work on /home/airflow/.local/lib/python3.12/site-packages/airflow/example_dags/example_nested_branch_dag.py
[2024-09-22T23:55:07.750+0000] {processor.py:914} INFO - Processing file /home/airflow/.local/lib/python3.12/site-packages/airflow/example_dags/example_nested_branch_dag.py for tasks to queue
[2024-09-22T23:55:07.754+0000] {logging_mixin.py:190} INFO - [2024-09-22T23:55:07.753+0000] {dagbag.py:587} INFO - Filling up the DagBag from /home/airflow/.local/lib/python3.12/site-packages/airflow/example_dags/example_nested_branch_dag.py
[2024-09-22T23:55:07.779+0000] {processor.py:925} INFO - DAG(s) 'example_nested_branch_dag' retrieved from /home/airflow/.local/lib/python3.12/site-packages/airflow/example_dags/example_nested_branch_dag.py
[2024-09-22T23:55:07.816+0000] {logging_mixin.py:190} INFO - [2024-09-22T23:55:07.816+0000] {dag.py:3229} INFO - Sync 1 DAGs
[2024-09-22T23:55:07.854+0000] {logging_mixin.py:190} INFO - [2024-09-22T23:55:07.853+0000] {dag.py:4156} INFO - Setting next_dagrun for example_nested_branch_dag to 2024-09-21 00:00:00+00:00, run_after=2024-09-22 00:00:00+00:00
[2024-09-22T23:55:07.879+0000] {processor.py:208} INFO - Processing /home/airflow/.local/lib/python3.12/site-packages/airflow/example_dags/example_nested_branch_dag.py took 0.143 seconds
[2024-09-22T23:55:38.085+0000] {processor.py:186} INFO - Started process (PID=1167) to work on /home/airflow/.local/lib/python3.12/site-packages/airflow/example_dags/example_nested_branch_dag.py
[2024-09-22T23:55:38.086+0000] {processor.py:914} INFO - Processing file /home/airflow/.local/lib/python3.12/site-packages/airflow/example_dags/example_nested_branch_dag.py for tasks to queue
[2024-09-22T23:55:38.090+0000] {logging_mixin.py:190} INFO - [2024-09-22T23:55:38.089+0000] {dagbag.py:587} INFO - Filling up the DagBag from /home/airflow/.local/lib/python3.12/site-packages/airflow/example_dags/example_nested_branch_dag.py
[2024-09-22T23:55:38.117+0000] {processor.py:925} INFO - DAG(s) 'example_nested_branch_dag' retrieved from /home/airflow/.local/lib/python3.12/site-packages/airflow/example_dags/example_nested_branch_dag.py
[2024-09-22T23:55:38.155+0000] {logging_mixin.py:190} INFO - [2024-09-22T23:55:38.155+0000] {dag.py:3229} INFO - Sync 1 DAGs
[2024-09-22T23:55:38.191+0000] {logging_mixin.py:190} INFO - [2024-09-22T23:55:38.191+0000] {dag.py:4156} INFO - Setting next_dagrun for example_nested_branch_dag to 2024-09-21 00:00:00+00:00, run_after=2024-09-22 00:00:00+00:00
[2024-09-22T23:55:38.219+0000] {processor.py:208} INFO - Processing /home/airflow/.local/lib/python3.12/site-packages/airflow/example_dags/example_nested_branch_dag.py took 0.147 seconds
[2024-09-22T23:58:04.039+0000] {processor.py:186} INFO - Started process (PID=95) to work on /home/airflow/.local/lib/python3.12/site-packages/airflow/example_dags/example_nested_branch_dag.py
[2024-09-22T23:58:04.041+0000] {processor.py:914} INFO - Processing file /home/airflow/.local/lib/python3.12/site-packages/airflow/example_dags/example_nested_branch_dag.py for tasks to queue
[2024-09-22T23:58:04.046+0000] {logging_mixin.py:190} INFO - [2024-09-22T23:58:04.045+0000] {dagbag.py:587} INFO - Filling up the DagBag from /home/airflow/.local/lib/python3.12/site-packages/airflow/example_dags/example_nested_branch_dag.py
[2024-09-22T23:58:04.081+0000] {processor.py:925} INFO - DAG(s) 'example_nested_branch_dag' retrieved from /home/airflow/.local/lib/python3.12/site-packages/airflow/example_dags/example_nested_branch_dag.py
[2024-09-22T23:58:04.133+0000] {logging_mixin.py:190} INFO - [2024-09-22T23:58:04.133+0000] {dag.py:3229} INFO - Sync 1 DAGs
[2024-09-22T23:58:04.183+0000] {logging_mixin.py:190} INFO - [2024-09-22T23:58:04.183+0000] {dag.py:4156} INFO - Setting next_dagrun for example_nested_branch_dag to 2024-09-21 00:00:00+00:00, run_after=2024-09-22 00:00:00+00:00
[2024-09-22T23:58:04.217+0000] {processor.py:208} INFO - Processing /home/airflow/.local/lib/python3.12/site-packages/airflow/example_dags/example_nested_branch_dag.py took 0.192 seconds
[2024-09-22T23:58:34.770+0000] {processor.py:186} INFO - Started process (PID=158) to work on /home/airflow/.local/lib/python3.12/site-packages/airflow/example_dags/example_nested_branch_dag.py
[2024-09-22T23:58:34.771+0000] {processor.py:914} INFO - Processing file /home/airflow/.local/lib/python3.12/site-packages/airflow/example_dags/example_nested_branch_dag.py for tasks to queue
[2024-09-22T23:58:34.775+0000] {logging_mixin.py:190} INFO - [2024-09-22T23:58:34.774+0000] {dagbag.py:587} INFO - Filling up the DagBag from /home/airflow/.local/lib/python3.12/site-packages/airflow/example_dags/example_nested_branch_dag.py
[2024-09-22T23:58:34.797+0000] {processor.py:925} INFO - DAG(s) 'example_nested_branch_dag' retrieved from /home/airflow/.local/lib/python3.12/site-packages/airflow/example_dags/example_nested_branch_dag.py
[2024-09-22T23:58:34.832+0000] {logging_mixin.py:190} INFO - [2024-09-22T23:58:34.831+0000] {dag.py:3229} INFO - Sync 1 DAGs
[2024-09-22T23:58:34.870+0000] {logging_mixin.py:190} INFO - [2024-09-22T23:58:34.870+0000] {dag.py:4156} INFO - Setting next_dagrun for example_nested_branch_dag to 2024-09-21 00:00:00+00:00, run_after=2024-09-22 00:00:00+00:00
[2024-09-22T23:58:34.902+0000] {processor.py:208} INFO - Processing /home/airflow/.local/lib/python3.12/site-packages/airflow/example_dags/example_nested_branch_dag.py took 0.142 seconds
[2024-09-22T23:59:05.618+0000] {processor.py:186} INFO - Started process (PID=221) to work on /home/airflow/.local/lib/python3.12/site-packages/airflow/example_dags/example_nested_branch_dag.py
[2024-09-22T23:59:05.620+0000] {processor.py:914} INFO - Processing file /home/airflow/.local/lib/python3.12/site-packages/airflow/example_dags/example_nested_branch_dag.py for tasks to queue
[2024-09-22T23:59:05.624+0000] {logging_mixin.py:190} INFO - [2024-09-22T23:59:05.623+0000] {dagbag.py:587} INFO - Filling up the DagBag from /home/airflow/.local/lib/python3.12/site-packages/airflow/example_dags/example_nested_branch_dag.py
[2024-09-22T23:59:05.647+0000] {processor.py:925} INFO - DAG(s) 'example_nested_branch_dag' retrieved from /home/airflow/.local/lib/python3.12/site-packages/airflow/example_dags/example_nested_branch_dag.py
[2024-09-22T23:59:05.686+0000] {logging_mixin.py:190} INFO - [2024-09-22T23:59:05.686+0000] {dag.py:3229} INFO - Sync 1 DAGs
[2024-09-22T23:59:05.719+0000] {logging_mixin.py:190} INFO - [2024-09-22T23:59:05.719+0000] {dag.py:4156} INFO - Setting next_dagrun for example_nested_branch_dag to 2024-09-21 00:00:00+00:00, run_after=2024-09-22 00:00:00+00:00
[2024-09-22T23:59:05.745+0000] {processor.py:208} INFO - Processing /home/airflow/.local/lib/python3.12/site-packages/airflow/example_dags/example_nested_branch_dag.py took 0.136 seconds
[2024-09-22T23:59:36.249+0000] {processor.py:186} INFO - Started process (PID=284) to work on /home/airflow/.local/lib/python3.12/site-packages/airflow/example_dags/example_nested_branch_dag.py
[2024-09-22T23:59:36.251+0000] {processor.py:914} INFO - Processing file /home/airflow/.local/lib/python3.12/site-packages/airflow/example_dags/example_nested_branch_dag.py for tasks to queue
[2024-09-22T23:59:36.254+0000] {logging_mixin.py:190} INFO - [2024-09-22T23:59:36.254+0000] {dagbag.py:587} INFO - Filling up the DagBag from /home/airflow/.local/lib/python3.12/site-packages/airflow/example_dags/example_nested_branch_dag.py
[2024-09-22T23:59:36.277+0000] {processor.py:925} INFO - DAG(s) 'example_nested_branch_dag' retrieved from /home/airflow/.local/lib/python3.12/site-packages/airflow/example_dags/example_nested_branch_dag.py
[2024-09-22T23:59:36.315+0000] {logging_mixin.py:190} INFO - [2024-09-22T23:59:36.314+0000] {dag.py:3229} INFO - Sync 1 DAGs
[2024-09-22T23:59:36.353+0000] {logging_mixin.py:190} INFO - [2024-09-22T23:59:36.353+0000] {dag.py:4156} INFO - Setting next_dagrun for example_nested_branch_dag to 2024-09-21 00:00:00+00:00, run_after=2024-09-22 00:00:00+00:00
[2024-09-22T23:59:36.379+0000] {processor.py:208} INFO - Processing /home/airflow/.local/lib/python3.12/site-packages/airflow/example_dags/example_nested_branch_dag.py took 0.140 seconds
