[2024-09-22T23:26:17.566+0000] {processor.py:186} INFO - Started process (PID=80) to work on /home/airflow/.local/lib/python3.12/site-packages/airflow/example_dags/example_task_group.py
[2024-09-22T23:26:17.567+0000] {processor.py:914} INFO - Processing file /home/airflow/.local/lib/python3.12/site-packages/airflow/example_dags/example_task_group.py for tasks to queue
[2024-09-22T23:26:17.574+0000] {logging_mixin.py:190} INFO - [2024-09-22T23:26:17.573+0000] {dagbag.py:587} INFO - Filling up the DagBag from /home/airflow/.local/lib/python3.12/site-packages/airflow/example_dags/example_task_group.py
[2024-09-22T23:26:17.602+0000] {processor.py:925} INFO - DAG(s) 'example_task_group' retrieved from /home/airflow/.local/lib/python3.12/site-packages/airflow/example_dags/example_task_group.py
[2024-09-22T23:26:17.861+0000] {logging_mixin.py:190} INFO - [2024-09-22T23:26:17.860+0000] {override.py:1900} INFO - Created Permission View: can edit on DAG:example_task_group
[2024-09-22T23:26:17.877+0000] {logging_mixin.py:190} INFO - [2024-09-22T23:26:17.877+0000] {override.py:1900} INFO - Created Permission View: can read on DAG:example_task_group
[2024-09-22T23:26:17.888+0000] {logging_mixin.py:190} INFO - [2024-09-22T23:26:17.888+0000] {override.py:1900} INFO - Created Permission View: can delete on DAG:example_task_group
[2024-09-22T23:26:17.899+0000] {logging_mixin.py:190} INFO - [2024-09-22T23:26:17.898+0000] {override.py:1900} INFO - Created Permission View: can create on DAG Run:example_task_group
[2024-09-22T23:26:17.908+0000] {logging_mixin.py:190} INFO - [2024-09-22T23:26:17.908+0000] {override.py:1900} INFO - Created Permission View: menu access on DAG Run:example_task_group
[2024-09-22T23:26:17.918+0000] {logging_mixin.py:190} INFO - [2024-09-22T23:26:17.917+0000] {override.py:1900} INFO - Created Permission View: can read on DAG Run:example_task_group
[2024-09-22T23:26:17.927+0000] {logging_mixin.py:190} INFO - [2024-09-22T23:26:17.926+0000] {override.py:1900} INFO - Created Permission View: can delete on DAG Run:example_task_group
[2024-09-22T23:26:17.928+0000] {logging_mixin.py:190} INFO - [2024-09-22T23:26:17.927+0000] {dag.py:3229} INFO - Sync 1 DAGs
[2024-09-22T23:26:17.952+0000] {logging_mixin.py:190} INFO - [2024-09-22T23:26:17.952+0000] {dag.py:3252} INFO - Creating ORM DAG for example_task_group
[2024-09-22T23:26:17.953+0000] {logging_mixin.py:190} INFO - [2024-09-22T23:26:17.953+0000] {dag.py:4156} INFO - Setting next_dagrun for example_task_group to None, run_after=None
[2024-09-22T23:26:17.978+0000] {processor.py:208} INFO - Processing /home/airflow/.local/lib/python3.12/site-packages/airflow/example_dags/example_task_group.py took 0.428 seconds
[2024-09-22T23:26:48.951+0000] {processor.py:186} INFO - Started process (PID=142) to work on /home/airflow/.local/lib/python3.12/site-packages/airflow/example_dags/example_task_group.py
[2024-09-22T23:26:48.953+0000] {processor.py:914} INFO - Processing file /home/airflow/.local/lib/python3.12/site-packages/airflow/example_dags/example_task_group.py for tasks to queue
[2024-09-22T23:26:48.957+0000] {logging_mixin.py:190} INFO - [2024-09-22T23:26:48.956+0000] {dagbag.py:587} INFO - Filling up the DagBag from /home/airflow/.local/lib/python3.12/site-packages/airflow/example_dags/example_task_group.py
[2024-09-22T23:26:48.973+0000] {processor.py:925} INFO - DAG(s) 'example_task_group' retrieved from /home/airflow/.local/lib/python3.12/site-packages/airflow/example_dags/example_task_group.py
[2024-09-22T23:26:49.011+0000] {logging_mixin.py:190} INFO - [2024-09-22T23:26:49.010+0000] {dag.py:3229} INFO - Sync 1 DAGs
[2024-09-22T23:26:49.034+0000] {logging_mixin.py:190} INFO - [2024-09-22T23:26:49.034+0000] {dag.py:4156} INFO - Setting next_dagrun for example_task_group to None, run_after=None
[2024-09-22T23:26:49.063+0000] {processor.py:208} INFO - Processing /home/airflow/.local/lib/python3.12/site-packages/airflow/example_dags/example_task_group.py took 0.121 seconds
[2024-09-22T23:27:19.153+0000] {processor.py:186} INFO - Started process (PID=204) to work on /home/airflow/.local/lib/python3.12/site-packages/airflow/example_dags/example_task_group.py
[2024-09-22T23:27:19.155+0000] {processor.py:914} INFO - Processing file /home/airflow/.local/lib/python3.12/site-packages/airflow/example_dags/example_task_group.py for tasks to queue
[2024-09-22T23:27:19.159+0000] {logging_mixin.py:190} INFO - [2024-09-22T23:27:19.159+0000] {dagbag.py:587} INFO - Filling up the DagBag from /home/airflow/.local/lib/python3.12/site-packages/airflow/example_dags/example_task_group.py
[2024-09-22T23:27:19.175+0000] {processor.py:925} INFO - DAG(s) 'example_task_group' retrieved from /home/airflow/.local/lib/python3.12/site-packages/airflow/example_dags/example_task_group.py
[2024-09-22T23:27:19.207+0000] {logging_mixin.py:190} INFO - [2024-09-22T23:27:19.207+0000] {dag.py:3229} INFO - Sync 1 DAGs
[2024-09-22T23:27:19.228+0000] {logging_mixin.py:190} INFO - [2024-09-22T23:27:19.227+0000] {dag.py:4156} INFO - Setting next_dagrun for example_task_group to None, run_after=None
[2024-09-22T23:27:19.254+0000] {processor.py:208} INFO - Processing /home/airflow/.local/lib/python3.12/site-packages/airflow/example_dags/example_task_group.py took 0.110 seconds
[2024-09-22T23:27:49.324+0000] {processor.py:186} INFO - Started process (PID=266) to work on /home/airflow/.local/lib/python3.12/site-packages/airflow/example_dags/example_task_group.py
[2024-09-22T23:27:49.325+0000] {processor.py:914} INFO - Processing file /home/airflow/.local/lib/python3.12/site-packages/airflow/example_dags/example_task_group.py for tasks to queue
[2024-09-22T23:27:49.329+0000] {logging_mixin.py:190} INFO - [2024-09-22T23:27:49.329+0000] {dagbag.py:587} INFO - Filling up the DagBag from /home/airflow/.local/lib/python3.12/site-packages/airflow/example_dags/example_task_group.py
[2024-09-22T23:27:49.347+0000] {processor.py:925} INFO - DAG(s) 'example_task_group' retrieved from /home/airflow/.local/lib/python3.12/site-packages/airflow/example_dags/example_task_group.py
[2024-09-22T23:27:49.380+0000] {logging_mixin.py:190} INFO - [2024-09-22T23:27:49.380+0000] {dag.py:3229} INFO - Sync 1 DAGs
[2024-09-22T23:27:49.408+0000] {logging_mixin.py:190} INFO - [2024-09-22T23:27:49.408+0000] {dag.py:4156} INFO - Setting next_dagrun for example_task_group to None, run_after=None
[2024-09-22T23:27:49.437+0000] {processor.py:208} INFO - Processing /home/airflow/.local/lib/python3.12/site-packages/airflow/example_dags/example_task_group.py took 0.122 seconds
[2024-09-22T23:28:19.949+0000] {processor.py:186} INFO - Started process (PID=328) to work on /home/airflow/.local/lib/python3.12/site-packages/airflow/example_dags/example_task_group.py
[2024-09-22T23:28:19.951+0000] {processor.py:914} INFO - Processing file /home/airflow/.local/lib/python3.12/site-packages/airflow/example_dags/example_task_group.py for tasks to queue
[2024-09-22T23:28:19.955+0000] {logging_mixin.py:190} INFO - [2024-09-22T23:28:19.954+0000] {dagbag.py:587} INFO - Filling up the DagBag from /home/airflow/.local/lib/python3.12/site-packages/airflow/example_dags/example_task_group.py
[2024-09-22T23:28:19.972+0000] {processor.py:925} INFO - DAG(s) 'example_task_group' retrieved from /home/airflow/.local/lib/python3.12/site-packages/airflow/example_dags/example_task_group.py
[2024-09-22T23:28:20.010+0000] {logging_mixin.py:190} INFO - [2024-09-22T23:28:20.010+0000] {dag.py:3229} INFO - Sync 1 DAGs
[2024-09-22T23:28:20.031+0000] {logging_mixin.py:190} INFO - [2024-09-22T23:28:20.031+0000] {dag.py:4156} INFO - Setting next_dagrun for example_task_group to None, run_after=None
[2024-09-22T23:28:20.054+0000] {processor.py:208} INFO - Processing /home/airflow/.local/lib/python3.12/site-packages/airflow/example_dags/example_task_group.py took 0.114 seconds
[2024-09-22T23:28:50.229+0000] {processor.py:186} INFO - Started process (PID=390) to work on /home/airflow/.local/lib/python3.12/site-packages/airflow/example_dags/example_task_group.py
[2024-09-22T23:28:50.231+0000] {processor.py:914} INFO - Processing file /home/airflow/.local/lib/python3.12/site-packages/airflow/example_dags/example_task_group.py for tasks to queue
[2024-09-22T23:28:50.235+0000] {logging_mixin.py:190} INFO - [2024-09-22T23:28:50.234+0000] {dagbag.py:587} INFO - Filling up the DagBag from /home/airflow/.local/lib/python3.12/site-packages/airflow/example_dags/example_task_group.py
[2024-09-22T23:28:50.252+0000] {processor.py:925} INFO - DAG(s) 'example_task_group' retrieved from /home/airflow/.local/lib/python3.12/site-packages/airflow/example_dags/example_task_group.py
[2024-09-22T23:28:50.284+0000] {logging_mixin.py:190} INFO - [2024-09-22T23:28:50.283+0000] {dag.py:3229} INFO - Sync 1 DAGs
[2024-09-22T23:28:50.307+0000] {logging_mixin.py:190} INFO - [2024-09-22T23:28:50.306+0000] {dag.py:4156} INFO - Setting next_dagrun for example_task_group to None, run_after=None
[2024-09-22T23:28:50.334+0000] {processor.py:208} INFO - Processing /home/airflow/.local/lib/python3.12/site-packages/airflow/example_dags/example_task_group.py took 0.117 seconds
[2024-09-22T23:29:20.780+0000] {processor.py:186} INFO - Started process (PID=452) to work on /home/airflow/.local/lib/python3.12/site-packages/airflow/example_dags/example_task_group.py
[2024-09-22T23:29:20.782+0000] {processor.py:914} INFO - Processing file /home/airflow/.local/lib/python3.12/site-packages/airflow/example_dags/example_task_group.py for tasks to queue
[2024-09-22T23:29:20.788+0000] {logging_mixin.py:190} INFO - [2024-09-22T23:29:20.788+0000] {dagbag.py:587} INFO - Filling up the DagBag from /home/airflow/.local/lib/python3.12/site-packages/airflow/example_dags/example_task_group.py
[2024-09-22T23:29:20.811+0000] {processor.py:925} INFO - DAG(s) 'example_task_group' retrieved from /home/airflow/.local/lib/python3.12/site-packages/airflow/example_dags/example_task_group.py
[2024-09-22T23:29:20.847+0000] {logging_mixin.py:190} INFO - [2024-09-22T23:29:20.846+0000] {dag.py:3229} INFO - Sync 1 DAGs
[2024-09-22T23:29:20.868+0000] {logging_mixin.py:190} INFO - [2024-09-22T23:29:20.868+0000] {dag.py:4156} INFO - Setting next_dagrun for example_task_group to None, run_after=None
[2024-09-22T23:29:20.892+0000] {processor.py:208} INFO - Processing /home/airflow/.local/lib/python3.12/site-packages/airflow/example_dags/example_task_group.py took 0.126 seconds
[2024-09-22T23:29:51.177+0000] {processor.py:186} INFO - Started process (PID=514) to work on /home/airflow/.local/lib/python3.12/site-packages/airflow/example_dags/example_task_group.py
[2024-09-22T23:29:51.178+0000] {processor.py:914} INFO - Processing file /home/airflow/.local/lib/python3.12/site-packages/airflow/example_dags/example_task_group.py for tasks to queue
[2024-09-22T23:29:51.182+0000] {logging_mixin.py:190} INFO - [2024-09-22T23:29:51.182+0000] {dagbag.py:587} INFO - Filling up the DagBag from /home/airflow/.local/lib/python3.12/site-packages/airflow/example_dags/example_task_group.py
[2024-09-22T23:29:51.199+0000] {processor.py:925} INFO - DAG(s) 'example_task_group' retrieved from /home/airflow/.local/lib/python3.12/site-packages/airflow/example_dags/example_task_group.py
[2024-09-22T23:29:51.236+0000] {logging_mixin.py:190} INFO - [2024-09-22T23:29:51.235+0000] {dag.py:3229} INFO - Sync 1 DAGs
[2024-09-22T23:29:51.261+0000] {logging_mixin.py:190} INFO - [2024-09-22T23:29:51.260+0000] {dag.py:4156} INFO - Setting next_dagrun for example_task_group to None, run_after=None
[2024-09-22T23:29:51.284+0000] {processor.py:208} INFO - Processing /home/airflow/.local/lib/python3.12/site-packages/airflow/example_dags/example_task_group.py took 0.116 seconds
[2024-09-22T23:30:21.367+0000] {processor.py:186} INFO - Started process (PID=576) to work on /home/airflow/.local/lib/python3.12/site-packages/airflow/example_dags/example_task_group.py
[2024-09-22T23:30:21.369+0000] {processor.py:914} INFO - Processing file /home/airflow/.local/lib/python3.12/site-packages/airflow/example_dags/example_task_group.py for tasks to queue
[2024-09-22T23:30:21.373+0000] {logging_mixin.py:190} INFO - [2024-09-22T23:30:21.373+0000] {dagbag.py:587} INFO - Filling up the DagBag from /home/airflow/.local/lib/python3.12/site-packages/airflow/example_dags/example_task_group.py
[2024-09-22T23:30:21.391+0000] {processor.py:925} INFO - DAG(s) 'example_task_group' retrieved from /home/airflow/.local/lib/python3.12/site-packages/airflow/example_dags/example_task_group.py
[2024-09-22T23:30:21.426+0000] {logging_mixin.py:190} INFO - [2024-09-22T23:30:21.425+0000] {dag.py:3229} INFO - Sync 1 DAGs
[2024-09-22T23:30:21.449+0000] {logging_mixin.py:190} INFO - [2024-09-22T23:30:21.449+0000] {dag.py:4156} INFO - Setting next_dagrun for example_task_group to None, run_after=None
[2024-09-22T23:30:21.481+0000] {processor.py:208} INFO - Processing /home/airflow/.local/lib/python3.12/site-packages/airflow/example_dags/example_task_group.py took 0.123 seconds
[2024-09-22T23:30:51.635+0000] {processor.py:186} INFO - Started process (PID=638) to work on /home/airflow/.local/lib/python3.12/site-packages/airflow/example_dags/example_task_group.py
[2024-09-22T23:30:51.636+0000] {processor.py:914} INFO - Processing file /home/airflow/.local/lib/python3.12/site-packages/airflow/example_dags/example_task_group.py for tasks to queue
[2024-09-22T23:30:51.640+0000] {logging_mixin.py:190} INFO - [2024-09-22T23:30:51.640+0000] {dagbag.py:587} INFO - Filling up the DagBag from /home/airflow/.local/lib/python3.12/site-packages/airflow/example_dags/example_task_group.py
[2024-09-22T23:30:51.657+0000] {processor.py:925} INFO - DAG(s) 'example_task_group' retrieved from /home/airflow/.local/lib/python3.12/site-packages/airflow/example_dags/example_task_group.py
[2024-09-22T23:30:51.696+0000] {logging_mixin.py:190} INFO - [2024-09-22T23:30:51.696+0000] {dag.py:3229} INFO - Sync 1 DAGs
[2024-09-22T23:30:51.717+0000] {logging_mixin.py:190} INFO - [2024-09-22T23:30:51.717+0000] {dag.py:4156} INFO - Setting next_dagrun for example_task_group to None, run_after=None
[2024-09-22T23:30:51.742+0000] {processor.py:208} INFO - Processing /home/airflow/.local/lib/python3.12/site-packages/airflow/example_dags/example_task_group.py took 0.116 seconds
[2024-09-22T23:31:21.966+0000] {processor.py:186} INFO - Started process (PID=701) to work on /home/airflow/.local/lib/python3.12/site-packages/airflow/example_dags/example_task_group.py
[2024-09-22T23:31:21.969+0000] {processor.py:914} INFO - Processing file /home/airflow/.local/lib/python3.12/site-packages/airflow/example_dags/example_task_group.py for tasks to queue
[2024-09-22T23:31:21.973+0000] {logging_mixin.py:190} INFO - [2024-09-22T23:31:21.972+0000] {dagbag.py:587} INFO - Filling up the DagBag from /home/airflow/.local/lib/python3.12/site-packages/airflow/example_dags/example_task_group.py
[2024-09-22T23:31:21.992+0000] {processor.py:925} INFO - DAG(s) 'example_task_group' retrieved from /home/airflow/.local/lib/python3.12/site-packages/airflow/example_dags/example_task_group.py
[2024-09-22T23:31:22.025+0000] {logging_mixin.py:190} INFO - [2024-09-22T23:31:22.025+0000] {dag.py:3229} INFO - Sync 1 DAGs
[2024-09-22T23:31:22.047+0000] {logging_mixin.py:190} INFO - [2024-09-22T23:31:22.046+0000] {dag.py:4156} INFO - Setting next_dagrun for example_task_group to None, run_after=None
[2024-09-22T23:31:22.074+0000] {processor.py:208} INFO - Processing /home/airflow/.local/lib/python3.12/site-packages/airflow/example_dags/example_task_group.py took 0.116 seconds
[2024-09-22T23:31:52.618+0000] {processor.py:186} INFO - Started process (PID=763) to work on /home/airflow/.local/lib/python3.12/site-packages/airflow/example_dags/example_task_group.py
[2024-09-22T23:31:52.620+0000] {processor.py:914} INFO - Processing file /home/airflow/.local/lib/python3.12/site-packages/airflow/example_dags/example_task_group.py for tasks to queue
[2024-09-22T23:31:52.624+0000] {logging_mixin.py:190} INFO - [2024-09-22T23:31:52.624+0000] {dagbag.py:587} INFO - Filling up the DagBag from /home/airflow/.local/lib/python3.12/site-packages/airflow/example_dags/example_task_group.py
[2024-09-22T23:31:52.642+0000] {processor.py:925} INFO - DAG(s) 'example_task_group' retrieved from /home/airflow/.local/lib/python3.12/site-packages/airflow/example_dags/example_task_group.py
[2024-09-22T23:31:52.676+0000] {logging_mixin.py:190} INFO - [2024-09-22T23:31:52.675+0000] {dag.py:3229} INFO - Sync 1 DAGs
[2024-09-22T23:31:52.695+0000] {logging_mixin.py:190} INFO - [2024-09-22T23:31:52.694+0000] {dag.py:4156} INFO - Setting next_dagrun for example_task_group to None, run_after=None
[2024-09-22T23:31:52.722+0000] {processor.py:208} INFO - Processing /home/airflow/.local/lib/python3.12/site-packages/airflow/example_dags/example_task_group.py took 0.113 seconds
[2024-09-22T23:32:23.172+0000] {processor.py:186} INFO - Started process (PID=826) to work on /home/airflow/.local/lib/python3.12/site-packages/airflow/example_dags/example_task_group.py
[2024-09-22T23:32:23.173+0000] {processor.py:914} INFO - Processing file /home/airflow/.local/lib/python3.12/site-packages/airflow/example_dags/example_task_group.py for tasks to queue
[2024-09-22T23:32:23.179+0000] {logging_mixin.py:190} INFO - [2024-09-22T23:32:23.178+0000] {dagbag.py:587} INFO - Filling up the DagBag from /home/airflow/.local/lib/python3.12/site-packages/airflow/example_dags/example_task_group.py
[2024-09-22T23:32:23.198+0000] {processor.py:925} INFO - DAG(s) 'example_task_group' retrieved from /home/airflow/.local/lib/python3.12/site-packages/airflow/example_dags/example_task_group.py
[2024-09-22T23:32:23.235+0000] {logging_mixin.py:190} INFO - [2024-09-22T23:32:23.235+0000] {dag.py:3229} INFO - Sync 1 DAGs
[2024-09-22T23:32:23.257+0000] {logging_mixin.py:190} INFO - [2024-09-22T23:32:23.257+0000] {dag.py:4156} INFO - Setting next_dagrun for example_task_group to None, run_after=None
[2024-09-22T23:32:23.284+0000] {processor.py:208} INFO - Processing /home/airflow/.local/lib/python3.12/site-packages/airflow/example_dags/example_task_group.py took 0.123 seconds
[2024-09-22T23:32:53.951+0000] {processor.py:186} INFO - Started process (PID=889) to work on /home/airflow/.local/lib/python3.12/site-packages/airflow/example_dags/example_task_group.py
[2024-09-22T23:32:53.953+0000] {processor.py:914} INFO - Processing file /home/airflow/.local/lib/python3.12/site-packages/airflow/example_dags/example_task_group.py for tasks to queue
[2024-09-22T23:32:53.957+0000] {logging_mixin.py:190} INFO - [2024-09-22T23:32:53.957+0000] {dagbag.py:587} INFO - Filling up the DagBag from /home/airflow/.local/lib/python3.12/site-packages/airflow/example_dags/example_task_group.py
[2024-09-22T23:32:53.980+0000] {processor.py:925} INFO - DAG(s) 'example_task_group' retrieved from /home/airflow/.local/lib/python3.12/site-packages/airflow/example_dags/example_task_group.py
[2024-09-22T23:32:54.014+0000] {logging_mixin.py:190} INFO - [2024-09-22T23:32:54.013+0000] {dag.py:3229} INFO - Sync 1 DAGs
[2024-09-22T23:32:54.034+0000] {logging_mixin.py:190} INFO - [2024-09-22T23:32:54.034+0000] {dag.py:4156} INFO - Setting next_dagrun for example_task_group to None, run_after=None
[2024-09-22T23:32:54.059+0000] {processor.py:208} INFO - Processing /home/airflow/.local/lib/python3.12/site-packages/airflow/example_dags/example_task_group.py took 0.121 seconds
[2024-09-22T23:33:24.212+0000] {processor.py:186} INFO - Started process (PID=952) to work on /home/airflow/.local/lib/python3.12/site-packages/airflow/example_dags/example_task_group.py
[2024-09-22T23:33:24.214+0000] {processor.py:914} INFO - Processing file /home/airflow/.local/lib/python3.12/site-packages/airflow/example_dags/example_task_group.py for tasks to queue
[2024-09-22T23:33:24.218+0000] {logging_mixin.py:190} INFO - [2024-09-22T23:33:24.218+0000] {dagbag.py:587} INFO - Filling up the DagBag from /home/airflow/.local/lib/python3.12/site-packages/airflow/example_dags/example_task_group.py
[2024-09-22T23:33:24.235+0000] {processor.py:925} INFO - DAG(s) 'example_task_group' retrieved from /home/airflow/.local/lib/python3.12/site-packages/airflow/example_dags/example_task_group.py
[2024-09-22T23:33:24.271+0000] {logging_mixin.py:190} INFO - [2024-09-22T23:33:24.270+0000] {dag.py:3229} INFO - Sync 1 DAGs
[2024-09-22T23:33:24.292+0000] {logging_mixin.py:190} INFO - [2024-09-22T23:33:24.291+0000] {dag.py:4156} INFO - Setting next_dagrun for example_task_group to None, run_after=None
[2024-09-22T23:33:24.319+0000] {processor.py:208} INFO - Processing /home/airflow/.local/lib/python3.12/site-packages/airflow/example_dags/example_task_group.py took 0.115 seconds
[2024-09-22T23:33:54.596+0000] {processor.py:186} INFO - Started process (PID=1015) to work on /home/airflow/.local/lib/python3.12/site-packages/airflow/example_dags/example_task_group.py
[2024-09-22T23:33:54.599+0000] {processor.py:914} INFO - Processing file /home/airflow/.local/lib/python3.12/site-packages/airflow/example_dags/example_task_group.py for tasks to queue
[2024-09-22T23:33:54.605+0000] {logging_mixin.py:190} INFO - [2024-09-22T23:33:54.604+0000] {dagbag.py:587} INFO - Filling up the DagBag from /home/airflow/.local/lib/python3.12/site-packages/airflow/example_dags/example_task_group.py
[2024-09-22T23:33:54.621+0000] {processor.py:925} INFO - DAG(s) 'example_task_group' retrieved from /home/airflow/.local/lib/python3.12/site-packages/airflow/example_dags/example_task_group.py
[2024-09-22T23:33:54.656+0000] {logging_mixin.py:190} INFO - [2024-09-22T23:33:54.656+0000] {dag.py:3229} INFO - Sync 1 DAGs
[2024-09-22T23:33:54.677+0000] {logging_mixin.py:190} INFO - [2024-09-22T23:33:54.676+0000] {dag.py:4156} INFO - Setting next_dagrun for example_task_group to None, run_after=None
[2024-09-22T23:33:54.701+0000] {processor.py:208} INFO - Processing /home/airflow/.local/lib/python3.12/site-packages/airflow/example_dags/example_task_group.py took 0.119 seconds
[2024-09-22T23:34:24.762+0000] {processor.py:186} INFO - Started process (PID=1078) to work on /home/airflow/.local/lib/python3.12/site-packages/airflow/example_dags/example_task_group.py
[2024-09-22T23:34:24.763+0000] {processor.py:914} INFO - Processing file /home/airflow/.local/lib/python3.12/site-packages/airflow/example_dags/example_task_group.py for tasks to queue
[2024-09-22T23:34:24.767+0000] {logging_mixin.py:190} INFO - [2024-09-22T23:34:24.767+0000] {dagbag.py:587} INFO - Filling up the DagBag from /home/airflow/.local/lib/python3.12/site-packages/airflow/example_dags/example_task_group.py
[2024-09-22T23:34:24.784+0000] {processor.py:925} INFO - DAG(s) 'example_task_group' retrieved from /home/airflow/.local/lib/python3.12/site-packages/airflow/example_dags/example_task_group.py
[2024-09-22T23:34:24.814+0000] {logging_mixin.py:190} INFO - [2024-09-22T23:34:24.814+0000] {dag.py:3229} INFO - Sync 1 DAGs
[2024-09-22T23:34:24.837+0000] {logging_mixin.py:190} INFO - [2024-09-22T23:34:24.837+0000] {dag.py:4156} INFO - Setting next_dagrun for example_task_group to None, run_after=None
[2024-09-22T23:34:24.866+0000] {processor.py:208} INFO - Processing /home/airflow/.local/lib/python3.12/site-packages/airflow/example_dags/example_task_group.py took 0.112 seconds
[2024-09-22T23:34:55.058+0000] {processor.py:186} INFO - Started process (PID=1141) to work on /home/airflow/.local/lib/python3.12/site-packages/airflow/example_dags/example_task_group.py
[2024-09-22T23:34:55.060+0000] {processor.py:914} INFO - Processing file /home/airflow/.local/lib/python3.12/site-packages/airflow/example_dags/example_task_group.py for tasks to queue
[2024-09-22T23:34:55.064+0000] {logging_mixin.py:190} INFO - [2024-09-22T23:34:55.064+0000] {dagbag.py:587} INFO - Filling up the DagBag from /home/airflow/.local/lib/python3.12/site-packages/airflow/example_dags/example_task_group.py
[2024-09-22T23:34:55.082+0000] {processor.py:925} INFO - DAG(s) 'example_task_group' retrieved from /home/airflow/.local/lib/python3.12/site-packages/airflow/example_dags/example_task_group.py
[2024-09-22T23:34:55.117+0000] {logging_mixin.py:190} INFO - [2024-09-22T23:34:55.117+0000] {dag.py:3229} INFO - Sync 1 DAGs
[2024-09-22T23:34:55.138+0000] {logging_mixin.py:190} INFO - [2024-09-22T23:34:55.137+0000] {dag.py:4156} INFO - Setting next_dagrun for example_task_group to None, run_after=None
[2024-09-22T23:34:55.165+0000] {processor.py:208} INFO - Processing /home/airflow/.local/lib/python3.12/site-packages/airflow/example_dags/example_task_group.py took 0.116 seconds
[2024-09-22T23:35:25.313+0000] {processor.py:186} INFO - Started process (PID=1204) to work on /home/airflow/.local/lib/python3.12/site-packages/airflow/example_dags/example_task_group.py
[2024-09-22T23:35:25.314+0000] {processor.py:914} INFO - Processing file /home/airflow/.local/lib/python3.12/site-packages/airflow/example_dags/example_task_group.py for tasks to queue
[2024-09-22T23:35:25.319+0000] {logging_mixin.py:190} INFO - [2024-09-22T23:35:25.318+0000] {dagbag.py:587} INFO - Filling up the DagBag from /home/airflow/.local/lib/python3.12/site-packages/airflow/example_dags/example_task_group.py
[2024-09-22T23:35:25.338+0000] {processor.py:925} INFO - DAG(s) 'example_task_group' retrieved from /home/airflow/.local/lib/python3.12/site-packages/airflow/example_dags/example_task_group.py
[2024-09-22T23:35:25.374+0000] {logging_mixin.py:190} INFO - [2024-09-22T23:35:25.374+0000] {dag.py:3229} INFO - Sync 1 DAGs
[2024-09-22T23:35:25.396+0000] {logging_mixin.py:190} INFO - [2024-09-22T23:35:25.395+0000] {dag.py:4156} INFO - Setting next_dagrun for example_task_group to None, run_after=None
[2024-09-22T23:35:25.423+0000] {processor.py:208} INFO - Processing /home/airflow/.local/lib/python3.12/site-packages/airflow/example_dags/example_task_group.py took 0.119 seconds
[2024-09-22T23:35:55.804+0000] {processor.py:186} INFO - Started process (PID=1267) to work on /home/airflow/.local/lib/python3.12/site-packages/airflow/example_dags/example_task_group.py
[2024-09-22T23:35:55.806+0000] {processor.py:914} INFO - Processing file /home/airflow/.local/lib/python3.12/site-packages/airflow/example_dags/example_task_group.py for tasks to queue
[2024-09-22T23:35:55.811+0000] {logging_mixin.py:190} INFO - [2024-09-22T23:35:55.810+0000] {dagbag.py:587} INFO - Filling up the DagBag from /home/airflow/.local/lib/python3.12/site-packages/airflow/example_dags/example_task_group.py
[2024-09-22T23:35:55.828+0000] {processor.py:925} INFO - DAG(s) 'example_task_group' retrieved from /home/airflow/.local/lib/python3.12/site-packages/airflow/example_dags/example_task_group.py
[2024-09-22T23:35:55.862+0000] {logging_mixin.py:190} INFO - [2024-09-22T23:35:55.862+0000] {dag.py:3229} INFO - Sync 1 DAGs
[2024-09-22T23:35:55.881+0000] {logging_mixin.py:190} INFO - [2024-09-22T23:35:55.881+0000] {dag.py:4156} INFO - Setting next_dagrun for example_task_group to None, run_after=None
[2024-09-22T23:35:55.905+0000] {processor.py:208} INFO - Processing /home/airflow/.local/lib/python3.12/site-packages/airflow/example_dags/example_task_group.py took 0.110 seconds
[2024-09-22T23:36:26.821+0000] {processor.py:186} INFO - Started process (PID=1330) to work on /home/airflow/.local/lib/python3.12/site-packages/airflow/example_dags/example_task_group.py
[2024-09-22T23:36:26.822+0000] {processor.py:914} INFO - Processing file /home/airflow/.local/lib/python3.12/site-packages/airflow/example_dags/example_task_group.py for tasks to queue
[2024-09-22T23:36:26.825+0000] {logging_mixin.py:190} INFO - [2024-09-22T23:36:26.825+0000] {dagbag.py:587} INFO - Filling up the DagBag from /home/airflow/.local/lib/python3.12/site-packages/airflow/example_dags/example_task_group.py
[2024-09-22T23:36:26.843+0000] {processor.py:925} INFO - DAG(s) 'example_task_group' retrieved from /home/airflow/.local/lib/python3.12/site-packages/airflow/example_dags/example_task_group.py
[2024-09-22T23:36:26.879+0000] {logging_mixin.py:190} INFO - [2024-09-22T23:36:26.879+0000] {dag.py:3229} INFO - Sync 1 DAGs
[2024-09-22T23:36:26.899+0000] {logging_mixin.py:190} INFO - [2024-09-22T23:36:26.899+0000] {dag.py:4156} INFO - Setting next_dagrun for example_task_group to None, run_after=None
[2024-09-22T23:36:26.929+0000] {processor.py:208} INFO - Processing /home/airflow/.local/lib/python3.12/site-packages/airflow/example_dags/example_task_group.py took 0.117 seconds
[2024-09-22T23:36:57.160+0000] {processor.py:186} INFO - Started process (PID=1393) to work on /home/airflow/.local/lib/python3.12/site-packages/airflow/example_dags/example_task_group.py
[2024-09-22T23:36:57.162+0000] {processor.py:914} INFO - Processing file /home/airflow/.local/lib/python3.12/site-packages/airflow/example_dags/example_task_group.py for tasks to queue
[2024-09-22T23:36:57.166+0000] {logging_mixin.py:190} INFO - [2024-09-22T23:36:57.166+0000] {dagbag.py:587} INFO - Filling up the DagBag from /home/airflow/.local/lib/python3.12/site-packages/airflow/example_dags/example_task_group.py
[2024-09-22T23:36:57.184+0000] {processor.py:925} INFO - DAG(s) 'example_task_group' retrieved from /home/airflow/.local/lib/python3.12/site-packages/airflow/example_dags/example_task_group.py
[2024-09-22T23:36:57.214+0000] {logging_mixin.py:190} INFO - [2024-09-22T23:36:57.214+0000] {dag.py:3229} INFO - Sync 1 DAGs
[2024-09-22T23:36:57.242+0000] {logging_mixin.py:190} INFO - [2024-09-22T23:36:57.241+0000] {dag.py:4156} INFO - Setting next_dagrun for example_task_group to None, run_after=None
[2024-09-22T23:36:57.274+0000] {processor.py:208} INFO - Processing /home/airflow/.local/lib/python3.12/site-packages/airflow/example_dags/example_task_group.py took 0.128 seconds
[2024-09-22T23:37:27.650+0000] {processor.py:186} INFO - Started process (PID=1456) to work on /home/airflow/.local/lib/python3.12/site-packages/airflow/example_dags/example_task_group.py
[2024-09-22T23:37:27.651+0000] {processor.py:914} INFO - Processing file /home/airflow/.local/lib/python3.12/site-packages/airflow/example_dags/example_task_group.py for tasks to queue
[2024-09-22T23:37:27.655+0000] {logging_mixin.py:190} INFO - [2024-09-22T23:37:27.655+0000] {dagbag.py:587} INFO - Filling up the DagBag from /home/airflow/.local/lib/python3.12/site-packages/airflow/example_dags/example_task_group.py
[2024-09-22T23:37:27.673+0000] {processor.py:925} INFO - DAG(s) 'example_task_group' retrieved from /home/airflow/.local/lib/python3.12/site-packages/airflow/example_dags/example_task_group.py
[2024-09-22T23:37:27.706+0000] {logging_mixin.py:190} INFO - [2024-09-22T23:37:27.706+0000] {dag.py:3229} INFO - Sync 1 DAGs
[2024-09-22T23:37:27.729+0000] {logging_mixin.py:190} INFO - [2024-09-22T23:37:27.728+0000] {dag.py:4156} INFO - Setting next_dagrun for example_task_group to None, run_after=None
[2024-09-22T23:37:27.757+0000] {processor.py:208} INFO - Processing /home/airflow/.local/lib/python3.12/site-packages/airflow/example_dags/example_task_group.py took 0.116 seconds
[2024-09-22T23:37:57.932+0000] {processor.py:186} INFO - Started process (PID=1519) to work on /home/airflow/.local/lib/python3.12/site-packages/airflow/example_dags/example_task_group.py
[2024-09-22T23:37:57.934+0000] {processor.py:914} INFO - Processing file /home/airflow/.local/lib/python3.12/site-packages/airflow/example_dags/example_task_group.py for tasks to queue
[2024-09-22T23:37:57.937+0000] {logging_mixin.py:190} INFO - [2024-09-22T23:37:57.937+0000] {dagbag.py:587} INFO - Filling up the DagBag from /home/airflow/.local/lib/python3.12/site-packages/airflow/example_dags/example_task_group.py
[2024-09-22T23:37:57.955+0000] {processor.py:925} INFO - DAG(s) 'example_task_group' retrieved from /home/airflow/.local/lib/python3.12/site-packages/airflow/example_dags/example_task_group.py
[2024-09-22T23:37:57.987+0000] {logging_mixin.py:190} INFO - [2024-09-22T23:37:57.987+0000] {dag.py:3229} INFO - Sync 1 DAGs
[2024-09-22T23:37:58.008+0000] {logging_mixin.py:190} INFO - [2024-09-22T23:37:58.007+0000] {dag.py:4156} INFO - Setting next_dagrun for example_task_group to None, run_after=None
[2024-09-22T23:37:58.032+0000] {processor.py:208} INFO - Processing /home/airflow/.local/lib/python3.12/site-packages/airflow/example_dags/example_task_group.py took 0.110 seconds
[2024-09-22T23:38:28.521+0000] {processor.py:186} INFO - Started process (PID=1582) to work on /home/airflow/.local/lib/python3.12/site-packages/airflow/example_dags/example_task_group.py
[2024-09-22T23:38:28.522+0000] {processor.py:914} INFO - Processing file /home/airflow/.local/lib/python3.12/site-packages/airflow/example_dags/example_task_group.py for tasks to queue
[2024-09-22T23:38:28.528+0000] {logging_mixin.py:190} INFO - [2024-09-22T23:38:28.527+0000] {dagbag.py:587} INFO - Filling up the DagBag from /home/airflow/.local/lib/python3.12/site-packages/airflow/example_dags/example_task_group.py
[2024-09-22T23:38:28.553+0000] {processor.py:925} INFO - DAG(s) 'example_task_group' retrieved from /home/airflow/.local/lib/python3.12/site-packages/airflow/example_dags/example_task_group.py
[2024-09-22T23:38:28.592+0000] {logging_mixin.py:190} INFO - [2024-09-22T23:38:28.592+0000] {dag.py:3229} INFO - Sync 1 DAGs
[2024-09-22T23:38:28.612+0000] {logging_mixin.py:190} INFO - [2024-09-22T23:38:28.612+0000] {dag.py:4156} INFO - Setting next_dagrun for example_task_group to None, run_after=None
[2024-09-22T23:38:28.636+0000] {processor.py:208} INFO - Processing /home/airflow/.local/lib/python3.12/site-packages/airflow/example_dags/example_task_group.py took 0.124 seconds
[2024-09-22T23:38:59.043+0000] {processor.py:186} INFO - Started process (PID=1645) to work on /home/airflow/.local/lib/python3.12/site-packages/airflow/example_dags/example_task_group.py
[2024-09-22T23:38:59.045+0000] {processor.py:914} INFO - Processing file /home/airflow/.local/lib/python3.12/site-packages/airflow/example_dags/example_task_group.py for tasks to queue
[2024-09-22T23:38:59.049+0000] {logging_mixin.py:190} INFO - [2024-09-22T23:38:59.049+0000] {dagbag.py:587} INFO - Filling up the DagBag from /home/airflow/.local/lib/python3.12/site-packages/airflow/example_dags/example_task_group.py
[2024-09-22T23:38:59.068+0000] {processor.py:925} INFO - DAG(s) 'example_task_group' retrieved from /home/airflow/.local/lib/python3.12/site-packages/airflow/example_dags/example_task_group.py
[2024-09-22T23:38:59.102+0000] {logging_mixin.py:190} INFO - [2024-09-22T23:38:59.102+0000] {dag.py:3229} INFO - Sync 1 DAGs
[2024-09-22T23:38:59.123+0000] {logging_mixin.py:190} INFO - [2024-09-22T23:38:59.122+0000] {dag.py:4156} INFO - Setting next_dagrun for example_task_group to None, run_after=None
[2024-09-22T23:38:59.153+0000] {processor.py:208} INFO - Processing /home/airflow/.local/lib/python3.12/site-packages/airflow/example_dags/example_task_group.py took 0.119 seconds
[2024-09-22T23:39:29.541+0000] {processor.py:186} INFO - Started process (PID=1708) to work on /home/airflow/.local/lib/python3.12/site-packages/airflow/example_dags/example_task_group.py
[2024-09-22T23:39:29.543+0000] {processor.py:914} INFO - Processing file /home/airflow/.local/lib/python3.12/site-packages/airflow/example_dags/example_task_group.py for tasks to queue
[2024-09-22T23:39:29.546+0000] {logging_mixin.py:190} INFO - [2024-09-22T23:39:29.545+0000] {dagbag.py:587} INFO - Filling up the DagBag from /home/airflow/.local/lib/python3.12/site-packages/airflow/example_dags/example_task_group.py
[2024-09-22T23:39:29.563+0000] {processor.py:925} INFO - DAG(s) 'example_task_group' retrieved from /home/airflow/.local/lib/python3.12/site-packages/airflow/example_dags/example_task_group.py
[2024-09-22T23:39:29.594+0000] {logging_mixin.py:190} INFO - [2024-09-22T23:39:29.594+0000] {dag.py:3229} INFO - Sync 1 DAGs
[2024-09-22T23:39:29.617+0000] {logging_mixin.py:190} INFO - [2024-09-22T23:39:29.616+0000] {dag.py:4156} INFO - Setting next_dagrun for example_task_group to None, run_after=None
[2024-09-22T23:39:29.644+0000] {processor.py:208} INFO - Processing /home/airflow/.local/lib/python3.12/site-packages/airflow/example_dags/example_task_group.py took 0.111 seconds
[2024-09-22T23:40:00.118+0000] {processor.py:186} INFO - Started process (PID=1771) to work on /home/airflow/.local/lib/python3.12/site-packages/airflow/example_dags/example_task_group.py
[2024-09-22T23:40:00.120+0000] {processor.py:914} INFO - Processing file /home/airflow/.local/lib/python3.12/site-packages/airflow/example_dags/example_task_group.py for tasks to queue
[2024-09-22T23:40:00.124+0000] {logging_mixin.py:190} INFO - [2024-09-22T23:40:00.123+0000] {dagbag.py:587} INFO - Filling up the DagBag from /home/airflow/.local/lib/python3.12/site-packages/airflow/example_dags/example_task_group.py
[2024-09-22T23:40:00.145+0000] {processor.py:925} INFO - DAG(s) 'example_task_group' retrieved from /home/airflow/.local/lib/python3.12/site-packages/airflow/example_dags/example_task_group.py
[2024-09-22T23:40:00.179+0000] {logging_mixin.py:190} INFO - [2024-09-22T23:40:00.179+0000] {dag.py:3229} INFO - Sync 1 DAGs
[2024-09-22T23:40:00.200+0000] {logging_mixin.py:190} INFO - [2024-09-22T23:40:00.200+0000] {dag.py:4156} INFO - Setting next_dagrun for example_task_group to None, run_after=None
[2024-09-22T23:40:00.225+0000] {processor.py:208} INFO - Processing /home/airflow/.local/lib/python3.12/site-packages/airflow/example_dags/example_task_group.py took 0.120 seconds
[2024-09-22T23:40:32.231+0000] {processor.py:186} INFO - Started process (PID=1834) to work on /home/airflow/.local/lib/python3.12/site-packages/airflow/example_dags/example_task_group.py
[2024-09-22T23:40:32.232+0000] {processor.py:914} INFO - Processing file /home/airflow/.local/lib/python3.12/site-packages/airflow/example_dags/example_task_group.py for tasks to queue
[2024-09-22T23:40:32.236+0000] {logging_mixin.py:190} INFO - [2024-09-22T23:40:32.236+0000] {dagbag.py:587} INFO - Filling up the DagBag from /home/airflow/.local/lib/python3.12/site-packages/airflow/example_dags/example_task_group.py
[2024-09-22T23:40:32.253+0000] {processor.py:925} INFO - DAG(s) 'example_task_group' retrieved from /home/airflow/.local/lib/python3.12/site-packages/airflow/example_dags/example_task_group.py
[2024-09-22T23:40:32.282+0000] {logging_mixin.py:190} INFO - [2024-09-22T23:40:32.282+0000] {dag.py:3229} INFO - Sync 1 DAGs
[2024-09-22T23:40:32.618+0000] {logging_mixin.py:190} INFO - [2024-09-22T23:40:32.618+0000] {dag.py:4156} INFO - Setting next_dagrun for example_task_group to None, run_after=None
[2024-09-22T23:40:32.643+0000] {processor.py:208} INFO - Processing /home/airflow/.local/lib/python3.12/site-packages/airflow/example_dags/example_task_group.py took 0.421 seconds
[2024-09-22T23:41:02.915+0000] {processor.py:186} INFO - Started process (PID=1901) to work on /home/airflow/.local/lib/python3.12/site-packages/airflow/example_dags/example_task_group.py
[2024-09-22T23:41:02.918+0000] {processor.py:914} INFO - Processing file /home/airflow/.local/lib/python3.12/site-packages/airflow/example_dags/example_task_group.py for tasks to queue
[2024-09-22T23:41:02.927+0000] {logging_mixin.py:190} INFO - [2024-09-22T23:41:02.923+0000] {dagbag.py:587} INFO - Filling up the DagBag from /home/airflow/.local/lib/python3.12/site-packages/airflow/example_dags/example_task_group.py
[2024-09-22T23:41:02.967+0000] {processor.py:925} INFO - DAG(s) 'example_task_group' retrieved from /home/airflow/.local/lib/python3.12/site-packages/airflow/example_dags/example_task_group.py
[2024-09-22T23:41:03.006+0000] {logging_mixin.py:190} INFO - [2024-09-22T23:41:03.006+0000] {dag.py:3229} INFO - Sync 1 DAGs
[2024-09-22T23:41:03.037+0000] {logging_mixin.py:190} INFO - [2024-09-22T23:41:03.037+0000] {dag.py:4156} INFO - Setting next_dagrun for example_task_group to None, run_after=None
[2024-09-22T23:41:03.068+0000] {processor.py:208} INFO - Processing /home/airflow/.local/lib/python3.12/site-packages/airflow/example_dags/example_task_group.py took 0.166 seconds
[2024-09-22T23:41:33.223+0000] {processor.py:186} INFO - Started process (PID=1964) to work on /home/airflow/.local/lib/python3.12/site-packages/airflow/example_dags/example_task_group.py
[2024-09-22T23:41:33.224+0000] {processor.py:914} INFO - Processing file /home/airflow/.local/lib/python3.12/site-packages/airflow/example_dags/example_task_group.py for tasks to queue
[2024-09-22T23:41:33.228+0000] {logging_mixin.py:190} INFO - [2024-09-22T23:41:33.228+0000] {dagbag.py:587} INFO - Filling up the DagBag from /home/airflow/.local/lib/python3.12/site-packages/airflow/example_dags/example_task_group.py
[2024-09-22T23:41:33.245+0000] {processor.py:925} INFO - DAG(s) 'example_task_group' retrieved from /home/airflow/.local/lib/python3.12/site-packages/airflow/example_dags/example_task_group.py
[2024-09-22T23:41:33.278+0000] {logging_mixin.py:190} INFO - [2024-09-22T23:41:33.278+0000] {dag.py:3229} INFO - Sync 1 DAGs
[2024-09-22T23:41:33.300+0000] {logging_mixin.py:190} INFO - [2024-09-22T23:41:33.300+0000] {dag.py:4156} INFO - Setting next_dagrun for example_task_group to None, run_after=None
[2024-09-22T23:41:33.326+0000] {processor.py:208} INFO - Processing /home/airflow/.local/lib/python3.12/site-packages/airflow/example_dags/example_task_group.py took 0.112 seconds
[2024-09-22T23:42:05.594+0000] {processor.py:186} INFO - Started process (PID=2027) to work on /home/airflow/.local/lib/python3.12/site-packages/airflow/example_dags/example_task_group.py
[2024-09-22T23:42:05.596+0000] {processor.py:914} INFO - Processing file /home/airflow/.local/lib/python3.12/site-packages/airflow/example_dags/example_task_group.py for tasks to queue
[2024-09-22T23:42:05.600+0000] {logging_mixin.py:190} INFO - [2024-09-22T23:42:05.599+0000] {dagbag.py:587} INFO - Filling up the DagBag from /home/airflow/.local/lib/python3.12/site-packages/airflow/example_dags/example_task_group.py
[2024-09-22T23:42:05.921+0000] {processor.py:925} INFO - DAG(s) 'example_task_group' retrieved from /home/airflow/.local/lib/python3.12/site-packages/airflow/example_dags/example_task_group.py
[2024-09-22T23:42:05.945+0000] {logging_mixin.py:190} INFO - [2024-09-22T23:42:05.944+0000] {dag.py:3229} INFO - Sync 1 DAGs
[2024-09-22T23:42:05.962+0000] {logging_mixin.py:190} INFO - [2024-09-22T23:42:05.961+0000] {dag.py:4156} INFO - Setting next_dagrun for example_task_group to None, run_after=None
[2024-09-22T23:42:05.983+0000] {processor.py:208} INFO - Processing /home/airflow/.local/lib/python3.12/site-packages/airflow/example_dags/example_task_group.py took 0.398 seconds
[2024-09-22T23:42:36.238+0000] {processor.py:186} INFO - Started process (PID=2090) to work on /home/airflow/.local/lib/python3.12/site-packages/airflow/example_dags/example_task_group.py
[2024-09-22T23:42:36.240+0000] {processor.py:914} INFO - Processing file /home/airflow/.local/lib/python3.12/site-packages/airflow/example_dags/example_task_group.py for tasks to queue
[2024-09-22T23:42:36.243+0000] {logging_mixin.py:190} INFO - [2024-09-22T23:42:36.243+0000] {dagbag.py:587} INFO - Filling up the DagBag from /home/airflow/.local/lib/python3.12/site-packages/airflow/example_dags/example_task_group.py
[2024-09-22T23:42:36.262+0000] {processor.py:925} INFO - DAG(s) 'example_task_group' retrieved from /home/airflow/.local/lib/python3.12/site-packages/airflow/example_dags/example_task_group.py
[2024-09-22T23:42:36.294+0000] {logging_mixin.py:190} INFO - [2024-09-22T23:42:36.294+0000] {dag.py:3229} INFO - Sync 1 DAGs
[2024-09-22T23:42:36.317+0000] {logging_mixin.py:190} INFO - [2024-09-22T23:42:36.317+0000] {dag.py:4156} INFO - Setting next_dagrun for example_task_group to None, run_after=None
[2024-09-22T23:42:36.342+0000] {processor.py:208} INFO - Processing /home/airflow/.local/lib/python3.12/site-packages/airflow/example_dags/example_task_group.py took 0.113 seconds
[2024-09-22T23:43:07.361+0000] {processor.py:186} INFO - Started process (PID=2153) to work on /home/airflow/.local/lib/python3.12/site-packages/airflow/example_dags/example_task_group.py
[2024-09-22T23:43:07.365+0000] {processor.py:914} INFO - Processing file /home/airflow/.local/lib/python3.12/site-packages/airflow/example_dags/example_task_group.py for tasks to queue
[2024-09-22T23:43:07.377+0000] {logging_mixin.py:190} INFO - [2024-09-22T23:43:07.376+0000] {dagbag.py:587} INFO - Filling up the DagBag from /home/airflow/.local/lib/python3.12/site-packages/airflow/example_dags/example_task_group.py
[2024-09-22T23:43:07.423+0000] {processor.py:925} INFO - DAG(s) 'example_task_group' retrieved from /home/airflow/.local/lib/python3.12/site-packages/airflow/example_dags/example_task_group.py
[2024-09-22T23:43:07.506+0000] {logging_mixin.py:190} INFO - [2024-09-22T23:43:07.505+0000] {dag.py:3229} INFO - Sync 1 DAGs
[2024-09-22T23:43:07.545+0000] {logging_mixin.py:190} INFO - [2024-09-22T23:43:07.545+0000] {dag.py:4156} INFO - Setting next_dagrun for example_task_group to None, run_after=None
[2024-09-22T23:43:07.601+0000] {processor.py:208} INFO - Processing /home/airflow/.local/lib/python3.12/site-packages/airflow/example_dags/example_task_group.py took 0.271 seconds
[2024-09-22T23:43:37.695+0000] {processor.py:186} INFO - Started process (PID=2216) to work on /home/airflow/.local/lib/python3.12/site-packages/airflow/example_dags/example_task_group.py
[2024-09-22T23:43:37.697+0000] {processor.py:914} INFO - Processing file /home/airflow/.local/lib/python3.12/site-packages/airflow/example_dags/example_task_group.py for tasks to queue
[2024-09-22T23:43:37.702+0000] {logging_mixin.py:190} INFO - [2024-09-22T23:43:37.701+0000] {dagbag.py:587} INFO - Filling up the DagBag from /home/airflow/.local/lib/python3.12/site-packages/airflow/example_dags/example_task_group.py
[2024-09-22T23:43:37.731+0000] {processor.py:925} INFO - DAG(s) 'example_task_group' retrieved from /home/airflow/.local/lib/python3.12/site-packages/airflow/example_dags/example_task_group.py
[2024-09-22T23:43:37.776+0000] {logging_mixin.py:190} INFO - [2024-09-22T23:43:37.775+0000] {dag.py:3229} INFO - Sync 1 DAGs
[2024-09-22T23:43:37.811+0000] {logging_mixin.py:190} INFO - [2024-09-22T23:43:37.811+0000] {dag.py:4156} INFO - Setting next_dagrun for example_task_group to None, run_after=None
[2024-09-22T23:43:37.841+0000] {processor.py:208} INFO - Processing /home/airflow/.local/lib/python3.12/site-packages/airflow/example_dags/example_task_group.py took 0.166 seconds
[2024-09-22T23:44:07.987+0000] {processor.py:186} INFO - Started process (PID=2279) to work on /home/airflow/.local/lib/python3.12/site-packages/airflow/example_dags/example_task_group.py
[2024-09-22T23:44:07.990+0000] {processor.py:914} INFO - Processing file /home/airflow/.local/lib/python3.12/site-packages/airflow/example_dags/example_task_group.py for tasks to queue
[2024-09-22T23:44:07.993+0000] {logging_mixin.py:190} INFO - [2024-09-22T23:44:07.993+0000] {dagbag.py:587} INFO - Filling up the DagBag from /home/airflow/.local/lib/python3.12/site-packages/airflow/example_dags/example_task_group.py
[2024-09-22T23:44:08.012+0000] {processor.py:925} INFO - DAG(s) 'example_task_group' retrieved from /home/airflow/.local/lib/python3.12/site-packages/airflow/example_dags/example_task_group.py
[2024-09-22T23:44:08.043+0000] {logging_mixin.py:190} INFO - [2024-09-22T23:44:08.043+0000] {dag.py:3229} INFO - Sync 1 DAGs
[2024-09-22T23:44:08.063+0000] {logging_mixin.py:190} INFO - [2024-09-22T23:44:08.062+0000] {dag.py:4156} INFO - Setting next_dagrun for example_task_group to None, run_after=None
[2024-09-22T23:44:08.089+0000] {processor.py:208} INFO - Processing /home/airflow/.local/lib/python3.12/site-packages/airflow/example_dags/example_task_group.py took 0.112 seconds
[2024-09-22T23:46:53.402+0000] {processor.py:186} INFO - Started process (PID=82) to work on /home/airflow/.local/lib/python3.12/site-packages/airflow/example_dags/example_task_group.py
[2024-09-22T23:46:53.405+0000] {processor.py:914} INFO - Processing file /home/airflow/.local/lib/python3.12/site-packages/airflow/example_dags/example_task_group.py for tasks to queue
[2024-09-22T23:46:53.409+0000] {logging_mixin.py:190} INFO - [2024-09-22T23:46:53.409+0000] {dagbag.py:587} INFO - Filling up the DagBag from /home/airflow/.local/lib/python3.12/site-packages/airflow/example_dags/example_task_group.py
[2024-09-22T23:46:53.435+0000] {processor.py:925} INFO - DAG(s) 'example_task_group' retrieved from /home/airflow/.local/lib/python3.12/site-packages/airflow/example_dags/example_task_group.py
[2024-09-22T23:46:53.488+0000] {logging_mixin.py:190} INFO - [2024-09-22T23:46:53.488+0000] {dag.py:3229} INFO - Sync 1 DAGs
[2024-09-22T23:46:53.522+0000] {logging_mixin.py:190} INFO - [2024-09-22T23:46:53.521+0000] {dag.py:4156} INFO - Setting next_dagrun for example_task_group to None, run_after=None
[2024-09-22T23:46:53.559+0000] {processor.py:208} INFO - Processing /home/airflow/.local/lib/python3.12/site-packages/airflow/example_dags/example_task_group.py took 0.171 seconds
[2024-09-22T23:47:23.840+0000] {processor.py:186} INFO - Started process (PID=144) to work on /home/airflow/.local/lib/python3.12/site-packages/airflow/example_dags/example_task_group.py
[2024-09-22T23:47:23.842+0000] {processor.py:914} INFO - Processing file /home/airflow/.local/lib/python3.12/site-packages/airflow/example_dags/example_task_group.py for tasks to queue
[2024-09-22T23:47:23.846+0000] {logging_mixin.py:190} INFO - [2024-09-22T23:47:23.845+0000] {dagbag.py:587} INFO - Filling up the DagBag from /home/airflow/.local/lib/python3.12/site-packages/airflow/example_dags/example_task_group.py
[2024-09-22T23:47:23.863+0000] {processor.py:925} INFO - DAG(s) 'example_task_group' retrieved from /home/airflow/.local/lib/python3.12/site-packages/airflow/example_dags/example_task_group.py
[2024-09-22T23:47:23.905+0000] {logging_mixin.py:190} INFO - [2024-09-22T23:47:23.904+0000] {dag.py:3229} INFO - Sync 1 DAGs
[2024-09-22T23:47:23.924+0000] {logging_mixin.py:190} INFO - [2024-09-22T23:47:23.924+0000] {dag.py:4156} INFO - Setting next_dagrun for example_task_group to None, run_after=None
[2024-09-22T23:47:23.950+0000] {processor.py:208} INFO - Processing /home/airflow/.local/lib/python3.12/site-packages/airflow/example_dags/example_task_group.py took 0.119 seconds
[2024-09-22T23:47:54.679+0000] {processor.py:186} INFO - Started process (PID=207) to work on /home/airflow/.local/lib/python3.12/site-packages/airflow/example_dags/example_task_group.py
[2024-09-22T23:47:54.681+0000] {processor.py:914} INFO - Processing file /home/airflow/.local/lib/python3.12/site-packages/airflow/example_dags/example_task_group.py for tasks to queue
[2024-09-22T23:47:54.685+0000] {logging_mixin.py:190} INFO - [2024-09-22T23:47:54.684+0000] {dagbag.py:587} INFO - Filling up the DagBag from /home/airflow/.local/lib/python3.12/site-packages/airflow/example_dags/example_task_group.py
[2024-09-22T23:47:54.705+0000] {processor.py:925} INFO - DAG(s) 'example_task_group' retrieved from /home/airflow/.local/lib/python3.12/site-packages/airflow/example_dags/example_task_group.py
[2024-09-22T23:47:54.739+0000] {logging_mixin.py:190} INFO - [2024-09-22T23:47:54.739+0000] {dag.py:3229} INFO - Sync 1 DAGs
[2024-09-22T23:47:54.761+0000] {logging_mixin.py:190} INFO - [2024-09-22T23:47:54.760+0000] {dag.py:4156} INFO - Setting next_dagrun for example_task_group to None, run_after=None
[2024-09-22T23:47:54.788+0000] {processor.py:208} INFO - Processing /home/airflow/.local/lib/python3.12/site-packages/airflow/example_dags/example_task_group.py took 0.119 seconds
[2024-09-22T23:48:25.195+0000] {processor.py:186} INFO - Started process (PID=270) to work on /home/airflow/.local/lib/python3.12/site-packages/airflow/example_dags/example_task_group.py
[2024-09-22T23:48:25.196+0000] {processor.py:914} INFO - Processing file /home/airflow/.local/lib/python3.12/site-packages/airflow/example_dags/example_task_group.py for tasks to queue
[2024-09-22T23:48:25.199+0000] {logging_mixin.py:190} INFO - [2024-09-22T23:48:25.199+0000] {dagbag.py:587} INFO - Filling up the DagBag from /home/airflow/.local/lib/python3.12/site-packages/airflow/example_dags/example_task_group.py
[2024-09-22T23:48:25.218+0000] {processor.py:925} INFO - DAG(s) 'example_task_group' retrieved from /home/airflow/.local/lib/python3.12/site-packages/airflow/example_dags/example_task_group.py
[2024-09-22T23:48:25.253+0000] {logging_mixin.py:190} INFO - [2024-09-22T23:48:25.252+0000] {dag.py:3229} INFO - Sync 1 DAGs
[2024-09-22T23:48:25.273+0000] {logging_mixin.py:190} INFO - [2024-09-22T23:48:25.273+0000] {dag.py:4156} INFO - Setting next_dagrun for example_task_group to None, run_after=None
[2024-09-22T23:48:25.297+0000] {processor.py:208} INFO - Processing /home/airflow/.local/lib/python3.12/site-packages/airflow/example_dags/example_task_group.py took 0.111 seconds
[2024-09-22T23:48:55.936+0000] {processor.py:186} INFO - Started process (PID=333) to work on /home/airflow/.local/lib/python3.12/site-packages/airflow/example_dags/example_task_group.py
[2024-09-22T23:48:55.938+0000] {processor.py:914} INFO - Processing file /home/airflow/.local/lib/python3.12/site-packages/airflow/example_dags/example_task_group.py for tasks to queue
[2024-09-22T23:48:55.943+0000] {logging_mixin.py:190} INFO - [2024-09-22T23:48:55.942+0000] {dagbag.py:587} INFO - Filling up the DagBag from /home/airflow/.local/lib/python3.12/site-packages/airflow/example_dags/example_task_group.py
[2024-09-22T23:48:55.964+0000] {processor.py:925} INFO - DAG(s) 'example_task_group' retrieved from /home/airflow/.local/lib/python3.12/site-packages/airflow/example_dags/example_task_group.py
[2024-09-22T23:48:55.997+0000] {logging_mixin.py:190} INFO - [2024-09-22T23:48:55.997+0000] {dag.py:3229} INFO - Sync 1 DAGs
[2024-09-22T23:48:56.018+0000] {logging_mixin.py:190} INFO - [2024-09-22T23:48:56.017+0000] {dag.py:4156} INFO - Setting next_dagrun for example_task_group to None, run_after=None
[2024-09-22T23:48:56.045+0000] {processor.py:208} INFO - Processing /home/airflow/.local/lib/python3.12/site-packages/airflow/example_dags/example_task_group.py took 0.118 seconds
[2024-09-22T23:49:26.713+0000] {processor.py:186} INFO - Started process (PID=396) to work on /home/airflow/.local/lib/python3.12/site-packages/airflow/example_dags/example_task_group.py
[2024-09-22T23:49:26.715+0000] {processor.py:914} INFO - Processing file /home/airflow/.local/lib/python3.12/site-packages/airflow/example_dags/example_task_group.py for tasks to queue
[2024-09-22T23:49:26.721+0000] {logging_mixin.py:190} INFO - [2024-09-22T23:49:26.720+0000] {dagbag.py:587} INFO - Filling up the DagBag from /home/airflow/.local/lib/python3.12/site-packages/airflow/example_dags/example_task_group.py
[2024-09-22T23:49:26.744+0000] {processor.py:925} INFO - DAG(s) 'example_task_group' retrieved from /home/airflow/.local/lib/python3.12/site-packages/airflow/example_dags/example_task_group.py
[2024-09-22T23:49:26.787+0000] {logging_mixin.py:190} INFO - [2024-09-22T23:49:26.787+0000] {dag.py:3229} INFO - Sync 1 DAGs
[2024-09-22T23:49:26.817+0000] {logging_mixin.py:190} INFO - [2024-09-22T23:49:26.817+0000] {dag.py:4156} INFO - Setting next_dagrun for example_task_group to None, run_after=None
[2024-09-22T23:49:26.847+0000] {processor.py:208} INFO - Processing /home/airflow/.local/lib/python3.12/site-packages/airflow/example_dags/example_task_group.py took 0.147 seconds
[2024-09-22T23:49:57.056+0000] {processor.py:186} INFO - Started process (PID=459) to work on /home/airflow/.local/lib/python3.12/site-packages/airflow/example_dags/example_task_group.py
[2024-09-22T23:49:57.059+0000] {processor.py:914} INFO - Processing file /home/airflow/.local/lib/python3.12/site-packages/airflow/example_dags/example_task_group.py for tasks to queue
[2024-09-22T23:49:57.064+0000] {logging_mixin.py:190} INFO - [2024-09-22T23:49:57.063+0000] {dagbag.py:587} INFO - Filling up the DagBag from /home/airflow/.local/lib/python3.12/site-packages/airflow/example_dags/example_task_group.py
[2024-09-22T23:49:57.091+0000] {processor.py:925} INFO - DAG(s) 'example_task_group' retrieved from /home/airflow/.local/lib/python3.12/site-packages/airflow/example_dags/example_task_group.py
[2024-09-22T23:49:57.137+0000] {logging_mixin.py:190} INFO - [2024-09-22T23:49:57.136+0000] {dag.py:3229} INFO - Sync 1 DAGs
[2024-09-22T23:49:57.166+0000] {logging_mixin.py:190} INFO - [2024-09-22T23:49:57.166+0000] {dag.py:4156} INFO - Setting next_dagrun for example_task_group to None, run_after=None
[2024-09-22T23:49:57.199+0000] {processor.py:208} INFO - Processing /home/airflow/.local/lib/python3.12/site-packages/airflow/example_dags/example_task_group.py took 0.155 seconds
[2024-09-22T23:50:27.592+0000] {processor.py:186} INFO - Started process (PID=522) to work on /home/airflow/.local/lib/python3.12/site-packages/airflow/example_dags/example_task_group.py
[2024-09-22T23:50:27.594+0000] {processor.py:914} INFO - Processing file /home/airflow/.local/lib/python3.12/site-packages/airflow/example_dags/example_task_group.py for tasks to queue
[2024-09-22T23:50:27.599+0000] {logging_mixin.py:190} INFO - [2024-09-22T23:50:27.599+0000] {dagbag.py:587} INFO - Filling up the DagBag from /home/airflow/.local/lib/python3.12/site-packages/airflow/example_dags/example_task_group.py
[2024-09-22T23:50:27.622+0000] {processor.py:925} INFO - DAG(s) 'example_task_group' retrieved from /home/airflow/.local/lib/python3.12/site-packages/airflow/example_dags/example_task_group.py
[2024-09-22T23:50:27.655+0000] {logging_mixin.py:190} INFO - [2024-09-22T23:50:27.655+0000] {dag.py:3229} INFO - Sync 1 DAGs
[2024-09-22T23:50:27.680+0000] {logging_mixin.py:190} INFO - [2024-09-22T23:50:27.680+0000] {dag.py:4156} INFO - Setting next_dagrun for example_task_group to None, run_after=None
[2024-09-22T23:50:27.711+0000] {processor.py:208} INFO - Processing /home/airflow/.local/lib/python3.12/site-packages/airflow/example_dags/example_task_group.py took 0.130 seconds
[2024-09-22T23:50:58.102+0000] {processor.py:186} INFO - Started process (PID=585) to work on /home/airflow/.local/lib/python3.12/site-packages/airflow/example_dags/example_task_group.py
[2024-09-22T23:50:58.104+0000] {processor.py:914} INFO - Processing file /home/airflow/.local/lib/python3.12/site-packages/airflow/example_dags/example_task_group.py for tasks to queue
[2024-09-22T23:50:58.108+0000] {logging_mixin.py:190} INFO - [2024-09-22T23:50:58.108+0000] {dagbag.py:587} INFO - Filling up the DagBag from /home/airflow/.local/lib/python3.12/site-packages/airflow/example_dags/example_task_group.py
[2024-09-22T23:50:58.127+0000] {processor.py:925} INFO - DAG(s) 'example_task_group' retrieved from /home/airflow/.local/lib/python3.12/site-packages/airflow/example_dags/example_task_group.py
[2024-09-22T23:50:58.163+0000] {logging_mixin.py:190} INFO - [2024-09-22T23:50:58.162+0000] {dag.py:3229} INFO - Sync 1 DAGs
[2024-09-22T23:50:58.185+0000] {logging_mixin.py:190} INFO - [2024-09-22T23:50:58.184+0000] {dag.py:4156} INFO - Setting next_dagrun for example_task_group to None, run_after=None
[2024-09-22T23:50:58.212+0000] {processor.py:208} INFO - Processing /home/airflow/.local/lib/python3.12/site-packages/airflow/example_dags/example_task_group.py took 0.120 seconds
[2024-09-22T23:51:28.542+0000] {processor.py:186} INFO - Started process (PID=649) to work on /home/airflow/.local/lib/python3.12/site-packages/airflow/example_dags/example_task_group.py
[2024-09-22T23:51:28.545+0000] {processor.py:914} INFO - Processing file /home/airflow/.local/lib/python3.12/site-packages/airflow/example_dags/example_task_group.py for tasks to queue
[2024-09-22T23:51:28.550+0000] {logging_mixin.py:190} INFO - [2024-09-22T23:51:28.549+0000] {dagbag.py:587} INFO - Filling up the DagBag from /home/airflow/.local/lib/python3.12/site-packages/airflow/example_dags/example_task_group.py
[2024-09-22T23:51:28.576+0000] {processor.py:925} INFO - DAG(s) 'example_task_group' retrieved from /home/airflow/.local/lib/python3.12/site-packages/airflow/example_dags/example_task_group.py
[2024-09-22T23:51:28.619+0000] {logging_mixin.py:190} INFO - [2024-09-22T23:51:28.619+0000] {dag.py:3229} INFO - Sync 1 DAGs
[2024-09-22T23:51:28.650+0000] {logging_mixin.py:190} INFO - [2024-09-22T23:51:28.649+0000] {dag.py:4156} INFO - Setting next_dagrun for example_task_group to None, run_after=None
[2024-09-22T23:51:28.684+0000] {processor.py:208} INFO - Processing /home/airflow/.local/lib/python3.12/site-packages/airflow/example_dags/example_task_group.py took 0.165 seconds
[2024-09-22T23:51:59.035+0000] {processor.py:186} INFO - Started process (PID=713) to work on /home/airflow/.local/lib/python3.12/site-packages/airflow/example_dags/example_task_group.py
[2024-09-22T23:51:59.037+0000] {processor.py:914} INFO - Processing file /home/airflow/.local/lib/python3.12/site-packages/airflow/example_dags/example_task_group.py for tasks to queue
[2024-09-22T23:51:59.041+0000] {logging_mixin.py:190} INFO - [2024-09-22T23:51:59.041+0000] {dagbag.py:587} INFO - Filling up the DagBag from /home/airflow/.local/lib/python3.12/site-packages/airflow/example_dags/example_task_group.py
[2024-09-22T23:51:59.059+0000] {processor.py:925} INFO - DAG(s) 'example_task_group' retrieved from /home/airflow/.local/lib/python3.12/site-packages/airflow/example_dags/example_task_group.py
[2024-09-22T23:51:59.097+0000] {logging_mixin.py:190} INFO - [2024-09-22T23:51:59.096+0000] {dag.py:3229} INFO - Sync 1 DAGs
[2024-09-22T23:51:59.120+0000] {logging_mixin.py:190} INFO - [2024-09-22T23:51:59.119+0000] {dag.py:4156} INFO - Setting next_dagrun for example_task_group to None, run_after=None
[2024-09-22T23:51:59.148+0000] {processor.py:208} INFO - Processing /home/airflow/.local/lib/python3.12/site-packages/airflow/example_dags/example_task_group.py took 0.123 seconds
[2024-09-22T23:52:29.274+0000] {processor.py:186} INFO - Started process (PID=776) to work on /home/airflow/.local/lib/python3.12/site-packages/airflow/example_dags/example_task_group.py
[2024-09-22T23:52:29.277+0000] {processor.py:914} INFO - Processing file /home/airflow/.local/lib/python3.12/site-packages/airflow/example_dags/example_task_group.py for tasks to queue
[2024-09-22T23:52:29.282+0000] {logging_mixin.py:190} INFO - [2024-09-22T23:52:29.281+0000] {dagbag.py:587} INFO - Filling up the DagBag from /home/airflow/.local/lib/python3.12/site-packages/airflow/example_dags/example_task_group.py
[2024-09-22T23:52:29.309+0000] {processor.py:925} INFO - DAG(s) 'example_task_group' retrieved from /home/airflow/.local/lib/python3.12/site-packages/airflow/example_dags/example_task_group.py
[2024-09-22T23:52:29.361+0000] {logging_mixin.py:190} INFO - [2024-09-22T23:52:29.361+0000] {dag.py:3229} INFO - Sync 1 DAGs
[2024-09-22T23:52:29.394+0000] {logging_mixin.py:190} INFO - [2024-09-22T23:52:29.393+0000] {dag.py:4156} INFO - Setting next_dagrun for example_task_group to None, run_after=None
[2024-09-22T23:52:29.434+0000] {processor.py:208} INFO - Processing /home/airflow/.local/lib/python3.12/site-packages/airflow/example_dags/example_task_group.py took 0.170 seconds
[2024-09-22T23:52:59.732+0000] {processor.py:186} INFO - Started process (PID=839) to work on /home/airflow/.local/lib/python3.12/site-packages/airflow/example_dags/example_task_group.py
[2024-09-22T23:52:59.734+0000] {processor.py:914} INFO - Processing file /home/airflow/.local/lib/python3.12/site-packages/airflow/example_dags/example_task_group.py for tasks to queue
[2024-09-22T23:52:59.738+0000] {logging_mixin.py:190} INFO - [2024-09-22T23:52:59.738+0000] {dagbag.py:587} INFO - Filling up the DagBag from /home/airflow/.local/lib/python3.12/site-packages/airflow/example_dags/example_task_group.py
[2024-09-22T23:52:59.758+0000] {processor.py:925} INFO - DAG(s) 'example_task_group' retrieved from /home/airflow/.local/lib/python3.12/site-packages/airflow/example_dags/example_task_group.py
[2024-09-22T23:52:59.800+0000] {logging_mixin.py:190} INFO - [2024-09-22T23:52:59.799+0000] {dag.py:3229} INFO - Sync 1 DAGs
[2024-09-22T23:52:59.827+0000] {logging_mixin.py:190} INFO - [2024-09-22T23:52:59.826+0000] {dag.py:4156} INFO - Setting next_dagrun for example_task_group to None, run_after=None
[2024-09-22T23:52:59.861+0000] {processor.py:208} INFO - Processing /home/airflow/.local/lib/python3.12/site-packages/airflow/example_dags/example_task_group.py took 0.137 seconds
[2024-09-22T23:53:31.624+0000] {processor.py:186} INFO - Started process (PID=901) to work on /home/airflow/.local/lib/python3.12/site-packages/airflow/example_dags/example_task_group.py
[2024-09-22T23:53:31.627+0000] {processor.py:914} INFO - Processing file /home/airflow/.local/lib/python3.12/site-packages/airflow/example_dags/example_task_group.py for tasks to queue
[2024-09-22T23:53:31.635+0000] {logging_mixin.py:190} INFO - [2024-09-22T23:53:31.632+0000] {dagbag.py:587} INFO - Filling up the DagBag from /home/airflow/.local/lib/python3.12/site-packages/airflow/example_dags/example_task_group.py
[2024-09-22T23:53:31.684+0000] {processor.py:925} INFO - DAG(s) 'example_task_group' retrieved from /home/airflow/.local/lib/python3.12/site-packages/airflow/example_dags/example_task_group.py
[2024-09-22T23:53:31.784+0000] {logging_mixin.py:190} INFO - [2024-09-22T23:53:31.783+0000] {dag.py:3229} INFO - Sync 1 DAGs
[2024-09-22T23:53:31.843+0000] {logging_mixin.py:190} INFO - [2024-09-22T23:53:31.843+0000] {dag.py:4156} INFO - Setting next_dagrun for example_task_group to None, run_after=None
[2024-09-22T23:53:31.929+0000] {processor.py:208} INFO - Processing /home/airflow/.local/lib/python3.12/site-packages/airflow/example_dags/example_task_group.py took 0.333 seconds
[2024-09-22T23:54:02.672+0000] {processor.py:186} INFO - Started process (PID=964) to work on /home/airflow/.local/lib/python3.12/site-packages/airflow/example_dags/example_task_group.py
[2024-09-22T23:54:02.674+0000] {processor.py:914} INFO - Processing file /home/airflow/.local/lib/python3.12/site-packages/airflow/example_dags/example_task_group.py for tasks to queue
[2024-09-22T23:54:02.682+0000] {logging_mixin.py:190} INFO - [2024-09-22T23:54:02.681+0000] {dagbag.py:587} INFO - Filling up the DagBag from /home/airflow/.local/lib/python3.12/site-packages/airflow/example_dags/example_task_group.py
[2024-09-22T23:54:02.717+0000] {processor.py:925} INFO - DAG(s) 'example_task_group' retrieved from /home/airflow/.local/lib/python3.12/site-packages/airflow/example_dags/example_task_group.py
[2024-09-22T23:54:02.771+0000] {logging_mixin.py:190} INFO - [2024-09-22T23:54:02.771+0000] {dag.py:3229} INFO - Sync 1 DAGs
[2024-09-22T23:54:02.807+0000] {logging_mixin.py:190} INFO - [2024-09-22T23:54:02.807+0000] {dag.py:4156} INFO - Setting next_dagrun for example_task_group to None, run_after=None
[2024-09-22T23:54:02.839+0000] {processor.py:208} INFO - Processing /home/airflow/.local/lib/python3.12/site-packages/airflow/example_dags/example_task_group.py took 0.181 seconds
[2024-09-22T23:54:33.365+0000] {processor.py:186} INFO - Started process (PID=1027) to work on /home/airflow/.local/lib/python3.12/site-packages/airflow/example_dags/example_task_group.py
[2024-09-22T23:54:33.367+0000] {processor.py:914} INFO - Processing file /home/airflow/.local/lib/python3.12/site-packages/airflow/example_dags/example_task_group.py for tasks to queue
[2024-09-22T23:54:33.371+0000] {logging_mixin.py:190} INFO - [2024-09-22T23:54:33.371+0000] {dagbag.py:587} INFO - Filling up the DagBag from /home/airflow/.local/lib/python3.12/site-packages/airflow/example_dags/example_task_group.py
[2024-09-22T23:54:33.389+0000] {processor.py:925} INFO - DAG(s) 'example_task_group' retrieved from /home/airflow/.local/lib/python3.12/site-packages/airflow/example_dags/example_task_group.py
[2024-09-22T23:54:33.428+0000] {logging_mixin.py:190} INFO - [2024-09-22T23:54:33.427+0000] {dag.py:3229} INFO - Sync 1 DAGs
[2024-09-22T23:54:33.449+0000] {logging_mixin.py:190} INFO - [2024-09-22T23:54:33.448+0000] {dag.py:4156} INFO - Setting next_dagrun for example_task_group to None, run_after=None
[2024-09-22T23:54:33.474+0000] {processor.py:208} INFO - Processing /home/airflow/.local/lib/python3.12/site-packages/airflow/example_dags/example_task_group.py took 0.119 seconds
[2024-09-22T23:55:04.370+0000] {processor.py:186} INFO - Started process (PID=1090) to work on /home/airflow/.local/lib/python3.12/site-packages/airflow/example_dags/example_task_group.py
[2024-09-22T23:55:04.372+0000] {processor.py:914} INFO - Processing file /home/airflow/.local/lib/python3.12/site-packages/airflow/example_dags/example_task_group.py for tasks to queue
[2024-09-22T23:55:04.377+0000] {logging_mixin.py:190} INFO - [2024-09-22T23:55:04.376+0000] {dagbag.py:587} INFO - Filling up the DagBag from /home/airflow/.local/lib/python3.12/site-packages/airflow/example_dags/example_task_group.py
[2024-09-22T23:55:04.395+0000] {processor.py:925} INFO - DAG(s) 'example_task_group' retrieved from /home/airflow/.local/lib/python3.12/site-packages/airflow/example_dags/example_task_group.py
[2024-09-22T23:55:04.428+0000] {logging_mixin.py:190} INFO - [2024-09-22T23:55:04.428+0000] {dag.py:3229} INFO - Sync 1 DAGs
[2024-09-22T23:55:04.450+0000] {logging_mixin.py:190} INFO - [2024-09-22T23:55:04.450+0000] {dag.py:4156} INFO - Setting next_dagrun for example_task_group to None, run_after=None
[2024-09-22T23:55:04.477+0000] {processor.py:208} INFO - Processing /home/airflow/.local/lib/python3.12/site-packages/airflow/example_dags/example_task_group.py took 0.116 seconds
[2024-09-22T23:55:34.717+0000] {processor.py:186} INFO - Started process (PID=1152) to work on /home/airflow/.local/lib/python3.12/site-packages/airflow/example_dags/example_task_group.py
[2024-09-22T23:55:34.718+0000] {processor.py:914} INFO - Processing file /home/airflow/.local/lib/python3.12/site-packages/airflow/example_dags/example_task_group.py for tasks to queue
[2024-09-22T23:55:34.723+0000] {logging_mixin.py:190} INFO - [2024-09-22T23:55:34.723+0000] {dagbag.py:587} INFO - Filling up the DagBag from /home/airflow/.local/lib/python3.12/site-packages/airflow/example_dags/example_task_group.py
[2024-09-22T23:55:34.742+0000] {processor.py:925} INFO - DAG(s) 'example_task_group' retrieved from /home/airflow/.local/lib/python3.12/site-packages/airflow/example_dags/example_task_group.py
[2024-09-22T23:55:34.775+0000] {logging_mixin.py:190} INFO - [2024-09-22T23:55:34.774+0000] {dag.py:3229} INFO - Sync 1 DAGs
[2024-09-22T23:55:34.797+0000] {logging_mixin.py:190} INFO - [2024-09-22T23:55:34.796+0000] {dag.py:4156} INFO - Setting next_dagrun for example_task_group to None, run_after=None
[2024-09-22T23:55:34.824+0000] {processor.py:208} INFO - Processing /home/airflow/.local/lib/python3.12/site-packages/airflow/example_dags/example_task_group.py took 0.119 seconds
[2024-09-22T23:58:01.967+0000] {processor.py:186} INFO - Started process (PID=80) to work on /home/airflow/.local/lib/python3.12/site-packages/airflow/example_dags/example_task_group.py
[2024-09-22T23:58:01.970+0000] {processor.py:914} INFO - Processing file /home/airflow/.local/lib/python3.12/site-packages/airflow/example_dags/example_task_group.py for tasks to queue
[2024-09-22T23:58:01.974+0000] {logging_mixin.py:190} INFO - [2024-09-22T23:58:01.974+0000] {dagbag.py:587} INFO - Filling up the DagBag from /home/airflow/.local/lib/python3.12/site-packages/airflow/example_dags/example_task_group.py
[2024-09-22T23:58:02.002+0000] {processor.py:925} INFO - DAG(s) 'example_task_group' retrieved from /home/airflow/.local/lib/python3.12/site-packages/airflow/example_dags/example_task_group.py
[2024-09-22T23:58:02.058+0000] {logging_mixin.py:190} INFO - [2024-09-22T23:58:02.057+0000] {dag.py:3229} INFO - Sync 1 DAGs
[2024-09-22T23:58:02.088+0000] {logging_mixin.py:190} INFO - [2024-09-22T23:58:02.087+0000] {dag.py:4156} INFO - Setting next_dagrun for example_task_group to None, run_after=None
[2024-09-22T23:58:02.122+0000] {processor.py:208} INFO - Processing /home/airflow/.local/lib/python3.12/site-packages/airflow/example_dags/example_task_group.py took 0.167 seconds
[2024-09-22T23:58:32.344+0000] {processor.py:186} INFO - Started process (PID=143) to work on /home/airflow/.local/lib/python3.12/site-packages/airflow/example_dags/example_task_group.py
[2024-09-22T23:58:32.345+0000] {processor.py:914} INFO - Processing file /home/airflow/.local/lib/python3.12/site-packages/airflow/example_dags/example_task_group.py for tasks to queue
[2024-09-22T23:58:32.350+0000] {logging_mixin.py:190} INFO - [2024-09-22T23:58:32.348+0000] {dagbag.py:587} INFO - Filling up the DagBag from /home/airflow/.local/lib/python3.12/site-packages/airflow/example_dags/example_task_group.py
[2024-09-22T23:58:32.372+0000] {processor.py:925} INFO - DAG(s) 'example_task_group' retrieved from /home/airflow/.local/lib/python3.12/site-packages/airflow/example_dags/example_task_group.py
[2024-09-22T23:58:32.415+0000] {logging_mixin.py:190} INFO - [2024-09-22T23:58:32.415+0000] {dag.py:3229} INFO - Sync 1 DAGs
[2024-09-22T23:58:32.441+0000] {logging_mixin.py:190} INFO - [2024-09-22T23:58:32.441+0000] {dag.py:4156} INFO - Setting next_dagrun for example_task_group to None, run_after=None
[2024-09-22T23:58:32.464+0000] {processor.py:208} INFO - Processing /home/airflow/.local/lib/python3.12/site-packages/airflow/example_dags/example_task_group.py took 0.130 seconds
[2024-09-22T23:59:03.202+0000] {processor.py:186} INFO - Started process (PID=206) to work on /home/airflow/.local/lib/python3.12/site-packages/airflow/example_dags/example_task_group.py
[2024-09-22T23:59:03.204+0000] {processor.py:914} INFO - Processing file /home/airflow/.local/lib/python3.12/site-packages/airflow/example_dags/example_task_group.py for tasks to queue
[2024-09-22T23:59:03.208+0000] {logging_mixin.py:190} INFO - [2024-09-22T23:59:03.207+0000] {dagbag.py:587} INFO - Filling up the DagBag from /home/airflow/.local/lib/python3.12/site-packages/airflow/example_dags/example_task_group.py
[2024-09-22T23:59:03.232+0000] {processor.py:925} INFO - DAG(s) 'example_task_group' retrieved from /home/airflow/.local/lib/python3.12/site-packages/airflow/example_dags/example_task_group.py
[2024-09-22T23:59:03.273+0000] {logging_mixin.py:190} INFO - [2024-09-22T23:59:03.272+0000] {dag.py:3229} INFO - Sync 1 DAGs
[2024-09-22T23:59:03.300+0000] {logging_mixin.py:190} INFO - [2024-09-22T23:59:03.299+0000] {dag.py:4156} INFO - Setting next_dagrun for example_task_group to None, run_after=None
[2024-09-22T23:59:03.324+0000] {processor.py:208} INFO - Processing /home/airflow/.local/lib/python3.12/site-packages/airflow/example_dags/example_task_group.py took 0.132 seconds
[2024-09-22T23:59:33.817+0000] {processor.py:186} INFO - Started process (PID=269) to work on /home/airflow/.local/lib/python3.12/site-packages/airflow/example_dags/example_task_group.py
[2024-09-22T23:59:33.818+0000] {processor.py:914} INFO - Processing file /home/airflow/.local/lib/python3.12/site-packages/airflow/example_dags/example_task_group.py for tasks to queue
[2024-09-22T23:59:33.822+0000] {logging_mixin.py:190} INFO - [2024-09-22T23:59:33.822+0000] {dagbag.py:587} INFO - Filling up the DagBag from /home/airflow/.local/lib/python3.12/site-packages/airflow/example_dags/example_task_group.py
[2024-09-22T23:59:33.841+0000] {processor.py:925} INFO - DAG(s) 'example_task_group' retrieved from /home/airflow/.local/lib/python3.12/site-packages/airflow/example_dags/example_task_group.py
[2024-09-22T23:59:33.881+0000] {logging_mixin.py:190} INFO - [2024-09-22T23:59:33.881+0000] {dag.py:3229} INFO - Sync 1 DAGs
[2024-09-22T23:59:33.901+0000] {logging_mixin.py:190} INFO - [2024-09-22T23:59:33.901+0000] {dag.py:4156} INFO - Setting next_dagrun for example_task_group to None, run_after=None
[2024-09-22T23:59:33.925+0000] {processor.py:208} INFO - Processing /home/airflow/.local/lib/python3.12/site-packages/airflow/example_dags/example_task_group.py took 0.118 seconds
