[2024-09-22T23:26:18.039+0000] {processor.py:186} INFO - Started process (PID=82) to work on /home/airflow/.local/lib/python3.12/site-packages/airflow/example_dags/example_sla_dag.py
[2024-09-22T23:26:18.041+0000] {processor.py:914} INFO - Processing file /home/airflow/.local/lib/python3.12/site-packages/airflow/example_dags/example_sla_dag.py for tasks to queue
[2024-09-22T23:26:18.046+0000] {logging_mixin.py:190} INFO - [2024-09-22T23:26:18.045+0000] {dagbag.py:587} INFO - Filling up the DagBag from /home/airflow/.local/lib/python3.12/site-packages/airflow/example_dags/example_sla_dag.py
[2024-09-22T23:26:18.074+0000] {processor.py:925} INFO - DAG(s) 'example_sla_dag' retrieved from /home/airflow/.local/lib/python3.12/site-packages/airflow/example_dags/example_sla_dag.py
[2024-09-22T23:26:18.359+0000] {logging_mixin.py:190} INFO - [2024-09-22T23:26:18.357+0000] {override.py:1900} INFO - Created Permission View: can edit on DAG:example_sla_dag
[2024-09-22T23:26:18.392+0000] {logging_mixin.py:190} INFO - [2024-09-22T23:26:18.391+0000] {override.py:1900} INFO - Created Permission View: can read on DAG:example_sla_dag
[2024-09-22T23:26:18.402+0000] {logging_mixin.py:190} INFO - [2024-09-22T23:26:18.402+0000] {override.py:1900} INFO - Created Permission View: can delete on DAG:example_sla_dag
[2024-09-22T23:26:18.417+0000] {logging_mixin.py:190} INFO - [2024-09-22T23:26:18.416+0000] {override.py:1900} INFO - Created Permission View: can create on DAG Run:example_sla_dag
[2024-09-22T23:26:18.426+0000] {logging_mixin.py:190} INFO - [2024-09-22T23:26:18.426+0000] {override.py:1900} INFO - Created Permission View: menu access on DAG Run:example_sla_dag
[2024-09-22T23:26:18.436+0000] {logging_mixin.py:190} INFO - [2024-09-22T23:26:18.435+0000] {override.py:1900} INFO - Created Permission View: can read on DAG Run:example_sla_dag
[2024-09-22T23:26:18.448+0000] {logging_mixin.py:190} INFO - [2024-09-22T23:26:18.448+0000] {override.py:1900} INFO - Created Permission View: can delete on DAG Run:example_sla_dag
[2024-09-22T23:26:18.449+0000] {logging_mixin.py:190} INFO - [2024-09-22T23:26:18.449+0000] {dag.py:3229} INFO - Sync 1 DAGs
[2024-09-22T23:26:18.474+0000] {logging_mixin.py:190} INFO - [2024-09-22T23:26:18.474+0000] {dag.py:3252} INFO - Creating ORM DAG for example_sla_dag
[2024-09-22T23:26:18.499+0000] {logging_mixin.py:190} INFO - [2024-09-22T23:26:18.498+0000] {dag.py:4156} INFO - Setting next_dagrun for example_sla_dag to 2024-09-22 23:24:00+00:00, run_after=2024-09-22 23:26:00+00:00
[2024-09-22T23:26:18.523+0000] {processor.py:208} INFO - Processing /home/airflow/.local/lib/python3.12/site-packages/airflow/example_dags/example_sla_dag.py took 0.496 seconds
[2024-09-22T23:26:49.104+0000] {processor.py:186} INFO - Started process (PID=144) to work on /home/airflow/.local/lib/python3.12/site-packages/airflow/example_dags/example_sla_dag.py
[2024-09-22T23:26:49.106+0000] {processor.py:914} INFO - Processing file /home/airflow/.local/lib/python3.12/site-packages/airflow/example_dags/example_sla_dag.py for tasks to queue
[2024-09-22T23:26:49.111+0000] {logging_mixin.py:190} INFO - [2024-09-22T23:26:49.110+0000] {dagbag.py:587} INFO - Filling up the DagBag from /home/airflow/.local/lib/python3.12/site-packages/airflow/example_dags/example_sla_dag.py
[2024-09-22T23:26:49.136+0000] {processor.py:925} INFO - DAG(s) 'example_sla_dag' retrieved from /home/airflow/.local/lib/python3.12/site-packages/airflow/example_dags/example_sla_dag.py
[2024-09-22T23:26:49.163+0000] {logging_mixin.py:190} INFO - [2024-09-22T23:26:49.163+0000] {dag.py:3229} INFO - Sync 1 DAGs
[2024-09-22T23:26:49.198+0000] {logging_mixin.py:190} INFO - [2024-09-22T23:26:49.198+0000] {dag.py:4156} INFO - Setting next_dagrun for example_sla_dag to 2024-09-22 23:24:00+00:00, run_after=2024-09-22 23:26:00+00:00
[2024-09-22T23:26:49.221+0000] {processor.py:208} INFO - Processing /home/airflow/.local/lib/python3.12/site-packages/airflow/example_dags/example_sla_dag.py took 0.126 seconds
[2024-09-22T23:27:19.301+0000] {processor.py:186} INFO - Started process (PID=206) to work on /home/airflow/.local/lib/python3.12/site-packages/airflow/example_dags/example_sla_dag.py
[2024-09-22T23:27:19.304+0000] {processor.py:914} INFO - Processing file /home/airflow/.local/lib/python3.12/site-packages/airflow/example_dags/example_sla_dag.py for tasks to queue
[2024-09-22T23:27:19.308+0000] {logging_mixin.py:190} INFO - [2024-09-22T23:27:19.307+0000] {dagbag.py:587} INFO - Filling up the DagBag from /home/airflow/.local/lib/python3.12/site-packages/airflow/example_dags/example_sla_dag.py
[2024-09-22T23:27:19.328+0000] {processor.py:925} INFO - DAG(s) 'example_sla_dag' retrieved from /home/airflow/.local/lib/python3.12/site-packages/airflow/example_dags/example_sla_dag.py
[2024-09-22T23:27:19.357+0000] {logging_mixin.py:190} INFO - [2024-09-22T23:27:19.357+0000] {dag.py:3229} INFO - Sync 1 DAGs
[2024-09-22T23:27:19.399+0000] {logging_mixin.py:190} INFO - [2024-09-22T23:27:19.399+0000] {dag.py:4156} INFO - Setting next_dagrun for example_sla_dag to 2024-09-22 23:24:00+00:00, run_after=2024-09-22 23:26:00+00:00
[2024-09-22T23:27:19.423+0000] {processor.py:208} INFO - Processing /home/airflow/.local/lib/python3.12/site-packages/airflow/example_dags/example_sla_dag.py took 0.131 seconds
[2024-09-22T23:27:49.483+0000] {processor.py:186} INFO - Started process (PID=268) to work on /home/airflow/.local/lib/python3.12/site-packages/airflow/example_dags/example_sla_dag.py
[2024-09-22T23:27:49.485+0000] {processor.py:914} INFO - Processing file /home/airflow/.local/lib/python3.12/site-packages/airflow/example_dags/example_sla_dag.py for tasks to queue
[2024-09-22T23:27:49.489+0000] {logging_mixin.py:190} INFO - [2024-09-22T23:27:49.489+0000] {dagbag.py:587} INFO - Filling up the DagBag from /home/airflow/.local/lib/python3.12/site-packages/airflow/example_dags/example_sla_dag.py
[2024-09-22T23:27:49.514+0000] {processor.py:925} INFO - DAG(s) 'example_sla_dag' retrieved from /home/airflow/.local/lib/python3.12/site-packages/airflow/example_dags/example_sla_dag.py
[2024-09-22T23:27:49.559+0000] {logging_mixin.py:190} INFO - [2024-09-22T23:27:49.558+0000] {dag.py:3229} INFO - Sync 1 DAGs
[2024-09-22T23:27:49.622+0000] {logging_mixin.py:190} INFO - [2024-09-22T23:27:49.622+0000] {dag.py:4156} INFO - Setting next_dagrun for example_sla_dag to 2024-09-22 23:24:00+00:00, run_after=2024-09-22 23:26:00+00:00
[2024-09-22T23:27:49.685+0000] {processor.py:208} INFO - Processing /home/airflow/.local/lib/python3.12/site-packages/airflow/example_dags/example_sla_dag.py took 0.213 seconds
[2024-09-22T23:28:20.092+0000] {processor.py:186} INFO - Started process (PID=330) to work on /home/airflow/.local/lib/python3.12/site-packages/airflow/example_dags/example_sla_dag.py
[2024-09-22T23:28:20.094+0000] {processor.py:914} INFO - Processing file /home/airflow/.local/lib/python3.12/site-packages/airflow/example_dags/example_sla_dag.py for tasks to queue
[2024-09-22T23:28:20.098+0000] {logging_mixin.py:190} INFO - [2024-09-22T23:28:20.098+0000] {dagbag.py:587} INFO - Filling up the DagBag from /home/airflow/.local/lib/python3.12/site-packages/airflow/example_dags/example_sla_dag.py
[2024-09-22T23:28:20.121+0000] {processor.py:925} INFO - DAG(s) 'example_sla_dag' retrieved from /home/airflow/.local/lib/python3.12/site-packages/airflow/example_dags/example_sla_dag.py
[2024-09-22T23:28:20.152+0000] {logging_mixin.py:190} INFO - [2024-09-22T23:28:20.152+0000] {dag.py:3229} INFO - Sync 1 DAGs
[2024-09-22T23:28:20.189+0000] {logging_mixin.py:190} INFO - [2024-09-22T23:28:20.189+0000] {dag.py:4156} INFO - Setting next_dagrun for example_sla_dag to 2024-09-22 23:26:00+00:00, run_after=2024-09-22 23:28:00+00:00
[2024-09-22T23:28:20.216+0000] {processor.py:208} INFO - Processing /home/airflow/.local/lib/python3.12/site-packages/airflow/example_dags/example_sla_dag.py took 0.133 seconds
[2024-09-22T23:28:50.452+0000] {processor.py:186} INFO - Started process (PID=392) to work on /home/airflow/.local/lib/python3.12/site-packages/airflow/example_dags/example_sla_dag.py
[2024-09-22T23:28:50.453+0000] {processor.py:914} INFO - Processing file /home/airflow/.local/lib/python3.12/site-packages/airflow/example_dags/example_sla_dag.py for tasks to queue
[2024-09-22T23:28:50.458+0000] {logging_mixin.py:190} INFO - [2024-09-22T23:28:50.457+0000] {dagbag.py:587} INFO - Filling up the DagBag from /home/airflow/.local/lib/python3.12/site-packages/airflow/example_dags/example_sla_dag.py
[2024-09-22T23:28:50.476+0000] {processor.py:925} INFO - DAG(s) 'example_sla_dag' retrieved from /home/airflow/.local/lib/python3.12/site-packages/airflow/example_dags/example_sla_dag.py
[2024-09-22T23:28:50.503+0000] {logging_mixin.py:190} INFO - [2024-09-22T23:28:50.503+0000] {dag.py:3229} INFO - Sync 1 DAGs
[2024-09-22T23:28:50.540+0000] {logging_mixin.py:190} INFO - [2024-09-22T23:28:50.540+0000] {dag.py:4156} INFO - Setting next_dagrun for example_sla_dag to 2024-09-22 23:26:00+00:00, run_after=2024-09-22 23:28:00+00:00
[2024-09-22T23:28:50.565+0000] {processor.py:208} INFO - Processing /home/airflow/.local/lib/python3.12/site-packages/airflow/example_dags/example_sla_dag.py took 0.126 seconds
[2024-09-22T23:29:20.934+0000] {processor.py:186} INFO - Started process (PID=454) to work on /home/airflow/.local/lib/python3.12/site-packages/airflow/example_dags/example_sla_dag.py
[2024-09-22T23:29:20.936+0000] {processor.py:914} INFO - Processing file /home/airflow/.local/lib/python3.12/site-packages/airflow/example_dags/example_sla_dag.py for tasks to queue
[2024-09-22T23:29:20.941+0000] {logging_mixin.py:190} INFO - [2024-09-22T23:29:20.940+0000] {dagbag.py:587} INFO - Filling up the DagBag from /home/airflow/.local/lib/python3.12/site-packages/airflow/example_dags/example_sla_dag.py
[2024-09-22T23:29:20.963+0000] {processor.py:925} INFO - DAG(s) 'example_sla_dag' retrieved from /home/airflow/.local/lib/python3.12/site-packages/airflow/example_dags/example_sla_dag.py
[2024-09-22T23:29:20.993+0000] {logging_mixin.py:190} INFO - [2024-09-22T23:29:20.992+0000] {dag.py:3229} INFO - Sync 1 DAGs
[2024-09-22T23:29:21.045+0000] {logging_mixin.py:190} INFO - [2024-09-22T23:29:21.044+0000] {dag.py:4156} INFO - Setting next_dagrun for example_sla_dag to 2024-09-22 23:26:00+00:00, run_after=2024-09-22 23:28:00+00:00
[2024-09-22T23:29:21.077+0000] {processor.py:208} INFO - Processing /home/airflow/.local/lib/python3.12/site-packages/airflow/example_dags/example_sla_dag.py took 0.153 seconds
[2024-09-22T23:29:51.321+0000] {processor.py:186} INFO - Started process (PID=516) to work on /home/airflow/.local/lib/python3.12/site-packages/airflow/example_dags/example_sla_dag.py
[2024-09-22T23:29:51.322+0000] {processor.py:914} INFO - Processing file /home/airflow/.local/lib/python3.12/site-packages/airflow/example_dags/example_sla_dag.py for tasks to queue
[2024-09-22T23:29:51.326+0000] {logging_mixin.py:190} INFO - [2024-09-22T23:29:51.326+0000] {dagbag.py:587} INFO - Filling up the DagBag from /home/airflow/.local/lib/python3.12/site-packages/airflow/example_dags/example_sla_dag.py
[2024-09-22T23:29:51.347+0000] {processor.py:925} INFO - DAG(s) 'example_sla_dag' retrieved from /home/airflow/.local/lib/python3.12/site-packages/airflow/example_dags/example_sla_dag.py
[2024-09-22T23:29:51.374+0000] {logging_mixin.py:190} INFO - [2024-09-22T23:29:51.374+0000] {dag.py:3229} INFO - Sync 1 DAGs
[2024-09-22T23:29:51.422+0000] {logging_mixin.py:190} INFO - [2024-09-22T23:29:51.422+0000] {dag.py:4156} INFO - Setting next_dagrun for example_sla_dag to 2024-09-22 23:26:00+00:00, run_after=2024-09-22 23:28:00+00:00
[2024-09-22T23:29:51.448+0000] {processor.py:208} INFO - Processing /home/airflow/.local/lib/python3.12/site-packages/airflow/example_dags/example_sla_dag.py took 0.137 seconds
[2024-09-22T23:30:21.519+0000] {processor.py:186} INFO - Started process (PID=578) to work on /home/airflow/.local/lib/python3.12/site-packages/airflow/example_dags/example_sla_dag.py
[2024-09-22T23:30:21.521+0000] {processor.py:914} INFO - Processing file /home/airflow/.local/lib/python3.12/site-packages/airflow/example_dags/example_sla_dag.py for tasks to queue
[2024-09-22T23:30:21.525+0000] {logging_mixin.py:190} INFO - [2024-09-22T23:30:21.525+0000] {dagbag.py:587} INFO - Filling up the DagBag from /home/airflow/.local/lib/python3.12/site-packages/airflow/example_dags/example_sla_dag.py
[2024-09-22T23:30:21.550+0000] {processor.py:925} INFO - DAG(s) 'example_sla_dag' retrieved from /home/airflow/.local/lib/python3.12/site-packages/airflow/example_dags/example_sla_dag.py
[2024-09-22T23:30:21.576+0000] {logging_mixin.py:190} INFO - [2024-09-22T23:30:21.576+0000] {dag.py:3229} INFO - Sync 1 DAGs
[2024-09-22T23:30:21.612+0000] {logging_mixin.py:190} INFO - [2024-09-22T23:30:21.612+0000] {dag.py:4156} INFO - Setting next_dagrun for example_sla_dag to 2024-09-22 23:28:00+00:00, run_after=2024-09-22 23:30:00+00:00
[2024-09-22T23:30:21.636+0000] {processor.py:208} INFO - Processing /home/airflow/.local/lib/python3.12/site-packages/airflow/example_dags/example_sla_dag.py took 0.126 seconds
[2024-09-22T23:30:51.785+0000] {processor.py:186} INFO - Started process (PID=640) to work on /home/airflow/.local/lib/python3.12/site-packages/airflow/example_dags/example_sla_dag.py
[2024-09-22T23:30:51.786+0000] {processor.py:914} INFO - Processing file /home/airflow/.local/lib/python3.12/site-packages/airflow/example_dags/example_sla_dag.py for tasks to queue
[2024-09-22T23:30:51.793+0000] {logging_mixin.py:190} INFO - [2024-09-22T23:30:51.792+0000] {dagbag.py:587} INFO - Filling up the DagBag from /home/airflow/.local/lib/python3.12/site-packages/airflow/example_dags/example_sla_dag.py
[2024-09-22T23:30:51.817+0000] {processor.py:925} INFO - DAG(s) 'example_sla_dag' retrieved from /home/airflow/.local/lib/python3.12/site-packages/airflow/example_dags/example_sla_dag.py
[2024-09-22T23:30:51.850+0000] {logging_mixin.py:190} INFO - [2024-09-22T23:30:51.849+0000] {dag.py:3229} INFO - Sync 1 DAGs
[2024-09-22T23:30:51.888+0000] {logging_mixin.py:190} INFO - [2024-09-22T23:30:51.887+0000] {dag.py:4156} INFO - Setting next_dagrun for example_sla_dag to 2024-09-22 23:28:00+00:00, run_after=2024-09-22 23:30:00+00:00
[2024-09-22T23:30:51.913+0000] {processor.py:208} INFO - Processing /home/airflow/.local/lib/python3.12/site-packages/airflow/example_dags/example_sla_dag.py took 0.138 seconds
[2024-09-22T23:31:22.117+0000] {processor.py:186} INFO - Started process (PID=703) to work on /home/airflow/.local/lib/python3.12/site-packages/airflow/example_dags/example_sla_dag.py
[2024-09-22T23:31:22.119+0000] {processor.py:914} INFO - Processing file /home/airflow/.local/lib/python3.12/site-packages/airflow/example_dags/example_sla_dag.py for tasks to queue
[2024-09-22T23:31:22.124+0000] {logging_mixin.py:190} INFO - [2024-09-22T23:31:22.123+0000] {dagbag.py:587} INFO - Filling up the DagBag from /home/airflow/.local/lib/python3.12/site-packages/airflow/example_dags/example_sla_dag.py
[2024-09-22T23:31:22.146+0000] {processor.py:925} INFO - DAG(s) 'example_sla_dag' retrieved from /home/airflow/.local/lib/python3.12/site-packages/airflow/example_dags/example_sla_dag.py
[2024-09-22T23:31:22.176+0000] {logging_mixin.py:190} INFO - [2024-09-22T23:31:22.175+0000] {dag.py:3229} INFO - Sync 1 DAGs
[2024-09-22T23:31:22.212+0000] {logging_mixin.py:190} INFO - [2024-09-22T23:31:22.212+0000] {dag.py:4156} INFO - Setting next_dagrun for example_sla_dag to 2024-09-22 23:28:00+00:00, run_after=2024-09-22 23:30:00+00:00
[2024-09-22T23:31:22.239+0000] {processor.py:208} INFO - Processing /home/airflow/.local/lib/python3.12/site-packages/airflow/example_dags/example_sla_dag.py took 0.132 seconds
[2024-09-22T23:31:52.765+0000] {processor.py:186} INFO - Started process (PID=765) to work on /home/airflow/.local/lib/python3.12/site-packages/airflow/example_dags/example_sla_dag.py
[2024-09-22T23:31:52.767+0000] {processor.py:914} INFO - Processing file /home/airflow/.local/lib/python3.12/site-packages/airflow/example_dags/example_sla_dag.py for tasks to queue
[2024-09-22T23:31:52.772+0000] {logging_mixin.py:190} INFO - [2024-09-22T23:31:52.771+0000] {dagbag.py:587} INFO - Filling up the DagBag from /home/airflow/.local/lib/python3.12/site-packages/airflow/example_dags/example_sla_dag.py
[2024-09-22T23:31:52.793+0000] {processor.py:925} INFO - DAG(s) 'example_sla_dag' retrieved from /home/airflow/.local/lib/python3.12/site-packages/airflow/example_dags/example_sla_dag.py
[2024-09-22T23:31:52.822+0000] {logging_mixin.py:190} INFO - [2024-09-22T23:31:52.822+0000] {dag.py:3229} INFO - Sync 1 DAGs
[2024-09-22T23:31:52.858+0000] {logging_mixin.py:190} INFO - [2024-09-22T23:31:52.857+0000] {dag.py:4156} INFO - Setting next_dagrun for example_sla_dag to 2024-09-22 23:28:00+00:00, run_after=2024-09-22 23:30:00+00:00
[2024-09-22T23:31:52.884+0000] {processor.py:208} INFO - Processing /home/airflow/.local/lib/python3.12/site-packages/airflow/example_dags/example_sla_dag.py took 0.128 seconds
[2024-09-22T23:32:23.325+0000] {processor.py:186} INFO - Started process (PID=828) to work on /home/airflow/.local/lib/python3.12/site-packages/airflow/example_dags/example_sla_dag.py
[2024-09-22T23:32:23.327+0000] {processor.py:914} INFO - Processing file /home/airflow/.local/lib/python3.12/site-packages/airflow/example_dags/example_sla_dag.py for tasks to queue
[2024-09-22T23:32:23.331+0000] {logging_mixin.py:190} INFO - [2024-09-22T23:32:23.331+0000] {dagbag.py:587} INFO - Filling up the DagBag from /home/airflow/.local/lib/python3.12/site-packages/airflow/example_dags/example_sla_dag.py
[2024-09-22T23:32:23.351+0000] {processor.py:925} INFO - DAG(s) 'example_sla_dag' retrieved from /home/airflow/.local/lib/python3.12/site-packages/airflow/example_dags/example_sla_dag.py
[2024-09-22T23:32:23.378+0000] {logging_mixin.py:190} INFO - [2024-09-22T23:32:23.378+0000] {dag.py:3229} INFO - Sync 1 DAGs
[2024-09-22T23:32:23.413+0000] {logging_mixin.py:190} INFO - [2024-09-22T23:32:23.413+0000] {dag.py:4156} INFO - Setting next_dagrun for example_sla_dag to 2024-09-22 23:30:00+00:00, run_after=2024-09-22 23:32:00+00:00
[2024-09-22T23:32:23.439+0000] {processor.py:208} INFO - Processing /home/airflow/.local/lib/python3.12/site-packages/airflow/example_dags/example_sla_dag.py took 0.123 seconds
[2024-09-22T23:32:54.101+0000] {processor.py:186} INFO - Started process (PID=891) to work on /home/airflow/.local/lib/python3.12/site-packages/airflow/example_dags/example_sla_dag.py
[2024-09-22T23:32:54.103+0000] {processor.py:914} INFO - Processing file /home/airflow/.local/lib/python3.12/site-packages/airflow/example_dags/example_sla_dag.py for tasks to queue
[2024-09-22T23:32:54.109+0000] {logging_mixin.py:190} INFO - [2024-09-22T23:32:54.108+0000] {dagbag.py:587} INFO - Filling up the DagBag from /home/airflow/.local/lib/python3.12/site-packages/airflow/example_dags/example_sla_dag.py
[2024-09-22T23:32:54.134+0000] {processor.py:925} INFO - DAG(s) 'example_sla_dag' retrieved from /home/airflow/.local/lib/python3.12/site-packages/airflow/example_dags/example_sla_dag.py
[2024-09-22T23:32:54.170+0000] {logging_mixin.py:190} INFO - [2024-09-22T23:32:54.169+0000] {dag.py:3229} INFO - Sync 1 DAGs
[2024-09-22T23:32:54.213+0000] {logging_mixin.py:190} INFO - [2024-09-22T23:32:54.213+0000] {dag.py:4156} INFO - Setting next_dagrun for example_sla_dag to 2024-09-22 23:30:00+00:00, run_after=2024-09-22 23:32:00+00:00
[2024-09-22T23:32:54.246+0000] {processor.py:208} INFO - Processing /home/airflow/.local/lib/python3.12/site-packages/airflow/example_dags/example_sla_dag.py took 0.157 seconds
[2024-09-22T23:33:24.363+0000] {processor.py:186} INFO - Started process (PID=954) to work on /home/airflow/.local/lib/python3.12/site-packages/airflow/example_dags/example_sla_dag.py
[2024-09-22T23:33:24.365+0000] {processor.py:914} INFO - Processing file /home/airflow/.local/lib/python3.12/site-packages/airflow/example_dags/example_sla_dag.py for tasks to queue
[2024-09-22T23:33:24.370+0000] {logging_mixin.py:190} INFO - [2024-09-22T23:33:24.370+0000] {dagbag.py:587} INFO - Filling up the DagBag from /home/airflow/.local/lib/python3.12/site-packages/airflow/example_dags/example_sla_dag.py
[2024-09-22T23:33:24.395+0000] {processor.py:925} INFO - DAG(s) 'example_sla_dag' retrieved from /home/airflow/.local/lib/python3.12/site-packages/airflow/example_dags/example_sla_dag.py
[2024-09-22T23:33:24.422+0000] {logging_mixin.py:190} INFO - [2024-09-22T23:33:24.421+0000] {dag.py:3229} INFO - Sync 1 DAGs
[2024-09-22T23:33:24.458+0000] {logging_mixin.py:190} INFO - [2024-09-22T23:33:24.458+0000] {dag.py:4156} INFO - Setting next_dagrun for example_sla_dag to 2024-09-22 23:30:00+00:00, run_after=2024-09-22 23:32:00+00:00
[2024-09-22T23:33:24.482+0000] {processor.py:208} INFO - Processing /home/airflow/.local/lib/python3.12/site-packages/airflow/example_dags/example_sla_dag.py took 0.131 seconds
[2024-09-22T23:33:54.742+0000] {processor.py:186} INFO - Started process (PID=1017) to work on /home/airflow/.local/lib/python3.12/site-packages/airflow/example_dags/example_sla_dag.py
[2024-09-22T23:33:54.744+0000] {processor.py:914} INFO - Processing file /home/airflow/.local/lib/python3.12/site-packages/airflow/example_dags/example_sla_dag.py for tasks to queue
[2024-09-22T23:33:54.748+0000] {logging_mixin.py:190} INFO - [2024-09-22T23:33:54.748+0000] {dagbag.py:587} INFO - Filling up the DagBag from /home/airflow/.local/lib/python3.12/site-packages/airflow/example_dags/example_sla_dag.py
[2024-09-22T23:33:54.769+0000] {processor.py:925} INFO - DAG(s) 'example_sla_dag' retrieved from /home/airflow/.local/lib/python3.12/site-packages/airflow/example_dags/example_sla_dag.py
[2024-09-22T23:33:54.798+0000] {logging_mixin.py:190} INFO - [2024-09-22T23:33:54.798+0000] {dag.py:3229} INFO - Sync 1 DAGs
[2024-09-22T23:33:54.846+0000] {logging_mixin.py:190} INFO - [2024-09-22T23:33:54.845+0000] {dag.py:4156} INFO - Setting next_dagrun for example_sla_dag to 2024-09-22 23:30:00+00:00, run_after=2024-09-22 23:32:00+00:00
[2024-09-22T23:33:54.878+0000] {processor.py:208} INFO - Processing /home/airflow/.local/lib/python3.12/site-packages/airflow/example_dags/example_sla_dag.py took 0.146 seconds
[2024-09-22T23:34:25.027+0000] {processor.py:186} INFO - Started process (PID=1080) to work on /home/airflow/.local/lib/python3.12/site-packages/airflow/example_dags/example_sla_dag.py
[2024-09-22T23:34:25.029+0000] {processor.py:914} INFO - Processing file /home/airflow/.local/lib/python3.12/site-packages/airflow/example_dags/example_sla_dag.py for tasks to queue
[2024-09-22T23:34:25.033+0000] {logging_mixin.py:190} INFO - [2024-09-22T23:34:25.032+0000] {dagbag.py:587} INFO - Filling up the DagBag from /home/airflow/.local/lib/python3.12/site-packages/airflow/example_dags/example_sla_dag.py
[2024-09-22T23:34:25.052+0000] {processor.py:925} INFO - DAG(s) 'example_sla_dag' retrieved from /home/airflow/.local/lib/python3.12/site-packages/airflow/example_dags/example_sla_dag.py
[2024-09-22T23:34:25.080+0000] {logging_mixin.py:190} INFO - [2024-09-22T23:34:25.079+0000] {dag.py:3229} INFO - Sync 1 DAGs
[2024-09-22T23:34:25.113+0000] {logging_mixin.py:190} INFO - [2024-09-22T23:34:25.112+0000] {dag.py:4156} INFO - Setting next_dagrun for example_sla_dag to 2024-09-22 23:32:00+00:00, run_after=2024-09-22 23:34:00+00:00
[2024-09-22T23:34:25.137+0000] {processor.py:208} INFO - Processing /home/airflow/.local/lib/python3.12/site-packages/airflow/example_dags/example_sla_dag.py took 0.118 seconds
[2024-09-22T23:34:55.203+0000] {processor.py:186} INFO - Started process (PID=1143) to work on /home/airflow/.local/lib/python3.12/site-packages/airflow/example_dags/example_sla_dag.py
[2024-09-22T23:34:55.205+0000] {processor.py:914} INFO - Processing file /home/airflow/.local/lib/python3.12/site-packages/airflow/example_dags/example_sla_dag.py for tasks to queue
[2024-09-22T23:34:55.209+0000] {logging_mixin.py:190} INFO - [2024-09-22T23:34:55.209+0000] {dagbag.py:587} INFO - Filling up the DagBag from /home/airflow/.local/lib/python3.12/site-packages/airflow/example_dags/example_sla_dag.py
[2024-09-22T23:34:55.229+0000] {processor.py:925} INFO - DAG(s) 'example_sla_dag' retrieved from /home/airflow/.local/lib/python3.12/site-packages/airflow/example_dags/example_sla_dag.py
[2024-09-22T23:34:55.257+0000] {logging_mixin.py:190} INFO - [2024-09-22T23:34:55.256+0000] {dag.py:3229} INFO - Sync 1 DAGs
[2024-09-22T23:34:55.298+0000] {logging_mixin.py:190} INFO - [2024-09-22T23:34:55.297+0000] {dag.py:4156} INFO - Setting next_dagrun for example_sla_dag to 2024-09-22 23:32:00+00:00, run_after=2024-09-22 23:34:00+00:00
[2024-09-22T23:34:55.322+0000] {processor.py:208} INFO - Processing /home/airflow/.local/lib/python3.12/site-packages/airflow/example_dags/example_sla_dag.py took 0.128 seconds
[2024-09-22T23:35:25.464+0000] {processor.py:186} INFO - Started process (PID=1206) to work on /home/airflow/.local/lib/python3.12/site-packages/airflow/example_dags/example_sla_dag.py
[2024-09-22T23:35:25.465+0000] {processor.py:914} INFO - Processing file /home/airflow/.local/lib/python3.12/site-packages/airflow/example_dags/example_sla_dag.py for tasks to queue
[2024-09-22T23:35:25.469+0000] {logging_mixin.py:190} INFO - [2024-09-22T23:35:25.469+0000] {dagbag.py:587} INFO - Filling up the DagBag from /home/airflow/.local/lib/python3.12/site-packages/airflow/example_dags/example_sla_dag.py
[2024-09-22T23:35:25.492+0000] {processor.py:925} INFO - DAG(s) 'example_sla_dag' retrieved from /home/airflow/.local/lib/python3.12/site-packages/airflow/example_dags/example_sla_dag.py
[2024-09-22T23:35:25.524+0000] {logging_mixin.py:190} INFO - [2024-09-22T23:35:25.523+0000] {dag.py:3229} INFO - Sync 1 DAGs
[2024-09-22T23:35:25.560+0000] {logging_mixin.py:190} INFO - [2024-09-22T23:35:25.560+0000] {dag.py:4156} INFO - Setting next_dagrun for example_sla_dag to 2024-09-22 23:32:00+00:00, run_after=2024-09-22 23:34:00+00:00
[2024-09-22T23:35:25.592+0000] {processor.py:208} INFO - Processing /home/airflow/.local/lib/python3.12/site-packages/airflow/example_dags/example_sla_dag.py took 0.138 seconds
[2024-09-22T23:35:55.946+0000] {processor.py:186} INFO - Started process (PID=1269) to work on /home/airflow/.local/lib/python3.12/site-packages/airflow/example_dags/example_sla_dag.py
[2024-09-22T23:35:55.948+0000] {processor.py:914} INFO - Processing file /home/airflow/.local/lib/python3.12/site-packages/airflow/example_dags/example_sla_dag.py for tasks to queue
[2024-09-22T23:35:55.952+0000] {logging_mixin.py:190} INFO - [2024-09-22T23:35:55.951+0000] {dagbag.py:587} INFO - Filling up the DagBag from /home/airflow/.local/lib/python3.12/site-packages/airflow/example_dags/example_sla_dag.py
[2024-09-22T23:35:55.971+0000] {processor.py:925} INFO - DAG(s) 'example_sla_dag' retrieved from /home/airflow/.local/lib/python3.12/site-packages/airflow/example_dags/example_sla_dag.py
[2024-09-22T23:35:56.000+0000] {logging_mixin.py:190} INFO - [2024-09-22T23:35:56.000+0000] {dag.py:3229} INFO - Sync 1 DAGs
[2024-09-22T23:35:56.038+0000] {logging_mixin.py:190} INFO - [2024-09-22T23:35:56.038+0000] {dag.py:4156} INFO - Setting next_dagrun for example_sla_dag to 2024-09-22 23:32:00+00:00, run_after=2024-09-22 23:34:00+00:00
[2024-09-22T23:35:56.067+0000] {processor.py:208} INFO - Processing /home/airflow/.local/lib/python3.12/site-packages/airflow/example_dags/example_sla_dag.py took 0.131 seconds
[2024-09-22T23:36:26.970+0000] {processor.py:186} INFO - Started process (PID=1332) to work on /home/airflow/.local/lib/python3.12/site-packages/airflow/example_dags/example_sla_dag.py
[2024-09-22T23:36:26.971+0000] {processor.py:914} INFO - Processing file /home/airflow/.local/lib/python3.12/site-packages/airflow/example_dags/example_sla_dag.py for tasks to queue
[2024-09-22T23:36:26.975+0000] {logging_mixin.py:190} INFO - [2024-09-22T23:36:26.975+0000] {dagbag.py:587} INFO - Filling up the DagBag from /home/airflow/.local/lib/python3.12/site-packages/airflow/example_dags/example_sla_dag.py
[2024-09-22T23:36:26.995+0000] {processor.py:925} INFO - DAG(s) 'example_sla_dag' retrieved from /home/airflow/.local/lib/python3.12/site-packages/airflow/example_dags/example_sla_dag.py
[2024-09-22T23:36:27.030+0000] {logging_mixin.py:190} INFO - [2024-09-22T23:36:27.030+0000] {dag.py:3229} INFO - Sync 1 DAGs
[2024-09-22T23:36:27.065+0000] {logging_mixin.py:190} INFO - [2024-09-22T23:36:27.065+0000] {dag.py:4156} INFO - Setting next_dagrun for example_sla_dag to 2024-09-22 23:34:00+00:00, run_after=2024-09-22 23:36:00+00:00
[2024-09-22T23:36:27.089+0000] {processor.py:208} INFO - Processing /home/airflow/.local/lib/python3.12/site-packages/airflow/example_dags/example_sla_dag.py took 0.128 seconds
[2024-09-22T23:36:57.324+0000] {processor.py:186} INFO - Started process (PID=1395) to work on /home/airflow/.local/lib/python3.12/site-packages/airflow/example_dags/example_sla_dag.py
[2024-09-22T23:36:57.326+0000] {processor.py:914} INFO - Processing file /home/airflow/.local/lib/python3.12/site-packages/airflow/example_dags/example_sla_dag.py for tasks to queue
[2024-09-22T23:36:57.331+0000] {logging_mixin.py:190} INFO - [2024-09-22T23:36:57.331+0000] {dagbag.py:587} INFO - Filling up the DagBag from /home/airflow/.local/lib/python3.12/site-packages/airflow/example_dags/example_sla_dag.py
[2024-09-22T23:36:57.359+0000] {processor.py:925} INFO - DAG(s) 'example_sla_dag' retrieved from /home/airflow/.local/lib/python3.12/site-packages/airflow/example_dags/example_sla_dag.py
[2024-09-22T23:36:57.394+0000] {logging_mixin.py:190} INFO - [2024-09-22T23:36:57.394+0000] {dag.py:3229} INFO - Sync 1 DAGs
[2024-09-22T23:36:57.447+0000] {logging_mixin.py:190} INFO - [2024-09-22T23:36:57.447+0000] {dag.py:4156} INFO - Setting next_dagrun for example_sla_dag to 2024-09-22 23:34:00+00:00, run_after=2024-09-22 23:36:00+00:00
[2024-09-22T23:36:57.479+0000] {processor.py:208} INFO - Processing /home/airflow/.local/lib/python3.12/site-packages/airflow/example_dags/example_sla_dag.py took 0.167 seconds
[2024-09-22T23:37:27.798+0000] {processor.py:186} INFO - Started process (PID=1458) to work on /home/airflow/.local/lib/python3.12/site-packages/airflow/example_dags/example_sla_dag.py
[2024-09-22T23:37:27.800+0000] {processor.py:914} INFO - Processing file /home/airflow/.local/lib/python3.12/site-packages/airflow/example_dags/example_sla_dag.py for tasks to queue
[2024-09-22T23:37:27.804+0000] {logging_mixin.py:190} INFO - [2024-09-22T23:37:27.803+0000] {dagbag.py:587} INFO - Filling up the DagBag from /home/airflow/.local/lib/python3.12/site-packages/airflow/example_dags/example_sla_dag.py
[2024-09-22T23:37:27.825+0000] {processor.py:925} INFO - DAG(s) 'example_sla_dag' retrieved from /home/airflow/.local/lib/python3.12/site-packages/airflow/example_dags/example_sla_dag.py
[2024-09-22T23:37:27.854+0000] {logging_mixin.py:190} INFO - [2024-09-22T23:37:27.854+0000] {dag.py:3229} INFO - Sync 1 DAGs
[2024-09-22T23:37:27.892+0000] {logging_mixin.py:190} INFO - [2024-09-22T23:37:27.891+0000] {dag.py:4156} INFO - Setting next_dagrun for example_sla_dag to 2024-09-22 23:34:00+00:00, run_after=2024-09-22 23:36:00+00:00
[2024-09-22T23:37:27.919+0000] {processor.py:208} INFO - Processing /home/airflow/.local/lib/python3.12/site-packages/airflow/example_dags/example_sla_dag.py took 0.131 seconds
[2024-09-22T23:37:58.075+0000] {processor.py:186} INFO - Started process (PID=1521) to work on /home/airflow/.local/lib/python3.12/site-packages/airflow/example_dags/example_sla_dag.py
[2024-09-22T23:37:58.076+0000] {processor.py:914} INFO - Processing file /home/airflow/.local/lib/python3.12/site-packages/airflow/example_dags/example_sla_dag.py for tasks to queue
[2024-09-22T23:37:58.080+0000] {logging_mixin.py:190} INFO - [2024-09-22T23:37:58.079+0000] {dagbag.py:587} INFO - Filling up the DagBag from /home/airflow/.local/lib/python3.12/site-packages/airflow/example_dags/example_sla_dag.py
[2024-09-22T23:37:58.103+0000] {processor.py:925} INFO - DAG(s) 'example_sla_dag' retrieved from /home/airflow/.local/lib/python3.12/site-packages/airflow/example_dags/example_sla_dag.py
[2024-09-22T23:37:58.130+0000] {logging_mixin.py:190} INFO - [2024-09-22T23:37:58.130+0000] {dag.py:3229} INFO - Sync 1 DAGs
[2024-09-22T23:37:58.168+0000] {logging_mixin.py:190} INFO - [2024-09-22T23:37:58.167+0000] {dag.py:4156} INFO - Setting next_dagrun for example_sla_dag to 2024-09-22 23:34:00+00:00, run_after=2024-09-22 23:36:00+00:00
[2024-09-22T23:37:58.191+0000] {processor.py:208} INFO - Processing /home/airflow/.local/lib/python3.12/site-packages/airflow/example_dags/example_sla_dag.py took 0.126 seconds
[2024-09-22T23:38:28.676+0000] {processor.py:186} INFO - Started process (PID=1584) to work on /home/airflow/.local/lib/python3.12/site-packages/airflow/example_dags/example_sla_dag.py
[2024-09-22T23:38:28.678+0000] {processor.py:914} INFO - Processing file /home/airflow/.local/lib/python3.12/site-packages/airflow/example_dags/example_sla_dag.py for tasks to queue
[2024-09-22T23:38:28.682+0000] {logging_mixin.py:190} INFO - [2024-09-22T23:38:28.682+0000] {dagbag.py:587} INFO - Filling up the DagBag from /home/airflow/.local/lib/python3.12/site-packages/airflow/example_dags/example_sla_dag.py
[2024-09-22T23:38:28.703+0000] {processor.py:925} INFO - DAG(s) 'example_sla_dag' retrieved from /home/airflow/.local/lib/python3.12/site-packages/airflow/example_dags/example_sla_dag.py
[2024-09-22T23:38:28.740+0000] {logging_mixin.py:190} INFO - [2024-09-22T23:38:28.739+0000] {dag.py:3229} INFO - Sync 1 DAGs
[2024-09-22T23:38:28.793+0000] {logging_mixin.py:190} INFO - [2024-09-22T23:38:28.793+0000] {dag.py:4156} INFO - Setting next_dagrun for example_sla_dag to 2024-09-22 23:36:00+00:00, run_after=2024-09-22 23:38:00+00:00
[2024-09-22T23:38:28.827+0000] {processor.py:208} INFO - Processing /home/airflow/.local/lib/python3.12/site-packages/airflow/example_dags/example_sla_dag.py took 0.161 seconds
[2024-09-22T23:38:59.198+0000] {processor.py:186} INFO - Started process (PID=1647) to work on /home/airflow/.local/lib/python3.12/site-packages/airflow/example_dags/example_sla_dag.py
[2024-09-22T23:38:59.199+0000] {processor.py:914} INFO - Processing file /home/airflow/.local/lib/python3.12/site-packages/airflow/example_dags/example_sla_dag.py for tasks to queue
[2024-09-22T23:38:59.204+0000] {logging_mixin.py:190} INFO - [2024-09-22T23:38:59.203+0000] {dagbag.py:587} INFO - Filling up the DagBag from /home/airflow/.local/lib/python3.12/site-packages/airflow/example_dags/example_sla_dag.py
[2024-09-22T23:38:59.223+0000] {processor.py:925} INFO - DAG(s) 'example_sla_dag' retrieved from /home/airflow/.local/lib/python3.12/site-packages/airflow/example_dags/example_sla_dag.py
[2024-09-22T23:38:59.255+0000] {logging_mixin.py:190} INFO - [2024-09-22T23:38:59.255+0000] {dag.py:3229} INFO - Sync 1 DAGs
[2024-09-22T23:38:59.293+0000] {logging_mixin.py:190} INFO - [2024-09-22T23:38:59.293+0000] {dag.py:4156} INFO - Setting next_dagrun for example_sla_dag to 2024-09-22 23:36:00+00:00, run_after=2024-09-22 23:38:00+00:00
[2024-09-22T23:38:59.319+0000] {processor.py:208} INFO - Processing /home/airflow/.local/lib/python3.12/site-packages/airflow/example_dags/example_sla_dag.py took 0.131 seconds
[2024-09-22T23:39:29.684+0000] {processor.py:186} INFO - Started process (PID=1710) to work on /home/airflow/.local/lib/python3.12/site-packages/airflow/example_dags/example_sla_dag.py
[2024-09-22T23:39:29.686+0000] {processor.py:914} INFO - Processing file /home/airflow/.local/lib/python3.12/site-packages/airflow/example_dags/example_sla_dag.py for tasks to queue
[2024-09-22T23:39:29.690+0000] {logging_mixin.py:190} INFO - [2024-09-22T23:39:29.689+0000] {dagbag.py:587} INFO - Filling up the DagBag from /home/airflow/.local/lib/python3.12/site-packages/airflow/example_dags/example_sla_dag.py
[2024-09-22T23:39:29.710+0000] {processor.py:925} INFO - DAG(s) 'example_sla_dag' retrieved from /home/airflow/.local/lib/python3.12/site-packages/airflow/example_dags/example_sla_dag.py
[2024-09-22T23:39:29.739+0000] {logging_mixin.py:190} INFO - [2024-09-22T23:39:29.739+0000] {dag.py:3229} INFO - Sync 1 DAGs
[2024-09-22T23:39:29.783+0000] {logging_mixin.py:190} INFO - [2024-09-22T23:39:29.782+0000] {dag.py:4156} INFO - Setting next_dagrun for example_sla_dag to 2024-09-22 23:36:00+00:00, run_after=2024-09-22 23:38:00+00:00
[2024-09-22T23:39:29.810+0000] {processor.py:208} INFO - Processing /home/airflow/.local/lib/python3.12/site-packages/airflow/example_dags/example_sla_dag.py took 0.134 seconds
[2024-09-22T23:40:00.266+0000] {processor.py:186} INFO - Started process (PID=1773) to work on /home/airflow/.local/lib/python3.12/site-packages/airflow/example_dags/example_sla_dag.py
[2024-09-22T23:40:00.267+0000] {processor.py:914} INFO - Processing file /home/airflow/.local/lib/python3.12/site-packages/airflow/example_dags/example_sla_dag.py for tasks to queue
[2024-09-22T23:40:00.271+0000] {logging_mixin.py:190} INFO - [2024-09-22T23:40:00.270+0000] {dagbag.py:587} INFO - Filling up the DagBag from /home/airflow/.local/lib/python3.12/site-packages/airflow/example_dags/example_sla_dag.py
[2024-09-22T23:40:00.293+0000] {processor.py:925} INFO - DAG(s) 'example_sla_dag' retrieved from /home/airflow/.local/lib/python3.12/site-packages/airflow/example_dags/example_sla_dag.py
[2024-09-22T23:40:00.320+0000] {logging_mixin.py:190} INFO - [2024-09-22T23:40:00.319+0000] {dag.py:3229} INFO - Sync 1 DAGs
[2024-09-22T23:40:00.354+0000] {logging_mixin.py:190} INFO - [2024-09-22T23:40:00.353+0000] {dag.py:4156} INFO - Setting next_dagrun for example_sla_dag to 2024-09-22 23:38:00+00:00, run_after=2024-09-22 23:40:00+00:00
[2024-09-22T23:40:00.379+0000] {processor.py:208} INFO - Processing /home/airflow/.local/lib/python3.12/site-packages/airflow/example_dags/example_sla_dag.py took 0.123 seconds
[2024-09-22T23:40:32.697+0000] {processor.py:186} INFO - Started process (PID=1842) to work on /home/airflow/.local/lib/python3.12/site-packages/airflow/example_dags/example_sla_dag.py
[2024-09-22T23:40:32.699+0000] {processor.py:914} INFO - Processing file /home/airflow/.local/lib/python3.12/site-packages/airflow/example_dags/example_sla_dag.py for tasks to queue
[2024-09-22T23:40:32.703+0000] {logging_mixin.py:190} INFO - [2024-09-22T23:40:32.702+0000] {dagbag.py:587} INFO - Filling up the DagBag from /home/airflow/.local/lib/python3.12/site-packages/airflow/example_dags/example_sla_dag.py
[2024-09-22T23:40:32.722+0000] {processor.py:925} INFO - DAG(s) 'example_sla_dag' retrieved from /home/airflow/.local/lib/python3.12/site-packages/airflow/example_dags/example_sla_dag.py
[2024-09-22T23:40:32.749+0000] {logging_mixin.py:190} INFO - [2024-09-22T23:40:32.748+0000] {dag.py:3229} INFO - Sync 1 DAGs
[2024-09-22T23:40:33.070+0000] {logging_mixin.py:190} INFO - [2024-09-22T23:40:33.070+0000] {dag.py:4156} INFO - Setting next_dagrun for example_sla_dag to 2024-09-22 23:38:00+00:00, run_after=2024-09-22 23:40:00+00:00
[2024-09-22T23:40:33.093+0000] {processor.py:208} INFO - Processing /home/airflow/.local/lib/python3.12/site-packages/airflow/example_dags/example_sla_dag.py took 0.406 seconds
[2024-09-22T23:41:03.466+0000] {processor.py:186} INFO - Started process (PID=1905) to work on /home/airflow/.local/lib/python3.12/site-packages/airflow/example_dags/example_sla_dag.py
[2024-09-22T23:41:03.467+0000] {processor.py:914} INFO - Processing file /home/airflow/.local/lib/python3.12/site-packages/airflow/example_dags/example_sla_dag.py for tasks to queue
[2024-09-22T23:41:03.473+0000] {logging_mixin.py:190} INFO - [2024-09-22T23:41:03.472+0000] {dagbag.py:587} INFO - Filling up the DagBag from /home/airflow/.local/lib/python3.12/site-packages/airflow/example_dags/example_sla_dag.py
[2024-09-22T23:41:03.501+0000] {processor.py:925} INFO - DAG(s) 'example_sla_dag' retrieved from /home/airflow/.local/lib/python3.12/site-packages/airflow/example_dags/example_sla_dag.py
[2024-09-22T23:41:03.538+0000] {logging_mixin.py:190} INFO - [2024-09-22T23:41:03.537+0000] {dag.py:3229} INFO - Sync 1 DAGs
[2024-09-22T23:41:03.586+0000] {logging_mixin.py:190} INFO - [2024-09-22T23:41:03.585+0000] {dag.py:4156} INFO - Setting next_dagrun for example_sla_dag to 2024-09-22 23:38:00+00:00, run_after=2024-09-22 23:40:00+00:00
[2024-09-22T23:41:03.618+0000] {processor.py:208} INFO - Processing /home/airflow/.local/lib/python3.12/site-packages/airflow/example_dags/example_sla_dag.py took 0.165 seconds
[2024-09-22T23:41:33.673+0000] {processor.py:186} INFO - Started process (PID=1967) to work on /home/airflow/.local/lib/python3.12/site-packages/airflow/example_dags/example_sla_dag.py
[2024-09-22T23:41:33.675+0000] {processor.py:914} INFO - Processing file /home/airflow/.local/lib/python3.12/site-packages/airflow/example_dags/example_sla_dag.py for tasks to queue
[2024-09-22T23:41:33.678+0000] {logging_mixin.py:190} INFO - [2024-09-22T23:41:33.678+0000] {dagbag.py:587} INFO - Filling up the DagBag from /home/airflow/.local/lib/python3.12/site-packages/airflow/example_dags/example_sla_dag.py
[2024-09-22T23:41:33.697+0000] {processor.py:925} INFO - DAG(s) 'example_sla_dag' retrieved from /home/airflow/.local/lib/python3.12/site-packages/airflow/example_dags/example_sla_dag.py
[2024-09-22T23:41:33.725+0000] {logging_mixin.py:190} INFO - [2024-09-22T23:41:33.725+0000] {dag.py:3229} INFO - Sync 1 DAGs
[2024-09-22T23:41:33.762+0000] {logging_mixin.py:190} INFO - [2024-09-22T23:41:33.761+0000] {dag.py:4156} INFO - Setting next_dagrun for example_sla_dag to 2024-09-22 23:38:00+00:00, run_after=2024-09-22 23:40:00+00:00
[2024-09-22T23:41:33.785+0000] {processor.py:208} INFO - Processing /home/airflow/.local/lib/python3.12/site-packages/airflow/example_dags/example_sla_dag.py took 0.120 seconds
[2024-09-22T23:42:06.033+0000] {processor.py:186} INFO - Started process (PID=2029) to work on /home/airflow/.local/lib/python3.12/site-packages/airflow/example_dags/example_sla_dag.py
[2024-09-22T23:42:06.035+0000] {processor.py:914} INFO - Processing file /home/airflow/.local/lib/python3.12/site-packages/airflow/example_dags/example_sla_dag.py for tasks to queue
[2024-09-22T23:42:06.363+0000] {logging_mixin.py:190} INFO - [2024-09-22T23:42:06.362+0000] {dagbag.py:587} INFO - Filling up the DagBag from /home/airflow/.local/lib/python3.12/site-packages/airflow/example_dags/example_sla_dag.py
[2024-09-22T23:42:06.379+0000] {processor.py:925} INFO - DAG(s) 'example_sla_dag' retrieved from /home/airflow/.local/lib/python3.12/site-packages/airflow/example_dags/example_sla_dag.py
[2024-09-22T23:42:06.402+0000] {logging_mixin.py:190} INFO - [2024-09-22T23:42:06.401+0000] {dag.py:3229} INFO - Sync 1 DAGs
[2024-09-22T23:42:06.434+0000] {logging_mixin.py:190} INFO - [2024-09-22T23:42:06.433+0000] {dag.py:4156} INFO - Setting next_dagrun for example_sla_dag to 2024-09-22 23:40:00+00:00, run_after=2024-09-22 23:42:00+00:00
[2024-09-22T23:42:06.457+0000] {processor.py:208} INFO - Processing /home/airflow/.local/lib/python3.12/site-packages/airflow/example_dags/example_sla_dag.py took 0.433 seconds
[2024-09-22T23:42:37.391+0000] {processor.py:186} INFO - Started process (PID=2092) to work on /home/airflow/.local/lib/python3.12/site-packages/airflow/example_dags/example_sla_dag.py
[2024-09-22T23:42:37.392+0000] {processor.py:914} INFO - Processing file /home/airflow/.local/lib/python3.12/site-packages/airflow/example_dags/example_sla_dag.py for tasks to queue
[2024-09-22T23:42:37.396+0000] {logging_mixin.py:190} INFO - [2024-09-22T23:42:37.395+0000] {dagbag.py:587} INFO - Filling up the DagBag from /home/airflow/.local/lib/python3.12/site-packages/airflow/example_dags/example_sla_dag.py
[2024-09-22T23:42:37.415+0000] {processor.py:925} INFO - DAG(s) 'example_sla_dag' retrieved from /home/airflow/.local/lib/python3.12/site-packages/airflow/example_dags/example_sla_dag.py
[2024-09-22T23:42:37.446+0000] {logging_mixin.py:190} INFO - [2024-09-22T23:42:37.445+0000] {dag.py:3229} INFO - Sync 1 DAGs
[2024-09-22T23:42:37.484+0000] {logging_mixin.py:190} INFO - [2024-09-22T23:42:37.484+0000] {dag.py:4156} INFO - Setting next_dagrun for example_sla_dag to 2024-09-22 23:40:00+00:00, run_after=2024-09-22 23:42:00+00:00
[2024-09-22T23:42:37.507+0000] {processor.py:208} INFO - Processing /home/airflow/.local/lib/python3.12/site-packages/airflow/example_dags/example_sla_dag.py took 0.125 seconds
[2024-09-22T23:43:08.015+0000] {processor.py:186} INFO - Started process (PID=2156) to work on /home/airflow/.local/lib/python3.12/site-packages/airflow/example_dags/example_sla_dag.py
[2024-09-22T23:43:08.019+0000] {processor.py:914} INFO - Processing file /home/airflow/.local/lib/python3.12/site-packages/airflow/example_dags/example_sla_dag.py for tasks to queue
[2024-09-22T23:43:08.028+0000] {logging_mixin.py:190} INFO - [2024-09-22T23:43:08.026+0000] {dagbag.py:587} INFO - Filling up the DagBag from /home/airflow/.local/lib/python3.12/site-packages/airflow/example_dags/example_sla_dag.py
[2024-09-22T23:43:08.073+0000] {processor.py:925} INFO - DAG(s) 'example_sla_dag' retrieved from /home/airflow/.local/lib/python3.12/site-packages/airflow/example_dags/example_sla_dag.py
[2024-09-22T23:43:08.129+0000] {logging_mixin.py:190} INFO - [2024-09-22T23:43:08.128+0000] {dag.py:3229} INFO - Sync 1 DAGs
[2024-09-22T23:43:08.189+0000] {logging_mixin.py:190} INFO - [2024-09-22T23:43:08.189+0000] {dag.py:4156} INFO - Setting next_dagrun for example_sla_dag to 2024-09-22 23:40:00+00:00, run_after=2024-09-22 23:42:00+00:00
[2024-09-22T23:43:08.230+0000] {processor.py:208} INFO - Processing /home/airflow/.local/lib/python3.12/site-packages/airflow/example_dags/example_sla_dag.py took 0.236 seconds
[2024-09-22T23:43:38.865+0000] {processor.py:186} INFO - Started process (PID=2218) to work on /home/airflow/.local/lib/python3.12/site-packages/airflow/example_dags/example_sla_dag.py
[2024-09-22T23:43:38.867+0000] {processor.py:914} INFO - Processing file /home/airflow/.local/lib/python3.12/site-packages/airflow/example_dags/example_sla_dag.py for tasks to queue
[2024-09-22T23:43:38.872+0000] {logging_mixin.py:190} INFO - [2024-09-22T23:43:38.871+0000] {dagbag.py:587} INFO - Filling up the DagBag from /home/airflow/.local/lib/python3.12/site-packages/airflow/example_dags/example_sla_dag.py
[2024-09-22T23:43:38.901+0000] {processor.py:925} INFO - DAG(s) 'example_sla_dag' retrieved from /home/airflow/.local/lib/python3.12/site-packages/airflow/example_dags/example_sla_dag.py
[2024-09-22T23:43:38.935+0000] {logging_mixin.py:190} INFO - [2024-09-22T23:43:38.935+0000] {dag.py:3229} INFO - Sync 1 DAGs
[2024-09-22T23:43:38.987+0000] {logging_mixin.py:190} INFO - [2024-09-22T23:43:38.986+0000] {dag.py:4156} INFO - Setting next_dagrun for example_sla_dag to 2024-09-22 23:40:00+00:00, run_after=2024-09-22 23:42:00+00:00
[2024-09-22T23:43:39.020+0000] {processor.py:208} INFO - Processing /home/airflow/.local/lib/python3.12/site-packages/airflow/example_dags/example_sla_dag.py took 0.168 seconds
[2024-09-22T23:44:09.149+0000] {processor.py:186} INFO - Started process (PID=2281) to work on /home/airflow/.local/lib/python3.12/site-packages/airflow/example_dags/example_sla_dag.py
[2024-09-22T23:44:09.151+0000] {processor.py:914} INFO - Processing file /home/airflow/.local/lib/python3.12/site-packages/airflow/example_dags/example_sla_dag.py for tasks to queue
[2024-09-22T23:44:09.154+0000] {logging_mixin.py:190} INFO - [2024-09-22T23:44:09.154+0000] {dagbag.py:587} INFO - Filling up the DagBag from /home/airflow/.local/lib/python3.12/site-packages/airflow/example_dags/example_sla_dag.py
[2024-09-22T23:44:09.178+0000] {processor.py:925} INFO - DAG(s) 'example_sla_dag' retrieved from /home/airflow/.local/lib/python3.12/site-packages/airflow/example_dags/example_sla_dag.py
[2024-09-22T23:44:09.210+0000] {logging_mixin.py:190} INFO - [2024-09-22T23:44:09.210+0000] {dag.py:3229} INFO - Sync 1 DAGs
[2024-09-22T23:44:09.250+0000] {logging_mixin.py:190} INFO - [2024-09-22T23:44:09.249+0000] {dag.py:4156} INFO - Setting next_dagrun for example_sla_dag to 2024-09-22 23:42:00+00:00, run_after=2024-09-22 23:44:00+00:00
[2024-09-22T23:44:09.275+0000] {processor.py:208} INFO - Processing /home/airflow/.local/lib/python3.12/site-packages/airflow/example_dags/example_sla_dag.py took 0.135 seconds
[2024-09-22T23:46:53.619+0000] {processor.py:186} INFO - Started process (PID=84) to work on /home/airflow/.local/lib/python3.12/site-packages/airflow/example_dags/example_sla_dag.py
[2024-09-22T23:46:53.622+0000] {processor.py:914} INFO - Processing file /home/airflow/.local/lib/python3.12/site-packages/airflow/example_dags/example_sla_dag.py for tasks to queue
[2024-09-22T23:46:53.628+0000] {logging_mixin.py:190} INFO - [2024-09-22T23:46:53.626+0000] {dagbag.py:587} INFO - Filling up the DagBag from /home/airflow/.local/lib/python3.12/site-packages/airflow/example_dags/example_sla_dag.py
[2024-09-22T23:46:53.657+0000] {processor.py:925} INFO - DAG(s) 'example_sla_dag' retrieved from /home/airflow/.local/lib/python3.12/site-packages/airflow/example_dags/example_sla_dag.py
[2024-09-22T23:46:53.706+0000] {logging_mixin.py:190} INFO - [2024-09-22T23:46:53.706+0000] {dag.py:3229} INFO - Sync 1 DAGs
[2024-09-22T23:46:53.758+0000] {logging_mixin.py:190} INFO - [2024-09-22T23:46:53.758+0000] {dag.py:4156} INFO - Setting next_dagrun for example_sla_dag to 2024-09-22 23:44:00+00:00, run_after=2024-09-22 23:46:00+00:00
[2024-09-22T23:46:53.790+0000] {processor.py:208} INFO - Processing /home/airflow/.local/lib/python3.12/site-packages/airflow/example_dags/example_sla_dag.py took 0.184 seconds
[2024-09-22T23:47:23.997+0000] {processor.py:186} INFO - Started process (PID=146) to work on /home/airflow/.local/lib/python3.12/site-packages/airflow/example_dags/example_sla_dag.py
[2024-09-22T23:47:23.998+0000] {processor.py:914} INFO - Processing file /home/airflow/.local/lib/python3.12/site-packages/airflow/example_dags/example_sla_dag.py for tasks to queue
[2024-09-22T23:47:24.003+0000] {logging_mixin.py:190} INFO - [2024-09-22T23:47:24.002+0000] {dagbag.py:587} INFO - Filling up the DagBag from /home/airflow/.local/lib/python3.12/site-packages/airflow/example_dags/example_sla_dag.py
[2024-09-22T23:47:24.026+0000] {processor.py:925} INFO - DAG(s) 'example_sla_dag' retrieved from /home/airflow/.local/lib/python3.12/site-packages/airflow/example_dags/example_sla_dag.py
[2024-09-22T23:47:24.059+0000] {logging_mixin.py:190} INFO - [2024-09-22T23:47:24.059+0000] {dag.py:3229} INFO - Sync 1 DAGs
[2024-09-22T23:47:24.106+0000] {logging_mixin.py:190} INFO - [2024-09-22T23:47:24.106+0000] {dag.py:4156} INFO - Setting next_dagrun for example_sla_dag to 2024-09-22 23:44:00+00:00, run_after=2024-09-22 23:46:00+00:00
[2024-09-22T23:47:24.139+0000] {processor.py:208} INFO - Processing /home/airflow/.local/lib/python3.12/site-packages/airflow/example_dags/example_sla_dag.py took 0.153 seconds
[2024-09-22T23:47:54.835+0000] {processor.py:186} INFO - Started process (PID=209) to work on /home/airflow/.local/lib/python3.12/site-packages/airflow/example_dags/example_sla_dag.py
[2024-09-22T23:47:54.840+0000] {processor.py:914} INFO - Processing file /home/airflow/.local/lib/python3.12/site-packages/airflow/example_dags/example_sla_dag.py for tasks to queue
[2024-09-22T23:47:54.844+0000] {logging_mixin.py:190} INFO - [2024-09-22T23:47:54.844+0000] {dagbag.py:587} INFO - Filling up the DagBag from /home/airflow/.local/lib/python3.12/site-packages/airflow/example_dags/example_sla_dag.py
[2024-09-22T23:47:54.867+0000] {processor.py:925} INFO - DAG(s) 'example_sla_dag' retrieved from /home/airflow/.local/lib/python3.12/site-packages/airflow/example_dags/example_sla_dag.py
[2024-09-22T23:47:54.899+0000] {logging_mixin.py:190} INFO - [2024-09-22T23:47:54.898+0000] {dag.py:3229} INFO - Sync 1 DAGs
[2024-09-22T23:47:54.943+0000] {logging_mixin.py:190} INFO - [2024-09-22T23:47:54.943+0000] {dag.py:4156} INFO - Setting next_dagrun for example_sla_dag to 2024-09-22 23:44:00+00:00, run_after=2024-09-22 23:46:00+00:00
[2024-09-22T23:47:54.968+0000] {processor.py:208} INFO - Processing /home/airflow/.local/lib/python3.12/site-packages/airflow/example_dags/example_sla_dag.py took 0.142 seconds
[2024-09-22T23:48:25.345+0000] {processor.py:186} INFO - Started process (PID=272) to work on /home/airflow/.local/lib/python3.12/site-packages/airflow/example_dags/example_sla_dag.py
[2024-09-22T23:48:25.346+0000] {processor.py:914} INFO - Processing file /home/airflow/.local/lib/python3.12/site-packages/airflow/example_dags/example_sla_dag.py for tasks to queue
[2024-09-22T23:48:25.351+0000] {logging_mixin.py:190} INFO - [2024-09-22T23:48:25.350+0000] {dagbag.py:587} INFO - Filling up the DagBag from /home/airflow/.local/lib/python3.12/site-packages/airflow/example_dags/example_sla_dag.py
[2024-09-22T23:48:25.370+0000] {processor.py:925} INFO - DAG(s) 'example_sla_dag' retrieved from /home/airflow/.local/lib/python3.12/site-packages/airflow/example_dags/example_sla_dag.py
[2024-09-22T23:48:25.401+0000] {logging_mixin.py:190} INFO - [2024-09-22T23:48:25.400+0000] {dag.py:3229} INFO - Sync 1 DAGs
[2024-09-22T23:48:25.439+0000] {logging_mixin.py:190} INFO - [2024-09-22T23:48:25.439+0000] {dag.py:4156} INFO - Setting next_dagrun for example_sla_dag to 2024-09-22 23:46:00+00:00, run_after=2024-09-22 23:48:00+00:00
[2024-09-22T23:48:25.471+0000] {processor.py:208} INFO - Processing /home/airflow/.local/lib/python3.12/site-packages/airflow/example_dags/example_sla_dag.py took 0.136 seconds
[2024-09-22T23:48:56.088+0000] {processor.py:186} INFO - Started process (PID=335) to work on /home/airflow/.local/lib/python3.12/site-packages/airflow/example_dags/example_sla_dag.py
[2024-09-22T23:48:56.090+0000] {processor.py:914} INFO - Processing file /home/airflow/.local/lib/python3.12/site-packages/airflow/example_dags/example_sla_dag.py for tasks to queue
[2024-09-22T23:48:56.094+0000] {logging_mixin.py:190} INFO - [2024-09-22T23:48:56.094+0000] {dagbag.py:587} INFO - Filling up the DagBag from /home/airflow/.local/lib/python3.12/site-packages/airflow/example_dags/example_sla_dag.py
[2024-09-22T23:48:56.115+0000] {processor.py:925} INFO - DAG(s) 'example_sla_dag' retrieved from /home/airflow/.local/lib/python3.12/site-packages/airflow/example_dags/example_sla_dag.py
[2024-09-22T23:48:56.145+0000] {logging_mixin.py:190} INFO - [2024-09-22T23:48:56.144+0000] {dag.py:3229} INFO - Sync 1 DAGs
[2024-09-22T23:48:56.187+0000] {logging_mixin.py:190} INFO - [2024-09-22T23:48:56.187+0000] {dag.py:4156} INFO - Setting next_dagrun for example_sla_dag to 2024-09-22 23:46:00+00:00, run_after=2024-09-22 23:48:00+00:00
[2024-09-22T23:48:56.214+0000] {processor.py:208} INFO - Processing /home/airflow/.local/lib/python3.12/site-packages/airflow/example_dags/example_sla_dag.py took 0.136 seconds
[2024-09-22T23:49:26.889+0000] {processor.py:186} INFO - Started process (PID=398) to work on /home/airflow/.local/lib/python3.12/site-packages/airflow/example_dags/example_sla_dag.py
[2024-09-22T23:49:26.891+0000] {processor.py:914} INFO - Processing file /home/airflow/.local/lib/python3.12/site-packages/airflow/example_dags/example_sla_dag.py for tasks to queue
[2024-09-22T23:49:26.895+0000] {logging_mixin.py:190} INFO - [2024-09-22T23:49:26.895+0000] {dagbag.py:587} INFO - Filling up the DagBag from /home/airflow/.local/lib/python3.12/site-packages/airflow/example_dags/example_sla_dag.py
[2024-09-22T23:49:26.917+0000] {processor.py:925} INFO - DAG(s) 'example_sla_dag' retrieved from /home/airflow/.local/lib/python3.12/site-packages/airflow/example_dags/example_sla_dag.py
[2024-09-22T23:49:26.946+0000] {logging_mixin.py:190} INFO - [2024-09-22T23:49:26.946+0000] {dag.py:3229} INFO - Sync 1 DAGs
[2024-09-22T23:49:26.987+0000] {logging_mixin.py:190} INFO - [2024-09-22T23:49:26.986+0000] {dag.py:4156} INFO - Setting next_dagrun for example_sla_dag to 2024-09-22 23:46:00+00:00, run_after=2024-09-22 23:48:00+00:00
[2024-09-22T23:49:27.017+0000] {processor.py:208} INFO - Processing /home/airflow/.local/lib/python3.12/site-packages/airflow/example_dags/example_sla_dag.py took 0.138 seconds
[2024-09-22T23:49:57.426+0000] {processor.py:186} INFO - Started process (PID=461) to work on /home/airflow/.local/lib/python3.12/site-packages/airflow/example_dags/example_sla_dag.py
[2024-09-22T23:49:57.428+0000] {processor.py:914} INFO - Processing file /home/airflow/.local/lib/python3.12/site-packages/airflow/example_dags/example_sla_dag.py for tasks to queue
[2024-09-22T23:49:57.432+0000] {logging_mixin.py:190} INFO - [2024-09-22T23:49:57.432+0000] {dagbag.py:587} INFO - Filling up the DagBag from /home/airflow/.local/lib/python3.12/site-packages/airflow/example_dags/example_sla_dag.py
[2024-09-22T23:49:57.452+0000] {processor.py:925} INFO - DAG(s) 'example_sla_dag' retrieved from /home/airflow/.local/lib/python3.12/site-packages/airflow/example_dags/example_sla_dag.py
[2024-09-22T23:49:57.482+0000] {logging_mixin.py:190} INFO - [2024-09-22T23:49:57.482+0000] {dag.py:3229} INFO - Sync 1 DAGs
[2024-09-22T23:49:57.519+0000] {logging_mixin.py:190} INFO - [2024-09-22T23:49:57.519+0000] {dag.py:4156} INFO - Setting next_dagrun for example_sla_dag to 2024-09-22 23:46:00+00:00, run_after=2024-09-22 23:48:00+00:00
[2024-09-22T23:49:57.544+0000] {processor.py:208} INFO - Processing /home/airflow/.local/lib/python3.12/site-packages/airflow/example_dags/example_sla_dag.py took 0.130 seconds
[2024-09-22T23:50:27.761+0000] {processor.py:186} INFO - Started process (PID=524) to work on /home/airflow/.local/lib/python3.12/site-packages/airflow/example_dags/example_sla_dag.py
[2024-09-22T23:50:27.764+0000] {processor.py:914} INFO - Processing file /home/airflow/.local/lib/python3.12/site-packages/airflow/example_dags/example_sla_dag.py for tasks to queue
[2024-09-22T23:50:27.768+0000] {logging_mixin.py:190} INFO - [2024-09-22T23:50:27.767+0000] {dagbag.py:587} INFO - Filling up the DagBag from /home/airflow/.local/lib/python3.12/site-packages/airflow/example_dags/example_sla_dag.py
[2024-09-22T23:50:27.792+0000] {processor.py:925} INFO - DAG(s) 'example_sla_dag' retrieved from /home/airflow/.local/lib/python3.12/site-packages/airflow/example_dags/example_sla_dag.py
[2024-09-22T23:50:27.828+0000] {logging_mixin.py:190} INFO - [2024-09-22T23:50:27.827+0000] {dag.py:3229} INFO - Sync 1 DAGs
[2024-09-22T23:50:27.870+0000] {logging_mixin.py:190} INFO - [2024-09-22T23:50:27.870+0000] {dag.py:4156} INFO - Setting next_dagrun for example_sla_dag to 2024-09-22 23:48:00+00:00, run_after=2024-09-22 23:50:00+00:00
[2024-09-22T23:50:27.899+0000] {processor.py:208} INFO - Processing /home/airflow/.local/lib/python3.12/site-packages/airflow/example_dags/example_sla_dag.py took 0.148 seconds
[2024-09-22T23:50:58.254+0000] {processor.py:186} INFO - Started process (PID=587) to work on /home/airflow/.local/lib/python3.12/site-packages/airflow/example_dags/example_sla_dag.py
[2024-09-22T23:50:58.256+0000] {processor.py:914} INFO - Processing file /home/airflow/.local/lib/python3.12/site-packages/airflow/example_dags/example_sla_dag.py for tasks to queue
[2024-09-22T23:50:58.260+0000] {logging_mixin.py:190} INFO - [2024-09-22T23:50:58.260+0000] {dagbag.py:587} INFO - Filling up the DagBag from /home/airflow/.local/lib/python3.12/site-packages/airflow/example_dags/example_sla_dag.py
[2024-09-22T23:50:58.285+0000] {processor.py:925} INFO - DAG(s) 'example_sla_dag' retrieved from /home/airflow/.local/lib/python3.12/site-packages/airflow/example_dags/example_sla_dag.py
[2024-09-22T23:50:58.315+0000] {logging_mixin.py:190} INFO - [2024-09-22T23:50:58.315+0000] {dag.py:3229} INFO - Sync 1 DAGs
[2024-09-22T23:50:58.354+0000] {logging_mixin.py:190} INFO - [2024-09-22T23:50:58.354+0000] {dag.py:4156} INFO - Setting next_dagrun for example_sla_dag to 2024-09-22 23:48:00+00:00, run_after=2024-09-22 23:50:00+00:00
[2024-09-22T23:50:58.379+0000] {processor.py:208} INFO - Processing /home/airflow/.local/lib/python3.12/site-packages/airflow/example_dags/example_sla_dag.py took 0.133 seconds
[2024-09-22T23:51:28.731+0000] {processor.py:186} INFO - Started process (PID=651) to work on /home/airflow/.local/lib/python3.12/site-packages/airflow/example_dags/example_sla_dag.py
[2024-09-22T23:51:28.734+0000] {processor.py:914} INFO - Processing file /home/airflow/.local/lib/python3.12/site-packages/airflow/example_dags/example_sla_dag.py for tasks to queue
[2024-09-22T23:51:28.739+0000] {logging_mixin.py:190} INFO - [2024-09-22T23:51:28.738+0000] {dagbag.py:587} INFO - Filling up the DagBag from /home/airflow/.local/lib/python3.12/site-packages/airflow/example_dags/example_sla_dag.py
[2024-09-22T23:51:28.761+0000] {processor.py:925} INFO - DAG(s) 'example_sla_dag' retrieved from /home/airflow/.local/lib/python3.12/site-packages/airflow/example_dags/example_sla_dag.py
[2024-09-22T23:51:28.792+0000] {logging_mixin.py:190} INFO - [2024-09-22T23:51:28.791+0000] {dag.py:3229} INFO - Sync 1 DAGs
[2024-09-22T23:51:28.832+0000] {logging_mixin.py:190} INFO - [2024-09-22T23:51:28.832+0000] {dag.py:4156} INFO - Setting next_dagrun for example_sla_dag to 2024-09-22 23:48:00+00:00, run_after=2024-09-22 23:50:00+00:00
[2024-09-22T23:51:28.857+0000] {processor.py:208} INFO - Processing /home/airflow/.local/lib/python3.12/site-packages/airflow/example_dags/example_sla_dag.py took 0.135 seconds
[2024-09-22T23:51:59.376+0000] {processor.py:186} INFO - Started process (PID=715) to work on /home/airflow/.local/lib/python3.12/site-packages/airflow/example_dags/example_sla_dag.py
[2024-09-22T23:51:59.378+0000] {processor.py:914} INFO - Processing file /home/airflow/.local/lib/python3.12/site-packages/airflow/example_dags/example_sla_dag.py for tasks to queue
[2024-09-22T23:51:59.382+0000] {logging_mixin.py:190} INFO - [2024-09-22T23:51:59.381+0000] {dagbag.py:587} INFO - Filling up the DagBag from /home/airflow/.local/lib/python3.12/site-packages/airflow/example_dags/example_sla_dag.py
[2024-09-22T23:51:59.403+0000] {processor.py:925} INFO - DAG(s) 'example_sla_dag' retrieved from /home/airflow/.local/lib/python3.12/site-packages/airflow/example_dags/example_sla_dag.py
[2024-09-22T23:51:59.435+0000] {logging_mixin.py:190} INFO - [2024-09-22T23:51:59.435+0000] {dag.py:3229} INFO - Sync 1 DAGs
[2024-09-22T23:51:59.474+0000] {logging_mixin.py:190} INFO - [2024-09-22T23:51:59.473+0000] {dag.py:4156} INFO - Setting next_dagrun for example_sla_dag to 2024-09-22 23:48:00+00:00, run_after=2024-09-22 23:50:00+00:00
[2024-09-22T23:51:59.499+0000] {processor.py:208} INFO - Processing /home/airflow/.local/lib/python3.12/site-packages/airflow/example_dags/example_sla_dag.py took 0.137 seconds
[2024-09-22T23:52:29.673+0000] {processor.py:186} INFO - Started process (PID=778) to work on /home/airflow/.local/lib/python3.12/site-packages/airflow/example_dags/example_sla_dag.py
[2024-09-22T23:52:29.676+0000] {processor.py:914} INFO - Processing file /home/airflow/.local/lib/python3.12/site-packages/airflow/example_dags/example_sla_dag.py for tasks to queue
[2024-09-22T23:52:29.681+0000] {logging_mixin.py:190} INFO - [2024-09-22T23:52:29.681+0000] {dagbag.py:587} INFO - Filling up the DagBag from /home/airflow/.local/lib/python3.12/site-packages/airflow/example_dags/example_sla_dag.py
[2024-09-22T23:52:29.702+0000] {processor.py:925} INFO - DAG(s) 'example_sla_dag' retrieved from /home/airflow/.local/lib/python3.12/site-packages/airflow/example_dags/example_sla_dag.py
[2024-09-22T23:52:29.740+0000] {logging_mixin.py:190} INFO - [2024-09-22T23:52:29.739+0000] {dag.py:3229} INFO - Sync 1 DAGs
[2024-09-22T23:52:29.778+0000] {logging_mixin.py:190} INFO - [2024-09-22T23:52:29.778+0000] {dag.py:4156} INFO - Setting next_dagrun for example_sla_dag to 2024-09-22 23:50:00+00:00, run_after=2024-09-22 23:52:00+00:00
[2024-09-22T23:52:29.806+0000] {processor.py:208} INFO - Processing /home/airflow/.local/lib/python3.12/site-packages/airflow/example_dags/example_sla_dag.py took 0.144 seconds
[2024-09-22T23:52:59.908+0000] {processor.py:186} INFO - Started process (PID=841) to work on /home/airflow/.local/lib/python3.12/site-packages/airflow/example_dags/example_sla_dag.py
[2024-09-22T23:52:59.910+0000] {processor.py:914} INFO - Processing file /home/airflow/.local/lib/python3.12/site-packages/airflow/example_dags/example_sla_dag.py for tasks to queue
[2024-09-22T23:52:59.914+0000] {logging_mixin.py:190} INFO - [2024-09-22T23:52:59.914+0000] {dagbag.py:587} INFO - Filling up the DagBag from /home/airflow/.local/lib/python3.12/site-packages/airflow/example_dags/example_sla_dag.py
[2024-09-22T23:52:59.935+0000] {processor.py:925} INFO - DAG(s) 'example_sla_dag' retrieved from /home/airflow/.local/lib/python3.12/site-packages/airflow/example_dags/example_sla_dag.py
[2024-09-22T23:52:59.968+0000] {logging_mixin.py:190} INFO - [2024-09-22T23:52:59.967+0000] {dag.py:3229} INFO - Sync 1 DAGs
[2024-09-22T23:53:00.015+0000] {logging_mixin.py:190} INFO - [2024-09-22T23:53:00.014+0000] {dag.py:4156} INFO - Setting next_dagrun for example_sla_dag to 2024-09-22 23:50:00+00:00, run_after=2024-09-22 23:52:00+00:00
[2024-09-22T23:53:00.043+0000] {processor.py:208} INFO - Processing /home/airflow/.local/lib/python3.12/site-packages/airflow/example_dags/example_sla_dag.py took 0.145 seconds
[2024-09-22T23:53:32.075+0000] {processor.py:186} INFO - Started process (PID=903) to work on /home/airflow/.local/lib/python3.12/site-packages/airflow/example_dags/example_sla_dag.py
[2024-09-22T23:53:32.078+0000] {processor.py:914} INFO - Processing file /home/airflow/.local/lib/python3.12/site-packages/airflow/example_dags/example_sla_dag.py for tasks to queue
[2024-09-22T23:53:32.089+0000] {logging_mixin.py:190} INFO - [2024-09-22T23:53:32.087+0000] {dagbag.py:587} INFO - Filling up the DagBag from /home/airflow/.local/lib/python3.12/site-packages/airflow/example_dags/example_sla_dag.py
[2024-09-22T23:53:32.129+0000] {processor.py:925} INFO - DAG(s) 'example_sla_dag' retrieved from /home/airflow/.local/lib/python3.12/site-packages/airflow/example_dags/example_sla_dag.py
[2024-09-22T23:53:32.280+0000] {logging_mixin.py:190} INFO - [2024-09-22T23:53:32.278+0000] {dag.py:3229} INFO - Sync 1 DAGs
[2024-09-22T23:53:32.421+0000] {logging_mixin.py:190} INFO - [2024-09-22T23:53:32.421+0000] {dag.py:4156} INFO - Setting next_dagrun for example_sla_dag to 2024-09-22 23:50:00+00:00, run_after=2024-09-22 23:52:00+00:00
[2024-09-22T23:53:32.481+0000] {processor.py:208} INFO - Processing /home/airflow/.local/lib/python3.12/site-packages/airflow/example_dags/example_sla_dag.py took 0.444 seconds
[2024-09-22T23:54:02.886+0000] {processor.py:186} INFO - Started process (PID=966) to work on /home/airflow/.local/lib/python3.12/site-packages/airflow/example_dags/example_sla_dag.py
[2024-09-22T23:54:02.888+0000] {processor.py:914} INFO - Processing file /home/airflow/.local/lib/python3.12/site-packages/airflow/example_dags/example_sla_dag.py for tasks to queue
[2024-09-22T23:54:02.893+0000] {logging_mixin.py:190} INFO - [2024-09-22T23:54:02.892+0000] {dagbag.py:587} INFO - Filling up the DagBag from /home/airflow/.local/lib/python3.12/site-packages/airflow/example_dags/example_sla_dag.py
[2024-09-22T23:54:02.917+0000] {processor.py:925} INFO - DAG(s) 'example_sla_dag' retrieved from /home/airflow/.local/lib/python3.12/site-packages/airflow/example_dags/example_sla_dag.py
[2024-09-22T23:54:02.956+0000] {logging_mixin.py:190} INFO - [2024-09-22T23:54:02.955+0000] {dag.py:3229} INFO - Sync 1 DAGs
[2024-09-22T23:54:03.009+0000] {logging_mixin.py:190} INFO - [2024-09-22T23:54:03.009+0000] {dag.py:4156} INFO - Setting next_dagrun for example_sla_dag to 2024-09-22 23:52:00+00:00, run_after=2024-09-22 23:54:00+00:00
[2024-09-22T23:54:03.046+0000] {processor.py:208} INFO - Processing /home/airflow/.local/lib/python3.12/site-packages/airflow/example_dags/example_sla_dag.py took 0.170 seconds
[2024-09-22T23:54:33.692+0000] {processor.py:186} INFO - Started process (PID=1029) to work on /home/airflow/.local/lib/python3.12/site-packages/airflow/example_dags/example_sla_dag.py
[2024-09-22T23:54:33.694+0000] {processor.py:914} INFO - Processing file /home/airflow/.local/lib/python3.12/site-packages/airflow/example_dags/example_sla_dag.py for tasks to queue
[2024-09-22T23:54:33.698+0000] {logging_mixin.py:190} INFO - [2024-09-22T23:54:33.698+0000] {dagbag.py:587} INFO - Filling up the DagBag from /home/airflow/.local/lib/python3.12/site-packages/airflow/example_dags/example_sla_dag.py
[2024-09-22T23:54:33.719+0000] {processor.py:925} INFO - DAG(s) 'example_sla_dag' retrieved from /home/airflow/.local/lib/python3.12/site-packages/airflow/example_dags/example_sla_dag.py
[2024-09-22T23:54:33.751+0000] {logging_mixin.py:190} INFO - [2024-09-22T23:54:33.750+0000] {dag.py:3229} INFO - Sync 1 DAGs
[2024-09-22T23:54:33.791+0000] {logging_mixin.py:190} INFO - [2024-09-22T23:54:33.791+0000] {dag.py:4156} INFO - Setting next_dagrun for example_sla_dag to 2024-09-22 23:52:00+00:00, run_after=2024-09-22 23:54:00+00:00
[2024-09-22T23:54:33.822+0000] {processor.py:208} INFO - Processing /home/airflow/.local/lib/python3.12/site-packages/airflow/example_dags/example_sla_dag.py took 0.139 seconds
[2024-09-22T23:55:04.696+0000] {processor.py:186} INFO - Started process (PID=1092) to work on /home/airflow/.local/lib/python3.12/site-packages/airflow/example_dags/example_sla_dag.py
[2024-09-22T23:55:04.699+0000] {processor.py:914} INFO - Processing file /home/airflow/.local/lib/python3.12/site-packages/airflow/example_dags/example_sla_dag.py for tasks to queue
[2024-09-22T23:55:04.705+0000] {logging_mixin.py:190} INFO - [2024-09-22T23:55:04.704+0000] {dagbag.py:587} INFO - Filling up the DagBag from /home/airflow/.local/lib/python3.12/site-packages/airflow/example_dags/example_sla_dag.py
[2024-09-22T23:55:04.726+0000] {processor.py:925} INFO - DAG(s) 'example_sla_dag' retrieved from /home/airflow/.local/lib/python3.12/site-packages/airflow/example_dags/example_sla_dag.py
[2024-09-22T23:55:04.762+0000] {logging_mixin.py:190} INFO - [2024-09-22T23:55:04.761+0000] {dag.py:3229} INFO - Sync 1 DAGs
[2024-09-22T23:55:04.806+0000] {logging_mixin.py:190} INFO - [2024-09-22T23:55:04.805+0000] {dag.py:4156} INFO - Setting next_dagrun for example_sla_dag to 2024-09-22 23:52:00+00:00, run_after=2024-09-22 23:54:00+00:00
[2024-09-22T23:55:04.835+0000] {processor.py:208} INFO - Processing /home/airflow/.local/lib/python3.12/site-packages/airflow/example_dags/example_sla_dag.py took 0.151 seconds
[2024-09-22T23:55:35.044+0000] {processor.py:186} INFO - Started process (PID=1154) to work on /home/airflow/.local/lib/python3.12/site-packages/airflow/example_dags/example_sla_dag.py
[2024-09-22T23:55:35.046+0000] {processor.py:914} INFO - Processing file /home/airflow/.local/lib/python3.12/site-packages/airflow/example_dags/example_sla_dag.py for tasks to queue
[2024-09-22T23:55:35.050+0000] {logging_mixin.py:190} INFO - [2024-09-22T23:55:35.050+0000] {dagbag.py:587} INFO - Filling up the DagBag from /home/airflow/.local/lib/python3.12/site-packages/airflow/example_dags/example_sla_dag.py
[2024-09-22T23:55:35.073+0000] {processor.py:925} INFO - DAG(s) 'example_sla_dag' retrieved from /home/airflow/.local/lib/python3.12/site-packages/airflow/example_dags/example_sla_dag.py
[2024-09-22T23:55:35.103+0000] {logging_mixin.py:190} INFO - [2024-09-22T23:55:35.103+0000] {dag.py:3229} INFO - Sync 1 DAGs
[2024-09-22T23:55:35.146+0000] {logging_mixin.py:190} INFO - [2024-09-22T23:55:35.145+0000] {dag.py:4156} INFO - Setting next_dagrun for example_sla_dag to 2024-09-22 23:52:00+00:00, run_after=2024-09-22 23:54:00+00:00
[2024-09-22T23:55:35.173+0000] {processor.py:208} INFO - Processing /home/airflow/.local/lib/python3.12/site-packages/airflow/example_dags/example_sla_dag.py took 0.139 seconds
[2024-09-22T23:58:02.190+0000] {processor.py:186} INFO - Started process (PID=82) to work on /home/airflow/.local/lib/python3.12/site-packages/airflow/example_dags/example_sla_dag.py
[2024-09-22T23:58:02.194+0000] {processor.py:914} INFO - Processing file /home/airflow/.local/lib/python3.12/site-packages/airflow/example_dags/example_sla_dag.py for tasks to queue
[2024-09-22T23:58:02.200+0000] {logging_mixin.py:190} INFO - [2024-09-22T23:58:02.199+0000] {dagbag.py:587} INFO - Filling up the DagBag from /home/airflow/.local/lib/python3.12/site-packages/airflow/example_dags/example_sla_dag.py
[2024-09-22T23:58:02.228+0000] {processor.py:925} INFO - DAG(s) 'example_sla_dag' retrieved from /home/airflow/.local/lib/python3.12/site-packages/airflow/example_dags/example_sla_dag.py
[2024-09-22T23:58:02.276+0000] {logging_mixin.py:190} INFO - [2024-09-22T23:58:02.275+0000] {dag.py:3229} INFO - Sync 1 DAGs
[2024-09-22T23:58:02.329+0000] {logging_mixin.py:190} INFO - [2024-09-22T23:58:02.328+0000] {dag.py:4156} INFO - Setting next_dagrun for example_sla_dag to 2024-09-22 23:56:00+00:00, run_after=2024-09-22 23:58:00+00:00
[2024-09-22T23:58:02.362+0000] {processor.py:208} INFO - Processing /home/airflow/.local/lib/python3.12/site-packages/airflow/example_dags/example_sla_dag.py took 0.187 seconds
[2024-09-22T23:58:32.509+0000] {processor.py:186} INFO - Started process (PID=145) to work on /home/airflow/.local/lib/python3.12/site-packages/airflow/example_dags/example_sla_dag.py
[2024-09-22T23:58:32.510+0000] {processor.py:914} INFO - Processing file /home/airflow/.local/lib/python3.12/site-packages/airflow/example_dags/example_sla_dag.py for tasks to queue
[2024-09-22T23:58:32.514+0000] {logging_mixin.py:190} INFO - [2024-09-22T23:58:32.514+0000] {dagbag.py:587} INFO - Filling up the DagBag from /home/airflow/.local/lib/python3.12/site-packages/airflow/example_dags/example_sla_dag.py
[2024-09-22T23:58:32.534+0000] {processor.py:925} INFO - DAG(s) 'example_sla_dag' retrieved from /home/airflow/.local/lib/python3.12/site-packages/airflow/example_dags/example_sla_dag.py
[2024-09-22T23:58:32.564+0000] {logging_mixin.py:190} INFO - [2024-09-22T23:58:32.564+0000] {dag.py:3229} INFO - Sync 1 DAGs
[2024-09-22T23:58:32.603+0000] {logging_mixin.py:190} INFO - [2024-09-22T23:58:32.602+0000] {dag.py:4156} INFO - Setting next_dagrun for example_sla_dag to 2024-09-22 23:56:00+00:00, run_after=2024-09-22 23:58:00+00:00
[2024-09-22T23:58:32.637+0000] {processor.py:208} INFO - Processing /home/airflow/.local/lib/python3.12/site-packages/airflow/example_dags/example_sla_dag.py took 0.137 seconds
[2024-09-22T23:59:03.371+0000] {processor.py:186} INFO - Started process (PID=208) to work on /home/airflow/.local/lib/python3.12/site-packages/airflow/example_dags/example_sla_dag.py
[2024-09-22T23:59:03.373+0000] {processor.py:914} INFO - Processing file /home/airflow/.local/lib/python3.12/site-packages/airflow/example_dags/example_sla_dag.py for tasks to queue
[2024-09-22T23:59:03.377+0000] {logging_mixin.py:190} INFO - [2024-09-22T23:59:03.377+0000] {dagbag.py:587} INFO - Filling up the DagBag from /home/airflow/.local/lib/python3.12/site-packages/airflow/example_dags/example_sla_dag.py
[2024-09-22T23:59:03.399+0000] {processor.py:925} INFO - DAG(s) 'example_sla_dag' retrieved from /home/airflow/.local/lib/python3.12/site-packages/airflow/example_dags/example_sla_dag.py
[2024-09-22T23:59:03.429+0000] {logging_mixin.py:190} INFO - [2024-09-22T23:59:03.429+0000] {dag.py:3229} INFO - Sync 1 DAGs
[2024-09-22T23:59:03.464+0000] {logging_mixin.py:190} INFO - [2024-09-22T23:59:03.463+0000] {dag.py:4156} INFO - Setting next_dagrun for example_sla_dag to 2024-09-22 23:56:00+00:00, run_after=2024-09-22 23:58:00+00:00
[2024-09-22T23:59:03.488+0000] {processor.py:208} INFO - Processing /home/airflow/.local/lib/python3.12/site-packages/airflow/example_dags/example_sla_dag.py took 0.127 seconds
[2024-09-22T23:59:33.972+0000] {processor.py:186} INFO - Started process (PID=271) to work on /home/airflow/.local/lib/python3.12/site-packages/airflow/example_dags/example_sla_dag.py
[2024-09-22T23:59:33.974+0000] {processor.py:914} INFO - Processing file /home/airflow/.local/lib/python3.12/site-packages/airflow/example_dags/example_sla_dag.py for tasks to queue
[2024-09-22T23:59:33.979+0000] {logging_mixin.py:190} INFO - [2024-09-22T23:59:33.978+0000] {dagbag.py:587} INFO - Filling up the DagBag from /home/airflow/.local/lib/python3.12/site-packages/airflow/example_dags/example_sla_dag.py
[2024-09-22T23:59:33.999+0000] {processor.py:925} INFO - DAG(s) 'example_sla_dag' retrieved from /home/airflow/.local/lib/python3.12/site-packages/airflow/example_dags/example_sla_dag.py
[2024-09-22T23:59:34.028+0000] {logging_mixin.py:190} INFO - [2024-09-22T23:59:34.028+0000] {dag.py:3229} INFO - Sync 1 DAGs
[2024-09-22T23:59:34.063+0000] {logging_mixin.py:190} INFO - [2024-09-22T23:59:34.063+0000] {dag.py:4156} INFO - Setting next_dagrun for example_sla_dag to 2024-09-22 23:56:00+00:00, run_after=2024-09-22 23:58:00+00:00
[2024-09-22T23:59:34.093+0000] {processor.py:208} INFO - Processing /home/airflow/.local/lib/python3.12/site-packages/airflow/example_dags/example_sla_dag.py took 0.130 seconds
