[2024-09-22T23:26:16.164+0000] {processor.py:186} INFO - Started process (PID=75) to work on /home/airflow/.local/lib/python3.12/site-packages/airflow/example_dags/example_xcom.py
[2024-09-22T23:26:16.166+0000] {processor.py:914} INFO - Processing file /home/airflow/.local/lib/python3.12/site-packages/airflow/example_dags/example_xcom.py for tasks to queue
[2024-09-22T23:26:16.170+0000] {logging_mixin.py:190} INFO - [2024-09-22T23:26:16.169+0000] {dagbag.py:587} INFO - Filling up the DagBag from /home/airflow/.local/lib/python3.12/site-packages/airflow/example_dags/example_xcom.py
[2024-09-22T23:26:16.197+0000] {processor.py:925} INFO - DAG(s) 'example_xcom' retrieved from /home/airflow/.local/lib/python3.12/site-packages/airflow/example_dags/example_xcom.py
[2024-09-22T23:26:16.459+0000] {logging_mixin.py:190} INFO - [2024-09-22T23:26:16.458+0000] {override.py:1900} INFO - Created Permission View: can edit on DAG:example_xcom
[2024-09-22T23:26:16.475+0000] {logging_mixin.py:190} INFO - [2024-09-22T23:26:16.474+0000] {override.py:1900} INFO - Created Permission View: can read on DAG:example_xcom
[2024-09-22T23:26:16.485+0000] {logging_mixin.py:190} INFO - [2024-09-22T23:26:16.484+0000] {override.py:1900} INFO - Created Permission View: can delete on DAG:example_xcom
[2024-09-22T23:26:16.495+0000] {logging_mixin.py:190} INFO - [2024-09-22T23:26:16.494+0000] {override.py:1900} INFO - Created Permission View: can create on DAG Run:example_xcom
[2024-09-22T23:26:16.504+0000] {logging_mixin.py:190} INFO - [2024-09-22T23:26:16.504+0000] {override.py:1900} INFO - Created Permission View: menu access on DAG Run:example_xcom
[2024-09-22T23:26:16.513+0000] {logging_mixin.py:190} INFO - [2024-09-22T23:26:16.513+0000] {override.py:1900} INFO - Created Permission View: can read on DAG Run:example_xcom
[2024-09-22T23:26:16.523+0000] {logging_mixin.py:190} INFO - [2024-09-22T23:26:16.522+0000] {override.py:1900} INFO - Created Permission View: can delete on DAG Run:example_xcom
[2024-09-22T23:26:16.523+0000] {logging_mixin.py:190} INFO - [2024-09-22T23:26:16.523+0000] {dag.py:3229} INFO - Sync 1 DAGs
[2024-09-22T23:26:16.547+0000] {logging_mixin.py:190} INFO - [2024-09-22T23:26:16.547+0000] {dag.py:3252} INFO - Creating ORM DAG for example_xcom
[2024-09-22T23:26:16.564+0000] {logging_mixin.py:190} INFO - [2024-09-22T23:26:16.564+0000] {dag.py:4156} INFO - Setting next_dagrun for example_xcom to 2021-01-01 00:00:00+00:00, run_after=2021-01-01 00:00:00+00:00
[2024-09-22T23:26:16.634+0000] {processor.py:208} INFO - Processing /home/airflow/.local/lib/python3.12/site-packages/airflow/example_dags/example_xcom.py took 0.482 seconds
[2024-09-22T23:26:47.427+0000] {processor.py:186} INFO - Started process (PID=137) to work on /home/airflow/.local/lib/python3.12/site-packages/airflow/example_dags/example_xcom.py
[2024-09-22T23:26:47.428+0000] {processor.py:914} INFO - Processing file /home/airflow/.local/lib/python3.12/site-packages/airflow/example_dags/example_xcom.py for tasks to queue
[2024-09-22T23:26:47.432+0000] {logging_mixin.py:190} INFO - [2024-09-22T23:26:47.431+0000] {dagbag.py:587} INFO - Filling up the DagBag from /home/airflow/.local/lib/python3.12/site-packages/airflow/example_dags/example_xcom.py
[2024-09-22T23:26:47.453+0000] {processor.py:925} INFO - DAG(s) 'example_xcom' retrieved from /home/airflow/.local/lib/python3.12/site-packages/airflow/example_dags/example_xcom.py
[2024-09-22T23:26:47.487+0000] {logging_mixin.py:190} INFO - [2024-09-22T23:26:47.486+0000] {dag.py:3229} INFO - Sync 1 DAGs
[2024-09-22T23:26:47.521+0000] {logging_mixin.py:190} INFO - [2024-09-22T23:26:47.521+0000] {dag.py:4156} INFO - Setting next_dagrun for example_xcom to 2021-01-01 00:00:00+00:00, run_after=2021-01-01 00:00:00+00:00
[2024-09-22T23:26:47.548+0000] {processor.py:208} INFO - Processing /home/airflow/.local/lib/python3.12/site-packages/airflow/example_dags/example_xcom.py took 0.131 seconds
[2024-09-22T23:27:17.651+0000] {processor.py:186} INFO - Started process (PID=199) to work on /home/airflow/.local/lib/python3.12/site-packages/airflow/example_dags/example_xcom.py
[2024-09-22T23:27:17.658+0000] {processor.py:914} INFO - Processing file /home/airflow/.local/lib/python3.12/site-packages/airflow/example_dags/example_xcom.py for tasks to queue
[2024-09-22T23:27:17.662+0000] {logging_mixin.py:190} INFO - [2024-09-22T23:27:17.662+0000] {dagbag.py:587} INFO - Filling up the DagBag from /home/airflow/.local/lib/python3.12/site-packages/airflow/example_dags/example_xcom.py
[2024-09-22T23:27:17.682+0000] {processor.py:925} INFO - DAG(s) 'example_xcom' retrieved from /home/airflow/.local/lib/python3.12/site-packages/airflow/example_dags/example_xcom.py
[2024-09-22T23:27:17.713+0000] {logging_mixin.py:190} INFO - [2024-09-22T23:27:17.712+0000] {dag.py:3229} INFO - Sync 1 DAGs
[2024-09-22T23:27:17.755+0000] {logging_mixin.py:190} INFO - [2024-09-22T23:27:17.755+0000] {dag.py:4156} INFO - Setting next_dagrun for example_xcom to 2021-01-01 00:00:00+00:00, run_after=2021-01-01 00:00:00+00:00
[2024-09-22T23:27:17.786+0000] {processor.py:208} INFO - Processing /home/airflow/.local/lib/python3.12/site-packages/airflow/example_dags/example_xcom.py took 0.146 seconds
[2024-09-22T23:27:47.824+0000] {processor.py:186} INFO - Started process (PID=260) to work on /home/airflow/.local/lib/python3.12/site-packages/airflow/example_dags/example_xcom.py
[2024-09-22T23:27:47.825+0000] {processor.py:914} INFO - Processing file /home/airflow/.local/lib/python3.12/site-packages/airflow/example_dags/example_xcom.py for tasks to queue
[2024-09-22T23:27:47.829+0000] {logging_mixin.py:190} INFO - [2024-09-22T23:27:47.828+0000] {dagbag.py:587} INFO - Filling up the DagBag from /home/airflow/.local/lib/python3.12/site-packages/airflow/example_dags/example_xcom.py
[2024-09-22T23:27:47.847+0000] {processor.py:925} INFO - DAG(s) 'example_xcom' retrieved from /home/airflow/.local/lib/python3.12/site-packages/airflow/example_dags/example_xcom.py
[2024-09-22T23:27:47.875+0000] {logging_mixin.py:190} INFO - [2024-09-22T23:27:47.875+0000] {dag.py:3229} INFO - Sync 1 DAGs
[2024-09-22T23:27:47.905+0000] {logging_mixin.py:190} INFO - [2024-09-22T23:27:47.904+0000] {dag.py:4156} INFO - Setting next_dagrun for example_xcom to 2021-01-01 00:00:00+00:00, run_after=2021-01-01 00:00:00+00:00
[2024-09-22T23:27:47.934+0000] {processor.py:208} INFO - Processing /home/airflow/.local/lib/python3.12/site-packages/airflow/example_dags/example_xcom.py took 0.118 seconds
[2024-09-22T23:28:18.372+0000] {processor.py:186} INFO - Started process (PID=323) to work on /home/airflow/.local/lib/python3.12/site-packages/airflow/example_dags/example_xcom.py
[2024-09-22T23:28:18.374+0000] {processor.py:914} INFO - Processing file /home/airflow/.local/lib/python3.12/site-packages/airflow/example_dags/example_xcom.py for tasks to queue
[2024-09-22T23:28:18.380+0000] {logging_mixin.py:190} INFO - [2024-09-22T23:28:18.379+0000] {dagbag.py:587} INFO - Filling up the DagBag from /home/airflow/.local/lib/python3.12/site-packages/airflow/example_dags/example_xcom.py
[2024-09-22T23:28:18.407+0000] {processor.py:925} INFO - DAG(s) 'example_xcom' retrieved from /home/airflow/.local/lib/python3.12/site-packages/airflow/example_dags/example_xcom.py
[2024-09-22T23:28:18.447+0000] {logging_mixin.py:190} INFO - [2024-09-22T23:28:18.446+0000] {dag.py:3229} INFO - Sync 1 DAGs
[2024-09-22T23:28:18.493+0000] {logging_mixin.py:190} INFO - [2024-09-22T23:28:18.493+0000] {dag.py:4156} INFO - Setting next_dagrun for example_xcom to 2021-01-01 00:00:00+00:00, run_after=2021-01-01 00:00:00+00:00
[2024-09-22T23:28:18.525+0000] {processor.py:208} INFO - Processing /home/airflow/.local/lib/python3.12/site-packages/airflow/example_dags/example_xcom.py took 0.178 seconds
[2024-09-22T23:28:48.662+0000] {processor.py:186} INFO - Started process (PID=385) to work on /home/airflow/.local/lib/python3.12/site-packages/airflow/example_dags/example_xcom.py
[2024-09-22T23:28:48.664+0000] {processor.py:914} INFO - Processing file /home/airflow/.local/lib/python3.12/site-packages/airflow/example_dags/example_xcom.py for tasks to queue
[2024-09-22T23:28:48.668+0000] {logging_mixin.py:190} INFO - [2024-09-22T23:28:48.667+0000] {dagbag.py:587} INFO - Filling up the DagBag from /home/airflow/.local/lib/python3.12/site-packages/airflow/example_dags/example_xcom.py
[2024-09-22T23:28:48.692+0000] {processor.py:925} INFO - DAG(s) 'example_xcom' retrieved from /home/airflow/.local/lib/python3.12/site-packages/airflow/example_dags/example_xcom.py
[2024-09-22T23:28:48.731+0000] {logging_mixin.py:190} INFO - [2024-09-22T23:28:48.730+0000] {dag.py:3229} INFO - Sync 1 DAGs
[2024-09-22T23:28:48.774+0000] {logging_mixin.py:190} INFO - [2024-09-22T23:28:48.773+0000] {dag.py:4156} INFO - Setting next_dagrun for example_xcom to 2021-01-01 00:00:00+00:00, run_after=2021-01-01 00:00:00+00:00
[2024-09-22T23:28:48.805+0000] {processor.py:208} INFO - Processing /home/airflow/.local/lib/python3.12/site-packages/airflow/example_dags/example_xcom.py took 0.156 seconds
[2024-09-22T23:29:19.280+0000] {processor.py:186} INFO - Started process (PID=447) to work on /home/airflow/.local/lib/python3.12/site-packages/airflow/example_dags/example_xcom.py
[2024-09-22T23:29:19.282+0000] {processor.py:914} INFO - Processing file /home/airflow/.local/lib/python3.12/site-packages/airflow/example_dags/example_xcom.py for tasks to queue
[2024-09-22T23:29:19.285+0000] {logging_mixin.py:190} INFO - [2024-09-22T23:29:19.285+0000] {dagbag.py:587} INFO - Filling up the DagBag from /home/airflow/.local/lib/python3.12/site-packages/airflow/example_dags/example_xcom.py
[2024-09-22T23:29:19.310+0000] {processor.py:925} INFO - DAG(s) 'example_xcom' retrieved from /home/airflow/.local/lib/python3.12/site-packages/airflow/example_dags/example_xcom.py
[2024-09-22T23:29:19.348+0000] {logging_mixin.py:190} INFO - [2024-09-22T23:29:19.347+0000] {dag.py:3229} INFO - Sync 1 DAGs
[2024-09-22T23:29:19.385+0000] {logging_mixin.py:190} INFO - [2024-09-22T23:29:19.385+0000] {dag.py:4156} INFO - Setting next_dagrun for example_xcom to 2021-01-01 00:00:00+00:00, run_after=2021-01-01 00:00:00+00:00
[2024-09-22T23:29:19.411+0000] {processor.py:208} INFO - Processing /home/airflow/.local/lib/python3.12/site-packages/airflow/example_dags/example_xcom.py took 0.141 seconds
[2024-09-22T23:29:49.692+0000] {processor.py:186} INFO - Started process (PID=509) to work on /home/airflow/.local/lib/python3.12/site-packages/airflow/example_dags/example_xcom.py
[2024-09-22T23:29:49.694+0000] {processor.py:914} INFO - Processing file /home/airflow/.local/lib/python3.12/site-packages/airflow/example_dags/example_xcom.py for tasks to queue
[2024-09-22T23:29:49.697+0000] {logging_mixin.py:190} INFO - [2024-09-22T23:29:49.697+0000] {dagbag.py:587} INFO - Filling up the DagBag from /home/airflow/.local/lib/python3.12/site-packages/airflow/example_dags/example_xcom.py
[2024-09-22T23:29:49.717+0000] {processor.py:925} INFO - DAG(s) 'example_xcom' retrieved from /home/airflow/.local/lib/python3.12/site-packages/airflow/example_dags/example_xcom.py
[2024-09-22T23:29:49.750+0000] {logging_mixin.py:190} INFO - [2024-09-22T23:29:49.750+0000] {dag.py:3229} INFO - Sync 1 DAGs
[2024-09-22T23:29:49.788+0000] {logging_mixin.py:190} INFO - [2024-09-22T23:29:49.787+0000] {dag.py:4156} INFO - Setting next_dagrun for example_xcom to 2021-01-01 00:00:00+00:00, run_after=2021-01-01 00:00:00+00:00
[2024-09-22T23:29:49.816+0000] {processor.py:208} INFO - Processing /home/airflow/.local/lib/python3.12/site-packages/airflow/example_dags/example_xcom.py took 0.133 seconds
[2024-09-22T23:30:19.862+0000] {processor.py:186} INFO - Started process (PID=570) to work on /home/airflow/.local/lib/python3.12/site-packages/airflow/example_dags/example_xcom.py
[2024-09-22T23:30:19.863+0000] {processor.py:914} INFO - Processing file /home/airflow/.local/lib/python3.12/site-packages/airflow/example_dags/example_xcom.py for tasks to queue
[2024-09-22T23:30:19.866+0000] {logging_mixin.py:190} INFO - [2024-09-22T23:30:19.866+0000] {dagbag.py:587} INFO - Filling up the DagBag from /home/airflow/.local/lib/python3.12/site-packages/airflow/example_dags/example_xcom.py
[2024-09-22T23:30:19.886+0000] {processor.py:925} INFO - DAG(s) 'example_xcom' retrieved from /home/airflow/.local/lib/python3.12/site-packages/airflow/example_dags/example_xcom.py
[2024-09-22T23:30:19.915+0000] {logging_mixin.py:190} INFO - [2024-09-22T23:30:19.915+0000] {dag.py:3229} INFO - Sync 1 DAGs
[2024-09-22T23:30:19.946+0000] {logging_mixin.py:190} INFO - [2024-09-22T23:30:19.946+0000] {dag.py:4156} INFO - Setting next_dagrun for example_xcom to 2021-01-01 00:00:00+00:00, run_after=2021-01-01 00:00:00+00:00
[2024-09-22T23:30:19.973+0000] {processor.py:208} INFO - Processing /home/airflow/.local/lib/python3.12/site-packages/airflow/example_dags/example_xcom.py took 0.121 seconds
[2024-09-22T23:30:50.137+0000] {processor.py:186} INFO - Started process (PID=632) to work on /home/airflow/.local/lib/python3.12/site-packages/airflow/example_dags/example_xcom.py
[2024-09-22T23:30:50.139+0000] {processor.py:914} INFO - Processing file /home/airflow/.local/lib/python3.12/site-packages/airflow/example_dags/example_xcom.py for tasks to queue
[2024-09-22T23:30:50.142+0000] {logging_mixin.py:190} INFO - [2024-09-22T23:30:50.142+0000] {dagbag.py:587} INFO - Filling up the DagBag from /home/airflow/.local/lib/python3.12/site-packages/airflow/example_dags/example_xcom.py
[2024-09-22T23:30:50.161+0000] {processor.py:925} INFO - DAG(s) 'example_xcom' retrieved from /home/airflow/.local/lib/python3.12/site-packages/airflow/example_dags/example_xcom.py
[2024-09-22T23:30:50.192+0000] {logging_mixin.py:190} INFO - [2024-09-22T23:30:50.192+0000] {dag.py:3229} INFO - Sync 1 DAGs
[2024-09-22T23:30:50.224+0000] {logging_mixin.py:190} INFO - [2024-09-22T23:30:50.223+0000] {dag.py:4156} INFO - Setting next_dagrun for example_xcom to 2021-01-01 00:00:00+00:00, run_after=2021-01-01 00:00:00+00:00
[2024-09-22T23:30:50.249+0000] {processor.py:208} INFO - Processing /home/airflow/.local/lib/python3.12/site-packages/airflow/example_dags/example_xcom.py took 0.122 seconds
[2024-09-22T23:31:20.502+0000] {processor.py:186} INFO - Started process (PID=696) to work on /home/airflow/.local/lib/python3.12/site-packages/airflow/example_dags/example_xcom.py
[2024-09-22T23:31:20.503+0000] {processor.py:914} INFO - Processing file /home/airflow/.local/lib/python3.12/site-packages/airflow/example_dags/example_xcom.py for tasks to queue
[2024-09-22T23:31:20.506+0000] {logging_mixin.py:190} INFO - [2024-09-22T23:31:20.506+0000] {dagbag.py:587} INFO - Filling up the DagBag from /home/airflow/.local/lib/python3.12/site-packages/airflow/example_dags/example_xcom.py
[2024-09-22T23:31:20.528+0000] {processor.py:925} INFO - DAG(s) 'example_xcom' retrieved from /home/airflow/.local/lib/python3.12/site-packages/airflow/example_dags/example_xcom.py
[2024-09-22T23:31:20.558+0000] {logging_mixin.py:190} INFO - [2024-09-22T23:31:20.557+0000] {dag.py:3229} INFO - Sync 1 DAGs
[2024-09-22T23:31:20.594+0000] {logging_mixin.py:190} INFO - [2024-09-22T23:31:20.594+0000] {dag.py:4156} INFO - Setting next_dagrun for example_xcom to 2021-01-01 00:00:00+00:00, run_after=2021-01-01 00:00:00+00:00
[2024-09-22T23:31:20.619+0000] {processor.py:208} INFO - Processing /home/airflow/.local/lib/python3.12/site-packages/airflow/example_dags/example_xcom.py took 0.126 seconds
[2024-09-22T23:31:51.156+0000] {processor.py:186} INFO - Started process (PID=758) to work on /home/airflow/.local/lib/python3.12/site-packages/airflow/example_dags/example_xcom.py
[2024-09-22T23:31:51.158+0000] {processor.py:914} INFO - Processing file /home/airflow/.local/lib/python3.12/site-packages/airflow/example_dags/example_xcom.py for tasks to queue
[2024-09-22T23:31:51.161+0000] {logging_mixin.py:190} INFO - [2024-09-22T23:31:51.160+0000] {dagbag.py:587} INFO - Filling up the DagBag from /home/airflow/.local/lib/python3.12/site-packages/airflow/example_dags/example_xcom.py
[2024-09-22T23:31:51.183+0000] {processor.py:925} INFO - DAG(s) 'example_xcom' retrieved from /home/airflow/.local/lib/python3.12/site-packages/airflow/example_dags/example_xcom.py
[2024-09-22T23:31:51.214+0000] {logging_mixin.py:190} INFO - [2024-09-22T23:31:51.214+0000] {dag.py:3229} INFO - Sync 1 DAGs
[2024-09-22T23:31:51.249+0000] {logging_mixin.py:190} INFO - [2024-09-22T23:31:51.249+0000] {dag.py:4156} INFO - Setting next_dagrun for example_xcom to 2021-01-01 00:00:00+00:00, run_after=2021-01-01 00:00:00+00:00
[2024-09-22T23:31:51.272+0000] {processor.py:208} INFO - Processing /home/airflow/.local/lib/python3.12/site-packages/airflow/example_dags/example_xcom.py took 0.126 seconds
[2024-09-22T23:32:21.627+0000] {processor.py:186} INFO - Started process (PID=821) to work on /home/airflow/.local/lib/python3.12/site-packages/airflow/example_dags/example_xcom.py
[2024-09-22T23:32:21.629+0000] {processor.py:914} INFO - Processing file /home/airflow/.local/lib/python3.12/site-packages/airflow/example_dags/example_xcom.py for tasks to queue
[2024-09-22T23:32:21.634+0000] {logging_mixin.py:190} INFO - [2024-09-22T23:32:21.633+0000] {dagbag.py:587} INFO - Filling up the DagBag from /home/airflow/.local/lib/python3.12/site-packages/airflow/example_dags/example_xcom.py
[2024-09-22T23:32:21.660+0000] {processor.py:925} INFO - DAG(s) 'example_xcom' retrieved from /home/airflow/.local/lib/python3.12/site-packages/airflow/example_dags/example_xcom.py
[2024-09-22T23:32:21.700+0000] {logging_mixin.py:190} INFO - [2024-09-22T23:32:21.699+0000] {dag.py:3229} INFO - Sync 1 DAGs
[2024-09-22T23:32:21.744+0000] {logging_mixin.py:190} INFO - [2024-09-22T23:32:21.744+0000] {dag.py:4156} INFO - Setting next_dagrun for example_xcom to 2021-01-01 00:00:00+00:00, run_after=2021-01-01 00:00:00+00:00
[2024-09-22T23:32:21.776+0000] {processor.py:208} INFO - Processing /home/airflow/.local/lib/python3.12/site-packages/airflow/example_dags/example_xcom.py took 0.161 seconds
[2024-09-22T23:32:52.450+0000] {processor.py:186} INFO - Started process (PID=884) to work on /home/airflow/.local/lib/python3.12/site-packages/airflow/example_dags/example_xcom.py
[2024-09-22T23:32:52.452+0000] {processor.py:914} INFO - Processing file /home/airflow/.local/lib/python3.12/site-packages/airflow/example_dags/example_xcom.py for tasks to queue
[2024-09-22T23:32:52.456+0000] {logging_mixin.py:190} INFO - [2024-09-22T23:32:52.455+0000] {dagbag.py:587} INFO - Filling up the DagBag from /home/airflow/.local/lib/python3.12/site-packages/airflow/example_dags/example_xcom.py
[2024-09-22T23:32:52.475+0000] {processor.py:925} INFO - DAG(s) 'example_xcom' retrieved from /home/airflow/.local/lib/python3.12/site-packages/airflow/example_dags/example_xcom.py
[2024-09-22T23:32:52.508+0000] {logging_mixin.py:190} INFO - [2024-09-22T23:32:52.507+0000] {dag.py:3229} INFO - Sync 1 DAGs
[2024-09-22T23:32:52.541+0000] {logging_mixin.py:190} INFO - [2024-09-22T23:32:52.541+0000] {dag.py:4156} INFO - Setting next_dagrun for example_xcom to 2021-01-01 00:00:00+00:00, run_after=2021-01-01 00:00:00+00:00
[2024-09-22T23:32:52.566+0000] {processor.py:208} INFO - Processing /home/airflow/.local/lib/python3.12/site-packages/airflow/example_dags/example_xcom.py took 0.126 seconds
[2024-09-22T23:33:22.742+0000] {processor.py:186} INFO - Started process (PID=947) to work on /home/airflow/.local/lib/python3.12/site-packages/airflow/example_dags/example_xcom.py
[2024-09-22T23:33:22.744+0000] {processor.py:914} INFO - Processing file /home/airflow/.local/lib/python3.12/site-packages/airflow/example_dags/example_xcom.py for tasks to queue
[2024-09-22T23:33:22.747+0000] {logging_mixin.py:190} INFO - [2024-09-22T23:33:22.747+0000] {dagbag.py:587} INFO - Filling up the DagBag from /home/airflow/.local/lib/python3.12/site-packages/airflow/example_dags/example_xcom.py
[2024-09-22T23:33:22.771+0000] {processor.py:925} INFO - DAG(s) 'example_xcom' retrieved from /home/airflow/.local/lib/python3.12/site-packages/airflow/example_dags/example_xcom.py
[2024-09-22T23:33:22.799+0000] {logging_mixin.py:190} INFO - [2024-09-22T23:33:22.799+0000] {dag.py:3229} INFO - Sync 1 DAGs
[2024-09-22T23:33:22.829+0000] {logging_mixin.py:190} INFO - [2024-09-22T23:33:22.829+0000] {dag.py:4156} INFO - Setting next_dagrun for example_xcom to 2021-01-01 00:00:00+00:00, run_after=2021-01-01 00:00:00+00:00
[2024-09-22T23:33:22.853+0000] {processor.py:208} INFO - Processing /home/airflow/.local/lib/python3.12/site-packages/airflow/example_dags/example_xcom.py took 0.120 seconds
[2024-09-22T23:33:53.021+0000] {processor.py:186} INFO - Started process (PID=1010) to work on /home/airflow/.local/lib/python3.12/site-packages/airflow/example_dags/example_xcom.py
[2024-09-22T23:33:53.024+0000] {processor.py:914} INFO - Processing file /home/airflow/.local/lib/python3.12/site-packages/airflow/example_dags/example_xcom.py for tasks to queue
[2024-09-22T23:33:53.028+0000] {logging_mixin.py:190} INFO - [2024-09-22T23:33:53.028+0000] {dagbag.py:587} INFO - Filling up the DagBag from /home/airflow/.local/lib/python3.12/site-packages/airflow/example_dags/example_xcom.py
[2024-09-22T23:33:53.056+0000] {processor.py:925} INFO - DAG(s) 'example_xcom' retrieved from /home/airflow/.local/lib/python3.12/site-packages/airflow/example_dags/example_xcom.py
[2024-09-22T23:33:53.097+0000] {logging_mixin.py:190} INFO - [2024-09-22T23:33:53.096+0000] {dag.py:3229} INFO - Sync 1 DAGs
[2024-09-22T23:33:53.142+0000] {logging_mixin.py:190} INFO - [2024-09-22T23:33:53.142+0000] {dag.py:4156} INFO - Setting next_dagrun for example_xcom to 2021-01-01 00:00:00+00:00, run_after=2021-01-01 00:00:00+00:00
[2024-09-22T23:33:53.178+0000] {processor.py:208} INFO - Processing /home/airflow/.local/lib/python3.12/site-packages/airflow/example_dags/example_xcom.py took 0.169 seconds
[2024-09-22T23:34:23.253+0000] {processor.py:186} INFO - Started process (PID=1072) to work on /home/airflow/.local/lib/python3.12/site-packages/airflow/example_dags/example_xcom.py
[2024-09-22T23:34:23.254+0000] {processor.py:914} INFO - Processing file /home/airflow/.local/lib/python3.12/site-packages/airflow/example_dags/example_xcom.py for tasks to queue
[2024-09-22T23:34:23.257+0000] {logging_mixin.py:190} INFO - [2024-09-22T23:34:23.257+0000] {dagbag.py:587} INFO - Filling up the DagBag from /home/airflow/.local/lib/python3.12/site-packages/airflow/example_dags/example_xcom.py
[2024-09-22T23:34:23.276+0000] {processor.py:925} INFO - DAG(s) 'example_xcom' retrieved from /home/airflow/.local/lib/python3.12/site-packages/airflow/example_dags/example_xcom.py
[2024-09-22T23:34:23.306+0000] {logging_mixin.py:190} INFO - [2024-09-22T23:34:23.305+0000] {dag.py:3229} INFO - Sync 1 DAGs
[2024-09-22T23:34:23.335+0000] {logging_mixin.py:190} INFO - [2024-09-22T23:34:23.335+0000] {dag.py:4156} INFO - Setting next_dagrun for example_xcom to 2021-01-01 00:00:00+00:00, run_after=2021-01-01 00:00:00+00:00
[2024-09-22T23:34:23.360+0000] {processor.py:208} INFO - Processing /home/airflow/.local/lib/python3.12/site-packages/airflow/example_dags/example_xcom.py took 0.117 seconds
[2024-09-22T23:34:53.545+0000] {processor.py:186} INFO - Started process (PID=1135) to work on /home/airflow/.local/lib/python3.12/site-packages/airflow/example_dags/example_xcom.py
[2024-09-22T23:34:53.547+0000] {processor.py:914} INFO - Processing file /home/airflow/.local/lib/python3.12/site-packages/airflow/example_dags/example_xcom.py for tasks to queue
[2024-09-22T23:34:53.551+0000] {logging_mixin.py:190} INFO - [2024-09-22T23:34:53.550+0000] {dagbag.py:587} INFO - Filling up the DagBag from /home/airflow/.local/lib/python3.12/site-packages/airflow/example_dags/example_xcom.py
[2024-09-22T23:34:53.569+0000] {processor.py:925} INFO - DAG(s) 'example_xcom' retrieved from /home/airflow/.local/lib/python3.12/site-packages/airflow/example_dags/example_xcom.py
[2024-09-22T23:34:53.602+0000] {logging_mixin.py:190} INFO - [2024-09-22T23:34:53.601+0000] {dag.py:3229} INFO - Sync 1 DAGs
[2024-09-22T23:34:53.633+0000] {logging_mixin.py:190} INFO - [2024-09-22T23:34:53.633+0000] {dag.py:4156} INFO - Setting next_dagrun for example_xcom to 2021-01-01 00:00:00+00:00, run_after=2021-01-01 00:00:00+00:00
[2024-09-22T23:34:53.659+0000] {processor.py:208} INFO - Processing /home/airflow/.local/lib/python3.12/site-packages/airflow/example_dags/example_xcom.py took 0.123 seconds
[2024-09-22T23:35:23.798+0000] {processor.py:186} INFO - Started process (PID=1198) to work on /home/airflow/.local/lib/python3.12/site-packages/airflow/example_dags/example_xcom.py
[2024-09-22T23:35:23.800+0000] {processor.py:914} INFO - Processing file /home/airflow/.local/lib/python3.12/site-packages/airflow/example_dags/example_xcom.py for tasks to queue
[2024-09-22T23:35:23.803+0000] {logging_mixin.py:190} INFO - [2024-09-22T23:35:23.803+0000] {dagbag.py:587} INFO - Filling up the DagBag from /home/airflow/.local/lib/python3.12/site-packages/airflow/example_dags/example_xcom.py
[2024-09-22T23:35:23.822+0000] {processor.py:925} INFO - DAG(s) 'example_xcom' retrieved from /home/airflow/.local/lib/python3.12/site-packages/airflow/example_dags/example_xcom.py
[2024-09-22T23:35:23.856+0000] {logging_mixin.py:190} INFO - [2024-09-22T23:35:23.855+0000] {dag.py:3229} INFO - Sync 1 DAGs
[2024-09-22T23:35:23.886+0000] {logging_mixin.py:190} INFO - [2024-09-22T23:35:23.885+0000] {dag.py:4156} INFO - Setting next_dagrun for example_xcom to 2021-01-01 00:00:00+00:00, run_after=2021-01-01 00:00:00+00:00
[2024-09-22T23:35:23.914+0000] {processor.py:208} INFO - Processing /home/airflow/.local/lib/python3.12/site-packages/airflow/example_dags/example_xcom.py took 0.125 seconds
[2024-09-22T23:35:54.360+0000] {processor.py:186} INFO - Started process (PID=1262) to work on /home/airflow/.local/lib/python3.12/site-packages/airflow/example_dags/example_xcom.py
[2024-09-22T23:35:54.362+0000] {processor.py:914} INFO - Processing file /home/airflow/.local/lib/python3.12/site-packages/airflow/example_dags/example_xcom.py for tasks to queue
[2024-09-22T23:35:54.366+0000] {logging_mixin.py:190} INFO - [2024-09-22T23:35:54.365+0000] {dagbag.py:587} INFO - Filling up the DagBag from /home/airflow/.local/lib/python3.12/site-packages/airflow/example_dags/example_xcom.py
[2024-09-22T23:35:54.388+0000] {processor.py:925} INFO - DAG(s) 'example_xcom' retrieved from /home/airflow/.local/lib/python3.12/site-packages/airflow/example_dags/example_xcom.py
[2024-09-22T23:35:54.417+0000] {logging_mixin.py:190} INFO - [2024-09-22T23:35:54.417+0000] {dag.py:3229} INFO - Sync 1 DAGs
[2024-09-22T23:35:54.449+0000] {logging_mixin.py:190} INFO - [2024-09-22T23:35:54.449+0000] {dag.py:4156} INFO - Setting next_dagrun for example_xcom to 2021-01-01 00:00:00+00:00, run_after=2021-01-01 00:00:00+00:00
[2024-09-22T23:35:54.473+0000] {processor.py:208} INFO - Processing /home/airflow/.local/lib/python3.12/site-packages/airflow/example_dags/example_xcom.py took 0.124 seconds
[2024-09-22T23:36:25.266+0000] {processor.py:186} INFO - Started process (PID=1325) to work on /home/airflow/.local/lib/python3.12/site-packages/airflow/example_dags/example_xcom.py
[2024-09-22T23:36:25.268+0000] {processor.py:914} INFO - Processing file /home/airflow/.local/lib/python3.12/site-packages/airflow/example_dags/example_xcom.py for tasks to queue
[2024-09-22T23:36:25.274+0000] {logging_mixin.py:190} INFO - [2024-09-22T23:36:25.273+0000] {dagbag.py:587} INFO - Filling up the DagBag from /home/airflow/.local/lib/python3.12/site-packages/airflow/example_dags/example_xcom.py
[2024-09-22T23:36:25.298+0000] {processor.py:925} INFO - DAG(s) 'example_xcom' retrieved from /home/airflow/.local/lib/python3.12/site-packages/airflow/example_dags/example_xcom.py
[2024-09-22T23:36:25.338+0000] {logging_mixin.py:190} INFO - [2024-09-22T23:36:25.338+0000] {dag.py:3229} INFO - Sync 1 DAGs
[2024-09-22T23:36:25.382+0000] {logging_mixin.py:190} INFO - [2024-09-22T23:36:25.382+0000] {dag.py:4156} INFO - Setting next_dagrun for example_xcom to 2021-01-01 00:00:00+00:00, run_after=2021-01-01 00:00:00+00:00
[2024-09-22T23:36:25.416+0000] {processor.py:208} INFO - Processing /home/airflow/.local/lib/python3.12/site-packages/airflow/example_dags/example_xcom.py took 0.163 seconds
[2024-09-22T23:36:55.494+0000] {processor.py:186} INFO - Started process (PID=1387) to work on /home/airflow/.local/lib/python3.12/site-packages/airflow/example_dags/example_xcom.py
[2024-09-22T23:36:55.496+0000] {processor.py:914} INFO - Processing file /home/airflow/.local/lib/python3.12/site-packages/airflow/example_dags/example_xcom.py for tasks to queue
[2024-09-22T23:36:55.500+0000] {logging_mixin.py:190} INFO - [2024-09-22T23:36:55.499+0000] {dagbag.py:587} INFO - Filling up the DagBag from /home/airflow/.local/lib/python3.12/site-packages/airflow/example_dags/example_xcom.py
[2024-09-22T23:36:55.524+0000] {processor.py:925} INFO - DAG(s) 'example_xcom' retrieved from /home/airflow/.local/lib/python3.12/site-packages/airflow/example_dags/example_xcom.py
[2024-09-22T23:36:55.553+0000] {logging_mixin.py:190} INFO - [2024-09-22T23:36:55.553+0000] {dag.py:3229} INFO - Sync 1 DAGs
[2024-09-22T23:36:55.584+0000] {logging_mixin.py:190} INFO - [2024-09-22T23:36:55.583+0000] {dag.py:4156} INFO - Setting next_dagrun for example_xcom to 2021-01-01 00:00:00+00:00, run_after=2021-01-01 00:00:00+00:00
[2024-09-22T23:36:55.610+0000] {processor.py:208} INFO - Processing /home/airflow/.local/lib/python3.12/site-packages/airflow/example_dags/example_xcom.py took 0.124 seconds
[2024-09-22T23:37:26.204+0000] {processor.py:186} INFO - Started process (PID=1451) to work on /home/airflow/.local/lib/python3.12/site-packages/airflow/example_dags/example_xcom.py
[2024-09-22T23:37:26.205+0000] {processor.py:914} INFO - Processing file /home/airflow/.local/lib/python3.12/site-packages/airflow/example_dags/example_xcom.py for tasks to queue
[2024-09-22T23:37:26.208+0000] {logging_mixin.py:190} INFO - [2024-09-22T23:37:26.208+0000] {dagbag.py:587} INFO - Filling up the DagBag from /home/airflow/.local/lib/python3.12/site-packages/airflow/example_dags/example_xcom.py
[2024-09-22T23:37:26.230+0000] {processor.py:925} INFO - DAG(s) 'example_xcom' retrieved from /home/airflow/.local/lib/python3.12/site-packages/airflow/example_dags/example_xcom.py
[2024-09-22T23:37:26.258+0000] {logging_mixin.py:190} INFO - [2024-09-22T23:37:26.257+0000] {dag.py:3229} INFO - Sync 1 DAGs
[2024-09-22T23:37:26.289+0000] {logging_mixin.py:190} INFO - [2024-09-22T23:37:26.288+0000] {dag.py:4156} INFO - Setting next_dagrun for example_xcom to 2021-01-01 00:00:00+00:00, run_after=2021-01-01 00:00:00+00:00
[2024-09-22T23:37:26.313+0000] {processor.py:208} INFO - Processing /home/airflow/.local/lib/python3.12/site-packages/airflow/example_dags/example_xcom.py took 0.120 seconds
[2024-09-22T23:37:56.454+0000] {processor.py:186} INFO - Started process (PID=1514) to work on /home/airflow/.local/lib/python3.12/site-packages/airflow/example_dags/example_xcom.py
[2024-09-22T23:37:56.456+0000] {processor.py:914} INFO - Processing file /home/airflow/.local/lib/python3.12/site-packages/airflow/example_dags/example_xcom.py for tasks to queue
[2024-09-22T23:37:56.460+0000] {logging_mixin.py:190} INFO - [2024-09-22T23:37:56.460+0000] {dagbag.py:587} INFO - Filling up the DagBag from /home/airflow/.local/lib/python3.12/site-packages/airflow/example_dags/example_xcom.py
[2024-09-22T23:37:56.481+0000] {processor.py:925} INFO - DAG(s) 'example_xcom' retrieved from /home/airflow/.local/lib/python3.12/site-packages/airflow/example_dags/example_xcom.py
[2024-09-22T23:37:56.511+0000] {logging_mixin.py:190} INFO - [2024-09-22T23:37:56.511+0000] {dag.py:3229} INFO - Sync 1 DAGs
[2024-09-22T23:37:56.547+0000] {logging_mixin.py:190} INFO - [2024-09-22T23:37:56.547+0000] {dag.py:4156} INFO - Setting next_dagrun for example_xcom to 2021-01-01 00:00:00+00:00, run_after=2021-01-01 00:00:00+00:00
[2024-09-22T23:37:56.572+0000] {processor.py:208} INFO - Processing /home/airflow/.local/lib/python3.12/site-packages/airflow/example_dags/example_xcom.py took 0.127 seconds
[2024-09-22T23:38:26.840+0000] {processor.py:186} INFO - Started process (PID=1577) to work on /home/airflow/.local/lib/python3.12/site-packages/airflow/example_dags/example_xcom.py
[2024-09-22T23:38:26.841+0000] {processor.py:914} INFO - Processing file /home/airflow/.local/lib/python3.12/site-packages/airflow/example_dags/example_xcom.py for tasks to queue
[2024-09-22T23:38:26.846+0000] {logging_mixin.py:190} INFO - [2024-09-22T23:38:26.845+0000] {dagbag.py:587} INFO - Filling up the DagBag from /home/airflow/.local/lib/python3.12/site-packages/airflow/example_dags/example_xcom.py
[2024-09-22T23:38:26.874+0000] {processor.py:925} INFO - DAG(s) 'example_xcom' retrieved from /home/airflow/.local/lib/python3.12/site-packages/airflow/example_dags/example_xcom.py
[2024-09-22T23:38:26.926+0000] {logging_mixin.py:190} INFO - [2024-09-22T23:38:26.926+0000] {dag.py:3229} INFO - Sync 1 DAGs
[2024-09-22T23:38:26.970+0000] {logging_mixin.py:190} INFO - [2024-09-22T23:38:26.969+0000] {dag.py:4156} INFO - Setting next_dagrun for example_xcom to 2021-01-01 00:00:00+00:00, run_after=2021-01-01 00:00:00+00:00
[2024-09-22T23:38:27.004+0000] {processor.py:208} INFO - Processing /home/airflow/.local/lib/python3.12/site-packages/airflow/example_dags/example_xcom.py took 0.177 seconds
[2024-09-22T23:38:57.560+0000] {processor.py:186} INFO - Started process (PID=1640) to work on /home/airflow/.local/lib/python3.12/site-packages/airflow/example_dags/example_xcom.py
[2024-09-22T23:38:57.562+0000] {processor.py:914} INFO - Processing file /home/airflow/.local/lib/python3.12/site-packages/airflow/example_dags/example_xcom.py for tasks to queue
[2024-09-22T23:38:57.566+0000] {logging_mixin.py:190} INFO - [2024-09-22T23:38:57.566+0000] {dagbag.py:587} INFO - Filling up the DagBag from /home/airflow/.local/lib/python3.12/site-packages/airflow/example_dags/example_xcom.py
[2024-09-22T23:38:57.590+0000] {processor.py:925} INFO - DAG(s) 'example_xcom' retrieved from /home/airflow/.local/lib/python3.12/site-packages/airflow/example_dags/example_xcom.py
[2024-09-22T23:38:57.624+0000] {logging_mixin.py:190} INFO - [2024-09-22T23:38:57.623+0000] {dag.py:3229} INFO - Sync 1 DAGs
[2024-09-22T23:38:57.660+0000] {logging_mixin.py:190} INFO - [2024-09-22T23:38:57.659+0000] {dag.py:4156} INFO - Setting next_dagrun for example_xcom to 2021-01-01 00:00:00+00:00, run_after=2021-01-01 00:00:00+00:00
[2024-09-22T23:38:57.686+0000] {processor.py:208} INFO - Processing /home/airflow/.local/lib/python3.12/site-packages/airflow/example_dags/example_xcom.py took 0.135 seconds
[2024-09-22T23:39:28.085+0000] {processor.py:186} INFO - Started process (PID=1703) to work on /home/airflow/.local/lib/python3.12/site-packages/airflow/example_dags/example_xcom.py
[2024-09-22T23:39:28.087+0000] {processor.py:914} INFO - Processing file /home/airflow/.local/lib/python3.12/site-packages/airflow/example_dags/example_xcom.py for tasks to queue
[2024-09-22T23:39:28.091+0000] {logging_mixin.py:190} INFO - [2024-09-22T23:39:28.090+0000] {dagbag.py:587} INFO - Filling up the DagBag from /home/airflow/.local/lib/python3.12/site-packages/airflow/example_dags/example_xcom.py
[2024-09-22T23:39:28.113+0000] {processor.py:925} INFO - DAG(s) 'example_xcom' retrieved from /home/airflow/.local/lib/python3.12/site-packages/airflow/example_dags/example_xcom.py
[2024-09-22T23:39:28.150+0000] {logging_mixin.py:190} INFO - [2024-09-22T23:39:28.150+0000] {dag.py:3229} INFO - Sync 1 DAGs
[2024-09-22T23:39:28.182+0000] {logging_mixin.py:190} INFO - [2024-09-22T23:39:28.182+0000] {dag.py:4156} INFO - Setting next_dagrun for example_xcom to 2021-01-01 00:00:00+00:00, run_after=2021-01-01 00:00:00+00:00
[2024-09-22T23:39:28.205+0000] {processor.py:208} INFO - Processing /home/airflow/.local/lib/python3.12/site-packages/airflow/example_dags/example_xcom.py took 0.129 seconds
[2024-09-22T23:39:58.646+0000] {processor.py:186} INFO - Started process (PID=1766) to work on /home/airflow/.local/lib/python3.12/site-packages/airflow/example_dags/example_xcom.py
[2024-09-22T23:39:58.648+0000] {processor.py:914} INFO - Processing file /home/airflow/.local/lib/python3.12/site-packages/airflow/example_dags/example_xcom.py for tasks to queue
[2024-09-22T23:39:58.652+0000] {logging_mixin.py:190} INFO - [2024-09-22T23:39:58.651+0000] {dagbag.py:587} INFO - Filling up the DagBag from /home/airflow/.local/lib/python3.12/site-packages/airflow/example_dags/example_xcom.py
[2024-09-22T23:39:58.674+0000] {processor.py:925} INFO - DAG(s) 'example_xcom' retrieved from /home/airflow/.local/lib/python3.12/site-packages/airflow/example_dags/example_xcom.py
[2024-09-22T23:39:58.710+0000] {logging_mixin.py:190} INFO - [2024-09-22T23:39:58.710+0000] {dag.py:3229} INFO - Sync 1 DAGs
[2024-09-22T23:39:58.753+0000] {logging_mixin.py:190} INFO - [2024-09-22T23:39:58.752+0000] {dag.py:4156} INFO - Setting next_dagrun for example_xcom to 2021-01-01 00:00:00+00:00, run_after=2021-01-01 00:00:00+00:00
[2024-09-22T23:39:58.781+0000] {processor.py:208} INFO - Processing /home/airflow/.local/lib/python3.12/site-packages/airflow/example_dags/example_xcom.py took 0.145 seconds
[2024-09-22T23:40:30.652+0000] {processor.py:186} INFO - Started process (PID=1827) to work on /home/airflow/.local/lib/python3.12/site-packages/airflow/example_dags/example_xcom.py
[2024-09-22T23:40:30.654+0000] {processor.py:914} INFO - Processing file /home/airflow/.local/lib/python3.12/site-packages/airflow/example_dags/example_xcom.py for tasks to queue
[2024-09-22T23:40:30.657+0000] {logging_mixin.py:190} INFO - [2024-09-22T23:40:30.656+0000] {dagbag.py:587} INFO - Filling up the DagBag from /home/airflow/.local/lib/python3.12/site-packages/airflow/example_dags/example_xcom.py
[2024-09-22T23:40:30.675+0000] {processor.py:925} INFO - DAG(s) 'example_xcom' retrieved from /home/airflow/.local/lib/python3.12/site-packages/airflow/example_dags/example_xcom.py
[2024-09-22T23:40:30.705+0000] {logging_mixin.py:190} INFO - [2024-09-22T23:40:30.705+0000] {dag.py:3229} INFO - Sync 1 DAGs
[2024-09-22T23:40:31.019+0000] {logging_mixin.py:190} INFO - [2024-09-22T23:40:31.019+0000] {dag.py:4156} INFO - Setting next_dagrun for example_xcom to 2021-01-01 00:00:00+00:00, run_after=2021-01-01 00:00:00+00:00
[2024-09-22T23:40:31.042+0000] {processor.py:208} INFO - Processing /home/airflow/.local/lib/python3.12/site-packages/airflow/example_dags/example_xcom.py took 0.398 seconds
[2024-09-22T23:41:01.569+0000] {processor.py:186} INFO - Started process (PID=1890) to work on /home/airflow/.local/lib/python3.12/site-packages/airflow/example_dags/example_xcom.py
[2024-09-22T23:41:01.572+0000] {processor.py:914} INFO - Processing file /home/airflow/.local/lib/python3.12/site-packages/airflow/example_dags/example_xcom.py for tasks to queue
[2024-09-22T23:41:01.576+0000] {logging_mixin.py:190} INFO - [2024-09-22T23:41:01.576+0000] {dagbag.py:587} INFO - Filling up the DagBag from /home/airflow/.local/lib/python3.12/site-packages/airflow/example_dags/example_xcom.py
[2024-09-22T23:41:01.603+0000] {processor.py:925} INFO - DAG(s) 'example_xcom' retrieved from /home/airflow/.local/lib/python3.12/site-packages/airflow/example_dags/example_xcom.py
[2024-09-22T23:41:01.645+0000] {logging_mixin.py:190} INFO - [2024-09-22T23:41:01.645+0000] {dag.py:3229} INFO - Sync 1 DAGs
[2024-09-22T23:41:01.689+0000] {logging_mixin.py:190} INFO - [2024-09-22T23:41:01.689+0000] {dag.py:4156} INFO - Setting next_dagrun for example_xcom to 2021-01-01 00:00:00+00:00, run_after=2021-01-01 00:00:00+00:00
[2024-09-22T23:41:01.722+0000] {processor.py:208} INFO - Processing /home/airflow/.local/lib/python3.12/site-packages/airflow/example_dags/example_xcom.py took 0.167 seconds
[2024-09-22T23:41:31.904+0000] {processor.py:186} INFO - Started process (PID=1953) to work on /home/airflow/.local/lib/python3.12/site-packages/airflow/example_dags/example_xcom.py
[2024-09-22T23:41:31.905+0000] {processor.py:914} INFO - Processing file /home/airflow/.local/lib/python3.12/site-packages/airflow/example_dags/example_xcom.py for tasks to queue
[2024-09-22T23:41:31.909+0000] {logging_mixin.py:190} INFO - [2024-09-22T23:41:31.908+0000] {dagbag.py:587} INFO - Filling up the DagBag from /home/airflow/.local/lib/python3.12/site-packages/airflow/example_dags/example_xcom.py
[2024-09-22T23:41:31.928+0000] {processor.py:925} INFO - DAG(s) 'example_xcom' retrieved from /home/airflow/.local/lib/python3.12/site-packages/airflow/example_dags/example_xcom.py
[2024-09-22T23:41:31.962+0000] {logging_mixin.py:190} INFO - [2024-09-22T23:41:31.962+0000] {dag.py:3229} INFO - Sync 1 DAGs
[2024-09-22T23:41:31.994+0000] {logging_mixin.py:190} INFO - [2024-09-22T23:41:31.994+0000] {dag.py:4156} INFO - Setting next_dagrun for example_xcom to 2021-01-01 00:00:00+00:00, run_after=2021-01-01 00:00:00+00:00
[2024-09-22T23:41:32.023+0000] {processor.py:208} INFO - Processing /home/airflow/.local/lib/python3.12/site-packages/airflow/example_dags/example_xcom.py took 0.128 seconds
[2024-09-22T23:42:04.295+0000] {processor.py:186} INFO - Started process (PID=2021) to work on /home/airflow/.local/lib/python3.12/site-packages/airflow/example_dags/example_xcom.py
[2024-09-22T23:42:04.297+0000] {processor.py:914} INFO - Processing file /home/airflow/.local/lib/python3.12/site-packages/airflow/example_dags/example_xcom.py for tasks to queue
[2024-09-22T23:42:04.300+0000] {logging_mixin.py:190} INFO - [2024-09-22T23:42:04.300+0000] {dagbag.py:587} INFO - Filling up the DagBag from /home/airflow/.local/lib/python3.12/site-packages/airflow/example_dags/example_xcom.py
[2024-09-22T23:42:04.604+0000] {processor.py:925} INFO - DAG(s) 'example_xcom' retrieved from /home/airflow/.local/lib/python3.12/site-packages/airflow/example_dags/example_xcom.py
[2024-09-22T23:42:04.628+0000] {logging_mixin.py:190} INFO - [2024-09-22T23:42:04.627+0000] {dag.py:3229} INFO - Sync 1 DAGs
[2024-09-22T23:42:04.655+0000] {logging_mixin.py:190} INFO - [2024-09-22T23:42:04.654+0000] {dag.py:4156} INFO - Setting next_dagrun for example_xcom to 2021-01-01 00:00:00+00:00, run_after=2021-01-01 00:00:00+00:00
[2024-09-22T23:42:04.677+0000] {processor.py:208} INFO - Processing /home/airflow/.local/lib/python3.12/site-packages/airflow/example_dags/example_xcom.py took 0.392 seconds
[2024-09-22T23:42:34.747+0000] {processor.py:186} INFO - Started process (PID=2084) to work on /home/airflow/.local/lib/python3.12/site-packages/airflow/example_dags/example_xcom.py
[2024-09-22T23:42:34.748+0000] {processor.py:914} INFO - Processing file /home/airflow/.local/lib/python3.12/site-packages/airflow/example_dags/example_xcom.py for tasks to queue
[2024-09-22T23:42:34.752+0000] {logging_mixin.py:190} INFO - [2024-09-22T23:42:34.752+0000] {dagbag.py:587} INFO - Filling up the DagBag from /home/airflow/.local/lib/python3.12/site-packages/airflow/example_dags/example_xcom.py
[2024-09-22T23:42:34.771+0000] {processor.py:925} INFO - DAG(s) 'example_xcom' retrieved from /home/airflow/.local/lib/python3.12/site-packages/airflow/example_dags/example_xcom.py
[2024-09-22T23:42:34.803+0000] {logging_mixin.py:190} INFO - [2024-09-22T23:42:34.803+0000] {dag.py:3229} INFO - Sync 1 DAGs
[2024-09-22T23:42:34.835+0000] {logging_mixin.py:190} INFO - [2024-09-22T23:42:34.835+0000] {dag.py:4156} INFO - Setting next_dagrun for example_xcom to 2021-01-01 00:00:00+00:00, run_after=2021-01-01 00:00:00+00:00
[2024-09-22T23:42:34.859+0000] {processor.py:208} INFO - Processing /home/airflow/.local/lib/python3.12/site-packages/airflow/example_dags/example_xcom.py took 0.123 seconds
[2024-09-22T23:43:05.748+0000] {processor.py:186} INFO - Started process (PID=2145) to work on /home/airflow/.local/lib/python3.12/site-packages/airflow/example_dags/example_xcom.py
[2024-09-22T23:43:05.751+0000] {processor.py:914} INFO - Processing file /home/airflow/.local/lib/python3.12/site-packages/airflow/example_dags/example_xcom.py for tasks to queue
[2024-09-22T23:43:05.758+0000] {logging_mixin.py:190} INFO - [2024-09-22T23:43:05.758+0000] {dagbag.py:587} INFO - Filling up the DagBag from /home/airflow/.local/lib/python3.12/site-packages/airflow/example_dags/example_xcom.py
[2024-09-22T23:43:05.803+0000] {processor.py:925} INFO - DAG(s) 'example_xcom' retrieved from /home/airflow/.local/lib/python3.12/site-packages/airflow/example_dags/example_xcom.py
[2024-09-22T23:43:05.875+0000] {logging_mixin.py:190} INFO - [2024-09-22T23:43:05.875+0000] {dag.py:3229} INFO - Sync 1 DAGs
[2024-09-22T23:43:05.990+0000] {logging_mixin.py:190} INFO - [2024-09-22T23:43:05.989+0000] {dag.py:4156} INFO - Setting next_dagrun for example_xcom to 2021-01-01 00:00:00+00:00, run_after=2021-01-01 00:00:00+00:00
[2024-09-22T23:43:06.051+0000] {processor.py:208} INFO - Processing /home/airflow/.local/lib/python3.12/site-packages/airflow/example_dags/example_xcom.py took 0.327 seconds
[2024-09-22T23:43:36.651+0000] {processor.py:186} INFO - Started process (PID=2208) to work on /home/airflow/.local/lib/python3.12/site-packages/airflow/example_dags/example_xcom.py
[2024-09-22T23:43:36.656+0000] {processor.py:914} INFO - Processing file /home/airflow/.local/lib/python3.12/site-packages/airflow/example_dags/example_xcom.py for tasks to queue
[2024-09-22T23:43:36.664+0000] {logging_mixin.py:190} INFO - [2024-09-22T23:43:36.663+0000] {dagbag.py:587} INFO - Filling up the DagBag from /home/airflow/.local/lib/python3.12/site-packages/airflow/example_dags/example_xcom.py
[2024-09-22T23:43:36.717+0000] {processor.py:925} INFO - DAG(s) 'example_xcom' retrieved from /home/airflow/.local/lib/python3.12/site-packages/airflow/example_dags/example_xcom.py
[2024-09-22T23:43:36.784+0000] {logging_mixin.py:190} INFO - [2024-09-22T23:43:36.783+0000] {dag.py:3229} INFO - Sync 1 DAGs
[2024-09-22T23:43:36.840+0000] {logging_mixin.py:190} INFO - [2024-09-22T23:43:36.839+0000] {dag.py:4156} INFO - Setting next_dagrun for example_xcom to 2021-01-01 00:00:00+00:00, run_after=2021-01-01 00:00:00+00:00
[2024-09-22T23:43:36.867+0000] {processor.py:208} INFO - Processing /home/airflow/.local/lib/python3.12/site-packages/airflow/example_dags/example_xcom.py took 0.229 seconds
[2024-09-22T23:44:07.009+0000] {processor.py:186} INFO - Started process (PID=2271) to work on /home/airflow/.local/lib/python3.12/site-packages/airflow/example_dags/example_xcom.py
[2024-09-22T23:44:07.011+0000] {processor.py:914} INFO - Processing file /home/airflow/.local/lib/python3.12/site-packages/airflow/example_dags/example_xcom.py for tasks to queue
[2024-09-22T23:44:07.015+0000] {logging_mixin.py:190} INFO - [2024-09-22T23:44:07.014+0000] {dagbag.py:587} INFO - Filling up the DagBag from /home/airflow/.local/lib/python3.12/site-packages/airflow/example_dags/example_xcom.py
[2024-09-22T23:44:07.036+0000] {processor.py:925} INFO - DAG(s) 'example_xcom' retrieved from /home/airflow/.local/lib/python3.12/site-packages/airflow/example_dags/example_xcom.py
[2024-09-22T23:44:07.071+0000] {logging_mixin.py:190} INFO - [2024-09-22T23:44:07.070+0000] {dag.py:3229} INFO - Sync 1 DAGs
[2024-09-22T23:44:07.104+0000] {logging_mixin.py:190} INFO - [2024-09-22T23:44:07.104+0000] {dag.py:4156} INFO - Setting next_dagrun for example_xcom to 2021-01-01 00:00:00+00:00, run_after=2021-01-01 00:00:00+00:00
[2024-09-22T23:44:07.129+0000] {processor.py:208} INFO - Processing /home/airflow/.local/lib/python3.12/site-packages/airflow/example_dags/example_xcom.py took 0.130 seconds
[2024-09-22T23:46:52.857+0000] {processor.py:186} INFO - Started process (PID=77) to work on /home/airflow/.local/lib/python3.12/site-packages/airflow/example_dags/example_xcom.py
[2024-09-22T23:46:52.860+0000] {processor.py:914} INFO - Processing file /home/airflow/.local/lib/python3.12/site-packages/airflow/example_dags/example_xcom.py for tasks to queue
[2024-09-22T23:46:52.865+0000] {logging_mixin.py:190} INFO - [2024-09-22T23:46:52.864+0000] {dagbag.py:587} INFO - Filling up the DagBag from /home/airflow/.local/lib/python3.12/site-packages/airflow/example_dags/example_xcom.py
[2024-09-22T23:46:52.896+0000] {processor.py:925} INFO - DAG(s) 'example_xcom' retrieved from /home/airflow/.local/lib/python3.12/site-packages/airflow/example_dags/example_xcom.py
[2024-09-22T23:46:53.000+0000] {logging_mixin.py:190} INFO - [2024-09-22T23:46:52.999+0000] {dag.py:3229} INFO - Sync 1 DAGs
[2024-09-22T23:46:53.048+0000] {logging_mixin.py:190} INFO - [2024-09-22T23:46:53.048+0000] {dag.py:4156} INFO - Setting next_dagrun for example_xcom to 2021-01-01 00:00:00+00:00, run_after=2021-01-01 00:00:00+00:00
[2024-09-22T23:46:53.083+0000] {processor.py:208} INFO - Processing /home/airflow/.local/lib/python3.12/site-packages/airflow/example_dags/example_xcom.py took 0.240 seconds
[2024-09-22T23:47:23.419+0000] {processor.py:186} INFO - Started process (PID=139) to work on /home/airflow/.local/lib/python3.12/site-packages/airflow/example_dags/example_xcom.py
[2024-09-22T23:47:23.421+0000] {processor.py:914} INFO - Processing file /home/airflow/.local/lib/python3.12/site-packages/airflow/example_dags/example_xcom.py for tasks to queue
[2024-09-22T23:47:23.425+0000] {logging_mixin.py:190} INFO - [2024-09-22T23:47:23.424+0000] {dagbag.py:587} INFO - Filling up the DagBag from /home/airflow/.local/lib/python3.12/site-packages/airflow/example_dags/example_xcom.py
[2024-09-22T23:47:23.452+0000] {processor.py:925} INFO - DAG(s) 'example_xcom' retrieved from /home/airflow/.local/lib/python3.12/site-packages/airflow/example_dags/example_xcom.py
[2024-09-22T23:47:23.484+0000] {logging_mixin.py:190} INFO - [2024-09-22T23:47:23.484+0000] {dag.py:3229} INFO - Sync 1 DAGs
[2024-09-22T23:47:23.518+0000] {logging_mixin.py:190} INFO - [2024-09-22T23:47:23.517+0000] {dag.py:4156} INFO - Setting next_dagrun for example_xcom to 2021-01-01 00:00:00+00:00, run_after=2021-01-01 00:00:00+00:00
[2024-09-22T23:47:23.543+0000] {processor.py:208} INFO - Processing /home/airflow/.local/lib/python3.12/site-packages/airflow/example_dags/example_xcom.py took 0.136 seconds
[2024-09-22T23:47:54.280+0000] {processor.py:186} INFO - Started process (PID=202) to work on /home/airflow/.local/lib/python3.12/site-packages/airflow/example_dags/example_xcom.py
[2024-09-22T23:47:54.283+0000] {processor.py:914} INFO - Processing file /home/airflow/.local/lib/python3.12/site-packages/airflow/example_dags/example_xcom.py for tasks to queue
[2024-09-22T23:47:54.286+0000] {logging_mixin.py:190} INFO - [2024-09-22T23:47:54.286+0000] {dagbag.py:587} INFO - Filling up the DagBag from /home/airflow/.local/lib/python3.12/site-packages/airflow/example_dags/example_xcom.py
[2024-09-22T23:47:54.306+0000] {processor.py:925} INFO - DAG(s) 'example_xcom' retrieved from /home/airflow/.local/lib/python3.12/site-packages/airflow/example_dags/example_xcom.py
[2024-09-22T23:47:54.342+0000] {logging_mixin.py:190} INFO - [2024-09-22T23:47:54.342+0000] {dag.py:3229} INFO - Sync 1 DAGs
[2024-09-22T23:47:54.376+0000] {logging_mixin.py:190} INFO - [2024-09-22T23:47:54.376+0000] {dag.py:4156} INFO - Setting next_dagrun for example_xcom to 2021-01-01 00:00:00+00:00, run_after=2021-01-01 00:00:00+00:00
[2024-09-22T23:47:54.400+0000] {processor.py:208} INFO - Processing /home/airflow/.local/lib/python3.12/site-packages/airflow/example_dags/example_xcom.py took 0.129 seconds
[2024-09-22T23:48:24.811+0000] {processor.py:186} INFO - Started process (PID=265) to work on /home/airflow/.local/lib/python3.12/site-packages/airflow/example_dags/example_xcom.py
[2024-09-22T23:48:24.813+0000] {processor.py:914} INFO - Processing file /home/airflow/.local/lib/python3.12/site-packages/airflow/example_dags/example_xcom.py for tasks to queue
[2024-09-22T23:48:24.816+0000] {logging_mixin.py:190} INFO - [2024-09-22T23:48:24.816+0000] {dagbag.py:587} INFO - Filling up the DagBag from /home/airflow/.local/lib/python3.12/site-packages/airflow/example_dags/example_xcom.py
[2024-09-22T23:48:24.839+0000] {processor.py:925} INFO - DAG(s) 'example_xcom' retrieved from /home/airflow/.local/lib/python3.12/site-packages/airflow/example_dags/example_xcom.py
[2024-09-22T23:48:24.869+0000] {logging_mixin.py:190} INFO - [2024-09-22T23:48:24.868+0000] {dag.py:3229} INFO - Sync 1 DAGs
[2024-09-22T23:48:24.900+0000] {logging_mixin.py:190} INFO - [2024-09-22T23:48:24.900+0000] {dag.py:4156} INFO - Setting next_dagrun for example_xcom to 2021-01-01 00:00:00+00:00, run_after=2021-01-01 00:00:00+00:00
[2024-09-22T23:48:24.926+0000] {processor.py:208} INFO - Processing /home/airflow/.local/lib/python3.12/site-packages/airflow/example_dags/example_xcom.py took 0.123 seconds
[2024-09-22T23:48:55.513+0000] {processor.py:186} INFO - Started process (PID=328) to work on /home/airflow/.local/lib/python3.12/site-packages/airflow/example_dags/example_xcom.py
[2024-09-22T23:48:55.516+0000] {processor.py:914} INFO - Processing file /home/airflow/.local/lib/python3.12/site-packages/airflow/example_dags/example_xcom.py for tasks to queue
[2024-09-22T23:48:55.520+0000] {logging_mixin.py:190} INFO - [2024-09-22T23:48:55.519+0000] {dagbag.py:587} INFO - Filling up the DagBag from /home/airflow/.local/lib/python3.12/site-packages/airflow/example_dags/example_xcom.py
[2024-09-22T23:48:55.539+0000] {processor.py:925} INFO - DAG(s) 'example_xcom' retrieved from /home/airflow/.local/lib/python3.12/site-packages/airflow/example_dags/example_xcom.py
[2024-09-22T23:48:55.574+0000] {logging_mixin.py:190} INFO - [2024-09-22T23:48:55.573+0000] {dag.py:3229} INFO - Sync 1 DAGs
[2024-09-22T23:48:55.611+0000] {logging_mixin.py:190} INFO - [2024-09-22T23:48:55.610+0000] {dag.py:4156} INFO - Setting next_dagrun for example_xcom to 2021-01-01 00:00:00+00:00, run_after=2021-01-01 00:00:00+00:00
[2024-09-22T23:48:55.636+0000] {processor.py:208} INFO - Processing /home/airflow/.local/lib/python3.12/site-packages/airflow/example_dags/example_xcom.py took 0.133 seconds
[2024-09-22T23:49:26.204+0000] {processor.py:186} INFO - Started process (PID=391) to work on /home/airflow/.local/lib/python3.12/site-packages/airflow/example_dags/example_xcom.py
[2024-09-22T23:49:26.209+0000] {processor.py:914} INFO - Processing file /home/airflow/.local/lib/python3.12/site-packages/airflow/example_dags/example_xcom.py for tasks to queue
[2024-09-22T23:49:26.216+0000] {logging_mixin.py:190} INFO - [2024-09-22T23:49:26.215+0000] {dagbag.py:587} INFO - Filling up the DagBag from /home/airflow/.local/lib/python3.12/site-packages/airflow/example_dags/example_xcom.py
[2024-09-22T23:49:26.251+0000] {processor.py:925} INFO - DAG(s) 'example_xcom' retrieved from /home/airflow/.local/lib/python3.12/site-packages/airflow/example_dags/example_xcom.py
[2024-09-22T23:49:26.306+0000] {logging_mixin.py:190} INFO - [2024-09-22T23:49:26.306+0000] {dag.py:3229} INFO - Sync 1 DAGs
[2024-09-22T23:49:26.354+0000] {logging_mixin.py:190} INFO - [2024-09-22T23:49:26.353+0000] {dag.py:4156} INFO - Setting next_dagrun for example_xcom to 2021-01-01 00:00:00+00:00, run_after=2021-01-01 00:00:00+00:00
[2024-09-22T23:49:26.384+0000] {processor.py:208} INFO - Processing /home/airflow/.local/lib/python3.12/site-packages/airflow/example_dags/example_xcom.py took 0.198 seconds
[2024-09-22T23:49:56.531+0000] {processor.py:186} INFO - Started process (PID=454) to work on /home/airflow/.local/lib/python3.12/site-packages/airflow/example_dags/example_xcom.py
[2024-09-22T23:49:56.533+0000] {processor.py:914} INFO - Processing file /home/airflow/.local/lib/python3.12/site-packages/airflow/example_dags/example_xcom.py for tasks to queue
[2024-09-22T23:49:56.536+0000] {logging_mixin.py:190} INFO - [2024-09-22T23:49:56.536+0000] {dagbag.py:587} INFO - Filling up the DagBag from /home/airflow/.local/lib/python3.12/site-packages/airflow/example_dags/example_xcom.py
[2024-09-22T23:49:56.556+0000] {processor.py:925} INFO - DAG(s) 'example_xcom' retrieved from /home/airflow/.local/lib/python3.12/site-packages/airflow/example_dags/example_xcom.py
[2024-09-22T23:49:56.611+0000] {logging_mixin.py:190} INFO - [2024-09-22T23:49:56.611+0000] {dag.py:3229} INFO - Sync 1 DAGs
[2024-09-22T23:49:56.653+0000] {logging_mixin.py:190} INFO - [2024-09-22T23:49:56.652+0000] {dag.py:4156} INFO - Setting next_dagrun for example_xcom to 2021-01-01 00:00:00+00:00, run_after=2021-01-01 00:00:00+00:00
[2024-09-22T23:49:56.687+0000] {processor.py:208} INFO - Processing /home/airflow/.local/lib/python3.12/site-packages/airflow/example_dags/example_xcom.py took 0.165 seconds
[2024-09-22T23:50:27.148+0000] {processor.py:186} INFO - Started process (PID=517) to work on /home/airflow/.local/lib/python3.12/site-packages/airflow/example_dags/example_xcom.py
[2024-09-22T23:50:27.150+0000] {processor.py:914} INFO - Processing file /home/airflow/.local/lib/python3.12/site-packages/airflow/example_dags/example_xcom.py for tasks to queue
[2024-09-22T23:50:27.154+0000] {logging_mixin.py:190} INFO - [2024-09-22T23:50:27.153+0000] {dagbag.py:587} INFO - Filling up the DagBag from /home/airflow/.local/lib/python3.12/site-packages/airflow/example_dags/example_xcom.py
[2024-09-22T23:50:27.173+0000] {processor.py:925} INFO - DAG(s) 'example_xcom' retrieved from /home/airflow/.local/lib/python3.12/site-packages/airflow/example_dags/example_xcom.py
[2024-09-22T23:50:27.207+0000] {logging_mixin.py:190} INFO - [2024-09-22T23:50:27.207+0000] {dag.py:3229} INFO - Sync 1 DAGs
[2024-09-22T23:50:27.240+0000] {logging_mixin.py:190} INFO - [2024-09-22T23:50:27.239+0000] {dag.py:4156} INFO - Setting next_dagrun for example_xcom to 2021-01-01 00:00:00+00:00, run_after=2021-01-01 00:00:00+00:00
[2024-09-22T23:50:27.262+0000] {processor.py:208} INFO - Processing /home/airflow/.local/lib/python3.12/site-packages/airflow/example_dags/example_xcom.py took 0.123 seconds
[2024-09-22T23:50:57.630+0000] {processor.py:186} INFO - Started process (PID=581) to work on /home/airflow/.local/lib/python3.12/site-packages/airflow/example_dags/example_xcom.py
[2024-09-22T23:50:57.632+0000] {processor.py:914} INFO - Processing file /home/airflow/.local/lib/python3.12/site-packages/airflow/example_dags/example_xcom.py for tasks to queue
[2024-09-22T23:50:57.635+0000] {logging_mixin.py:190} INFO - [2024-09-22T23:50:57.635+0000] {dagbag.py:587} INFO - Filling up the DagBag from /home/airflow/.local/lib/python3.12/site-packages/airflow/example_dags/example_xcom.py
[2024-09-22T23:50:57.655+0000] {processor.py:925} INFO - DAG(s) 'example_xcom' retrieved from /home/airflow/.local/lib/python3.12/site-packages/airflow/example_dags/example_xcom.py
[2024-09-22T23:50:57.689+0000] {logging_mixin.py:190} INFO - [2024-09-22T23:50:57.688+0000] {dag.py:3229} INFO - Sync 1 DAGs
[2024-09-22T23:50:57.724+0000] {logging_mixin.py:190} INFO - [2024-09-22T23:50:57.723+0000] {dag.py:4156} INFO - Setting next_dagrun for example_xcom to 2021-01-01 00:00:00+00:00, run_after=2021-01-01 00:00:00+00:00
[2024-09-22T23:50:57.751+0000] {processor.py:208} INFO - Processing /home/airflow/.local/lib/python3.12/site-packages/airflow/example_dags/example_xcom.py took 0.131 seconds
[2024-09-22T23:51:28.068+0000] {processor.py:186} INFO - Started process (PID=644) to work on /home/airflow/.local/lib/python3.12/site-packages/airflow/example_dags/example_xcom.py
[2024-09-22T23:51:28.070+0000] {processor.py:914} INFO - Processing file /home/airflow/.local/lib/python3.12/site-packages/airflow/example_dags/example_xcom.py for tasks to queue
[2024-09-22T23:51:28.074+0000] {logging_mixin.py:190} INFO - [2024-09-22T23:51:28.073+0000] {dagbag.py:587} INFO - Filling up the DagBag from /home/airflow/.local/lib/python3.12/site-packages/airflow/example_dags/example_xcom.py
[2024-09-22T23:51:28.093+0000] {processor.py:925} INFO - DAG(s) 'example_xcom' retrieved from /home/airflow/.local/lib/python3.12/site-packages/airflow/example_dags/example_xcom.py
[2024-09-22T23:51:28.128+0000] {logging_mixin.py:190} INFO - [2024-09-22T23:51:28.128+0000] {dag.py:3229} INFO - Sync 1 DAGs
[2024-09-22T23:51:28.171+0000] {logging_mixin.py:190} INFO - [2024-09-22T23:51:28.171+0000] {dag.py:4156} INFO - Setting next_dagrun for example_xcom to 2021-01-01 00:00:00+00:00, run_after=2021-01-01 00:00:00+00:00
[2024-09-22T23:51:28.206+0000] {processor.py:208} INFO - Processing /home/airflow/.local/lib/python3.12/site-packages/airflow/example_dags/example_xcom.py took 0.147 seconds
[2024-09-22T23:51:58.581+0000] {processor.py:186} INFO - Started process (PID=708) to work on /home/airflow/.local/lib/python3.12/site-packages/airflow/example_dags/example_xcom.py
[2024-09-22T23:51:58.583+0000] {processor.py:914} INFO - Processing file /home/airflow/.local/lib/python3.12/site-packages/airflow/example_dags/example_xcom.py for tasks to queue
[2024-09-22T23:51:58.587+0000] {logging_mixin.py:190} INFO - [2024-09-22T23:51:58.586+0000] {dagbag.py:587} INFO - Filling up the DagBag from /home/airflow/.local/lib/python3.12/site-packages/airflow/example_dags/example_xcom.py
[2024-09-22T23:51:58.606+0000] {processor.py:925} INFO - DAG(s) 'example_xcom' retrieved from /home/airflow/.local/lib/python3.12/site-packages/airflow/example_dags/example_xcom.py
[2024-09-22T23:51:58.640+0000] {logging_mixin.py:190} INFO - [2024-09-22T23:51:58.640+0000] {dag.py:3229} INFO - Sync 1 DAGs
[2024-09-22T23:51:58.672+0000] {logging_mixin.py:190} INFO - [2024-09-22T23:51:58.672+0000] {dag.py:4156} INFO - Setting next_dagrun for example_xcom to 2021-01-01 00:00:00+00:00, run_after=2021-01-01 00:00:00+00:00
[2024-09-22T23:51:58.701+0000] {processor.py:208} INFO - Processing /home/airflow/.local/lib/python3.12/site-packages/airflow/example_dags/example_xcom.py took 0.129 seconds
[2024-09-22T23:52:28.759+0000] {processor.py:186} INFO - Started process (PID=771) to work on /home/airflow/.local/lib/python3.12/site-packages/airflow/example_dags/example_xcom.py
[2024-09-22T23:52:28.761+0000] {processor.py:914} INFO - Processing file /home/airflow/.local/lib/python3.12/site-packages/airflow/example_dags/example_xcom.py for tasks to queue
[2024-09-22T23:52:28.765+0000] {logging_mixin.py:190} INFO - [2024-09-22T23:52:28.765+0000] {dagbag.py:587} INFO - Filling up the DagBag from /home/airflow/.local/lib/python3.12/site-packages/airflow/example_dags/example_xcom.py
[2024-09-22T23:52:28.789+0000] {processor.py:925} INFO - DAG(s) 'example_xcom' retrieved from /home/airflow/.local/lib/python3.12/site-packages/airflow/example_dags/example_xcom.py
[2024-09-22T23:52:28.830+0000] {logging_mixin.py:190} INFO - [2024-09-22T23:52:28.829+0000] {dag.py:3229} INFO - Sync 1 DAGs
[2024-09-22T23:52:28.870+0000] {logging_mixin.py:190} INFO - [2024-09-22T23:52:28.870+0000] {dag.py:4156} INFO - Setting next_dagrun for example_xcom to 2021-01-01 00:00:00+00:00, run_after=2021-01-01 00:00:00+00:00
[2024-09-22T23:52:28.896+0000] {processor.py:208} INFO - Processing /home/airflow/.local/lib/python3.12/site-packages/airflow/example_dags/example_xcom.py took 0.147 seconds
[2024-09-22T23:52:59.335+0000] {processor.py:186} INFO - Started process (PID=834) to work on /home/airflow/.local/lib/python3.12/site-packages/airflow/example_dags/example_xcom.py
[2024-09-22T23:52:59.337+0000] {processor.py:914} INFO - Processing file /home/airflow/.local/lib/python3.12/site-packages/airflow/example_dags/example_xcom.py for tasks to queue
[2024-09-22T23:52:59.341+0000] {logging_mixin.py:190} INFO - [2024-09-22T23:52:59.340+0000] {dagbag.py:587} INFO - Filling up the DagBag from /home/airflow/.local/lib/python3.12/site-packages/airflow/example_dags/example_xcom.py
[2024-09-22T23:52:59.361+0000] {processor.py:925} INFO - DAG(s) 'example_xcom' retrieved from /home/airflow/.local/lib/python3.12/site-packages/airflow/example_dags/example_xcom.py
[2024-09-22T23:52:59.395+0000] {logging_mixin.py:190} INFO - [2024-09-22T23:52:59.394+0000] {dag.py:3229} INFO - Sync 1 DAGs
[2024-09-22T23:52:59.429+0000] {logging_mixin.py:190} INFO - [2024-09-22T23:52:59.429+0000] {dag.py:4156} INFO - Setting next_dagrun for example_xcom to 2021-01-01 00:00:00+00:00, run_after=2021-01-01 00:00:00+00:00
[2024-09-22T23:52:59.456+0000] {processor.py:208} INFO - Processing /home/airflow/.local/lib/python3.12/site-packages/airflow/example_dags/example_xcom.py took 0.131 seconds
[2024-09-22T23:53:30.736+0000] {processor.py:186} INFO - Started process (PID=896) to work on /home/airflow/.local/lib/python3.12/site-packages/airflow/example_dags/example_xcom.py
[2024-09-22T23:53:30.738+0000] {processor.py:914} INFO - Processing file /home/airflow/.local/lib/python3.12/site-packages/airflow/example_dags/example_xcom.py for tasks to queue
[2024-09-22T23:53:30.746+0000] {logging_mixin.py:190} INFO - [2024-09-22T23:53:30.744+0000] {dagbag.py:587} INFO - Filling up the DagBag from /home/airflow/.local/lib/python3.12/site-packages/airflow/example_dags/example_xcom.py
[2024-09-22T23:53:30.795+0000] {processor.py:925} INFO - DAG(s) 'example_xcom' retrieved from /home/airflow/.local/lib/python3.12/site-packages/airflow/example_dags/example_xcom.py
[2024-09-22T23:53:30.917+0000] {logging_mixin.py:190} INFO - [2024-09-22T23:53:30.916+0000] {dag.py:3229} INFO - Sync 1 DAGs
[2024-09-22T23:53:31.000+0000] {logging_mixin.py:190} INFO - [2024-09-22T23:53:30.999+0000] {dag.py:4156} INFO - Setting next_dagrun for example_xcom to 2021-01-01 00:00:00+00:00, run_after=2021-01-01 00:00:00+00:00
[2024-09-22T23:53:31.059+0000] {processor.py:208} INFO - Processing /home/airflow/.local/lib/python3.12/site-packages/airflow/example_dags/example_xcom.py took 0.343 seconds
[2024-09-22T23:54:01.160+0000] {processor.py:186} INFO - Started process (PID=959) to work on /home/airflow/.local/lib/python3.12/site-packages/airflow/example_dags/example_xcom.py
[2024-09-22T23:54:01.162+0000] {processor.py:914} INFO - Processing file /home/airflow/.local/lib/python3.12/site-packages/airflow/example_dags/example_xcom.py for tasks to queue
[2024-09-22T23:54:01.165+0000] {logging_mixin.py:190} INFO - [2024-09-22T23:54:01.165+0000] {dagbag.py:587} INFO - Filling up the DagBag from /home/airflow/.local/lib/python3.12/site-packages/airflow/example_dags/example_xcom.py
[2024-09-22T23:54:01.184+0000] {processor.py:925} INFO - DAG(s) 'example_xcom' retrieved from /home/airflow/.local/lib/python3.12/site-packages/airflow/example_dags/example_xcom.py
[2024-09-22T23:54:01.217+0000] {logging_mixin.py:190} INFO - [2024-09-22T23:54:01.216+0000] {dag.py:3229} INFO - Sync 1 DAGs
[2024-09-22T23:54:01.248+0000] {logging_mixin.py:190} INFO - [2024-09-22T23:54:01.248+0000] {dag.py:4156} INFO - Setting next_dagrun for example_xcom to 2021-01-01 00:00:00+00:00, run_after=2021-01-01 00:00:00+00:00
[2024-09-22T23:54:01.278+0000] {processor.py:208} INFO - Processing /home/airflow/.local/lib/python3.12/site-packages/airflow/example_dags/example_xcom.py took 0.128 seconds
[2024-09-22T23:54:32.020+0000] {processor.py:186} INFO - Started process (PID=1022) to work on /home/airflow/.local/lib/python3.12/site-packages/airflow/example_dags/example_xcom.py
[2024-09-22T23:54:32.022+0000] {processor.py:914} INFO - Processing file /home/airflow/.local/lib/python3.12/site-packages/airflow/example_dags/example_xcom.py for tasks to queue
[2024-09-22T23:54:32.026+0000] {logging_mixin.py:190} INFO - [2024-09-22T23:54:32.026+0000] {dagbag.py:587} INFO - Filling up the DagBag from /home/airflow/.local/lib/python3.12/site-packages/airflow/example_dags/example_xcom.py
[2024-09-22T23:54:32.047+0000] {processor.py:925} INFO - DAG(s) 'example_xcom' retrieved from /home/airflow/.local/lib/python3.12/site-packages/airflow/example_dags/example_xcom.py
[2024-09-22T23:54:32.088+0000] {logging_mixin.py:190} INFO - [2024-09-22T23:54:32.088+0000] {dag.py:3229} INFO - Sync 1 DAGs
[2024-09-22T23:54:32.121+0000] {logging_mixin.py:190} INFO - [2024-09-22T23:54:32.120+0000] {dag.py:4156} INFO - Setting next_dagrun for example_xcom to 2021-01-01 00:00:00+00:00, run_after=2021-01-01 00:00:00+00:00
[2024-09-22T23:54:32.149+0000] {processor.py:208} INFO - Processing /home/airflow/.local/lib/python3.12/site-packages/airflow/example_dags/example_xcom.py took 0.138 seconds
[2024-09-22T23:55:03.022+0000] {processor.py:186} INFO - Started process (PID=1085) to work on /home/airflow/.local/lib/python3.12/site-packages/airflow/example_dags/example_xcom.py
[2024-09-22T23:55:03.024+0000] {processor.py:914} INFO - Processing file /home/airflow/.local/lib/python3.12/site-packages/airflow/example_dags/example_xcom.py for tasks to queue
[2024-09-22T23:55:03.028+0000] {logging_mixin.py:190} INFO - [2024-09-22T23:55:03.028+0000] {dagbag.py:587} INFO - Filling up the DagBag from /home/airflow/.local/lib/python3.12/site-packages/airflow/example_dags/example_xcom.py
[2024-09-22T23:55:03.050+0000] {processor.py:925} INFO - DAG(s) 'example_xcom' retrieved from /home/airflow/.local/lib/python3.12/site-packages/airflow/example_dags/example_xcom.py
[2024-09-22T23:55:03.090+0000] {logging_mixin.py:190} INFO - [2024-09-22T23:55:03.089+0000] {dag.py:3229} INFO - Sync 1 DAGs
[2024-09-22T23:55:03.129+0000] {logging_mixin.py:190} INFO - [2024-09-22T23:55:03.129+0000] {dag.py:4156} INFO - Setting next_dagrun for example_xcom to 2021-01-01 00:00:00+00:00, run_after=2021-01-01 00:00:00+00:00
[2024-09-22T23:55:03.158+0000] {processor.py:208} INFO - Processing /home/airflow/.local/lib/python3.12/site-packages/airflow/example_dags/example_xcom.py took 0.145 seconds
[2024-09-22T23:55:33.380+0000] {processor.py:186} INFO - Started process (PID=1147) to work on /home/airflow/.local/lib/python3.12/site-packages/airflow/example_dags/example_xcom.py
[2024-09-22T23:55:33.381+0000] {processor.py:914} INFO - Processing file /home/airflow/.local/lib/python3.12/site-packages/airflow/example_dags/example_xcom.py for tasks to queue
[2024-09-22T23:55:33.385+0000] {logging_mixin.py:190} INFO - [2024-09-22T23:55:33.384+0000] {dagbag.py:587} INFO - Filling up the DagBag from /home/airflow/.local/lib/python3.12/site-packages/airflow/example_dags/example_xcom.py
[2024-09-22T23:55:33.406+0000] {processor.py:925} INFO - DAG(s) 'example_xcom' retrieved from /home/airflow/.local/lib/python3.12/site-packages/airflow/example_dags/example_xcom.py
[2024-09-22T23:55:33.442+0000] {logging_mixin.py:190} INFO - [2024-09-22T23:55:33.442+0000] {dag.py:3229} INFO - Sync 1 DAGs
[2024-09-22T23:55:33.474+0000] {logging_mixin.py:190} INFO - [2024-09-22T23:55:33.474+0000] {dag.py:4156} INFO - Setting next_dagrun for example_xcom to 2021-01-01 00:00:00+00:00, run_after=2021-01-01 00:00:00+00:00
[2024-09-22T23:55:33.504+0000] {processor.py:208} INFO - Processing /home/airflow/.local/lib/python3.12/site-packages/airflow/example_dags/example_xcom.py took 0.134 seconds
[2024-09-22T23:58:01.218+0000] {processor.py:186} INFO - Started process (PID=75) to work on /home/airflow/.local/lib/python3.12/site-packages/airflow/example_dags/example_xcom.py
[2024-09-22T23:58:01.220+0000] {processor.py:914} INFO - Processing file /home/airflow/.local/lib/python3.12/site-packages/airflow/example_dags/example_xcom.py for tasks to queue
[2024-09-22T23:58:01.227+0000] {logging_mixin.py:190} INFO - [2024-09-22T23:58:01.225+0000] {dagbag.py:587} INFO - Filling up the DagBag from /home/airflow/.local/lib/python3.12/site-packages/airflow/example_dags/example_xcom.py
[2024-09-22T23:58:01.257+0000] {processor.py:925} INFO - DAG(s) 'example_xcom' retrieved from /home/airflow/.local/lib/python3.12/site-packages/airflow/example_dags/example_xcom.py
[2024-09-22T23:58:01.334+0000] {logging_mixin.py:190} INFO - [2024-09-22T23:58:01.333+0000] {dag.py:3229} INFO - Sync 1 DAGs
[2024-09-22T23:58:01.379+0000] {logging_mixin.py:190} INFO - [2024-09-22T23:58:01.379+0000] {dag.py:4156} INFO - Setting next_dagrun for example_xcom to 2021-01-01 00:00:00+00:00, run_after=2021-01-01 00:00:00+00:00
[2024-09-22T23:58:01.410+0000] {processor.py:208} INFO - Processing /home/airflow/.local/lib/python3.12/site-packages/airflow/example_dags/example_xcom.py took 0.206 seconds
[2024-09-22T23:58:31.941+0000] {processor.py:186} INFO - Started process (PID=138) to work on /home/airflow/.local/lib/python3.12/site-packages/airflow/example_dags/example_xcom.py
[2024-09-22T23:58:31.942+0000] {processor.py:914} INFO - Processing file /home/airflow/.local/lib/python3.12/site-packages/airflow/example_dags/example_xcom.py for tasks to queue
[2024-09-22T23:58:31.945+0000] {logging_mixin.py:190} INFO - [2024-09-22T23:58:31.945+0000] {dagbag.py:587} INFO - Filling up the DagBag from /home/airflow/.local/lib/python3.12/site-packages/airflow/example_dags/example_xcom.py
[2024-09-22T23:58:31.966+0000] {processor.py:925} INFO - DAG(s) 'example_xcom' retrieved from /home/airflow/.local/lib/python3.12/site-packages/airflow/example_dags/example_xcom.py
[2024-09-22T23:58:32.002+0000] {logging_mixin.py:190} INFO - [2024-09-22T23:58:32.002+0000] {dag.py:3229} INFO - Sync 1 DAGs
[2024-09-22T23:58:32.035+0000] {logging_mixin.py:190} INFO - [2024-09-22T23:58:32.034+0000] {dag.py:4156} INFO - Setting next_dagrun for example_xcom to 2021-01-01 00:00:00+00:00, run_after=2021-01-01 00:00:00+00:00
[2024-09-22T23:58:32.061+0000] {processor.py:208} INFO - Processing /home/airflow/.local/lib/python3.12/site-packages/airflow/example_dags/example_xcom.py took 0.130 seconds
[2024-09-22T23:59:02.793+0000] {processor.py:186} INFO - Started process (PID=201) to work on /home/airflow/.local/lib/python3.12/site-packages/airflow/example_dags/example_xcom.py
[2024-09-22T23:59:02.800+0000] {processor.py:914} INFO - Processing file /home/airflow/.local/lib/python3.12/site-packages/airflow/example_dags/example_xcom.py for tasks to queue
[2024-09-22T23:59:02.804+0000] {logging_mixin.py:190} INFO - [2024-09-22T23:59:02.803+0000] {dagbag.py:587} INFO - Filling up the DagBag from /home/airflow/.local/lib/python3.12/site-packages/airflow/example_dags/example_xcom.py
[2024-09-22T23:59:02.827+0000] {processor.py:925} INFO - DAG(s) 'example_xcom' retrieved from /home/airflow/.local/lib/python3.12/site-packages/airflow/example_dags/example_xcom.py
[2024-09-22T23:59:02.862+0000] {logging_mixin.py:190} INFO - [2024-09-22T23:59:02.862+0000] {dag.py:3229} INFO - Sync 1 DAGs
[2024-09-22T23:59:02.903+0000] {logging_mixin.py:190} INFO - [2024-09-22T23:59:02.902+0000] {dag.py:4156} INFO - Setting next_dagrun for example_xcom to 2021-01-01 00:00:00+00:00, run_after=2021-01-01 00:00:00+00:00
[2024-09-22T23:59:02.929+0000] {processor.py:208} INFO - Processing /home/airflow/.local/lib/python3.12/site-packages/airflow/example_dags/example_xcom.py took 0.147 seconds
[2024-09-22T23:59:33.423+0000] {processor.py:186} INFO - Started process (PID=264) to work on /home/airflow/.local/lib/python3.12/site-packages/airflow/example_dags/example_xcom.py
[2024-09-22T23:59:33.425+0000] {processor.py:914} INFO - Processing file /home/airflow/.local/lib/python3.12/site-packages/airflow/example_dags/example_xcom.py for tasks to queue
[2024-09-22T23:59:33.428+0000] {logging_mixin.py:190} INFO - [2024-09-22T23:59:33.428+0000] {dagbag.py:587} INFO - Filling up the DagBag from /home/airflow/.local/lib/python3.12/site-packages/airflow/example_dags/example_xcom.py
[2024-09-22T23:59:33.448+0000] {processor.py:925} INFO - DAG(s) 'example_xcom' retrieved from /home/airflow/.local/lib/python3.12/site-packages/airflow/example_dags/example_xcom.py
[2024-09-22T23:59:33.481+0000] {logging_mixin.py:190} INFO - [2024-09-22T23:59:33.481+0000] {dag.py:3229} INFO - Sync 1 DAGs
[2024-09-22T23:59:33.515+0000] {logging_mixin.py:190} INFO - [2024-09-22T23:59:33.514+0000] {dag.py:4156} INFO - Setting next_dagrun for example_xcom to 2021-01-01 00:00:00+00:00, run_after=2021-01-01 00:00:00+00:00
[2024-09-22T23:59:33.541+0000] {processor.py:208} INFO - Processing /home/airflow/.local/lib/python3.12/site-packages/airflow/example_dags/example_xcom.py took 0.128 seconds
