[2024-09-22T23:26:15.557+0000] {processor.py:186} INFO - Started process (PID=72) to work on /home/airflow/.local/lib/python3.12/site-packages/airflow/example_dags/tutorial.py
[2024-09-22T23:26:15.559+0000] {processor.py:914} INFO - Processing file /home/airflow/.local/lib/python3.12/site-packages/airflow/example_dags/tutorial.py for tasks to queue
[2024-09-22T23:26:15.565+0000] {logging_mixin.py:190} INFO - [2024-09-22T23:26:15.564+0000] {dagbag.py:587} INFO - Filling up the DagBag from /home/airflow/.local/lib/python3.12/site-packages/airflow/example_dags/tutorial.py
[2024-09-22T23:26:15.591+0000] {processor.py:925} INFO - DAG(s) 'tutorial' retrieved from /home/airflow/.local/lib/python3.12/site-packages/airflow/example_dags/tutorial.py
[2024-09-22T23:26:15.848+0000] {logging_mixin.py:190} INFO - [2024-09-22T23:26:15.847+0000] {override.py:1900} INFO - Created Permission View: can edit on DAG:tutorial
[2024-09-22T23:26:15.863+0000] {logging_mixin.py:190} INFO - [2024-09-22T23:26:15.863+0000] {override.py:1900} INFO - Created Permission View: can read on DAG:tutorial
[2024-09-22T23:26:15.873+0000] {logging_mixin.py:190} INFO - [2024-09-22T23:26:15.872+0000] {override.py:1900} INFO - Created Permission View: can delete on DAG:tutorial
[2024-09-22T23:26:15.883+0000] {logging_mixin.py:190} INFO - [2024-09-22T23:26:15.882+0000] {override.py:1900} INFO - Created Permission View: can create on DAG Run:tutorial
[2024-09-22T23:26:15.892+0000] {logging_mixin.py:190} INFO - [2024-09-22T23:26:15.891+0000] {override.py:1900} INFO - Created Permission View: menu access on DAG Run:tutorial
[2024-09-22T23:26:15.901+0000] {logging_mixin.py:190} INFO - [2024-09-22T23:26:15.901+0000] {override.py:1900} INFO - Created Permission View: can read on DAG Run:tutorial
[2024-09-22T23:26:15.910+0000] {logging_mixin.py:190} INFO - [2024-09-22T23:26:15.910+0000] {override.py:1900} INFO - Created Permission View: can delete on DAG Run:tutorial
[2024-09-22T23:26:15.911+0000] {logging_mixin.py:190} INFO - [2024-09-22T23:26:15.911+0000] {dag.py:3229} INFO - Sync 1 DAGs
[2024-09-22T23:26:15.935+0000] {logging_mixin.py:190} INFO - [2024-09-22T23:26:15.934+0000] {dag.py:3252} INFO - Creating ORM DAG for tutorial
[2024-09-22T23:26:15.952+0000] {logging_mixin.py:190} INFO - [2024-09-22T23:26:15.951+0000] {dag.py:4156} INFO - Setting next_dagrun for tutorial to 2024-09-21 00:00:00+00:00, run_after=2024-09-22 00:00:00+00:00
[2024-09-22T23:26:15.978+0000] {processor.py:208} INFO - Processing /home/airflow/.local/lib/python3.12/site-packages/airflow/example_dags/tutorial.py took 0.447 seconds
[2024-09-22T23:26:46.269+0000] {processor.py:186} INFO - Started process (PID=134) to work on /home/airflow/.local/lib/python3.12/site-packages/airflow/example_dags/tutorial.py
[2024-09-22T23:26:46.270+0000] {processor.py:914} INFO - Processing file /home/airflow/.local/lib/python3.12/site-packages/airflow/example_dags/tutorial.py for tasks to queue
[2024-09-22T23:26:46.274+0000] {logging_mixin.py:190} INFO - [2024-09-22T23:26:46.273+0000] {dagbag.py:587} INFO - Filling up the DagBag from /home/airflow/.local/lib/python3.12/site-packages/airflow/example_dags/tutorial.py
[2024-09-22T23:26:46.291+0000] {processor.py:925} INFO - DAG(s) 'tutorial' retrieved from /home/airflow/.local/lib/python3.12/site-packages/airflow/example_dags/tutorial.py
[2024-09-22T23:26:46.319+0000] {logging_mixin.py:190} INFO - [2024-09-22T23:26:46.319+0000] {dag.py:3229} INFO - Sync 1 DAGs
[2024-09-22T23:26:46.351+0000] {logging_mixin.py:190} INFO - [2024-09-22T23:26:46.350+0000] {dag.py:4156} INFO - Setting next_dagrun for tutorial to 2024-09-21 00:00:00+00:00, run_after=2024-09-22 00:00:00+00:00
[2024-09-22T23:26:46.374+0000] {processor.py:208} INFO - Processing /home/airflow/.local/lib/python3.12/site-packages/airflow/example_dags/tutorial.py took 0.114 seconds
[2024-09-22T23:27:16.437+0000] {processor.py:186} INFO - Started process (PID=196) to work on /home/airflow/.local/lib/python3.12/site-packages/airflow/example_dags/tutorial.py
[2024-09-22T23:27:16.446+0000] {processor.py:914} INFO - Processing file /home/airflow/.local/lib/python3.12/site-packages/airflow/example_dags/tutorial.py for tasks to queue
[2024-09-22T23:27:16.450+0000] {logging_mixin.py:190} INFO - [2024-09-22T23:27:16.449+0000] {dagbag.py:587} INFO - Filling up the DagBag from /home/airflow/.local/lib/python3.12/site-packages/airflow/example_dags/tutorial.py
[2024-09-22T23:27:16.473+0000] {processor.py:925} INFO - DAG(s) 'tutorial' retrieved from /home/airflow/.local/lib/python3.12/site-packages/airflow/example_dags/tutorial.py
[2024-09-22T23:27:16.509+0000] {logging_mixin.py:190} INFO - [2024-09-22T23:27:16.508+0000] {dag.py:3229} INFO - Sync 1 DAGs
[2024-09-22T23:27:16.547+0000] {logging_mixin.py:190} INFO - [2024-09-22T23:27:16.546+0000] {dag.py:4156} INFO - Setting next_dagrun for tutorial to 2024-09-21 00:00:00+00:00, run_after=2024-09-22 00:00:00+00:00
[2024-09-22T23:27:16.577+0000] {processor.py:208} INFO - Processing /home/airflow/.local/lib/python3.12/site-packages/airflow/example_dags/tutorial.py took 0.149 seconds
[2024-09-22T23:27:46.651+0000] {processor.py:186} INFO - Started process (PID=258) to work on /home/airflow/.local/lib/python3.12/site-packages/airflow/example_dags/tutorial.py
[2024-09-22T23:27:46.652+0000] {processor.py:914} INFO - Processing file /home/airflow/.local/lib/python3.12/site-packages/airflow/example_dags/tutorial.py for tasks to queue
[2024-09-22T23:27:46.656+0000] {logging_mixin.py:190} INFO - [2024-09-22T23:27:46.655+0000] {dagbag.py:587} INFO - Filling up the DagBag from /home/airflow/.local/lib/python3.12/site-packages/airflow/example_dags/tutorial.py
[2024-09-22T23:27:46.675+0000] {processor.py:925} INFO - DAG(s) 'tutorial' retrieved from /home/airflow/.local/lib/python3.12/site-packages/airflow/example_dags/tutorial.py
[2024-09-22T23:27:46.709+0000] {logging_mixin.py:190} INFO - [2024-09-22T23:27:46.708+0000] {dag.py:3229} INFO - Sync 1 DAGs
[2024-09-22T23:27:46.749+0000] {logging_mixin.py:190} INFO - [2024-09-22T23:27:46.749+0000] {dag.py:4156} INFO - Setting next_dagrun for tutorial to 2024-09-21 00:00:00+00:00, run_after=2024-09-22 00:00:00+00:00
[2024-09-22T23:27:46.775+0000] {processor.py:208} INFO - Processing /home/airflow/.local/lib/python3.12/site-packages/airflow/example_dags/tutorial.py took 0.133 seconds
[2024-09-22T23:28:17.110+0000] {processor.py:186} INFO - Started process (PID=320) to work on /home/airflow/.local/lib/python3.12/site-packages/airflow/example_dags/tutorial.py
[2024-09-22T23:28:17.112+0000] {processor.py:914} INFO - Processing file /home/airflow/.local/lib/python3.12/site-packages/airflow/example_dags/tutorial.py for tasks to queue
[2024-09-22T23:28:17.117+0000] {logging_mixin.py:190} INFO - [2024-09-22T23:28:17.117+0000] {dagbag.py:587} INFO - Filling up the DagBag from /home/airflow/.local/lib/python3.12/site-packages/airflow/example_dags/tutorial.py
[2024-09-22T23:28:17.141+0000] {processor.py:925} INFO - DAG(s) 'tutorial' retrieved from /home/airflow/.local/lib/python3.12/site-packages/airflow/example_dags/tutorial.py
[2024-09-22T23:28:17.176+0000] {logging_mixin.py:190} INFO - [2024-09-22T23:28:17.176+0000] {dag.py:3229} INFO - Sync 1 DAGs
[2024-09-22T23:28:17.224+0000] {logging_mixin.py:190} INFO - [2024-09-22T23:28:17.223+0000] {dag.py:4156} INFO - Setting next_dagrun for tutorial to 2024-09-21 00:00:00+00:00, run_after=2024-09-22 00:00:00+00:00
[2024-09-22T23:28:17.256+0000] {processor.py:208} INFO - Processing /home/airflow/.local/lib/python3.12/site-packages/airflow/example_dags/tutorial.py took 0.161 seconds
[2024-09-22T23:28:47.358+0000] {processor.py:186} INFO - Started process (PID=382) to work on /home/airflow/.local/lib/python3.12/site-packages/airflow/example_dags/tutorial.py
[2024-09-22T23:28:47.360+0000] {processor.py:914} INFO - Processing file /home/airflow/.local/lib/python3.12/site-packages/airflow/example_dags/tutorial.py for tasks to queue
[2024-09-22T23:28:47.364+0000] {logging_mixin.py:190} INFO - [2024-09-22T23:28:47.364+0000] {dagbag.py:587} INFO - Filling up the DagBag from /home/airflow/.local/lib/python3.12/site-packages/airflow/example_dags/tutorial.py
[2024-09-22T23:28:47.386+0000] {processor.py:925} INFO - DAG(s) 'tutorial' retrieved from /home/airflow/.local/lib/python3.12/site-packages/airflow/example_dags/tutorial.py
[2024-09-22T23:28:47.425+0000] {logging_mixin.py:190} INFO - [2024-09-22T23:28:47.424+0000] {dag.py:3229} INFO - Sync 1 DAGs
[2024-09-22T23:28:47.466+0000] {logging_mixin.py:190} INFO - [2024-09-22T23:28:47.466+0000] {dag.py:4156} INFO - Setting next_dagrun for tutorial to 2024-09-21 00:00:00+00:00, run_after=2024-09-22 00:00:00+00:00
[2024-09-22T23:28:47.498+0000] {processor.py:208} INFO - Processing /home/airflow/.local/lib/python3.12/site-packages/airflow/example_dags/tutorial.py took 0.150 seconds
[2024-09-22T23:29:18.094+0000] {processor.py:186} INFO - Started process (PID=444) to work on /home/airflow/.local/lib/python3.12/site-packages/airflow/example_dags/tutorial.py
[2024-09-22T23:29:18.096+0000] {processor.py:914} INFO - Processing file /home/airflow/.local/lib/python3.12/site-packages/airflow/example_dags/tutorial.py for tasks to queue
[2024-09-22T23:29:18.100+0000] {logging_mixin.py:190} INFO - [2024-09-22T23:29:18.099+0000] {dagbag.py:587} INFO - Filling up the DagBag from /home/airflow/.local/lib/python3.12/site-packages/airflow/example_dags/tutorial.py
[2024-09-22T23:29:18.118+0000] {processor.py:925} INFO - DAG(s) 'tutorial' retrieved from /home/airflow/.local/lib/python3.12/site-packages/airflow/example_dags/tutorial.py
[2024-09-22T23:29:18.152+0000] {logging_mixin.py:190} INFO - [2024-09-22T23:29:18.152+0000] {dag.py:3229} INFO - Sync 1 DAGs
[2024-09-22T23:29:18.190+0000] {logging_mixin.py:190} INFO - [2024-09-22T23:29:18.190+0000] {dag.py:4156} INFO - Setting next_dagrun for tutorial to 2024-09-21 00:00:00+00:00, run_after=2024-09-22 00:00:00+00:00
[2024-09-22T23:29:18.217+0000] {processor.py:208} INFO - Processing /home/airflow/.local/lib/python3.12/site-packages/airflow/example_dags/tutorial.py took 0.132 seconds
[2024-09-22T23:29:48.506+0000] {processor.py:186} INFO - Started process (PID=506) to work on /home/airflow/.local/lib/python3.12/site-packages/airflow/example_dags/tutorial.py
[2024-09-22T23:29:48.508+0000] {processor.py:914} INFO - Processing file /home/airflow/.local/lib/python3.12/site-packages/airflow/example_dags/tutorial.py for tasks to queue
[2024-09-22T23:29:48.511+0000] {logging_mixin.py:190} INFO - [2024-09-22T23:29:48.510+0000] {dagbag.py:587} INFO - Filling up the DagBag from /home/airflow/.local/lib/python3.12/site-packages/airflow/example_dags/tutorial.py
[2024-09-22T23:29:48.528+0000] {processor.py:925} INFO - DAG(s) 'tutorial' retrieved from /home/airflow/.local/lib/python3.12/site-packages/airflow/example_dags/tutorial.py
[2024-09-22T23:29:48.559+0000] {logging_mixin.py:190} INFO - [2024-09-22T23:29:48.558+0000] {dag.py:3229} INFO - Sync 1 DAGs
[2024-09-22T23:29:48.595+0000] {logging_mixin.py:190} INFO - [2024-09-22T23:29:48.594+0000] {dag.py:4156} INFO - Setting next_dagrun for tutorial to 2024-09-21 00:00:00+00:00, run_after=2024-09-22 00:00:00+00:00
[2024-09-22T23:29:48.629+0000] {processor.py:208} INFO - Processing /home/airflow/.local/lib/python3.12/site-packages/airflow/example_dags/tutorial.py took 0.131 seconds
[2024-09-22T23:30:18.682+0000] {processor.py:186} INFO - Started process (PID=568) to work on /home/airflow/.local/lib/python3.12/site-packages/airflow/example_dags/tutorial.py
[2024-09-22T23:30:18.684+0000] {processor.py:914} INFO - Processing file /home/airflow/.local/lib/python3.12/site-packages/airflow/example_dags/tutorial.py for tasks to queue
[2024-09-22T23:30:18.688+0000] {logging_mixin.py:190} INFO - [2024-09-22T23:30:18.687+0000] {dagbag.py:587} INFO - Filling up the DagBag from /home/airflow/.local/lib/python3.12/site-packages/airflow/example_dags/tutorial.py
[2024-09-22T23:30:18.706+0000] {processor.py:925} INFO - DAG(s) 'tutorial' retrieved from /home/airflow/.local/lib/python3.12/site-packages/airflow/example_dags/tutorial.py
[2024-09-22T23:30:18.739+0000] {logging_mixin.py:190} INFO - [2024-09-22T23:30:18.738+0000] {dag.py:3229} INFO - Sync 1 DAGs
[2024-09-22T23:30:18.778+0000] {logging_mixin.py:190} INFO - [2024-09-22T23:30:18.777+0000] {dag.py:4156} INFO - Setting next_dagrun for tutorial to 2024-09-21 00:00:00+00:00, run_after=2024-09-22 00:00:00+00:00
[2024-09-22T23:30:18.807+0000] {processor.py:208} INFO - Processing /home/airflow/.local/lib/python3.12/site-packages/airflow/example_dags/tutorial.py took 0.135 seconds
[2024-09-22T23:30:48.959+0000] {processor.py:186} INFO - Started process (PID=630) to work on /home/airflow/.local/lib/python3.12/site-packages/airflow/example_dags/tutorial.py
[2024-09-22T23:30:48.960+0000] {processor.py:914} INFO - Processing file /home/airflow/.local/lib/python3.12/site-packages/airflow/example_dags/tutorial.py for tasks to queue
[2024-09-22T23:30:48.963+0000] {logging_mixin.py:190} INFO - [2024-09-22T23:30:48.963+0000] {dagbag.py:587} INFO - Filling up the DagBag from /home/airflow/.local/lib/python3.12/site-packages/airflow/example_dags/tutorial.py
[2024-09-22T23:30:48.981+0000] {processor.py:925} INFO - DAG(s) 'tutorial' retrieved from /home/airflow/.local/lib/python3.12/site-packages/airflow/example_dags/tutorial.py
[2024-09-22T23:30:49.018+0000] {logging_mixin.py:190} INFO - [2024-09-22T23:30:49.018+0000] {dag.py:3229} INFO - Sync 1 DAGs
[2024-09-22T23:30:49.055+0000] {logging_mixin.py:190} INFO - [2024-09-22T23:30:49.054+0000] {dag.py:4156} INFO - Setting next_dagrun for tutorial to 2024-09-21 00:00:00+00:00, run_after=2024-09-22 00:00:00+00:00
[2024-09-22T23:30:49.083+0000] {processor.py:208} INFO - Processing /home/airflow/.local/lib/python3.12/site-packages/airflow/example_dags/tutorial.py took 0.133 seconds
[2024-09-22T23:31:19.326+0000] {processor.py:186} INFO - Started process (PID=693) to work on /home/airflow/.local/lib/python3.12/site-packages/airflow/example_dags/tutorial.py
[2024-09-22T23:31:19.328+0000] {processor.py:914} INFO - Processing file /home/airflow/.local/lib/python3.12/site-packages/airflow/example_dags/tutorial.py for tasks to queue
[2024-09-22T23:31:19.331+0000] {logging_mixin.py:190} INFO - [2024-09-22T23:31:19.331+0000] {dagbag.py:587} INFO - Filling up the DagBag from /home/airflow/.local/lib/python3.12/site-packages/airflow/example_dags/tutorial.py
[2024-09-22T23:31:19.348+0000] {processor.py:925} INFO - DAG(s) 'tutorial' retrieved from /home/airflow/.local/lib/python3.12/site-packages/airflow/example_dags/tutorial.py
[2024-09-22T23:31:19.383+0000] {logging_mixin.py:190} INFO - [2024-09-22T23:31:19.382+0000] {dag.py:3229} INFO - Sync 1 DAGs
[2024-09-22T23:31:19.414+0000] {logging_mixin.py:190} INFO - [2024-09-22T23:31:19.414+0000] {dag.py:4156} INFO - Setting next_dagrun for tutorial to 2024-09-21 00:00:00+00:00, run_after=2024-09-22 00:00:00+00:00
[2024-09-22T23:31:19.439+0000] {processor.py:208} INFO - Processing /home/airflow/.local/lib/python3.12/site-packages/airflow/example_dags/tutorial.py took 0.123 seconds
[2024-09-22T23:31:49.962+0000] {processor.py:186} INFO - Started process (PID=755) to work on /home/airflow/.local/lib/python3.12/site-packages/airflow/example_dags/tutorial.py
[2024-09-22T23:31:49.963+0000] {processor.py:914} INFO - Processing file /home/airflow/.local/lib/python3.12/site-packages/airflow/example_dags/tutorial.py for tasks to queue
[2024-09-22T23:31:49.966+0000] {logging_mixin.py:190} INFO - [2024-09-22T23:31:49.966+0000] {dagbag.py:587} INFO - Filling up the DagBag from /home/airflow/.local/lib/python3.12/site-packages/airflow/example_dags/tutorial.py
[2024-09-22T23:31:49.984+0000] {processor.py:925} INFO - DAG(s) 'tutorial' retrieved from /home/airflow/.local/lib/python3.12/site-packages/airflow/example_dags/tutorial.py
[2024-09-22T23:31:50.021+0000] {logging_mixin.py:190} INFO - [2024-09-22T23:31:50.020+0000] {dag.py:3229} INFO - Sync 1 DAGs
[2024-09-22T23:31:50.062+0000] {logging_mixin.py:190} INFO - [2024-09-22T23:31:50.061+0000] {dag.py:4156} INFO - Setting next_dagrun for tutorial to 2024-09-21 00:00:00+00:00, run_after=2024-09-22 00:00:00+00:00
[2024-09-22T23:31:50.095+0000] {processor.py:208} INFO - Processing /home/airflow/.local/lib/python3.12/site-packages/airflow/example_dags/tutorial.py took 0.143 seconds
[2024-09-22T23:32:20.440+0000] {processor.py:186} INFO - Started process (PID=818) to work on /home/airflow/.local/lib/python3.12/site-packages/airflow/example_dags/tutorial.py
[2024-09-22T23:32:20.443+0000] {processor.py:914} INFO - Processing file /home/airflow/.local/lib/python3.12/site-packages/airflow/example_dags/tutorial.py for tasks to queue
[2024-09-22T23:32:20.447+0000] {logging_mixin.py:190} INFO - [2024-09-22T23:32:20.446+0000] {dagbag.py:587} INFO - Filling up the DagBag from /home/airflow/.local/lib/python3.12/site-packages/airflow/example_dags/tutorial.py
[2024-09-22T23:32:20.471+0000] {processor.py:925} INFO - DAG(s) 'tutorial' retrieved from /home/airflow/.local/lib/python3.12/site-packages/airflow/example_dags/tutorial.py
[2024-09-22T23:32:20.499+0000] {logging_mixin.py:190} INFO - [2024-09-22T23:32:20.499+0000] {dag.py:3229} INFO - Sync 1 DAGs
[2024-09-22T23:32:20.530+0000] {logging_mixin.py:190} INFO - [2024-09-22T23:32:20.530+0000] {dag.py:4156} INFO - Setting next_dagrun for tutorial to 2024-09-21 00:00:00+00:00, run_after=2024-09-22 00:00:00+00:00
[2024-09-22T23:32:20.556+0000] {processor.py:208} INFO - Processing /home/airflow/.local/lib/python3.12/site-packages/airflow/example_dags/tutorial.py took 0.127 seconds
[2024-09-22T23:32:51.263+0000] {processor.py:186} INFO - Started process (PID=881) to work on /home/airflow/.local/lib/python3.12/site-packages/airflow/example_dags/tutorial.py
[2024-09-22T23:32:51.265+0000] {processor.py:914} INFO - Processing file /home/airflow/.local/lib/python3.12/site-packages/airflow/example_dags/tutorial.py for tasks to queue
[2024-09-22T23:32:51.269+0000] {logging_mixin.py:190} INFO - [2024-09-22T23:32:51.268+0000] {dagbag.py:587} INFO - Filling up the DagBag from /home/airflow/.local/lib/python3.12/site-packages/airflow/example_dags/tutorial.py
[2024-09-22T23:32:51.287+0000] {processor.py:925} INFO - DAG(s) 'tutorial' retrieved from /home/airflow/.local/lib/python3.12/site-packages/airflow/example_dags/tutorial.py
[2024-09-22T23:32:51.322+0000] {logging_mixin.py:190} INFO - [2024-09-22T23:32:51.322+0000] {dag.py:3229} INFO - Sync 1 DAGs
[2024-09-22T23:32:51.356+0000] {logging_mixin.py:190} INFO - [2024-09-22T23:32:51.355+0000] {dag.py:4156} INFO - Setting next_dagrun for tutorial to 2024-09-21 00:00:00+00:00, run_after=2024-09-22 00:00:00+00:00
[2024-09-22T23:32:51.383+0000] {processor.py:208} INFO - Processing /home/airflow/.local/lib/python3.12/site-packages/airflow/example_dags/tutorial.py took 0.129 seconds
[2024-09-22T23:33:21.544+0000] {processor.py:186} INFO - Started process (PID=944) to work on /home/airflow/.local/lib/python3.12/site-packages/airflow/example_dags/tutorial.py
[2024-09-22T23:33:21.546+0000] {processor.py:914} INFO - Processing file /home/airflow/.local/lib/python3.12/site-packages/airflow/example_dags/tutorial.py for tasks to queue
[2024-09-22T23:33:21.550+0000] {logging_mixin.py:190} INFO - [2024-09-22T23:33:21.549+0000] {dagbag.py:587} INFO - Filling up the DagBag from /home/airflow/.local/lib/python3.12/site-packages/airflow/example_dags/tutorial.py
[2024-09-22T23:33:21.567+0000] {processor.py:925} INFO - DAG(s) 'tutorial' retrieved from /home/airflow/.local/lib/python3.12/site-packages/airflow/example_dags/tutorial.py
[2024-09-22T23:33:21.602+0000] {logging_mixin.py:190} INFO - [2024-09-22T23:33:21.602+0000] {dag.py:3229} INFO - Sync 1 DAGs
[2024-09-22T23:33:21.646+0000] {logging_mixin.py:190} INFO - [2024-09-22T23:33:21.646+0000] {dag.py:4156} INFO - Setting next_dagrun for tutorial to 2024-09-21 00:00:00+00:00, run_after=2024-09-22 00:00:00+00:00
[2024-09-22T23:33:21.677+0000] {processor.py:208} INFO - Processing /home/airflow/.local/lib/python3.12/site-packages/airflow/example_dags/tutorial.py took 0.143 seconds
[2024-09-22T23:33:51.831+0000] {processor.py:186} INFO - Started process (PID=1007) to work on /home/airflow/.local/lib/python3.12/site-packages/airflow/example_dags/tutorial.py
[2024-09-22T23:33:51.833+0000] {processor.py:914} INFO - Processing file /home/airflow/.local/lib/python3.12/site-packages/airflow/example_dags/tutorial.py for tasks to queue
[2024-09-22T23:33:51.837+0000] {logging_mixin.py:190} INFO - [2024-09-22T23:33:51.836+0000] {dagbag.py:587} INFO - Filling up the DagBag from /home/airflow/.local/lib/python3.12/site-packages/airflow/example_dags/tutorial.py
[2024-09-22T23:33:51.854+0000] {processor.py:925} INFO - DAG(s) 'tutorial' retrieved from /home/airflow/.local/lib/python3.12/site-packages/airflow/example_dags/tutorial.py
[2024-09-22T23:33:51.889+0000] {logging_mixin.py:190} INFO - [2024-09-22T23:33:51.888+0000] {dag.py:3229} INFO - Sync 1 DAGs
[2024-09-22T23:33:51.924+0000] {logging_mixin.py:190} INFO - [2024-09-22T23:33:51.924+0000] {dag.py:4156} INFO - Setting next_dagrun for tutorial to 2024-09-21 00:00:00+00:00, run_after=2024-09-22 00:00:00+00:00
[2024-09-22T23:33:51.953+0000] {processor.py:208} INFO - Processing /home/airflow/.local/lib/python3.12/site-packages/airflow/example_dags/tutorial.py took 0.131 seconds
[2024-09-22T23:34:22.086+0000] {processor.py:186} INFO - Started process (PID=1070) to work on /home/airflow/.local/lib/python3.12/site-packages/airflow/example_dags/tutorial.py
[2024-09-22T23:34:22.087+0000] {processor.py:914} INFO - Processing file /home/airflow/.local/lib/python3.12/site-packages/airflow/example_dags/tutorial.py for tasks to queue
[2024-09-22T23:34:22.090+0000] {logging_mixin.py:190} INFO - [2024-09-22T23:34:22.090+0000] {dagbag.py:587} INFO - Filling up the DagBag from /home/airflow/.local/lib/python3.12/site-packages/airflow/example_dags/tutorial.py
[2024-09-22T23:34:22.108+0000] {processor.py:925} INFO - DAG(s) 'tutorial' retrieved from /home/airflow/.local/lib/python3.12/site-packages/airflow/example_dags/tutorial.py
[2024-09-22T23:34:22.146+0000] {logging_mixin.py:190} INFO - [2024-09-22T23:34:22.146+0000] {dag.py:3229} INFO - Sync 1 DAGs
[2024-09-22T23:34:22.181+0000] {logging_mixin.py:190} INFO - [2024-09-22T23:34:22.181+0000] {dag.py:4156} INFO - Setting next_dagrun for tutorial to 2024-09-21 00:00:00+00:00, run_after=2024-09-22 00:00:00+00:00
[2024-09-22T23:34:22.204+0000] {processor.py:208} INFO - Processing /home/airflow/.local/lib/python3.12/site-packages/airflow/example_dags/tutorial.py took 0.128 seconds
[2024-09-22T23:34:52.368+0000] {processor.py:186} INFO - Started process (PID=1133) to work on /home/airflow/.local/lib/python3.12/site-packages/airflow/example_dags/tutorial.py
[2024-09-22T23:34:52.370+0000] {processor.py:914} INFO - Processing file /home/airflow/.local/lib/python3.12/site-packages/airflow/example_dags/tutorial.py for tasks to queue
[2024-09-22T23:34:52.373+0000] {logging_mixin.py:190} INFO - [2024-09-22T23:34:52.373+0000] {dagbag.py:587} INFO - Filling up the DagBag from /home/airflow/.local/lib/python3.12/site-packages/airflow/example_dags/tutorial.py
[2024-09-22T23:34:52.394+0000] {processor.py:925} INFO - DAG(s) 'tutorial' retrieved from /home/airflow/.local/lib/python3.12/site-packages/airflow/example_dags/tutorial.py
[2024-09-22T23:34:52.428+0000] {logging_mixin.py:190} INFO - [2024-09-22T23:34:52.427+0000] {dag.py:3229} INFO - Sync 1 DAGs
[2024-09-22T23:34:52.466+0000] {logging_mixin.py:190} INFO - [2024-09-22T23:34:52.465+0000] {dag.py:4156} INFO - Setting next_dagrun for tutorial to 2024-09-21 00:00:00+00:00, run_after=2024-09-22 00:00:00+00:00
[2024-09-22T23:34:52.498+0000] {processor.py:208} INFO - Processing /home/airflow/.local/lib/python3.12/site-packages/airflow/example_dags/tutorial.py took 0.139 seconds
[2024-09-22T23:35:22.615+0000] {processor.py:186} INFO - Started process (PID=1196) to work on /home/airflow/.local/lib/python3.12/site-packages/airflow/example_dags/tutorial.py
[2024-09-22T23:35:22.616+0000] {processor.py:914} INFO - Processing file /home/airflow/.local/lib/python3.12/site-packages/airflow/example_dags/tutorial.py for tasks to queue
[2024-09-22T23:35:22.620+0000] {logging_mixin.py:190} INFO - [2024-09-22T23:35:22.619+0000] {dagbag.py:587} INFO - Filling up the DagBag from /home/airflow/.local/lib/python3.12/site-packages/airflow/example_dags/tutorial.py
[2024-09-22T23:35:22.637+0000] {processor.py:925} INFO - DAG(s) 'tutorial' retrieved from /home/airflow/.local/lib/python3.12/site-packages/airflow/example_dags/tutorial.py
[2024-09-22T23:35:22.674+0000] {logging_mixin.py:190} INFO - [2024-09-22T23:35:22.673+0000] {dag.py:3229} INFO - Sync 1 DAGs
[2024-09-22T23:35:22.715+0000] {logging_mixin.py:190} INFO - [2024-09-22T23:35:22.715+0000] {dag.py:4156} INFO - Setting next_dagrun for tutorial to 2024-09-21 00:00:00+00:00, run_after=2024-09-22 00:00:00+00:00
[2024-09-22T23:35:22.746+0000] {processor.py:208} INFO - Processing /home/airflow/.local/lib/python3.12/site-packages/airflow/example_dags/tutorial.py took 0.140 seconds
[2024-09-22T23:35:53.178+0000] {processor.py:186} INFO - Started process (PID=1259) to work on /home/airflow/.local/lib/python3.12/site-packages/airflow/example_dags/tutorial.py
[2024-09-22T23:35:53.180+0000] {processor.py:914} INFO - Processing file /home/airflow/.local/lib/python3.12/site-packages/airflow/example_dags/tutorial.py for tasks to queue
[2024-09-22T23:35:53.184+0000] {logging_mixin.py:190} INFO - [2024-09-22T23:35:53.183+0000] {dagbag.py:587} INFO - Filling up the DagBag from /home/airflow/.local/lib/python3.12/site-packages/airflow/example_dags/tutorial.py
[2024-09-22T23:35:53.201+0000] {processor.py:925} INFO - DAG(s) 'tutorial' retrieved from /home/airflow/.local/lib/python3.12/site-packages/airflow/example_dags/tutorial.py
[2024-09-22T23:35:53.233+0000] {logging_mixin.py:190} INFO - [2024-09-22T23:35:53.232+0000] {dag.py:3229} INFO - Sync 1 DAGs
[2024-09-22T23:35:53.267+0000] {logging_mixin.py:190} INFO - [2024-09-22T23:35:53.267+0000] {dag.py:4156} INFO - Setting next_dagrun for tutorial to 2024-09-21 00:00:00+00:00, run_after=2024-09-22 00:00:00+00:00
[2024-09-22T23:35:53.296+0000] {processor.py:208} INFO - Processing /home/airflow/.local/lib/python3.12/site-packages/airflow/example_dags/tutorial.py took 0.127 seconds
[2024-09-22T23:36:24.198+0000] {processor.py:186} INFO - Started process (PID=1322) to work on /home/airflow/.local/lib/python3.12/site-packages/airflow/example_dags/tutorial.py
[2024-09-22T23:36:24.200+0000] {processor.py:914} INFO - Processing file /home/airflow/.local/lib/python3.12/site-packages/airflow/example_dags/tutorial.py for tasks to queue
[2024-09-22T23:36:24.204+0000] {logging_mixin.py:190} INFO - [2024-09-22T23:36:24.204+0000] {dagbag.py:587} INFO - Filling up the DagBag from /home/airflow/.local/lib/python3.12/site-packages/airflow/example_dags/tutorial.py
[2024-09-22T23:36:24.229+0000] {processor.py:925} INFO - DAG(s) 'tutorial' retrieved from /home/airflow/.local/lib/python3.12/site-packages/airflow/example_dags/tutorial.py
[2024-09-22T23:36:24.266+0000] {logging_mixin.py:190} INFO - [2024-09-22T23:36:24.266+0000] {dag.py:3229} INFO - Sync 1 DAGs
[2024-09-22T23:36:24.310+0000] {logging_mixin.py:190} INFO - [2024-09-22T23:36:24.310+0000] {dag.py:4156} INFO - Setting next_dagrun for tutorial to 2024-09-21 00:00:00+00:00, run_after=2024-09-22 00:00:00+00:00
[2024-09-22T23:36:24.348+0000] {processor.py:208} INFO - Processing /home/airflow/.local/lib/python3.12/site-packages/airflow/example_dags/tutorial.py took 0.162 seconds
[2024-09-22T23:36:54.468+0000] {processor.py:186} INFO - Started process (PID=1385) to work on /home/airflow/.local/lib/python3.12/site-packages/airflow/example_dags/tutorial.py
[2024-09-22T23:36:54.470+0000] {processor.py:914} INFO - Processing file /home/airflow/.local/lib/python3.12/site-packages/airflow/example_dags/tutorial.py for tasks to queue
[2024-09-22T23:36:54.474+0000] {logging_mixin.py:190} INFO - [2024-09-22T23:36:54.474+0000] {dagbag.py:587} INFO - Filling up the DagBag from /home/airflow/.local/lib/python3.12/site-packages/airflow/example_dags/tutorial.py
[2024-09-22T23:36:54.495+0000] {processor.py:925} INFO - DAG(s) 'tutorial' retrieved from /home/airflow/.local/lib/python3.12/site-packages/airflow/example_dags/tutorial.py
[2024-09-22T23:36:54.528+0000] {logging_mixin.py:190} INFO - [2024-09-22T23:36:54.527+0000] {dag.py:3229} INFO - Sync 1 DAGs
[2024-09-22T23:36:54.563+0000] {logging_mixin.py:190} INFO - [2024-09-22T23:36:54.562+0000] {dag.py:4156} INFO - Setting next_dagrun for tutorial to 2024-09-21 00:00:00+00:00, run_after=2024-09-22 00:00:00+00:00
[2024-09-22T23:36:54.589+0000] {processor.py:208} INFO - Processing /home/airflow/.local/lib/python3.12/site-packages/airflow/example_dags/tutorial.py took 0.132 seconds
[2024-09-22T23:37:25.030+0000] {processor.py:186} INFO - Started process (PID=1448) to work on /home/airflow/.local/lib/python3.12/site-packages/airflow/example_dags/tutorial.py
[2024-09-22T23:37:25.031+0000] {processor.py:914} INFO - Processing file /home/airflow/.local/lib/python3.12/site-packages/airflow/example_dags/tutorial.py for tasks to queue
[2024-09-22T23:37:25.035+0000] {logging_mixin.py:190} INFO - [2024-09-22T23:37:25.034+0000] {dagbag.py:587} INFO - Filling up the DagBag from /home/airflow/.local/lib/python3.12/site-packages/airflow/example_dags/tutorial.py
[2024-09-22T23:37:25.052+0000] {processor.py:925} INFO - DAG(s) 'tutorial' retrieved from /home/airflow/.local/lib/python3.12/site-packages/airflow/example_dags/tutorial.py
[2024-09-22T23:37:25.084+0000] {logging_mixin.py:190} INFO - [2024-09-22T23:37:25.084+0000] {dag.py:3229} INFO - Sync 1 DAGs
[2024-09-22T23:37:25.116+0000] {logging_mixin.py:190} INFO - [2024-09-22T23:37:25.116+0000] {dag.py:4156} INFO - Setting next_dagrun for tutorial to 2024-09-21 00:00:00+00:00, run_after=2024-09-22 00:00:00+00:00
[2024-09-22T23:37:25.140+0000] {processor.py:208} INFO - Processing /home/airflow/.local/lib/python3.12/site-packages/airflow/example_dags/tutorial.py took 0.119 seconds
[2024-09-22T23:37:55.277+0000] {processor.py:186} INFO - Started process (PID=1511) to work on /home/airflow/.local/lib/python3.12/site-packages/airflow/example_dags/tutorial.py
[2024-09-22T23:37:55.279+0000] {processor.py:914} INFO - Processing file /home/airflow/.local/lib/python3.12/site-packages/airflow/example_dags/tutorial.py for tasks to queue
[2024-09-22T23:37:55.283+0000] {logging_mixin.py:190} INFO - [2024-09-22T23:37:55.282+0000] {dagbag.py:587} INFO - Filling up the DagBag from /home/airflow/.local/lib/python3.12/site-packages/airflow/example_dags/tutorial.py
[2024-09-22T23:37:55.302+0000] {processor.py:925} INFO - DAG(s) 'tutorial' retrieved from /home/airflow/.local/lib/python3.12/site-packages/airflow/example_dags/tutorial.py
[2024-09-22T23:37:55.332+0000] {logging_mixin.py:190} INFO - [2024-09-22T23:37:55.332+0000] {dag.py:3229} INFO - Sync 1 DAGs
[2024-09-22T23:37:55.366+0000] {logging_mixin.py:190} INFO - [2024-09-22T23:37:55.366+0000] {dag.py:4156} INFO - Setting next_dagrun for tutorial to 2024-09-21 00:00:00+00:00, run_after=2024-09-22 00:00:00+00:00
[2024-09-22T23:37:55.393+0000] {processor.py:208} INFO - Processing /home/airflow/.local/lib/python3.12/site-packages/airflow/example_dags/tutorial.py took 0.131 seconds
[2024-09-22T23:38:25.636+0000] {processor.py:186} INFO - Started process (PID=1574) to work on /home/airflow/.local/lib/python3.12/site-packages/airflow/example_dags/tutorial.py
[2024-09-22T23:38:25.638+0000] {processor.py:914} INFO - Processing file /home/airflow/.local/lib/python3.12/site-packages/airflow/example_dags/tutorial.py for tasks to queue
[2024-09-22T23:38:25.643+0000] {logging_mixin.py:190} INFO - [2024-09-22T23:38:25.642+0000] {dagbag.py:587} INFO - Filling up the DagBag from /home/airflow/.local/lib/python3.12/site-packages/airflow/example_dags/tutorial.py
[2024-09-22T23:38:25.668+0000] {processor.py:925} INFO - DAG(s) 'tutorial' retrieved from /home/airflow/.local/lib/python3.12/site-packages/airflow/example_dags/tutorial.py
[2024-09-22T23:38:25.698+0000] {logging_mixin.py:190} INFO - [2024-09-22T23:38:25.697+0000] {dag.py:3229} INFO - Sync 1 DAGs
[2024-09-22T23:38:25.731+0000] {logging_mixin.py:190} INFO - [2024-09-22T23:38:25.731+0000] {dag.py:4156} INFO - Setting next_dagrun for tutorial to 2024-09-21 00:00:00+00:00, run_after=2024-09-22 00:00:00+00:00
[2024-09-22T23:38:25.762+0000] {processor.py:208} INFO - Processing /home/airflow/.local/lib/python3.12/site-packages/airflow/example_dags/tutorial.py took 0.140 seconds
[2024-09-22T23:38:56.375+0000] {processor.py:186} INFO - Started process (PID=1637) to work on /home/airflow/.local/lib/python3.12/site-packages/airflow/example_dags/tutorial.py
[2024-09-22T23:38:56.377+0000] {processor.py:914} INFO - Processing file /home/airflow/.local/lib/python3.12/site-packages/airflow/example_dags/tutorial.py for tasks to queue
[2024-09-22T23:38:56.381+0000] {logging_mixin.py:190} INFO - [2024-09-22T23:38:56.381+0000] {dagbag.py:587} INFO - Filling up the DagBag from /home/airflow/.local/lib/python3.12/site-packages/airflow/example_dags/tutorial.py
[2024-09-22T23:38:56.401+0000] {processor.py:925} INFO - DAG(s) 'tutorial' retrieved from /home/airflow/.local/lib/python3.12/site-packages/airflow/example_dags/tutorial.py
[2024-09-22T23:38:56.435+0000] {logging_mixin.py:190} INFO - [2024-09-22T23:38:56.435+0000] {dag.py:3229} INFO - Sync 1 DAGs
[2024-09-22T23:38:56.467+0000] {logging_mixin.py:190} INFO - [2024-09-22T23:38:56.467+0000] {dag.py:4156} INFO - Setting next_dagrun for tutorial to 2024-09-21 00:00:00+00:00, run_after=2024-09-22 00:00:00+00:00
[2024-09-22T23:38:56.497+0000] {processor.py:208} INFO - Processing /home/airflow/.local/lib/python3.12/site-packages/airflow/example_dags/tutorial.py took 0.132 seconds
[2024-09-22T23:39:26.911+0000] {processor.py:186} INFO - Started process (PID=1700) to work on /home/airflow/.local/lib/python3.12/site-packages/airflow/example_dags/tutorial.py
[2024-09-22T23:39:26.913+0000] {processor.py:914} INFO - Processing file /home/airflow/.local/lib/python3.12/site-packages/airflow/example_dags/tutorial.py for tasks to queue
[2024-09-22T23:39:26.916+0000] {logging_mixin.py:190} INFO - [2024-09-22T23:39:26.915+0000] {dagbag.py:587} INFO - Filling up the DagBag from /home/airflow/.local/lib/python3.12/site-packages/airflow/example_dags/tutorial.py
[2024-09-22T23:39:26.934+0000] {processor.py:925} INFO - DAG(s) 'tutorial' retrieved from /home/airflow/.local/lib/python3.12/site-packages/airflow/example_dags/tutorial.py
[2024-09-22T23:39:26.962+0000] {logging_mixin.py:190} INFO - [2024-09-22T23:39:26.962+0000] {dag.py:3229} INFO - Sync 1 DAGs
[2024-09-22T23:39:26.993+0000] {logging_mixin.py:190} INFO - [2024-09-22T23:39:26.993+0000] {dag.py:4156} INFO - Setting next_dagrun for tutorial to 2024-09-21 00:00:00+00:00, run_after=2024-09-22 00:00:00+00:00
[2024-09-22T23:39:27.018+0000] {processor.py:208} INFO - Processing /home/airflow/.local/lib/python3.12/site-packages/airflow/example_dags/tutorial.py took 0.115 seconds
[2024-09-22T23:39:57.469+0000] {processor.py:186} INFO - Started process (PID=1763) to work on /home/airflow/.local/lib/python3.12/site-packages/airflow/example_dags/tutorial.py
[2024-09-22T23:39:57.471+0000] {processor.py:914} INFO - Processing file /home/airflow/.local/lib/python3.12/site-packages/airflow/example_dags/tutorial.py for tasks to queue
[2024-09-22T23:39:57.475+0000] {logging_mixin.py:190} INFO - [2024-09-22T23:39:57.475+0000] {dagbag.py:587} INFO - Filling up the DagBag from /home/airflow/.local/lib/python3.12/site-packages/airflow/example_dags/tutorial.py
[2024-09-22T23:39:57.493+0000] {processor.py:925} INFO - DAG(s) 'tutorial' retrieved from /home/airflow/.local/lib/python3.12/site-packages/airflow/example_dags/tutorial.py
[2024-09-22T23:39:57.524+0000] {logging_mixin.py:190} INFO - [2024-09-22T23:39:57.524+0000] {dag.py:3229} INFO - Sync 1 DAGs
[2024-09-22T23:39:57.558+0000] {logging_mixin.py:190} INFO - [2024-09-22T23:39:57.557+0000] {dag.py:4156} INFO - Setting next_dagrun for tutorial to 2024-09-21 00:00:00+00:00, run_after=2024-09-22 00:00:00+00:00
[2024-09-22T23:39:57.586+0000] {processor.py:208} INFO - Processing /home/airflow/.local/lib/python3.12/site-packages/airflow/example_dags/tutorial.py took 0.127 seconds
[2024-09-22T23:40:29.926+0000] {processor.py:186} INFO - Started process (PID=1824) to work on /home/airflow/.local/lib/python3.12/site-packages/airflow/example_dags/tutorial.py
[2024-09-22T23:40:29.927+0000] {processor.py:914} INFO - Processing file /home/airflow/.local/lib/python3.12/site-packages/airflow/example_dags/tutorial.py for tasks to queue
[2024-09-22T23:40:29.931+0000] {logging_mixin.py:190} INFO - [2024-09-22T23:40:29.930+0000] {dagbag.py:587} INFO - Filling up the DagBag from /home/airflow/.local/lib/python3.12/site-packages/airflow/example_dags/tutorial.py
[2024-09-22T23:40:29.947+0000] {processor.py:925} INFO - DAG(s) 'tutorial' retrieved from /home/airflow/.local/lib/python3.12/site-packages/airflow/example_dags/tutorial.py
[2024-09-22T23:40:29.975+0000] {logging_mixin.py:190} INFO - [2024-09-22T23:40:29.975+0000] {dag.py:3229} INFO - Sync 1 DAGs
[2024-09-22T23:40:30.309+0000] {logging_mixin.py:190} INFO - [2024-09-22T23:40:30.309+0000] {dag.py:4156} INFO - Setting next_dagrun for tutorial to 2024-09-21 00:00:00+00:00, run_after=2024-09-22 00:00:00+00:00
[2024-09-22T23:40:30.337+0000] {processor.py:208} INFO - Processing /home/airflow/.local/lib/python3.12/site-packages/airflow/example_dags/tutorial.py took 0.421 seconds
[2024-09-22T23:41:01.062+0000] {processor.py:186} INFO - Started process (PID=1887) to work on /home/airflow/.local/lib/python3.12/site-packages/airflow/example_dags/tutorial.py
[2024-09-22T23:41:01.063+0000] {processor.py:914} INFO - Processing file /home/airflow/.local/lib/python3.12/site-packages/airflow/example_dags/tutorial.py for tasks to queue
[2024-09-22T23:41:01.068+0000] {logging_mixin.py:190} INFO - [2024-09-22T23:41:01.067+0000] {dagbag.py:587} INFO - Filling up the DagBag from /home/airflow/.local/lib/python3.12/site-packages/airflow/example_dags/tutorial.py
[2024-09-22T23:41:01.092+0000] {processor.py:925} INFO - DAG(s) 'tutorial' retrieved from /home/airflow/.local/lib/python3.12/site-packages/airflow/example_dags/tutorial.py
[2024-09-22T23:41:01.121+0000] {logging_mixin.py:190} INFO - [2024-09-22T23:41:01.121+0000] {dag.py:3229} INFO - Sync 1 DAGs
[2024-09-22T23:41:01.156+0000] {logging_mixin.py:190} INFO - [2024-09-22T23:41:01.155+0000] {dag.py:4156} INFO - Setting next_dagrun for tutorial to 2024-09-21 00:00:00+00:00, run_after=2024-09-22 00:00:00+00:00
[2024-09-22T23:41:01.181+0000] {processor.py:208} INFO - Processing /home/airflow/.local/lib/python3.12/site-packages/airflow/example_dags/tutorial.py took 0.133 seconds
[2024-09-22T23:41:31.602+0000] {processor.py:186} INFO - Started process (PID=1950) to work on /home/airflow/.local/lib/python3.12/site-packages/airflow/example_dags/tutorial.py
[2024-09-22T23:41:31.604+0000] {processor.py:914} INFO - Processing file /home/airflow/.local/lib/python3.12/site-packages/airflow/example_dags/tutorial.py for tasks to queue
[2024-09-22T23:41:31.608+0000] {logging_mixin.py:190} INFO - [2024-09-22T23:41:31.608+0000] {dagbag.py:587} INFO - Filling up the DagBag from /home/airflow/.local/lib/python3.12/site-packages/airflow/example_dags/tutorial.py
[2024-09-22T23:41:31.625+0000] {processor.py:925} INFO - DAG(s) 'tutorial' retrieved from /home/airflow/.local/lib/python3.12/site-packages/airflow/example_dags/tutorial.py
[2024-09-22T23:41:31.655+0000] {logging_mixin.py:190} INFO - [2024-09-22T23:41:31.654+0000] {dag.py:3229} INFO - Sync 1 DAGs
[2024-09-22T23:41:31.691+0000] {logging_mixin.py:190} INFO - [2024-09-22T23:41:31.691+0000] {dag.py:4156} INFO - Setting next_dagrun for tutorial to 2024-09-21 00:00:00+00:00, run_after=2024-09-22 00:00:00+00:00
[2024-09-22T23:41:31.722+0000] {processor.py:208} INFO - Processing /home/airflow/.local/lib/python3.12/site-packages/airflow/example_dags/tutorial.py took 0.129 seconds
[2024-09-22T23:42:03.430+0000] {processor.py:186} INFO - Started process (PID=2018) to work on /home/airflow/.local/lib/python3.12/site-packages/airflow/example_dags/tutorial.py
[2024-09-22T23:42:03.431+0000] {processor.py:914} INFO - Processing file /home/airflow/.local/lib/python3.12/site-packages/airflow/example_dags/tutorial.py for tasks to queue
[2024-09-22T23:42:03.435+0000] {logging_mixin.py:190} INFO - [2024-09-22T23:42:03.434+0000] {dagbag.py:587} INFO - Filling up the DagBag from /home/airflow/.local/lib/python3.12/site-packages/airflow/example_dags/tutorial.py
[2024-09-22T23:42:03.730+0000] {processor.py:925} INFO - DAG(s) 'tutorial' retrieved from /home/airflow/.local/lib/python3.12/site-packages/airflow/example_dags/tutorial.py
[2024-09-22T23:42:03.756+0000] {logging_mixin.py:190} INFO - [2024-09-22T23:42:03.756+0000] {dag.py:3229} INFO - Sync 1 DAGs
[2024-09-22T23:42:03.783+0000] {logging_mixin.py:190} INFO - [2024-09-22T23:42:03.783+0000] {dag.py:4156} INFO - Setting next_dagrun for tutorial to 2024-09-21 00:00:00+00:00, run_after=2024-09-22 00:00:00+00:00
[2024-09-22T23:42:03.805+0000] {processor.py:208} INFO - Processing /home/airflow/.local/lib/python3.12/site-packages/airflow/example_dags/tutorial.py took 0.384 seconds
[2024-09-22T23:42:34.553+0000] {processor.py:186} INFO - Started process (PID=2081) to work on /home/airflow/.local/lib/python3.12/site-packages/airflow/example_dags/tutorial.py
[2024-09-22T23:42:34.555+0000] {processor.py:914} INFO - Processing file /home/airflow/.local/lib/python3.12/site-packages/airflow/example_dags/tutorial.py for tasks to queue
[2024-09-22T23:42:34.559+0000] {logging_mixin.py:190} INFO - [2024-09-22T23:42:34.558+0000] {dagbag.py:587} INFO - Filling up the DagBag from /home/airflow/.local/lib/python3.12/site-packages/airflow/example_dags/tutorial.py
[2024-09-22T23:42:34.575+0000] {processor.py:925} INFO - DAG(s) 'tutorial' retrieved from /home/airflow/.local/lib/python3.12/site-packages/airflow/example_dags/tutorial.py
[2024-09-22T23:42:34.603+0000] {logging_mixin.py:190} INFO - [2024-09-22T23:42:34.603+0000] {dag.py:3229} INFO - Sync 1 DAGs
[2024-09-22T23:42:34.636+0000] {logging_mixin.py:190} INFO - [2024-09-22T23:42:34.636+0000] {dag.py:4156} INFO - Setting next_dagrun for tutorial to 2024-09-21 00:00:00+00:00, run_after=2024-09-22 00:00:00+00:00
[2024-09-22T23:42:34.664+0000] {processor.py:208} INFO - Processing /home/airflow/.local/lib/python3.12/site-packages/airflow/example_dags/tutorial.py took 0.120 seconds
[2024-09-22T23:43:05.362+0000] {processor.py:186} INFO - Started process (PID=2143) to work on /home/airflow/.local/lib/python3.12/site-packages/airflow/example_dags/tutorial.py
[2024-09-22T23:43:05.366+0000] {processor.py:914} INFO - Processing file /home/airflow/.local/lib/python3.12/site-packages/airflow/example_dags/tutorial.py for tasks to queue
[2024-09-22T23:43:05.373+0000] {logging_mixin.py:190} INFO - [2024-09-22T23:43:05.371+0000] {dagbag.py:587} INFO - Filling up the DagBag from /home/airflow/.local/lib/python3.12/site-packages/airflow/example_dags/tutorial.py
[2024-09-22T23:43:05.410+0000] {processor.py:925} INFO - DAG(s) 'tutorial' retrieved from /home/airflow/.local/lib/python3.12/site-packages/airflow/example_dags/tutorial.py
[2024-09-22T23:43:05.494+0000] {logging_mixin.py:190} INFO - [2024-09-22T23:43:05.493+0000] {dag.py:3229} INFO - Sync 1 DAGs
[2024-09-22T23:43:05.561+0000] {logging_mixin.py:190} INFO - [2024-09-22T23:43:05.561+0000] {dag.py:4156} INFO - Setting next_dagrun for tutorial to 2024-09-21 00:00:00+00:00, run_after=2024-09-22 00:00:00+00:00
[2024-09-22T23:43:05.617+0000] {processor.py:208} INFO - Processing /home/airflow/.local/lib/python3.12/site-packages/airflow/example_dags/tutorial.py took 0.275 seconds
[2024-09-22T23:43:36.254+0000] {processor.py:186} INFO - Started process (PID=2205) to work on /home/airflow/.local/lib/python3.12/site-packages/airflow/example_dags/tutorial.py
[2024-09-22T23:43:36.256+0000] {processor.py:914} INFO - Processing file /home/airflow/.local/lib/python3.12/site-packages/airflow/example_dags/tutorial.py for tasks to queue
[2024-09-22T23:43:36.261+0000] {logging_mixin.py:190} INFO - [2024-09-22T23:43:36.260+0000] {dagbag.py:587} INFO - Filling up the DagBag from /home/airflow/.local/lib/python3.12/site-packages/airflow/example_dags/tutorial.py
[2024-09-22T23:43:36.281+0000] {processor.py:925} INFO - DAG(s) 'tutorial' retrieved from /home/airflow/.local/lib/python3.12/site-packages/airflow/example_dags/tutorial.py
[2024-09-22T23:43:36.311+0000] {logging_mixin.py:190} INFO - [2024-09-22T23:43:36.311+0000] {dag.py:3229} INFO - Sync 1 DAGs
[2024-09-22T23:43:36.346+0000] {logging_mixin.py:190} INFO - [2024-09-22T23:43:36.345+0000] {dag.py:4156} INFO - Setting next_dagrun for tutorial to 2024-09-21 00:00:00+00:00, run_after=2024-09-22 00:00:00+00:00
[2024-09-22T23:43:36.370+0000] {processor.py:208} INFO - Processing /home/airflow/.local/lib/python3.12/site-packages/airflow/example_dags/tutorial.py took 0.127 seconds
[2024-09-22T23:44:06.692+0000] {processor.py:186} INFO - Started process (PID=2268) to work on /home/airflow/.local/lib/python3.12/site-packages/airflow/example_dags/tutorial.py
[2024-09-22T23:44:06.693+0000] {processor.py:914} INFO - Processing file /home/airflow/.local/lib/python3.12/site-packages/airflow/example_dags/tutorial.py for tasks to queue
[2024-09-22T23:44:06.697+0000] {logging_mixin.py:190} INFO - [2024-09-22T23:44:06.696+0000] {dagbag.py:587} INFO - Filling up the DagBag from /home/airflow/.local/lib/python3.12/site-packages/airflow/example_dags/tutorial.py
[2024-09-22T23:44:06.715+0000] {processor.py:925} INFO - DAG(s) 'tutorial' retrieved from /home/airflow/.local/lib/python3.12/site-packages/airflow/example_dags/tutorial.py
[2024-09-22T23:44:06.745+0000] {logging_mixin.py:190} INFO - [2024-09-22T23:44:06.744+0000] {dag.py:3229} INFO - Sync 1 DAGs
[2024-09-22T23:44:06.781+0000] {logging_mixin.py:190} INFO - [2024-09-22T23:44:06.781+0000] {dag.py:4156} INFO - Setting next_dagrun for tutorial to 2024-09-21 00:00:00+00:00, run_after=2024-09-22 00:00:00+00:00
[2024-09-22T23:44:06.808+0000] {processor.py:208} INFO - Processing /home/airflow/.local/lib/python3.12/site-packages/airflow/example_dags/tutorial.py took 0.126 seconds
[2024-09-22T23:46:52.302+0000] {processor.py:186} INFO - Started process (PID=74) to work on /home/airflow/.local/lib/python3.12/site-packages/airflow/example_dags/tutorial.py
[2024-09-22T23:46:52.305+0000] {processor.py:914} INFO - Processing file /home/airflow/.local/lib/python3.12/site-packages/airflow/example_dags/tutorial.py for tasks to queue
[2024-09-22T23:46:52.310+0000] {logging_mixin.py:190} INFO - [2024-09-22T23:46:52.309+0000] {dagbag.py:587} INFO - Filling up the DagBag from /home/airflow/.local/lib/python3.12/site-packages/airflow/example_dags/tutorial.py
[2024-09-22T23:46:52.337+0000] {processor.py:925} INFO - DAG(s) 'tutorial' retrieved from /home/airflow/.local/lib/python3.12/site-packages/airflow/example_dags/tutorial.py
[2024-09-22T23:46:52.407+0000] {logging_mixin.py:190} INFO - [2024-09-22T23:46:52.406+0000] {dag.py:3229} INFO - Sync 1 DAGs
[2024-09-22T23:46:52.454+0000] {logging_mixin.py:190} INFO - [2024-09-22T23:46:52.454+0000] {dag.py:4156} INFO - Setting next_dagrun for tutorial to 2024-09-21 00:00:00+00:00, run_after=2024-09-22 00:00:00+00:00
[2024-09-22T23:46:52.485+0000] {processor.py:208} INFO - Processing /home/airflow/.local/lib/python3.12/site-packages/airflow/example_dags/tutorial.py took 0.197 seconds
[2024-09-22T23:47:23.133+0000] {processor.py:186} INFO - Started process (PID=136) to work on /home/airflow/.local/lib/python3.12/site-packages/airflow/example_dags/tutorial.py
[2024-09-22T23:47:23.134+0000] {processor.py:914} INFO - Processing file /home/airflow/.local/lib/python3.12/site-packages/airflow/example_dags/tutorial.py for tasks to queue
[2024-09-22T23:47:23.138+0000] {logging_mixin.py:190} INFO - [2024-09-22T23:47:23.137+0000] {dagbag.py:587} INFO - Filling up the DagBag from /home/airflow/.local/lib/python3.12/site-packages/airflow/example_dags/tutorial.py
[2024-09-22T23:47:23.158+0000] {processor.py:925} INFO - DAG(s) 'tutorial' retrieved from /home/airflow/.local/lib/python3.12/site-packages/airflow/example_dags/tutorial.py
[2024-09-22T23:47:23.189+0000] {logging_mixin.py:190} INFO - [2024-09-22T23:47:23.188+0000] {dag.py:3229} INFO - Sync 1 DAGs
[2024-09-22T23:47:23.224+0000] {logging_mixin.py:190} INFO - [2024-09-22T23:47:23.223+0000] {dag.py:4156} INFO - Setting next_dagrun for tutorial to 2024-09-21 00:00:00+00:00, run_after=2024-09-22 00:00:00+00:00
[2024-09-22T23:47:23.254+0000] {processor.py:208} INFO - Processing /home/airflow/.local/lib/python3.12/site-packages/airflow/example_dags/tutorial.py took 0.130 seconds
[2024-09-22T23:47:53.986+0000] {processor.py:186} INFO - Started process (PID=199) to work on /home/airflow/.local/lib/python3.12/site-packages/airflow/example_dags/tutorial.py
[2024-09-22T23:47:53.988+0000] {processor.py:914} INFO - Processing file /home/airflow/.local/lib/python3.12/site-packages/airflow/example_dags/tutorial.py for tasks to queue
[2024-09-22T23:47:53.991+0000] {logging_mixin.py:190} INFO - [2024-09-22T23:47:53.991+0000] {dagbag.py:587} INFO - Filling up the DagBag from /home/airflow/.local/lib/python3.12/site-packages/airflow/example_dags/tutorial.py
[2024-09-22T23:47:54.012+0000] {processor.py:925} INFO - DAG(s) 'tutorial' retrieved from /home/airflow/.local/lib/python3.12/site-packages/airflow/example_dags/tutorial.py
[2024-09-22T23:47:54.045+0000] {logging_mixin.py:190} INFO - [2024-09-22T23:47:54.045+0000] {dag.py:3229} INFO - Sync 1 DAGs
[2024-09-22T23:47:54.084+0000] {logging_mixin.py:190} INFO - [2024-09-22T23:47:54.084+0000] {dag.py:4156} INFO - Setting next_dagrun for tutorial to 2024-09-21 00:00:00+00:00, run_after=2024-09-22 00:00:00+00:00
[2024-09-22T23:47:54.110+0000] {processor.py:208} INFO - Processing /home/airflow/.local/lib/python3.12/site-packages/airflow/example_dags/tutorial.py took 0.134 seconds
[2024-09-22T23:48:24.508+0000] {processor.py:186} INFO - Started process (PID=262) to work on /home/airflow/.local/lib/python3.12/site-packages/airflow/example_dags/tutorial.py
[2024-09-22T23:48:24.509+0000] {processor.py:914} INFO - Processing file /home/airflow/.local/lib/python3.12/site-packages/airflow/example_dags/tutorial.py for tasks to queue
[2024-09-22T23:48:24.513+0000] {logging_mixin.py:190} INFO - [2024-09-22T23:48:24.512+0000] {dagbag.py:587} INFO - Filling up the DagBag from /home/airflow/.local/lib/python3.12/site-packages/airflow/example_dags/tutorial.py
[2024-09-22T23:48:24.530+0000] {processor.py:925} INFO - DAG(s) 'tutorial' retrieved from /home/airflow/.local/lib/python3.12/site-packages/airflow/example_dags/tutorial.py
[2024-09-22T23:48:24.558+0000] {logging_mixin.py:190} INFO - [2024-09-22T23:48:24.558+0000] {dag.py:3229} INFO - Sync 1 DAGs
[2024-09-22T23:48:24.589+0000] {logging_mixin.py:190} INFO - [2024-09-22T23:48:24.589+0000] {dag.py:4156} INFO - Setting next_dagrun for tutorial to 2024-09-21 00:00:00+00:00, run_after=2024-09-22 00:00:00+00:00
[2024-09-22T23:48:24.612+0000] {processor.py:208} INFO - Processing /home/airflow/.local/lib/python3.12/site-packages/airflow/example_dags/tutorial.py took 0.114 seconds
[2024-09-22T23:48:55.200+0000] {processor.py:186} INFO - Started process (PID=325) to work on /home/airflow/.local/lib/python3.12/site-packages/airflow/example_dags/tutorial.py
[2024-09-22T23:48:55.202+0000] {processor.py:914} INFO - Processing file /home/airflow/.local/lib/python3.12/site-packages/airflow/example_dags/tutorial.py for tasks to queue
[2024-09-22T23:48:55.207+0000] {logging_mixin.py:190} INFO - [2024-09-22T23:48:55.206+0000] {dagbag.py:587} INFO - Filling up the DagBag from /home/airflow/.local/lib/python3.12/site-packages/airflow/example_dags/tutorial.py
[2024-09-22T23:48:55.226+0000] {processor.py:925} INFO - DAG(s) 'tutorial' retrieved from /home/airflow/.local/lib/python3.12/site-packages/airflow/example_dags/tutorial.py
[2024-09-22T23:48:55.254+0000] {logging_mixin.py:190} INFO - [2024-09-22T23:48:55.254+0000] {dag.py:3229} INFO - Sync 1 DAGs
[2024-09-22T23:48:55.287+0000] {logging_mixin.py:190} INFO - [2024-09-22T23:48:55.287+0000] {dag.py:4156} INFO - Setting next_dagrun for tutorial to 2024-09-21 00:00:00+00:00, run_after=2024-09-22 00:00:00+00:00
[2024-09-22T23:48:55.311+0000] {processor.py:208} INFO - Processing /home/airflow/.local/lib/python3.12/site-packages/airflow/example_dags/tutorial.py took 0.125 seconds
[2024-09-22T23:49:25.772+0000] {processor.py:186} INFO - Started process (PID=388) to work on /home/airflow/.local/lib/python3.12/site-packages/airflow/example_dags/tutorial.py
[2024-09-22T23:49:25.774+0000] {processor.py:914} INFO - Processing file /home/airflow/.local/lib/python3.12/site-packages/airflow/example_dags/tutorial.py for tasks to queue
[2024-09-22T23:49:25.777+0000] {logging_mixin.py:190} INFO - [2024-09-22T23:49:25.777+0000] {dagbag.py:587} INFO - Filling up the DagBag from /home/airflow/.local/lib/python3.12/site-packages/airflow/example_dags/tutorial.py
[2024-09-22T23:49:25.794+0000] {processor.py:925} INFO - DAG(s) 'tutorial' retrieved from /home/airflow/.local/lib/python3.12/site-packages/airflow/example_dags/tutorial.py
[2024-09-22T23:49:25.823+0000] {logging_mixin.py:190} INFO - [2024-09-22T23:49:25.823+0000] {dag.py:3229} INFO - Sync 1 DAGs
[2024-09-22T23:49:25.860+0000] {logging_mixin.py:190} INFO - [2024-09-22T23:49:25.860+0000] {dag.py:4156} INFO - Setting next_dagrun for tutorial to 2024-09-21 00:00:00+00:00, run_after=2024-09-22 00:00:00+00:00
[2024-09-22T23:49:25.888+0000] {processor.py:208} INFO - Processing /home/airflow/.local/lib/python3.12/site-packages/airflow/example_dags/tutorial.py took 0.125 seconds
[2024-09-22T23:49:56.171+0000] {processor.py:186} INFO - Started process (PID=451) to work on /home/airflow/.local/lib/python3.12/site-packages/airflow/example_dags/tutorial.py
[2024-09-22T23:49:56.173+0000] {processor.py:914} INFO - Processing file /home/airflow/.local/lib/python3.12/site-packages/airflow/example_dags/tutorial.py for tasks to queue
[2024-09-22T23:49:56.177+0000] {logging_mixin.py:190} INFO - [2024-09-22T23:49:56.176+0000] {dagbag.py:587} INFO - Filling up the DagBag from /home/airflow/.local/lib/python3.12/site-packages/airflow/example_dags/tutorial.py
[2024-09-22T23:49:56.194+0000] {processor.py:925} INFO - DAG(s) 'tutorial' retrieved from /home/airflow/.local/lib/python3.12/site-packages/airflow/example_dags/tutorial.py
[2024-09-22T23:49:56.226+0000] {logging_mixin.py:190} INFO - [2024-09-22T23:49:56.226+0000] {dag.py:3229} INFO - Sync 1 DAGs
[2024-09-22T23:49:56.259+0000] {logging_mixin.py:190} INFO - [2024-09-22T23:49:56.259+0000] {dag.py:4156} INFO - Setting next_dagrun for tutorial to 2024-09-21 00:00:00+00:00, run_after=2024-09-22 00:00:00+00:00
[2024-09-22T23:49:56.282+0000] {processor.py:208} INFO - Processing /home/airflow/.local/lib/python3.12/site-packages/airflow/example_dags/tutorial.py took 0.120 seconds
[2024-09-22T23:50:26.798+0000] {processor.py:186} INFO - Started process (PID=514) to work on /home/airflow/.local/lib/python3.12/site-packages/airflow/example_dags/tutorial.py
[2024-09-22T23:50:26.800+0000] {processor.py:914} INFO - Processing file /home/airflow/.local/lib/python3.12/site-packages/airflow/example_dags/tutorial.py for tasks to queue
[2024-09-22T23:50:26.804+0000] {logging_mixin.py:190} INFO - [2024-09-22T23:50:26.803+0000] {dagbag.py:587} INFO - Filling up the DagBag from /home/airflow/.local/lib/python3.12/site-packages/airflow/example_dags/tutorial.py
[2024-09-22T23:50:26.821+0000] {processor.py:925} INFO - DAG(s) 'tutorial' retrieved from /home/airflow/.local/lib/python3.12/site-packages/airflow/example_dags/tutorial.py
[2024-09-22T23:50:26.851+0000] {logging_mixin.py:190} INFO - [2024-09-22T23:50:26.851+0000] {dag.py:3229} INFO - Sync 1 DAGs
[2024-09-22T23:50:26.884+0000] {logging_mixin.py:190} INFO - [2024-09-22T23:50:26.884+0000] {dag.py:4156} INFO - Setting next_dagrun for tutorial to 2024-09-21 00:00:00+00:00, run_after=2024-09-22 00:00:00+00:00
[2024-09-22T23:50:26.910+0000] {processor.py:208} INFO - Processing /home/airflow/.local/lib/python3.12/site-packages/airflow/example_dags/tutorial.py took 0.121 seconds
[2024-09-22T23:50:57.141+0000] {processor.py:186} INFO - Started process (PID=577) to work on /home/airflow/.local/lib/python3.12/site-packages/airflow/example_dags/tutorial.py
[2024-09-22T23:50:57.143+0000] {processor.py:914} INFO - Processing file /home/airflow/.local/lib/python3.12/site-packages/airflow/example_dags/tutorial.py for tasks to queue
[2024-09-22T23:50:57.147+0000] {logging_mixin.py:190} INFO - [2024-09-22T23:50:57.146+0000] {dagbag.py:587} INFO - Filling up the DagBag from /home/airflow/.local/lib/python3.12/site-packages/airflow/example_dags/tutorial.py
[2024-09-22T23:50:57.164+0000] {processor.py:925} INFO - DAG(s) 'tutorial' retrieved from /home/airflow/.local/lib/python3.12/site-packages/airflow/example_dags/tutorial.py
[2024-09-22T23:50:57.197+0000] {logging_mixin.py:190} INFO - [2024-09-22T23:50:57.197+0000] {dag.py:3229} INFO - Sync 1 DAGs
[2024-09-22T23:50:57.232+0000] {logging_mixin.py:190} INFO - [2024-09-22T23:50:57.232+0000] {dag.py:4156} INFO - Setting next_dagrun for tutorial to 2024-09-21 00:00:00+00:00, run_after=2024-09-22 00:00:00+00:00
[2024-09-22T23:50:57.259+0000] {processor.py:208} INFO - Processing /home/airflow/.local/lib/python3.12/site-packages/airflow/example_dags/tutorial.py took 0.127 seconds
[2024-09-22T23:51:27.756+0000] {processor.py:186} INFO - Started process (PID=641) to work on /home/airflow/.local/lib/python3.12/site-packages/airflow/example_dags/tutorial.py
[2024-09-22T23:51:27.758+0000] {processor.py:914} INFO - Processing file /home/airflow/.local/lib/python3.12/site-packages/airflow/example_dags/tutorial.py for tasks to queue
[2024-09-22T23:51:27.761+0000] {logging_mixin.py:190} INFO - [2024-09-22T23:51:27.761+0000] {dagbag.py:587} INFO - Filling up the DagBag from /home/airflow/.local/lib/python3.12/site-packages/airflow/example_dags/tutorial.py
[2024-09-22T23:51:27.783+0000] {processor.py:925} INFO - DAG(s) 'tutorial' retrieved from /home/airflow/.local/lib/python3.12/site-packages/airflow/example_dags/tutorial.py
[2024-09-22T23:51:27.820+0000] {logging_mixin.py:190} INFO - [2024-09-22T23:51:27.820+0000] {dag.py:3229} INFO - Sync 1 DAGs
[2024-09-22T23:51:27.854+0000] {logging_mixin.py:190} INFO - [2024-09-22T23:51:27.853+0000] {dag.py:4156} INFO - Setting next_dagrun for tutorial to 2024-09-21 00:00:00+00:00, run_after=2024-09-22 00:00:00+00:00
[2024-09-22T23:51:27.880+0000] {processor.py:208} INFO - Processing /home/airflow/.local/lib/python3.12/site-packages/airflow/example_dags/tutorial.py took 0.134 seconds
[2024-09-22T23:51:58.208+0000] {processor.py:186} INFO - Started process (PID=705) to work on /home/airflow/.local/lib/python3.12/site-packages/airflow/example_dags/tutorial.py
[2024-09-22T23:51:58.210+0000] {processor.py:914} INFO - Processing file /home/airflow/.local/lib/python3.12/site-packages/airflow/example_dags/tutorial.py for tasks to queue
[2024-09-22T23:51:58.214+0000] {logging_mixin.py:190} INFO - [2024-09-22T23:51:58.213+0000] {dagbag.py:587} INFO - Filling up the DagBag from /home/airflow/.local/lib/python3.12/site-packages/airflow/example_dags/tutorial.py
[2024-09-22T23:51:58.231+0000] {processor.py:925} INFO - DAG(s) 'tutorial' retrieved from /home/airflow/.local/lib/python3.12/site-packages/airflow/example_dags/tutorial.py
[2024-09-22T23:51:58.264+0000] {logging_mixin.py:190} INFO - [2024-09-22T23:51:58.263+0000] {dag.py:3229} INFO - Sync 1 DAGs
[2024-09-22T23:51:58.304+0000] {logging_mixin.py:190} INFO - [2024-09-22T23:51:58.303+0000] {dag.py:4156} INFO - Setting next_dagrun for tutorial to 2024-09-21 00:00:00+00:00, run_after=2024-09-22 00:00:00+00:00
[2024-09-22T23:51:58.332+0000] {processor.py:208} INFO - Processing /home/airflow/.local/lib/python3.12/site-packages/airflow/example_dags/tutorial.py took 0.133 seconds
[2024-09-22T23:52:28.546+0000] {processor.py:186} INFO - Started process (PID=768) to work on /home/airflow/.local/lib/python3.12/site-packages/airflow/example_dags/tutorial.py
[2024-09-22T23:52:28.548+0000] {processor.py:914} INFO - Processing file /home/airflow/.local/lib/python3.12/site-packages/airflow/example_dags/tutorial.py for tasks to queue
[2024-09-22T23:52:28.552+0000] {logging_mixin.py:190} INFO - [2024-09-22T23:52:28.551+0000] {dagbag.py:587} INFO - Filling up the DagBag from /home/airflow/.local/lib/python3.12/site-packages/airflow/example_dags/tutorial.py
[2024-09-22T23:52:28.576+0000] {processor.py:925} INFO - DAG(s) 'tutorial' retrieved from /home/airflow/.local/lib/python3.12/site-packages/airflow/example_dags/tutorial.py
[2024-09-22T23:52:28.606+0000] {logging_mixin.py:190} INFO - [2024-09-22T23:52:28.605+0000] {dag.py:3229} INFO - Sync 1 DAGs
[2024-09-22T23:52:28.655+0000] {logging_mixin.py:190} INFO - [2024-09-22T23:52:28.655+0000] {dag.py:4156} INFO - Setting next_dagrun for tutorial to 2024-09-21 00:00:00+00:00, run_after=2024-09-22 00:00:00+00:00
[2024-09-22T23:52:28.689+0000] {processor.py:208} INFO - Processing /home/airflow/.local/lib/python3.12/site-packages/airflow/example_dags/tutorial.py took 0.156 seconds
[2024-09-22T23:52:59.024+0000] {processor.py:186} INFO - Started process (PID=831) to work on /home/airflow/.local/lib/python3.12/site-packages/airflow/example_dags/tutorial.py
[2024-09-22T23:52:59.026+0000] {processor.py:914} INFO - Processing file /home/airflow/.local/lib/python3.12/site-packages/airflow/example_dags/tutorial.py for tasks to queue
[2024-09-22T23:52:59.030+0000] {logging_mixin.py:190} INFO - [2024-09-22T23:52:59.029+0000] {dagbag.py:587} INFO - Filling up the DagBag from /home/airflow/.local/lib/python3.12/site-packages/airflow/example_dags/tutorial.py
[2024-09-22T23:52:59.049+0000] {processor.py:925} INFO - DAG(s) 'tutorial' retrieved from /home/airflow/.local/lib/python3.12/site-packages/airflow/example_dags/tutorial.py
[2024-09-22T23:52:59.083+0000] {logging_mixin.py:190} INFO - [2024-09-22T23:52:59.082+0000] {dag.py:3229} INFO - Sync 1 DAGs
[2024-09-22T23:52:59.121+0000] {logging_mixin.py:190} INFO - [2024-09-22T23:52:59.121+0000] {dag.py:4156} INFO - Setting next_dagrun for tutorial to 2024-09-21 00:00:00+00:00, run_after=2024-09-22 00:00:00+00:00
[2024-09-22T23:52:59.149+0000] {processor.py:208} INFO - Processing /home/airflow/.local/lib/python3.12/site-packages/airflow/example_dags/tutorial.py took 0.136 seconds
[2024-09-22T23:53:30.042+0000] {processor.py:186} INFO - Started process (PID=893) to work on /home/airflow/.local/lib/python3.12/site-packages/airflow/example_dags/tutorial.py
[2024-09-22T23:53:30.045+0000] {processor.py:914} INFO - Processing file /home/airflow/.local/lib/python3.12/site-packages/airflow/example_dags/tutorial.py for tasks to queue
[2024-09-22T23:53:30.052+0000] {logging_mixin.py:190} INFO - [2024-09-22T23:53:30.051+0000] {dagbag.py:587} INFO - Filling up the DagBag from /home/airflow/.local/lib/python3.12/site-packages/airflow/example_dags/tutorial.py
[2024-09-22T23:53:30.089+0000] {processor.py:925} INFO - DAG(s) 'tutorial' retrieved from /home/airflow/.local/lib/python3.12/site-packages/airflow/example_dags/tutorial.py
[2024-09-22T23:53:30.160+0000] {logging_mixin.py:190} INFO - [2024-09-22T23:53:30.159+0000] {dag.py:3229} INFO - Sync 1 DAGs
[2024-09-22T23:53:30.226+0000] {logging_mixin.py:190} INFO - [2024-09-22T23:53:30.225+0000] {dag.py:4156} INFO - Setting next_dagrun for tutorial to 2024-09-21 00:00:00+00:00, run_after=2024-09-22 00:00:00+00:00
[2024-09-22T23:53:30.279+0000] {processor.py:208} INFO - Processing /home/airflow/.local/lib/python3.12/site-packages/airflow/example_dags/tutorial.py took 0.257 seconds
[2024-09-22T23:54:00.673+0000] {processor.py:186} INFO - Started process (PID=956) to work on /home/airflow/.local/lib/python3.12/site-packages/airflow/example_dags/tutorial.py
[2024-09-22T23:54:00.676+0000] {processor.py:914} INFO - Processing file /home/airflow/.local/lib/python3.12/site-packages/airflow/example_dags/tutorial.py for tasks to queue
[2024-09-22T23:54:00.682+0000] {logging_mixin.py:190} INFO - [2024-09-22T23:54:00.681+0000] {dagbag.py:587} INFO - Filling up the DagBag from /home/airflow/.local/lib/python3.12/site-packages/airflow/example_dags/tutorial.py
[2024-09-22T23:54:00.700+0000] {processor.py:925} INFO - DAG(s) 'tutorial' retrieved from /home/airflow/.local/lib/python3.12/site-packages/airflow/example_dags/tutorial.py
[2024-09-22T23:54:00.734+0000] {logging_mixin.py:190} INFO - [2024-09-22T23:54:00.733+0000] {dag.py:3229} INFO - Sync 1 DAGs
[2024-09-22T23:54:00.773+0000] {logging_mixin.py:190} INFO - [2024-09-22T23:54:00.773+0000] {dag.py:4156} INFO - Setting next_dagrun for tutorial to 2024-09-21 00:00:00+00:00, run_after=2024-09-22 00:00:00+00:00
[2024-09-22T23:54:00.804+0000] {processor.py:208} INFO - Processing /home/airflow/.local/lib/python3.12/site-packages/airflow/example_dags/tutorial.py took 0.146 seconds
[2024-09-22T23:54:30.841+0000] {processor.py:186} INFO - Started process (PID=1019) to work on /home/airflow/.local/lib/python3.12/site-packages/airflow/example_dags/tutorial.py
[2024-09-22T23:54:30.843+0000] {processor.py:914} INFO - Processing file /home/airflow/.local/lib/python3.12/site-packages/airflow/example_dags/tutorial.py for tasks to queue
[2024-09-22T23:54:30.847+0000] {logging_mixin.py:190} INFO - [2024-09-22T23:54:30.846+0000] {dagbag.py:587} INFO - Filling up the DagBag from /home/airflow/.local/lib/python3.12/site-packages/airflow/example_dags/tutorial.py
[2024-09-22T23:54:30.864+0000] {processor.py:925} INFO - DAG(s) 'tutorial' retrieved from /home/airflow/.local/lib/python3.12/site-packages/airflow/example_dags/tutorial.py
[2024-09-22T23:54:30.894+0000] {logging_mixin.py:190} INFO - [2024-09-22T23:54:30.894+0000] {dag.py:3229} INFO - Sync 1 DAGs
[2024-09-22T23:54:30.926+0000] {logging_mixin.py:190} INFO - [2024-09-22T23:54:30.925+0000] {dag.py:4156} INFO - Setting next_dagrun for tutorial to 2024-09-21 00:00:00+00:00, run_after=2024-09-22 00:00:00+00:00
[2024-09-22T23:54:30.950+0000] {processor.py:208} INFO - Processing /home/airflow/.local/lib/python3.12/site-packages/airflow/example_dags/tutorial.py took 0.119 seconds
[2024-09-22T23:55:01.686+0000] {processor.py:186} INFO - Started process (PID=1082) to work on /home/airflow/.local/lib/python3.12/site-packages/airflow/example_dags/tutorial.py
[2024-09-22T23:55:01.689+0000] {processor.py:914} INFO - Processing file /home/airflow/.local/lib/python3.12/site-packages/airflow/example_dags/tutorial.py for tasks to queue
[2024-09-22T23:55:01.693+0000] {logging_mixin.py:190} INFO - [2024-09-22T23:55:01.692+0000] {dagbag.py:587} INFO - Filling up the DagBag from /home/airflow/.local/lib/python3.12/site-packages/airflow/example_dags/tutorial.py
[2024-09-22T23:55:01.712+0000] {processor.py:925} INFO - DAG(s) 'tutorial' retrieved from /home/airflow/.local/lib/python3.12/site-packages/airflow/example_dags/tutorial.py
[2024-09-22T23:55:01.744+0000] {logging_mixin.py:190} INFO - [2024-09-22T23:55:01.744+0000] {dag.py:3229} INFO - Sync 1 DAGs
[2024-09-22T23:55:01.786+0000] {logging_mixin.py:190} INFO - [2024-09-22T23:55:01.786+0000] {dag.py:4156} INFO - Setting next_dagrun for tutorial to 2024-09-21 00:00:00+00:00, run_after=2024-09-22 00:00:00+00:00
[2024-09-22T23:55:01.818+0000] {processor.py:208} INFO - Processing /home/airflow/.local/lib/python3.12/site-packages/airflow/example_dags/tutorial.py took 0.141 seconds
[2024-09-22T23:55:32.070+0000] {processor.py:186} INFO - Started process (PID=1144) to work on /home/airflow/.local/lib/python3.12/site-packages/airflow/example_dags/tutorial.py
[2024-09-22T23:55:32.072+0000] {processor.py:914} INFO - Processing file /home/airflow/.local/lib/python3.12/site-packages/airflow/example_dags/tutorial.py for tasks to queue
[2024-09-22T23:55:32.075+0000] {logging_mixin.py:190} INFO - [2024-09-22T23:55:32.075+0000] {dagbag.py:587} INFO - Filling up the DagBag from /home/airflow/.local/lib/python3.12/site-packages/airflow/example_dags/tutorial.py
[2024-09-22T23:55:32.094+0000] {processor.py:925} INFO - DAG(s) 'tutorial' retrieved from /home/airflow/.local/lib/python3.12/site-packages/airflow/example_dags/tutorial.py
[2024-09-22T23:55:32.125+0000] {logging_mixin.py:190} INFO - [2024-09-22T23:55:32.124+0000] {dag.py:3229} INFO - Sync 1 DAGs
[2024-09-22T23:55:32.163+0000] {logging_mixin.py:190} INFO - [2024-09-22T23:55:32.163+0000] {dag.py:4156} INFO - Setting next_dagrun for tutorial to 2024-09-21 00:00:00+00:00, run_after=2024-09-22 00:00:00+00:00
[2024-09-22T23:55:32.192+0000] {processor.py:208} INFO - Processing /home/airflow/.local/lib/python3.12/site-packages/airflow/example_dags/tutorial.py took 0.131 seconds
[2024-09-22T23:58:00.932+0000] {processor.py:186} INFO - Started process (PID=72) to work on /home/airflow/.local/lib/python3.12/site-packages/airflow/example_dags/tutorial.py
[2024-09-22T23:58:00.934+0000] {processor.py:914} INFO - Processing file /home/airflow/.local/lib/python3.12/site-packages/airflow/example_dags/tutorial.py for tasks to queue
[2024-09-22T23:58:00.940+0000] {logging_mixin.py:190} INFO - [2024-09-22T23:58:00.939+0000] {dagbag.py:587} INFO - Filling up the DagBag from /home/airflow/.local/lib/python3.12/site-packages/airflow/example_dags/tutorial.py
[2024-09-22T23:58:00.967+0000] {processor.py:925} INFO - DAG(s) 'tutorial' retrieved from /home/airflow/.local/lib/python3.12/site-packages/airflow/example_dags/tutorial.py
[2024-09-22T23:58:01.046+0000] {logging_mixin.py:190} INFO - [2024-09-22T23:58:01.045+0000] {dag.py:3229} INFO - Sync 1 DAGs
[2024-09-22T23:58:01.095+0000] {logging_mixin.py:190} INFO - [2024-09-22T23:58:01.095+0000] {dag.py:4156} INFO - Setting next_dagrun for tutorial to 2024-09-21 00:00:00+00:00, run_after=2024-09-22 00:00:00+00:00
[2024-09-22T23:58:01.127+0000] {processor.py:208} INFO - Processing /home/airflow/.local/lib/python3.12/site-packages/airflow/example_dags/tutorial.py took 0.211 seconds
[2024-09-22T23:58:31.635+0000] {processor.py:186} INFO - Started process (PID=135) to work on /home/airflow/.local/lib/python3.12/site-packages/airflow/example_dags/tutorial.py
[2024-09-22T23:58:31.637+0000] {processor.py:914} INFO - Processing file /home/airflow/.local/lib/python3.12/site-packages/airflow/example_dags/tutorial.py for tasks to queue
[2024-09-22T23:58:31.640+0000] {logging_mixin.py:190} INFO - [2024-09-22T23:58:31.640+0000] {dagbag.py:587} INFO - Filling up the DagBag from /home/airflow/.local/lib/python3.12/site-packages/airflow/example_dags/tutorial.py
[2024-09-22T23:58:31.661+0000] {processor.py:925} INFO - DAG(s) 'tutorial' retrieved from /home/airflow/.local/lib/python3.12/site-packages/airflow/example_dags/tutorial.py
[2024-09-22T23:58:31.692+0000] {logging_mixin.py:190} INFO - [2024-09-22T23:58:31.691+0000] {dag.py:3229} INFO - Sync 1 DAGs
[2024-09-22T23:58:31.723+0000] {logging_mixin.py:190} INFO - [2024-09-22T23:58:31.723+0000] {dag.py:4156} INFO - Setting next_dagrun for tutorial to 2024-09-21 00:00:00+00:00, run_after=2024-09-22 00:00:00+00:00
[2024-09-22T23:58:31.751+0000] {processor.py:208} INFO - Processing /home/airflow/.local/lib/python3.12/site-packages/airflow/example_dags/tutorial.py took 0.126 seconds
[2024-09-22T23:59:02.492+0000] {processor.py:186} INFO - Started process (PID=198) to work on /home/airflow/.local/lib/python3.12/site-packages/airflow/example_dags/tutorial.py
[2024-09-22T23:59:02.494+0000] {processor.py:914} INFO - Processing file /home/airflow/.local/lib/python3.12/site-packages/airflow/example_dags/tutorial.py for tasks to queue
[2024-09-22T23:59:02.498+0000] {logging_mixin.py:190} INFO - [2024-09-22T23:59:02.497+0000] {dagbag.py:587} INFO - Filling up the DagBag from /home/airflow/.local/lib/python3.12/site-packages/airflow/example_dags/tutorial.py
[2024-09-22T23:59:02.518+0000] {processor.py:925} INFO - DAG(s) 'tutorial' retrieved from /home/airflow/.local/lib/python3.12/site-packages/airflow/example_dags/tutorial.py
[2024-09-22T23:59:02.550+0000] {logging_mixin.py:190} INFO - [2024-09-22T23:59:02.549+0000] {dag.py:3229} INFO - Sync 1 DAGs
[2024-09-22T23:59:02.584+0000] {logging_mixin.py:190} INFO - [2024-09-22T23:59:02.583+0000] {dag.py:4156} INFO - Setting next_dagrun for tutorial to 2024-09-21 00:00:00+00:00, run_after=2024-09-22 00:00:00+00:00
[2024-09-22T23:59:02.611+0000] {processor.py:208} INFO - Processing /home/airflow/.local/lib/python3.12/site-packages/airflow/example_dags/tutorial.py took 0.130 seconds
[2024-09-22T23:59:33.119+0000] {processor.py:186} INFO - Started process (PID=261) to work on /home/airflow/.local/lib/python3.12/site-packages/airflow/example_dags/tutorial.py
[2024-09-22T23:59:33.121+0000] {processor.py:914} INFO - Processing file /home/airflow/.local/lib/python3.12/site-packages/airflow/example_dags/tutorial.py for tasks to queue
[2024-09-22T23:59:33.125+0000] {logging_mixin.py:190} INFO - [2024-09-22T23:59:33.124+0000] {dagbag.py:587} INFO - Filling up the DagBag from /home/airflow/.local/lib/python3.12/site-packages/airflow/example_dags/tutorial.py
[2024-09-22T23:59:33.144+0000] {processor.py:925} INFO - DAG(s) 'tutorial' retrieved from /home/airflow/.local/lib/python3.12/site-packages/airflow/example_dags/tutorial.py
[2024-09-22T23:59:33.175+0000] {logging_mixin.py:190} INFO - [2024-09-22T23:59:33.175+0000] {dag.py:3229} INFO - Sync 1 DAGs
[2024-09-22T23:59:33.212+0000] {logging_mixin.py:190} INFO - [2024-09-22T23:59:33.212+0000] {dag.py:4156} INFO - Setting next_dagrun for tutorial to 2024-09-21 00:00:00+00:00, run_after=2024-09-22 00:00:00+00:00
[2024-09-22T23:59:33.239+0000] {processor.py:208} INFO - Processing /home/airflow/.local/lib/python3.12/site-packages/airflow/example_dags/tutorial.py took 0.131 seconds
