[2024-09-22T23:26:15.074+0000] {processor.py:186} INFO - Started process (PID=71) to work on /home/airflow/.local/lib/python3.12/site-packages/airflow/example_dags/tutorial_objectstorage.py
[2024-09-22T23:26:15.076+0000] {processor.py:914} INFO - Processing file /home/airflow/.local/lib/python3.12/site-packages/airflow/example_dags/tutorial_objectstorage.py for tasks to queue
[2024-09-22T23:26:15.080+0000] {logging_mixin.py:190} INFO - [2024-09-22T23:26:15.080+0000] {dagbag.py:587} INFO - Filling up the DagBag from /home/airflow/.local/lib/python3.12/site-packages/airflow/example_dags/tutorial_objectstorage.py
[2024-09-22T23:26:15.107+0000] {processor.py:925} INFO - DAG(s) 'tutorial_objectstorage' retrieved from /home/airflow/.local/lib/python3.12/site-packages/airflow/example_dags/tutorial_objectstorage.py
[2024-09-22T23:26:15.365+0000] {logging_mixin.py:190} INFO - [2024-09-22T23:26:15.364+0000] {override.py:1900} INFO - Created Permission View: can edit on DAG:tutorial_objectstorage
[2024-09-22T23:26:15.381+0000] {logging_mixin.py:190} INFO - [2024-09-22T23:26:15.380+0000] {override.py:1900} INFO - Created Permission View: can read on DAG:tutorial_objectstorage
[2024-09-22T23:26:15.391+0000] {logging_mixin.py:190} INFO - [2024-09-22T23:26:15.390+0000] {override.py:1900} INFO - Created Permission View: can delete on DAG:tutorial_objectstorage
[2024-09-22T23:26:15.402+0000] {logging_mixin.py:190} INFO - [2024-09-22T23:26:15.402+0000] {override.py:1900} INFO - Created Permission View: can create on DAG Run:tutorial_objectstorage
[2024-09-22T23:26:15.413+0000] {logging_mixin.py:190} INFO - [2024-09-22T23:26:15.413+0000] {override.py:1900} INFO - Created Permission View: menu access on DAG Run:tutorial_objectstorage
[2024-09-22T23:26:15.423+0000] {logging_mixin.py:190} INFO - [2024-09-22T23:26:15.423+0000] {override.py:1900} INFO - Created Permission View: can read on DAG Run:tutorial_objectstorage
[2024-09-22T23:26:15.434+0000] {logging_mixin.py:190} INFO - [2024-09-22T23:26:15.433+0000] {override.py:1900} INFO - Created Permission View: can delete on DAG Run:tutorial_objectstorage
[2024-09-22T23:26:15.435+0000] {logging_mixin.py:190} INFO - [2024-09-22T23:26:15.434+0000] {dag.py:3229} INFO - Sync 1 DAGs
[2024-09-22T23:26:15.460+0000] {logging_mixin.py:190} INFO - [2024-09-22T23:26:15.459+0000] {dag.py:3252} INFO - Creating ORM DAG for tutorial_objectstorage
[2024-09-22T23:26:15.461+0000] {logging_mixin.py:190} INFO - [2024-09-22T23:26:15.461+0000] {dag.py:4156} INFO - Setting next_dagrun for tutorial_objectstorage to None, run_after=None
[2024-09-22T23:26:15.487+0000] {processor.py:208} INFO - Processing /home/airflow/.local/lib/python3.12/site-packages/airflow/example_dags/tutorial_objectstorage.py took 0.426 seconds
[2024-09-22T23:26:46.258+0000] {processor.py:186} INFO - Started process (PID=133) to work on /home/airflow/.local/lib/python3.12/site-packages/airflow/example_dags/tutorial_objectstorage.py
[2024-09-22T23:26:46.267+0000] {processor.py:914} INFO - Processing file /home/airflow/.local/lib/python3.12/site-packages/airflow/example_dags/tutorial_objectstorage.py for tasks to queue
[2024-09-22T23:26:46.271+0000] {logging_mixin.py:190} INFO - [2024-09-22T23:26:46.270+0000] {dagbag.py:587} INFO - Filling up the DagBag from /home/airflow/.local/lib/python3.12/site-packages/airflow/example_dags/tutorial_objectstorage.py
[2024-09-22T23:26:46.292+0000] {processor.py:925} INFO - DAG(s) 'tutorial_objectstorage' retrieved from /home/airflow/.local/lib/python3.12/site-packages/airflow/example_dags/tutorial_objectstorage.py
[2024-09-22T23:26:46.319+0000] {logging_mixin.py:190} INFO - [2024-09-22T23:26:46.318+0000] {dag.py:3229} INFO - Sync 1 DAGs
[2024-09-22T23:26:46.339+0000] {logging_mixin.py:190} INFO - [2024-09-22T23:26:46.339+0000] {dag.py:4156} INFO - Setting next_dagrun for tutorial_objectstorage to None, run_after=None
[2024-09-22T23:26:46.363+0000] {processor.py:208} INFO - Processing /home/airflow/.local/lib/python3.12/site-packages/airflow/example_dags/tutorial_objectstorage.py took 0.114 seconds
[2024-09-22T23:27:16.426+0000] {processor.py:186} INFO - Started process (PID=195) to work on /home/airflow/.local/lib/python3.12/site-packages/airflow/example_dags/tutorial_objectstorage.py
[2024-09-22T23:27:16.428+0000] {processor.py:914} INFO - Processing file /home/airflow/.local/lib/python3.12/site-packages/airflow/example_dags/tutorial_objectstorage.py for tasks to queue
[2024-09-22T23:27:16.432+0000] {logging_mixin.py:190} INFO - [2024-09-22T23:27:16.432+0000] {dagbag.py:587} INFO - Filling up the DagBag from /home/airflow/.local/lib/python3.12/site-packages/airflow/example_dags/tutorial_objectstorage.py
[2024-09-22T23:27:16.456+0000] {processor.py:925} INFO - DAG(s) 'tutorial_objectstorage' retrieved from /home/airflow/.local/lib/python3.12/site-packages/airflow/example_dags/tutorial_objectstorage.py
[2024-09-22T23:27:16.491+0000] {logging_mixin.py:190} INFO - [2024-09-22T23:27:16.491+0000] {dag.py:3229} INFO - Sync 1 DAGs
[2024-09-22T23:27:16.517+0000] {logging_mixin.py:190} INFO - [2024-09-22T23:27:16.516+0000] {dag.py:4156} INFO - Setting next_dagrun for tutorial_objectstorage to None, run_after=None
[2024-09-22T23:27:16.544+0000] {processor.py:208} INFO - Processing /home/airflow/.local/lib/python3.12/site-packages/airflow/example_dags/tutorial_objectstorage.py took 0.128 seconds
[2024-09-22T23:27:46.639+0000] {processor.py:186} INFO - Started process (PID=257) to work on /home/airflow/.local/lib/python3.12/site-packages/airflow/example_dags/tutorial_objectstorage.py
[2024-09-22T23:27:46.641+0000] {processor.py:914} INFO - Processing file /home/airflow/.local/lib/python3.12/site-packages/airflow/example_dags/tutorial_objectstorage.py for tasks to queue
[2024-09-22T23:27:46.644+0000] {logging_mixin.py:190} INFO - [2024-09-22T23:27:46.644+0000] {dagbag.py:587} INFO - Filling up the DagBag from /home/airflow/.local/lib/python3.12/site-packages/airflow/example_dags/tutorial_objectstorage.py
[2024-09-22T23:27:46.662+0000] {processor.py:925} INFO - DAG(s) 'tutorial_objectstorage' retrieved from /home/airflow/.local/lib/python3.12/site-packages/airflow/example_dags/tutorial_objectstorage.py
[2024-09-22T23:27:46.692+0000] {logging_mixin.py:190} INFO - [2024-09-22T23:27:46.691+0000] {dag.py:3229} INFO - Sync 1 DAGs
[2024-09-22T23:27:46.719+0000] {logging_mixin.py:190} INFO - [2024-09-22T23:27:46.718+0000] {dag.py:4156} INFO - Setting next_dagrun for tutorial_objectstorage to None, run_after=None
[2024-09-22T23:27:46.748+0000] {processor.py:208} INFO - Processing /home/airflow/.local/lib/python3.12/site-packages/airflow/example_dags/tutorial_objectstorage.py took 0.119 seconds
[2024-09-22T23:28:16.979+0000] {processor.py:186} INFO - Started process (PID=319) to work on /home/airflow/.local/lib/python3.12/site-packages/airflow/example_dags/tutorial_objectstorage.py
[2024-09-22T23:28:16.981+0000] {processor.py:914} INFO - Processing file /home/airflow/.local/lib/python3.12/site-packages/airflow/example_dags/tutorial_objectstorage.py for tasks to queue
[2024-09-22T23:28:16.985+0000] {logging_mixin.py:190} INFO - [2024-09-22T23:28:16.984+0000] {dagbag.py:587} INFO - Filling up the DagBag from /home/airflow/.local/lib/python3.12/site-packages/airflow/example_dags/tutorial_objectstorage.py
[2024-09-22T23:28:17.010+0000] {processor.py:925} INFO - DAG(s) 'tutorial_objectstorage' retrieved from /home/airflow/.local/lib/python3.12/site-packages/airflow/example_dags/tutorial_objectstorage.py
[2024-09-22T23:28:17.047+0000] {logging_mixin.py:190} INFO - [2024-09-22T23:28:17.046+0000] {dag.py:3229} INFO - Sync 1 DAGs
[2024-09-22T23:28:17.078+0000] {logging_mixin.py:190} INFO - [2024-09-22T23:28:17.077+0000] {dag.py:4156} INFO - Setting next_dagrun for tutorial_objectstorage to None, run_after=None
[2024-09-22T23:28:17.112+0000] {processor.py:208} INFO - Processing /home/airflow/.local/lib/python3.12/site-packages/airflow/example_dags/tutorial_objectstorage.py took 0.145 seconds
[2024-09-22T23:28:47.258+0000] {processor.py:186} INFO - Started process (PID=381) to work on /home/airflow/.local/lib/python3.12/site-packages/airflow/example_dags/tutorial_objectstorage.py
[2024-09-22T23:28:47.260+0000] {processor.py:914} INFO - Processing file /home/airflow/.local/lib/python3.12/site-packages/airflow/example_dags/tutorial_objectstorage.py for tasks to queue
[2024-09-22T23:28:47.265+0000] {logging_mixin.py:190} INFO - [2024-09-22T23:28:47.264+0000] {dagbag.py:587} INFO - Filling up the DagBag from /home/airflow/.local/lib/python3.12/site-packages/airflow/example_dags/tutorial_objectstorage.py
[2024-09-22T23:28:47.289+0000] {processor.py:925} INFO - DAG(s) 'tutorial_objectstorage' retrieved from /home/airflow/.local/lib/python3.12/site-packages/airflow/example_dags/tutorial_objectstorage.py
[2024-09-22T23:28:47.326+0000] {logging_mixin.py:190} INFO - [2024-09-22T23:28:47.325+0000] {dag.py:3229} INFO - Sync 1 DAGs
[2024-09-22T23:28:47.355+0000] {logging_mixin.py:190} INFO - [2024-09-22T23:28:47.355+0000] {dag.py:4156} INFO - Setting next_dagrun for tutorial_objectstorage to None, run_after=None
[2024-09-22T23:28:47.390+0000] {processor.py:208} INFO - Processing /home/airflow/.local/lib/python3.12/site-packages/airflow/example_dags/tutorial_objectstorage.py took 0.146 seconds
[2024-09-22T23:29:18.084+0000] {processor.py:186} INFO - Started process (PID=443) to work on /home/airflow/.local/lib/python3.12/site-packages/airflow/example_dags/tutorial_objectstorage.py
[2024-09-22T23:29:18.085+0000] {processor.py:914} INFO - Processing file /home/airflow/.local/lib/python3.12/site-packages/airflow/example_dags/tutorial_objectstorage.py for tasks to queue
[2024-09-22T23:29:18.088+0000] {logging_mixin.py:190} INFO - [2024-09-22T23:29:18.088+0000] {dagbag.py:587} INFO - Filling up the DagBag from /home/airflow/.local/lib/python3.12/site-packages/airflow/example_dags/tutorial_objectstorage.py
[2024-09-22T23:29:18.108+0000] {processor.py:925} INFO - DAG(s) 'tutorial_objectstorage' retrieved from /home/airflow/.local/lib/python3.12/site-packages/airflow/example_dags/tutorial_objectstorage.py
[2024-09-22T23:29:18.138+0000] {logging_mixin.py:190} INFO - [2024-09-22T23:29:18.137+0000] {dag.py:3229} INFO - Sync 1 DAGs
[2024-09-22T23:29:18.163+0000] {logging_mixin.py:190} INFO - [2024-09-22T23:29:18.163+0000] {dag.py:4156} INFO - Setting next_dagrun for tutorial_objectstorage to None, run_after=None
[2024-09-22T23:29:18.191+0000] {processor.py:208} INFO - Processing /home/airflow/.local/lib/python3.12/site-packages/airflow/example_dags/tutorial_objectstorage.py took 0.117 seconds
[2024-09-22T23:29:48.496+0000] {processor.py:186} INFO - Started process (PID=505) to work on /home/airflow/.local/lib/python3.12/site-packages/airflow/example_dags/tutorial_objectstorage.py
[2024-09-22T23:29:48.498+0000] {processor.py:914} INFO - Processing file /home/airflow/.local/lib/python3.12/site-packages/airflow/example_dags/tutorial_objectstorage.py for tasks to queue
[2024-09-22T23:29:48.501+0000] {logging_mixin.py:190} INFO - [2024-09-22T23:29:48.500+0000] {dagbag.py:587} INFO - Filling up the DagBag from /home/airflow/.local/lib/python3.12/site-packages/airflow/example_dags/tutorial_objectstorage.py
[2024-09-22T23:29:48.519+0000] {processor.py:925} INFO - DAG(s) 'tutorial_objectstorage' retrieved from /home/airflow/.local/lib/python3.12/site-packages/airflow/example_dags/tutorial_objectstorage.py
[2024-09-22T23:29:48.550+0000] {logging_mixin.py:190} INFO - [2024-09-22T23:29:48.549+0000] {dag.py:3229} INFO - Sync 1 DAGs
[2024-09-22T23:29:48.570+0000] {logging_mixin.py:190} INFO - [2024-09-22T23:29:48.569+0000] {dag.py:4156} INFO - Setting next_dagrun for tutorial_objectstorage to None, run_after=None
[2024-09-22T23:29:48.599+0000] {processor.py:208} INFO - Processing /home/airflow/.local/lib/python3.12/site-packages/airflow/example_dags/tutorial_objectstorage.py took 0.112 seconds
[2024-09-22T23:30:18.670+0000] {processor.py:186} INFO - Started process (PID=567) to work on /home/airflow/.local/lib/python3.12/site-packages/airflow/example_dags/tutorial_objectstorage.py
[2024-09-22T23:30:18.671+0000] {processor.py:914} INFO - Processing file /home/airflow/.local/lib/python3.12/site-packages/airflow/example_dags/tutorial_objectstorage.py for tasks to queue
[2024-09-22T23:30:18.674+0000] {logging_mixin.py:190} INFO - [2024-09-22T23:30:18.674+0000] {dagbag.py:587} INFO - Filling up the DagBag from /home/airflow/.local/lib/python3.12/site-packages/airflow/example_dags/tutorial_objectstorage.py
[2024-09-22T23:30:18.693+0000] {processor.py:925} INFO - DAG(s) 'tutorial_objectstorage' retrieved from /home/airflow/.local/lib/python3.12/site-packages/airflow/example_dags/tutorial_objectstorage.py
[2024-09-22T23:30:18.725+0000] {logging_mixin.py:190} INFO - [2024-09-22T23:30:18.725+0000] {dag.py:3229} INFO - Sync 1 DAGs
[2024-09-22T23:30:18.746+0000] {logging_mixin.py:190} INFO - [2024-09-22T23:30:18.746+0000] {dag.py:4156} INFO - Setting next_dagrun for tutorial_objectstorage to None, run_after=None
[2024-09-22T23:30:18.775+0000] {processor.py:208} INFO - Processing /home/airflow/.local/lib/python3.12/site-packages/airflow/example_dags/tutorial_objectstorage.py took 0.114 seconds
[2024-09-22T23:30:48.948+0000] {processor.py:186} INFO - Started process (PID=629) to work on /home/airflow/.local/lib/python3.12/site-packages/airflow/example_dags/tutorial_objectstorage.py
[2024-09-22T23:30:48.949+0000] {processor.py:914} INFO - Processing file /home/airflow/.local/lib/python3.12/site-packages/airflow/example_dags/tutorial_objectstorage.py for tasks to queue
[2024-09-22T23:30:48.953+0000] {logging_mixin.py:190} INFO - [2024-09-22T23:30:48.952+0000] {dagbag.py:587} INFO - Filling up the DagBag from /home/airflow/.local/lib/python3.12/site-packages/airflow/example_dags/tutorial_objectstorage.py
[2024-09-22T23:30:48.972+0000] {processor.py:925} INFO - DAG(s) 'tutorial_objectstorage' retrieved from /home/airflow/.local/lib/python3.12/site-packages/airflow/example_dags/tutorial_objectstorage.py
[2024-09-22T23:30:49.006+0000] {logging_mixin.py:190} INFO - [2024-09-22T23:30:49.006+0000] {dag.py:3229} INFO - Sync 1 DAGs
[2024-09-22T23:30:49.031+0000] {logging_mixin.py:190} INFO - [2024-09-22T23:30:49.031+0000] {dag.py:4156} INFO - Setting next_dagrun for tutorial_objectstorage to None, run_after=None
[2024-09-22T23:30:49.058+0000] {processor.py:208} INFO - Processing /home/airflow/.local/lib/python3.12/site-packages/airflow/example_dags/tutorial_objectstorage.py took 0.120 seconds
[2024-09-22T23:31:19.314+0000] {processor.py:186} INFO - Started process (PID=692) to work on /home/airflow/.local/lib/python3.12/site-packages/airflow/example_dags/tutorial_objectstorage.py
[2024-09-22T23:31:19.315+0000] {processor.py:914} INFO - Processing file /home/airflow/.local/lib/python3.12/site-packages/airflow/example_dags/tutorial_objectstorage.py for tasks to queue
[2024-09-22T23:31:19.319+0000] {logging_mixin.py:190} INFO - [2024-09-22T23:31:19.318+0000] {dagbag.py:587} INFO - Filling up the DagBag from /home/airflow/.local/lib/python3.12/site-packages/airflow/example_dags/tutorial_objectstorage.py
[2024-09-22T23:31:19.338+0000] {processor.py:925} INFO - DAG(s) 'tutorial_objectstorage' retrieved from /home/airflow/.local/lib/python3.12/site-packages/airflow/example_dags/tutorial_objectstorage.py
[2024-09-22T23:31:19.368+0000] {logging_mixin.py:190} INFO - [2024-09-22T23:31:19.368+0000] {dag.py:3229} INFO - Sync 1 DAGs
[2024-09-22T23:31:19.391+0000] {logging_mixin.py:190} INFO - [2024-09-22T23:31:19.391+0000] {dag.py:4156} INFO - Setting next_dagrun for tutorial_objectstorage to None, run_after=None
[2024-09-22T23:31:19.417+0000] {processor.py:208} INFO - Processing /home/airflow/.local/lib/python3.12/site-packages/airflow/example_dags/tutorial_objectstorage.py took 0.113 seconds
[2024-09-22T23:31:49.950+0000] {processor.py:186} INFO - Started process (PID=754) to work on /home/airflow/.local/lib/python3.12/site-packages/airflow/example_dags/tutorial_objectstorage.py
[2024-09-22T23:31:49.952+0000] {processor.py:914} INFO - Processing file /home/airflow/.local/lib/python3.12/site-packages/airflow/example_dags/tutorial_objectstorage.py for tasks to queue
[2024-09-22T23:31:49.956+0000] {logging_mixin.py:190} INFO - [2024-09-22T23:31:49.955+0000] {dagbag.py:587} INFO - Filling up the DagBag from /home/airflow/.local/lib/python3.12/site-packages/airflow/example_dags/tutorial_objectstorage.py
[2024-09-22T23:31:49.975+0000] {processor.py:925} INFO - DAG(s) 'tutorial_objectstorage' retrieved from /home/airflow/.local/lib/python3.12/site-packages/airflow/example_dags/tutorial_objectstorage.py
[2024-09-22T23:31:50.009+0000] {logging_mixin.py:190} INFO - [2024-09-22T23:31:50.008+0000] {dag.py:3229} INFO - Sync 1 DAGs
[2024-09-22T23:31:50.032+0000] {logging_mixin.py:190} INFO - [2024-09-22T23:31:50.032+0000] {dag.py:4156} INFO - Setting next_dagrun for tutorial_objectstorage to None, run_after=None
[2024-09-22T23:31:50.061+0000] {processor.py:208} INFO - Processing /home/airflow/.local/lib/python3.12/site-packages/airflow/example_dags/tutorial_objectstorage.py took 0.120 seconds
[2024-09-22T23:32:20.329+0000] {processor.py:186} INFO - Started process (PID=817) to work on /home/airflow/.local/lib/python3.12/site-packages/airflow/example_dags/tutorial_objectstorage.py
[2024-09-22T23:32:20.331+0000] {processor.py:914} INFO - Processing file /home/airflow/.local/lib/python3.12/site-packages/airflow/example_dags/tutorial_objectstorage.py for tasks to queue
[2024-09-22T23:32:20.335+0000] {logging_mixin.py:190} INFO - [2024-09-22T23:32:20.335+0000] {dagbag.py:587} INFO - Filling up the DagBag from /home/airflow/.local/lib/python3.12/site-packages/airflow/example_dags/tutorial_objectstorage.py
[2024-09-22T23:32:20.361+0000] {processor.py:925} INFO - DAG(s) 'tutorial_objectstorage' retrieved from /home/airflow/.local/lib/python3.12/site-packages/airflow/example_dags/tutorial_objectstorage.py
[2024-09-22T23:32:20.397+0000] {logging_mixin.py:190} INFO - [2024-09-22T23:32:20.397+0000] {dag.py:3229} INFO - Sync 1 DAGs
[2024-09-22T23:32:20.425+0000] {logging_mixin.py:190} INFO - [2024-09-22T23:32:20.425+0000] {dag.py:4156} INFO - Setting next_dagrun for tutorial_objectstorage to None, run_after=None
[2024-09-22T23:32:20.451+0000] {processor.py:208} INFO - Processing /home/airflow/.local/lib/python3.12/site-packages/airflow/example_dags/tutorial_objectstorage.py took 0.134 seconds
[2024-09-22T23:32:51.252+0000] {processor.py:186} INFO - Started process (PID=880) to work on /home/airflow/.local/lib/python3.12/site-packages/airflow/example_dags/tutorial_objectstorage.py
[2024-09-22T23:32:51.254+0000] {processor.py:914} INFO - Processing file /home/airflow/.local/lib/python3.12/site-packages/airflow/example_dags/tutorial_objectstorage.py for tasks to queue
[2024-09-22T23:32:51.258+0000] {logging_mixin.py:190} INFO - [2024-09-22T23:32:51.257+0000] {dagbag.py:587} INFO - Filling up the DagBag from /home/airflow/.local/lib/python3.12/site-packages/airflow/example_dags/tutorial_objectstorage.py
[2024-09-22T23:32:51.276+0000] {processor.py:925} INFO - DAG(s) 'tutorial_objectstorage' retrieved from /home/airflow/.local/lib/python3.12/site-packages/airflow/example_dags/tutorial_objectstorage.py
[2024-09-22T23:32:51.311+0000] {logging_mixin.py:190} INFO - [2024-09-22T23:32:51.310+0000] {dag.py:3229} INFO - Sync 1 DAGs
[2024-09-22T23:32:51.333+0000] {logging_mixin.py:190} INFO - [2024-09-22T23:32:51.332+0000] {dag.py:4156} INFO - Setting next_dagrun for tutorial_objectstorage to None, run_after=None
[2024-09-22T23:32:51.359+0000] {processor.py:208} INFO - Processing /home/airflow/.local/lib/python3.12/site-packages/airflow/example_dags/tutorial_objectstorage.py took 0.116 seconds
[2024-09-22T23:33:21.440+0000] {processor.py:186} INFO - Started process (PID=943) to work on /home/airflow/.local/lib/python3.12/site-packages/airflow/example_dags/tutorial_objectstorage.py
[2024-09-22T23:33:21.443+0000] {processor.py:914} INFO - Processing file /home/airflow/.local/lib/python3.12/site-packages/airflow/example_dags/tutorial_objectstorage.py for tasks to queue
[2024-09-22T23:33:21.447+0000] {logging_mixin.py:190} INFO - [2024-09-22T23:33:21.447+0000] {dagbag.py:587} INFO - Filling up the DagBag from /home/airflow/.local/lib/python3.12/site-packages/airflow/example_dags/tutorial_objectstorage.py
[2024-09-22T23:33:21.473+0000] {processor.py:925} INFO - DAG(s) 'tutorial_objectstorage' retrieved from /home/airflow/.local/lib/python3.12/site-packages/airflow/example_dags/tutorial_objectstorage.py
[2024-09-22T23:33:21.509+0000] {logging_mixin.py:190} INFO - [2024-09-22T23:33:21.509+0000] {dag.py:3229} INFO - Sync 1 DAGs
[2024-09-22T23:33:21.539+0000] {logging_mixin.py:190} INFO - [2024-09-22T23:33:21.538+0000] {dag.py:4156} INFO - Setting next_dagrun for tutorial_objectstorage to None, run_after=None
[2024-09-22T23:33:21.571+0000] {processor.py:208} INFO - Processing /home/airflow/.local/lib/python3.12/site-packages/airflow/example_dags/tutorial_objectstorage.py took 0.143 seconds
[2024-09-22T23:33:51.697+0000] {processor.py:186} INFO - Started process (PID=1006) to work on /home/airflow/.local/lib/python3.12/site-packages/airflow/example_dags/tutorial_objectstorage.py
[2024-09-22T23:33:51.699+0000] {processor.py:914} INFO - Processing file /home/airflow/.local/lib/python3.12/site-packages/airflow/example_dags/tutorial_objectstorage.py for tasks to queue
[2024-09-22T23:33:51.703+0000] {logging_mixin.py:190} INFO - [2024-09-22T23:33:51.702+0000] {dagbag.py:587} INFO - Filling up the DagBag from /home/airflow/.local/lib/python3.12/site-packages/airflow/example_dags/tutorial_objectstorage.py
[2024-09-22T23:33:51.721+0000] {processor.py:925} INFO - DAG(s) 'tutorial_objectstorage' retrieved from /home/airflow/.local/lib/python3.12/site-packages/airflow/example_dags/tutorial_objectstorage.py
[2024-09-22T23:33:51.747+0000] {logging_mixin.py:190} INFO - [2024-09-22T23:33:51.747+0000] {dag.py:3229} INFO - Sync 1 DAGs
[2024-09-22T23:33:51.766+0000] {logging_mixin.py:190} INFO - [2024-09-22T23:33:51.766+0000] {dag.py:4156} INFO - Setting next_dagrun for tutorial_objectstorage to None, run_after=None
[2024-09-22T23:33:51.792+0000] {processor.py:208} INFO - Processing /home/airflow/.local/lib/python3.12/site-packages/airflow/example_dags/tutorial_objectstorage.py took 0.103 seconds
[2024-09-22T23:34:21.952+0000] {processor.py:186} INFO - Started process (PID=1069) to work on /home/airflow/.local/lib/python3.12/site-packages/airflow/example_dags/tutorial_objectstorage.py
[2024-09-22T23:34:21.953+0000] {processor.py:914} INFO - Processing file /home/airflow/.local/lib/python3.12/site-packages/airflow/example_dags/tutorial_objectstorage.py for tasks to queue
[2024-09-22T23:34:21.956+0000] {logging_mixin.py:190} INFO - [2024-09-22T23:34:21.956+0000] {dagbag.py:587} INFO - Filling up the DagBag from /home/airflow/.local/lib/python3.12/site-packages/airflow/example_dags/tutorial_objectstorage.py
[2024-09-22T23:34:21.974+0000] {processor.py:925} INFO - DAG(s) 'tutorial_objectstorage' retrieved from /home/airflow/.local/lib/python3.12/site-packages/airflow/example_dags/tutorial_objectstorage.py
[2024-09-22T23:34:22.002+0000] {logging_mixin.py:190} INFO - [2024-09-22T23:34:22.002+0000] {dag.py:3229} INFO - Sync 1 DAGs
[2024-09-22T23:34:22.022+0000] {logging_mixin.py:190} INFO - [2024-09-22T23:34:22.022+0000] {dag.py:4156} INFO - Setting next_dagrun for tutorial_objectstorage to None, run_after=None
[2024-09-22T23:34:22.046+0000] {processor.py:208} INFO - Processing /home/airflow/.local/lib/python3.12/site-packages/airflow/example_dags/tutorial_objectstorage.py took 0.103 seconds
[2024-09-22T23:34:52.357+0000] {processor.py:186} INFO - Started process (PID=1132) to work on /home/airflow/.local/lib/python3.12/site-packages/airflow/example_dags/tutorial_objectstorage.py
[2024-09-22T23:34:52.359+0000] {processor.py:914} INFO - Processing file /home/airflow/.local/lib/python3.12/site-packages/airflow/example_dags/tutorial_objectstorage.py for tasks to queue
[2024-09-22T23:34:52.362+0000] {logging_mixin.py:190} INFO - [2024-09-22T23:34:52.362+0000] {dagbag.py:587} INFO - Filling up the DagBag from /home/airflow/.local/lib/python3.12/site-packages/airflow/example_dags/tutorial_objectstorage.py
[2024-09-22T23:34:52.381+0000] {processor.py:925} INFO - DAG(s) 'tutorial_objectstorage' retrieved from /home/airflow/.local/lib/python3.12/site-packages/airflow/example_dags/tutorial_objectstorage.py
[2024-09-22T23:34:52.413+0000] {logging_mixin.py:190} INFO - [2024-09-22T23:34:52.413+0000] {dag.py:3229} INFO - Sync 1 DAGs
[2024-09-22T23:34:52.437+0000] {logging_mixin.py:190} INFO - [2024-09-22T23:34:52.437+0000] {dag.py:4156} INFO - Setting next_dagrun for tutorial_objectstorage to None, run_after=None
[2024-09-22T23:34:52.464+0000] {processor.py:208} INFO - Processing /home/airflow/.local/lib/python3.12/site-packages/airflow/example_dags/tutorial_objectstorage.py took 0.117 seconds
[2024-09-22T23:35:22.604+0000] {processor.py:186} INFO - Started process (PID=1195) to work on /home/airflow/.local/lib/python3.12/site-packages/airflow/example_dags/tutorial_objectstorage.py
[2024-09-22T23:35:22.606+0000] {processor.py:914} INFO - Processing file /home/airflow/.local/lib/python3.12/site-packages/airflow/example_dags/tutorial_objectstorage.py for tasks to queue
[2024-09-22T23:35:22.609+0000] {logging_mixin.py:190} INFO - [2024-09-22T23:35:22.609+0000] {dagbag.py:587} INFO - Filling up the DagBag from /home/airflow/.local/lib/python3.12/site-packages/airflow/example_dags/tutorial_objectstorage.py
[2024-09-22T23:35:22.628+0000] {processor.py:925} INFO - DAG(s) 'tutorial_objectstorage' retrieved from /home/airflow/.local/lib/python3.12/site-packages/airflow/example_dags/tutorial_objectstorage.py
[2024-09-22T23:35:22.662+0000] {logging_mixin.py:190} INFO - [2024-09-22T23:35:22.662+0000] {dag.py:3229} INFO - Sync 1 DAGs
[2024-09-22T23:35:22.690+0000] {logging_mixin.py:190} INFO - [2024-09-22T23:35:22.690+0000] {dag.py:4156} INFO - Setting next_dagrun for tutorial_objectstorage to None, run_after=None
[2024-09-22T23:35:22.720+0000] {processor.py:208} INFO - Processing /home/airflow/.local/lib/python3.12/site-packages/airflow/example_dags/tutorial_objectstorage.py took 0.125 seconds
[2024-09-22T23:35:53.045+0000] {processor.py:186} INFO - Started process (PID=1258) to work on /home/airflow/.local/lib/python3.12/site-packages/airflow/example_dags/tutorial_objectstorage.py
[2024-09-22T23:35:53.047+0000] {processor.py:914} INFO - Processing file /home/airflow/.local/lib/python3.12/site-packages/airflow/example_dags/tutorial_objectstorage.py for tasks to queue
[2024-09-22T23:35:53.050+0000] {logging_mixin.py:190} INFO - [2024-09-22T23:35:53.050+0000] {dagbag.py:587} INFO - Filling up the DagBag from /home/airflow/.local/lib/python3.12/site-packages/airflow/example_dags/tutorial_objectstorage.py
[2024-09-22T23:35:53.069+0000] {processor.py:925} INFO - DAG(s) 'tutorial_objectstorage' retrieved from /home/airflow/.local/lib/python3.12/site-packages/airflow/example_dags/tutorial_objectstorage.py
[2024-09-22T23:35:53.096+0000] {logging_mixin.py:190} INFO - [2024-09-22T23:35:53.096+0000] {dag.py:3229} INFO - Sync 1 DAGs
[2024-09-22T23:35:53.115+0000] {logging_mixin.py:190} INFO - [2024-09-22T23:35:53.115+0000] {dag.py:4156} INFO - Setting next_dagrun for tutorial_objectstorage to None, run_after=None
[2024-09-22T23:35:53.138+0000] {processor.py:208} INFO - Processing /home/airflow/.local/lib/python3.12/site-packages/airflow/example_dags/tutorial_objectstorage.py took 0.102 seconds
[2024-09-22T23:36:24.055+0000] {processor.py:186} INFO - Started process (PID=1321) to work on /home/airflow/.local/lib/python3.12/site-packages/airflow/example_dags/tutorial_objectstorage.py
[2024-09-22T23:36:24.056+0000] {processor.py:914} INFO - Processing file /home/airflow/.local/lib/python3.12/site-packages/airflow/example_dags/tutorial_objectstorage.py for tasks to queue
[2024-09-22T23:36:24.061+0000] {logging_mixin.py:190} INFO - [2024-09-22T23:36:24.060+0000] {dagbag.py:587} INFO - Filling up the DagBag from /home/airflow/.local/lib/python3.12/site-packages/airflow/example_dags/tutorial_objectstorage.py
[2024-09-22T23:36:24.086+0000] {processor.py:925} INFO - DAG(s) 'tutorial_objectstorage' retrieved from /home/airflow/.local/lib/python3.12/site-packages/airflow/example_dags/tutorial_objectstorage.py
[2024-09-22T23:36:24.120+0000] {logging_mixin.py:190} INFO - [2024-09-22T23:36:24.119+0000] {dag.py:3229} INFO - Sync 1 DAGs
[2024-09-22T23:36:24.141+0000] {logging_mixin.py:190} INFO - [2024-09-22T23:36:24.140+0000] {dag.py:4156} INFO - Setting next_dagrun for tutorial_objectstorage to None, run_after=None
[2024-09-22T23:36:24.169+0000] {processor.py:208} INFO - Processing /home/airflow/.local/lib/python3.12/site-packages/airflow/example_dags/tutorial_objectstorage.py took 0.123 seconds
[2024-09-22T23:36:54.333+0000] {processor.py:186} INFO - Started process (PID=1384) to work on /home/airflow/.local/lib/python3.12/site-packages/airflow/example_dags/tutorial_objectstorage.py
[2024-09-22T23:36:54.335+0000] {processor.py:914} INFO - Processing file /home/airflow/.local/lib/python3.12/site-packages/airflow/example_dags/tutorial_objectstorage.py for tasks to queue
[2024-09-22T23:36:54.339+0000] {logging_mixin.py:190} INFO - [2024-09-22T23:36:54.339+0000] {dagbag.py:587} INFO - Filling up the DagBag from /home/airflow/.local/lib/python3.12/site-packages/airflow/example_dags/tutorial_objectstorage.py
[2024-09-22T23:36:54.357+0000] {processor.py:925} INFO - DAG(s) 'tutorial_objectstorage' retrieved from /home/airflow/.local/lib/python3.12/site-packages/airflow/example_dags/tutorial_objectstorage.py
[2024-09-22T23:36:54.385+0000] {logging_mixin.py:190} INFO - [2024-09-22T23:36:54.384+0000] {dag.py:3229} INFO - Sync 1 DAGs
[2024-09-22T23:36:54.404+0000] {logging_mixin.py:190} INFO - [2024-09-22T23:36:54.403+0000] {dag.py:4156} INFO - Setting next_dagrun for tutorial_objectstorage to None, run_after=None
[2024-09-22T23:36:54.428+0000] {processor.py:208} INFO - Processing /home/airflow/.local/lib/python3.12/site-packages/airflow/example_dags/tutorial_objectstorage.py took 0.104 seconds
[2024-09-22T23:37:24.893+0000] {processor.py:186} INFO - Started process (PID=1447) to work on /home/airflow/.local/lib/python3.12/site-packages/airflow/example_dags/tutorial_objectstorage.py
[2024-09-22T23:37:24.894+0000] {processor.py:914} INFO - Processing file /home/airflow/.local/lib/python3.12/site-packages/airflow/example_dags/tutorial_objectstorage.py for tasks to queue
[2024-09-22T23:37:24.897+0000] {logging_mixin.py:190} INFO - [2024-09-22T23:37:24.897+0000] {dagbag.py:587} INFO - Filling up the DagBag from /home/airflow/.local/lib/python3.12/site-packages/airflow/example_dags/tutorial_objectstorage.py
[2024-09-22T23:37:24.917+0000] {processor.py:925} INFO - DAG(s) 'tutorial_objectstorage' retrieved from /home/airflow/.local/lib/python3.12/site-packages/airflow/example_dags/tutorial_objectstorage.py
[2024-09-22T23:37:24.945+0000] {logging_mixin.py:190} INFO - [2024-09-22T23:37:24.945+0000] {dag.py:3229} INFO - Sync 1 DAGs
[2024-09-22T23:37:24.965+0000] {logging_mixin.py:190} INFO - [2024-09-22T23:37:24.964+0000] {dag.py:4156} INFO - Setting next_dagrun for tutorial_objectstorage to None, run_after=None
[2024-09-22T23:37:24.988+0000] {processor.py:208} INFO - Processing /home/airflow/.local/lib/python3.12/site-packages/airflow/example_dags/tutorial_objectstorage.py took 0.105 seconds
[2024-09-22T23:37:55.261+0000] {processor.py:186} INFO - Started process (PID=1510) to work on /home/airflow/.local/lib/python3.12/site-packages/airflow/example_dags/tutorial_objectstorage.py
[2024-09-22T23:37:55.262+0000] {processor.py:914} INFO - Processing file /home/airflow/.local/lib/python3.12/site-packages/airflow/example_dags/tutorial_objectstorage.py for tasks to queue
[2024-09-22T23:37:55.266+0000] {logging_mixin.py:190} INFO - [2024-09-22T23:37:55.265+0000] {dagbag.py:587} INFO - Filling up the DagBag from /home/airflow/.local/lib/python3.12/site-packages/airflow/example_dags/tutorial_objectstorage.py
[2024-09-22T23:37:55.287+0000] {processor.py:925} INFO - DAG(s) 'tutorial_objectstorage' retrieved from /home/airflow/.local/lib/python3.12/site-packages/airflow/example_dags/tutorial_objectstorage.py
[2024-09-22T23:37:55.318+0000] {logging_mixin.py:190} INFO - [2024-09-22T23:37:55.317+0000] {dag.py:3229} INFO - Sync 1 DAGs
[2024-09-22T23:37:55.338+0000] {logging_mixin.py:190} INFO - [2024-09-22T23:37:55.338+0000] {dag.py:4156} INFO - Setting next_dagrun for tutorial_objectstorage to None, run_after=None
[2024-09-22T23:37:55.365+0000] {processor.py:208} INFO - Processing /home/airflow/.local/lib/python3.12/site-packages/airflow/example_dags/tutorial_objectstorage.py took 0.117 seconds
[2024-09-22T23:38:25.616+0000] {processor.py:186} INFO - Started process (PID=1573) to work on /home/airflow/.local/lib/python3.12/site-packages/airflow/example_dags/tutorial_objectstorage.py
[2024-09-22T23:38:25.617+0000] {processor.py:914} INFO - Processing file /home/airflow/.local/lib/python3.12/site-packages/airflow/example_dags/tutorial_objectstorage.py for tasks to queue
[2024-09-22T23:38:25.623+0000] {logging_mixin.py:190} INFO - [2024-09-22T23:38:25.622+0000] {dagbag.py:587} INFO - Filling up the DagBag from /home/airflow/.local/lib/python3.12/site-packages/airflow/example_dags/tutorial_objectstorage.py
[2024-09-22T23:38:25.651+0000] {processor.py:925} INFO - DAG(s) 'tutorial_objectstorage' retrieved from /home/airflow/.local/lib/python3.12/site-packages/airflow/example_dags/tutorial_objectstorage.py
[2024-09-22T23:38:25.689+0000] {logging_mixin.py:190} INFO - [2024-09-22T23:38:25.688+0000] {dag.py:3229} INFO - Sync 1 DAGs
[2024-09-22T23:38:25.719+0000] {logging_mixin.py:190} INFO - [2024-09-22T23:38:25.718+0000] {dag.py:4156} INFO - Setting next_dagrun for tutorial_objectstorage to None, run_after=None
[2024-09-22T23:38:25.752+0000] {processor.py:208} INFO - Processing /home/airflow/.local/lib/python3.12/site-packages/airflow/example_dags/tutorial_objectstorage.py took 0.146 seconds
[2024-09-22T23:38:56.364+0000] {processor.py:186} INFO - Started process (PID=1636) to work on /home/airflow/.local/lib/python3.12/site-packages/airflow/example_dags/tutorial_objectstorage.py
[2024-09-22T23:38:56.367+0000] {processor.py:914} INFO - Processing file /home/airflow/.local/lib/python3.12/site-packages/airflow/example_dags/tutorial_objectstorage.py for tasks to queue
[2024-09-22T23:38:56.371+0000] {logging_mixin.py:190} INFO - [2024-09-22T23:38:56.370+0000] {dagbag.py:587} INFO - Filling up the DagBag from /home/airflow/.local/lib/python3.12/site-packages/airflow/example_dags/tutorial_objectstorage.py
[2024-09-22T23:38:56.394+0000] {processor.py:925} INFO - DAG(s) 'tutorial_objectstorage' retrieved from /home/airflow/.local/lib/python3.12/site-packages/airflow/example_dags/tutorial_objectstorage.py
[2024-09-22T23:38:56.427+0000] {logging_mixin.py:190} INFO - [2024-09-22T23:38:56.427+0000] {dag.py:3229} INFO - Sync 1 DAGs
[2024-09-22T23:38:56.448+0000] {logging_mixin.py:190} INFO - [2024-09-22T23:38:56.448+0000] {dag.py:4156} INFO - Setting next_dagrun for tutorial_objectstorage to None, run_after=None
[2024-09-22T23:38:56.475+0000] {processor.py:208} INFO - Processing /home/airflow/.local/lib/python3.12/site-packages/airflow/example_dags/tutorial_objectstorage.py took 0.120 seconds
[2024-09-22T23:39:26.900+0000] {processor.py:186} INFO - Started process (PID=1699) to work on /home/airflow/.local/lib/python3.12/site-packages/airflow/example_dags/tutorial_objectstorage.py
[2024-09-22T23:39:26.902+0000] {processor.py:914} INFO - Processing file /home/airflow/.local/lib/python3.12/site-packages/airflow/example_dags/tutorial_objectstorage.py for tasks to queue
[2024-09-22T23:39:26.905+0000] {logging_mixin.py:190} INFO - [2024-09-22T23:39:26.905+0000] {dagbag.py:587} INFO - Filling up the DagBag from /home/airflow/.local/lib/python3.12/site-packages/airflow/example_dags/tutorial_objectstorage.py
[2024-09-22T23:39:26.924+0000] {processor.py:925} INFO - DAG(s) 'tutorial_objectstorage' retrieved from /home/airflow/.local/lib/python3.12/site-packages/airflow/example_dags/tutorial_objectstorage.py
[2024-09-22T23:39:26.952+0000] {logging_mixin.py:190} INFO - [2024-09-22T23:39:26.952+0000] {dag.py:3229} INFO - Sync 1 DAGs
[2024-09-22T23:39:26.971+0000] {logging_mixin.py:190} INFO - [2024-09-22T23:39:26.971+0000] {dag.py:4156} INFO - Setting next_dagrun for tutorial_objectstorage to None, run_after=None
[2024-09-22T23:39:26.994+0000] {processor.py:208} INFO - Processing /home/airflow/.local/lib/python3.12/site-packages/airflow/example_dags/tutorial_objectstorage.py took 0.103 seconds
[2024-09-22T23:39:57.398+0000] {processor.py:186} INFO - Started process (PID=1762) to work on /home/airflow/.local/lib/python3.12/site-packages/airflow/example_dags/tutorial_objectstorage.py
[2024-09-22T23:39:57.400+0000] {processor.py:914} INFO - Processing file /home/airflow/.local/lib/python3.12/site-packages/airflow/example_dags/tutorial_objectstorage.py for tasks to queue
[2024-09-22T23:39:57.403+0000] {logging_mixin.py:190} INFO - [2024-09-22T23:39:57.403+0000] {dagbag.py:587} INFO - Filling up the DagBag from /home/airflow/.local/lib/python3.12/site-packages/airflow/example_dags/tutorial_objectstorage.py
[2024-09-22T23:39:57.424+0000] {processor.py:925} INFO - DAG(s) 'tutorial_objectstorage' retrieved from /home/airflow/.local/lib/python3.12/site-packages/airflow/example_dags/tutorial_objectstorage.py
[2024-09-22T23:39:57.459+0000] {logging_mixin.py:190} INFO - [2024-09-22T23:39:57.458+0000] {dag.py:3229} INFO - Sync 1 DAGs
[2024-09-22T23:39:57.483+0000] {logging_mixin.py:190} INFO - [2024-09-22T23:39:57.483+0000] {dag.py:4156} INFO - Setting next_dagrun for tutorial_objectstorage to None, run_after=None
[2024-09-22T23:39:57.509+0000] {processor.py:208} INFO - Processing /home/airflow/.local/lib/python3.12/site-packages/airflow/example_dags/tutorial_objectstorage.py took 0.122 seconds
[2024-09-22T23:40:29.757+0000] {processor.py:186} INFO - Started process (PID=1823) to work on /home/airflow/.local/lib/python3.12/site-packages/airflow/example_dags/tutorial_objectstorage.py
[2024-09-22T23:40:29.760+0000] {processor.py:914} INFO - Processing file /home/airflow/.local/lib/python3.12/site-packages/airflow/example_dags/tutorial_objectstorage.py for tasks to queue
[2024-09-22T23:40:29.763+0000] {logging_mixin.py:190} INFO - [2024-09-22T23:40:29.762+0000] {dagbag.py:587} INFO - Filling up the DagBag from /home/airflow/.local/lib/python3.12/site-packages/airflow/example_dags/tutorial_objectstorage.py
[2024-09-22T23:40:29.781+0000] {processor.py:925} INFO - DAG(s) 'tutorial_objectstorage' retrieved from /home/airflow/.local/lib/python3.12/site-packages/airflow/example_dags/tutorial_objectstorage.py
[2024-09-22T23:40:29.809+0000] {logging_mixin.py:190} INFO - [2024-09-22T23:40:29.808+0000] {dag.py:3229} INFO - Sync 1 DAGs
[2024-09-22T23:40:29.829+0000] {logging_mixin.py:190} INFO - [2024-09-22T23:40:29.829+0000] {dag.py:4156} INFO - Setting next_dagrun for tutorial_objectstorage to None, run_after=None
[2024-09-22T23:40:30.137+0000] {processor.py:208} INFO - Processing /home/airflow/.local/lib/python3.12/site-packages/airflow/example_dags/tutorial_objectstorage.py took 0.389 seconds
[2024-09-22T23:41:01.041+0000] {processor.py:186} INFO - Started process (PID=1886) to work on /home/airflow/.local/lib/python3.12/site-packages/airflow/example_dags/tutorial_objectstorage.py
[2024-09-22T23:41:01.043+0000] {processor.py:914} INFO - Processing file /home/airflow/.local/lib/python3.12/site-packages/airflow/example_dags/tutorial_objectstorage.py for tasks to queue
[2024-09-22T23:41:01.048+0000] {logging_mixin.py:190} INFO - [2024-09-22T23:41:01.047+0000] {dagbag.py:587} INFO - Filling up the DagBag from /home/airflow/.local/lib/python3.12/site-packages/airflow/example_dags/tutorial_objectstorage.py
[2024-09-22T23:41:01.076+0000] {processor.py:925} INFO - DAG(s) 'tutorial_objectstorage' retrieved from /home/airflow/.local/lib/python3.12/site-packages/airflow/example_dags/tutorial_objectstorage.py
[2024-09-22T23:41:01.112+0000] {logging_mixin.py:190} INFO - [2024-09-22T23:41:01.112+0000] {dag.py:3229} INFO - Sync 1 DAGs
[2024-09-22T23:41:01.140+0000] {logging_mixin.py:190} INFO - [2024-09-22T23:41:01.140+0000] {dag.py:4156} INFO - Setting next_dagrun for tutorial_objectstorage to None, run_after=None
[2024-09-22T23:41:01.171+0000] {processor.py:208} INFO - Processing /home/airflow/.local/lib/python3.12/site-packages/airflow/example_dags/tutorial_objectstorage.py took 0.140 seconds
[2024-09-22T23:41:31.592+0000] {processor.py:186} INFO - Started process (PID=1949) to work on /home/airflow/.local/lib/python3.12/site-packages/airflow/example_dags/tutorial_objectstorage.py
[2024-09-22T23:41:31.593+0000] {processor.py:914} INFO - Processing file /home/airflow/.local/lib/python3.12/site-packages/airflow/example_dags/tutorial_objectstorage.py for tasks to queue
[2024-09-22T23:41:31.597+0000] {logging_mixin.py:190} INFO - [2024-09-22T23:41:31.597+0000] {dagbag.py:587} INFO - Filling up the DagBag from /home/airflow/.local/lib/python3.12/site-packages/airflow/example_dags/tutorial_objectstorage.py
[2024-09-22T23:41:31.620+0000] {processor.py:925} INFO - DAG(s) 'tutorial_objectstorage' retrieved from /home/airflow/.local/lib/python3.12/site-packages/airflow/example_dags/tutorial_objectstorage.py
[2024-09-22T23:41:31.651+0000] {logging_mixin.py:190} INFO - [2024-09-22T23:41:31.650+0000] {dag.py:3229} INFO - Sync 1 DAGs
[2024-09-22T23:41:31.673+0000] {logging_mixin.py:190} INFO - [2024-09-22T23:41:31.672+0000] {dag.py:4156} INFO - Setting next_dagrun for tutorial_objectstorage to None, run_after=None
[2024-09-22T23:41:31.700+0000] {processor.py:208} INFO - Processing /home/airflow/.local/lib/python3.12/site-packages/airflow/example_dags/tutorial_objectstorage.py took 0.117 seconds
[2024-09-22T23:42:03.009+0000] {processor.py:186} INFO - Started process (PID=2017) to work on /home/airflow/.local/lib/python3.12/site-packages/airflow/example_dags/tutorial_objectstorage.py
[2024-09-22T23:42:03.010+0000] {processor.py:914} INFO - Processing file /home/airflow/.local/lib/python3.12/site-packages/airflow/example_dags/tutorial_objectstorage.py for tasks to queue
[2024-09-22T23:42:03.014+0000] {logging_mixin.py:190} INFO - [2024-09-22T23:42:03.013+0000] {dagbag.py:587} INFO - Filling up the DagBag from /home/airflow/.local/lib/python3.12/site-packages/airflow/example_dags/tutorial_objectstorage.py
[2024-09-22T23:42:03.339+0000] {processor.py:925} INFO - DAG(s) 'tutorial_objectstorage' retrieved from /home/airflow/.local/lib/python3.12/site-packages/airflow/example_dags/tutorial_objectstorage.py
[2024-09-22T23:42:03.361+0000] {logging_mixin.py:190} INFO - [2024-09-22T23:42:03.360+0000] {dag.py:3229} INFO - Sync 1 DAGs
[2024-09-22T23:42:03.377+0000] {logging_mixin.py:190} INFO - [2024-09-22T23:42:03.377+0000] {dag.py:4156} INFO - Setting next_dagrun for tutorial_objectstorage to None, run_after=None
[2024-09-22T23:42:03.400+0000] {processor.py:208} INFO - Processing /home/airflow/.local/lib/python3.12/site-packages/airflow/example_dags/tutorial_objectstorage.py took 0.401 seconds
[2024-09-22T23:42:34.420+0000] {processor.py:186} INFO - Started process (PID=2080) to work on /home/airflow/.local/lib/python3.12/site-packages/airflow/example_dags/tutorial_objectstorage.py
[2024-09-22T23:42:34.421+0000] {processor.py:914} INFO - Processing file /home/airflow/.local/lib/python3.12/site-packages/airflow/example_dags/tutorial_objectstorage.py for tasks to queue
[2024-09-22T23:42:34.426+0000] {logging_mixin.py:190} INFO - [2024-09-22T23:42:34.425+0000] {dagbag.py:587} INFO - Filling up the DagBag from /home/airflow/.local/lib/python3.12/site-packages/airflow/example_dags/tutorial_objectstorage.py
[2024-09-22T23:42:34.450+0000] {processor.py:925} INFO - DAG(s) 'tutorial_objectstorage' retrieved from /home/airflow/.local/lib/python3.12/site-packages/airflow/example_dags/tutorial_objectstorage.py
[2024-09-22T23:42:34.478+0000] {logging_mixin.py:190} INFO - [2024-09-22T23:42:34.477+0000] {dag.py:3229} INFO - Sync 1 DAGs
[2024-09-22T23:42:34.500+0000] {logging_mixin.py:190} INFO - [2024-09-22T23:42:34.499+0000] {dag.py:4156} INFO - Setting next_dagrun for tutorial_objectstorage to None, run_after=None
[2024-09-22T23:42:34.527+0000] {processor.py:208} INFO - Processing /home/airflow/.local/lib/python3.12/site-packages/airflow/example_dags/tutorial_objectstorage.py took 0.118 seconds
[2024-09-22T23:43:05.235+0000] {processor.py:186} INFO - Started process (PID=2142) to work on /home/airflow/.local/lib/python3.12/site-packages/airflow/example_dags/tutorial_objectstorage.py
[2024-09-22T23:43:05.238+0000] {processor.py:914} INFO - Processing file /home/airflow/.local/lib/python3.12/site-packages/airflow/example_dags/tutorial_objectstorage.py for tasks to queue
[2024-09-22T23:43:05.246+0000] {logging_mixin.py:190} INFO - [2024-09-22T23:43:05.245+0000] {dagbag.py:587} INFO - Filling up the DagBag from /home/airflow/.local/lib/python3.12/site-packages/airflow/example_dags/tutorial_objectstorage.py
[2024-09-22T23:43:05.296+0000] {processor.py:925} INFO - DAG(s) 'tutorial_objectstorage' retrieved from /home/airflow/.local/lib/python3.12/site-packages/airflow/example_dags/tutorial_objectstorage.py
[2024-09-22T23:43:05.357+0000] {logging_mixin.py:190} INFO - [2024-09-22T23:43:05.356+0000] {dag.py:3229} INFO - Sync 1 DAGs
[2024-09-22T23:43:05.413+0000] {logging_mixin.py:190} INFO - [2024-09-22T23:43:05.412+0000] {dag.py:4156} INFO - Setting next_dagrun for tutorial_objectstorage to None, run_after=None
[2024-09-22T23:43:05.491+0000] {processor.py:208} INFO - Processing /home/airflow/.local/lib/python3.12/site-packages/airflow/example_dags/tutorial_objectstorage.py took 0.277 seconds
[2024-09-22T23:43:36.110+0000] {processor.py:186} INFO - Started process (PID=2204) to work on /home/airflow/.local/lib/python3.12/site-packages/airflow/example_dags/tutorial_objectstorage.py
[2024-09-22T23:43:36.112+0000] {processor.py:914} INFO - Processing file /home/airflow/.local/lib/python3.12/site-packages/airflow/example_dags/tutorial_objectstorage.py for tasks to queue
[2024-09-22T23:43:36.116+0000] {logging_mixin.py:190} INFO - [2024-09-22T23:43:36.115+0000] {dagbag.py:587} INFO - Filling up the DagBag from /home/airflow/.local/lib/python3.12/site-packages/airflow/example_dags/tutorial_objectstorage.py
[2024-09-22T23:43:36.137+0000] {processor.py:925} INFO - DAG(s) 'tutorial_objectstorage' retrieved from /home/airflow/.local/lib/python3.12/site-packages/airflow/example_dags/tutorial_objectstorage.py
[2024-09-22T23:43:36.171+0000] {logging_mixin.py:190} INFO - [2024-09-22T23:43:36.171+0000] {dag.py:3229} INFO - Sync 1 DAGs
[2024-09-22T23:43:36.196+0000] {logging_mixin.py:190} INFO - [2024-09-22T23:43:36.196+0000] {dag.py:4156} INFO - Setting next_dagrun for tutorial_objectstorage to None, run_after=None
[2024-09-22T23:43:36.223+0000] {processor.py:208} INFO - Processing /home/airflow/.local/lib/python3.12/site-packages/airflow/example_dags/tutorial_objectstorage.py took 0.124 seconds
[2024-09-22T23:44:06.553+0000] {processor.py:186} INFO - Started process (PID=2267) to work on /home/airflow/.local/lib/python3.12/site-packages/airflow/example_dags/tutorial_objectstorage.py
[2024-09-22T23:44:06.554+0000] {processor.py:914} INFO - Processing file /home/airflow/.local/lib/python3.12/site-packages/airflow/example_dags/tutorial_objectstorage.py for tasks to queue
[2024-09-22T23:44:06.558+0000] {logging_mixin.py:190} INFO - [2024-09-22T23:44:06.557+0000] {dagbag.py:587} INFO - Filling up the DagBag from /home/airflow/.local/lib/python3.12/site-packages/airflow/example_dags/tutorial_objectstorage.py
[2024-09-22T23:44:06.581+0000] {processor.py:925} INFO - DAG(s) 'tutorial_objectstorage' retrieved from /home/airflow/.local/lib/python3.12/site-packages/airflow/example_dags/tutorial_objectstorage.py
[2024-09-22T23:44:06.609+0000] {logging_mixin.py:190} INFO - [2024-09-22T23:44:06.609+0000] {dag.py:3229} INFO - Sync 1 DAGs
[2024-09-22T23:44:06.631+0000] {logging_mixin.py:190} INFO - [2024-09-22T23:44:06.631+0000] {dag.py:4156} INFO - Setting next_dagrun for tutorial_objectstorage to None, run_after=None
[2024-09-22T23:44:06.663+0000] {processor.py:208} INFO - Processing /home/airflow/.local/lib/python3.12/site-packages/airflow/example_dags/tutorial_objectstorage.py took 0.121 seconds
[2024-09-22T23:46:52.135+0000] {processor.py:186} INFO - Started process (PID=73) to work on /home/airflow/.local/lib/python3.12/site-packages/airflow/example_dags/tutorial_objectstorage.py
[2024-09-22T23:46:52.137+0000] {processor.py:914} INFO - Processing file /home/airflow/.local/lib/python3.12/site-packages/airflow/example_dags/tutorial_objectstorage.py for tasks to queue
[2024-09-22T23:46:52.140+0000] {logging_mixin.py:190} INFO - [2024-09-22T23:46:52.140+0000] {dagbag.py:587} INFO - Filling up the DagBag from /home/airflow/.local/lib/python3.12/site-packages/airflow/example_dags/tutorial_objectstorage.py
[2024-09-22T23:46:52.161+0000] {processor.py:925} INFO - DAG(s) 'tutorial_objectstorage' retrieved from /home/airflow/.local/lib/python3.12/site-packages/airflow/example_dags/tutorial_objectstorage.py
[2024-09-22T23:46:52.211+0000] {logging_mixin.py:190} INFO - [2024-09-22T23:46:52.210+0000] {dag.py:3229} INFO - Sync 1 DAGs
[2024-09-22T23:46:52.231+0000] {logging_mixin.py:190} INFO - [2024-09-22T23:46:52.230+0000] {dag.py:4156} INFO - Setting next_dagrun for tutorial_objectstorage to None, run_after=None
[2024-09-22T23:46:52.255+0000] {processor.py:208} INFO - Processing /home/airflow/.local/lib/python3.12/site-packages/airflow/example_dags/tutorial_objectstorage.py took 0.131 seconds
[2024-09-22T23:47:23.111+0000] {processor.py:186} INFO - Started process (PID=135) to work on /home/airflow/.local/lib/python3.12/site-packages/airflow/example_dags/tutorial_objectstorage.py
[2024-09-22T23:47:23.112+0000] {processor.py:914} INFO - Processing file /home/airflow/.local/lib/python3.12/site-packages/airflow/example_dags/tutorial_objectstorage.py for tasks to queue
[2024-09-22T23:47:23.116+0000] {logging_mixin.py:190} INFO - [2024-09-22T23:47:23.115+0000] {dagbag.py:587} INFO - Filling up the DagBag from /home/airflow/.local/lib/python3.12/site-packages/airflow/example_dags/tutorial_objectstorage.py
[2024-09-22T23:47:23.135+0000] {processor.py:925} INFO - DAG(s) 'tutorial_objectstorage' retrieved from /home/airflow/.local/lib/python3.12/site-packages/airflow/example_dags/tutorial_objectstorage.py
[2024-09-22T23:47:23.164+0000] {logging_mixin.py:190} INFO - [2024-09-22T23:47:23.164+0000] {dag.py:3229} INFO - Sync 1 DAGs
[2024-09-22T23:47:23.185+0000] {logging_mixin.py:190} INFO - [2024-09-22T23:47:23.184+0000] {dag.py:4156} INFO - Setting next_dagrun for tutorial_objectstorage to None, run_after=None
[2024-09-22T23:47:23.210+0000] {processor.py:208} INFO - Processing /home/airflow/.local/lib/python3.12/site-packages/airflow/example_dags/tutorial_objectstorage.py took 0.109 seconds
[2024-09-22T23:47:53.963+0000] {processor.py:186} INFO - Started process (PID=198) to work on /home/airflow/.local/lib/python3.12/site-packages/airflow/example_dags/tutorial_objectstorage.py
[2024-09-22T23:47:53.965+0000] {processor.py:914} INFO - Processing file /home/airflow/.local/lib/python3.12/site-packages/airflow/example_dags/tutorial_objectstorage.py for tasks to queue
[2024-09-22T23:47:53.970+0000] {logging_mixin.py:190} INFO - [2024-09-22T23:47:53.969+0000] {dagbag.py:587} INFO - Filling up the DagBag from /home/airflow/.local/lib/python3.12/site-packages/airflow/example_dags/tutorial_objectstorage.py
[2024-09-22T23:47:53.989+0000] {processor.py:925} INFO - DAG(s) 'tutorial_objectstorage' retrieved from /home/airflow/.local/lib/python3.12/site-packages/airflow/example_dags/tutorial_objectstorage.py
[2024-09-22T23:47:54.020+0000] {logging_mixin.py:190} INFO - [2024-09-22T23:47:54.019+0000] {dag.py:3229} INFO - Sync 1 DAGs
[2024-09-22T23:47:54.044+0000] {logging_mixin.py:190} INFO - [2024-09-22T23:47:54.044+0000] {dag.py:4156} INFO - Setting next_dagrun for tutorial_objectstorage to None, run_after=None
[2024-09-22T23:47:54.072+0000] {processor.py:208} INFO - Processing /home/airflow/.local/lib/python3.12/site-packages/airflow/example_dags/tutorial_objectstorage.py took 0.122 seconds
[2024-09-22T23:48:24.375+0000] {processor.py:186} INFO - Started process (PID=261) to work on /home/airflow/.local/lib/python3.12/site-packages/airflow/example_dags/tutorial_objectstorage.py
[2024-09-22T23:48:24.376+0000] {processor.py:914} INFO - Processing file /home/airflow/.local/lib/python3.12/site-packages/airflow/example_dags/tutorial_objectstorage.py for tasks to queue
[2024-09-22T23:48:24.379+0000] {logging_mixin.py:190} INFO - [2024-09-22T23:48:24.379+0000] {dagbag.py:587} INFO - Filling up the DagBag from /home/airflow/.local/lib/python3.12/site-packages/airflow/example_dags/tutorial_objectstorage.py
[2024-09-22T23:48:24.398+0000] {processor.py:925} INFO - DAG(s) 'tutorial_objectstorage' retrieved from /home/airflow/.local/lib/python3.12/site-packages/airflow/example_dags/tutorial_objectstorage.py
[2024-09-22T23:48:24.425+0000] {logging_mixin.py:190} INFO - [2024-09-22T23:48:24.425+0000] {dag.py:3229} INFO - Sync 1 DAGs
[2024-09-22T23:48:24.445+0000] {logging_mixin.py:190} INFO - [2024-09-22T23:48:24.444+0000] {dag.py:4156} INFO - Setting next_dagrun for tutorial_objectstorage to None, run_after=None
[2024-09-22T23:48:24.469+0000] {processor.py:208} INFO - Processing /home/airflow/.local/lib/python3.12/site-packages/airflow/example_dags/tutorial_objectstorage.py took 0.104 seconds
[2024-09-22T23:48:55.008+0000] {processor.py:186} INFO - Started process (PID=324) to work on /home/airflow/.local/lib/python3.12/site-packages/airflow/example_dags/tutorial_objectstorage.py
[2024-09-22T23:48:55.011+0000] {processor.py:914} INFO - Processing file /home/airflow/.local/lib/python3.12/site-packages/airflow/example_dags/tutorial_objectstorage.py for tasks to queue
[2024-09-22T23:48:55.016+0000] {logging_mixin.py:190} INFO - [2024-09-22T23:48:55.015+0000] {dagbag.py:587} INFO - Filling up the DagBag from /home/airflow/.local/lib/python3.12/site-packages/airflow/example_dags/tutorial_objectstorage.py
[2024-09-22T23:48:55.042+0000] {processor.py:925} INFO - DAG(s) 'tutorial_objectstorage' retrieved from /home/airflow/.local/lib/python3.12/site-packages/airflow/example_dags/tutorial_objectstorage.py
[2024-09-22T23:48:55.086+0000] {logging_mixin.py:190} INFO - [2024-09-22T23:48:55.086+0000] {dag.py:3229} INFO - Sync 1 DAGs
[2024-09-22T23:48:55.114+0000] {logging_mixin.py:190} INFO - [2024-09-22T23:48:55.113+0000] {dag.py:4156} INFO - Setting next_dagrun for tutorial_objectstorage to None, run_after=None
[2024-09-22T23:48:55.146+0000] {processor.py:208} INFO - Processing /home/airflow/.local/lib/python3.12/site-packages/airflow/example_dags/tutorial_objectstorage.py took 0.151 seconds
[2024-09-22T23:49:25.633+0000] {processor.py:186} INFO - Started process (PID=387) to work on /home/airflow/.local/lib/python3.12/site-packages/airflow/example_dags/tutorial_objectstorage.py
[2024-09-22T23:49:25.635+0000] {processor.py:914} INFO - Processing file /home/airflow/.local/lib/python3.12/site-packages/airflow/example_dags/tutorial_objectstorage.py for tasks to queue
[2024-09-22T23:49:25.638+0000] {logging_mixin.py:190} INFO - [2024-09-22T23:49:25.638+0000] {dagbag.py:587} INFO - Filling up the DagBag from /home/airflow/.local/lib/python3.12/site-packages/airflow/example_dags/tutorial_objectstorage.py
[2024-09-22T23:49:25.658+0000] {processor.py:925} INFO - DAG(s) 'tutorial_objectstorage' retrieved from /home/airflow/.local/lib/python3.12/site-packages/airflow/example_dags/tutorial_objectstorage.py
[2024-09-22T23:49:25.686+0000] {logging_mixin.py:190} INFO - [2024-09-22T23:49:25.685+0000] {dag.py:3229} INFO - Sync 1 DAGs
[2024-09-22T23:49:25.705+0000] {logging_mixin.py:190} INFO - [2024-09-22T23:49:25.705+0000] {dag.py:4156} INFO - Setting next_dagrun for tutorial_objectstorage to None, run_after=None
[2024-09-22T23:49:25.730+0000] {processor.py:208} INFO - Processing /home/airflow/.local/lib/python3.12/site-packages/airflow/example_dags/tutorial_objectstorage.py took 0.106 seconds
[2024-09-22T23:49:56.027+0000] {processor.py:186} INFO - Started process (PID=450) to work on /home/airflow/.local/lib/python3.12/site-packages/airflow/example_dags/tutorial_objectstorage.py
[2024-09-22T23:49:56.029+0000] {processor.py:914} INFO - Processing file /home/airflow/.local/lib/python3.12/site-packages/airflow/example_dags/tutorial_objectstorage.py for tasks to queue
[2024-09-22T23:49:56.033+0000] {logging_mixin.py:190} INFO - [2024-09-22T23:49:56.033+0000] {dagbag.py:587} INFO - Filling up the DagBag from /home/airflow/.local/lib/python3.12/site-packages/airflow/example_dags/tutorial_objectstorage.py
[2024-09-22T23:49:56.053+0000] {processor.py:925} INFO - DAG(s) 'tutorial_objectstorage' retrieved from /home/airflow/.local/lib/python3.12/site-packages/airflow/example_dags/tutorial_objectstorage.py
[2024-09-22T23:49:56.085+0000] {logging_mixin.py:190} INFO - [2024-09-22T23:49:56.085+0000] {dag.py:3229} INFO - Sync 1 DAGs
[2024-09-22T23:49:56.105+0000] {logging_mixin.py:190} INFO - [2024-09-22T23:49:56.105+0000] {dag.py:4156} INFO - Setting next_dagrun for tutorial_objectstorage to None, run_after=None
[2024-09-22T23:49:56.131+0000] {processor.py:208} INFO - Processing /home/airflow/.local/lib/python3.12/site-packages/airflow/example_dags/tutorial_objectstorage.py took 0.114 seconds
[2024-09-22T23:50:26.662+0000] {processor.py:186} INFO - Started process (PID=513) to work on /home/airflow/.local/lib/python3.12/site-packages/airflow/example_dags/tutorial_objectstorage.py
[2024-09-22T23:50:26.664+0000] {processor.py:914} INFO - Processing file /home/airflow/.local/lib/python3.12/site-packages/airflow/example_dags/tutorial_objectstorage.py for tasks to queue
[2024-09-22T23:50:26.668+0000] {logging_mixin.py:190} INFO - [2024-09-22T23:50:26.667+0000] {dagbag.py:587} INFO - Filling up the DagBag from /home/airflow/.local/lib/python3.12/site-packages/airflow/example_dags/tutorial_objectstorage.py
[2024-09-22T23:50:26.688+0000] {processor.py:925} INFO - DAG(s) 'tutorial_objectstorage' retrieved from /home/airflow/.local/lib/python3.12/site-packages/airflow/example_dags/tutorial_objectstorage.py
[2024-09-22T23:50:26.716+0000] {logging_mixin.py:190} INFO - [2024-09-22T23:50:26.715+0000] {dag.py:3229} INFO - Sync 1 DAGs
[2024-09-22T23:50:26.735+0000] {logging_mixin.py:190} INFO - [2024-09-22T23:50:26.735+0000] {dag.py:4156} INFO - Setting next_dagrun for tutorial_objectstorage to None, run_after=None
[2024-09-22T23:50:26.760+0000] {processor.py:208} INFO - Processing /home/airflow/.local/lib/python3.12/site-packages/airflow/example_dags/tutorial_objectstorage.py took 0.108 seconds
[2024-09-22T23:50:57.004+0000] {processor.py:186} INFO - Started process (PID=576) to work on /home/airflow/.local/lib/python3.12/site-packages/airflow/example_dags/tutorial_objectstorage.py
[2024-09-22T23:50:57.007+0000] {processor.py:914} INFO - Processing file /home/airflow/.local/lib/python3.12/site-packages/airflow/example_dags/tutorial_objectstorage.py for tasks to queue
[2024-09-22T23:50:57.010+0000] {logging_mixin.py:190} INFO - [2024-09-22T23:50:57.010+0000] {dagbag.py:587} INFO - Filling up the DagBag from /home/airflow/.local/lib/python3.12/site-packages/airflow/example_dags/tutorial_objectstorage.py
[2024-09-22T23:50:57.030+0000] {processor.py:925} INFO - DAG(s) 'tutorial_objectstorage' retrieved from /home/airflow/.local/lib/python3.12/site-packages/airflow/example_dags/tutorial_objectstorage.py
[2024-09-22T23:50:57.057+0000] {logging_mixin.py:190} INFO - [2024-09-22T23:50:57.057+0000] {dag.py:3229} INFO - Sync 1 DAGs
[2024-09-22T23:50:57.077+0000] {logging_mixin.py:190} INFO - [2024-09-22T23:50:57.077+0000] {dag.py:4156} INFO - Setting next_dagrun for tutorial_objectstorage to None, run_after=None
[2024-09-22T23:50:57.101+0000] {processor.py:208} INFO - Processing /home/airflow/.local/lib/python3.12/site-packages/airflow/example_dags/tutorial_objectstorage.py took 0.106 seconds
[2024-09-22T23:51:27.733+0000] {processor.py:186} INFO - Started process (PID=640) to work on /home/airflow/.local/lib/python3.12/site-packages/airflow/example_dags/tutorial_objectstorage.py
[2024-09-22T23:51:27.736+0000] {processor.py:914} INFO - Processing file /home/airflow/.local/lib/python3.12/site-packages/airflow/example_dags/tutorial_objectstorage.py for tasks to queue
[2024-09-22T23:51:27.739+0000] {logging_mixin.py:190} INFO - [2024-09-22T23:51:27.739+0000] {dagbag.py:587} INFO - Filling up the DagBag from /home/airflow/.local/lib/python3.12/site-packages/airflow/example_dags/tutorial_objectstorage.py
[2024-09-22T23:51:27.759+0000] {processor.py:925} INFO - DAG(s) 'tutorial_objectstorage' retrieved from /home/airflow/.local/lib/python3.12/site-packages/airflow/example_dags/tutorial_objectstorage.py
[2024-09-22T23:51:27.793+0000] {logging_mixin.py:190} INFO - [2024-09-22T23:51:27.792+0000] {dag.py:3229} INFO - Sync 1 DAGs
[2024-09-22T23:51:27.816+0000] {logging_mixin.py:190} INFO - [2024-09-22T23:51:27.816+0000] {dag.py:4156} INFO - Setting next_dagrun for tutorial_objectstorage to None, run_after=None
[2024-09-22T23:51:27.842+0000] {processor.py:208} INFO - Processing /home/airflow/.local/lib/python3.12/site-packages/airflow/example_dags/tutorial_objectstorage.py took 0.118 seconds
[2024-09-22T23:51:58.067+0000] {processor.py:186} INFO - Started process (PID=704) to work on /home/airflow/.local/lib/python3.12/site-packages/airflow/example_dags/tutorial_objectstorage.py
[2024-09-22T23:51:58.070+0000] {processor.py:914} INFO - Processing file /home/airflow/.local/lib/python3.12/site-packages/airflow/example_dags/tutorial_objectstorage.py for tasks to queue
[2024-09-22T23:51:58.074+0000] {logging_mixin.py:190} INFO - [2024-09-22T23:51:58.073+0000] {dagbag.py:587} INFO - Filling up the DagBag from /home/airflow/.local/lib/python3.12/site-packages/airflow/example_dags/tutorial_objectstorage.py
[2024-09-22T23:51:58.093+0000] {processor.py:925} INFO - DAG(s) 'tutorial_objectstorage' retrieved from /home/airflow/.local/lib/python3.12/site-packages/airflow/example_dags/tutorial_objectstorage.py
[2024-09-22T23:51:58.121+0000] {logging_mixin.py:190} INFO - [2024-09-22T23:51:58.121+0000] {dag.py:3229} INFO - Sync 1 DAGs
[2024-09-22T23:51:58.143+0000] {logging_mixin.py:190} INFO - [2024-09-22T23:51:58.142+0000] {dag.py:4156} INFO - Setting next_dagrun for tutorial_objectstorage to None, run_after=None
[2024-09-22T23:51:58.167+0000] {processor.py:208} INFO - Processing /home/airflow/.local/lib/python3.12/site-packages/airflow/example_dags/tutorial_objectstorage.py took 0.109 seconds
[2024-09-22T23:52:28.373+0000] {processor.py:186} INFO - Started process (PID=767) to work on /home/airflow/.local/lib/python3.12/site-packages/airflow/example_dags/tutorial_objectstorage.py
[2024-09-22T23:52:28.376+0000] {processor.py:914} INFO - Processing file /home/airflow/.local/lib/python3.12/site-packages/airflow/example_dags/tutorial_objectstorage.py for tasks to queue
[2024-09-22T23:52:28.381+0000] {logging_mixin.py:190} INFO - [2024-09-22T23:52:28.380+0000] {dagbag.py:587} INFO - Filling up the DagBag from /home/airflow/.local/lib/python3.12/site-packages/airflow/example_dags/tutorial_objectstorage.py
[2024-09-22T23:52:28.409+0000] {processor.py:925} INFO - DAG(s) 'tutorial_objectstorage' retrieved from /home/airflow/.local/lib/python3.12/site-packages/airflow/example_dags/tutorial_objectstorage.py
[2024-09-22T23:52:28.452+0000] {logging_mixin.py:190} INFO - [2024-09-22T23:52:28.452+0000] {dag.py:3229} INFO - Sync 1 DAGs
[2024-09-22T23:52:28.472+0000] {logging_mixin.py:190} INFO - [2024-09-22T23:52:28.471+0000] {dag.py:4156} INFO - Setting next_dagrun for tutorial_objectstorage to None, run_after=None
[2024-09-22T23:52:28.498+0000] {processor.py:208} INFO - Processing /home/airflow/.local/lib/python3.12/site-packages/airflow/example_dags/tutorial_objectstorage.py took 0.142 seconds
[2024-09-22T23:52:58.996+0000] {processor.py:186} INFO - Started process (PID=830) to work on /home/airflow/.local/lib/python3.12/site-packages/airflow/example_dags/tutorial_objectstorage.py
[2024-09-22T23:52:58.998+0000] {processor.py:914} INFO - Processing file /home/airflow/.local/lib/python3.12/site-packages/airflow/example_dags/tutorial_objectstorage.py for tasks to queue
[2024-09-22T23:52:59.003+0000] {logging_mixin.py:190} INFO - [2024-09-22T23:52:59.002+0000] {dagbag.py:587} INFO - Filling up the DagBag from /home/airflow/.local/lib/python3.12/site-packages/airflow/example_dags/tutorial_objectstorage.py
[2024-09-22T23:52:59.030+0000] {processor.py:925} INFO - DAG(s) 'tutorial_objectstorage' retrieved from /home/airflow/.local/lib/python3.12/site-packages/airflow/example_dags/tutorial_objectstorage.py
[2024-09-22T23:52:59.060+0000] {logging_mixin.py:190} INFO - [2024-09-22T23:52:59.060+0000] {dag.py:3229} INFO - Sync 1 DAGs
[2024-09-22T23:52:59.085+0000] {logging_mixin.py:190} INFO - [2024-09-22T23:52:59.085+0000] {dag.py:4156} INFO - Setting next_dagrun for tutorial_objectstorage to None, run_after=None
[2024-09-22T23:52:59.115+0000] {processor.py:208} INFO - Processing /home/airflow/.local/lib/python3.12/site-packages/airflow/example_dags/tutorial_objectstorage.py took 0.132 seconds
[2024-09-22T23:53:29.693+0000] {processor.py:186} INFO - Started process (PID=892) to work on /home/airflow/.local/lib/python3.12/site-packages/airflow/example_dags/tutorial_objectstorage.py
[2024-09-22T23:53:29.697+0000] {processor.py:914} INFO - Processing file /home/airflow/.local/lib/python3.12/site-packages/airflow/example_dags/tutorial_objectstorage.py for tasks to queue
[2024-09-22T23:53:29.708+0000] {logging_mixin.py:190} INFO - [2024-09-22T23:53:29.707+0000] {dagbag.py:587} INFO - Filling up the DagBag from /home/airflow/.local/lib/python3.12/site-packages/airflow/example_dags/tutorial_objectstorage.py
[2024-09-22T23:53:29.766+0000] {processor.py:925} INFO - DAG(s) 'tutorial_objectstorage' retrieved from /home/airflow/.local/lib/python3.12/site-packages/airflow/example_dags/tutorial_objectstorage.py
[2024-09-22T23:53:29.840+0000] {logging_mixin.py:190} INFO - [2024-09-22T23:53:29.839+0000] {dag.py:3229} INFO - Sync 1 DAGs
[2024-09-22T23:53:29.895+0000] {logging_mixin.py:190} INFO - [2024-09-22T23:53:29.894+0000] {dag.py:4156} INFO - Setting next_dagrun for tutorial_objectstorage to None, run_after=None
[2024-09-22T23:53:29.956+0000] {processor.py:208} INFO - Processing /home/airflow/.local/lib/python3.12/site-packages/airflow/example_dags/tutorial_objectstorage.py took 0.292 seconds
[2024-09-22T23:54:00.494+0000] {processor.py:186} INFO - Started process (PID=955) to work on /home/airflow/.local/lib/python3.12/site-packages/airflow/example_dags/tutorial_objectstorage.py
[2024-09-22T23:54:00.497+0000] {processor.py:914} INFO - Processing file /home/airflow/.local/lib/python3.12/site-packages/airflow/example_dags/tutorial_objectstorage.py for tasks to queue
[2024-09-22T23:54:00.501+0000] {logging_mixin.py:190} INFO - [2024-09-22T23:54:00.500+0000] {dagbag.py:587} INFO - Filling up the DagBag from /home/airflow/.local/lib/python3.12/site-packages/airflow/example_dags/tutorial_objectstorage.py
[2024-09-22T23:54:00.520+0000] {processor.py:925} INFO - DAG(s) 'tutorial_objectstorage' retrieved from /home/airflow/.local/lib/python3.12/site-packages/airflow/example_dags/tutorial_objectstorage.py
[2024-09-22T23:54:00.558+0000] {logging_mixin.py:190} INFO - [2024-09-22T23:54:00.557+0000] {dag.py:3229} INFO - Sync 1 DAGs
[2024-09-22T23:54:00.585+0000] {logging_mixin.py:190} INFO - [2024-09-22T23:54:00.585+0000] {dag.py:4156} INFO - Setting next_dagrun for tutorial_objectstorage to None, run_after=None
[2024-09-22T23:54:00.618+0000] {processor.py:208} INFO - Processing /home/airflow/.local/lib/python3.12/site-packages/airflow/example_dags/tutorial_objectstorage.py took 0.133 seconds
[2024-09-22T23:54:30.707+0000] {processor.py:186} INFO - Started process (PID=1018) to work on /home/airflow/.local/lib/python3.12/site-packages/airflow/example_dags/tutorial_objectstorage.py
[2024-09-22T23:54:30.710+0000] {processor.py:914} INFO - Processing file /home/airflow/.local/lib/python3.12/site-packages/airflow/example_dags/tutorial_objectstorage.py for tasks to queue
[2024-09-22T23:54:30.714+0000] {logging_mixin.py:190} INFO - [2024-09-22T23:54:30.713+0000] {dagbag.py:587} INFO - Filling up the DagBag from /home/airflow/.local/lib/python3.12/site-packages/airflow/example_dags/tutorial_objectstorage.py
[2024-09-22T23:54:30.733+0000] {processor.py:925} INFO - DAG(s) 'tutorial_objectstorage' retrieved from /home/airflow/.local/lib/python3.12/site-packages/airflow/example_dags/tutorial_objectstorage.py
[2024-09-22T23:54:30.760+0000] {logging_mixin.py:190} INFO - [2024-09-22T23:54:30.759+0000] {dag.py:3229} INFO - Sync 1 DAGs
[2024-09-22T23:54:30.779+0000] {logging_mixin.py:190} INFO - [2024-09-22T23:54:30.779+0000] {dag.py:4156} INFO - Setting next_dagrun for tutorial_objectstorage to None, run_after=None
[2024-09-22T23:54:30.803+0000] {processor.py:208} INFO - Processing /home/airflow/.local/lib/python3.12/site-packages/airflow/example_dags/tutorial_objectstorage.py took 0.105 seconds
[2024-09-22T23:55:01.674+0000] {processor.py:186} INFO - Started process (PID=1081) to work on /home/airflow/.local/lib/python3.12/site-packages/airflow/example_dags/tutorial_objectstorage.py
[2024-09-22T23:55:01.677+0000] {processor.py:914} INFO - Processing file /home/airflow/.local/lib/python3.12/site-packages/airflow/example_dags/tutorial_objectstorage.py for tasks to queue
[2024-09-22T23:55:01.680+0000] {logging_mixin.py:190} INFO - [2024-09-22T23:55:01.680+0000] {dagbag.py:587} INFO - Filling up the DagBag from /home/airflow/.local/lib/python3.12/site-packages/airflow/example_dags/tutorial_objectstorage.py
[2024-09-22T23:55:01.701+0000] {processor.py:925} INFO - DAG(s) 'tutorial_objectstorage' retrieved from /home/airflow/.local/lib/python3.12/site-packages/airflow/example_dags/tutorial_objectstorage.py
[2024-09-22T23:55:01.734+0000] {logging_mixin.py:190} INFO - [2024-09-22T23:55:01.734+0000] {dag.py:3229} INFO - Sync 1 DAGs
[2024-09-22T23:55:01.757+0000] {logging_mixin.py:190} INFO - [2024-09-22T23:55:01.757+0000] {dag.py:4156} INFO - Setting next_dagrun for tutorial_objectstorage to None, run_after=None
[2024-09-22T23:55:01.789+0000] {processor.py:208} INFO - Processing /home/airflow/.local/lib/python3.12/site-packages/airflow/example_dags/tutorial_objectstorage.py took 0.124 seconds
[2024-09-22T23:55:32.058+0000] {processor.py:186} INFO - Started process (PID=1143) to work on /home/airflow/.local/lib/python3.12/site-packages/airflow/example_dags/tutorial_objectstorage.py
[2024-09-22T23:55:32.060+0000] {processor.py:914} INFO - Processing file /home/airflow/.local/lib/python3.12/site-packages/airflow/example_dags/tutorial_objectstorage.py for tasks to queue
[2024-09-22T23:55:32.063+0000] {logging_mixin.py:190} INFO - [2024-09-22T23:55:32.063+0000] {dagbag.py:587} INFO - Filling up the DagBag from /home/airflow/.local/lib/python3.12/site-packages/airflow/example_dags/tutorial_objectstorage.py
[2024-09-22T23:55:32.084+0000] {processor.py:925} INFO - DAG(s) 'tutorial_objectstorage' retrieved from /home/airflow/.local/lib/python3.12/site-packages/airflow/example_dags/tutorial_objectstorage.py
[2024-09-22T23:55:32.115+0000] {logging_mixin.py:190} INFO - [2024-09-22T23:55:32.115+0000] {dag.py:3229} INFO - Sync 1 DAGs
[2024-09-22T23:55:32.138+0000] {logging_mixin.py:190} INFO - [2024-09-22T23:55:32.137+0000] {dag.py:4156} INFO - Setting next_dagrun for tutorial_objectstorage to None, run_after=None
[2024-09-22T23:55:32.165+0000] {processor.py:208} INFO - Processing /home/airflow/.local/lib/python3.12/site-packages/airflow/example_dags/tutorial_objectstorage.py took 0.117 seconds
[2024-09-22T23:58:00.760+0000] {processor.py:186} INFO - Started process (PID=71) to work on /home/airflow/.local/lib/python3.12/site-packages/airflow/example_dags/tutorial_objectstorage.py
[2024-09-22T23:58:00.762+0000] {processor.py:914} INFO - Processing file /home/airflow/.local/lib/python3.12/site-packages/airflow/example_dags/tutorial_objectstorage.py for tasks to queue
[2024-09-22T23:58:00.766+0000] {logging_mixin.py:190} INFO - [2024-09-22T23:58:00.765+0000] {dagbag.py:587} INFO - Filling up the DagBag from /home/airflow/.local/lib/python3.12/site-packages/airflow/example_dags/tutorial_objectstorage.py
[2024-09-22T23:58:00.787+0000] {processor.py:925} INFO - DAG(s) 'tutorial_objectstorage' retrieved from /home/airflow/.local/lib/python3.12/site-packages/airflow/example_dags/tutorial_objectstorage.py
[2024-09-22T23:58:00.838+0000] {logging_mixin.py:190} INFO - [2024-09-22T23:58:00.838+0000] {dag.py:3229} INFO - Sync 1 DAGs
[2024-09-22T23:58:00.858+0000] {logging_mixin.py:190} INFO - [2024-09-22T23:58:00.858+0000] {dag.py:4156} INFO - Setting next_dagrun for tutorial_objectstorage to None, run_after=None
[2024-09-22T23:58:00.884+0000] {processor.py:208} INFO - Processing /home/airflow/.local/lib/python3.12/site-packages/airflow/example_dags/tutorial_objectstorage.py took 0.134 seconds
[2024-09-22T23:58:31.624+0000] {processor.py:186} INFO - Started process (PID=134) to work on /home/airflow/.local/lib/python3.12/site-packages/airflow/example_dags/tutorial_objectstorage.py
[2024-09-22T23:58:31.625+0000] {processor.py:914} INFO - Processing file /home/airflow/.local/lib/python3.12/site-packages/airflow/example_dags/tutorial_objectstorage.py for tasks to queue
[2024-09-22T23:58:31.628+0000] {logging_mixin.py:190} INFO - [2024-09-22T23:58:31.628+0000] {dagbag.py:587} INFO - Filling up the DagBag from /home/airflow/.local/lib/python3.12/site-packages/airflow/example_dags/tutorial_objectstorage.py
[2024-09-22T23:58:31.650+0000] {processor.py:925} INFO - DAG(s) 'tutorial_objectstorage' retrieved from /home/airflow/.local/lib/python3.12/site-packages/airflow/example_dags/tutorial_objectstorage.py
[2024-09-22T23:58:31.681+0000] {logging_mixin.py:190} INFO - [2024-09-22T23:58:31.681+0000] {dag.py:3229} INFO - Sync 1 DAGs
[2024-09-22T23:58:31.702+0000] {logging_mixin.py:190} INFO - [2024-09-22T23:58:31.701+0000] {dag.py:4156} INFO - Setting next_dagrun for tutorial_objectstorage to None, run_after=None
[2024-09-22T23:58:31.726+0000] {processor.py:208} INFO - Processing /home/airflow/.local/lib/python3.12/site-packages/airflow/example_dags/tutorial_objectstorage.py took 0.112 seconds
[2024-09-22T23:59:02.478+0000] {processor.py:186} INFO - Started process (PID=197) to work on /home/airflow/.local/lib/python3.12/site-packages/airflow/example_dags/tutorial_objectstorage.py
[2024-09-22T23:59:02.480+0000] {processor.py:914} INFO - Processing file /home/airflow/.local/lib/python3.12/site-packages/airflow/example_dags/tutorial_objectstorage.py for tasks to queue
[2024-09-22T23:59:02.484+0000] {logging_mixin.py:190} INFO - [2024-09-22T23:59:02.484+0000] {dagbag.py:587} INFO - Filling up the DagBag from /home/airflow/.local/lib/python3.12/site-packages/airflow/example_dags/tutorial_objectstorage.py
[2024-09-22T23:59:02.504+0000] {processor.py:925} INFO - DAG(s) 'tutorial_objectstorage' retrieved from /home/airflow/.local/lib/python3.12/site-packages/airflow/example_dags/tutorial_objectstorage.py
[2024-09-22T23:59:02.538+0000] {logging_mixin.py:190} INFO - [2024-09-22T23:59:02.537+0000] {dag.py:3229} INFO - Sync 1 DAGs
[2024-09-22T23:59:02.559+0000] {logging_mixin.py:190} INFO - [2024-09-22T23:59:02.559+0000] {dag.py:4156} INFO - Setting next_dagrun for tutorial_objectstorage to None, run_after=None
[2024-09-22T23:59:02.584+0000] {processor.py:208} INFO - Processing /home/airflow/.local/lib/python3.12/site-packages/airflow/example_dags/tutorial_objectstorage.py took 0.116 seconds
[2024-09-22T23:59:33.104+0000] {processor.py:186} INFO - Started process (PID=260) to work on /home/airflow/.local/lib/python3.12/site-packages/airflow/example_dags/tutorial_objectstorage.py
[2024-09-22T23:59:33.107+0000] {processor.py:914} INFO - Processing file /home/airflow/.local/lib/python3.12/site-packages/airflow/example_dags/tutorial_objectstorage.py for tasks to queue
[2024-09-22T23:59:33.111+0000] {logging_mixin.py:190} INFO - [2024-09-22T23:59:33.111+0000] {dagbag.py:587} INFO - Filling up the DagBag from /home/airflow/.local/lib/python3.12/site-packages/airflow/example_dags/tutorial_objectstorage.py
[2024-09-22T23:59:33.133+0000] {processor.py:925} INFO - DAG(s) 'tutorial_objectstorage' retrieved from /home/airflow/.local/lib/python3.12/site-packages/airflow/example_dags/tutorial_objectstorage.py
[2024-09-22T23:59:33.165+0000] {logging_mixin.py:190} INFO - [2024-09-22T23:59:33.164+0000] {dag.py:3229} INFO - Sync 1 DAGs
[2024-09-22T23:59:33.185+0000] {logging_mixin.py:190} INFO - [2024-09-22T23:59:33.185+0000] {dag.py:4156} INFO - Setting next_dagrun for tutorial_objectstorage to None, run_after=None
[2024-09-22T23:59:33.213+0000] {processor.py:208} INFO - Processing /home/airflow/.local/lib/python3.12/site-packages/airflow/example_dags/tutorial_objectstorage.py took 0.120 seconds
