[2024-09-23T00:00:13.021+0000] {local_task_job_runner.py:123} INFO - ::group::Pre task execution logs
[2024-09-23T00:00:13.054+0000] {taskinstance.py:2612} INFO - Dependencies all met for dep_context=non-requeueable deps ti=<TaskInstance: fastapi_communication_dag.fastapi_communication_task manual__2024-09-23T00:00:04.787607+00:00 [queued]>
[2024-09-23T00:00:13.066+0000] {taskinstance.py:2612} INFO - Dependencies all met for dep_context=requeueable deps ti=<TaskInstance: fastapi_communication_dag.fastapi_communication_task manual__2024-09-23T00:00:04.787607+00:00 [queued]>
[2024-09-23T00:00:13.066+0000] {taskinstance.py:2865} INFO - Starting attempt 1 of 1
[2024-09-23T00:00:13.085+0000] {taskinstance.py:2888} INFO - Executing <Task(PythonOperator): fastapi_communication_task> on 2024-09-23 00:00:04.787607+00:00
[2024-09-23T00:00:13.099+0000] {warnings.py:112} WARNING - /home/***/.local/lib/python3.12/site-packages/***/task/task_runner/standard_task_runner.py:70: DeprecationWarning: This process (pid=87) is multi-threaded, use of fork() may lead to deadlocks in the child.
  pid = os.fork()

[2024-09-23T00:00:13.102+0000] {standard_task_runner.py:72} INFO - Started process 90 to run task
[2024-09-23T00:00:13.103+0000] {standard_task_runner.py:104} INFO - Running: ['***', 'tasks', 'run', 'fastapi_communication_dag', 'fastapi_communication_task', 'manual__2024-09-23T00:00:04.787607+00:00', '--job-id', '8', '--raw', '--subdir', 'DAGS_FOLDER/fast_api_comms.py', '--cfg-path', '/tmp/tmpd7v0foaf']
[2024-09-23T00:00:13.105+0000] {standard_task_runner.py:105} INFO - Job 8: Subtask fastapi_communication_task
[2024-09-23T00:00:13.183+0000] {task_command.py:467} INFO - Running <TaskInstance: fastapi_communication_dag.fastapi_communication_task manual__2024-09-23T00:00:04.787607+00:00 [running]> on host e5e474c99a0e
[2024-09-23T00:00:13.316+0000] {taskinstance.py:3131} INFO - Exporting env vars: AIRFLOW_CTX_DAG_OWNER='***' AIRFLOW_CTX_DAG_ID='fastapi_communication_dag' AIRFLOW_CTX_TASK_ID='fastapi_communication_task' AIRFLOW_CTX_EXECUTION_DATE='2024-09-23T00:00:04.787607+00:00' AIRFLOW_CTX_TRY_NUMBER='1' AIRFLOW_CTX_DAG_RUN_ID='manual__2024-09-23T00:00:04.787607+00:00'
[2024-09-23T00:00:13.319+0000] {logging_mixin.py:190} INFO - Task instance is in running state
[2024-09-23T00:00:13.319+0000] {logging_mixin.py:190} INFO -  Previous state of the Task instance: queued
[2024-09-23T00:00:13.320+0000] {logging_mixin.py:190} INFO - Current task name:fastapi_communication_task state:running start_date:2024-09-23 00:00:13.055392+00:00
[2024-09-23T00:00:13.320+0000] {logging_mixin.py:190} INFO - Dag name:fastapi_communication_dag and current dag run status:running
[2024-09-23T00:00:13.320+0000] {taskinstance.py:731} INFO - ::endgroup::
[2024-09-23T00:00:13.332+0000] {logging_mixin.py:190} INFO - Comunicação bem-sucedida com app_fastapi!
[2024-09-23T00:00:13.333+0000] {python.py:240} INFO - Done. Returned value was: None
[2024-09-23T00:00:13.350+0000] {taskinstance.py:340} INFO - ::group::Post task execution logs
[2024-09-23T00:00:13.351+0000] {taskinstance.py:352} INFO - Marking task as SUCCESS. dag_id=fastapi_communication_dag, task_id=fastapi_communication_task, run_id=manual__2024-09-23T00:00:04.787607+00:00, execution_date=20240923T000004, start_date=20240923T000013, end_date=20240923T000013
[2024-09-23T00:00:13.365+0000] {logging_mixin.py:190} INFO - Task instance in success state
[2024-09-23T00:00:13.366+0000] {logging_mixin.py:190} INFO -  Previous state of the Task instance: running
[2024-09-23T00:00:13.366+0000] {logging_mixin.py:190} INFO - Dag name:fastapi_communication_dag queued_at:2024-09-23 00:00:04.819394+00:00
[2024-09-23T00:00:13.367+0000] {logging_mixin.py:190} INFO - Task hostname:e5e474c99a0e operator:PythonOperator
[2024-09-23T00:00:13.398+0000] {local_task_job_runner.py:266} INFO - Task exited with return code 0
[2024-09-23T00:00:13.426+0000] {taskinstance.py:3900} INFO - 0 downstream tasks scheduled from follow-on schedule check
[2024-09-23T00:00:13.429+0000] {local_task_job_runner.py:245} INFO - ::endgroup::
