[2024-09-23T00:46:42.444+0000] {local_task_job_runner.py:123} INFO - ::group::Pre task execution logs
[2024-09-23T00:46:42.468+0000] {taskinstance.py:2612} INFO - Dependencies all met for dep_context=non-requeueable deps ti=<TaskInstance: mercadolivre_scraper_to_snowflake_dag.insert_into_snowflake manual__2024-09-23T00:41:28.789449+00:00 [queued]>
[2024-09-23T00:46:42.479+0000] {taskinstance.py:2612} INFO - Dependencies all met for dep_context=requeueable deps ti=<TaskInstance: mercadolivre_scraper_to_snowflake_dag.insert_into_snowflake manual__2024-09-23T00:41:28.789449+00:00 [queued]>
[2024-09-23T00:46:42.479+0000] {taskinstance.py:2865} INFO - Starting attempt 2 of 2
[2024-09-23T00:46:42.495+0000] {taskinstance.py:2888} INFO - Executing <Task(PythonOperator): insert_into_snowflake> on 2024-09-23 00:41:28.789449+00:00
[2024-09-23T00:46:42.510+0000] {warnings.py:112} WARNING - /home/***/.local/lib/python3.12/site-packages/***/task/task_runner/standard_task_runner.py:70: DeprecationWarning: This process (pid=320) is multi-threaded, use of fork() may lead to deadlocks in the child.
  pid = os.fork()

[2024-09-23T00:46:42.513+0000] {standard_task_runner.py:72} INFO - Started process 323 to run task
[2024-09-23T00:46:42.516+0000] {standard_task_runner.py:104} INFO - Running: ['***', 'tasks', 'run', 'mercadolivre_scraper_to_snowflake_dag', 'insert_into_snowflake', 'manual__2024-09-23T00:41:28.789449+00:00', '--job-id', '33', '--raw', '--subdir', 'DAGS_FOLDER/mercado_livre.py', '--cfg-path', '/tmp/tmprzullo5u']
[2024-09-23T00:46:42.518+0000] {standard_task_runner.py:105} INFO - Job 33: Subtask insert_into_snowflake
[2024-09-23T00:46:42.592+0000] {task_command.py:467} INFO - Running <TaskInstance: mercadolivre_scraper_to_snowflake_dag.insert_into_snowflake manual__2024-09-23T00:41:28.789449+00:00 [running]> on host 6a22fc4abd55
[2024-09-23T00:46:42.709+0000] {taskinstance.py:3131} INFO - Exporting env vars: AIRFLOW_CTX_DAG_OWNER='***' AIRFLOW_CTX_DAG_ID='mercadolivre_scraper_to_snowflake_dag' AIRFLOW_CTX_TASK_ID='insert_into_snowflake' AIRFLOW_CTX_EXECUTION_DATE='2024-09-23T00:41:28.789449+00:00' AIRFLOW_CTX_TRY_NUMBER='2' AIRFLOW_CTX_DAG_RUN_ID='manual__2024-09-23T00:41:28.789449+00:00'
[2024-09-23T00:46:42.711+0000] {logging_mixin.py:190} INFO - Task instance is in running state
[2024-09-23T00:46:42.712+0000] {logging_mixin.py:190} INFO -  Previous state of the Task instance: queued
[2024-09-23T00:46:42.712+0000] {logging_mixin.py:190} INFO - Current task name:insert_into_snowflake state:running start_date:2024-09-23 00:46:42.469113+00:00
[2024-09-23T00:46:42.713+0000] {logging_mixin.py:190} INFO - Dag name:mercadolivre_scraper_to_snowflake_dag and current dag run status:running
[2024-09-23T00:46:42.713+0000] {taskinstance.py:731} INFO - ::endgroup::
[2024-09-23T00:46:42.728+0000] {mercado_livre.py:37} ERROR - No products were scraped. Exiting.
[2024-09-23T00:46:42.729+0000] {python.py:240} INFO - Done. Returned value was: None
[2024-09-23T00:46:42.743+0000] {taskinstance.py:340} INFO - ::group::Post task execution logs
[2024-09-23T00:46:42.744+0000] {taskinstance.py:352} INFO - Marking task as SUCCESS. dag_id=mercadolivre_scraper_to_snowflake_dag, task_id=insert_into_snowflake, run_id=manual__2024-09-23T00:41:28.789449+00:00, execution_date=20240923T004128, start_date=20240923T004642, end_date=20240923T004642
[2024-09-23T00:46:42.756+0000] {logging_mixin.py:190} INFO - Task instance in success state
[2024-09-23T00:46:42.757+0000] {logging_mixin.py:190} INFO -  Previous state of the Task instance: running
[2024-09-23T00:46:42.757+0000] {logging_mixin.py:190} INFO - Dag name:mercadolivre_scraper_to_snowflake_dag queued_at:2024-09-23 00:41:28.801605+00:00
[2024-09-23T00:46:42.758+0000] {logging_mixin.py:190} INFO - Task hostname:6a22fc4abd55 operator:PythonOperator
[2024-09-23T00:46:42.810+0000] {local_task_job_runner.py:266} INFO - Task exited with return code 0
[2024-09-23T00:46:42.847+0000] {taskinstance.py:3900} INFO - 0 downstream tasks scheduled from follow-on schedule check
[2024-09-23T00:46:42.850+0000] {local_task_job_runner.py:245} INFO - ::endgroup::
