[2024-09-22T23:31:13.499+0000] {processor.py:186} INFO - Started process (PID=683) to work on /opt/airflow/dags/fast_api_comms.py
[2024-09-22T23:31:13.501+0000] {processor.py:914} INFO - Processing file /opt/airflow/dags/fast_api_comms.py for tasks to queue
[2024-09-22T23:31:13.505+0000] {logging_mixin.py:190} INFO - [2024-09-22T23:31:13.505+0000] {dagbag.py:587} INFO - Filling up the DagBag from /opt/airflow/dags/fast_api_comms.py
[2024-09-22T23:31:13.525+0000] {processor.py:925} INFO - DAG(s) 'fastapi_communication_dag' retrieved from /opt/airflow/dags/fast_api_comms.py
[2024-09-22T23:31:13.684+0000] {logging_mixin.py:190} INFO - [2024-09-22T23:31:13.683+0000] {override.py:1900} INFO - Created Permission View: can edit on DAG:fastapi_communication_dag
[2024-09-22T23:31:13.697+0000] {logging_mixin.py:190} INFO - [2024-09-22T23:31:13.697+0000] {override.py:1900} INFO - Created Permission View: can read on DAG:fastapi_communication_dag
[2024-09-22T23:31:13.706+0000] {logging_mixin.py:190} INFO - [2024-09-22T23:31:13.705+0000] {override.py:1900} INFO - Created Permission View: can delete on DAG:fastapi_communication_dag
[2024-09-22T23:31:13.715+0000] {logging_mixin.py:190} INFO - [2024-09-22T23:31:13.715+0000] {override.py:1900} INFO - Created Permission View: can create on DAG Run:fastapi_communication_dag
[2024-09-22T23:31:13.725+0000] {logging_mixin.py:190} INFO - [2024-09-22T23:31:13.724+0000] {override.py:1900} INFO - Created Permission View: menu access on DAG Run:fastapi_communication_dag
[2024-09-22T23:31:13.733+0000] {logging_mixin.py:190} INFO - [2024-09-22T23:31:13.733+0000] {override.py:1900} INFO - Created Permission View: can read on DAG Run:fastapi_communication_dag
[2024-09-22T23:31:13.741+0000] {logging_mixin.py:190} INFO - [2024-09-22T23:31:13.741+0000] {override.py:1900} INFO - Created Permission View: can delete on DAG Run:fastapi_communication_dag
[2024-09-22T23:31:13.742+0000] {logging_mixin.py:190} INFO - [2024-09-22T23:31:13.742+0000] {dag.py:3229} INFO - Sync 1 DAGs
[2024-09-22T23:31:13.758+0000] {logging_mixin.py:190} INFO - [2024-09-22T23:31:13.758+0000] {dag.py:3252} INFO - Creating ORM DAG for fastapi_communication_dag
[2024-09-22T23:31:13.770+0000] {logging_mixin.py:190} INFO - [2024-09-22T23:31:13.770+0000] {dag.py:4156} INFO - Setting next_dagrun for fastapi_communication_dag to 2023-01-01 00:00:00+00:00, run_after=2023-01-01 00:00:00+00:00
[2024-09-22T23:31:13.790+0000] {processor.py:208} INFO - Processing /opt/airflow/dags/fast_api_comms.py took 0.303 seconds
[2024-09-22T23:31:44.282+0000] {processor.py:186} INFO - Started process (PID=745) to work on /opt/airflow/dags/fast_api_comms.py
[2024-09-22T23:31:44.283+0000] {processor.py:914} INFO - Processing file /opt/airflow/dags/fast_api_comms.py for tasks to queue
[2024-09-22T23:31:44.287+0000] {logging_mixin.py:190} INFO - [2024-09-22T23:31:44.287+0000] {dagbag.py:587} INFO - Filling up the DagBag from /opt/airflow/dags/fast_api_comms.py
[2024-09-22T23:31:44.300+0000] {processor.py:925} INFO - DAG(s) 'fastapi_communication_dag' retrieved from /opt/airflow/dags/fast_api_comms.py
[2024-09-22T23:31:44.330+0000] {logging_mixin.py:190} INFO - [2024-09-22T23:31:44.330+0000] {dag.py:3229} INFO - Sync 1 DAGs
[2024-09-22T23:31:44.363+0000] {logging_mixin.py:190} INFO - [2024-09-22T23:31:44.363+0000] {dag.py:4156} INFO - Setting next_dagrun for fastapi_communication_dag to 2023-01-01 00:00:00+00:00, run_after=2023-01-01 00:00:00+00:00
[2024-09-22T23:31:44.388+0000] {processor.py:208} INFO - Processing /opt/airflow/dags/fast_api_comms.py took 0.115 seconds
[2024-09-22T23:32:14.783+0000] {processor.py:186} INFO - Started process (PID=808) to work on /opt/airflow/dags/fast_api_comms.py
[2024-09-22T23:32:14.785+0000] {processor.py:914} INFO - Processing file /opt/airflow/dags/fast_api_comms.py for tasks to queue
[2024-09-22T23:32:14.789+0000] {logging_mixin.py:190} INFO - [2024-09-22T23:32:14.788+0000] {dagbag.py:587} INFO - Filling up the DagBag from /opt/airflow/dags/fast_api_comms.py
[2024-09-22T23:32:14.802+0000] {processor.py:925} INFO - DAG(s) 'fastapi_communication_dag' retrieved from /opt/airflow/dags/fast_api_comms.py
[2024-09-22T23:32:14.832+0000] {logging_mixin.py:190} INFO - [2024-09-22T23:32:14.832+0000] {dag.py:3229} INFO - Sync 1 DAGs
[2024-09-22T23:32:14.878+0000] {logging_mixin.py:190} INFO - [2024-09-22T23:32:14.878+0000] {dag.py:4156} INFO - Setting next_dagrun for fastapi_communication_dag to 2023-01-01 00:00:00+00:00, run_after=2023-01-01 00:00:00+00:00
[2024-09-22T23:32:14.901+0000] {processor.py:208} INFO - Processing /opt/airflow/dags/fast_api_comms.py took 0.127 seconds
[2024-09-22T23:32:45.673+0000] {processor.py:186} INFO - Started process (PID=871) to work on /opt/airflow/dags/fast_api_comms.py
[2024-09-22T23:32:45.676+0000] {processor.py:914} INFO - Processing file /opt/airflow/dags/fast_api_comms.py for tasks to queue
[2024-09-22T23:32:45.680+0000] {logging_mixin.py:190} INFO - [2024-09-22T23:32:45.679+0000] {dagbag.py:587} INFO - Filling up the DagBag from /opt/airflow/dags/fast_api_comms.py
[2024-09-22T23:32:45.694+0000] {processor.py:925} INFO - DAG(s) 'fastapi_communication_dag' retrieved from /opt/airflow/dags/fast_api_comms.py
[2024-09-22T23:32:45.727+0000] {logging_mixin.py:190} INFO - [2024-09-22T23:32:45.726+0000] {dag.py:3229} INFO - Sync 1 DAGs
[2024-09-22T23:32:45.760+0000] {logging_mixin.py:190} INFO - [2024-09-22T23:32:45.759+0000] {dag.py:4156} INFO - Setting next_dagrun for fastapi_communication_dag to 2023-01-01 00:00:00+00:00, run_after=2023-01-01 00:00:00+00:00
[2024-09-22T23:32:45.784+0000] {processor.py:208} INFO - Processing /opt/airflow/dags/fast_api_comms.py took 0.120 seconds
[2024-09-22T23:33:15.867+0000] {processor.py:186} INFO - Started process (PID=934) to work on /opt/airflow/dags/fast_api_comms.py
[2024-09-22T23:33:15.870+0000] {processor.py:914} INFO - Processing file /opt/airflow/dags/fast_api_comms.py for tasks to queue
[2024-09-22T23:33:15.874+0000] {logging_mixin.py:190} INFO - [2024-09-22T23:33:15.873+0000] {dagbag.py:587} INFO - Filling up the DagBag from /opt/airflow/dags/fast_api_comms.py
[2024-09-22T23:33:15.887+0000] {processor.py:925} INFO - DAG(s) 'fastapi_communication_dag' retrieved from /opt/airflow/dags/fast_api_comms.py
[2024-09-22T23:33:15.915+0000] {logging_mixin.py:190} INFO - [2024-09-22T23:33:15.915+0000] {dag.py:3229} INFO - Sync 1 DAGs
[2024-09-22T23:33:15.948+0000] {logging_mixin.py:190} INFO - [2024-09-22T23:33:15.947+0000] {dag.py:4156} INFO - Setting next_dagrun for fastapi_communication_dag to 2023-01-01 00:00:00+00:00, run_after=2023-01-01 00:00:00+00:00
[2024-09-22T23:33:15.971+0000] {processor.py:208} INFO - Processing /opt/airflow/dags/fast_api_comms.py took 0.113 seconds
[2024-09-22T23:33:46.135+0000] {processor.py:186} INFO - Started process (PID=997) to work on /opt/airflow/dags/fast_api_comms.py
[2024-09-22T23:33:46.137+0000] {processor.py:914} INFO - Processing file /opt/airflow/dags/fast_api_comms.py for tasks to queue
[2024-09-22T23:33:46.142+0000] {logging_mixin.py:190} INFO - [2024-09-22T23:33:46.141+0000] {dagbag.py:587} INFO - Filling up the DagBag from /opt/airflow/dags/fast_api_comms.py
[2024-09-22T23:33:46.155+0000] {processor.py:925} INFO - DAG(s) 'fastapi_communication_dag' retrieved from /opt/airflow/dags/fast_api_comms.py
[2024-09-22T23:33:46.181+0000] {logging_mixin.py:190} INFO - [2024-09-22T23:33:46.181+0000] {dag.py:3229} INFO - Sync 1 DAGs
[2024-09-22T23:33:46.211+0000] {logging_mixin.py:190} INFO - [2024-09-22T23:33:46.211+0000] {dag.py:4156} INFO - Setting next_dagrun for fastapi_communication_dag to 2023-01-01 00:00:00+00:00, run_after=2023-01-01 00:00:00+00:00
[2024-09-22T23:33:46.238+0000] {processor.py:208} INFO - Processing /opt/airflow/dags/fast_api_comms.py took 0.111 seconds
[2024-09-22T23:34:16.333+0000] {processor.py:186} INFO - Started process (PID=1060) to work on /opt/airflow/dags/fast_api_comms.py
[2024-09-22T23:34:16.335+0000] {processor.py:914} INFO - Processing file /opt/airflow/dags/fast_api_comms.py for tasks to queue
[2024-09-22T23:34:16.340+0000] {logging_mixin.py:190} INFO - [2024-09-22T23:34:16.339+0000] {dagbag.py:587} INFO - Filling up the DagBag from /opt/airflow/dags/fast_api_comms.py
[2024-09-22T23:34:16.357+0000] {processor.py:925} INFO - DAG(s) 'fastapi_communication_dag' retrieved from /opt/airflow/dags/fast_api_comms.py
[2024-09-22T23:34:16.384+0000] {logging_mixin.py:190} INFO - [2024-09-22T23:34:16.384+0000] {dag.py:3229} INFO - Sync 1 DAGs
[2024-09-22T23:34:16.414+0000] {logging_mixin.py:190} INFO - [2024-09-22T23:34:16.414+0000] {dag.py:4156} INFO - Setting next_dagrun for fastapi_communication_dag to 2023-01-01 00:00:00+00:00, run_after=2023-01-01 00:00:00+00:00
[2024-09-22T23:34:16.438+0000] {processor.py:208} INFO - Processing /opt/airflow/dags/fast_api_comms.py took 0.115 seconds
[2024-09-22T23:34:46.708+0000] {processor.py:186} INFO - Started process (PID=1123) to work on /opt/airflow/dags/fast_api_comms.py
[2024-09-22T23:34:46.710+0000] {processor.py:914} INFO - Processing file /opt/airflow/dags/fast_api_comms.py for tasks to queue
[2024-09-22T23:34:46.714+0000] {logging_mixin.py:190} INFO - [2024-09-22T23:34:46.713+0000] {dagbag.py:587} INFO - Filling up the DagBag from /opt/airflow/dags/fast_api_comms.py
[2024-09-22T23:34:46.728+0000] {processor.py:925} INFO - DAG(s) 'fastapi_communication_dag' retrieved from /opt/airflow/dags/fast_api_comms.py
[2024-09-22T23:34:46.754+0000] {logging_mixin.py:190} INFO - [2024-09-22T23:34:46.754+0000] {dag.py:3229} INFO - Sync 1 DAGs
[2024-09-22T23:34:46.784+0000] {logging_mixin.py:190} INFO - [2024-09-22T23:34:46.784+0000] {dag.py:4156} INFO - Setting next_dagrun for fastapi_communication_dag to 2023-01-01 00:00:00+00:00, run_after=2023-01-01 00:00:00+00:00
[2024-09-22T23:34:46.808+0000] {processor.py:208} INFO - Processing /opt/airflow/dags/fast_api_comms.py took 0.109 seconds
[2024-09-22T23:35:17.077+0000] {processor.py:186} INFO - Started process (PID=1186) to work on /opt/airflow/dags/fast_api_comms.py
[2024-09-22T23:35:17.078+0000] {processor.py:914} INFO - Processing file /opt/airflow/dags/fast_api_comms.py for tasks to queue
[2024-09-22T23:35:17.082+0000] {logging_mixin.py:190} INFO - [2024-09-22T23:35:17.081+0000] {dagbag.py:587} INFO - Filling up the DagBag from /opt/airflow/dags/fast_api_comms.py
[2024-09-22T23:35:17.096+0000] {processor.py:925} INFO - DAG(s) 'fastapi_communication_dag' retrieved from /opt/airflow/dags/fast_api_comms.py
[2024-09-22T23:35:17.122+0000] {logging_mixin.py:190} INFO - [2024-09-22T23:35:17.122+0000] {dag.py:3229} INFO - Sync 1 DAGs
[2024-09-22T23:35:17.153+0000] {logging_mixin.py:190} INFO - [2024-09-22T23:35:17.153+0000] {dag.py:4156} INFO - Setting next_dagrun for fastapi_communication_dag to 2023-01-01 00:00:00+00:00, run_after=2023-01-01 00:00:00+00:00
[2024-09-22T23:35:17.176+0000] {processor.py:208} INFO - Processing /opt/airflow/dags/fast_api_comms.py took 0.108 seconds
[2024-09-22T23:35:47.484+0000] {processor.py:186} INFO - Started process (PID=1249) to work on /opt/airflow/dags/fast_api_comms.py
[2024-09-22T23:35:47.486+0000] {processor.py:914} INFO - Processing file /opt/airflow/dags/fast_api_comms.py for tasks to queue
[2024-09-22T23:35:47.490+0000] {logging_mixin.py:190} INFO - [2024-09-22T23:35:47.489+0000] {dagbag.py:587} INFO - Filling up the DagBag from /opt/airflow/dags/fast_api_comms.py
[2024-09-22T23:35:47.504+0000] {processor.py:925} INFO - DAG(s) 'fastapi_communication_dag' retrieved from /opt/airflow/dags/fast_api_comms.py
[2024-09-22T23:35:47.531+0000] {logging_mixin.py:190} INFO - [2024-09-22T23:35:47.531+0000] {dag.py:3229} INFO - Sync 1 DAGs
[2024-09-22T23:35:47.565+0000] {logging_mixin.py:190} INFO - [2024-09-22T23:35:47.564+0000] {dag.py:4156} INFO - Setting next_dagrun for fastapi_communication_dag to 2023-01-01 00:00:00+00:00, run_after=2023-01-01 00:00:00+00:00
[2024-09-22T23:35:47.590+0000] {processor.py:208} INFO - Processing /opt/airflow/dags/fast_api_comms.py took 0.116 seconds
[2024-09-22T23:36:18.583+0000] {processor.py:186} INFO - Started process (PID=1312) to work on /opt/airflow/dags/fast_api_comms.py
[2024-09-22T23:36:18.584+0000] {processor.py:914} INFO - Processing file /opt/airflow/dags/fast_api_comms.py for tasks to queue
[2024-09-22T23:36:18.587+0000] {logging_mixin.py:190} INFO - [2024-09-22T23:36:18.587+0000] {dagbag.py:587} INFO - Filling up the DagBag from /opt/airflow/dags/fast_api_comms.py
[2024-09-22T23:36:18.603+0000] {processor.py:925} INFO - DAG(s) 'fastapi_communication_dag' retrieved from /opt/airflow/dags/fast_api_comms.py
[2024-09-22T23:36:18.633+0000] {logging_mixin.py:190} INFO - [2024-09-22T23:36:18.633+0000] {dag.py:3229} INFO - Sync 1 DAGs
[2024-09-22T23:36:18.668+0000] {logging_mixin.py:190} INFO - [2024-09-22T23:36:18.667+0000] {dag.py:4156} INFO - Setting next_dagrun for fastapi_communication_dag to 2023-01-01 00:00:00+00:00, run_after=2023-01-01 00:00:00+00:00
[2024-09-22T23:36:18.694+0000] {processor.py:208} INFO - Processing /opt/airflow/dags/fast_api_comms.py took 0.120 seconds
[2024-09-22T23:36:49.322+0000] {processor.py:186} INFO - Started process (PID=1370) to work on /opt/airflow/dags/fast_api_comms.py
[2024-09-22T23:36:49.324+0000] {processor.py:914} INFO - Processing file /opt/airflow/dags/fast_api_comms.py for tasks to queue
[2024-09-22T23:36:49.328+0000] {logging_mixin.py:190} INFO - [2024-09-22T23:36:49.328+0000] {dagbag.py:587} INFO - Filling up the DagBag from /opt/airflow/dags/fast_api_comms.py
[2024-09-22T23:36:49.342+0000] {processor.py:925} INFO - DAG(s) 'fastapi_communication_dag' retrieved from /opt/airflow/dags/fast_api_comms.py
[2024-09-22T23:36:49.371+0000] {logging_mixin.py:190} INFO - [2024-09-22T23:36:49.370+0000] {dag.py:3229} INFO - Sync 1 DAGs
[2024-09-22T23:36:49.402+0000] {logging_mixin.py:190} INFO - [2024-09-22T23:36:49.401+0000] {dag.py:4156} INFO - Setting next_dagrun for fastapi_communication_dag to 2023-01-01 00:00:00+00:00, run_after=2023-01-01 00:00:00+00:00
[2024-09-22T23:36:49.426+0000] {processor.py:208} INFO - Processing /opt/airflow/dags/fast_api_comms.py took 0.113 seconds
[2024-09-22T23:37:19.834+0000] {processor.py:186} INFO - Started process (PID=1428) to work on /opt/airflow/dags/fast_api_comms.py
[2024-09-22T23:37:19.836+0000] {processor.py:914} INFO - Processing file /opt/airflow/dags/fast_api_comms.py for tasks to queue
[2024-09-22T23:37:19.840+0000] {logging_mixin.py:190} INFO - [2024-09-22T23:37:19.840+0000] {dagbag.py:587} INFO - Filling up the DagBag from /opt/airflow/dags/fast_api_comms.py
[2024-09-22T23:37:19.859+0000] {processor.py:925} INFO - DAG(s) 'fastapi_communication_dag' retrieved from /opt/airflow/dags/fast_api_comms.py
[2024-09-22T23:37:19.894+0000] {logging_mixin.py:190} INFO - [2024-09-22T23:37:19.893+0000] {dag.py:3229} INFO - Sync 1 DAGs
[2024-09-22T23:37:19.940+0000] {logging_mixin.py:190} INFO - [2024-09-22T23:37:19.938+0000] {dag.py:4156} INFO - Setting next_dagrun for fastapi_communication_dag to 2023-01-01 00:00:00+00:00, run_after=2023-01-01 00:00:00+00:00
[2024-09-22T23:37:19.973+0000] {processor.py:208} INFO - Processing /opt/airflow/dags/fast_api_comms.py took 0.151 seconds
[2024-09-22T23:37:50.331+0000] {processor.py:186} INFO - Started process (PID=1488) to work on /opt/airflow/dags/fast_api_comms.py
[2024-09-22T23:37:50.333+0000] {processor.py:914} INFO - Processing file /opt/airflow/dags/fast_api_comms.py for tasks to queue
[2024-09-22T23:37:50.336+0000] {logging_mixin.py:190} INFO - [2024-09-22T23:37:50.336+0000] {dagbag.py:587} INFO - Filling up the DagBag from /opt/airflow/dags/fast_api_comms.py
[2024-09-22T23:37:50.350+0000] {processor.py:925} INFO - DAG(s) 'fastapi_communication_dag' retrieved from /opt/airflow/dags/fast_api_comms.py
[2024-09-22T23:37:50.380+0000] {logging_mixin.py:190} INFO - [2024-09-22T23:37:50.379+0000] {dag.py:3229} INFO - Sync 1 DAGs
[2024-09-22T23:37:50.412+0000] {logging_mixin.py:190} INFO - [2024-09-22T23:37:50.412+0000] {dag.py:4156} INFO - Setting next_dagrun for fastapi_communication_dag to 2023-01-01 00:00:00+00:00, run_after=2023-01-01 00:00:00+00:00
[2024-09-22T23:37:50.436+0000] {processor.py:208} INFO - Processing /opt/airflow/dags/fast_api_comms.py took 0.114 seconds
[2024-09-22T23:38:20.676+0000] {processor.py:186} INFO - Started process (PID=1551) to work on /opt/airflow/dags/fast_api_comms.py
[2024-09-22T23:38:20.677+0000] {processor.py:914} INFO - Processing file /opt/airflow/dags/fast_api_comms.py for tasks to queue
[2024-09-22T23:38:20.680+0000] {logging_mixin.py:190} INFO - [2024-09-22T23:38:20.680+0000] {dagbag.py:587} INFO - Filling up the DagBag from /opt/airflow/dags/fast_api_comms.py
[2024-09-22T23:38:20.693+0000] {processor.py:925} INFO - DAG(s) 'fastapi_communication_dag' retrieved from /opt/airflow/dags/fast_api_comms.py
[2024-09-22T23:38:20.719+0000] {logging_mixin.py:190} INFO - [2024-09-22T23:38:20.719+0000] {dag.py:3229} INFO - Sync 1 DAGs
[2024-09-22T23:38:20.750+0000] {logging_mixin.py:190} INFO - [2024-09-22T23:38:20.750+0000] {dag.py:4156} INFO - Setting next_dagrun for fastapi_communication_dag to 2023-01-01 00:00:00+00:00, run_after=2023-01-01 00:00:00+00:00
[2024-09-22T23:38:20.773+0000] {processor.py:208} INFO - Processing /opt/airflow/dags/fast_api_comms.py took 0.106 seconds
[2024-09-22T23:38:51.439+0000] {processor.py:186} INFO - Started process (PID=1614) to work on /opt/airflow/dags/fast_api_comms.py
[2024-09-22T23:38:51.440+0000] {processor.py:914} INFO - Processing file /opt/airflow/dags/fast_api_comms.py for tasks to queue
[2024-09-22T23:38:51.444+0000] {logging_mixin.py:190} INFO - [2024-09-22T23:38:51.443+0000] {dagbag.py:587} INFO - Filling up the DagBag from /opt/airflow/dags/fast_api_comms.py
[2024-09-22T23:38:51.457+0000] {processor.py:925} INFO - DAG(s) 'fastapi_communication_dag' retrieved from /opt/airflow/dags/fast_api_comms.py
[2024-09-22T23:38:51.483+0000] {logging_mixin.py:190} INFO - [2024-09-22T23:38:51.482+0000] {dag.py:3229} INFO - Sync 1 DAGs
[2024-09-22T23:38:51.513+0000] {logging_mixin.py:190} INFO - [2024-09-22T23:38:51.512+0000] {dag.py:4156} INFO - Setting next_dagrun for fastapi_communication_dag to 2023-01-01 00:00:00+00:00, run_after=2023-01-01 00:00:00+00:00
[2024-09-22T23:38:51.535+0000] {processor.py:208} INFO - Processing /opt/airflow/dags/fast_api_comms.py took 0.105 seconds
[2024-09-22T23:39:22.196+0000] {processor.py:186} INFO - Started process (PID=1677) to work on /opt/airflow/dags/fast_api_comms.py
[2024-09-22T23:39:22.197+0000] {processor.py:914} INFO - Processing file /opt/airflow/dags/fast_api_comms.py for tasks to queue
[2024-09-22T23:39:22.200+0000] {logging_mixin.py:190} INFO - [2024-09-22T23:39:22.200+0000] {dagbag.py:587} INFO - Filling up the DagBag from /opt/airflow/dags/fast_api_comms.py
[2024-09-22T23:39:22.214+0000] {processor.py:925} INFO - DAG(s) 'fastapi_communication_dag' retrieved from /opt/airflow/dags/fast_api_comms.py
[2024-09-22T23:39:22.240+0000] {logging_mixin.py:190} INFO - [2024-09-22T23:39:22.239+0000] {dag.py:3229} INFO - Sync 1 DAGs
[2024-09-22T23:39:22.270+0000] {logging_mixin.py:190} INFO - [2024-09-22T23:39:22.270+0000] {dag.py:4156} INFO - Setting next_dagrun for fastapi_communication_dag to 2023-01-01 00:00:00+00:00, run_after=2023-01-01 00:00:00+00:00
[2024-09-22T23:39:22.292+0000] {processor.py:208} INFO - Processing /opt/airflow/dags/fast_api_comms.py took 0.104 seconds
[2024-09-22T23:39:52.371+0000] {processor.py:186} INFO - Started process (PID=1740) to work on /opt/airflow/dags/fast_api_comms.py
[2024-09-22T23:39:52.375+0000] {processor.py:914} INFO - Processing file /opt/airflow/dags/fast_api_comms.py for tasks to queue
[2024-09-22T23:39:52.379+0000] {logging_mixin.py:190} INFO - [2024-09-22T23:39:52.379+0000] {dagbag.py:587} INFO - Filling up the DagBag from /opt/airflow/dags/fast_api_comms.py
[2024-09-22T23:39:52.398+0000] {processor.py:925} INFO - DAG(s) 'fastapi_communication_dag' retrieved from /opt/airflow/dags/fast_api_comms.py
[2024-09-22T23:39:52.433+0000] {logging_mixin.py:190} INFO - [2024-09-22T23:39:52.432+0000] {dag.py:3229} INFO - Sync 1 DAGs
[2024-09-22T23:39:52.465+0000] {logging_mixin.py:190} INFO - [2024-09-22T23:39:52.465+0000] {dag.py:4156} INFO - Setting next_dagrun for fastapi_communication_dag to 2023-01-01 00:00:00+00:00, run_after=2023-01-01 00:00:00+00:00
[2024-09-22T23:39:52.491+0000] {processor.py:208} INFO - Processing /opt/airflow/dags/fast_api_comms.py took 0.133 seconds
[2024-09-22T23:40:22.566+0000] {processor.py:186} INFO - Started process (PID=1795) to work on /opt/airflow/dags/fast_api_comms.py
[2024-09-22T23:40:22.567+0000] {processor.py:914} INFO - Processing file /opt/airflow/dags/fast_api_comms.py for tasks to queue
[2024-09-22T23:40:22.571+0000] {logging_mixin.py:190} INFO - [2024-09-22T23:40:22.570+0000] {dagbag.py:587} INFO - Filling up the DagBag from /opt/airflow/dags/fast_api_comms.py
[2024-09-22T23:40:22.585+0000] {processor.py:925} INFO - DAG(s) 'fastapi_communication_dag' retrieved from /opt/airflow/dags/fast_api_comms.py
[2024-09-22T23:40:22.615+0000] {logging_mixin.py:190} INFO - [2024-09-22T23:40:22.614+0000] {dag.py:3229} INFO - Sync 1 DAGs
[2024-09-22T23:40:22.649+0000] {logging_mixin.py:190} INFO - [2024-09-22T23:40:22.648+0000] {dag.py:4156} INFO - Setting next_dagrun for fastapi_communication_dag to 2023-01-01 00:00:00+00:00, run_after=2023-01-01 00:00:00+00:00
[2024-09-22T23:40:22.678+0000] {processor.py:208} INFO - Processing /opt/airflow/dags/fast_api_comms.py took 0.121 seconds
[2024-09-22T23:40:52.776+0000] {processor.py:186} INFO - Started process (PID=1858) to work on /opt/airflow/dags/fast_api_comms.py
[2024-09-22T23:40:52.778+0000] {processor.py:914} INFO - Processing file /opt/airflow/dags/fast_api_comms.py for tasks to queue
[2024-09-22T23:40:52.781+0000] {logging_mixin.py:190} INFO - [2024-09-22T23:40:52.780+0000] {dagbag.py:587} INFO - Filling up the DagBag from /opt/airflow/dags/fast_api_comms.py
[2024-09-22T23:40:52.795+0000] {processor.py:925} INFO - DAG(s) 'fastapi_communication_dag' retrieved from /opt/airflow/dags/fast_api_comms.py
[2024-09-22T23:40:52.822+0000] {logging_mixin.py:190} INFO - [2024-09-22T23:40:52.822+0000] {dag.py:3229} INFO - Sync 1 DAGs
[2024-09-22T23:40:52.852+0000] {logging_mixin.py:190} INFO - [2024-09-22T23:40:52.852+0000] {dag.py:4156} INFO - Setting next_dagrun for fastapi_communication_dag to 2023-01-01 00:00:00+00:00, run_after=2023-01-01 00:00:00+00:00
[2024-09-22T23:40:52.879+0000] {processor.py:208} INFO - Processing /opt/airflow/dags/fast_api_comms.py took 0.111 seconds
[2024-09-22T23:41:23.287+0000] {processor.py:186} INFO - Started process (PID=1921) to work on /opt/airflow/dags/fast_api_comms.py
[2024-09-22T23:41:23.289+0000] {processor.py:914} INFO - Processing file /opt/airflow/dags/fast_api_comms.py for tasks to queue
[2024-09-22T23:41:23.294+0000] {logging_mixin.py:190} INFO - [2024-09-22T23:41:23.293+0000] {dagbag.py:587} INFO - Filling up the DagBag from /opt/airflow/dags/fast_api_comms.py
[2024-09-22T23:41:23.307+0000] {processor.py:925} INFO - DAG(s) 'fastapi_communication_dag' retrieved from /opt/airflow/dags/fast_api_comms.py
[2024-09-22T23:41:23.334+0000] {logging_mixin.py:190} INFO - [2024-09-22T23:41:23.334+0000] {dag.py:3229} INFO - Sync 1 DAGs
[2024-09-22T23:41:23.635+0000] {logging_mixin.py:190} INFO - [2024-09-22T23:41:23.635+0000] {dag.py:4156} INFO - Setting next_dagrun for fastapi_communication_dag to 2023-01-01 00:00:00+00:00, run_after=2023-01-01 00:00:00+00:00
[2024-09-22T23:41:23.659+0000] {processor.py:208} INFO - Processing /opt/airflow/dags/fast_api_comms.py took 0.381 seconds
[2024-09-22T23:41:53.773+0000] {processor.py:186} INFO - Started process (PID=1984) to work on /opt/airflow/dags/fast_api_comms.py
[2024-09-22T23:41:53.775+0000] {processor.py:914} INFO - Processing file /opt/airflow/dags/fast_api_comms.py for tasks to queue
[2024-09-22T23:41:53.778+0000] {logging_mixin.py:190} INFO - [2024-09-22T23:41:53.777+0000] {dagbag.py:587} INFO - Filling up the DagBag from /opt/airflow/dags/fast_api_comms.py
[2024-09-22T23:41:53.792+0000] {processor.py:925} INFO - DAG(s) 'fastapi_communication_dag' retrieved from /opt/airflow/dags/fast_api_comms.py
[2024-09-22T23:41:53.818+0000] {logging_mixin.py:190} INFO - [2024-09-22T23:41:53.818+0000] {dag.py:3229} INFO - Sync 1 DAGs
[2024-09-22T23:41:53.849+0000] {logging_mixin.py:190} INFO - [2024-09-22T23:41:53.849+0000] {dag.py:4156} INFO - Setting next_dagrun for fastapi_communication_dag to 2023-01-01 00:00:00+00:00, run_after=2023-01-01 00:00:00+00:00
[2024-09-22T23:41:54.152+0000] {processor.py:208} INFO - Processing /opt/airflow/dags/fast_api_comms.py took 0.387 seconds
[2024-09-22T23:42:24.786+0000] {processor.py:186} INFO - Started process (PID=2047) to work on /opt/airflow/dags/fast_api_comms.py
[2024-09-22T23:42:24.788+0000] {processor.py:914} INFO - Processing file /opt/airflow/dags/fast_api_comms.py for tasks to queue
[2024-09-22T23:42:24.792+0000] {logging_mixin.py:190} INFO - [2024-09-22T23:42:24.791+0000] {dagbag.py:587} INFO - Filling up the DagBag from /opt/airflow/dags/fast_api_comms.py
[2024-09-22T23:42:24.805+0000] {processor.py:925} INFO - DAG(s) 'fastapi_communication_dag' retrieved from /opt/airflow/dags/fast_api_comms.py
[2024-09-22T23:42:24.835+0000] {logging_mixin.py:190} INFO - [2024-09-22T23:42:24.835+0000] {dag.py:3229} INFO - Sync 1 DAGs
[2024-09-22T23:42:24.872+0000] {logging_mixin.py:190} INFO - [2024-09-22T23:42:24.872+0000] {dag.py:4156} INFO - Setting next_dagrun for fastapi_communication_dag to 2023-01-01 00:00:00+00:00, run_after=2023-01-01 00:00:00+00:00
[2024-09-22T23:42:24.896+0000] {processor.py:208} INFO - Processing /opt/airflow/dags/fast_api_comms.py took 0.120 seconds
[2024-09-22T23:42:55.205+0000] {processor.py:186} INFO - Started process (PID=2110) to work on /opt/airflow/dags/fast_api_comms.py
[2024-09-22T23:42:55.209+0000] {processor.py:914} INFO - Processing file /opt/airflow/dags/fast_api_comms.py for tasks to queue
[2024-09-22T23:42:55.216+0000] {logging_mixin.py:190} INFO - [2024-09-22T23:42:55.215+0000] {dagbag.py:587} INFO - Filling up the DagBag from /opt/airflow/dags/fast_api_comms.py
[2024-09-22T23:42:55.234+0000] {processor.py:925} INFO - DAG(s) 'fastapi_communication_dag' retrieved from /opt/airflow/dags/fast_api_comms.py
[2024-09-22T23:42:55.269+0000] {logging_mixin.py:190} INFO - [2024-09-22T23:42:55.269+0000] {dag.py:3229} INFO - Sync 1 DAGs
[2024-09-22T23:42:55.311+0000] {logging_mixin.py:190} INFO - [2024-09-22T23:42:55.310+0000] {dag.py:4156} INFO - Setting next_dagrun for fastapi_communication_dag to 2023-01-01 00:00:00+00:00, run_after=2023-01-01 00:00:00+00:00
[2024-09-22T23:42:55.347+0000] {processor.py:208} INFO - Processing /opt/airflow/dags/fast_api_comms.py took 0.155 seconds
[2024-09-22T23:43:26.192+0000] {processor.py:186} INFO - Started process (PID=2174) to work on /opt/airflow/dags/fast_api_comms.py
[2024-09-22T23:43:26.195+0000] {processor.py:914} INFO - Processing file /opt/airflow/dags/fast_api_comms.py for tasks to queue
[2024-09-22T23:43:26.203+0000] {logging_mixin.py:190} INFO - [2024-09-22T23:43:26.201+0000] {dagbag.py:587} INFO - Filling up the DagBag from /opt/airflow/dags/fast_api_comms.py
[2024-09-22T23:43:26.226+0000] {processor.py:925} INFO - DAG(s) 'fastapi_communication_dag' retrieved from /opt/airflow/dags/fast_api_comms.py
[2024-09-22T23:43:26.262+0000] {logging_mixin.py:190} INFO - [2024-09-22T23:43:26.261+0000] {dag.py:3229} INFO - Sync 1 DAGs
[2024-09-22T23:43:26.297+0000] {logging_mixin.py:190} INFO - [2024-09-22T23:43:26.297+0000] {dag.py:4156} INFO - Setting next_dagrun for fastapi_communication_dag to 2023-01-01 00:00:00+00:00, run_after=2023-01-01 00:00:00+00:00
[2024-09-22T23:43:26.322+0000] {processor.py:208} INFO - Processing /opt/airflow/dags/fast_api_comms.py took 0.146 seconds
[2024-09-22T23:43:56.946+0000] {processor.py:186} INFO - Started process (PID=2237) to work on /opt/airflow/dags/fast_api_comms.py
[2024-09-22T23:43:56.948+0000] {processor.py:914} INFO - Processing file /opt/airflow/dags/fast_api_comms.py for tasks to queue
[2024-09-22T23:43:56.952+0000] {logging_mixin.py:190} INFO - [2024-09-22T23:43:56.951+0000] {dagbag.py:587} INFO - Filling up the DagBag from /opt/airflow/dags/fast_api_comms.py
[2024-09-22T23:43:56.966+0000] {processor.py:925} INFO - DAG(s) 'fastapi_communication_dag' retrieved from /opt/airflow/dags/fast_api_comms.py
[2024-09-22T23:43:56.997+0000] {logging_mixin.py:190} INFO - [2024-09-22T23:43:56.997+0000] {dag.py:3229} INFO - Sync 1 DAGs
[2024-09-22T23:43:57.031+0000] {logging_mixin.py:190} INFO - [2024-09-22T23:43:57.031+0000] {dag.py:4156} INFO - Setting next_dagrun for fastapi_communication_dag to 2023-01-01 00:00:00+00:00, run_after=2023-01-01 00:00:00+00:00
[2024-09-22T23:43:57.058+0000] {processor.py:208} INFO - Processing /opt/airflow/dags/fast_api_comms.py took 0.125 seconds
[2024-09-22T23:44:27.341+0000] {processor.py:186} INFO - Started process (PID=2300) to work on /opt/airflow/dags/fast_api_comms.py
[2024-09-22T23:44:27.343+0000] {processor.py:914} INFO - Processing file /opt/airflow/dags/fast_api_comms.py for tasks to queue
[2024-09-22T23:44:27.347+0000] {logging_mixin.py:190} INFO - [2024-09-22T23:44:27.347+0000] {dagbag.py:587} INFO - Filling up the DagBag from /opt/airflow/dags/fast_api_comms.py
[2024-09-22T23:44:27.361+0000] {processor.py:925} INFO - DAG(s) 'fastapi_communication_dag' retrieved from /opt/airflow/dags/fast_api_comms.py
[2024-09-22T23:44:27.388+0000] {logging_mixin.py:190} INFO - [2024-09-22T23:44:27.388+0000] {dag.py:3229} INFO - Sync 1 DAGs
[2024-09-22T23:44:27.419+0000] {logging_mixin.py:190} INFO - [2024-09-22T23:44:27.419+0000] {dag.py:4156} INFO - Setting next_dagrun for fastapi_communication_dag to 2023-01-01 00:00:00+00:00, run_after=2023-01-01 00:00:00+00:00
[2024-09-22T23:44:27.443+0000] {processor.py:208} INFO - Processing /opt/airflow/dags/fast_api_comms.py took 0.112 seconds
[2024-09-22T23:46:50.872+0000] {processor.py:186} INFO - Started process (PID=64) to work on /opt/airflow/dags/fast_api_comms.py
[2024-09-22T23:46:50.877+0000] {processor.py:914} INFO - Processing file /opt/airflow/dags/fast_api_comms.py for tasks to queue
[2024-09-22T23:46:50.883+0000] {logging_mixin.py:190} INFO - [2024-09-22T23:46:50.882+0000] {dagbag.py:587} INFO - Filling up the DagBag from /opt/airflow/dags/fast_api_comms.py
[2024-09-22T23:46:50.962+0000] {processor.py:925} INFO - DAG(s) 'fastapi_communication_dag' retrieved from /opt/airflow/dags/fast_api_comms.py
[2024-09-22T23:46:51.048+0000] {logging_mixin.py:190} INFO - [2024-09-22T23:46:51.047+0000] {dag.py:3229} INFO - Sync 1 DAGs
[2024-09-22T23:46:51.109+0000] {logging_mixin.py:190} INFO - [2024-09-22T23:46:51.108+0000] {dag.py:4156} INFO - Setting next_dagrun for fastapi_communication_dag to 2023-01-01 00:00:00+00:00, run_after=2023-01-01 00:00:00+00:00
[2024-09-22T23:46:51.143+0000] {processor.py:208} INFO - Processing /opt/airflow/dags/fast_api_comms.py took 0.291 seconds
[2024-09-22T23:47:21.606+0000] {processor.py:186} INFO - Started process (PID=126) to work on /opt/airflow/dags/fast_api_comms.py
[2024-09-22T23:47:21.607+0000] {processor.py:914} INFO - Processing file /opt/airflow/dags/fast_api_comms.py for tasks to queue
[2024-09-22T23:47:21.611+0000] {logging_mixin.py:190} INFO - [2024-09-22T23:47:21.610+0000] {dagbag.py:587} INFO - Filling up the DagBag from /opt/airflow/dags/fast_api_comms.py
[2024-09-22T23:47:21.627+0000] {processor.py:925} INFO - DAG(s) 'fastapi_communication_dag' retrieved from /opt/airflow/dags/fast_api_comms.py
[2024-09-22T23:47:21.660+0000] {logging_mixin.py:190} INFO - [2024-09-22T23:47:21.659+0000] {dag.py:3229} INFO - Sync 1 DAGs
[2024-09-22T23:47:21.699+0000] {logging_mixin.py:190} INFO - [2024-09-22T23:47:21.699+0000] {dag.py:4156} INFO - Setting next_dagrun for fastapi_communication_dag to 2023-01-01 00:00:00+00:00, run_after=2023-01-01 00:00:00+00:00
[2024-09-22T23:47:21.728+0000] {processor.py:208} INFO - Processing /opt/airflow/dags/fast_api_comms.py took 0.133 seconds
[2024-09-22T23:47:52.473+0000] {processor.py:186} INFO - Started process (PID=189) to work on /opt/airflow/dags/fast_api_comms.py
[2024-09-22T23:47:52.476+0000] {processor.py:914} INFO - Processing file /opt/airflow/dags/fast_api_comms.py for tasks to queue
[2024-09-22T23:47:52.480+0000] {logging_mixin.py:190} INFO - [2024-09-22T23:47:52.480+0000] {dagbag.py:587} INFO - Filling up the DagBag from /opt/airflow/dags/fast_api_comms.py
[2024-09-22T23:47:52.500+0000] {processor.py:925} INFO - DAG(s) 'fastapi_communication_dag' retrieved from /opt/airflow/dags/fast_api_comms.py
[2024-09-22T23:47:52.526+0000] {logging_mixin.py:190} INFO - [2024-09-22T23:47:52.526+0000] {dag.py:3229} INFO - Sync 1 DAGs
[2024-09-22T23:47:52.557+0000] {logging_mixin.py:190} INFO - [2024-09-22T23:47:52.557+0000] {dag.py:4156} INFO - Setting next_dagrun for fastapi_communication_dag to 2023-01-01 00:00:00+00:00, run_after=2023-01-01 00:00:00+00:00
[2024-09-22T23:47:52.584+0000] {processor.py:208} INFO - Processing /opt/airflow/dags/fast_api_comms.py took 0.125 seconds
[2024-09-22T23:48:22.927+0000] {processor.py:186} INFO - Started process (PID=252) to work on /opt/airflow/dags/fast_api_comms.py
[2024-09-22T23:48:22.928+0000] {processor.py:914} INFO - Processing file /opt/airflow/dags/fast_api_comms.py for tasks to queue
[2024-09-22T23:48:22.933+0000] {logging_mixin.py:190} INFO - [2024-09-22T23:48:22.932+0000] {dagbag.py:587} INFO - Filling up the DagBag from /opt/airflow/dags/fast_api_comms.py
[2024-09-22T23:48:22.947+0000] {processor.py:925} INFO - DAG(s) 'fastapi_communication_dag' retrieved from /opt/airflow/dags/fast_api_comms.py
[2024-09-22T23:48:22.977+0000] {logging_mixin.py:190} INFO - [2024-09-22T23:48:22.977+0000] {dag.py:3229} INFO - Sync 1 DAGs
[2024-09-22T23:48:23.009+0000] {logging_mixin.py:190} INFO - [2024-09-22T23:48:23.008+0000] {dag.py:4156} INFO - Setting next_dagrun for fastapi_communication_dag to 2023-01-01 00:00:00+00:00, run_after=2023-01-01 00:00:00+00:00
[2024-09-22T23:48:23.036+0000] {processor.py:208} INFO - Processing /opt/airflow/dags/fast_api_comms.py took 0.118 seconds
[2024-09-22T23:48:53.432+0000] {processor.py:186} INFO - Started process (PID=315) to work on /opt/airflow/dags/fast_api_comms.py
[2024-09-22T23:48:53.434+0000] {processor.py:914} INFO - Processing file /opt/airflow/dags/fast_api_comms.py for tasks to queue
[2024-09-22T23:48:53.440+0000] {logging_mixin.py:190} INFO - [2024-09-22T23:48:53.439+0000] {dagbag.py:587} INFO - Filling up the DagBag from /opt/airflow/dags/fast_api_comms.py
[2024-09-22T23:48:53.459+0000] {processor.py:925} INFO - DAG(s) 'fastapi_communication_dag' retrieved from /opt/airflow/dags/fast_api_comms.py
[2024-09-22T23:48:53.490+0000] {logging_mixin.py:190} INFO - [2024-09-22T23:48:53.489+0000] {dag.py:3229} INFO - Sync 1 DAGs
[2024-09-22T23:48:53.529+0000] {logging_mixin.py:190} INFO - [2024-09-22T23:48:53.529+0000] {dag.py:4156} INFO - Setting next_dagrun for fastapi_communication_dag to 2023-01-01 00:00:00+00:00, run_after=2023-01-01 00:00:00+00:00
[2024-09-22T23:48:53.555+0000] {processor.py:208} INFO - Processing /opt/airflow/dags/fast_api_comms.py took 0.137 seconds
[2024-09-22T23:49:24.024+0000] {processor.py:186} INFO - Started process (PID=378) to work on /opt/airflow/dags/fast_api_comms.py
[2024-09-22T23:49:24.028+0000] {processor.py:914} INFO - Processing file /opt/airflow/dags/fast_api_comms.py for tasks to queue
[2024-09-22T23:49:24.036+0000] {logging_mixin.py:190} INFO - [2024-09-22T23:49:24.035+0000] {dagbag.py:587} INFO - Filling up the DagBag from /opt/airflow/dags/fast_api_comms.py
[2024-09-22T23:49:24.063+0000] {processor.py:925} INFO - DAG(s) 'fastapi_communication_dag' retrieved from /opt/airflow/dags/fast_api_comms.py
[2024-09-22T23:49:24.109+0000] {logging_mixin.py:190} INFO - [2024-09-22T23:49:24.109+0000] {dag.py:3229} INFO - Sync 1 DAGs
[2024-09-22T23:49:24.150+0000] {logging_mixin.py:190} INFO - [2024-09-22T23:49:24.150+0000] {dag.py:4156} INFO - Setting next_dagrun for fastapi_communication_dag to None, run_after=None
[2024-09-22T23:49:24.175+0000] {processor.py:208} INFO - Processing /opt/airflow/dags/fast_api_comms.py took 0.170 seconds
[2024-09-22T23:49:54.553+0000] {processor.py:186} INFO - Started process (PID=441) to work on /opt/airflow/dags/fast_api_comms.py
[2024-09-22T23:49:54.555+0000] {processor.py:914} INFO - Processing file /opt/airflow/dags/fast_api_comms.py for tasks to queue
[2024-09-22T23:49:54.559+0000] {logging_mixin.py:190} INFO - [2024-09-22T23:49:54.559+0000] {dagbag.py:587} INFO - Filling up the DagBag from /opt/airflow/dags/fast_api_comms.py
[2024-09-22T23:49:54.574+0000] {processor.py:925} INFO - DAG(s) 'fastapi_communication_dag' retrieved from /opt/airflow/dags/fast_api_comms.py
[2024-09-22T23:49:54.602+0000] {logging_mixin.py:190} INFO - [2024-09-22T23:49:54.602+0000] {dag.py:3229} INFO - Sync 1 DAGs
[2024-09-22T23:49:54.640+0000] {logging_mixin.py:190} INFO - [2024-09-22T23:49:54.640+0000] {dag.py:4156} INFO - Setting next_dagrun for fastapi_communication_dag to None, run_after=None
[2024-09-22T23:49:54.665+0000] {processor.py:208} INFO - Processing /opt/airflow/dags/fast_api_comms.py took 0.122 seconds
[2024-09-22T23:50:25.201+0000] {processor.py:186} INFO - Started process (PID=504) to work on /opt/airflow/dags/fast_api_comms.py
[2024-09-22T23:50:25.203+0000] {processor.py:914} INFO - Processing file /opt/airflow/dags/fast_api_comms.py for tasks to queue
[2024-09-22T23:50:25.207+0000] {logging_mixin.py:190} INFO - [2024-09-22T23:50:25.207+0000] {dagbag.py:587} INFO - Filling up the DagBag from /opt/airflow/dags/fast_api_comms.py
[2024-09-22T23:50:25.221+0000] {processor.py:925} INFO - DAG(s) 'fastapi_communication_dag' retrieved from /opt/airflow/dags/fast_api_comms.py
[2024-09-22T23:50:25.254+0000] {logging_mixin.py:190} INFO - [2024-09-22T23:50:25.253+0000] {dag.py:3229} INFO - Sync 1 DAGs
[2024-09-22T23:50:25.286+0000] {logging_mixin.py:190} INFO - [2024-09-22T23:50:25.285+0000] {dag.py:4156} INFO - Setting next_dagrun for fastapi_communication_dag to None, run_after=None
[2024-09-22T23:50:25.313+0000] {processor.py:208} INFO - Processing /opt/airflow/dags/fast_api_comms.py took 0.123 seconds
[2024-09-22T23:50:55.528+0000] {processor.py:186} INFO - Started process (PID=567) to work on /opt/airflow/dags/fast_api_comms.py
[2024-09-22T23:50:55.538+0000] {processor.py:914} INFO - Processing file /opt/airflow/dags/fast_api_comms.py for tasks to queue
[2024-09-22T23:50:55.542+0000] {logging_mixin.py:190} INFO - [2024-09-22T23:50:55.542+0000] {dagbag.py:587} INFO - Filling up the DagBag from /opt/airflow/dags/fast_api_comms.py
[2024-09-22T23:50:55.557+0000] {processor.py:925} INFO - DAG(s) 'fastapi_communication_dag' retrieved from /opt/airflow/dags/fast_api_comms.py
[2024-09-22T23:50:55.588+0000] {logging_mixin.py:190} INFO - [2024-09-22T23:50:55.588+0000] {dag.py:3229} INFO - Sync 1 DAGs
[2024-09-22T23:50:55.622+0000] {logging_mixin.py:190} INFO - [2024-09-22T23:50:55.621+0000] {dag.py:4156} INFO - Setting next_dagrun for fastapi_communication_dag to None, run_after=None
[2024-09-22T23:50:55.649+0000] {processor.py:208} INFO - Processing /opt/airflow/dags/fast_api_comms.py took 0.130 seconds
[2024-09-22T23:51:12.220+0000] {processor.py:186} INFO - Started process (PID=630) to work on /opt/airflow/dags/fast_api_comms.py
[2024-09-22T23:51:12.222+0000] {processor.py:914} INFO - Processing file /opt/airflow/dags/fast_api_comms.py for tasks to queue
[2024-09-22T23:51:12.227+0000] {logging_mixin.py:190} INFO - [2024-09-22T23:51:12.226+0000] {dagbag.py:587} INFO - Filling up the DagBag from /opt/airflow/dags/fast_api_comms.py
[2024-09-22T23:51:12.242+0000] {processor.py:925} INFO - DAG(s) 'fastapi_communication_dag' retrieved from /opt/airflow/dags/fast_api_comms.py
[2024-09-22T23:51:12.275+0000] {logging_mixin.py:190} INFO - [2024-09-22T23:51:12.275+0000] {dag.py:3229} INFO - Sync 1 DAGs
[2024-09-22T23:51:12.311+0000] {logging_mixin.py:190} INFO - [2024-09-22T23:51:12.310+0000] {dag.py:4156} INFO - Setting next_dagrun for fastapi_communication_dag to None, run_after=None
[2024-09-22T23:51:12.340+0000] {processor.py:208} INFO - Processing /opt/airflow/dags/fast_api_comms.py took 0.130 seconds
[2024-09-22T23:51:13.240+0000] {processor.py:186} INFO - Started process (PID=631) to work on /opt/airflow/dags/fast_api_comms.py
[2024-09-22T23:51:13.242+0000] {processor.py:914} INFO - Processing file /opt/airflow/dags/fast_api_comms.py for tasks to queue
[2024-09-22T23:51:13.246+0000] {logging_mixin.py:190} INFO - [2024-09-22T23:51:13.245+0000] {dagbag.py:587} INFO - Filling up the DagBag from /opt/airflow/dags/fast_api_comms.py
[2024-09-22T23:51:13.260+0000] {processor.py:925} INFO - DAG(s) 'fastapi_communication_dag' retrieved from /opt/airflow/dags/fast_api_comms.py
[2024-09-22T23:51:13.292+0000] {logging_mixin.py:190} INFO - [2024-09-22T23:51:13.291+0000] {dag.py:3229} INFO - Sync 1 DAGs
[2024-09-22T23:51:13.327+0000] {logging_mixin.py:190} INFO - [2024-09-22T23:51:13.326+0000] {dag.py:4156} INFO - Setting next_dagrun for fastapi_communication_dag to None, run_after=None
[2024-09-22T23:51:13.354+0000] {processor.py:208} INFO - Processing /opt/airflow/dags/fast_api_comms.py took 0.123 seconds
[2024-09-22T23:51:35.534+0000] {processor.py:186} INFO - Started process (PID=675) to work on /opt/airflow/dags/fast_api_comms.py
[2024-09-22T23:51:35.536+0000] {processor.py:914} INFO - Processing file /opt/airflow/dags/fast_api_comms.py for tasks to queue
[2024-09-22T23:51:35.540+0000] {logging_mixin.py:190} INFO - [2024-09-22T23:51:35.539+0000] {dagbag.py:587} INFO - Filling up the DagBag from /opt/airflow/dags/fast_api_comms.py
[2024-09-22T23:51:35.556+0000] {processor.py:925} INFO - DAG(s) 'fastapi_communication_dag' retrieved from /opt/airflow/dags/fast_api_comms.py
[2024-09-22T23:51:35.585+0000] {logging_mixin.py:190} INFO - [2024-09-22T23:51:35.585+0000] {dag.py:3229} INFO - Sync 1 DAGs
[2024-09-22T23:51:35.618+0000] {logging_mixin.py:190} INFO - [2024-09-22T23:51:35.618+0000] {dag.py:4156} INFO - Setting next_dagrun for fastapi_communication_dag to None, run_after=None
[2024-09-22T23:51:35.644+0000] {processor.py:208} INFO - Processing /opt/airflow/dags/fast_api_comms.py took 0.119 seconds
[2024-09-22T23:51:37.108+0000] {processor.py:186} INFO - Started process (PID=685) to work on /opt/airflow/dags/fast_api_comms.py
[2024-09-22T23:51:37.110+0000] {processor.py:914} INFO - Processing file /opt/airflow/dags/fast_api_comms.py for tasks to queue
[2024-09-22T23:51:37.113+0000] {logging_mixin.py:190} INFO - [2024-09-22T23:51:37.113+0000] {dagbag.py:587} INFO - Filling up the DagBag from /opt/airflow/dags/fast_api_comms.py
[2024-09-22T23:51:37.134+0000] {processor.py:925} INFO - DAG(s) 'fastapi_communication_dag' retrieved from /opt/airflow/dags/fast_api_comms.py
[2024-09-22T23:51:37.167+0000] {logging_mixin.py:190} INFO - [2024-09-22T23:51:37.166+0000] {dag.py:3229} INFO - Sync 1 DAGs
[2024-09-22T23:51:37.207+0000] {logging_mixin.py:190} INFO - [2024-09-22T23:51:37.206+0000] {dag.py:4156} INFO - Setting next_dagrun for fastapi_communication_dag to None, run_after=None
[2024-09-22T23:51:37.239+0000] {processor.py:208} INFO - Processing /opt/airflow/dags/fast_api_comms.py took 0.141 seconds
[2024-09-22T23:52:08.194+0000] {processor.py:186} INFO - Started process (PID=754) to work on /opt/airflow/dags/fast_api_comms.py
[2024-09-22T23:52:08.197+0000] {processor.py:914} INFO - Processing file /opt/airflow/dags/fast_api_comms.py for tasks to queue
[2024-09-22T23:52:08.202+0000] {logging_mixin.py:190} INFO - [2024-09-22T23:52:08.201+0000] {dagbag.py:587} INFO - Filling up the DagBag from /opt/airflow/dags/fast_api_comms.py
[2024-09-22T23:52:08.220+0000] {processor.py:925} INFO - DAG(s) 'fastapi_communication_dag' retrieved from /opt/airflow/dags/fast_api_comms.py
[2024-09-22T23:52:08.252+0000] {logging_mixin.py:190} INFO - [2024-09-22T23:52:08.252+0000] {dag.py:3229} INFO - Sync 1 DAGs
[2024-09-22T23:52:08.295+0000] {logging_mixin.py:190} INFO - [2024-09-22T23:52:08.295+0000] {dag.py:4156} INFO - Setting next_dagrun for fastapi_communication_dag to None, run_after=None
[2024-09-22T23:52:08.323+0000] {processor.py:208} INFO - Processing /opt/airflow/dags/fast_api_comms.py took 0.141 seconds
[2024-09-22T23:52:38.871+0000] {processor.py:186} INFO - Started process (PID=815) to work on /opt/airflow/dags/fast_api_comms.py
[2024-09-22T23:52:38.873+0000] {processor.py:914} INFO - Processing file /opt/airflow/dags/fast_api_comms.py for tasks to queue
[2024-09-22T23:52:38.878+0000] {logging_mixin.py:190} INFO - [2024-09-22T23:52:38.877+0000] {dagbag.py:587} INFO - Filling up the DagBag from /opt/airflow/dags/fast_api_comms.py
[2024-09-22T23:52:38.896+0000] {processor.py:925} INFO - DAG(s) 'fastapi_communication_dag' retrieved from /opt/airflow/dags/fast_api_comms.py
[2024-09-22T23:52:38.926+0000] {logging_mixin.py:190} INFO - [2024-09-22T23:52:38.926+0000] {dag.py:3229} INFO - Sync 1 DAGs
[2024-09-22T23:52:38.957+0000] {logging_mixin.py:190} INFO - [2024-09-22T23:52:38.957+0000] {dag.py:4156} INFO - Setting next_dagrun for fastapi_communication_dag to None, run_after=None
[2024-09-22T23:52:38.979+0000] {processor.py:208} INFO - Processing /opt/airflow/dags/fast_api_comms.py took 0.119 seconds
[2024-09-22T23:53:09.748+0000] {processor.py:186} INFO - Started process (PID=877) to work on /opt/airflow/dags/fast_api_comms.py
[2024-09-22T23:53:09.749+0000] {processor.py:914} INFO - Processing file /opt/airflow/dags/fast_api_comms.py for tasks to queue
[2024-09-22T23:53:09.752+0000] {logging_mixin.py:190} INFO - [2024-09-22T23:53:09.752+0000] {dagbag.py:587} INFO - Filling up the DagBag from /opt/airflow/dags/fast_api_comms.py
[2024-09-22T23:53:09.766+0000] {processor.py:925} INFO - DAG(s) 'fastapi_communication_dag' retrieved from /opt/airflow/dags/fast_api_comms.py
[2024-09-22T23:53:09.795+0000] {logging_mixin.py:190} INFO - [2024-09-22T23:53:09.795+0000] {dag.py:3229} INFO - Sync 1 DAGs
[2024-09-22T23:53:09.828+0000] {logging_mixin.py:190} INFO - [2024-09-22T23:53:09.827+0000] {dag.py:4156} INFO - Setting next_dagrun for fastapi_communication_dag to None, run_after=None
[2024-09-22T23:53:09.853+0000] {processor.py:208} INFO - Processing /opt/airflow/dags/fast_api_comms.py took 0.115 seconds
[2024-09-22T23:53:40.197+0000] {processor.py:186} INFO - Started process (PID=933) to work on /opt/airflow/dags/fast_api_comms.py
[2024-09-22T23:53:40.201+0000] {processor.py:914} INFO - Processing file /opt/airflow/dags/fast_api_comms.py for tasks to queue
[2024-09-22T23:53:40.211+0000] {logging_mixin.py:190} INFO - [2024-09-22T23:53:40.209+0000] {dagbag.py:587} INFO - Filling up the DagBag from /opt/airflow/dags/fast_api_comms.py
[2024-09-22T23:53:40.248+0000] {processor.py:925} INFO - DAG(s) 'fastapi_communication_dag' retrieved from /opt/airflow/dags/fast_api_comms.py
[2024-09-22T23:53:40.314+0000] {logging_mixin.py:190} INFO - [2024-09-22T23:53:40.312+0000] {dag.py:3229} INFO - Sync 1 DAGs
[2024-09-22T23:53:40.395+0000] {logging_mixin.py:190} INFO - [2024-09-22T23:53:40.394+0000] {dag.py:4156} INFO - Setting next_dagrun for fastapi_communication_dag to None, run_after=None
[2024-09-22T23:53:40.445+0000] {processor.py:208} INFO - Processing /opt/airflow/dags/fast_api_comms.py took 0.274 seconds
[2024-09-22T23:54:10.911+0000] {processor.py:186} INFO - Started process (PID=994) to work on /opt/airflow/dags/fast_api_comms.py
[2024-09-22T23:54:10.913+0000] {processor.py:914} INFO - Processing file /opt/airflow/dags/fast_api_comms.py for tasks to queue
[2024-09-22T23:54:10.919+0000] {logging_mixin.py:190} INFO - [2024-09-22T23:54:10.918+0000] {dagbag.py:587} INFO - Filling up the DagBag from /opt/airflow/dags/fast_api_comms.py
[2024-09-22T23:54:10.944+0000] {processor.py:925} INFO - DAG(s) 'fastapi_communication_dag' retrieved from /opt/airflow/dags/fast_api_comms.py
[2024-09-22T23:54:10.982+0000] {logging_mixin.py:190} INFO - [2024-09-22T23:54:10.981+0000] {dag.py:3229} INFO - Sync 1 DAGs
[2024-09-22T23:54:11.027+0000] {logging_mixin.py:190} INFO - [2024-09-22T23:54:11.026+0000] {dag.py:4156} INFO - Setting next_dagrun for fastapi_communication_dag to None, run_after=None
[2024-09-22T23:54:11.059+0000] {processor.py:208} INFO - Processing /opt/airflow/dags/fast_api_comms.py took 0.164 seconds
[2024-09-22T23:54:41.609+0000] {processor.py:186} INFO - Started process (PID=1055) to work on /opt/airflow/dags/fast_api_comms.py
[2024-09-22T23:54:41.611+0000] {processor.py:914} INFO - Processing file /opt/airflow/dags/fast_api_comms.py for tasks to queue
[2024-09-22T23:54:41.615+0000] {logging_mixin.py:190} INFO - [2024-09-22T23:54:41.615+0000] {dagbag.py:587} INFO - Filling up the DagBag from /opt/airflow/dags/fast_api_comms.py
[2024-09-22T23:54:41.630+0000] {processor.py:925} INFO - DAG(s) 'fastapi_communication_dag' retrieved from /opt/airflow/dags/fast_api_comms.py
[2024-09-22T23:54:41.658+0000] {logging_mixin.py:190} INFO - [2024-09-22T23:54:41.658+0000] {dag.py:3229} INFO - Sync 1 DAGs
[2024-09-22T23:54:41.695+0000] {logging_mixin.py:190} INFO - [2024-09-22T23:54:41.694+0000] {dag.py:4156} INFO - Setting next_dagrun for fastapi_communication_dag to None, run_after=None
[2024-09-22T23:54:41.721+0000] {processor.py:208} INFO - Processing /opt/airflow/dags/fast_api_comms.py took 0.122 seconds
[2024-09-22T23:55:12.358+0000] {processor.py:186} INFO - Started process (PID=1117) to work on /opt/airflow/dags/fast_api_comms.py
[2024-09-22T23:55:12.359+0000] {processor.py:914} INFO - Processing file /opt/airflow/dags/fast_api_comms.py for tasks to queue
[2024-09-22T23:55:12.363+0000] {logging_mixin.py:190} INFO - [2024-09-22T23:55:12.362+0000] {dagbag.py:587} INFO - Filling up the DagBag from /opt/airflow/dags/fast_api_comms.py
[2024-09-22T23:55:12.380+0000] {processor.py:925} INFO - DAG(s) 'fastapi_communication_dag' retrieved from /opt/airflow/dags/fast_api_comms.py
[2024-09-22T23:55:12.413+0000] {logging_mixin.py:190} INFO - [2024-09-22T23:55:12.412+0000] {dag.py:3229} INFO - Sync 1 DAGs
[2024-09-22T23:55:12.447+0000] {logging_mixin.py:190} INFO - [2024-09-22T23:55:12.446+0000] {dag.py:4156} INFO - Setting next_dagrun for fastapi_communication_dag to None, run_after=None
[2024-09-22T23:55:12.471+0000] {processor.py:208} INFO - Processing /opt/airflow/dags/fast_api_comms.py took 0.124 seconds
[2024-09-22T23:55:42.637+0000] {processor.py:186} INFO - Started process (PID=1180) to work on /opt/airflow/dags/fast_api_comms.py
[2024-09-22T23:55:42.639+0000] {processor.py:914} INFO - Processing file /opt/airflow/dags/fast_api_comms.py for tasks to queue
[2024-09-22T23:55:42.643+0000] {logging_mixin.py:190} INFO - [2024-09-22T23:55:42.642+0000] {dagbag.py:587} INFO - Filling up the DagBag from /opt/airflow/dags/fast_api_comms.py
[2024-09-22T23:55:42.657+0000] {processor.py:925} INFO - DAG(s) 'fastapi_communication_dag' retrieved from /opt/airflow/dags/fast_api_comms.py
[2024-09-22T23:55:42.685+0000] {logging_mixin.py:190} INFO - [2024-09-22T23:55:42.685+0000] {dag.py:3229} INFO - Sync 1 DAGs
[2024-09-22T23:55:42.718+0000] {logging_mixin.py:190} INFO - [2024-09-22T23:55:42.718+0000] {dag.py:4156} INFO - Setting next_dagrun for fastapi_communication_dag to None, run_after=None
[2024-09-22T23:55:42.744+0000] {processor.py:208} INFO - Processing /opt/airflow/dags/fast_api_comms.py took 0.117 seconds
[2024-09-22T23:57:59.464+0000] {processor.py:186} INFO - Started process (PID=62) to work on /opt/airflow/dags/fast_api_comms.py
[2024-09-22T23:57:59.469+0000] {processor.py:914} INFO - Processing file /opt/airflow/dags/fast_api_comms.py for tasks to queue
[2024-09-22T23:57:59.475+0000] {logging_mixin.py:190} INFO - [2024-09-22T23:57:59.474+0000] {dagbag.py:587} INFO - Filling up the DagBag from /opt/airflow/dags/fast_api_comms.py
[2024-09-22T23:57:59.566+0000] {processor.py:925} INFO - DAG(s) 'fastapi_communication_dag' retrieved from /opt/airflow/dags/fast_api_comms.py
[2024-09-22T23:57:59.671+0000] {logging_mixin.py:190} INFO - [2024-09-22T23:57:59.670+0000] {dag.py:3229} INFO - Sync 1 DAGs
[2024-09-22T23:57:59.729+0000] {logging_mixin.py:190} INFO - [2024-09-22T23:57:59.729+0000] {dag.py:4156} INFO - Setting next_dagrun for fastapi_communication_dag to None, run_after=None
[2024-09-22T23:57:59.765+0000] {processor.py:208} INFO - Processing /opt/airflow/dags/fast_api_comms.py took 0.314 seconds
[2024-09-22T23:58:30.066+0000] {processor.py:186} INFO - Started process (PID=125) to work on /opt/airflow/dags/fast_api_comms.py
[2024-09-22T23:58:30.067+0000] {processor.py:914} INFO - Processing file /opt/airflow/dags/fast_api_comms.py for tasks to queue
[2024-09-22T23:58:30.072+0000] {logging_mixin.py:190} INFO - [2024-09-22T23:58:30.071+0000] {dagbag.py:587} INFO - Filling up the DagBag from /opt/airflow/dags/fast_api_comms.py
[2024-09-22T23:58:30.091+0000] {processor.py:925} INFO - DAG(s) 'fastapi_communication_dag' retrieved from /opt/airflow/dags/fast_api_comms.py
[2024-09-22T23:58:30.127+0000] {logging_mixin.py:190} INFO - [2024-09-22T23:58:30.126+0000] {dag.py:3229} INFO - Sync 1 DAGs
[2024-09-22T23:58:30.160+0000] {logging_mixin.py:190} INFO - [2024-09-22T23:58:30.160+0000] {dag.py:4156} INFO - Setting next_dagrun for fastapi_communication_dag to None, run_after=None
[2024-09-22T23:58:30.186+0000] {processor.py:208} INFO - Processing /opt/airflow/dags/fast_api_comms.py took 0.135 seconds
[2024-09-22T23:59:00.925+0000] {processor.py:186} INFO - Started process (PID=188) to work on /opt/airflow/dags/fast_api_comms.py
[2024-09-22T23:59:00.933+0000] {processor.py:914} INFO - Processing file /opt/airflow/dags/fast_api_comms.py for tasks to queue
[2024-09-22T23:59:00.937+0000] {logging_mixin.py:190} INFO - [2024-09-22T23:59:00.936+0000] {dagbag.py:587} INFO - Filling up the DagBag from /opt/airflow/dags/fast_api_comms.py
[2024-09-22T23:59:00.952+0000] {processor.py:925} INFO - DAG(s) 'fastapi_communication_dag' retrieved from /opt/airflow/dags/fast_api_comms.py
[2024-09-22T23:59:00.984+0000] {logging_mixin.py:190} INFO - [2024-09-22T23:59:00.983+0000] {dag.py:3229} INFO - Sync 1 DAGs
[2024-09-22T23:59:01.015+0000] {logging_mixin.py:190} INFO - [2024-09-22T23:59:01.015+0000] {dag.py:4156} INFO - Setting next_dagrun for fastapi_communication_dag to None, run_after=None
[2024-09-22T23:59:01.038+0000] {processor.py:208} INFO - Processing /opt/airflow/dags/fast_api_comms.py took 0.123 seconds
[2024-09-22T23:59:31.562+0000] {processor.py:186} INFO - Started process (PID=251) to work on /opt/airflow/dags/fast_api_comms.py
[2024-09-22T23:59:31.564+0000] {processor.py:914} INFO - Processing file /opt/airflow/dags/fast_api_comms.py for tasks to queue
[2024-09-22T23:59:31.569+0000] {logging_mixin.py:190} INFO - [2024-09-22T23:59:31.568+0000] {dagbag.py:587} INFO - Filling up the DagBag from /opt/airflow/dags/fast_api_comms.py
[2024-09-22T23:59:31.583+0000] {processor.py:925} INFO - DAG(s) 'fastapi_communication_dag' retrieved from /opt/airflow/dags/fast_api_comms.py
[2024-09-22T23:59:31.617+0000] {logging_mixin.py:190} INFO - [2024-09-22T23:59:31.617+0000] {dag.py:3229} INFO - Sync 1 DAGs
[2024-09-22T23:59:31.650+0000] {logging_mixin.py:190} INFO - [2024-09-22T23:59:31.650+0000] {dag.py:4156} INFO - Setting next_dagrun for fastapi_communication_dag to None, run_after=None
[2024-09-22T23:59:31.674+0000] {processor.py:208} INFO - Processing /opt/airflow/dags/fast_api_comms.py took 0.121 seconds
